Set parameter TokenServer to value "license02.tacc.utexas.edu"
Set parameter LogFile to value "/work/07346/ashukla/ls6/Norta_Results/norta_sm_16_1/0M"
Set parameter MIPGap to value 0.005
Set parameter TimeLimit to value 32400
Set parameter Method to value 2
Gurobi Optimizer version 10.0.2 build v10.0.2rc0 (linux64)

CPU model: AMD EPYC 7763 64-Core Processor, instruction set [SSE2|AVX|AVX2]
Thread count: 128 physical cores, 128 logical processors, using up to 32 threads

Optimize a model with 211803 rows, 77908 columns and 590120 nonzeros
Model fingerprint: 0xa6c36729
Variable types: 55968 continuous, 21940 integer (21578 binary)
Coefficient statistics:
  Matrix range     [1e-03, 1e+05]
  Objective range  [6e-02, 6e-02]
  Bounds range     [1e+00, 3e+00]
  RHS range        [1e-02, 2e+04]
Presolve removed 210926 rows and 76728 columns
Presolve time: 1.54s
Presolved: 877 rows, 1180 columns, 4003 nonzeros
Variable types: 1027 continuous, 153 integer (153 binary)
Found heuristic solution: objective 65.5697854
Root barrier log...

Ordering time: 0.00s

Barrier statistics:
 AA' NZ     : 4.633e+03
 Factor NZ  : 2.108e+04 (roughly 1 MB of memory)
 Factor Ops : 1.020e+06 (less than 1 second per iteration)
 Threads    : 1

                  Objective                Residual
Iter       Primal          Dual         Primal    Dual     Compl     Time
   0  -1.13523019e+03 -7.25363010e+03  1.04e+02 1.68e-01  2.44e+01     2s
   1   5.04410305e+00 -3.99117518e+03  4.42e+00 1.24e-01  2.83e+00     2s
   2   5.12294623e+01 -4.04140391e+02  3.08e-01 2.78e-03  2.56e-01     2s
   3   5.13202136e+01  2.79128431e+00  2.37e-02 1.51e-04  2.53e-02     2s
   4   4.61130662e+01  3.87902849e+01  9.77e-05 4.44e-16  3.72e-03     2s
   5   4.42229010e+01  4.18252635e+01  1.99e-05 4.44e-16  1.22e-03     2s
   6   4.39745930e+01  4.28138103e+01  1.02e-05 2.39e-16  5.90e-04     2s
   7   4.38514865e+01  4.32990247e+01  5.66e-06 2.22e-16  2.81e-04     2s
   8   4.37569849e+01  4.35076113e+01  2.67e-06 2.22e-16  1.27e-04     2s
   9   4.37325832e+01  4.35829753e+01  1.57e-06 2.22e-16  7.61e-05     2s
  10   4.36933528e+01  4.36607983e+01  1.23e-07 4.44e-16  1.65e-05     2s
  11   4.36863780e+01  4.36803475e+01  7.57e-11 2.22e-16  3.06e-06     2s
  12   4.36859678e+01  4.36850227e+01  3.88e-11 4.44e-16  4.80e-07     2s
  13   4.36859033e+01  4.36857306e+01  1.23e-10 2.22e-16  8.77e-08     2s
  14   4.36859010e+01  4.36858955e+01  6.70e-11 2.22e-16  2.76e-09     2s
  15   4.36858998e+01  4.36858998e+01  1.82e-10 4.44e-16  3.31e-12     2s

Barrier solved model in 15 iterations and 1.64 seconds (1.77 work units)
Optimal objective 4.36858998e+01


Root relaxation: objective 4.368590e+01, 9 iterations, 0.02 seconds (0.02 work units)

    Nodes    |    Current Node    |     Objective Bounds      |     Work
 Expl Unexpl |  Obj  Depth IntInf | Incumbent    BestBd   Gap | It/Node Time

     0     0   43.68590    0    3   65.56979   43.68590  33.4%     -    1s
H    0     0                      43.6914769   43.68590  0.01%     -    1s

Explored 1 nodes (9 simplex iterations) in 1.67 seconds (1.78 work units)
Thread count was 32 (of 128 available processors)

Solution count 2: 43.6915 65.5698 

Optimal solution found (tolerance 5.00e-03)
Best objective 4.369147686528e+01, best bound 4.368589982185e+01, gap 0.0128%


*********************************************
*********************************************


Set parameter LogFile to value "/work/07346/ashukla/ls6/Norta_Results/norta_sm_16_1/20M"
Gurobi Optimizer version 10.0.2 build v10.0.2rc0 (linux64)

CPU model: AMD EPYC 7763 64-Core Processor, instruction set [SSE2|AVX|AVX2]
Thread count: 128 physical cores, 128 logical processors, using up to 32 threads

Optimize a model with 211803 rows, 77908 columns and 590120 nonzeros
Model fingerprint: 0x44c5cc3f
Variable types: 55968 continuous, 21940 integer (21578 binary)
Coefficient statistics:
  Matrix range     [1e-03, 1e+05]
  Objective range  [6e-02, 6e-02]
  Bounds range     [1e+00, 3e+00]
  RHS range        [1e-02, 2e+07]

MIP start from previous solve produced solution with objective 43.6915 (0.57s)
MIP start from previous solve produced solution with objective 43.6915 (0.58s)
Loaded MIP start from previous solve with objective 43.6915

Presolve removed 176743 rows and 50604 columns
Presolve time: 1.63s
Presolved: 35060 rows, 27304 columns, 127037 nonzeros
Variable types: 23631 continuous, 3673 integer (3608 binary)
Root barrier log...

Ordering time: 0.31s

Barrier statistics:
 Dense cols : 53
 AA' NZ     : 3.947e+05
 Factor NZ  : 3.242e+06 (roughly 50 MB of memory)
 Factor Ops : 1.509e+09 (less than 1 second per iteration)
 Threads    : 32

                  Objective                Residual
Iter       Primal          Dual         Primal    Dual     Compl     Time
   0  -1.01108526e+06 -2.89698704e+05  5.46e+04 1.68e-01  1.05e+03     3s
   1  -6.28956708e+05 -3.21147027e+05  3.35e+04 3.14e-01  6.52e+02     3s
   2  -2.73123818e+05 -3.97751285e+05  1.31e+04 1.17e-13  3.01e+02     3s
   3  -1.46981416e+04 -3.34778364e+05  7.80e+02 1.39e-13  2.07e+01     3s
   4  -3.17029722e+03 -1.58710449e+05  1.78e+02 4.75e-14  5.41e+00     3s
   5  -6.98617767e+02 -7.59978568e+04  4.68e+01 2.22e-14  1.79e+00     3s
   6  -4.06282125e+02 -3.48947407e+04  3.16e+01 8.83e-15  8.27e-01     3s
   7  -2.43190525e+01 -1.14407715e+04  1.02e+01 6.18e-15  2.39e-01     3s
   8   1.02700088e+02 -2.55839415e+03  1.62e+00 1.60e-15  4.86e-02     3s
   9   8.59911581e+01 -6.57847879e+02  2.04e-02 1.40e-15  1.19e-02     3s
  10   4.88771529e+01 -1.83305010e+02  6.87e-03 7.55e-15  3.68e-03     3s
  11   3.57713762e+01 -9.17793964e+01  3.94e-03 4.00e-15  2.02e-03     3s
  12   2.63766234e+01 -5.27704697e+01  2.20e-03 3.33e-15  1.25e-03     3s
  13   2.15046336e+01 -3.27447714e+01  1.44e-03 2.89e-15  8.55e-04     3s
  14   1.77428186e+01 -1.73192691e+01  8.90e-04 2.00e-15  5.52e-04     3s
  15   1.45374973e+01 -5.06592575e+00  4.62e-04 8.88e-16  3.08e-04     3s
  16   1.29506143e+01  4.17724574e+00  2.79e-04 6.66e-16  1.38e-04     3s
  17   1.20537762e+01  6.80561652e+00  1.87e-04 4.44e-16  8.30e-05     3s
  18   1.14702710e+01  7.58313669e+00  1.26e-04 4.44e-16  6.14e-05     3s
  19   1.11873247e+01  8.34209887e+00  9.70e-05 4.44e-16  4.49e-05     3s
  20   1.08879817e+01  8.43725832e+00  6.70e-05 4.44e-16  3.86e-05     3s
  21   1.06231411e+01  9.46872587e+00  4.07e-05 4.44e-16  1.82e-05     3s
  22   1.04598974e+01  9.76310580e+00  2.49e-05 4.44e-16  1.10e-05     3s
  23   1.03727699e+01  9.92761709e+00  1.65e-05 4.44e-16  7.04e-06     3s
  24   1.02783051e+01  1.00121745e+01  7.68e-06 3.22e-16  4.20e-06     3s
  25   1.02565940e+01  1.00518319e+01  5.66e-06 2.22e-16  3.23e-06     3s
  26   1.02255117e+01  1.01109501e+01  2.67e-06 4.44e-16  1.80e-06     3s
  27   1.02112040e+01  1.01657385e+01  1.39e-06 4.44e-16  7.17e-07     3s
  28   1.02051991e+01  1.01784579e+01  8.84e-07 2.22e-16  4.22e-07     3s
  29   1.02015232e+01  1.01864810e+01  5.83e-07 4.44e-16  2.38e-07     3s
  30   1.01986877e+01  1.01883330e+01  3.51e-07 4.44e-16  1.64e-07     3s
  31   1.01969590e+01  1.01908145e+01  2.14e-07 1.77e-15  9.71e-08     3s
  32   1.01960930e+01  1.01924443e+01  1.45e-07 4.44e-16  5.78e-08     3s
  33   1.01954663e+01  1.01931517e+01  9.43e-08 2.22e-16  3.67e-08     3s
  34   1.01947483e+01  1.01938857e+01  3.68e-08 4.44e-16  1.37e-08     4s
  35   1.01945685e+01  1.01941050e+01  2.29e-08 4.44e-16  7.36e-09     4s
  36   1.01943382e+01  1.01941895e+01  4.96e-09 3.67e-14  2.35e-09     4s
  37   1.01942832e+01  1.01942533e+01  8.28e-10 7.29e-13  4.71e-10     4s
  38   1.01942755e+01  1.01942694e+01  3.08e-10 1.23e-13  9.70e-11     4s
  39   1.01942717e+01  1.01942714e+01  3.84e-09 2.14e-14  5.12e-12     4s

Barrier solved model in 39 iterations and 3.63 seconds (3.60 work units)
Optimal objective 1.01942717e+01


Root relaxation: objective 1.019427e+01, 4185 iterations, 2.21 seconds (2.31 work units)
Total elapsed time = 9.92s
Total elapsed time = 10.39s

    Nodes    |    Current Node    |     Objective Bounds      |     Work
 Expl Unexpl |  Obj  Depth IntInf | Incumbent    BestBd   Gap | It/Node Time

     0     0   10.19427    0  552   43.69148   10.19427  76.7%     -   11s
H    0     0                      25.4026445   10.19427  59.9%     -   12s
     0     0   11.50725    0  820   25.40264   11.50725  54.7%     -   25s
H    0     0                      17.0009082   11.50725  32.3%     -   27s
     0     0   11.60996    0  807   17.00091   11.60996  31.7%     -   30s
     0     0   11.61029    0  676   17.00091   11.61029  31.7%     -   31s
     0     0   11.61029    0  676   17.00091   11.61029  31.7%     -   31s
     0     0   11.89774    0  702   17.00091   11.89774  30.0%     -   38s
     0     0   11.93925    0  707   17.00091   11.93925  29.8%     -   44s
     0     0   11.94180    0  691   17.00091   11.94180  29.8%     -   44s
     0     0   11.94200    0  693   17.00091   11.94200  29.8%     -   44s
     0     0   12.02143    0  682   17.00091   12.02143  29.3%     -   50s
H    0     0                      15.5955692   12.02143  22.9%     -   52s
     0     0   12.06083    0  736   15.59557   12.06083  22.7%     -   55s
     0     0   12.06218    0  588   15.59557   12.06218  22.7%     -   56s
     0     0   12.06272    0  741   15.59557   12.06272  22.7%     -   57s
     0     0   12.06276    0  741   15.59557   12.06276  22.7%     -   57s
     0     0   12.08438    0  721   15.59557   12.08438  22.5%     -   61s
     0     0   12.09346    0  565   15.59557   12.09346  22.5%     -   63s
     0     0   12.10185    0  734   15.59557   12.10185  22.4%     -   64s
     0     0   12.10196    0  745   15.59557   12.10196  22.4%     -   64s
     0     0   12.10525    0  589   15.59557   12.10525  22.4%     -   65s
     0     0   12.10641    0  595   15.59557   12.10641  22.4%     -   67s
     0     0   12.10658    0  744   15.59557   12.10658  22.4%     -   67s
     0     0   12.10770    0  592   15.59557   12.10770  22.4%     -   68s
     0     0   12.10771    0  594   15.59557   12.10771  22.4%     -   68s
     0     0   12.11631    0  575   15.59557   12.11631  22.3%     -   69s
     0     0   12.11715    0  601   15.59557   12.11715  22.3%     -   71s
     0     0   12.11758    0  601   15.59557   12.11758  22.3%     -   72s
     0     0   12.11758    0  602   15.59557   12.11758  22.3%     -   72s
     0     0   12.11910    0  602   15.59557   12.11910  22.3%     -   72s
     0     0   12.11974    0  596   15.59557   12.11974  22.3%     -   73s
     0     0   12.11983    0  597   15.59557   12.11983  22.3%     -   73s
     0     0   12.12155    0  565   15.59557   12.12155  22.3%     -   73s
     0     0   12.12156    0  565   15.59557   12.12156  22.3%     -   76s
     0     0   12.12235    0  601   15.59557   12.12235  22.3%     -   76s
     0     0   12.12235    0  528   15.59557   12.12235  22.3%     -   81s
     0     2   12.12235    0  528   15.59557   12.12235  22.3%     -   89s
     1     4   12.13097    1  484   15.59557   12.12235  22.3%  1097   91s
     7    16   12.82445    3  640   15.59557   12.15822  22.0%  2881  101s
    15    32   14.11729    4  664   15.59557   12.23780  21.5%  3026  111s
    31    62   14.26112    5  674   15.59557   12.24554  21.5%  3350  129s
H   36    62                      15.5955692   12.24554  21.5%  3870  129s
H   41    62                      15.5729861   12.24554  21.4%  4006  129s
    63    92     cutoff    6        15.57299   12.29761  21.0%  4195  177s
    95   124   13.20871    7  407   15.57299   12.29761  21.0%  4253  182s
   127   154   13.31891    8  426   15.57299   12.29761  21.0%  3850  187s
H  159   186                      15.4877464   12.29761  20.6%  3345  208s
H  161   186                      15.4280103   12.29761  20.3%  3326  208s
H  162   186                      15.2888793   12.29761  19.6%  3307  208s
H  186   186                      15.2854796   12.29761  19.5%  3059  208s
   191   237   13.50665   10  555   15.28548   12.29761  19.5%  3030  216s
   242   271   13.54415   12  549   15.28548   12.29761  19.5%  2716  229s
   276   317   13.58401   13  542   15.28548   12.29761  19.5%  2658  240s
   324   375   13.62617   14  616   15.28548   12.29761  19.5%  2558  254s
   386   426   13.66254   16  591   15.28548   12.29761  19.5%  2390  262s
   441   479   13.85651   18  594   15.28548   12.29761  19.5%  2265  272s
   498   540   13.90521   20  602   15.28548   12.29761  19.5%  2180  277s
   574   589   14.00844   23  458   15.28548   12.29761  19.5%  2025  284s
   639   663   14.12307   25  571   15.28548   12.29761  19.5%  1958  293s
   727   740   14.29534   28  565   15.28548   12.29761  19.5%  1840  300s
   822   833   14.36237   30  536   15.28548   12.29761  19.5%  1731  307s
   925   910   14.46595   32  500   15.28548   12.29761  19.5%  1632  313s
H  938   910                      15.2463543   12.29761  19.3%  1625  313s
H  954   910                      15.2369664   12.29761  19.3%  1614  313s
H  963   910                      14.5202621   12.29761  15.3%  1602  313s
  1008   951     cutoff   34        14.52026   12.30113  15.3%  1560  324s
  1127  1026   12.56309    8  245   14.52026   12.30537  15.3%  1504  334s
  1224  1108   12.58974   10  307   14.52026   12.30537  15.3%  1474  343s
  1331  1185   12.75416   11  393   14.52026   12.30537  15.3%  1441  352s
  1427  1280   12.80067   12  443   14.52026   12.30537  15.3%  1409  362s
  1547  1393   12.88753   14  266   14.52026   12.30537  15.3%  1388  377s
  1682  1526   12.97064   16  288   14.52026   12.30537  15.3%  1360  392s
  1839  1654   13.29231   19  272   14.52026   12.30537  15.3%  1324  399s
H 1990  1679                      14.4558680   12.30537  14.9%  1294  493s
H 1992  1679                      14.4307182   12.30537  14.7%  1294  493s
H 2015  1679                      14.4303866   12.30537  14.7%  1294  493s
H 2018  1679                      14.4303804   12.30537  14.7%  1293  493s
H 2027  1689                      13.8213917   12.30537  11.0%  1290  640s
H 2028  1689                      13.8157558   12.30537  10.9%  1290  640s
H 2068  1689                      13.7871342   12.30537  10.7%  1284  640s
  2079  1649   13.67076   25  163   13.78713   12.30537  10.7%  1286  736s
H 2085  1649                      13.7409497   12.30537  10.4%  1285  736s
  2171  1765   13.67266   26  157   13.74095   12.37527  9.94%  1280  750s
  2321  1847   12.62590    8  486   13.74095   12.37527  9.94%  1279  766s
  2463  1881   12.67729   10  478   13.74095   12.37527  9.94%  1295  778s
  2683  1813   12.77906   17  276   13.74095   12.37527  9.94%  1272  790s
  2899  1339   13.31891    9  528   13.74095   12.37527  9.94%  1250 1149s
  2901  1340   13.73106   25  550   13.74095   12.37527  9.94%  1250 1160s
  2902  1341   13.27687   30  510   13.74095   12.37527  9.94%  1249 1185s
  2903  1342   12.71060   11  625   13.74095   12.37527  9.94%  1249 1191s
  2904  1342   13.44048   31  708   13.74095   12.37527  9.94%  1248 1196s
  2906  1344   12.88024   10  509   13.74095   12.37527  9.94%  1247 1213s
  2908  1345   13.33461   24  502   13.74095   12.37527  9.94%  1247 1215s
  2909  1346   13.57748   38  522   13.74095   12.37527  9.94%  1246 1226s
  2911  1347   12.93857   16  482   13.74095   12.37527  9.94%  1245 1232s
  2913  1348   13.31232   25  488   13.74095   12.37527  9.94%  1244 1242s
  2915  1350   13.57564   34  483   13.74095   12.37527  9.94%  1244 1249s
  2916  1350   13.15865   20  483   13.74095   12.37527  9.94%  1243 1256s
  2917  1351   13.54143   11  483   13.74095   12.37527  9.94%  1243 1264s
  2918  1355   12.55052   14  528   13.74095   12.37527  9.94%  25.7 1274s
  2920  1358   12.67291   15  687   13.74095   12.37527  9.94%  27.1 1282s
  2924  1361   12.87500   16  727   13.74095   12.37527  9.94%  32.2 1295s
  2932  1366     cutoff   17        13.74095   12.37527  9.94%  48.8 1303s
  2944  1377   12.39212   18  273   13.74095   12.37527  9.94%  61.6 1317s
H 2945  1309                      13.7409496   12.37527  9.94%  61.6 1317s
H 2962  1238                      13.7409495   12.39212  9.82%  88.6 1317s
  2964  1255   12.49374   19  268   13.74095   12.39212  9.82%  90.9 1330s
  2996  1274   12.50645   20  357   13.74095   12.41207  9.67%   145 1339s
  3028  1287   12.54285   21  212   13.74095   12.41207  9.67%   166 1348s
  3060  1297   12.57629   22  463   13.74095   12.41207  9.67%   190 1357s
H 3066  1234                      13.7409495   12.41207  9.67%   195 1357s
H 3069  1175                      13.7409495   12.41207  9.67%   199 1357s
H 3087  1114                      13.7409495   12.41207  9.67%   209 1357s
  3092  1139   12.68986   23  310   13.74095   12.41207  9.67%   211 1367s
  3129  1146   12.78043   24  315   13.74095   12.41207  9.67%   233 1494s
H 3136  1091                      13.7238858   12.41207  9.56%   236 1494s
H 3137  1041                      13.7075337   12.41207  9.45%   236 1494s
  3162  1050   13.15589   25  250   13.70753   12.41207  9.45%   259 1503s
  3196  1067   13.19303   26  273   13.70753   12.41207  9.45%   279 1511s
H 3240  1024                      13.6900165   12.41207  9.33%   298 1619s
  3273  1056   13.22067   28  239   13.69002   12.41207  9.33%   309 1629s
  3340  1080   13.30616   31  245   13.69002   12.41207  9.33%   337 1639s
  3416  1087   13.32149   33  221   13.69002   12.41207  9.33%   355 1658s
  3499  1073   13.45251   37  159   13.69002   12.41207  9.33%   381 1670s
  3579  1080     cutoff   41        13.69002   12.41207  9.33%   404 1681s
  3661  1077   13.66886   41  132   13.69002   12.41207  9.33%   421 1690s
  3736  1093   13.34015   28  278   13.69002   12.41207  9.33%   439 1699s
  3811  1120   13.38323   30  276   13.69002   12.41207  9.33%   453 1709s
  3887  1135   13.58402   33  252   13.69002   12.41207  9.33%   469 1718s
  3955  1164   13.63257   37  237   13.69002   12.41207  9.33%   479 1728s
  4055  1189     cutoff   42        13.69002   12.54285  8.38%   494 1741s
  4158  1201   12.86533   21  277   13.69002   12.54285  8.38%   511 1753s
H 4268  1139                      13.6898212   12.54285  8.38%   525 1859s
  4305  1175   13.21197   24  215   13.68982   12.54285  8.38%   531 1873s
  4448  1176     cutoff   26        13.68982   12.54285  8.38%   545 1892s
  4572  1198   13.25012   26  258   13.68982   12.54285  8.38%   564 1906s
  4697  1231   13.25643   28  195   13.68982   12.54285  8.38%   584 1924s
  4842  1257   13.62192   32  107   13.68982   12.54285  8.38%   602 1935s
  4987  1278   13.63439   37   83   13.68982   12.58351  8.08%   615 1944s
  5112  1345   12.99317   24  108   13.68982   12.63986  7.67%   624 1955s
  5307  1383   13.30760   32  144   13.68982   12.63986  7.67%   634 1968s
  5487  1418   13.62532   47   25   13.68982   12.63986  7.67%   650 1982s
  5672  1509   13.68981   63    6   13.68982   12.67947  7.38%   663 1995s
  5844  1627   13.03961   24  171   13.68982   12.67947  7.38%   680 2007s
  6034  1730   13.35757   32  244   13.68982   12.67947  7.38%   698 2025s
  6285  1829   13.57670   39  176   13.68982   12.72435  7.05%   715 2047s
  6501  1913   13.15919   25  237   13.68982   12.72435  7.05%   733 2060s
  6765  2047   13.32590   30  234   13.68982   12.73440  6.98%   743 2082s
  7060  2170   12.86443   26  208   13.68982   12.77329  6.69%   753 2103s
  7321  2298   12.99711   33  371   13.68982   12.77329  6.69%   773 2118s
  7578  2419   13.28909   36  279   13.68982   12.83597  6.24%   790 2134s
  7855  2544   13.29504   41  295   13.68982   12.83597  6.24%   810 2156s
  8147  2664   13.57752   45  195   13.68982   12.83597  6.24%   826 2176s
  8384  2880   13.63220   51  220   13.68982   12.84019  6.21%   839 2196s
  8717  3025   13.26912   36  184   13.68982   12.88520  5.88%   852 2213s
  9062  3163   13.62419   54  115   13.68982   12.92467  5.59%   863 2240s
  9416  3360   13.18197   28  375   13.68982   12.92929  5.56%   877 2257s
  9803  3452     cutoff   44        13.68982   12.93328  5.53%   883 2280s
 10143  3581   13.44472   35  148   13.68982   12.95828  5.34%   899 2301s
 10525  3727   13.59496   33  309   13.68982   12.97570  5.22%   914 2423s
 10890  3839   13.42864   41  217   13.68982   12.97633  5.21%   932 2448s
 11234  4023   13.32432   35  320   13.68982   12.98151  5.17%   944 2470s
 11701  4239     cutoff   44        13.68982   12.98176  5.17%   952 2495s
 12146  4449   13.53288   34  205   13.68982   12.99696  5.06%   962 2519s
 12609  4555   13.22950   22  522   13.68982   12.99854  5.05%   974 2547s
 13039  4744   13.41272   25  349   13.68982   13.00817  4.98%   992 2575s
 13587  4936   13.29162   24  319   13.68982   13.01862  4.90%  1001 2603s
 14044  5154   13.47064   30  338   13.68982   13.03054  4.82%  1008 2631s
 14660  5306     cutoff   45        13.68982   13.03957  4.75%  1017 2671s
 15210  5512   13.38714   35  276   13.68982   13.04933  4.68%  1029 2703s
 15897  5781   13.40724   34  324   13.68982   13.05504  4.64%  1035 2732s
 16524  6039   13.51209   30  306   13.68982   13.05738  4.62%  1044 2769s
 17277  6233   13.49129   28  444   13.68982   13.06935  4.53%  1047 2799s
 17856  6256   13.56861   36  363   13.68982   13.07382  4.50%  1053 2911s
H17859  6253                      13.6867656   13.07382  4.48%  1053 2911s
H17870  6253                      13.6864837   13.07382  4.48%  1054 2911s
 17897  6645   13.58485   37  360   13.68648   13.07514  4.47%  1054 2950s
 18728  6872   13.28060   35  392   13.68648   13.08417  4.40%  1062 2985s
 19478  7131 infeasible   38        13.68648   13.09118  4.35%  1069 3027s
 20222  7345   13.51725   37  409   13.68648   13.10058  4.28%  1078 3063s
 20972  7512   13.28140   32  323   13.68648   13.10208  4.27%  1087 3102s
 21642  7846   13.54783   40  460   13.68648   13.11050  4.21%  1103 3142s
H22503  7866                      13.6864727   13.11482  4.18%  1114 3257s
H22505  7842                      13.6775731   13.11482  4.11%  1114 3257s
H22517  7825                      13.6716481   13.11482  4.07%  1114 3257s
H22590  7816                      13.6690550   13.11482  4.05%  1117 3257s
 22591  8092     cutoff   37        13.66906   13.11948  4.02%  1117 3308s
 23484  8298   13.45083   31  164   13.66906   13.12750  3.96%  1126 3353s
 24291  8495   13.66793   34  272   13.66906   13.13517  3.91%  1144 3413s
 25180  8732     cutoff   39        13.66906   13.14177  3.86%  1156 3470s
 26160  8936   13.25804   38  242   13.66906   13.14848  3.81%  1164 3518s
 27149  9089   13.36367   35  318   13.66906   13.15837  3.74%  1173 3597s
 28001  9293   13.58410   36  323   13.66906   13.16635  3.68%  1196 3683s
 28998  9652     cutoff   33        13.66906   13.17571  3.61%  1208 3753s
*29264  9443              48      13.6458800   13.17804  3.43%  1209 3753s
 30446  9569   13.50622   32  383   13.64588   13.18453  3.38%  1217 3819s
 31466  9766   13.43910   32  366   13.64588   13.19649  3.29%  1228 3896s
 32628  9923     cutoff   27        13.64588   13.20247  3.25%  1239 3978s
 33839 10080   13.50995   30  341   13.64588   13.21332  3.17%  1248 4077s
 35129 10288   13.42898   33  327   13.64588   13.22211  3.11%  1258 4171s
 36535 10451   13.31869   32  275   13.64588   13.23359  3.02%  1267 4249s
 37943 10647     cutoff   35        13.64588   13.24138  2.96%  1275 4326s
 39428 10907     cutoff   41        13.64588   13.25348  2.88%  1282 4399s
 41002 10993   13.60688   32  295   13.64588   13.26216  2.81%  1288 4478s
 42471 11060     cutoff   39        13.64588   13.27380  2.73%  1298 4584s
 44063 11199   13.38611   31  230   13.64588   13.27973  2.68%  1308 4679s
 45670 11333   13.52628   40  299   13.64588   13.29304  2.59%  1316 4789s
 47440 11483     cutoff   33        13.64588   13.30272  2.51%  1324 4904s
H47441 11445                      13.6421737   13.30272  2.49%  1324 4904s
H47926 11443                      13.6421063   13.30581  2.47%  1325 4904s
 49140 11483   13.51981   28  443   13.64211   13.31207  2.42%  1331 4999s
 49195 11483     cutoff   40        13.64211   13.31290  2.41%  1331 5000s
 50935 11469   13.36254   31  313   13.64211   13.32746  2.31%  1341 5125s
H51123 11469                      13.6421062   13.32767  2.30%  1341 5125s
H51474 11469                      13.6421062   13.32819  2.30%  1343 5125s
 52211 11634     cutoff   35        13.64211   13.32997  2.29%  1349 5248s
 54489 11775   13.61852   37  223   13.64211   13.34227  2.20%  1358 5393s
 56754 11758   13.57562   37  201   13.64211   13.35407  2.11%  1365 5513s
 58986 11669   13.63086   55   57   13.64211   13.36439  2.04%  1374 5657s
 61267 11591     cutoff   36        13.64211   13.37454  1.96%  1383 5802s
H63732 11570                      13.6402100   13.38683  1.86%  1392 5953s
H63878 11389                      13.6302369   13.38803  1.78%  1393 5953s
 66154 11175     cutoff   31        13.63024   13.39762  1.71%  1398 6096s
 68781 10973     cutoff   40        13.63024   13.41064  1.61%  1407 6253s
H69298 10973                      13.6302368   13.41160  1.60%  1407 6253s
 70886 10718   13.62518   37  308   13.63024   13.41673  1.57%  1411 6424s
 74144 10653     cutoff   35        13.63024   13.43260  1.45%  1417 6808s
 74615 10279   13.48176   37  364   13.63024   13.43375  1.44%  1419 6975s
 78343  9832   13.50349   38  195   13.63024   13.44994  1.32%  1423 7150s
 82055  9329     cutoff   36        13.63024   13.46526  1.21%  1424 7311s
 85308  8574     cutoff   36        13.63024   13.47763  1.12%  1426 7474s
 89089  7814     cutoff   40        13.63024   13.49247  1.01%  1428 7630s
 92824  6972   13.60182   39  157   13.63024   13.50801  0.90%  1428 7782s
 96673  5953     cutoff   34        13.63024   13.52080  0.80%  1427 7926s
 100865  4727     cutoff   44        13.63024   13.53605  0.69%  1420 8080s
 104622  3182   13.57036   38  169   13.63024   13.55212  0.57%  1416 8214s

Cutting planes:
  Learned: 20
  Gomory: 67
  Cover: 206
  Implied bound: 1184
  Projected implied bound: 80
  Clique: 63
  MIR: 1352
  StrongCG: 9
  Flow cover: 2681
  Inf proof: 8
  Zero half: 12
  RLT: 86
  Relax-and-lift: 165
  BQP: 18
  PSD: 7

Explored 108263 nodes (156584757 simplex iterations) in 8217.13 seconds (20823.66 work units)
Thread count was 32 (of 128 available processors)

Solution count 10: 13.6302 13.6302 13.6302 ... 13.6691

Optimal solution found (tolerance 5.00e-03)
Best objective 1.363023687500e+01, best bound 1.357080221978e+01, gap 0.4361%


*********************************************
*********************************************


Set parameter LogFile to value "/work/07346/ashukla/ls6/Norta_Results/norta_sm_16_1/40M"
Gurobi Optimizer version 10.0.2 build v10.0.2rc0 (linux64)

CPU model: AMD EPYC 7763 64-Core Processor, instruction set [SSE2|AVX|AVX2]
Thread count: 128 physical cores, 128 logical processors, using up to 32 threads

Optimize a model with 211803 rows, 77908 columns and 590120 nonzeros
Model fingerprint: 0x22d91753
Variable types: 55968 continuous, 21940 integer (21578 binary)
Coefficient statistics:
  Matrix range     [1e-03, 1e+05]
  Objective range  [6e-02, 6e-02]
  Bounds range     [1e+00, 3e+00]
  RHS range        [1e-02, 4e+07]

MIP start from previous solve produced solution with objective 13.6302 (0.65s)
MIP start from previous solve produced solution with objective 13.6302 (0.66s)
Loaded MIP start from previous solve with objective 13.6302

Presolve removed 176743 rows and 50604 columns
Presolve time: 1.71s
Presolved: 35060 rows, 27304 columns, 127037 nonzeros
Variable types: 23631 continuous, 3673 integer (3608 binary)
Root barrier log...

Ordering time: 0.33s

Barrier statistics:
 Dense cols : 53
 AA' NZ     : 3.947e+05
 Factor NZ  : 3.242e+06 (roughly 50 MB of memory)
 Factor Ops : 1.509e+09 (less than 1 second per iteration)
 Threads    : 32

                  Objective                Residual
Iter       Primal          Dual         Primal    Dual     Compl     Time
   0  -7.36083126e+05 -2.89698792e+05  3.96e+04 1.68e-01  7.69e+02     3s
   1  -4.46508837e+05 -3.16369241e+05  2.36e+04 4.43e-01  4.64e+02     3s
   2  -1.87144902e+05 -3.84846983e+05  6.23e+03 2.73e-13  2.06e+02     3s
   3  -1.40256550e+04 -3.09809521e+05  7.37e+01 2.38e-13  1.93e+01     3s
   4  -2.10183447e+03 -1.50005419e+05  1.21e+01 3.40e-14  4.32e+00     3s
   5  -6.64688074e+01 -7.55674606e+04  1.46e+00 2.14e-14  1.36e+00     3s
   6   1.58430096e+02 -1.95867941e+04  1.56e-01 4.76e-15  3.17e-01     3s
   7   1.48022643e+02 -3.77267781e+03  1.80e-02 1.55e-15  6.15e-02     3s
   8   1.00638104e+02 -1.28256006e+03  4.14e-03 6.66e-16  2.16e-02     3s
   9   5.95701347e+01 -4.04218313e+02  1.51e-03 4.44e-16  7.24e-03     3s
  10   2.99128446e+01 -1.33993298e+02  5.89e-04 6.66e-16  2.56e-03     3s
  11   1.66531213e+01 -4.91309385e+01  2.55e-04 4.44e-16  1.03e-03     3s
  12   1.03206285e+01 -1.82737026e+01  1.21e-04 4.44e-16  4.46e-04     3s
  13   7.62055038e+00 -6.88064184e+00  7.19e-05 2.22e-16  2.26e-04     3s
  14   6.35883994e+00 -1.37239918e+00  5.00e-05 4.44e-16  1.21e-04     3s
  15   4.88651899e+00  1.00891137e+00  2.52e-05 4.44e-16  6.06e-05     3s
  16   4.09768049e+00  2.29587122e+00  1.20e-05 4.44e-16  2.82e-05     3s
  17   3.89670518e+00  2.53397666e+00  9.02e-06 4.44e-16  2.13e-05     3s
  18   3.75904860e+00  2.74974016e+00  6.70e-06 4.44e-16  1.58e-05     3s
  19   3.65496687e+00  2.95874011e+00  4.95e-06 4.44e-16  1.09e-05     3s
  20   3.52208315e+00  3.14355410e+00  2.72e-06 4.44e-16  5.92e-06     3s
  21   3.46858557e+00  3.25917285e+00  1.86e-06 4.44e-16  3.27e-06     3s
  22   3.43280634e+00  3.30200513e+00  1.25e-06 4.44e-16  2.05e-06     3s
  23   3.40097088e+00  3.32219860e+00  7.15e-07 4.44e-16  1.23e-06     3s
  24   3.37162578e+00  3.34738117e+00  2.27e-07 5.43e-16  3.79e-07     4s
  25   3.36258627e+00  3.35159418e+00  8.14e-08 4.44e-16  1.72e-07     4s
  26   3.36141396e+00  3.35367593e+00  6.29e-08 4.44e-16  1.21e-07     4s
  27   3.36002360e+00  3.35526211e+00  4.11e-08 2.22e-16  7.45e-08     4s
  28   3.35922943e+00  3.35601971e+00  2.87e-08 4.44e-16  5.02e-08     4s
  29   3.35813937e+00  3.35694663e+00  1.15e-08 7.04e-16  1.87e-08     4s
  30   3.35772987e+00  3.35718407e+00  5.36e-09 1.27e-15  8.54e-09     4s
  31   3.35749736e+00  3.35728204e+00  1.89e-09 2.72e-13  3.37e-09     4s
  32   3.35739456e+00  3.35734854e+00  6.94e-10 1.39e-12  7.19e-10     4s
  33   3.35736954e+00  3.35736790e+00  4.16e-10 1.08e-13  2.56e-11     4s

Barrier solved model in 33 iterations and 3.72 seconds (3.52 work units)
Optimal objective 3.35736954e+00


Root simplex log...

Iteration    Objective       Primal Inf.    Dual Inf.      Time
    7139    3.3573687e+00   0.000000e+00   0.000000e+00      5s

Root relaxation: objective 3.357369e+00, 7139 iterations, 2.62 seconds (3.23 work units)

    Nodes    |    Current Node    |     Objective Bounds      |     Work
 Expl Unexpl |  Obj  Depth IntInf | Incumbent    BestBd   Gap | It/Node Time

     0     0    3.35737    0  340   13.63024    3.35737  75.4%     -    8s
H    0     0                       9.3042923    4.03033  56.7%     -   23s
H    0     0                       7.9670650    4.03033  49.4%     -   23s
     0     0    4.03033    0  367    7.96707    4.03033  49.4%     -   23s
H    0     0                       7.7818906    4.03033  48.2%     -   25s
     0     0    4.10136    0  383    7.78189    4.10136  47.3%     -   27s
     0     0    4.10261    0  387    7.78189    4.10261  47.3%     -   27s
     0     0    4.10275    0  387    7.78189    4.10275  47.3%     -   28s
H    0     0                       7.6302889    4.24309  44.4%     -   35s
     0     0    4.24309    0  444    7.63029    4.24309  44.4%     -   35s
H    0     0                       6.9087771    4.24309  38.6%     -   37s
     0     0    4.24947    0  435    6.90878    4.24947  38.5%     -   39s
     0     0    4.25492    0  434    6.90878    4.25492  38.4%     -   42s
     0     0    4.25525    0  436    6.90878    4.25525  38.4%     -   42s
     0     0    4.25525    0  436    6.90878    4.25525  38.4%     -   42s
     0     0    4.29346    0  404    6.90878    4.29346  37.9%     -   46s
H    0     0                       6.7229413    4.29346  36.1%     -   49s
     0     0    4.29650    0  412    6.72294    4.29650  36.1%     -   52s
     0     0    4.29763    0  425    6.72294    4.29763  36.1%     -   52s
     0     0    4.29763    0  425    6.72294    4.29763  36.1%     -   53s
     0     0    4.30931    0  470    6.72294    4.30931  35.9%     -   59s
     0     0    4.31064    0  479    6.72294    4.31064  35.9%     -   63s
     0     0    4.31073    0  454    6.72294    4.31073  35.9%     -   63s
     0     0    4.31165    0  480    6.72294    4.31165  35.9%     -   66s
     0     0    4.31184    0  480    6.72294    4.31184  35.9%     -   68s
     0     0    4.31189    0  448    6.72294    4.31189  35.9%     -   69s
     0     0    4.31203    0  439    6.72294    4.31203  35.9%     -   69s
     0     0    4.31204    0  439    6.72294    4.31204  35.9%     -   72s
     0     0    4.31231    0  435    6.72294    4.31231  35.9%     -   72s
     0     0    4.31232    0  439    6.72294    4.31232  35.9%     -   74s
     0     0    4.31293    0  500    6.72294    4.31293  35.8%     -   75s
     0     0    4.31360    0  476    6.72294    4.31360  35.8%     -   76s
     0     0    4.31361    0  476    6.72294    4.31361  35.8%     -   76s
     0     0    4.31397    0  442    6.72294    4.31397  35.8%     -   77s
     0     0    4.31397    0  372    6.72294    4.31397  35.8%     -   81s
     0     2    4.31397    0  372    6.72294    4.31397  35.8%     -   87s
     1     4    4.56817    1  614    6.72294    4.31397  35.8% 12658   98s
     3     8    4.65979    2  632    6.72294    4.31509  35.8%  5399  103s
     7    16    4.78268    3  619    6.72294    4.32111  35.7%  4050  108s
    15    32    4.82482    4  623    6.72294    4.32192  35.7%  3282  116s
    31    64    4.83134    5  626    6.72294    4.33239  35.6%  4195  135s
H   36    64                       6.2121868    4.33239  30.3%  3939  135s
H   50    64                       5.4111467    4.34425  19.7%  4118  135s
H   53    64                       5.2830337    4.34425  17.8%  4276  135s
    63    90    4.86159    6  619    5.28303    4.34425  17.8%  4178  171s
    97   116    5.11144    6  444    5.28303    4.34425  17.8%  4174  186s
H  119   116                       5.2784352    4.34425  17.7%  3651  186s
   129   146     cutoff    7         5.27844    4.34425  17.7%  3557  194s
H  161   178                       5.1285387    4.34425  15.3%  3166  209s
   193   215     cutoff    8         5.12854    4.34425  15.3%  2886  219s
   242   248     cutoff    8         5.12854    4.34425  15.3%  2609  234s
   286   273     cutoff    7         5.12854    4.36330  14.9%  2535  245s
H  313   273                       5.1237183    4.36330  14.8%  2541  246s
   324   327    4.37970    7  359    5.12372    4.36330  14.8%  2559  253s
   384   375    4.42338    8  369    5.12372    4.36330  14.8%  2435  262s
   440   429    4.48883    9  408    5.12372    4.36330  14.8%  2385  270s
   502   491    4.49295   10  390    5.12372    4.36330  14.8%  2247  282s
   574   560    4.53855   11  423    5.12372    4.36330  14.8%  2129  289s
   652   644    4.55165   12  336    5.12372    4.36330  14.8%  2009  294s
   748   736    4.73968   14  292    5.12372    4.36330  14.8%  1846  300s
   849   830    4.74382   15  285    5.12372    4.36330  14.8%  1713  306s
   954   915    4.75256   17  252    5.12372    4.36330  14.8%  1625  316s
  1062  1004    5.02918   19  298    5.12372    4.36330  14.8%  1558  324s
  1178  1090    5.03657   20  246    5.12372    4.36330  14.8%  1493  331s
  1300  1161     cutoff   22         5.12372    4.36330  14.8%  1443  338s
  1420  1187     cutoff   22         5.12372    4.36330  14.8%  1423  429s
H 1421  1187                       4.8885420    4.36330  10.7%  1422  429s
H 1428  1187                       4.8865475    4.36330  10.7%  1422  429s
H 1455  1160                       4.8321954    4.36330  9.70%  1422  583s
H 1456  1160                       4.7959087    4.36330  9.02%  1421  583s
H 1492  1160                       4.7512806    4.36330  8.17%  1411  583s
  1540  1142     cutoff   24         4.75128    4.36330  8.17%  1412  611s
  1609  1158    4.74997   25  191    4.75128    4.36330  8.17%  1446  620s
  1675  1157     cutoff   26         4.75128    4.36330  8.17%  1525  633s
  1748  1181     cutoff   25         4.75128    4.38172  7.78%  1589  646s
  1844  1164    4.64141    7  201    4.75128    4.38172  7.78%  1652  657s
  1930  1174    4.70117   11  176    4.75128    4.40953  7.19%  1706  668s
  2021  1167    4.53928    8  399    4.75128    4.40953  7.19%  1747  681s
  2115  1153    4.59643    9  368    4.75128    4.40953  7.19%  1796  692s
  2212  1151     cutoff   11         4.75128    4.40953  7.19%  1844  726s
  2266  1206    4.62526   13  322    4.75128    4.40953  7.19%  1878  739s
  2467  1198     cutoff   16         4.75128    4.45164  6.31%  1848  750s
  2657  1230     cutoff   10         4.75128    4.45492  6.24%  1844  761s
  2844  1237    4.53085    9  274    4.75128    4.53085  4.64%  1844  775s
  3053  1229    4.60516   10  348    4.75128    4.53851  4.48%  1836  788s
  3255  1219     cutoff   10         4.75128    4.54126  4.42%  1837  803s
  3495  1217    4.61969   11  226    4.75128    4.60758  3.02%  1832  816s
  3805  1180     cutoff   22         4.75128    4.61981  2.77%  1807  828s
  4124  1033    4.69983   12  197    4.75128    4.64327  2.27%  1786  842s
  4428   907    4.68600   13  121    4.75128    4.64952  2.14%  1774  857s
  4782   353    4.72181   17   90    4.75128    4.66558  1.80%  1746  871s
  5429     0     cutoff   17         4.75128    4.71846  0.69%  1608  878s

Cutting planes:
  Learned: 6
  Gomory: 42
  Cover: 274
  Implied bound: 1705
  Clique: 62
  MIR: 572
  StrongCG: 7
  Flow cover: 263
  Zero half: 12
  RLT: 106
  Relax-and-lift: 163
  BQP: 1
  PSD: 1

Explored 5790 nodes (8850559 simplex iterations) in 878.54 seconds (2051.76 work units)
Thread count was 32 (of 128 available processors)

Solution count 10: 4.75128 4.79591 4.8322 ... 5.41115

Optimal solution found (tolerance 5.00e-03)
Best objective 4.751280625001e+00, best bound 4.751280625001e+00, gap 0.0000%


*********************************************
*********************************************


Set parameter LogFile to value "/work/07346/ashukla/ls6/Norta_Results/norta_sm_16_1/60M"
Gurobi Optimizer version 10.0.2 build v10.0.2rc0 (linux64)

CPU model: AMD EPYC 7763 64-Core Processor, instruction set [SSE2|AVX|AVX2]
Thread count: 128 physical cores, 128 logical processors, using up to 32 threads

Optimize a model with 211803 rows, 77908 columns and 590120 nonzeros
Model fingerprint: 0xed853cee
Variable types: 55968 continuous, 21940 integer (21578 binary)
Coefficient statistics:
  Matrix range     [1e-03, 1e+05]
  Objective range  [6e-02, 6e-02]
  Bounds range     [1e+00, 3e+00]
  RHS range        [1e-02, 6e+07]

MIP start from previous solve produced solution with objective 4.75128 (0.68s)
MIP start from previous solve produced solution with objective 4.75128 (0.69s)
Loaded MIP start from previous solve with objective 4.75128

Presolve removed 176743 rows and 50604 columns
Presolve time: 1.67s
Presolved: 35060 rows, 27304 columns, 127037 nonzeros
Variable types: 23631 continuous, 3673 integer (3608 binary)
Root barrier log...

Ordering time: 0.31s

Barrier statistics:
 Dense cols : 53
 AA' NZ     : 3.947e+05
 Factor NZ  : 3.242e+06 (roughly 50 MB of memory)
 Factor Ops : 1.509e+09 (less than 1 second per iteration)
 Threads    : 32

                  Objective                Residual
Iter       Primal          Dual         Primal    Dual     Compl     Time
   0  -8.34023197e+05 -2.89699086e+05  4.48e+04 1.68e-01  8.71e+02     3s
   1  -5.10796547e+05 -3.12540627e+05  2.68e+04 4.89e-01  5.34e+02     3s
   2  -2.45739038e+05 -4.05849499e+05  9.81e+03 1.73e-03  2.72e+02     3s
   3  -1.43885814e+04 -3.50948994e+05  7.57e+01 8.38e-13  2.08e+01     3s
   4  -2.72811606e+03 -1.58117525e+05  1.53e+01 1.33e-13  5.00e+00     3s
   5  -3.00711396e+01 -7.56566966e+04  1.25e+00 3.32e-14  1.34e+00     3s
   6   1.54235472e+02 -2.67009114e+04  1.87e-01 1.01e-14  4.31e-01     3s
   7   1.52308625e+02 -4.10720904e+03  7.81e-03 2.22e-15  6.65e-02     3s
   8   8.16455131e+01 -8.90010147e+02  4.76e-04 6.66e-16  1.51e-02     3s
   9   2.72052790e+01 -1.59998041e+02  2.57e-05 4.44e-16  2.92e-03     3s
  10   1.12313445e+01 -7.01555103e+01  5.67e-06 6.66e-16  1.27e-03     3s
  11   4.28243064e+00 -3.14533762e+01  1.43e-06 4.44e-16  5.57e-04     3s
  12   4.04297879e+00 -1.01719002e+01  1.33e-06 4.44e-16  2.22e-04     3s
  13   2.89137930e+00 -4.73343352e+00  8.90e-07 4.44e-16  1.19e-04     3s
  14   1.81019992e+00 -1.71679371e+00  5.04e-07 2.22e-16  5.50e-05     3s
  15   1.21687492e+00 -7.15073850e-01  3.02e-07 4.44e-16  3.01e-05     3s
  16   9.27461593e-01 -5.81719638e-02  2.12e-07 4.44e-16  1.54e-05     3s
  17   6.21778142e-01  1.79171115e-01  1.07e-07 4.44e-16  6.90e-06     3s
  18   5.61720563e-01  2.23385188e-01  8.94e-08 4.44e-16  5.27e-06     3s
  19   5.19916082e-01  2.35227911e-01  7.49e-08 4.44e-16  4.44e-06     3s
  20   4.57344626e-01  2.58806212e-01  5.23e-08 4.44e-16  3.09e-06     3s
  21   4.06993848e-01  2.78304106e-01  3.46e-08 4.44e-16  2.01e-06     3s
  22   4.02240051e-01  2.80717898e-01  3.30e-08 4.44e-16  1.89e-06     3s
  23   3.62687081e-01  2.89648174e-01  1.91e-08 4.44e-16  1.14e-06     3s
  24   3.38140719e-01  2.96014098e-01  1.04e-08 4.44e-16  6.57e-07     3s
  25   3.27651450e-01  3.01892896e-01  7.26e-09 4.44e-16  4.01e-07     3s
  26   3.20975134e-01  3.03542889e-01  4.80e-09 4.44e-16  2.72e-07     4s
  27   3.16514240e-01  3.04546333e-01  3.08e-09 4.44e-16  1.87e-07     4s
  28   3.13816344e-01  3.05886124e-01  2.04e-09 4.44e-16  1.24e-07     4s
  29   3.12074702e-01  3.07049467e-01  1.39e-09 4.44e-16  7.83e-08     4s
  30   3.11176502e-01  3.07713272e-01  1.04e-09 4.44e-16  5.40e-08     4s
  31   3.09657309e-01  3.07881852e-01  1.10e-09 4.44e-16  2.77e-08     4s
  32   3.08883101e-01  3.08199907e-01  1.75e-09 4.44e-16  1.06e-08     4s
  33   3.08542317e-01  3.08363932e-01  4.46e-10 9.91e-15  2.78e-09     4s
  34   3.08484035e-01  3.08387561e-01  3.51e-10 1.26e-14  1.50e-09     4s
  35   3.08452553e-01  3.08402267e-01  1.04e-09 7.35e-14  7.84e-10     4s
  36   3.08418695e-01  3.08408907e-01  1.13e-09 3.53e-14  1.53e-10     4s
  37   3.08416799e-01  3.08411838e-01  7.18e-10 2.28e-14  7.73e-11     4s
  38   3.08414223e-01  3.08413163e-01  3.14e-10 1.01e-14  1.65e-11     4s

Barrier solved model in 38 iterations and 3.82 seconds (3.71 work units)
Optimal objective 3.08414223e-01


Root crossover log...

       0 PPushes remaining with PInf 7.8898666e-05                 5s

  Push phase complete: Pinf 7.8898666e-05, Dinf 6.3644297e-01      5s


Root simplex log...

Iteration    Objective       Primal Inf.    Dual Inf.      Time
    7375    3.0851670e-01   0.000000e+00   6.364430e-01      5s
    7624    3.0841350e-01   0.000000e+00   0.000000e+00      6s
    7628    3.0841350e-01   0.000000e+00   0.000000e+00      6s
Extra simplex iterations after uncrush: 4

Root relaxation: objective 3.084135e-01, 7628 iterations, 3.31 seconds (4.18 work units)

    Nodes    |    Current Node    |     Objective Bounds      |     Work
 Expl Unexpl |  Obj  Depth IntInf | Incumbent    BestBd   Gap | It/Node Time

     0     0    0.30841    0  218    4.75128    0.30841  93.5%     -    9s
H    0     0                       3.0185119    0.30841  89.8%     -   11s
H    0     0                       2.9801644    0.43175  85.5%     -   26s
H    0     0                       2.1757652    0.43175  80.2%     -   26s
     0     0    0.43175    0  236    2.17577    0.43175  80.2%     -   26s
H    0     0                       2.0863920    0.43175  79.3%     -   28s
     0     0    0.43997    0  260    2.08639    0.43997  78.9%     -   30s
H    0     0                       2.0569952    0.44477  78.4%     -   31s
     0     0    0.44477    0  260    2.05700    0.44477  78.4%     -   31s
     0     0    0.44506    0  259    2.05700    0.44506  78.4%     -   33s
     0     0    0.45013    0  263    2.05700    0.45013  78.1%     -   37s
H    0     0                       2.0237686    0.45013  77.8%     -   39s
     0     0    0.45019    0  255    2.02377    0.45019  77.8%     -   39s
     0     0    0.45043    0  254    2.02377    0.45043  77.7%     -   41s
     0     0    0.45078    0  266    2.02377    0.45078  77.7%     -   42s
     0     0    0.45091    0  249    2.02377    0.45091  77.7%     -   44s
H    0     0                       1.9817630    0.45091  77.2%     -   46s
     0     0    0.45091    0  249    1.98176    0.45091  77.2%     -   46s
     0     0    0.45091    0  249    1.98176    0.45091  77.2%     -   47s
     0     0    0.45091    0  206    1.98176    0.45091  77.2%     -   52s
H    0     0                       1.9785604    0.45091  77.2%     -   55s
     0     2    0.45091    0  205    1.97856    0.45091  77.2%     -   58s
     1     4    0.86511    1  185    1.97856    0.45091  77.2%  8101   65s
     3     8    0.93167    2  191    1.97856    0.45183  77.2%  3989   71s
     7    16    1.89185    3  191    1.97856    0.45257  77.1%  3612   79s
    15    32    1.94838    4  184    1.97856    0.45506  77.0%  3326   86s
    31    54     cutoff    5         1.97856    0.45506  77.0%  3264   96s
H   47    54                       1.9494478    0.45506  76.7%  3296   96s
    63    73    0.51194    6  147    1.94945    0.45615  76.6%  2721  110s
    96   101    0.51227    7  191    1.94945    0.45615  76.6%  2699  122s
H   99   101                       1.9494477    0.45615  76.6%  2650  122s
H  109   101                       1.9482275    0.45615  76.6%  2602  122s
H  110   101                       1.6224315    0.45615  71.9%  2598  122s
   128   120    0.51233    8  183    1.62243    0.45615  71.9%  2498  127s
H  160   136                       1.4887671    0.45615  69.4%  2432  136s
H  169   136                       1.2576984    0.45615  63.7%  2411  136s
   194   138    0.59480    9  147    1.25770    0.45615  63.7%  2339  147s
H  242   157                       0.8777137    0.45615  48.0%  2113  265s
H  245   157                       0.8415217    0.45615  45.8%  2114  265s
H  248   157                       0.8271941    0.45615  44.9%  2116  265s
H  257   157                       0.6812569    0.45615  33.0%  2124  265s
H  276   157                       0.6285994    0.45615  27.4%  2129  265s
   281    93     cutoff    8         0.62860    0.45615  27.4%  2109  270s
   340    49     cutoff   10         0.62860    0.45615  27.4%  1800  277s
   403    33    0.50543   10  106    0.62860    0.45615  27.4%  1659  283s
   447    37    0.56373   11   92    0.62860    0.45615  27.4%  1615  295s
   483    60     cutoff   12         0.62860    0.45678  27.3%  1633  303s
   538    85    0.59638   22  115    0.62860    0.45678  27.3%  1598  308s
   628    83     cutoff   25         0.62860    0.46169  26.6%  1461  315s
*  680    83              27       0.6235838    0.46169  26.0%  1505  315s
   702    59    0.47612    9  219    0.62358    0.46169  26.0%  1508  320s
   751    66    0.52747    9   70    0.62358    0.46358  25.7%  1543  327s
   805    67    0.52812   10   53    0.62358    0.46358  25.7%  1540  334s
   865    69    0.60294   12   55    0.62358    0.46358  25.7%  1554  341s
   934    69     cutoff   15         0.62358    0.46358  25.7%  1556  347s
   999    82     cutoff   14         0.62358    0.46358  25.7%  1547  360s
  1075   112    0.55365   26   37    0.62358    0.46358  25.7%  1520  375s
  1194    95     cutoff   27         0.62358    0.48134  22.8%  1474  392s
  1320    79    0.53868    8  160    0.62358    0.48134  22.8%  1448  399s
  1428   110    0.60859    9  222    0.62358    0.50832  18.5%  1407  403s
  1555   113     cutoff   10         0.62358    0.50934  18.3%  1357  412s
  1727    74    0.61334   11  214    0.62358    0.50934  18.3%  1282  418s
  1880    22    0.54993   19  216    0.62358    0.51949  16.7%  1227  426s
  1991    74     cutoff   19         0.62358    0.53040  14.9%  1197  432s
* 2008    74              33       0.5903906    0.53254  9.80%  1191  432s
* 2110    25              29       0.5780194    0.54323  6.02%  1148  434s
  2215     6     cutoff   20         0.57802    0.54323  6.02%  1100  439s
  2236     0    0.55932   25   73    0.57802    0.54993  4.86%  1097  442s

Cutting planes:
  Learned: 10
  Gomory: 30
  Cover: 256
  Implied bound: 1706
  Clique: 72
  MIR: 301
  StrongCG: 5
  Flow cover: 131
  Zero half: 11
  RLT: 30
  Relax-and-lift: 148
  BQP: 13
  PSD: 6

Explored 2243 nodes (2499345 simplex iterations) in 442.82 seconds (848.51 work units)
Thread count was 32 (of 128 available processors)

Solution count 10: 0.578019 0.590391 0.623584 ... 1.48877

Optimal solution found (tolerance 5.00e-03)
Best objective 5.780193750005e-01, best bound 5.780193750005e-01, gap 0.0000%


*********************************************
*********************************************


Set parameter LogFile to value "/work/07346/ashukla/ls6/Norta_Results/norta_sm_16_1/80M"
Gurobi Optimizer version 10.0.2 build v10.0.2rc0 (linux64)

CPU model: AMD EPYC 7763 64-Core Processor, instruction set [SSE2|AVX|AVX2]
Thread count: 128 physical cores, 128 logical processors, using up to 32 threads

Optimize a model with 211803 rows, 77908 columns and 590120 nonzeros
Model fingerprint: 0x460b0527
Variable types: 55968 continuous, 21940 integer (21578 binary)
Coefficient statistics:
  Matrix range     [1e-03, 1e+05]
  Objective range  [6e-02, 6e-02]
  Bounds range     [1e+00, 3e+00]
  RHS range        [1e-02, 8e+07]

MIP start from previous solve produced solution with objective 0.578019 (0.71s)
MIP start from previous solve produced solution with objective 0.578019 (0.72s)
Loaded MIP start from previous solve with objective 0.578019

Presolve removed 179636 rows and 51131 columns
Presolve time: 1.78s
Presolved: 32167 rows, 26777 columns, 118858 nonzeros
Variable types: 23225 continuous, 3552 integer (3491 binary)
Root barrier log...

Ordering time: 0.30s

Barrier statistics:
 Dense cols : 42
 AA' NZ     : 3.439e+05
 Factor NZ  : 2.713e+06 (roughly 40 MB of memory)
 Factor Ops : 1.058e+09 (less than 1 second per iteration)
 Threads    : 32

                  Objective                Residual
Iter       Primal          Dual         Primal    Dual     Compl     Time
   0  -5.50384951e+04 -2.51806173e+05  2.78e+02 1.68e-01  6.07e+01     3s
   1  -1.97526392e+04 -2.11299599e+05  1.01e+02 3.92e-01  2.31e+01     3s
   2  -6.02174843e+02 -1.01177398e+05  4.16e+00 4.27e-14  2.32e+00     3s
   3   4.47824580e+01 -1.89317059e+04  7.94e-01 1.28e-14  3.72e-01     3s
   4   1.38025327e+02 -2.63892472e+03  1.01e-01 3.78e-15  4.90e-02     3s
   5   9.10949741e+01 -7.38207927e+02  1.34e-02 1.07e-15  1.40e-02     3s
   6   4.15968217e+01 -2.29513175e+02  4.62e-03 8.88e-16  4.56e-03     3s
   7   2.28912873e+01 -9.05233001e+01  2.11e-03 4.44e-16  1.91e-03     3s
   8   6.76164388e+00 -2.92507744e+01  5.27e-04 4.44e-16  6.04e-04     3s
   9   7.45740107e-01 -4.58864881e+00  2.61e-05 4.44e-16  8.91e-05     3s
  10   1.21547574e-01 -1.04532450e+00  3.10e-06 4.44e-16  1.95e-05     3s
  11   2.33873129e-02 -1.46266370e-01  5.23e-07 4.44e-16  2.83e-06     3s
  12   4.06061420e-03 -2.08516607e-02  8.79e-08 4.44e-16  4.16e-07     3s
  13   4.44172673e-04 -1.03042277e-03  9.35e-09 4.44e-16  2.46e-08     3s
  14   1.49608866e-06 -3.37811753e-06  2.44e-11 4.44e-16  8.14e-11     3s
  15   1.85877980e-11 -2.21689334e-12  4.74e-12 4.44e-16  4.94e-16     3s

Barrier solved model in 15 iterations and 3.25 seconds (3.16 work units)
Optimal objective 1.85877980e-11


Root relaxation: objective 1.023182e-12, 2749 iterations, 1.26 seconds (1.04 work units)
Total elapsed time = 14.74s
Total elapsed time = 15.30s

    Nodes    |    Current Node    |     Objective Bounds      |     Work
 Expl Unexpl |  Obj  Depth IntInf | Incumbent    BestBd   Gap | It/Node Time

     0     0    0.00000    0   18    0.57802    0.00000   100%     -   15s
     0     0    0.00000    0   41    0.57802    0.00000   100%     -   21s
     0     0    0.00000    0   40    0.57802    0.00000   100%     -   24s
H    0     0                       0.3683112    0.00000   100%     -   27s
     0     0    0.00000    0   11    0.36831    0.00000   100%     -   28s
     0     0    0.00000    0   11    0.36831    0.00000   100%     -   29s
     0     0    0.00000    0   13    0.36831    0.00000   100%     -   30s
     0     0    0.00000    0   12    0.36831    0.00000   100%     -   32s
     0     0    0.00000    0   12    0.36831    0.00000   100%     -   33s
     0     0    0.00000    0   12    0.36831    0.00000   100%     -   34s
     0     0    0.00000    0   12    0.36831    0.00000   100%     -   35s
     0     0    0.00000    0   12    0.36831    0.00000   100%     -   36s
H    0     0                       0.2734309    0.00000   100%     -   37s
     0     0    0.00000    0   10    0.27343    0.00000   100%     -   37s
     0     0    0.00000    0   24    0.27343    0.00000   100%     -   38s
     0     0    0.00000    0    9    0.27343    0.00000   100%     -   40s
     0     0    0.00000    0   13    0.27343    0.00000   100%     -   42s
     0     0    0.00000    0   10    0.27343    0.00000   100%     -   43s
     0     0    0.00000    0   10    0.27343    0.00000   100%     -   45s
     0     2    0.00000    0   10    0.27343    0.00000   100%     -   47s
     1     4    0.00001    1   57    0.27343    0.00000   100%  9595   54s
     3     8    0.00003    2   54    0.27343    0.00000   100%  4855   65s
     7    15    0.02822    3   48    0.27343    0.00000   100%  4445   83s
    15    22    0.03025    4   54    0.27343    0.00000   100%  4145   90s
H   17    22                       0.1455276    0.00000   100%  3877   90s
H   23    22                       0.0742292    0.00000   100%  3376   90s
    30    31    0.06694    5   55    0.07423    0.00000   100%  3023  103s
H   31    31                       0.0701589    0.00000   100%  2925  103s
    52    38     cutoff    6         0.07016    0.00000   100%  2772  107s
H   83    43                       0.0000624    0.00000   100%  2394  111s
*  143    10               9       0.0000000    0.00000  0.00%  1652  114s

Cutting planes:
  Learned: 1
  Cover: 37
  Implied bound: 480
  Clique: 2
  MIR: 141
  StrongCG: 2
  Flow cover: 8
  RLT: 13
  Relax-and-lift: 14
  BQP: 1

Explored 152 nodes (280165 simplex iterations) in 114.05 seconds (192.04 work units)
Thread count was 32 (of 128 available processors)

Solution count 8: 5.68434e-13 6.23685e-05 0.0701589 ... 0.578019

Optimal solution found (tolerance 5.00e-03)
Best objective 5.684341886081e-13, best bound 5.684341886081e-13, gap 0.0000%


*********************************************
*********************************************


