Set parameter TokenServer to value "license02.tacc.utexas.edu"
Set parameter LogFile to value "/work/07346/ashukla/ls6/Norta_Results/norta_sm_16_18/0M"
Set parameter MIPGap to value 0.005
Set parameter TimeLimit to value 32400
Set parameter Method to value 2
Gurobi Optimizer version 10.0.2 build v10.0.2rc0 (linux64)

CPU model: AMD EPYC 7763 64-Core Processor, instruction set [SSE2|AVX|AVX2]
Thread count: 128 physical cores, 128 logical processors, using up to 32 threads

Optimize a model with 211803 rows, 77908 columns and 590120 nonzeros
Model fingerprint: 0xd9f806df
Variable types: 55968 continuous, 21940 integer (21578 binary)
Coefficient statistics:
  Matrix range     [1e-03, 1e+05]
  Objective range  [6e-02, 6e-02]
  Bounds range     [1e+00, 3e+00]
  RHS range        [1e-02, 2e+04]
Presolve removed 210941 rows and 76740 columns
Presolve time: 1.56s
Presolved: 862 rows, 1168 columns, 3961 nonzeros
Variable types: 1019 continuous, 149 integer (149 binary)
Found heuristic solution: objective 66.0595567
Root barrier log...

Ordering time: 0.00s

Barrier statistics:
 AA' NZ     : 4.651e+03
 Factor NZ  : 2.036e+04 (roughly 1 MB of memory)
 Factor Ops : 9.406e+05 (less than 1 second per iteration)
 Threads    : 1

                  Objective                Residual
Iter       Primal          Dual         Primal    Dual     Compl     Time
   0  -1.36887345e+03 -7.20023089e+03  1.16e+02 1.68e-01  2.67e+01     2s
   1  -2.34569979e+00 -3.41720135e+03  4.75e+00 5.69e-02  2.57e+00     2s
   2   5.15323517e+01 -3.70068960e+02  3.09e-01 1.08e-03  2.39e-01     2s
   3   5.17165787e+01  4.23995790e+00  3.52e-02 2.96e-05  2.52e-02     2s
   4   4.66757593e+01  3.94254592e+01  4.47e-04 4.44e-16  3.70e-03     2s
   5   4.48394657e+01  4.20633054e+01  9.03e-05 2.22e-16  1.42e-03     2s
   6   4.44641193e+01  4.33451565e+01  2.89e-05 2.22e-16  5.70e-04     2s
   7   4.43906817e+01  4.37402456e+01  1.88e-05 2.22e-16  3.32e-04     2s
   8   4.43154785e+01  4.40356184e+01  9.86e-06 2.22e-16  1.43e-04     2s
   9   4.42816819e+01  4.41311974e+01  4.54e-06 2.22e-16  7.67e-05     2s
  10   4.42751981e+01  4.41952510e+01  3.62e-06 2.22e-16  4.08e-05     2s
  11   4.42544174e+01  4.42139916e+01  1.04e-06 4.44e-16  2.06e-05     2s
  12   4.42454480e+01  4.42408816e+01  6.12e-08 4.44e-16  2.33e-06     2s
  13   4.42446277e+01  4.42440589e+01  2.90e-09 2.22e-16  2.90e-07     2s
  14   4.42445467e+01  4.42445313e+01  7.98e-11 2.22e-16  7.86e-09     2s
  15   4.42445434e+01  4.42445434e+01  5.49e-11 2.22e-16  8.33e-12     2s

Barrier solved model in 15 iterations and 1.67 seconds (1.80 work units)
Optimal objective 4.42445434e+01


Root relaxation: objective 4.424454e+01, 8 iterations, 0.02 seconds (0.02 work units)

    Nodes    |    Current Node    |     Objective Bounds      |     Work
 Expl Unexpl |  Obj  Depth IntInf | Incumbent    BestBd   Gap | It/Node Time

     0     0   44.24454    0    2   66.05956   44.24454  33.0%     -    1s
H    0     0                      44.2927196   44.24454  0.11%     -    1s

Explored 1 nodes (8 simplex iterations) in 1.69 seconds (1.81 work units)
Thread count was 32 (of 128 available processors)

Solution count 2: 44.2927 66.0596 

Optimal solution found (tolerance 5.00e-03)
Best objective 4.429271960583e+01, best bound 4.424454336226e+01, gap 0.1088%


*********************************************
*********************************************


Set parameter LogFile to value "/work/07346/ashukla/ls6/Norta_Results/norta_sm_16_18/20M"
Gurobi Optimizer version 10.0.2 build v10.0.2rc0 (linux64)

CPU model: AMD EPYC 7763 64-Core Processor, instruction set [SSE2|AVX|AVX2]
Thread count: 128 physical cores, 128 logical processors, using up to 32 threads

Optimize a model with 211803 rows, 77908 columns and 590120 nonzeros
Model fingerprint: 0x791604e7
Variable types: 55968 continuous, 21940 integer (21578 binary)
Coefficient statistics:
  Matrix range     [1e-03, 1e+05]
  Objective range  [6e-02, 6e-02]
  Bounds range     [1e+00, 3e+00]
  RHS range        [1e-02, 2e+07]

MIP start from previous solve produced solution with objective 44.2927 (0.58s)
MIP start from previous solve produced solution with objective 44.2927 (0.59s)
Loaded MIP start from previous solve with objective 44.2927

Presolve removed 176759 rows and 50764 columns
Presolve time: 1.64s
Presolved: 35044 rows, 27144 columns, 127074 nonzeros
Variable types: 23526 continuous, 3618 integer (3554 binary)
Root barrier log...

Ordering time: 0.30s

Barrier statistics:
 Dense cols : 58
 AA' NZ     : 3.852e+05
 Factor NZ  : 2.970e+06 (roughly 45 MB of memory)
 Factor Ops : 1.248e+09 (less than 1 second per iteration)
 Threads    : 32

                  Objective                Residual
Iter       Primal          Dual         Primal    Dual     Compl     Time
   0  -1.00336805e+06 -2.82310818e+05  5.45e+04 1.68e-01  1.04e+03     3s
   1  -6.16575164e+05 -3.10610819e+05  3.31e+04 3.01e-01  6.35e+02     3s
   2  -2.16810394e+05 -3.96935579e+05  1.04e+04 1.30e-13  2.41e+02     3s
   3  -1.76420198e+04 -3.32373487e+05  9.68e+02 9.56e-14  2.37e+01     3s
   4  -5.33158767e+03 -1.46501170e+05  3.00e+02 5.49e-14  7.10e+00     3s
   5  -1.83470026e+03 -9.27774812e+04  1.10e+02 2.41e-14  2.97e+00     3s
   6  -8.13250532e+02 -7.42064574e+04  5.49e+01 1.27e-14  1.84e+00     3s
   7  -4.31147587e+02 -3.70931909e+04  3.37e+01 6.14e-15  8.79e-01     3s
   8  -5.10657893e+01 -8.64658679e+03  1.21e+01 1.78e-15  1.99e-01     3s
   9   1.02753168e+02 -2.55711486e+03  1.68e+00 1.96e-15  4.78e-02     3s
  10   8.48716649e+01 -3.29548534e+02  1.40e-02 1.33e-15  6.65e-03     3s
  11   4.88796038e+01 -1.26810565e+02  5.46e-03 7.33e-15  2.79e-03     3s
  12   3.11981687e+01 -8.12246540e+01  2.47e-03 4.00e-15  1.78e-03     3s
  13   2.51588241e+01 -5.31469894e+01  1.65e-03 3.11e-15  1.24e-03     3s
  14   2.01999022e+01 -2.44225361e+01  1.04e-03 1.33e-15  7.04e-04     3s
  15   1.69902856e+01 -1.36877972e+01  6.67e-04 8.88e-16  4.84e-04     3s
  16   1.39954358e+01 -7.35172770e+00  3.42e-04 8.88e-16  3.36e-04     3s
  17   1.27782590e+01  1.87369681e+00  2.31e-04 4.44e-16  1.72e-04     3s
  18   1.18455295e+01  5.56402607e+00  1.48e-04 4.44e-16  9.90e-05     3s
  19   1.13846109e+01  7.45433466e+00  1.10e-04 4.44e-16  6.21e-05     3s
  20   1.10933964e+01  7.99573139e+00  8.67e-05 4.44e-16  4.89e-05     3s
  21   1.07118732e+01  8.52348277e+00  5.58e-05 4.44e-16  3.45e-05     3s
  22   1.03886343e+01  9.33651958e+00  3.24e-05 2.34e-16  1.66e-05     3s
  23   1.02910852e+01  9.57477641e+00  2.45e-05 4.44e-16  1.13e-05     3s
  24   1.01478824e+01  9.73693120e+00  1.35e-05 2.22e-16  6.50e-06     3s
  25   1.01456983e+01  9.74496310e+00  1.33e-05 2.22e-16  6.34e-06     3s
  26   1.00975481e+01  9.81641566e+00  9.93e-06 3.52e-16  4.45e-06     3s
  27   1.00501487e+01  9.88105600e+00  6.19e-06 4.29e-16  2.68e-06     3s
  28   1.00261277e+01  9.90526945e+00  4.34e-06 6.08e-16  1.91e-06     3s
  29   1.00018470e+01  9.93499116e+00  2.43e-06 2.49e-16  1.06e-06     3s
  30   9.99659051e+00  9.94028828e+00  2.03e-06 2.22e-16  8.92e-07     3s
  31   9.98733020e+00  9.95179741e+00  1.33e-06 4.44e-16  5.63e-07     3s
  32   9.98353883e+00  9.95943643e+00  1.04e-06 4.44e-16  3.83e-07     3s
  33   9.97915591e+00  9.96314005e+00  7.03e-07 2.22e-16  2.55e-07     3s
  34   9.97457832e+00  9.96642317e+00  3.68e-07 4.44e-16  1.30e-07     3s
  35   9.97174086e+00  9.96839280e+00  1.40e-07 4.44e-16  5.32e-08     3s
  36   9.97100175e+00  9.96883940e+00  8.53e-08 2.22e-16  3.43e-08     3s
  37   9.97063772e+00  9.96923281e+00  5.66e-08 4.44e-16  2.23e-08     3s
  38   9.97044426e+00  9.96949283e+00  4.11e-08 2.22e-16  1.51e-08     4s
  39   9.97036823e+00  9.96967614e+00  3.52e-08 2.22e-16  1.10e-08     4s
  40   9.97003942e+00  9.96976269e+00  9.84e-09 5.79e-14  4.38e-09     4s
  41   9.96996642e+00  9.96985730e+00  4.30e-09 2.85e-14  1.73e-09     4s
  42   9.96992442e+00  9.96989258e+00  5.07e-09 3.45e-14  5.05e-10     4s
  43   9.96991573e+00  9.96990495e+00  2.03e-09 5.42e-12  1.72e-10     4s
  44   9.96990832e+00  9.96990766e+00  7.78e-10 8.28e-14  1.04e-11     4s

Barrier solved model in 44 iterations and 3.64 seconds (3.72 work units)
Optimal objective 9.96990832e+00


Root relaxation: objective 9.969908e+00, 4510 iterations, 2.09 seconds (2.15 work units)
Total elapsed time = 7.86s

    Nodes    |    Current Node    |     Objective Bounds      |     Work
 Expl Unexpl |  Obj  Depth IntInf | Incumbent    BestBd   Gap | It/Node Time

     0     0    9.96991    0  517   44.29272    9.96991  77.5%     -    8s
H    0     0                      26.7192028    9.96991  62.7%     -   10s
H    0     0                      26.7192027   11.14258  58.3%     -   19s
     0     0   11.14258    0  494   26.71920   11.14258  58.3%     -   20s
H    0     0                      15.7702373   11.14258  29.3%     -   21s
     0     0   11.20779    0  527   15.77024   11.20779  28.9%     -   26s
     0     0   11.20957    0  543   15.77024   11.20957  28.9%     -   26s
     0     0   11.21104    0  543   15.77024   11.21104  28.9%     -   27s
     0     0   11.21105    0  543   15.77024   11.21105  28.9%     -   27s
     0     0   11.32429    0  546   15.77024   11.32429  28.2%     -   34s
     0     0   11.35867    0  502   15.77024   11.35867  28.0%     -   38s
     0     0   11.35877    0  503   15.77024   11.35877  28.0%     -   38s
     0     0   11.46341    0  462   15.77024   11.46341  27.3%     -   46s
     0     0   11.48804    0  611   15.77024   11.48804  27.2%     -   51s
     0     0   11.48857    0  648   15.77024   11.48857  27.2%     -   52s
     0     0   11.48918    0  651   15.77024   11.48918  27.1%     -   52s
     0     0   11.48918    0  651   15.77024   11.48918  27.1%     -   52s
     0     0   11.50251    0  495   15.77024   11.50251  27.1%     -   58s
     0     0   11.50432    0  488   15.77024   11.50432  27.1%     -   61s
     0     0   11.50432    0  488   15.77024   11.50432  27.1%     -   61s
     0     0   11.50588    0  526   15.77024   11.50588  27.0%     -   62s
     0     0   11.50588    0  527   15.77024   11.50588  27.0%     -   64s
     0     0   11.50642    0  525   15.77024   11.50642  27.0%     -   65s
     0     0   11.50678    0  524   15.77024   11.50678  27.0%     -   66s
     0     0   11.50679    0  524   15.77024   11.50679  27.0%     -   66s
     0     0   11.50725    0  533   15.77024   11.50725  27.0%     -   66s
     0     0   11.50725    0  533   15.77024   11.50725  27.0%     -   69s
     0     0   11.50735    0  497   15.77024   11.50735  27.0%     -   69s
     0     0   11.50735    0  441   15.77024   11.50735  27.0%     -   73s
     0     2   11.50735    0  441   15.77024   11.50735  27.0%     -   78s
     1     4   11.91985    1  410   15.77024   11.50735  27.0%  4326   82s
     3     8   12.40657    2  617   15.77024   11.51378  27.0%  5328   90s
     7    16   12.68378    3  581   15.77024   11.51989  27.0%  3811   99s
    15    32   12.85984    4  612   15.77024   11.52315  26.9%  4276  107s
    31    64   12.89801    5  486   15.77024   11.65577  26.1%  4420  139s
    63    96   12.92682    6  512   15.77024   11.69856  25.8%  6132  168s
    95   128   12.94970    7  526   15.77024   11.69856  25.8%  4958  176s
H   98   128                      15.7702372   11.69856  25.8%  4894  176s
H  101   128                      15.7702372   11.69856  25.8%  4815  176s
H  102   128                      15.7225712   11.69856  25.6%  4773  176s
H  109   128                      15.7202390   11.69856  25.6%  4561  176s
   127   160   12.95038    8  483   15.72024   11.69856  25.6%  4084  182s
H  159   192                      15.5273178   11.69856  24.7%  3593  203s
H  166   192                      15.0097903   11.69856  22.1%  3527  203s
H  175   192                      15.0024245   11.69856  22.0%  3474  203s
H  182   192                      14.8988535   11.69856  21.5%  3381  203s
H  187   192                      14.2100795   11.69856  17.7%  3344  203s
   191   230   12.98629   10  404   14.21008   11.69856  17.7%  3357  208s
   237   278   13.00337   12  388   14.21008   11.69856  17.7%  3014  214s
   289   331   13.04160   14  349   14.21008   11.69856  17.7%  2733  219s
   346   387   13.04626   16  580   14.21008   11.69856  17.7%  2451  225s
   409   449   13.06304   18  399   14.21008   11.69856  17.7%  2243  230s
   551   594   13.07658   23  347   14.21008   11.69856  17.7%  1897  237s
   633   652   13.11748   24  389   14.21008   11.69856  17.7%  1757  242s
   704   728   13.11195   25  387   14.21008   11.69856  17.7%  1690  247s
   784   788   13.14147   27  397   14.21008   11.69856  17.7%  1626  251s
   864   853   13.18303   29  358   14.21008   11.69856  17.7%  1594  258s
   946   920   13.25200   31  319   14.21008   11.69856  17.7%  1591  267s
  1033   992   13.42194   33  231   14.21008   11.69856  17.7%  1569  272s
  1133  1090   13.59168   39  230   14.21008   11.69856  17.7%  1530  278s
H 1243  1117                      13.6763124   11.69856  14.5%  1474  367s
H 1245  1117                      13.5148743   11.69856  13.4%  1472  367s
H 1248  1117                      13.4056125   11.69856  12.7%  1471  367s
H 1249  1117                      13.3608765   11.69856  12.4%  1473  367s
H 1250  1117                      13.3423499   11.69856  12.3%  1472  367s
H 1257  1117                      13.3418955   11.69856  12.3%  1470  367s
H 1269  1117                      13.3418433   11.69856  12.3%  1461  367s
  1279  1102     cutoff   42        13.34184   11.70554  12.3%  1458  650s
H 1282  1102                      13.0618963   11.70554  10.4%  1454  650s
H 1285  1102                      12.8466543   11.70554  8.88%  1458  650s
H 1290  1102                      12.8463057   11.70554  8.88%  1454  650s
H 1303  1102                      12.8126542   11.70554  8.64%  1449  650s
  1356  1107   11.99185    7  543   12.81265   11.70554  8.64%  1445  659s
  1469  1173   12.00004    8  377   12.81265   11.70554  8.64%  1473  667s
  1572  1225   12.27026   11  446   12.81265   11.70554  8.64%  1486  674s
  1681  1295   12.29663   12  434   12.81265   11.70554  8.64%  1496  684s
  1806  1356   12.50455   15  317   12.81265   11.70554  8.64%  1492  694s
  1957  1411   12.72535   19  298   12.81265   11.70554  8.64%  1476  702s
  2126  1508   12.78596   19  217   12.81265   11.70554  8.64%  1445  710s
  2310  1599     cutoff   20        12.81265   11.74267  8.35%  1411  719s
  2512  1723   12.18545    8  428   12.81265   11.74267  8.35%  1389  727s
  2722  1797   12.27695    9  413   12.81265   11.74267  8.35%  1359  736s
  2948  1831   12.30614   12  309   12.81265   11.74267  8.35%  1334  744s
H 3161  1360                      12.8126541   11.74267  8.35%  1312  953s
  3162  1361   12.23115    6  441   12.81265   11.74267  8.35%  1312  981s
  3164  1362   12.34107   16  521   12.81265   11.74267  8.35%  1311  990s
  3165  1363   12.14822   22  610   12.81265   11.74267  8.35%  1311 1015s
  3166  1364   12.21539   16  562   12.81265   11.74267  8.35%  1310 1021s
  3169  1366   12.28659   29  464   12.81265   11.74267  8.35%  1309 1025s
  3170  1366   12.44973   24  464   12.81265   11.74267  8.35%  1309 1040s
  3173  1368   12.40181   19  407   12.81265   11.74267  8.35%  1307 1054s
  3174  1369   12.26385   20  444   12.81265   11.74267  8.35%  1307 1056s
  3176  1370   12.67854   20  412   12.81265   11.74267  8.35%  1306 1068s
  3177  1371   12.73850    6  421   12.81265   11.74267  8.35%  1306 1070s
  3178  1372   12.64214   30  423   12.81265   11.74267  8.35%  1305 1079s
  3180  1373   12.38817   13  427   12.81265   11.74267  8.35%  1304 1080s
  3181  1374   12.45375   24  425   12.81265   11.74267  8.35%  1304 1086s
  3183  1375   12.62106   15  423   12.81265   11.74267  8.35%  1303 1096s
  3185  1376   12.70778   43  424   12.81265   11.74267  8.35%  1302 1103s
  3187  1378   12.23968   15  424   12.81265   11.74267  8.35%  1302 1112s
  3188  1378   12.75570   28  424   12.81265   11.74267  8.35%  1301 1121s
  3189  1379   12.31540   17  424   12.81265   11.74267  8.35%  1301 1128s
  3190  1383   12.04187   10  454   12.81265   11.74267  8.35%  1331 1140s
  3196  1390     cutoff   12        12.81265   11.74267  8.35%  1334 1151s
  3204  1392   11.74267   13  340   12.81265   11.74267  8.35%  1337 1163s
  3217  1398   12.25663   14  351   12.81265   11.74267  8.35%  1347 1173s
  3235  1409   12.36753   15  370   12.81265   11.81998  7.75%  1362 1193s
  3263  1418   12.44450   16  470   12.81265   11.84233  7.57%  1388 1205s
  3295  1432   12.49140   17  411   12.81265   11.89715  7.15%  1412 1212s
  3327  1442   12.68866   18  307   12.81265   11.89715  7.15%  1423 1219s
  3359  1463   12.78644   19  280   12.81265   11.89715  7.15%  1428 1223s
  3394  1463   12.78917   20  316   12.81265   11.89715  7.15%  1426 1252s
H 3399  1391                      12.8126541   11.89715  7.15%  1425 1252s
H 3413  1320                      12.8126541   11.89715  7.15%  1430 1252s
H 3421  1256                      12.8124788   11.89715  7.14%  1430 1252s
H 3428  1193                      12.8120566   11.89715  7.14%  1429 1252s
  3429  1223   12.79564   21  303   12.81206   11.89715  7.14%  1429 1259s
H 3474  1177                      12.8118967   11.89715  7.14%  1427 1264s
  3510  1196   12.80113   23  350   12.81190   11.89715  7.14%  1424 1271s
  3553  1202   12.80443   25  336   12.81190   11.89715  7.14%  1426 1278s
  3613  1216   12.80767   26  324   12.81190   11.89715  7.14%  1421 1286s
  3677  1217     cutoff   27        12.81190   11.89715  7.14%  1415 1292s
  3742  1222   12.40428   30  340   12.81190   11.89715  7.14%  1414 1300s
  3808  1217   12.45277   31  397   12.81190   11.89715  7.14%  1406 1305s
H 3878  1151                      12.8118961   11.89715  7.14%  1398 1442s
H 3879  1100                      12.8108346   11.89715  7.13%  1398 1442s
H 3880  1051                      12.7257279   11.89715  6.51%  1398 1442s
H 3914   993                      12.7252729   11.89715  6.51%  1396 1443s
  3917  1001   12.54922   31  242   12.72527   11.89715  6.51%  1396 1451s
  3989   990     cutoff   35        12.72527   11.89715  6.51%  1394 1461s
  4059   993     cutoff   34        12.72527   11.89715  6.51%  1394 1472s
  4138   995     cutoff   38        12.72527   11.89715  6.51%  1391 1479s
  4222  1001     cutoff   40        12.72527   11.95815  6.03%  1385 1488s
  4310   998   12.25459   18  421   12.72527   11.95815  6.03%  1384 1495s
  4388  1005   12.44319   20  399   12.72527   11.95815  6.03%  1386 1501s
  4486  1009   12.55742   21  398   12.72527   11.95815  6.03%  1380 1509s
  4580   995   12.61838   23  359   12.72527   11.95815  6.03%  1378 1518s
  4686   956     cutoff   24        12.72527   11.95815  6.03%  1376 1643s
H 4691   911                      12.7252366   11.95815  6.03%  1376 1643s
H 4693   869                      12.7251771   11.95815  6.03%  1376 1643s
H 4696   829                      12.7251697   11.95815  6.03%  1376 1643s
H 4697   790                      12.7251281   11.95815  6.03%  1376 1643s
H 4712   749                      12.7251249   11.95815  6.03%  1376 1643s
H 4732   710                      12.7250396   11.95815  6.03%  1378 1643s
H 4737   675                      12.7250284   11.95815  6.03%  1377 1643s
  4740   720     cutoff   22        12.72503   11.95815  6.03%  1378 1650s
  4857   702   12.62448   23  310   12.72503   11.95815  6.03%  1373 1660s
  4977   684   12.62920   24  297   12.72503   11.99140  5.77%  1372 1671s
  5107   714   12.34784   18  384   12.72503   12.01851  5.55%  1370 1679s
  5243   740   12.44064   20  311   12.72503   12.01851  5.55%  1366 1688s
  5399   783     cutoff   23        12.72503   12.01851  5.55%  1361 1711s
  5544   808   12.58447   23  290   12.72503   12.01851  5.55%  1357 1719s
  5694   833     cutoff   24        12.72503   12.10004  4.91%  1356 1728s
  5874   832   12.35483   20  398   12.72503   12.10004  4.91%  1351 1764s
H 5875   832                      12.7250280   12.10004  4.91%  1351 1764s
H 5919   832                      12.7250279   12.10004  4.91%  1355 1764s
H 5932   832                      12.7250277   12.10004  4.91%  1355 1764s
  5951   859   12.38964   21  344   12.72503   12.10004  4.91%  1356 1775s
  6135   858   12.57179   25  287   12.72503   12.10802  4.85%  1362 1787s
  6331   907   12.39841   18  232   12.72503   12.10802  4.85%  1370 1823s
  6545   925   12.61324   24  332   12.72503   12.10802  4.85%  1369 1873s
  6763   936     cutoff   34        12.72503   12.24368  3.78%  1384 1886s
  6993   967   12.60752   20  438   12.72503   12.30758  3.28%  1384 1909s
H 7027   967                      12.7250026   12.30758  3.28%  1384 1909s
H 7047   967                      12.7250015   12.30758  3.28%  1382 1909s
H 7060   967                      12.7250014   12.30758  3.28%  1382 1909s
  7166   971     cutoff   22        12.72500   12.31482  3.22%  1379 1937s
  7466   985     cutoff   25        12.72500   12.37459  2.75%  1378 1949s
  7783   938   12.61143   25  266   12.72500   12.41956  2.40%  1374 1997s
  8053   944   12.67948   22  212   12.72500   12.45335  2.13%  1381 2011s
  8355   932   12.68680   28  197   12.72500   12.49408  1.81%  1381 2032s
  8489   903     cutoff   23        12.72500   12.49430  1.81%  1389 2047s
  8809   838     cutoff   25        12.72500   12.50374  1.74%  1395 2064s
  9149   788   12.61260   23  235   12.72500   12.53202  1.52%  1399 2079s
  9499   719   12.61450   26  367   12.72500   12.53622  1.48%  1406 2103s
  9874   657     cutoff   30        12.72500   12.54215  1.44%  1403 2128s
 10309   526     cutoff   33        12.72500   12.54344  1.43%  1403 2159s
 10821   330     cutoff   28        12.72500   12.61005  0.90%  1401 2175s
 11422    33     cutoff   28        12.72500   12.64058  0.66%  1386 2191s

Cutting planes:
  Learned: 8
  Gomory: 41
  Cover: 103
  Implied bound: 852
  Projected implied bound: 66
  Clique: 90
  MIR: 692
  StrongCG: 4
  Flow cover: 1321
  Inf proof: 1
  Zero half: 10
  RLT: 63
  Relax-and-lift: 137
  BQP: 9
  PSD: 2

Explored 12052 nodes (16356435 simplex iterations) in 2191.12 seconds (4644.55 work units)
Thread count was 32 (of 128 available processors)

Solution count 10: 12.725 12.725 12.725 ... 12.7251

Optimal solution found (tolerance 5.00e-03)
Best objective 1.272500142802e+01, best bound 1.268393251736e+01, gap 0.3227%


*********************************************
*********************************************


Set parameter LogFile to value "/work/07346/ashukla/ls6/Norta_Results/norta_sm_16_18/40M"
Gurobi Optimizer version 10.0.2 build v10.0.2rc0 (linux64)

CPU model: AMD EPYC 7763 64-Core Processor, instruction set [SSE2|AVX|AVX2]
Thread count: 128 physical cores, 128 logical processors, using up to 32 threads

Optimize a model with 211803 rows, 77908 columns and 590120 nonzeros
Model fingerprint: 0xc2e09f7d
Variable types: 55968 continuous, 21940 integer (21578 binary)
Coefficient statistics:
  Matrix range     [1e-03, 1e+05]
  Objective range  [6e-02, 6e-02]
  Bounds range     [1e+00, 3e+00]
  RHS range        [1e-02, 4e+07]

MIP start from previous solve produced solution with objective 12.725 (0.63s)
MIP start from previous solve produced solution with objective 12.725 (0.64s)
Loaded MIP start from previous solve with objective 12.725

Presolve removed 176759 rows and 50764 columns
Presolve time: 1.64s
Presolved: 35044 rows, 27144 columns, 127074 nonzeros
Variable types: 23526 continuous, 3618 integer (3554 binary)
Root barrier log...

Ordering time: 0.32s

Barrier statistics:
 Dense cols : 58
 AA' NZ     : 3.852e+05
 Factor NZ  : 2.970e+06 (roughly 45 MB of memory)
 Factor Ops : 1.248e+09 (less than 1 second per iteration)
 Threads    : 32

                  Objective                Residual
Iter       Primal          Dual         Primal    Dual     Compl     Time
   0  -6.98431783e+05 -2.82310994e+05  3.79e+04 1.68e-01  7.27e+02     3s
   1  -4.16477477e+05 -3.05712421e+05  2.22e+04 3.58e-01  4.30e+02     3s
   2  -1.38990475e+05 -3.82470109e+05  4.15e+03 4.83e-13  1.55e+02     3s
   3  -1.72157891e+04 -2.94083614e+05  8.98e+01 6.58e-14  2.22e+01     3s
   4  -2.45790735e+03 -1.43730567e+05  1.38e+01 5.78e-14  4.54e+00     3s
   5  -7.91684360e+01 -8.80730912e+04  1.51e+00 2.90e-14  1.58e+00     3s
   6   1.44690368e+02 -2.57630879e+04  2.52e-01 4.74e-15  4.22e-01     3s
   7   1.51493885e+02 -4.20895290e+03  1.30e-02 3.11e-15  6.84e-02     3s
   8   8.56808887e+01 -7.88023344e+02  1.04e-03 8.88e-16  1.37e-02     3s
   9   2.59267155e+01 -1.71364471e+02  4.10e-05 4.44e-16  3.08e-03     3s
  10   1.50671735e+01 -4.71676456e+01  1.76e-05 6.66e-16  9.72e-04     3s
  11   1.02003780e+01 -1.77125381e+01  9.61e-06 4.44e-16  4.36e-04     3s
  12   7.76519642e+00 -6.34647912e+00  5.77e-06 4.44e-16  2.20e-04     3s
  13   6.12878773e+00 -1.22577263e+00  3.49e-06 4.44e-16  1.15e-04     3s
  14   5.10913939e+00  1.15348218e+00  2.15e-06 4.44e-16  6.18e-05     3s
  15   4.85030475e+00  1.44457541e+00  1.80e-06 4.44e-16  5.32e-05     3s
  16   4.58618538e+00  2.42731552e+00  1.46e-06 4.44e-16  3.37e-05     3s
  17   4.38684689e+00  2.64194851e+00  1.20e-06 4.44e-16  2.73e-05     3s
  18   4.32741605e+00  2.87018275e+00  1.13e-06 4.44e-16  2.28e-05     3s
  19   3.99306564e+00  3.12258562e+00  7.07e-07 4.44e-16  1.36e-05     3s
  20   3.68845117e+00  3.25168497e+00  3.03e-07 4.44e-16  6.82e-06     3s
  21   3.56445639e+00  3.35379840e+00  1.43e-07 4.44e-16  3.29e-06     3s
  22   3.54643950e+00  3.37907262e+00  1.20e-07 2.22e-16  2.61e-06     3s
  23   3.49838622e+00  3.40471514e+00  5.87e-08 4.44e-16  1.46e-06     3s
  24   3.47784202e+00  3.41548057e+00  3.21e-08 2.22e-16  9.74e-07     3s
  25   3.47210437e+00  3.42921979e+00  2.50e-08 4.44e-16  6.70e-07     3s
  26   3.46435767e+00  3.43670917e+00  1.53e-08 4.44e-16  4.32e-07     3s
  27   3.45954284e+00  3.44555439e+00  9.35e-09 4.44e-16  2.19e-07     3s
  28   3.45805600e+00  3.44687140e+00  7.53e-09 4.44e-16  1.75e-07     3s
  29   3.45555814e+00  3.44942044e+00  4.48e-09 4.44e-16  9.59e-08     3s
  30   3.45296140e+00  3.45078109e+00  1.29e-09 4.44e-16  3.41e-08     3s
  31   3.45241834e+00  3.45141037e+00  6.51e-10 4.44e-16  1.57e-08     3s
  32   3.45204648e+00  3.45171860e+00  2.08e-10 4.44e-16  5.12e-09     3s
  33   3.45189489e+00  3.45182190e+00  1.45e-10 4.08e-13  1.14e-09     4s
  34   3.45187212e+00  3.45185329e+00  1.60e-10 2.18e-13  2.94e-10     4s
  35   3.45186202e+00  3.45185999e+00  3.73e-09 1.11e-13  3.18e-11     4s

Barrier solved model in 35 iterations and 3.55 seconds (3.55 work units)
Optimal objective 3.45186202e+00

Extra simplex iterations after uncrush: 1

Root relaxation: objective 3.451860e+00, 7649 iterations, 2.42 seconds (2.60 work units)
Total elapsed time = 7.59s

    Nodes    |    Current Node    |     Objective Bounds      |     Work
 Expl Unexpl |  Obj  Depth IntInf | Incumbent    BestBd   Gap | It/Node Time

     0     0    3.45186    0  271   12.72500    3.45186  72.9%     -    8s
H    0     0                      10.3113156    3.45186  66.5%     -   10s
H    0     0                       8.3734210    4.11070  50.9%     -   30s
H    0     0                       6.9520969    4.11070  40.9%     -   30s
     0     0    4.11070    0  263    6.95210    4.11070  40.9%     -   30s
H    0     0                       6.3428985    4.12429  35.0%     -   36s
     0     0    4.19483    0  286    6.34290    4.19483  33.9%     -   36s
     0     0    4.19483    0  286    6.34290    4.19483  33.9%     -   36s
     0     0    4.21356    0  304    6.34290    4.21356  33.6%     -   40s
H    0     0                       6.2104953    4.21356  32.2%     -   43s
     0     0    4.21917    0  298    6.21050    4.21917  32.1%     -   44s
     0     0    4.22113    0  283    6.21050    4.22113  32.0%     -   45s
     0     0    4.22113    0  282    6.21050    4.22113  32.0%     -   45s
     0     0    4.27826    0  288    6.21050    4.27826  31.1%     -   52s
     0     0    4.27829    0  289    6.21050    4.27829  31.1%     -   57s
     0     0    4.27829    0  282    6.21050    4.27829  31.1%     -   58s
     0     0    4.27829    0  281    6.21050    4.27829  31.1%     -   59s
     0     0    4.27829    0  284    6.21050    4.27829  31.1%     -   60s
     0     0    4.27829    0  284    6.21050    4.27829  31.1%     -   62s
     0     0    4.27829    0  284    6.21050    4.27829  31.1%     -   62s
     0     0    4.27829    0  284    6.21050    4.27829  31.1%     -   65s
     0     0    4.27829    0  284    6.21050    4.27829  31.1%     -   65s
     0     0    4.27829    0  218    6.21050    4.27829  31.1%     -   72s
     0     2    4.27829    0  218    6.21050    4.27829  31.1%     -   80s
     1     4    4.52026    1  231    6.21050    4.27829  31.1%  6614   86s
     3     8    4.52071    2  211    6.21050    4.28156  31.1%  3767   91s
     7    16    4.55078    3  281    6.21050    4.28327  31.0%  3446   97s
    15    32    5.07342    4  247    6.21050    4.32212  30.4%  3751  103s
    31    64    5.11561    5  322    6.21050    4.32252  30.4%  3608  125s
H   35    64                       6.0530598    4.32252  28.6%  3420  125s
H   40    64                       6.0326787    4.32252  28.3%  3367  125s
H   42    64                       5.7194009    4.32252  24.4%  3345  125s
    63    96    5.11564    6  256    5.71940    4.33059  24.3%  3690  148s
H   95   128                       5.7194008    4.33059  24.3%  3305  156s
H  105   128                       5.4526929    4.33059  20.6%  3228  156s
H  124   128                       5.4456025    4.33059  20.5%  3116  156s
   127   157    5.16237    8  261    5.44560    4.33059  20.5%  3062  166s
   159   189    5.18429    8  239    5.44560    4.33059  20.5%  3077  172s
H  160   189                       5.4456025    4.33059  20.5%  3058  172s
H  161   189                       5.4456024    4.33059  20.5%  3040  172s
H  169   189                       5.4456024    4.33059  20.5%  3001  172s
H  172   189                       5.4419715    4.33059  20.4%  2979  172s
   191   235    5.16361    9  208    5.44197    4.33059  20.4%  2790  183s
H  237   263                       5.3560170    4.33059  19.1%  2511  274s
H  239   263                       5.2946314    4.33059  18.2%  2495  274s
H  240   263                       5.2857921    4.33059  18.1%  2493  274s
H  254   263                       5.2734120    4.33059  17.9%  2461  274s
   269   303    5.16385   11  244    5.27341    4.33059  17.9%  2428  284s
   320   363    5.16682   13  190    5.27341    4.33059  17.9%  2362  291s
   386   422    5.17784   16  246    5.27341    4.33059  17.9%  2197  298s
   449   486    5.17914   18  232    5.27341    4.33059  17.9%  2037  305s
   519   562    5.18760   19  160    5.27341    4.33059  17.9%  1907  315s
   611   625    5.21166   23  205    5.27341    4.33059  17.9%  1756  321s
   694   647     cutoff   23         5.27341    4.33976  17.7%  1675  440s
H  695   647                       4.7046137    4.33976  7.76%  1672  440s
H  704   647                       4.7046133    4.33976  7.76%  1687  440s
   732   596    4.55128    7  183    4.70461    4.33976  7.76%  1669  449s
   849   638    4.57609   10  206    4.70461    4.33976  7.76%  1605  456s
   941   683     cutoff   16         4.70461    4.33976  7.76%  1601  462s
  1044   746     cutoff   14         4.70461    4.37889  6.92%  1577  503s
  1173   818    4.43968    7  275    4.70461    4.37889  6.92%  1543  515s
  1316   897    4.60478    8  189    4.70461    4.37889  6.92%  1486  521s
  1498   872     cutoff   10         4.70461    4.37889  6.92%  1389  532s
  1637   896    4.57935    9  318    4.70461    4.37889  6.92%  1386  542s
  1747   911     cutoff   11         4.70461    4.37889  6.92%  1395  569s
  1790  1010    4.61510   11  317    4.70461    4.37889  6.92%  1402  576s
  1990  1043     cutoff   16         4.70461    4.37889  6.92%  1347  586s
  2153  1128     cutoff   15         4.70461    4.37889  6.92%  1336  595s
  2365  1218    4.61982   20  106    4.70461    4.39280  6.63%  1305  608s
  2637  1252    4.64251    8  278    4.70461    4.42324  5.98%  1255  615s
  2889  1344     cutoff    9         4.70461    4.42324  5.98%  1219  622s
  3160  1411     cutoff    9         4.70461    4.42324  5.98%  1183  631s
  3447  1502    4.62108   16   98    4.70461    4.47604  4.86%  1147  642s
  3758  1555     cutoff   11         4.70461    4.47604  4.86%  1116  654s
* 3984  1555              34       4.6941888    4.51673  3.78%  1099  654s
* 4058  1555              37       4.6738506    4.51673  3.36%  1089  654s
  4083  1534    4.61168   22   57    4.67385    4.53490  2.97%  1088  662s
  4335  1492    4.63444   18  129    4.67385    4.57809  2.05%  1083  676s
  4626  1431    4.64150   22  100    4.67385    4.57809  2.05%  1084  689s
  4927  1380    4.61317   20  141    4.67385    4.59634  1.66%  1079  702s
  5218  1322     cutoff   25         4.67385    4.60889  1.39%  1080  715s
  5383  1223     cutoff   22         4.67385    4.61317  1.30%  1084  722s
  5712  1119    4.67040   12  110    4.67385    4.62215  1.11%  1082  731s
  6042   939     cutoff   13         4.67385    4.62583  1.03%  1083  743s
  6408   522     cutoff   22         4.67385    4.63951  0.73%  1085  755s
  6988    19     cutoff   23         4.67385    4.64788  0.56%  1046  768s

Cutting planes:
  Learned: 3
  Gomory: 41
  Cover: 198
  Implied bound: 1077
  Clique: 63
  MIR: 435
  StrongCG: 5
  Flow cover: 222
  Inf proof: 3
  Zero half: 6
  RLT: 46
  Relax-and-lift: 126
  BQP: 3
  PSD: 2

Explored 7622 nodes (7539350 simplex iterations) in 768.50 seconds (1650.49 work units)
Thread count was 32 (of 128 available processors)

Solution count 10: 4.67385 4.69419 4.70461 ... 5.4456

Optimal solution found (tolerance 5.00e-03)
Best objective 4.673850625001e+00, best bound 4.669387656249e+00, gap 0.0955%


*********************************************
*********************************************


Set parameter LogFile to value "/work/07346/ashukla/ls6/Norta_Results/norta_sm_16_18/60M"
Gurobi Optimizer version 10.0.2 build v10.0.2rc0 (linux64)

CPU model: AMD EPYC 7763 64-Core Processor, instruction set [SSE2|AVX|AVX2]
Thread count: 128 physical cores, 128 logical processors, using up to 32 threads

Optimize a model with 211803 rows, 77908 columns and 590120 nonzeros
Model fingerprint: 0x3eec9e55
Variable types: 55968 continuous, 21940 integer (21578 binary)
Coefficient statistics:
  Matrix range     [1e-03, 1e+05]
  Objective range  [6e-02, 6e-02]
  Bounds range     [1e+00, 3e+00]
  RHS range        [1e-02, 6e+07]

MIP start from previous solve produced solution with objective 4.67385 (0.66s)
MIP start from previous solve produced solution with objective 4.67385 (0.66s)
Loaded MIP start from previous solve with objective 4.67385

Presolve removed 176759 rows and 50764 columns
Presolve time: 1.66s
Presolved: 35044 rows, 27144 columns, 127074 nonzeros
Variable types: 23526 continuous, 3618 integer (3554 binary)
Root barrier log...

Ordering time: 0.30s

Barrier statistics:
 Dense cols : 58
 AA' NZ     : 3.852e+05
 Factor NZ  : 2.970e+06 (roughly 45 MB of memory)
 Factor Ops : 1.248e+09 (less than 1 second per iteration)
 Threads    : 32

                  Objective                Residual
Iter       Primal          Dual         Primal    Dual     Compl     Time
   0  -9.87620533e+05 -2.82311584e+05  5.34e+04 1.68e-01  1.02e+03     3s
   1  -6.06139549e+05 -3.06960225e+05  3.21e+04 4.47e-01  6.27e+02     3s
   2  -2.20892910e+05 -4.04403189e+05  9.32e+03 1.54e-13  2.46e+02     3s
   3  -1.71393079e+04 -3.40742764e+05  8.93e+01 2.21e-13  2.34e+01     3s
   4  -5.09064987e+03 -1.36302044e+05  2.73e+01 5.24e-14  6.66e+00     3s
   5  -5.86287670e+02 -9.31921796e+04  4.12e+00 2.98e-14  2.05e+00     3s
   6   1.06153701e+02 -3.73103495e+04  4.63e-01 1.42e-14  6.26e-01     3s
   7   1.56869941e+02 -4.49734401e+03  2.79e-02 2.23e-15  7.34e-02     3s
   8   9.24826912e+01 -9.26286984e+02  3.27e-03 8.88e-16  1.59e-02     3s
   9   3.04473046e+01 -1.64899256e+02  2.77e-04 6.66e-16  3.05e-03     3s
  10   1.00671776e+01 -7.49954722e+01  4.25e-05 4.44e-16  1.33e-03     3s
  11   5.70652377e+00 -3.06709680e+01  1.92e-05 4.44e-16  5.68e-04     3s
  12   5.62310843e+00 -2.09233701e+01  1.85e-05 4.44e-16  4.15e-04     3s
  13   3.92706332e+00 -1.02220414e+01  1.19e-05 4.44e-16  2.21e-04     3s
  14   2.29184539e+00 -3.19066305e+00  6.08e-06 4.44e-16  8.57e-05     3s
  15   1.77068515e+00 -1.20664131e+00  4.37e-06 4.44e-16  4.65e-05     3s
  16   1.27242499e+00 -2.55054889e-01  2.79e-06 4.44e-16  2.39e-05     3s
  17   8.93714751e-01  1.55300496e-01  1.62e-06 4.44e-16  1.15e-05     3s
  18   5.84453663e-01  2.77244645e-01  6.35e-07 4.44e-16  4.80e-06     3s
  19   5.21631553e-01  3.10341317e-01  4.44e-07 4.44e-16  3.30e-06     3s
  20   4.76303742e-01  3.27527786e-01  3.04e-07 4.44e-16  2.33e-06     3s
  21   4.55675899e-01  3.43389748e-01  2.41e-07 4.44e-16  1.76e-06     3s
  22   4.22308986e-01  3.57070735e-01  1.39e-07 4.44e-16  1.02e-06     3s
  23   4.05351590e-01  3.65112042e-01  8.84e-08 4.44e-16  6.29e-07     3s
  24   3.97015447e-01  3.69779927e-01  6.26e-08 4.44e-16  4.26e-07     3s
  25   3.92582100e-01  3.71812944e-01  4.88e-08 2.22e-16  3.25e-07     3s
  26   3.85163591e-01  3.74156686e-01  2.74e-08 4.44e-16  1.72e-07     3s
  27   3.79501095e-01  3.75545964e-01  8.62e-09 4.44e-16  6.18e-08     3s
  28   3.78138304e-01  3.76148216e-01  4.22e-09 4.44e-16  3.11e-08     3s
  29   3.77819085e-01  3.76234336e-01  3.19e-09 4.44e-16  2.48e-08     4s
  30   3.77572541e-01  3.76313818e-01  2.41e-09 4.44e-16  1.97e-08     4s
  31   3.77249426e-01  3.76441858e-01  1.40e-09 4.44e-16  1.26e-08     4s
  32   3.77114778e-01  3.76570213e-01  9.85e-10 4.44e-16  8.51e-09     4s
  33   3.76903861e-01  3.76753707e-01  3.88e-10 1.46e-14  2.35e-09     4s
  34   3.76810685e-01  3.76780362e-01  1.11e-09 4.61e-14  4.74e-10     4s
  35   3.76800614e-01  3.76784179e-01  4.77e-10 3.07e-14  2.57e-10     4s
  36   3.76793685e-01  3.76790837e-01  7.91e-10 2.96e-14  4.45e-11     4s
  37   3.76792921e-01  3.76792295e-01  1.03e-08 3.69e-14  9.78e-12     4s

Barrier solved model in 37 iterations and 3.70 seconds (3.68 work units)
Optimal objective 3.76792921e-01


Root simplex log...

Iteration    Objective       Primal Inf.    Dual Inf.      Time
    7156    3.7679260e-01   0.000000e+00   4.473821e-05      5s
    7189    3.7679260e-01   0.000000e+00   0.000000e+00      5s
    7193    3.7679260e-01   0.000000e+00   0.000000e+00      5s
Extra simplex iterations after uncrush: 4

Root relaxation: objective 3.767926e-01, 7193 iterations, 2.81 seconds (3.32 work units)
Total elapsed time = 13.03s

    Nodes    |    Current Node    |     Objective Bounds      |     Work
 Expl Unexpl |  Obj  Depth IntInf | Incumbent    BestBd   Gap | It/Node Time

     0     0    0.37679    0  214    4.67385    0.37679  91.9%     -   13s
H    0     0                       3.3791007    0.37679  88.8%     -   15s
H    0     0                       3.2081867    0.37679  88.3%     -   16s
H    0     0                       3.2081864    0.37679  88.3%     -   16s
     0     0    0.46204    0  200    3.20819    0.46204  85.6%     -   22s
H    0     0                       2.0932787    0.46204  77.9%     -   24s
H    0     0                       2.0932784    0.46204  77.9%     -   26s
H    0     0                       2.0703109    0.46450  77.6%     -   27s
     0     0    0.46450    0  222    2.07031    0.46450  77.6%     -   27s
H    0     0                       1.9854043    0.46909  76.4%     -   29s
     0     0    0.46909    0  233    1.98540    0.46909  76.4%     -   29s
     0     0    0.46911    0  231    1.98540    0.46911  76.4%     -   30s
     0     0    0.46918    0  232    1.98540    0.46918  76.4%     -   31s
     0     0    0.46918    0  232    1.98540    0.46918  76.4%     -   35s
     0     0    0.46922    0  233    1.98540    0.46922  76.4%     -   36s
     0     0    0.46922    0  233    1.98540    0.46922  76.4%     -   36s
     0     0    0.46935    0  231    1.98540    0.46935  76.4%     -   36s
     0     0    0.46935    0  231    1.98540    0.46935  76.4%     -   37s
     0     0    0.46938    0  232    1.98540    0.46938  76.4%     -   37s
     0     0    0.46938    0  182    1.98540    0.46938  76.4%     -   41s
H    0     0                       1.8644704    0.46938  74.8%     -   44s
     0     2    0.46938    0  182    1.86447    0.46938  74.8%     -   47s
     1     4    0.85884    1  191    1.86447    0.46938  74.8%  6800   52s
     3     8    1.47159    2  192    1.86447    0.46953  74.8%  3716   57s
     7    16    1.58894    3  222    1.86447    0.47142  74.7%  3845   63s
    15    32    1.64569    4  232    1.86447    0.47268  74.6%  3379   70s
    31    61     cutoff    5         1.86447    0.48307  74.1%  3613   79s
H   33    61                       1.8642760    0.48307  74.1%  3565   79s
H   39    61                       1.0275435    0.48307  53.0%  3614   79s
    63    33    0.90335    6  202    1.02754    0.48680  52.6%  3169   98s
   111    54    0.90336    7  201    1.02754    0.49129  52.2%  2066  105s
   143    82    0.95200    8  195    1.02754    0.49168  52.2%  2115  111s
   175   111    0.95636    9  188    1.02754    0.49431  51.9%  2017  117s
H  176   111                       1.0271951    0.49431  51.9%  2006  117s
H  185   111                       1.0269109    0.49431  51.9%  2011  117s
H  189   111                       1.0267641    0.49431  51.9%  2005  117s
   207   149    0.95642   10  186    1.02676    0.49431  51.9%  1921  124s
   251   181    0.95792   11  241    1.02676    0.49431  51.9%  1765  129s
   285   226    0.95930   12  244    1.02676    0.49431  51.9%  1644  134s
   336   288    0.95955   13  188    1.02676    0.49431  51.9%  1530  138s
   404   319    0.96642   15  187    1.02676    0.49431  51.9%  1394  191s
H  405   319                       1.0256834    0.49431  51.8%  1391  191s
H  406   319                       0.9898064    0.49431  50.1%  1398  191s
H  424   319                       0.9889426    0.49431  50.0%  1372  191s
H  425   319                       0.9651703    0.49431  48.8%  1377  191s
   436   344     cutoff   16         0.96517    0.49431  48.8%  1359  196s
   492   393     cutoff   15         0.96517    0.49431  48.8%  1298  206s
   570   414    0.73197   23   66    0.96517    0.49431  48.8%  1317  218s
H  579   414                       0.8254443    0.49431  40.1%  1348  218s
   617   422    0.81388   25  106    0.82544    0.49431  40.1%  1363  227s
*  645   422              27       0.7704744    0.49431  35.8%  1346  227s
   715   465     cutoff   27         0.77047    0.49462  35.8%  1303  235s
   819   539    0.56652   10  294    0.77047    0.49462  35.8%  1268  244s
H  831   539                       0.7369310    0.49462  32.9%  1262  244s
H  885   539                       0.7047080    0.49462  29.8%  1235  244s
   927   594    0.58254   11  323    0.70471    0.49462  29.8%  1208  249s
H 1074   615                       0.6407040    0.49462  22.8%  1116  339s
H 1076   615                       0.6032231    0.49462  18.0%  1119  339s
  1112   505     cutoff   13         0.60322    0.49462  18.0%  1118  347s
  1288   395     cutoff   12         0.60322    0.49462  18.0%  1050  354s
  1436   217    0.55224   20  154    0.60322    0.49462  18.0%  1005  360s
  1642    62     cutoff   22         0.60322    0.49462  18.0%   912  366s
  1812    10    0.56379   24  119    0.60322    0.49462  18.0%   848  374s
  1874     6     cutoff   25         0.60322    0.49462  18.0%   834  376s
  1882     2     cutoff   23         0.60322    0.49462  18.0%   834  380s

Cutting planes:
  Learned: 3
  Gomory: 23
  Cover: 145
  Implied bound: 1045
  Clique: 141
  MIR: 275
  StrongCG: 1
  Flow cover: 81
  Zero half: 4
  RLT: 42
  Relax-and-lift: 101
  BQP: 7
  PSD: 2

Explored 1888 nodes (1606713 simplex iterations) in 383.54 seconds (906.20 work units)
Thread count was 32 (of 128 available processors)

Solution count 10: 0.603223 0.640704 0.704708 ... 1.02568

Optimal solution found (tolerance 5.00e-03)
Best objective 6.032231250005e-01, best bound 6.032231250005e-01, gap 0.0000%


*********************************************
*********************************************


Set parameter LogFile to value "/work/07346/ashukla/ls6/Norta_Results/norta_sm_16_18/80M"
Gurobi Optimizer version 10.0.2 build v10.0.2rc0 (linux64)

CPU model: AMD EPYC 7763 64-Core Processor, instruction set [SSE2|AVX|AVX2]
Thread count: 128 physical cores, 128 logical processors, using up to 32 threads

Optimize a model with 211803 rows, 77908 columns and 590120 nonzeros
Model fingerprint: 0x840b5b10
Variable types: 55968 continuous, 21940 integer (21578 binary)
Coefficient statistics:
  Matrix range     [1e-03, 1e+05]
  Objective range  [6e-02, 6e-02]
  Bounds range     [1e+00, 3e+00]
  RHS range        [1e-02, 8e+07]

MIP start from previous solve produced solution with objective 0.603223 (0.71s)
Loaded MIP start from previous solve with objective 0.603223

Presolve removed 180120 rows and 51328 columns
Presolve time: 1.86s
Presolved: 31683 rows, 26580 columns, 117422 nonzeros
Variable types: 23074 continuous, 3506 integer (3446 binary)
Root barrier log...

Ordering time: 0.27s

Barrier statistics:
 Dense cols : 46
 AA' NZ     : 3.312e+05
 Factor NZ  : 2.520e+06 (roughly 40 MB of memory)
 Factor Ops : 9.210e+08 (less than 1 second per iteration)
 Threads    : 32

                  Objective                Residual
Iter       Primal          Dual         Primal    Dual     Compl     Time
   0  -5.55289836e+04 -2.46950095e+05  2.78e+02 1.68e-01  6.06e+01     3s
   1  -1.59858628e+04 -2.06175074e+05  8.09e+01 4.28e-01  1.94e+01     3s
   2  -2.89139925e+02 -9.18868579e+04  2.55e+00 2.89e-14  1.94e+00     3s
   3  -5.42196939e+01 -3.05929475e+04  1.34e+00 7.92e-15  6.27e-01     3s
   4   1.38338767e+02 -5.60668940e+03  1.85e-01 3.11e-15  1.04e-01     3s
   5   1.25998570e+02 -1.57362109e+03  2.45e-02 1.11e-15  2.92e-02     3s
   6   6.54193466e+01 -6.28550284e+02  6.46e-03 8.88e-16  1.18e-02     3s
   7   3.43104745e+01 -2.08645735e+02  2.11e-03 4.44e-16  4.12e-03     3s
   8   1.53759926e+01 -7.17818041e+01  6.13e-04 4.44e-16  1.48e-03     3s
   9   5.61057104e+00 -2.53047878e+01  1.52e-04 4.44e-16  5.23e-04     3s
  10   7.31454224e-01 -8.24592979e+00  4.34e-06 4.44e-16  1.52e-04     3s
  11   1.02504205e-01 -7.56522517e-01  3.21e-07 4.44e-16  1.45e-05     3s
  12   1.65348260e-02 -4.99060341e-02  4.46e-08 4.44e-16  1.12e-06     3s
  13   2.13514947e-03 -5.62128934e-03  5.55e-09 4.44e-16  1.31e-07     3s
  14   1.53119813e-04 -2.69321589e-04  3.83e-10 8.88e-16  7.13e-09     3s
  15   5.53388873e-08 -1.50826907e-07  1.24e-11 8.88e-16  3.48e-12     3s

Barrier solved model in 15 iterations and 3.37 seconds (3.17 work units)
Optimal objective 5.53388873e-08


Root relaxation: objective 1.023182e-12, 4696 iterations, 1.54 seconds (1.45 work units)
Total elapsed time = 11.06s

    Nodes    |    Current Node    |     Objective Bounds      |     Work
 Expl Unexpl |  Obj  Depth IntInf | Incumbent    BestBd   Gap | It/Node Time

     0     0    0.00000    0   16    0.60322    0.00000   100%     -   12s
     0     0    0.00000    0   66    0.60322    0.00000   100%     -   18s
     0     0    0.00000    0   62    0.60322    0.00000   100%     -   20s
     0     0    0.00000    0    9    0.60322    0.00000   100%     -   23s
H    0     0                       0.4338125    0.00000   100%     -   24s
     0     0    0.00000    0    9    0.43381    0.00000   100%     -   24s
     0     0    0.00000    0    5    0.43381    0.00000   100%     -   25s
H    0     0                       0.0764283    0.00000   100%     -   25s
     0     0    0.00000    0    5    0.07643    0.00000   100%     -   26s
     0     0    0.00000    0    2    0.07643    0.00000   100%     -   26s
     0     0    0.00000    0    2    0.07643    0.00000   100%     -   26s
     0     0    0.00000    0    2    0.07643    0.00000   100%     -   27s
     0     2    0.00000    0    2    0.07643    0.00000   100%     -   28s
     1     4    0.00010    1   89    0.07643    0.00000   100%  9201   35s
     7    12     cutoff    3         0.07643    0.00000   100%  4304   51s
H   15    19                       0.0000000    0.00000  0.00%  3336   54s

Cutting planes:
  Cover: 29
  Implied bound: 389
  Clique: 4
  MIR: 92
  Flow cover: 8
  RLT: 2
  Relax-and-lift: 19
  PSD: 6

Explored 27 nodes (103081 simplex iterations) in 54.39 seconds (112.05 work units)
Thread count was 32 (of 128 available processors)

Solution count 4: 5.68434e-13 0.0764283 0.433812 0.603223 

Optimal solution found (tolerance 5.00e-03)
Best objective 5.684341886081e-13, best bound 5.684341886081e-13, gap 0.0000%


*********************************************
*********************************************


