Set parameter TokenServer to value "license02.tacc.utexas.edu"
Set parameter LogFile to value "/work/07346/ashukla/ls6/Norta_Results/norta_sm_16_17/0M"
Set parameter MIPGap to value 0.005
Set parameter TimeLimit to value 32400
Set parameter Method to value 2
Gurobi Optimizer version 10.0.2 build v10.0.2rc0 (linux64)

CPU model: AMD EPYC 7763 64-Core Processor, instruction set [SSE2|AVX|AVX2]
Thread count: 128 physical cores, 128 logical processors, using up to 32 threads

Optimize a model with 211755 rows, 77908 columns and 589976 nonzeros
Model fingerprint: 0x76d0a519
Variable types: 55968 continuous, 21940 integer (21578 binary)
Coefficient statistics:
  Matrix range     [1e-03, 1e+05]
  Objective range  [6e-02, 6e-02]
  Bounds range     [1e+00, 3e+00]
  RHS range        [1e-02, 2e+04]
Presolve removed 210876 rows and 76730 columns
Presolve time: 1.61s
Presolved: 879 rows, 1178 columns, 4004 nonzeros
Variable types: 1030 continuous, 148 integer (148 binary)
Found heuristic solution: objective 63.0309095
Root barrier log...

Ordering time: 0.00s

Barrier statistics:
 AA' NZ     : 4.671e+03
 Factor NZ  : 2.122e+04 (roughly 1 MB of memory)
 Factor Ops : 1.015e+06 (less than 1 second per iteration)
 Threads    : 1

                  Objective                Residual
Iter       Primal          Dual         Primal    Dual     Compl     Time
   0  -1.85844090e+03 -8.03638317e+03  1.55e+02 2.00e-01  3.47e+01     2s
   1  -3.28278055e+01 -4.30133273e+03  7.02e+00 3.46e-02  3.37e+00     2s
   2   4.43114838e+01 -5.03258320e+02  6.74e-01 1.20e-04  3.30e-01     2s
   3   4.92431812e+01 -6.84988603e+00  5.56e-02 8.88e-16  2.95e-02     2s
   4   4.39145107e+01  3.21546366e+01  1.37e-03 4.44e-16  5.83e-03     2s
   5   4.19376567e+01  3.78231545e+01  2.41e-04 4.44e-16  2.04e-03     2s
   6   4.14204099e+01  3.92608197e+01  5.71e-05 2.22e-16  1.07e-03     2s
   7   4.12761216e+01  4.02118137e+01  1.99e-05 2.22e-16  5.26e-04     2s
   8   4.12206433e+01  4.08605526e+01  1.00e-05 4.44e-16  1.78e-04     2s
   9   4.11985983e+01  4.10214661e+01  6.25e-06 2.22e-16  8.75e-05     2s
  10   4.11681264e+01  4.11323384e+01  1.21e-06 4.44e-16  1.77e-05     2s
  11   4.11600430e+01  4.11584857e+01  8.12e-08 2.22e-16  7.70e-07     2s
  12   4.11592543e+01  4.11592384e+01  2.01e-10 2.22e-16  7.87e-09     2s
  13   4.11592514e+01  4.11592514e+01  1.61e-09 2.22e-16  5.51e-12     2s

Barrier solved model in 13 iterations and 1.71 seconds (1.83 work units)
Optimal objective 4.11592514e+01


Root relaxation: objective 4.115925e+01, 21 iterations, 0.02 seconds (0.02 work units)

    Nodes    |    Current Node    |     Objective Bounds      |     Work
 Expl Unexpl |  Obj  Depth IntInf | Incumbent    BestBd   Gap | It/Node Time

     0     0   41.15925    0    2   63.03091   41.15925  34.7%     -    1s
H    0     0                      41.1592612   41.15925  0.00%     -    1s

Explored 1 nodes (21 simplex iterations) in 1.74 seconds (1.85 work units)
Thread count was 32 (of 128 available processors)

Solution count 2: 41.1593 63.0309 

Optimal solution found (tolerance 5.00e-03)
Best objective 4.115926124776e+01, best bound 4.115925141050e+01, gap 0.0000%


*********************************************
*********************************************


Set parameter LogFile to value "/work/07346/ashukla/ls6/Norta_Results/norta_sm_16_17/20M"
Gurobi Optimizer version 10.0.2 build v10.0.2rc0 (linux64)

CPU model: AMD EPYC 7763 64-Core Processor, instruction set [SSE2|AVX|AVX2]
Thread count: 128 physical cores, 128 logical processors, using up to 32 threads

Optimize a model with 211755 rows, 77908 columns and 589976 nonzeros
Model fingerprint: 0x5824ffc6
Variable types: 55968 continuous, 21940 integer (21578 binary)
Coefficient statistics:
  Matrix range     [1e-03, 1e+05]
  Objective range  [6e-02, 6e-02]
  Bounds range     [1e+00, 3e+00]
  RHS range        [1e-02, 2e+07]

MIP start from previous solve produced solution with objective 41.1593 (0.57s)
MIP start from previous solve produced solution with objective 41.1593 (0.58s)
Loaded MIP start from previous solve with objective 41.1593

Presolve removed 177381 rows and 50793 columns
Presolve time: 1.60s
Presolved: 34374 rows, 27115 columns, 125153 nonzeros
Variable types: 23481 continuous, 3634 integer (3572 binary)
Root barrier log...

Ordering time: 0.30s

Barrier statistics:
 Dense cols : 56
 AA' NZ     : 3.746e+05
 Factor NZ  : 2.933e+06 (roughly 44 MB of memory)
 Factor Ops : 1.147e+09 (less than 1 second per iteration)
 Threads    : 32

                  Objective                Residual
Iter       Primal          Dual         Primal    Dual     Compl     Time
   0  -9.80671072e+05 -2.79708676e+05  5.08e+04 1.68e-01  1.02e+03     3s
   1  -6.02574582e+05 -3.10719380e+05  3.08e+04 4.01e-01  6.18e+02     3s
   2  -1.89149485e+05 -3.77155827e+05  9.15e+03 1.82e-13  2.08e+02     3s
   3  -3.95487161e+04 -3.25388293e+05  2.06e+03 7.35e-14  4.68e+01     3s
   4  -9.98436546e+03 -1.85611292e+05  4.97e+02 3.54e-14  1.24e+01     3s
   5  -3.27360939e+03 -1.08153292e+05  1.58e+02 8.70e-15  4.49e+00     3s
   6  -1.42854288e+03 -8.72856487e+04  6.46e+01 6.00e-15  2.56e+00     3s
   7  -5.69982623e+02 -4.02863913e+04  2.44e+01 4.96e-15  1.04e+00     3s
   8  -1.12500807e+01 -9.22606541e+03  3.44e+00 3.90e-15  2.04e-01     3s
   9   1.18988889e+02 -1.58745813e+03  1.06e-01 2.33e-15  3.02e-02     3s
  10   7.89641249e+01 -2.35781644e+02  1.17e-02 1.15e-15  5.13e-03     3s
  11   4.88406325e+01 -9.24269620e+01  5.36e-03 6.66e-16  2.29e-03     3s
  12   3.26459096e+01 -4.68599861e+01  2.87e-03 6.66e-16  1.28e-03     3s
  13   2.50779210e+01 -2.80641516e+01  1.85e-03 4.44e-16  8.56e-04     3s
  14   2.15297974e+01 -1.67684474e+01  1.40e-03 4.44e-16  6.17e-04     3s
  15   1.69620480e+01 -7.34954488e+00  8.42e-04 4.44e-16  3.91e-04     3s
  16   1.47942288e+01  4.91178720e-01  6.00e-04 4.44e-16  2.31e-04     3s
  17   1.37567162e+01  2.88872806e+00  4.86e-04 4.44e-16  1.75e-04     3s
  18   1.23929045e+01  4.20053743e+00  3.54e-04 4.44e-16  1.32e-04     3s
  19   1.11710687e+01  6.50033483e+00  2.35e-04 4.44e-16  7.55e-05     3s
  20   1.02944077e+01  7.06241915e+00  1.30e-04 4.44e-16  5.21e-05     3s
  21   9.93585718e+00  8.14341151e+00  8.85e-05 4.44e-16  2.90e-05     3s
  22   9.76689707e+00  8.38734615e+00  6.96e-05 4.44e-16  2.23e-05     3s
  23   9.52731992e+00  8.66417943e+00  4.37e-05 4.44e-16  1.40e-05     3s
  24   9.38801233e+00  8.75559029e+00  2.84e-05 4.44e-16  1.02e-05     3s
  25   9.33247104e+00  8.88252795e+00  2.23e-05 4.44e-16  7.27e-06     3s
  26   9.23445565e+00  8.93310100e+00  1.30e-05 4.44e-16  4.86e-06     3s
  27   9.17542603e+00  8.97641455e+00  6.47e-06 4.44e-16  3.19e-06     3s
  28   9.15234881e+00  9.04420348e+00  3.95e-06 8.88e-16  1.74e-06     3s
  29   9.14230110e+00  9.06271537e+00  2.89e-06 1.85e-15  1.28e-06     3s
  30   9.13312140e+00  9.07874105e+00  1.91e-06 3.22e-15  8.74e-07     3s
  31   9.12823465e+00  9.08418444e+00  1.40e-06 1.63e-15  7.07e-07     3s
  32   9.12447967e+00  9.09310017e+00  9.81e-07 3.63e-15  5.04e-07     3s
  33   9.12110115e+00  9.10069133e+00  6.47e-07 4.44e-16  3.28e-07     3s
  34   9.12056655e+00  9.10387322e+00  5.96e-07 1.56e-15  2.68e-07     3s
  35   9.11641796e+00  9.10762722e+00  1.94e-07 4.45e-15  1.41e-07     3s
  36   9.11528322e+00  9.11216107e+00  8.83e-08 6.80e-15  5.00e-08     3s
  37   9.11491095e+00  9.11306342e+00  5.45e-08 8.01e-15  2.96e-08     3s
  38   9.11476017e+00  9.11374456e+00  4.10e-08 3.42e-15  1.64e-08     3s
  39   9.11446589e+00  9.11390738e+00  1.52e-08 1.60e-15  8.95e-09     3s
  40   9.11435560e+00  9.11418312e+00  5.39e-09 3.66e-15  2.77e-09     3s
  41   9.11432751e+00  9.11425355e+00  3.02e-09 4.16e-15  1.19e-09     3s
  42   9.11429587e+00  9.11428385e+00  2.52e-09 1.15e-13  1.93e-10     4s
  43   9.11429421e+00  9.11428789e+00  4.54e-09 4.93e-14  1.02e-10     4s
  44   9.11429158e+00  9.11429040e+00  4.48e-09 4.19e-14  1.90e-11     4s

Barrier solved model in 44 iterations and 3.55 seconds (3.61 work units)
Optimal objective 9.11429158e+00

Extra simplex iterations after uncrush: 1

Root relaxation: objective 9.114291e+00, 4311 iterations, 2.32 seconds (2.48 work units)
Total elapsed time = 7.14s

    Nodes    |    Current Node    |     Objective Bounds      |     Work
 Expl Unexpl |  Obj  Depth IntInf | Incumbent    BestBd   Gap | It/Node Time

     0     0    9.11429    0  524   41.15926    9.11429  77.9%     -    8s
H    0     0                      41.1592612    9.11429  77.9%     -   13s
H    0     0                      25.8108332    9.11429  64.7%     -   15s
H    0     0                      14.3903598   10.15957  29.4%     -   26s
     0     0   10.15957    0  659   14.39036   10.15957  29.4%     -   26s
     0     0   10.27086    0  672   14.39036   10.27086  28.6%     -   30s
     0     0   10.27086    0  671   14.39036   10.27086  28.6%     -   31s
     0     0   10.27086    0  672   14.39036   10.27086  28.6%     -   31s
     0     0   10.27086    0  672   14.39036   10.27086  28.6%     -   31s
     0     0   10.36802    0  671   14.39036   10.36802  28.0%     -   38s
     0     0   10.40936    0  644   14.39036   10.40936  27.7%     -   40s
     0     0   10.41233    0  630   14.39036   10.41233  27.6%     -   40s
     0     0   10.41236    0  630   14.39036   10.41236  27.6%     -   40s
     0     0   10.51283    0  526   14.39036   10.51283  26.9%     -   47s
     0     0   10.52151    0  553   14.39036   10.52151  26.9%     -   50s
     0     0   10.52209    0  545   14.39036   10.52209  26.9%     -   50s
     0     0   10.52215    0  550   14.39036   10.52215  26.9%     -   50s
     0     0   10.53242    0  836   14.39036   10.53242  26.8%     -   53s
     0     0   10.53568    0  766   14.39036   10.53568  26.8%     -   54s
     0     0   10.53596    0  593   14.39036   10.53596  26.8%     -   54s
     0     0   10.53600    0  594   14.39036   10.53600  26.8%     -   54s
     0     0   10.54988    0  639   14.39036   10.54988  26.7%     -   56s
     0     0   10.55197    0  831   14.39036   10.55197  26.7%     -   58s
     0     0   10.55197    0  830   14.39036   10.55197  26.7%     -   58s
     0     0   10.55325    0  825   14.39036   10.55325  26.7%     -   59s
H    0     0                      14.3902715   10.55325  26.7%     -   61s
     0     0   10.55407    0  834   14.39027   10.55407  26.7%     -   62s
     0     0   10.55409    0  834   14.39027   10.55409  26.7%     -   62s
     0     0   10.55418    0  759   14.39027   10.55418  26.7%     -   62s
     0     0   10.55436    0  734   14.39027   10.55436  26.7%     -   62s
H    0     0                      13.3743351   10.55516  21.1%     -   63s
     0     0   10.55516    0  734   13.37434   10.55516  21.1%     -   63s
     0     0   10.55551    0  719   13.37434   10.55551  21.1%     -   64s
     0     0   10.55570    0  741   13.37434   10.55570  21.1%     -   64s
     0     0   10.55584    0  715   13.37434   10.55584  21.1%     -   64s
     0     0   10.55584    0  715   13.37434   10.55584  21.1%     -   66s
     0     0   10.55585    0  714   13.37434   10.55585  21.1%     -   66s
     0     0   10.55585    0  554   13.37434   10.55585  21.1%     -   72s
     0     2   10.55585    0  550   13.37434   10.55585  21.1%     -   79s
     1     4   10.56032    1  523   13.37434   10.55616  21.1%  1254   80s
     3     8   10.59454    2  540   13.37434   10.55698  21.1%  1000   87s
     7    16   11.20174    3  644   13.37434   10.57865  20.9%  2929   97s
    15    32   11.74985    4  667   13.37434   10.66494  20.3%  3559  102s
    31    64   11.87466    5  586   13.37434   10.68230  20.1%  3297  156s
    63    96   11.91296    6  536   13.37434   10.70024  20.0%  5665  177s
    95   128   11.97247    6  562   13.37434   10.70024  20.0%  4283  187s
H   97   128                      13.3522652   10.70024  19.9%  4202  187s
H  102   128                      13.3475262   10.70024  19.8%  4082  187s
H  114   128                      13.3412975   10.70024  19.8%  3790  187s
   127   160   11.98191    7  530   13.34130   10.70024  19.8%  3664  193s
H  159   192                      13.2290936   10.70024  19.1%  3287  209s
H  161   192                      13.1205754   10.70024  18.4%  3298  209s
   191   224   12.07762    8  505   13.12058   10.70024  18.4%  3085  217s
   223   270   12.52716    8  561   13.12058   10.70024  18.4%  2890  233s
   271   312   12.10938    9  472   13.12058   10.70024  18.4%  2705  242s
   313   360   12.16827   10  464   13.12058   10.70024  18.4%  2607  253s
   361   412   12.20437   10  438   13.12058   10.70024  18.4%  2492  257s
   415   468   12.19513   11  446   13.12058   10.70024  18.4%  2345  267s
   473   522   12.33056   12  289   13.12058   10.70024  18.4%  2222  273s
   533   596   12.22542   12  393   13.12058   10.70024  18.4%  2098  278s
   609   659   12.38317   14  377   13.12058   10.70024  18.4%  1940  282s
   676   740   12.45826   16  406   13.12058   10.70024  18.4%  1865  288s
   765   827   12.57264   16  340   13.12058   10.70024  18.4%  1749  292s
   858   915   12.52535   17  311   13.12058   10.70024  18.4%  1639  297s
   954  1012   12.63578   17  246   13.12058   10.70024  18.4%  1562  301s
  1061  1094   12.69451   18  259   13.12058   10.70024  18.4%  1475  311s
H 1124  1094                      12.7849957   10.70024  16.3%  1439  311s
  1166  1114     cutoff   19        12.78500   10.70024  16.3%  1415  318s
  1275  1169   11.48614   19  189   12.78500   10.70024  16.3%  1389  324s
  1345  1239   11.52669   21  161   12.78500   10.70024  16.3%  1411  333s
  1433  1325   11.57859   24  195   12.78500   10.70024  16.3%  1416  340s
  1531  1431   11.91474   31  175   12.78500   10.70024  16.3%  1401  348s
H 1667  1521                      12.4420905   10.70024  14.0%  1366  360s
  1778  1591   12.33736   51   43   12.44209   10.70532  14.0%  1341  370s
  1925  1702   10.90357    7  373   12.44209   10.70532  14.0%  1325  377s
  2075  1814   10.83958    7  272   12.44209   10.70532  14.0%  1299  387s
* 2095  1814              86      12.3753186   10.70532  13.5%  1301  387s
  2226  1773   11.05978    8  409   12.37532   10.70532  13.5%  1298  397s
* 2232  1773              85      12.3753184   10.70532  13.5%  1302  397s
  2334  1818   11.96154    9  198   12.37532   10.70532  13.5%  1313  406s
  2429  1845   11.13654    9  369   12.37532   10.70532  13.5%  1349  418s
  2555  1829   11.14121   10  339   12.37532   10.70532  13.5%  1376  431s
  2674  1895   11.50416   13  187   12.37532   10.70532  13.5%  1409  440s
  2832  2003   11.84247   14  133   12.37532   10.70532  13.5%  1409  448s
H 3023  1248                      11.8985882   10.70532  10.0%  1388  659s
  3024  1202   11.84128   12  554   11.89859   10.70532  10.0%  1388  693s
  3026  1203   11.59643   26  537   11.89859   10.70532  10.0%  1387  704s
  3027  1204   11.31910   20  694   11.89859   10.70532  10.0%  1386  735s
  3028  1205   11.36474   30  701   11.89859   10.70532  10.0%  1386  741s
  3031  1207   11.35806   20  701   11.89859   10.70532  10.0%  1384  745s
  3032  1207   11.83038   37  645   11.89859   10.70532  10.0%  1384  759s
  3033  1208   11.35862   22  595   11.89859   10.70532  10.0%  1383  760s
  3035  1209   11.71257   25  491   11.89859   10.70532  10.0%  1383  771s
  3037  1211   11.83516   43  450   11.89859   10.70532  10.0%  1382  779s
  3038  1211   11.49362   37  561   11.89859   10.70532  10.0%  1381  780s
  3039  1212   11.03625   13  524   11.89859   10.70532  10.0%  1381  790s
  3041  1213   11.13602   17  524   11.89859   10.70532  10.0%  1380  797s
  3043  1215   11.79024   24  502   11.89859   10.70532  10.0%  1379  805s
  3045  1216   11.74997   17  523   11.89859   10.70532  10.0%  1378  813s
  3046  1217   11.89045   35  517   11.89859   10.70532  10.0%  1378  818s
  3047  1217   11.19777   11  517   11.89859   10.70532  10.0%  1377  820s
  3048  1221   10.70532   12  536   11.89859   10.70532  10.0%  28.0  827s
  3050  1224   10.78474   13  564   11.89859   10.70532  10.0%  29.7  833s
  3054  1231   11.36623   14  653   11.89859   10.71539  9.94%  35.8  844s
  3062  1241   11.48433   15  663   11.89859   10.79454  9.28%  47.6  857s
  3078  1252   11.53373   16  628   11.89859   10.86611  8.68%  68.9  868s
  3107  1270   11.71779   17  526   11.89859   10.88453  8.52%   107  877s
  3139  1285   11.72767   18  540   11.89859   10.88580  8.51%   127  882s
  3171  1301   11.73652   19  536   11.89859   10.88580  8.51%   151  890s
  3203  1316   11.88908   20  496   11.89859   10.88580  8.51%   182  898s
  3235  1327     cutoff   20        11.89859   10.88580  8.51%   206  905s
  3268  1340     cutoff   21        11.89859   10.88580  8.51%   231  912s
  3306  1350   11.81683   21  199   11.89859   10.88580  8.51%   251 1050s
H 3307  1288                      11.8594418   10.88580  8.21%   251 1050s
H 3309  1229                      11.8514345   10.88580  8.15%   252 1050s
H 3313  1173                      11.7710591   10.88580  7.52%   255 1050s
H 3332  1113                      11.7443708   10.88580  7.31%   265 1050s
  3338  1113     cutoff   22        11.74437   10.88580  7.31%   270 1058s
  3387  1111   11.19266   20  139   11.74437   10.88580  7.31%   286 1064s
  3439  1101   11.57355   21  483   11.74437   10.88580  7.31%   306 1070s
  3482  1109   11.28673   22  354   11.74437   10.88580  7.31%   325 1077s
H 3539  1055                      11.7443708   10.88580  7.31%   350 1198s
H 3541  1008                      11.7409892   10.88580  7.28%   351 1198s
H 3548   960                      11.7405069   10.88580  7.28%   357 1198s
H 3555   915                      11.7257309   10.88580  7.16%   360 1198s
  3577   942   11.42838   24  189   11.72573   10.88580  7.16%   369 1204s
  3658   934   11.43111   26  178   11.72573   10.88580  7.16%   389 1210s
  3737   941   11.52193   27  149   11.72573   10.88580  7.16%   412 1217s
  3808   954     cutoff   29        11.72573   10.88580  7.16%   434 1226s
  3882   975   11.69910   28  281   11.72573   10.88580  7.16%   461 1238s
  3964   985   11.58310   30  175   11.72573   10.88580  7.16%   482 1245s
  4049  1004     cutoff   31        11.72573   10.89993  7.04%   501 1252s
  4144  1002   11.19257   20  336   11.72573   10.89993  7.04%   515 1260s
  4248   998   11.22507   21  322   11.72573   10.89993  7.04%   531 1269s
  4354   981   11.39326   23  290   11.72573   10.89993  7.04%   549 1279s
  4451   979   11.44761   25  285   11.72573   10.89993  7.04%   567 1286s
H 4557   925                      11.7257137   10.89993  7.04%   587 1378s
H 4562   884                      11.7257131   10.89993  7.04%   589 1378s
H 4565   846                      11.7257130   10.89993  7.04%   589 1378s
H 4591   803                      11.7257129   10.89993  7.04%   598 1378s
  4593   846     cutoff   29        11.72571   10.89993  7.04%   598 1388s
  4724   836   11.71451   30  286   11.72571   10.89993  7.04%   616 1397s
  4843   829     cutoff   31        11.72571   10.89993  7.04%   633 1406s
  4978   816   11.62175   26  304   11.72571   10.89993  7.04%   650 1417s
  5113   832     cutoff   28        11.72571   10.89993  7.04%   666 1427s
  5256   888     cutoff   30        11.72571   10.96246  6.51%   685 1438s
  5409   958   11.40915   22  299   11.72571   10.96246  6.51%   702 1448s
  5578   990   11.44600   24  179   11.72571   10.96246  6.51%   717 1458s
  5751  1002   11.59663   31  137   11.72571   11.03139  5.92%   735 1472s
  5917  1057   11.23581   19  131   11.72571   11.03139  5.92%   760 1485s
  6093  1096   11.51742   22  139   11.72571   11.03139  5.92%   785 1496s
  6306  1114     cutoff   26        11.72571   11.03139  5.92%   805 1509s
  6499  1163     cutoff   26        11.72571   11.14170  4.98%   832 1521s
  6723  1188   11.51240   19  363   11.72571   11.14170  4.98%   847 1564s
H 6758  1188                      11.7255361   11.14170  4.98%   849 1564s
H 6759  1188                      11.7253917   11.14170  4.98%   849 1564s
  6873  1238   11.67067   23  407   11.72539   11.14170  4.98%   862 1577s
  7105  1256   11.71582   25  379   11.72539   11.28154  3.79%   879 1600s
  7342  1297   11.59618   20   64   11.72539   11.28189  3.78%   903 1624s
  7594  1334   11.49998   31  255   11.72539   11.28189  3.78%   920 1637s
  7857  1349     cutoff   35        11.72539   11.33474  3.33%   939 1651s
  8162  1421   11.50256   25  294   11.72539   11.33688  3.31%   953 1666s
* 8245  1421              62      11.7201413   11.33688  3.27%   959 1666s
* 8479  1421              66      11.6765981   11.33688  2.91%   963 1666s
  8503  1392     cutoff   25        11.67660   11.34206  2.86%   965 1680s
  8841  1389   11.54688   30  254   11.67660   11.36898  2.63%   977 1697s
  9161  1375   11.64438   33  111   11.67660   11.38198  2.52%   995 1721s
  9474  1338   11.63530   27  347   11.67660   11.39551  2.41%  1010 1738s
  9788  1288   11.57997   25  162   11.67660   11.43535  2.07%  1032 1763s
 10064  1222   11.58086   27  293   11.67660   11.45769  1.87%  1052 1788s
 10390  1163     cutoff   27        11.67660   11.47150  1.76%  1072 1807s
 10777  1116     cutoff   36        11.67660   11.48915  1.61%  1092 1830s
 11199  1015     cutoff   30        11.67660   11.50450  1.47%  1099 1857s
 11634   894   11.56813   22  218   11.67660   11.52639  1.29%  1115 1877s
 12140   738     cutoff   26        11.67660   11.55056  1.08%  1129 1899s
*12185   738              36      11.5993370   11.55418  0.39%  1126 1899s

Cutting planes:
  Learned: 14
  Gomory: 57
  Cover: 110
  Implied bound: 752
  Projected implied bound: 72
  Clique: 48
  MIR: 790
  StrongCG: 1
  Flow cover: 1441
  Zero half: 3
  RLT: 67
  Relax-and-lift: 150
  BQP: 14
  PSD: 6

Explored 12803 nodes (18654134 simplex iterations) in 1899.35 seconds (4185.14 work units)
Thread count was 32 (of 128 available processors)

Solution count 10: 11.5993 11.6766 11.7201 ... 11.7257

Optimal solution found (tolerance 5.00e-03)
Best objective 1.159933697659e+01, best bound 1.157841866832e+01, gap 0.1803%


*********************************************
*********************************************


Set parameter LogFile to value "/work/07346/ashukla/ls6/Norta_Results/norta_sm_16_17/40M"
Gurobi Optimizer version 10.0.2 build v10.0.2rc0 (linux64)

CPU model: AMD EPYC 7763 64-Core Processor, instruction set [SSE2|AVX|AVX2]
Thread count: 128 physical cores, 128 logical processors, using up to 32 threads

Optimize a model with 211755 rows, 77908 columns and 589976 nonzeros
Model fingerprint: 0x4d273ab7
Variable types: 55968 continuous, 21940 integer (21578 binary)
Coefficient statistics:
  Matrix range     [1e-03, 1e+05]
  Objective range  [6e-02, 6e-02]
  Bounds range     [1e+00, 3e+00]
  RHS range        [1e-02, 4e+07]

MIP start from previous solve produced solution with objective 11.5993 (0.68s)
MIP start from previous solve produced solution with objective 11.5993 (0.68s)
Loaded MIP start from previous solve with objective 11.5993

Presolve removed 177381 rows and 50793 columns
Presolve time: 1.71s
Presolved: 34374 rows, 27115 columns, 125153 nonzeros
Variable types: 23481 continuous, 3634 integer (3572 binary)
Root barrier log...

Ordering time: 0.31s

Barrier statistics:
 Dense cols : 56
 AA' NZ     : 3.746e+05
 Factor NZ  : 2.933e+06 (roughly 44 MB of memory)
 Factor Ops : 1.147e+09 (less than 1 second per iteration)
 Threads    : 32

                  Objective                Residual
Iter       Primal          Dual         Primal    Dual     Compl     Time
   0  -7.12616694e+05 -2.79708899e+05  3.68e+04 1.68e-01  7.40e+02     3s
   1  -4.25818981e+05 -3.02811152e+05  2.16e+04 4.89e-01  4.41e+02     3s
   2  -1.46434366e+05 -3.79251518e+05  5.68e+03 1.38e-13  1.63e+02     3s
   3  -1.33974210e+04 -3.14325030e+05  7.02e+01 1.07e-13  1.92e+01     3s
   4  -2.67482692e+03 -1.49174878e+05  1.50e+01 7.79e-14  4.87e+00     3s
   5  -1.06840621e+03 -8.07413327e+04  6.64e+00 3.21e-14  2.14e+00     3s
   6   8.27062034e+01 -3.40397462e+04  5.75e-01 7.97e-15  5.91e-01     3s
   7   1.53692288e+02 -4.61311778e+03  2.97e-02 2.66e-15  7.64e-02     3s
   8   1.09941220e+02 -9.12311469e+02  8.37e-03 8.88e-16  1.63e-02     3s
   9   3.21030995e+01 -1.71165023e+02  3.89e-04 1.11e-15  3.22e-03     3s
  10   1.38828688e+01 -7.16569414e+01  1.06e-04 3.33e-16  1.36e-03     3s
  11   9.03922351e+00 -2.84855601e+01  4.87e-05 2.22e-16  5.95e-04     3s
  12   6.42733095e+00 -7.50202452e+00  2.56e-05 4.44e-16  2.21e-04     3s
  13   5.16051675e+00 -3.03788605e+00  1.65e-05 4.44e-16  1.30e-04     3s
  14   3.96115473e+00  9.92312313e-01  8.33e-06 4.44e-16  4.71e-05     3s
  15   3.54725383e+00  1.56830831e+00  5.58e-06 4.44e-16  3.14e-05     3s
  16   3.25335152e+00  2.07535926e+00  3.64e-06 2.22e-16  1.87e-05     3s
  17   3.13471614e+00  2.21034670e+00  2.86e-06 4.44e-16  1.47e-05     3s
  18   3.06388206e+00  2.44556616e+00  2.39e-06 4.44e-16  9.81e-06     3s
  19   2.92977360e+00  2.60550636e+00  1.54e-06 4.44e-16  5.15e-06     3s
  20   2.82902566e+00  2.64780316e+00  8.79e-07 4.44e-16  2.88e-06     3s
  21   2.76455969e+00  2.65468069e+00  4.43e-07 4.44e-16  1.74e-06     3s
  22   2.73141031e+00  2.67535497e+00  2.23e-07 4.44e-16  8.90e-07     3s
  23   2.71795278e+00  2.68146673e+00  1.32e-07 4.44e-16  5.79e-07     3s
  24   2.70923890e+00  2.69022807e+00  7.50e-08 4.44e-16  3.02e-07     3s
  25   2.70563957e+00  2.69389633e+00  5.17e-08 4.44e-16  1.86e-07     3s
  26   2.70101932e+00  2.69566864e+00  2.15e-08 2.22e-16  8.49e-08     3s
  27   2.69834050e+00  2.69672301e+00  4.46e-09 1.08e-15  2.57e-08     3s
  28   2.69789732e+00  2.69728590e+00  1.79e-09 5.25e-16  9.70e-09     3s
  29   2.69778339e+00  2.69742742e+00  1.15e-09 3.21e-14  5.65e-09     4s
  30   2.69767117e+00  2.69751124e+00  4.99e-10 5.88e-14  2.54e-09     4s
  31   2.69762427e+00  2.69754486e+00  2.40e-10 7.51e-14  1.26e-09     4s
  32   2.69758514e+00  2.69757721e+00  3.16e-10 5.24e-14  1.26e-10     4s
  33   2.69758091e+00  2.69758048e+00  2.02e-10 1.28e-13  6.84e-12     4s

Barrier solved model in 33 iterations and 3.60 seconds (3.43 work units)
Optimal objective 2.69758091e+00

Extra simplex iterations after uncrush: 1

Root relaxation: objective 2.697582e+00, 5515 iterations, 2.07 seconds (2.02 work units)
Total elapsed time = 7.13s

    Nodes    |    Current Node    |     Objective Bounds      |     Work
 Expl Unexpl |  Obj  Depth IntInf | Incumbent    BestBd   Gap | It/Node Time

     0     0    2.69758    0  250   11.59934    2.69758  76.7%     -    8s
H    0     0                       9.0655225    2.69758  70.2%     -    9s
H    0     0                       9.0655225    2.69758  70.2%     -   10s
H    0     0                       6.7408877    3.24868  51.8%     -   24s
     0     0    3.24868    0  328    6.74089    3.24868  51.8%     -   24s
     0     0    3.28187    0  364    6.74089    3.28187  51.3%     -   30s
     0     0    3.34347    0  346    6.74089    3.34347  50.4%     -   38s
H    0     0                       6.4924037    3.34347  48.5%     -   39s
     0     0    3.35082    0  346    6.49240    3.35082  48.4%     -   43s
     0     0    3.35121    0  342    6.49240    3.35121  48.4%     -   44s
     0     0    3.35208    0  341    6.49240    3.35208  48.4%     -   44s
     0     0    3.35208    0  341    6.49240    3.35208  48.4%     -   44s
     0     0    3.37427    0  424    6.49240    3.37427  48.0%     -   49s
H    0     0                       6.3907316    3.37427  47.2%     -   50s
     0     0    3.37781    0  424    6.39073    3.37781  47.1%     -   53s
     0     0    3.37969    0  425    6.39073    3.37969  47.1%     -   54s
     0     0    3.37970    0  425    6.39073    3.37970  47.1%     -   54s
     0     0    3.38457    0  352    6.39073    3.38457  47.0%     -   57s
     0     0    3.38670    0  441    6.39073    3.38670  47.0%     -   58s
     0     0    3.38670    0  441    6.39073    3.38670  47.0%     -   59s
     0     0    3.38684    0  419    6.39073    3.38684  47.0%     -   59s
H    0     0                       6.0802457    3.38684  44.3%     -   62s
     0     0    3.38717    0  370    6.08025    3.38717  44.3%     -   63s
     0     0    3.38719    0  440    6.08025    3.38719  44.3%     -   63s
     0     0    3.38724    0  436    6.08025    3.38724  44.3%     -   64s
     0     0    3.38724    0  437    6.08025    3.38724  44.3%     -   64s
     0     0    3.38724    0  430    6.08025    3.38724  44.3%     -   65s
     0     0    3.38724    0  430    6.08025    3.38724  44.3%     -   66s
     0     0    3.38724    0  430    6.08025    3.38724  44.3%     -   66s
     0     0    3.38724    0  339    6.08025    3.38724  44.3%     -   73s
     0     0    3.38724    0  344    6.08025    3.38724  44.3%     -   74s
     0     0    3.38724    0  339    6.08025    3.38724  44.3%     -   76s
     0     0    3.38724    0  339    6.08025    3.38724  44.3%     -   79s
H    0     0                       5.4434315    3.38724  37.8%     -   82s
     0     2    3.38724    0  339    5.44343    3.38724  37.8%     -   88s
     1     4    3.38804    1  331    5.44343    3.38724  37.8%  2210   90s
     3     8    3.39028    2  407    5.44343    3.38804  37.8%  2247   95s
     7    16    3.47675    3  302    5.44343    3.38896  37.7%  2898  100s
    15    32    3.59028    4  346    5.44343    3.39600  37.6%  3361  108s
    31    64    3.60839    5  360    5.44343    3.39999  37.5%  3435  129s
H   32    64                       5.3708376    3.39999  36.7%  3327  129s
H   42    64                       5.3119120    3.39999  36.0%  3503  129s
H   46    64                       5.2694519    3.39999  35.5%  3394  129s
H   47    64                       4.3812331    3.39999  22.4%  3377  129s
    63    92    3.62693    6  361    4.38123    3.40239  22.3%  3786  148s
    95   124    3.62703    7  325    4.38123    3.40295  22.3%  3017  153s
   127   155    3.63224    8  339    4.38123    3.40295  22.3%  2505  158s
   159   187    3.65974    9  352    4.38123    3.40295  22.3%  2374  167s
H  168   187                       4.2781672    3.40295  20.5%  2325  167s
H  170   187                       4.2437044    3.40295  19.8%  2337  167s
   191   236    3.65415    9  353    4.24370    3.40295  19.8%  2222  172s
   240   284    3.71086   10  358    4.24370    3.40295  19.8%  2035  179s
   288   328    3.78653   10  189    4.24370    3.40295  19.8%  1912  185s
   335   382    3.71548   11  327    4.24370    3.40295  19.8%  1831  190s
   392   418    3.73247   12  324    4.24370    3.40295  19.8%  1717  196s
   430   479    3.73795   13  242    4.24370    3.40295  19.8%  1655  201s
   495   551    3.74538   15  251    4.24370    3.40295  19.8%  1574  207s
   582   616    3.75092   17  234    4.24370    3.40295  19.8%  1457  214s
   655   696    3.76011   20  190    4.24370    3.40295  19.8%  1418  220s
   742   788    3.79543   22  185    4.24370    3.40295  19.8%  1350  225s
   960  1008    3.82831   31  194    4.24370    3.40295  19.8%  1184  231s
H 1087  1034                       3.8000830    3.40295  10.5%  1112  346s
H 1089  1034                       3.7760190    3.40295  9.88%  1111  346s
H 1095  1034                       3.7694138    3.40295  9.72%  1112  346s
  1119   980     cutoff   37         3.76941    3.40350  9.71%  1107  363s
  1227  1004    3.45218    8  311    3.76941    3.43953  8.75%  1097  370s
  1284  1010     cutoff    8         3.76941    3.45086  8.45%  1153  378s
  1351  1031    3.57694    9  147    3.76941    3.45086  8.45%  1208  388s
  1443  1050    3.71064   10  216    3.76941    3.45086  8.45%  1229  396s
  1523  1055     cutoff   11         3.76941    3.45086  8.45%  1270  408s
  1604  1067    3.76248   11  208    3.76941    3.45086  8.45%  1313  415s
  1707  1070    3.48882    9  352    3.76941    3.45086  8.45%  1337  425s
  1781  1084    3.58242   10  200    3.76941    3.45086  8.45%  1388  433s
  1884  1086    3.69155   12  124    3.76941    3.45086  8.45%  1413  445s
  1984  1116     cutoff   12         3.76941    3.45086  8.45%  1446  452s
  2096  1116    3.65876   13  129    3.76941    3.45086  8.45%  1453  490s
H 2128  1116                       3.7694137    3.45086  8.45%  1464  490s
  2148  1165     cutoff   13         3.76941    3.45086  8.45%  1471  503s
  2305  1157    3.66140   14  130    3.76941    3.45086  8.45%  1460  518s
  2446  1135     cutoff   18         3.76941    3.45086  8.45%  1474  529s
  2564  1131     cutoff   10         3.76941    3.49489  7.28%  1503  542s
  2679  1166    3.60556   10  210    3.76941    3.49489  7.28%  1538  549s
  2843  1173    3.65399   17  122    3.76941    3.49489  7.28%  1531  559s
  2980  1177     cutoff   27         3.76941    3.50340  7.06%  1550  574s
  3166  1147    3.73608   14  137    3.76941    3.50340  7.06%  1549  601s
  3239  1143     cutoff   13         3.76941    3.52465  6.49%  1567  614s
  3421  1186    3.69417   13  175    3.76941    3.52465  6.49%  1577  626s
  3630  1170     cutoff   15         3.76941    3.55581  5.67%  1570  638s
  3843  1165    3.57848   14  210    3.76941    3.55581  5.67%  1571  650s
H 3988  1165                       3.7474459    3.55581  5.11%  1566  650s
  4089  1129     cutoff   16         3.74745    3.55581  5.11%  1563  662s
  4301  1032     cutoff   16         3.74745    3.55667  5.09%  1570  672s
  4539   900    3.69134   13  171    3.74745    3.62725  3.21%  1565  694s
  4543   900     cutoff   15         3.74745    3.62725  3.21%  1566  695s
  4712   670    3.71201   14  191    3.74745    3.67650  1.89%  1565  711s
  5064   200    3.73797    9  126    3.74745    3.69789  1.32%  1542  722s
  5593     5     cutoff   32         3.74745    3.72752  0.53%  1443  733s

Cutting planes:
  Learned: 3
  Gomory: 49
  Cover: 159
  Implied bound: 1235
  Clique: 74
  MIR: 535
  StrongCG: 5
  Flow cover: 211
  Zero half: 4
  RLT: 65
  Relax-and-lift: 175
  BQP: 8
  PSD: 3

Explored 5791 nodes (8167337 simplex iterations) in 733.93 seconds (1604.56 work units)
Thread count was 32 (of 128 available processors)

Solution count 10: 3.74745 3.76941 3.77602 ... 5.37084

Optimal solution found (tolerance 5.00e-03)
Best objective 3.747445895901e+00, best bound 3.747445895901e+00, gap 0.0000%


*********************************************
*********************************************


Set parameter LogFile to value "/work/07346/ashukla/ls6/Norta_Results/norta_sm_16_17/60M"
Gurobi Optimizer version 10.0.2 build v10.0.2rc0 (linux64)

CPU model: AMD EPYC 7763 64-Core Processor, instruction set [SSE2|AVX|AVX2]
Thread count: 128 physical cores, 128 logical processors, using up to 32 threads

Optimize a model with 211755 rows, 77908 columns and 589976 nonzeros
Model fingerprint: 0x28ca45dc
Variable types: 55968 continuous, 21940 integer (21578 binary)
Coefficient statistics:
  Matrix range     [1e-03, 1e+05]
  Objective range  [6e-02, 6e-02]
  Bounds range     [1e+00, 3e+00]
  RHS range        [1e-02, 6e+07]

MIP start from previous solve produced solution with objective 3.74745 (0.68s)
MIP start from previous solve produced solution with objective 3.74745 (0.69s)
Loaded MIP start from previous solve with objective 3.74745

Presolve removed 177381 rows and 50793 columns
Presolve time: 1.60s
Presolved: 34374 rows, 27115 columns, 125153 nonzeros
Variable types: 23481 continuous, 3634 integer (3572 binary)
Root barrier log...

Ordering time: 0.31s

Barrier statistics:
 Dense cols : 56
 AA' NZ     : 3.746e+05
 Factor NZ  : 2.933e+06 (roughly 44 MB of memory)
 Factor Ops : 1.147e+09 (less than 1 second per iteration)
 Threads    : 32

                  Objective                Residual
Iter       Primal          Dual         Primal    Dual     Compl     Time
   0  -8.15593461e+05 -2.79709321e+05  4.20e+04 1.68e-01  8.46e+02     3s
   1  -4.93122823e+05 -2.94074043e+05  2.46e+04 5.38e-01  5.08e+02     3s
   2  -2.58713800e+05 -3.73588164e+05  1.06e+04 3.48e-13  2.74e+02     3s
   3  -1.02076238e+04 -3.11541878e+05  5.38e+01 9.96e-14  1.54e+01     3s
   4  -2.01617711e+03 -1.33578876e+05  1.16e+01 9.44e-14  3.90e+00     3s
   5  -9.79616230e+02 -7.83641025e+04  6.18e+00 3.46e-14  2.00e+00     3s
   6   8.16758918e+01 -6.88939028e+04  5.70e-01 3.01e-14  1.16e+00     3s
   7   1.55396940e+02 -6.44076289e+03  7.05e-02 8.43e-15  1.07e-01     3s
   8   1.06000459e+02 -1.38831653e+03  1.03e-02 1.94e-15  2.38e-02     3s
   9   4.65198577e+01 -8.10403129e+02  5.39e-04 1.17e-15  1.36e-02     3s
  10   1.98539861e+01 -1.68936108e+02  9.26e-05 4.44e-16  2.99e-03     3s
  11   1.25932286e+01 -8.82714792e+01  5.11e-05 4.44e-16  1.60e-03     3s
  12   5.38654474e+00 -3.07460689e+01  1.76e-05 4.44e-16  5.73e-04     3s
  13   3.01770841e+00 -1.05114950e+01  8.47e-06 4.44e-16  2.14e-04     3s
  14   2.71166440e+00 -7.87466310e+00  7.51e-06 4.44e-16  1.68e-04     3s
  15   2.15759641e+00 -3.97842139e+00  5.77e-06 4.44e-16  9.73e-05     3s
  16   1.46945483e+00 -1.10733232e+00  3.74e-06 4.44e-16  4.09e-05     3s
  17   9.76914076e-01 -3.56506531e-01  2.33e-06 4.44e-16  2.11e-05     3s
  18   5.89872795e-01 -7.38713994e-02  1.26e-06 4.44e-16  1.05e-05     3s
  19   3.90351765e-01  6.16782362e-02  7.61e-07 4.44e-16  5.21e-06     3s
  20   2.53780937e-01  8.80749958e-02  3.60e-07 4.44e-16  2.63e-06     3s
  21   2.46670313e-01  9.18070545e-02  3.39e-07 4.44e-16  2.46e-06     3s
  22   2.24304571e-01  1.01279856e-01  2.72e-07 4.44e-16  1.95e-06     3s
  23   2.13189091e-01  1.06405359e-01  2.40e-07 4.44e-16  1.69e-06     3s
  24   1.82572110e-01  1.12892915e-01  1.55e-07 4.44e-16  1.11e-06     3s
  25   1.66235674e-01  1.15455676e-01  1.12e-07 4.44e-16  8.05e-07     3s
  26   1.55233026e-01  1.22153794e-01  7.74e-08 4.44e-16  5.25e-07     3s
  27   1.47114588e-01  1.24327988e-01  5.36e-08 4.44e-16  3.61e-07     3s
  28   1.40905578e-01  1.26259465e-01  3.54e-08 4.44e-16  2.32e-07     3s
  29   1.40343674e-01  1.27145870e-01  3.35e-08 4.44e-16  2.09e-07     3s
  30   1.38489462e-01  1.28116757e-01  2.64e-08 4.44e-16  1.65e-07     3s
  31   1.36110129e-01  1.29505205e-01  1.78e-08 4.44e-16  1.05e-07     3s
  32   1.35018488e-01  1.30265320e-01  1.42e-08 4.44e-16  7.54e-08     3s
  33   1.34685953e-01  1.30499100e-01  1.29e-08 4.44e-16  6.64e-08     3s
  34   1.33714388e-01  1.30803099e-01  9.05e-09 4.44e-16  4.62e-08     3s
  35   1.33211882e-01  1.31060167e-01  7.28e-09 2.22e-16  3.41e-08     3s
  36   1.32825524e-01  1.31135543e-01  5.75e-09 2.22e-16  2.68e-08     4s
  37   1.32195802e-01  1.31250751e-01  3.16e-09 2.22e-16  1.50e-08     4s
  38   1.31925103e-01  1.31345816e-01  1.95e-09 1.58e-13  9.19e-09     4s
  39   1.31886971e-01  1.31357788e-01  1.78e-09 1.45e-13  8.40e-09     4s
  40   1.31792465e-01  1.31390711e-01  1.33e-09 1.08e-13  6.38e-09     4s
  41   1.31775368e-01  1.31421219e-01  1.25e-09 7.08e-14  5.62e-09     4s
  42   1.31738804e-01  1.31430657e-01  1.10e-09 6.12e-14  4.89e-09     4s
  43   1.31632286e-01  1.31451536e-01  8.26e-10 4.08e-14  2.87e-09     4s
  44   1.31537452e-01  1.31468226e-01  7.80e-10 1.08e-13  1.10e-09     4s
  45   1.31505456e-01  1.31491681e-01  3.79e-10 2.65e-14  2.19e-10     4s
  46   1.31500948e-01  1.31495754e-01  3.79e-10 1.79e-14  8.24e-11     4s
  47   1.31500699e-01  1.31495772e-01  3.54e-10 6.72e-14  7.82e-11     4s
  48   1.31499540e-01  1.31496005e-01  2.39e-10 2.19e-13  5.61e-11     4s

Barrier solved model in 48 iterations and 3.78 seconds (3.88 work units)
Optimal objective 1.31499540e-01


Root simplex log...

Iteration    Objective       Primal Inf.    Dual Inf.      Time
    7478    1.3149736e-01   0.000000e+00   0.000000e+00      5s
    7479    1.3149736e-01   0.000000e+00   0.000000e+00      5s
    7485    1.3149736e-01   0.000000e+00   0.000000e+00      5s
Extra simplex iterations after uncrush: 6

Root relaxation: objective 1.314974e-01, 7485 iterations, 2.87 seconds (3.32 work units)

    Nodes    |    Current Node    |     Objective Bounds      |     Work
 Expl Unexpl |  Obj  Depth IntInf | Incumbent    BestBd   Gap | It/Node Time

     0     0    0.13150    0  141    3.74745    0.13150  96.5%     -    8s
H    0     0                       2.5327660    0.13150  94.8%     -   10s
H    0     0                       2.5310241    0.13150  94.8%     -   12s
H    0     0                       2.2984695    0.13150  94.3%     -   13s
H    0     0                       1.9943728    0.16063  91.9%     -   17s
     0     0    0.16063    0  189    1.99437    0.16063  91.9%     -   17s
H    0     0                       1.4160729    0.16073  88.6%     -   20s
     0     0    0.16969    0  198    1.41607    0.16969  88.0%     -   20s
     0     0    0.17131    0  178    1.41607    0.17131  87.9%     -   23s
     0     0    0.17203    0  172    1.41607    0.17203  87.9%     -   26s
     0     0    0.17604    0  167    1.41607    0.17604  87.6%     -   29s
     0     0    0.17662    0  159    1.41607    0.17662  87.5%     -   34s
     0     0    0.17712    0  157    1.41607    0.17712  87.5%     -   36s
     0     0    0.17727    0  157    1.41607    0.17727  87.5%     -   36s
     0     0    0.17727    0  157    1.41607    0.17727  87.5%     -   37s
     0     0    0.17729    0  158    1.41607    0.17729  87.5%     -   37s
     0     0    0.17736    0  154    1.41607    0.17736  87.5%     -   37s
     0     0    0.17736    0  162    1.41607    0.17736  87.5%     -   38s
     0     0    0.17736    0  163    1.41607    0.17736  87.5%     -   38s
     0     0    0.17763    0  167    1.41607    0.17763  87.5%     -   39s
     0     0    0.17767    0  125    1.41607    0.17767  87.5%     -   46s
     0     0    0.17767    0  125    1.41607    0.17767  87.5%     -   46s
     0     0    0.17773    0  118    1.41607    0.17773  87.4%     -   46s
     0     0    0.17781    0  130    1.41607    0.17781  87.4%     -   47s
     0     0    0.17781    0  132    1.41607    0.17781  87.4%     -   48s
H    0     0                       1.2913495    0.17781  86.2%     -   49s
     0     0    0.17781    0  132    1.29135    0.17781  86.2%     -   49s
     0     0    0.17856    0  142    1.29135    0.17856  86.2%     -   51s
     0     0    0.17863    0  137    1.29135    0.17863  86.2%     -   52s
     0     0    0.17865    0  135    1.29135    0.17865  86.2%     -   52s
     0     0    0.17865    0  135    1.29135    0.17865  86.2%     -   52s
     0     0    0.17867    0  137    1.29135    0.17867  86.2%     -   53s
     0     0    0.17867    0  137    1.29135    0.17867  86.2%     -   53s
     0     0    0.17884    0  131    1.29135    0.17884  86.2%     -   54s
     0     0    0.17889    0  138    1.29135    0.17889  86.1%     -   54s
     0     0    0.17907    0  148    1.29135    0.17907  86.1%     -   56s
H    0     0                       1.2888177    0.17907  86.1%     -   57s
H    0     0                       1.1825373    0.17910  84.9%     -   57s
     0     0    0.17910    0  145    1.18254    0.17910  84.9%     -   57s
     0     0    0.17985    0  141    1.18254    0.17985  84.8%     -   58s
     0     0    0.17998    0  162    1.18254    0.17998  84.8%     -   59s
     0     0    0.18023    0  165    1.18254    0.18023  84.8%     -   61s
     0     0    0.18025    0  169    1.18254    0.18025  84.8%     -   63s
     0     0    0.18066    0  141    1.18254    0.18066  84.7%     -   64s
H    0     0                       1.1565021    0.18066  84.4%     -   65s
     0     0    0.18066    0  148    1.15650    0.18066  84.4%     -   65s
     0     0    0.18084    0  160    1.15650    0.18084  84.4%     -   66s
     0     0    0.18092    0  157    1.15650    0.18092  84.4%     -   67s
     0     0    0.18114    0  158    1.15650    0.18114  84.3%     -   68s
     0     0    0.18149    0  154    1.15650    0.18149  84.3%     -   69s
     0     0    0.18169    0  158    1.15650    0.18169  84.3%     -   70s
H    0     0                       0.6682148    0.18177  72.8%     -   70s
     0     0    0.18178    0  156    0.66821    0.18178  72.8%     -   70s
     0     0    0.18178    0  156    0.66821    0.18178  72.8%     -   71s
     0     0    0.18178    0  156    0.66821    0.18178  72.8%     -   71s
     0     0    0.18178    0  156    0.66821    0.18178  72.8%     -   72s
     0     0    0.18178    0  123    0.66821    0.18178  72.8%     -   76s
     0     2    0.18178    0  122    0.66821    0.18178  72.8%     -   81s
     3     8    0.21729    2  127    0.66821    0.18220  72.7%  1409   86s
    15    27    0.49929    4  114    0.66821    0.18333  72.6%  2131   95s
H   30    51                       0.6682148    0.18335  72.6%  2147  102s
H   33    51                       0.6421733    0.18335  71.4%  2081  102s
H   46    51                       0.6421093    0.18705  70.9%  2270  102s
    57    76    0.58369    6  131    0.64211    0.18705  70.9%  2178  106s
    89   108    0.58706    7  125    0.64211    0.18711  70.9%  1992  110s
H  185   200                       0.6421093    0.18711  70.9%  1305  117s
H  188   200                       0.6421092    0.18711  70.9%  1291  117s
H  196   200                       0.6370953    0.18711  70.6%  1248  117s
   217   234    0.59032   11   98    0.63710    0.18711  70.6%  1179  123s
   260   260    0.60619   11  117    0.63710    0.18711  70.6%  1171  134s
H  269   260                       0.3386507    0.18711  44.7%  1214  134s
   293   224     cutoff   12         0.33865    0.18711  44.7%  1394  139s
   351   215     cutoff   12         0.33865    0.18736  44.7%  1231  146s
H  409   226                       0.3386507    0.18801  44.5%  1232  172s
H  410   226                       0.3248572    0.18801  42.1%  1236  172s
H  415   226                       0.3248046    0.18801  42.1%  1252  172s
   442   235    0.30860    9  165    0.32480    0.18801  42.1%  1300  176s
   485   271    0.31902   10  172    0.32480    0.18801  42.1%  1320  185s
H  521   271                       0.3178483    0.18801  40.8%  1351  185s
   556   274     cutoff   11         0.31785    0.18801  40.8%  1316  216s
H  558   274                       0.2730300    0.18801  31.1%  1311  216s
   597   234     cutoff   11         0.27303    0.18804  31.1%  1297  223s
   699   234     cutoff   13         0.27303    0.18936  30.6%  1262  230s
   787   243    0.26364   13  122    0.27303    0.18936  30.6%  1226  238s
   888   185     cutoff   15         0.27303    0.18936  30.6%  1195  242s
  1006   134     cutoff   14         0.27303    0.18936  30.6%  1146  249s
  1086    95    0.23836   20  147    0.27303    0.18936  30.6%  1174  255s
  1166    58    0.23841   21  145    0.27303    0.18936  30.6%  1162  262s
  1250    33     cutoff   25         0.27303    0.18936  30.6%  1145  268s
  1299    21    0.22962   17  153    0.27303    0.18936  30.6%  1145  272s
  1390    15    0.26334    9   30    0.27303    0.22741  16.7%  1122  285s
  1459     4     cutoff   25         0.27303    0.25626  6.14%  1128  293s
  1467     0     cutoff   24         0.27303    0.26358  3.46%  1130  295s

Cutting planes:
  Learned: 2
  Gomory: 9
  Cover: 174
  Implied bound: 1192
  Clique: 44
  MIR: 291
  StrongCG: 6
  Flow cover: 138
  Zero half: 4
  RLT: 20
  Relax-and-lift: 168
  BQP: 9
  PSD: 8

Explored 1471 nodes (1712958 simplex iterations) in 295.71 seconds (607.15 work units)
Thread count was 32 (of 128 available processors)

Solution count 10: 0.27303 0.317848 0.324805 ... 0.642173

Optimal solution found (tolerance 5.00e-03)
Best objective 2.730300000005e-01, best bound 2.730300000005e-01, gap 0.0000%


*********************************************
*********************************************


Set parameter LogFile to value "/work/07346/ashukla/ls6/Norta_Results/norta_sm_16_17/80M"
Gurobi Optimizer version 10.0.2 build v10.0.2rc0 (linux64)

CPU model: AMD EPYC 7763 64-Core Processor, instruction set [SSE2|AVX|AVX2]
Thread count: 128 physical cores, 128 logical processors, using up to 32 threads

Optimize a model with 211755 rows, 77908 columns and 589976 nonzeros
Model fingerprint: 0x814745b0
Variable types: 55968 continuous, 21940 integer (21578 binary)
Coefficient statistics:
  Matrix range     [1e-03, 1e+05]
  Objective range  [6e-02, 6e-02]
  Bounds range     [1e+00, 3e+00]
  RHS range        [1e-02, 8e+07]

MIP start from previous solve produced solution with objective 0.27303 (0.68s)
Loaded MIP start from previous solve with objective 0.27303

Presolve removed 183755 rows and 51864 columns
Presolve time: 1.76s
Presolved: 28000 rows, 26044 columns, 107101 nonzeros
Variable types: 22613 continuous, 3431 integer (3382 binary)
Root barrier log...

Ordering time: 0.21s

Barrier statistics:
 Dense cols : 34
 AA' NZ     : 2.479e+05
 Factor NZ  : 1.646e+06 (roughly 30 MB of memory)
 Factor Ops : 3.711e+08 (less than 1 second per iteration)
 Threads    : 32

                  Objective                Residual
Iter       Primal          Dual         Primal    Dual     Compl     Time
   0  -6.91071161e+04 -2.24956699e+05  3.42e+02 1.68e-01  7.31e+01     3s
   1  -2.52208848e+04 -1.91786163e+05  1.25e+02 3.90e-01  2.78e+01     3s
   2  -1.77848788e+03 -1.06618708e+05  9.80e+00 3.95e-14  3.58e+00     3s
   3  -1.71494739e+02 -6.11172915e+04  1.83e+00 1.96e-14  1.36e+00     3s
   4   1.10414779e+02 -3.10058649e+04  3.39e-01 1.07e-14  6.06e-01     3s
   5   1.44126384e+02 -4.49682470e+03  3.49e-02 2.02e-15  8.70e-02     3s
   6   9.33976250e+01 -1.26884936e+03  4.81e-03 8.88e-16  2.53e-02     3s
   7   4.32307556e+01 -4.68896249e+02  1.78e-03 4.44e-16  9.50e-03     3s
   8   1.53554085e+01 -1.25866919e+02  4.42e-04 4.44e-16  2.62e-03     3s
   9   6.61844600e+00 -7.12684384e+01  1.52e-04 4.44e-16  1.44e-03     3s
  10   1.39112848e+00 -1.41119203e+01  1.12e-05 8.88e-16  2.87e-04     3s
  11   2.25875143e-01 -2.23693953e+00  1.78e-07 4.44e-16  4.56e-05     3s
  12   3.34413211e-02 -2.72688258e-01  1.38e-08 4.44e-16  5.67e-06     3s
  13   6.80015980e-03 -3.98400933e-02  2.66e-09 4.44e-16  8.64e-07     3s
  14   6.92422264e-04 -3.01092783e-03  2.64e-10 4.44e-16  6.86e-08     3s
  15   6.54484586e-06 -4.99242203e-05  1.09e-11 4.44e-16  1.05e-09     3s
  16   2.27373675e-11 -1.06979314e-10  8.99e-12 4.44e-16  2.20e-15     3s

Barrier solved model in 16 iterations and 3.01 seconds (2.97 work units)
Optimal objective 2.27373675e-11


Root relaxation: objective 1.023182e-12, 2361 iterations, 1.01 seconds (0.92 work units)
Total elapsed time = 7.68s

    Nodes    |    Current Node    |     Objective Bounds      |     Work
 Expl Unexpl |  Obj  Depth IntInf | Incumbent    BestBd   Gap | It/Node Time

     0     0    0.00000    0   17    0.27303    0.00000   100%     -    8s
     0     0    0.00000    0   23    0.27303    0.00000   100%     -   10s
     0     0    0.00000    0   23    0.27303    0.00000   100%     -   12s
     0     0    0.00000    0   20    0.27303    0.00000   100%     -   14s
     0     0    0.00000    0   16    0.27303    0.00000   100%     -   15s
     0     0    0.00000    0   16    0.27303    0.00000   100%     -   17s
     0     0    0.00000    0   16    0.27303    0.00000   100%     -   18s
     0     0    0.00000    0   16    0.27303    0.00000   100%     -   20s
     0     0    0.00000    0   15    0.27303    0.00000   100%     -   22s
     0     2    0.00000    0   15    0.27303    0.00000   100%     -   26s
     1     4    0.00809    1  110    0.27303    0.00000   100% 12794   36s
     3     8    0.15819    2  123    0.27303    0.00000   100%  7013   42s
     7    12     cutoff    3         0.27303    0.00000   100%  5161   53s
H   15    22                       0.0048385    0.00000   100%  4463   58s
    27    10    0.00000    5    6    0.00484    0.00000   100%  3682   60s
    46     8 infeasible    6         0.00484    0.00000   100%  2819   67s
*   47     8               6       0.0000000    0.00000  0.00%  2759   67s

Cutting planes:
  Learned: 2
  Cover: 27
  Implied bound: 162
  MIR: 50
  RLT: 1
  Relax-and-lift: 6

Explored 56 nodes (167812 simplex iterations) in 67.30 seconds (158.68 work units)
Thread count was 32 (of 128 available processors)

Solution count 3: 5.68434e-13 0.00483848 0.27303 

Optimal solution found (tolerance 5.00e-03)
Best objective 5.684341886081e-13, best bound 5.684341886081e-13, gap 0.0000%


*********************************************
*********************************************


