Set parameter TokenServer to value "license02.tacc.utexas.edu"
Set parameter LogFile to value "/work/07346/ashukla/ls6/Norta_Results/norta_sm_16_14/0M"
Set parameter MIPGap to value 0.005
Set parameter TimeLimit to value 32400
Set parameter Method to value 2
Gurobi Optimizer version 10.0.2 build v10.0.2rc0 (linux64)

CPU model: AMD EPYC 7763 64-Core Processor, instruction set [SSE2|AVX|AVX2]
Thread count: 128 physical cores, 128 logical processors, using up to 32 threads

Optimize a model with 211755 rows, 77908 columns and 589976 nonzeros
Model fingerprint: 0xe0defc0d
Variable types: 55968 continuous, 21940 integer (21578 binary)
Coefficient statistics:
  Matrix range     [1e-03, 1e+05]
  Objective range  [6e-02, 6e-02]
  Bounds range     [1e+00, 3e+00]
  RHS range        [1e-02, 2e+04]
Presolve removed 210919 rows and 76773 columns
Presolve time: 1.58s
Presolved: 836 rows, 1135 columns, 3874 nonzeros
Variable types: 998 continuous, 137 integer (137 binary)
Found heuristic solution: objective 66.4093059
Root barrier log...

Ordering time: 0.00s

Barrier statistics:
 AA' NZ     : 4.638e+03
 Factor NZ  : 1.954e+04 (roughly 1 MB of memory)
 Factor Ops : 8.487e+05 (less than 1 second per iteration)
 Threads    : 1

                  Objective                Residual
Iter       Primal          Dual         Primal    Dual     Compl     Time
   0  -6.91032768e+02 -7.13830753e+03  6.63e+01 1.68e-01  1.69e+01     2s
   1   1.28063107e+01 -2.34006101e+03  3.82e+00 1.11e-15  1.81e+00     2s
   2   5.25761385e+01 -2.33419750e+02  2.68e-01 8.88e-16  1.65e-01     2s
   3   5.21021357e+01  1.67695868e+01  6.61e-03 1.11e-15  1.83e-02     2s
   4   4.70466139e+01  3.89484313e+01  4.13e-04 4.44e-16  4.17e-03     2s
   5   4.57236301e+01  4.27406092e+01  9.76e-05 4.44e-16  1.53e-03     2s
   6   4.52957412e+01  4.41742925e+01  2.92e-05 2.22e-16  5.77e-04     2s
   7   4.51791133e+01  4.46385208e+01  1.36e-05 2.22e-16  2.78e-04     2s
   8   4.51333623e+01  4.49492456e+01  7.47e-06 2.22e-16  9.47e-05     2s
   9   4.50865551e+01  4.50140679e+01  1.18e-06 2.22e-16  3.73e-05     2s
  10   4.50796654e+01  4.50662049e+01  4.66e-07 2.22e-16  6.93e-06     2s
  11   4.50784603e+01  4.50735227e+01  3.61e-07 4.44e-16  2.54e-06     2s
  12   4.50758486e+01  4.50744404e+01  8.78e-08 4.44e-16  7.25e-07     2s
  13   4.50749211e+01  4.50748561e+01  2.41e-10 2.22e-16  3.34e-08     2s
  14   4.50748997e+01  4.50748990e+01  1.50e-10 2.22e-16  3.34e-10     2s
  15   4.50748995e+01  4.50748995e+01  1.83e-10 4.44e-16  3.34e-13     2s

Barrier solved model in 15 iterations and 1.68 seconds (1.77 work units)
Optimal objective 4.50748995e+01


Root relaxation: objective 4.507490e+01, 8 iterations, 0.02 seconds (0.02 work units)

    Nodes    |    Current Node    |     Objective Bounds      |     Work
 Expl Unexpl |  Obj  Depth IntInf | Incumbent    BestBd   Gap | It/Node Time

     0     0   45.07490    0    2   66.40931   45.07490  32.1%     -    1s
H    0     0                      45.0753347   45.07490  0.00%     -    1s

Explored 1 nodes (8 simplex iterations) in 1.70 seconds (1.77 work units)
Thread count was 32 (of 128 available processors)

Solution count 2: 45.0753 66.4093 

Optimal solution found (tolerance 5.00e-03)
Best objective 4.507533473720e+01, best bound 4.507489948946e+01, gap 0.0010%


*********************************************
*********************************************


Set parameter LogFile to value "/work/07346/ashukla/ls6/Norta_Results/norta_sm_16_14/20M"
Gurobi Optimizer version 10.0.2 build v10.0.2rc0 (linux64)

CPU model: AMD EPYC 7763 64-Core Processor, instruction set [SSE2|AVX|AVX2]
Thread count: 128 physical cores, 128 logical processors, using up to 32 threads

Optimize a model with 211755 rows, 77908 columns and 589976 nonzeros
Model fingerprint: 0x61e0fc81
Variable types: 55968 continuous, 21940 integer (21578 binary)
Coefficient statistics:
  Matrix range     [1e-03, 1e+05]
  Objective range  [6e-02, 6e-02]
  Bounds range     [1e+00, 3e+00]
  RHS range        [1e-02, 2e+07]

MIP start from previous solve produced solution with objective 45.0753 (0.61s)
MIP start from previous solve produced solution with objective 45.0753 (0.62s)
Loaded MIP start from previous solve with objective 45.0753

Presolve removed 176447 rows and 50649 columns
Presolve time: 1.79s
Presolved: 35308 rows, 27259 columns, 127786 nonzeros
Variable types: 23604 continuous, 3655 integer (3591 binary)
Root barrier log...

Ordering time: 0.31s

Barrier statistics:
 Dense cols : 57
 AA' NZ     : 4.131e+05
 Factor NZ  : 3.476e+06 (roughly 50 MB of memory)
 Factor Ops : 1.738e+09 (less than 1 second per iteration)
 Threads    : 32

                  Objective                Residual
Iter       Primal          Dual         Primal    Dual     Compl     Time
   0  -9.99594094e+05 -2.87968841e+05  5.34e+04 1.68e-01  1.05e+03     3s
   1  -5.99130883e+05 -3.21947846e+05  3.16e+04 3.50e-01  6.26e+02     3s
   2  -1.74776653e+05 -3.93561571e+05  9.13e+03 1.02e-13  1.97e+02     3s
   3  -4.43542583e+03 -3.14529600e+05  2.07e+02 1.16e-13  9.83e+00     3s
   4  -1.47020054e+03 -1.14915911e+05  7.97e+01 2.32e-14  3.11e+00     3s
   5  -6.25364723e+02 -8.83930271e+04  4.12e+01 1.43e-14  1.96e+00     3s
   6  -2.62206568e+02 -5.53372662e+04  2.23e+01 8.52e-15  1.12e+00     3s
   7   5.38556026e+01 -2.34348542e+04  5.55e+00 3.00e-15  4.12e-01     3s
   8   1.38155917e+02 -3.61676556e+03  5.29e-02 1.78e-15  5.99e-02     3s
   9   8.22034163e+01 -4.56469615e+02  2.08e-03 5.92e-15  8.38e-03     3s
  10   3.62910174e+01 -1.49179465e+02  3.31e-04 1.76e-15  2.88e-03     3s
  11   2.56712283e+01 -8.83158575e+01  1.71e-04 1.18e-15  1.77e-03     3s
  12   1.87602465e+01 -4.87482348e+01  8.02e-05 6.12e-16  1.05e-03     3s
  13   1.56050568e+01 -2.60600840e+01  4.63e-05 4.44e-16  6.47e-04     3s
  14   1.32380693e+01 -6.74434996e+00  2.52e-05 4.44e-16  3.10e-04     3s
  15   1.19239070e+01  5.77056393e-01  1.46e-05 4.44e-16  1.76e-04     3s
  16   1.12405764e+01  4.52642756e+00  9.64e-06 4.44e-16  1.04e-04     3s
  17   1.06024548e+01  8.12734321e+00  5.19e-06 4.44e-16  3.85e-05     3s
  18   1.03086303e+01  8.58849356e+00  3.29e-06 4.44e-16  2.67e-05     3s
  19   1.01106926e+01  8.84166166e+00  1.99e-06 4.44e-16  1.97e-05     3s
  20   1.00069986e+01  9.05150764e+00  1.33e-06 4.44e-16  1.48e-05     3s
  21   9.89784717e+00  9.47294887e+00  6.12e-07 4.44e-16  6.60e-06     3s
  22   9.86109040e+00  9.58284744e+00  3.95e-07 4.44e-16  4.32e-06     3s
  23   9.83183872e+00  9.60249139e+00  2.30e-07 4.44e-16  3.56e-06     3s
  24   9.81896510e+00  9.71464882e+00  1.54e-07 4.78e-16  1.62e-06     3s
  25   9.80341718e+00  9.75377116e+00  6.42e-08 2.01e-15  7.71e-07     3s
  26   9.79895084e+00  9.77318377e+00  3.99e-08 4.44e-16  4.00e-07     3s
  27   9.79660042e+00  9.77762071e+00  2.70e-08 4.44e-16  2.95e-07     3s
  28   9.79519243e+00  9.78266047e+00  1.98e-08 4.44e-16  1.95e-07     3s
  29   9.79389486e+00  9.78470497e+00  1.30e-08 6.96e-16  1.43e-07     3s
  30   9.79299233e+00  9.78773810e+00  8.39e-09 4.44e-16  8.16e-08     4s
  31   9.79228400e+00  9.78946135e+00  5.03e-09 4.44e-16  4.39e-08     4s
  32   9.79185028e+00  9.78981869e+00  2.90e-09 4.44e-16  3.16e-08     4s
  33   9.79161861e+00  9.79046114e+00  1.79e-09 5.10e-16  1.80e-08     4s
  34   9.79146038e+00  9.79083882e+00  1.05e-09 5.52e-16  9.66e-09     4s
  35   9.79134088e+00  9.79107601e+00  5.01e-10 4.44e-16  4.12e-09     4s
  36   9.79127179e+00  9.79120404e+00  9.18e-10 3.01e-12  1.05e-09     4s
  37   9.79124400e+00  9.79123278e+00  8.99e-10 4.48e-13  1.74e-10     4s
  38   9.79124011e+00  9.79123718e+00  2.73e-09 1.17e-13  4.56e-11     4s

Barrier solved model in 38 iterations and 3.66 seconds (3.63 work units)
Optimal objective 9.79124011e+00


Root crossover log...

       0 PPushes remaining with PInf 0.0000000e+00                 5s

  Push phase complete: Pinf 0.0000000e+00, Dinf 2.7630238e-02      5s


Root simplex log...

Iteration    Objective       Primal Inf.    Dual Inf.      Time
    7432    9.7912535e+00   0.000000e+00   2.763024e-02      5s
    7583    9.7912384e+00   0.000000e+00   0.000000e+00      5s
    7583    9.7912384e+00   0.000000e+00   0.000000e+00      5s

Root relaxation: objective 9.791238e+00, 7583 iterations, 2.87 seconds (4.55 work units)

    Nodes    |    Current Node    |     Objective Bounds      |     Work
 Expl Unexpl |  Obj  Depth IntInf | Incumbent    BestBd   Gap | It/Node Time

     0     0    9.79124    0  581   45.07533    9.79124  78.3%     -    8s
H    0     0                      24.6320372    9.79124  60.2%     -   10s
H    0     0                      23.5519049   10.89483  53.7%     -   24s
H    0     0                      17.0805066   10.89483  36.2%     -   24s
     0     0   10.91426    0  676   17.08051   10.91426  36.1%     -   24s
     0     0   11.07257    0  680   17.08051   11.07257  35.2%     -   30s
     0     0   11.08104    0  676   17.08051   11.08104  35.1%     -   31s
     0     0   11.08115    0  689   17.08051   11.08115  35.1%     -   31s
     0     0   11.24809    0  620   17.08051   11.24809  34.1%     -   36s
     0     0   11.26267    0  601   17.08051   11.26267  34.1%     -   40s
     0     0   11.26444    0  623   17.08051   11.26444  34.1%     -   41s
     0     0   11.26454    0  625   17.08051   11.26454  34.1%     -   41s
     0     0   11.39546    0  734   17.08051   11.39546  33.3%     -   47s
     0     0   11.42395    0  676   17.08051   11.42395  33.1%     -   52s
     0     0   11.42641    0  667   17.08051   11.42641  33.1%     -   53s
     0     0   11.42657    0  728   17.08051   11.42657  33.1%     -   54s
     0     0   11.44814    0  743   17.08051   11.44814  33.0%     -   57s
     0     0   11.44923    0  652   17.08051   11.44923  33.0%     -   58s
     0     0   11.44933    0  652   17.08051   11.44933  33.0%     -   58s
     0     0   11.45127    0  682   17.08051   11.45127  33.0%     -   59s
H    0     0                      16.2982095   11.45127  29.7%     -   61s
     0     0   11.45242    0  746   16.29821   11.45242  29.7%     -   62s
     0     0   11.45242    0  746   16.29821   11.45242  29.7%     -   62s
     0     0   11.45326    0  750   16.29821   11.45326  29.7%     -   63s
     0     0   11.45339    0  749   16.29821   11.45339  29.7%     -   63s
     0     0   11.45343    0  750   16.29821   11.45343  29.7%     -   64s
     0     0   11.45343    0  664   16.29821   11.45343  29.7%     -   68s
     0     2   11.45343    0  664   16.29821   11.45343  29.7%     -   74s
     1     4   11.94721    1  803   16.29821   11.45343  29.7%  7227   82s
     3     8   13.00009    2  753   16.29821   11.52404  29.3%  4137   87s
     7    16   13.27405    3  747   16.29821   11.55510  29.1%  2525   95s
    15    32   13.31861    4  731   16.29821   11.55610  29.1%  2359  102s
    31    64   13.57002    5  696   16.29821   11.58458  28.9%  2994  109s
H   36    64                      15.7498070   11.58458  26.4%  2835  109s
H   49    64                      15.5643448   11.60250  25.5%  2717  109s
    63    96   13.59838    6  690   15.56434   11.60250  25.5%  2555  140s
    95   128   13.60945    7  663   15.56434   11.60250  25.5%  2781  150s
H   96   128                      15.5125206   11.60250  25.2%  2752  150s
H   97   128                      15.4998562   11.60250  25.1%  2725  150s
H   98   128                      15.4882957   11.60250  25.1%  2706  150s
   127   160   13.72125    8  671   15.48830   11.60250  25.1%  2353  156s
   159   192   13.73688    9  758   15.48830   11.60250  25.1%  2189  167s
H  162   192                      15.4882957   11.60250  25.1%  2160  167s
H  163   192                      15.4882957   11.60250  25.1%  2155  167s
H  166   192                      15.4227630   11.60250  24.8%  2133  167s
H  167   192                      15.4161466   11.60250  24.7%  2120  167s
H  171   192                      15.4060383   11.60250  24.7%  2103  167s
   191   241   13.74777   10  673   15.40604   11.60250  24.7%  1979  173s
   240   273   13.76497   11  669   15.40604   11.60250  24.7%  1787  181s
H  248   273                      15.3758520   11.60250  24.5%  1767  181s
   272   313   13.76992   12  647   15.37585   11.60250  24.5%  1707  187s
   312   355   13.79278   14  566   15.37585   11.60250  24.5%  1746  193s
   354   406   13.84054   15  662   15.37585   11.60250  24.5%  1747  200s
   405   464   13.86400   16  666   15.37585   11.60250  24.5%  1690  207s
   465   517   13.86965   17  660   15.37585   11.60250  24.5%  1621  212s
   518   565   14.32143   18  632   15.37585   11.60250  24.5%  1620  219s
H  566   595                      13.4359487   11.60250  13.6%  1634  359s
H  567   595                      13.3960201   11.60250  13.4%  1632  359s
H  576   595                      13.3947166   11.60250  13.4%  1633  359s
H  597   595                      13.2865973   11.60250  12.7%  1619  359s
   598   585     cutoff   20        13.28660   11.61942  12.5%  1618  444s
H  603   585                      13.2865973   11.61942  12.5%  1617  444s
H  620   585                      13.2820504   11.61942  12.5%  1623  444s
H  634   585                      13.2742134   11.61942  12.5%  1613  444s
H  652   585                      13.2736722   11.61942  12.5%  1588  444s
   668   650   12.26576    7  546   13.27367   11.61942  12.5%  1579  451s
   749   707   12.42635    7  521   13.27367   11.61942  12.5%  1587  459s
   827   766   12.37892    8  511   13.27367   11.61942  12.5%  1599  467s
   916   858   12.50086    8  450   13.27367   11.61942  12.5%  1602  476s
  1019   916   12.51214    9  549   13.27367   11.61942  12.5%  1563  484s
  1108  1003   12.54831   10  558   13.27367   11.61942  12.5%  1579  493s
  1219  1089   12.55813   12  498   13.27367   11.61942  12.5%  1562  499s
  1332  1192   12.66051   15  449   13.27367   11.61942  12.5%  1544  508s
  1456  1293   12.62967   15  409   13.27367   11.61942  12.5%  1512  515s
  1620  1371   12.72022   19  278   13.27367   11.61942  12.5%  1451  523s
H 1771  1397                      13.2735471   11.61942  12.5%  1424  622s
H 1775  1397                      13.1296910   11.61942  11.5%  1424  622s
H 1782  1397                      13.1236123   11.61942  11.5%  1424  622s
H 1789  1397                      12.9983892   11.61942  10.6%  1427  622s
  1805  1474   12.91850   23  329   12.99839   11.61942  10.6%  1431  631s
  1993  1518   12.87177   25  261   12.99839   11.61942  10.6%  1392  641s
  2113  1596     cutoff   27        12.99839   11.64979  10.4%  1411  650s
  2239  1664   11.88639    8  497   12.99839   11.64979  10.4%  1419  660s
  2365  1737   12.00853   11  441   12.99839   11.64979  10.4%  1436  668s
  2512  1799   12.46460   14  342   12.99839   11.64979  10.4%  1439  678s
  2668  1764   12.84532   20  230   12.99839   11.64979  10.4%  1443  689s
  2861  1774   12.90676   25  402   12.99839   11.67470  10.2%  1436  700s
  3024  1831   12.01427   11  439   12.99839   11.72452  9.80%  1453  713s
  3183  1726   11.93624   13  664   12.99839   11.72452  9.80%  1457 1085s
  3185  1727   12.77981   19  594   12.99839   11.72452  9.80%  1456 1094s
  3186  1728   12.92181   25  630   12.99839   11.72452  9.80%  1455 1122s
  3187  1729   12.25259   13  704   12.99839   11.72452  9.80%  1455 1127s
  3188  1729   12.70644   30  707   12.99839   11.72452  9.80%  1454 1131s
  3190  1731   12.29462   19  758   12.99839   11.72452  9.80%  1454 1142s
  3192  1732   12.89245   25  777   12.99839   11.72452  9.80%  1453 1145s
  3193  1733   12.47092   18  726   12.99839   11.72452  9.80%  1452 1155s
  3195  1734   12.69026   19  693   12.99839   11.72452  9.80%  1451 1166s
  3197  1735   12.32116   11  626   12.99839   11.72452  9.80%  1450 1175s
  3199  1737   12.65566   23  625   12.99839   11.72452  9.80%  1449 1183s
  3201  1738   12.53161   14  625   12.99839   11.72452  9.80%  1449 1187s
  3202  1739   12.18712    9  625   12.99839   11.72452  9.80%  1448 1192s
  3203  1739   12.24096    7  625   12.99839   11.72452  9.80%  1448 1197s
  3204  1743   12.01964   15  723   12.99839   11.72452  9.80%  1470 1210s
  3206  1746   12.46279   16  814   12.99839   11.72452  9.80%  1471 1221s
  3210  1751   12.49599   17  751   12.99839   11.72452  9.80%  1474 1231s
  3218  1758   12.66078   18  591   12.99839   11.72452  9.80%  1483 1240s
  3232  1778   12.69389   19  597   12.99839   11.72452  9.80%  1487 1249s
  3256  1795   12.88421   20  761   12.99839   11.72452  9.80%  1497 1261s
  3288  1810   12.92878   21  763   12.99839   11.72452  9.80%  1527 1271s
  3320  1826     cutoff   22        12.99839   11.72452  9.80%  1539 1278s
  3352  1833     cutoff   22        12.99839   11.72452  9.80%  1546 1285s
  3384  1839   12.40252   22  441   12.99839   11.72452  9.80%  1554 1297s
  3419  1851   12.40995   23  365   12.99839   11.72452  9.80%  1558 1404s
  3451  1863   12.41145   24  306   12.99839   11.72452  9.80%  1558 1411s
  3487  1886   12.46704   25  301   12.99839   11.72452  9.80%  1562 1419s
  3537  1887   12.53908   27  601   12.99839   11.72452  9.80%  1567 1546s
H 3538  1799                      12.9319904   11.72452  9.34%  1567 1546s
  3569  1816   12.53934   28  603   12.93199   11.72452  9.34%  1568 1554s
  3638  1810     cutoff   31        12.93199   11.72452  9.34%  1567 1561s
  3705  1818   12.59627   31  483   12.93199   11.72452  9.34%  1566 1568s
  3775  1831   12.90414   33  450   12.93199   11.72452  9.34%  1568 1575s
  3860  1827     cutoff   34        12.93199   11.72452  9.34%  1563 1585s
  3949  1828     cutoff   33        12.93199   11.72452  9.34%  1559 1593s
  4040  1824   12.38030   26  403   12.93199   11.72452  9.34%  1558 1605s
  4135  1846   12.54986   28  408   12.93199   11.72452  9.34%  1554 1613s
  4226  1862   12.86556   31  615   12.93199   11.72452  9.34%  1554 1622s
  4323  1889     cutoff   32        12.93199   11.72452  9.34%  1549 1632s
  4435  1868   12.90677   34  593   12.93199   11.74754  9.16%  1542 1645s
  4537  1874   11.95959   22  347   12.93199   11.74754  9.16%  1541 1659s
  4650  1893   12.23873   24  478   12.93199   11.74754  9.16%  1538 1666s
  4760  1898   12.26154   25  441   12.93199   11.74754  9.16%  1534 1678s
  4860  1940     cutoff   28        12.93199   11.74754  9.16%  1534 1687s
  4995  1947   12.64634   28  415   12.93199   11.74754  9.16%  1527 1702s
  5132  1962   12.67383   29  418   12.93199   11.74754  9.16%  1529 1713s
  5264  1975   12.69192   30  414   12.93199   11.74754  9.16%  1532 1724s
  5388  2040     cutoff   34        12.93199   11.84563  8.40%  1535 1737s
  5569  2061   12.16049   23  300   12.93199   11.84563  8.40%  1529 1754s
  5775  2060   12.38655   29  349   12.93199   11.84563  8.40%  1520 1765s
  5953  2078     cutoff   31        12.93199   11.84563  8.40%  1515 1777s
  6122  2129   12.56743   32  413   12.93199   11.84563  8.40%  1516 1791s
  6339  2145   12.87174   38  259   12.93199   11.88906  8.06%  1505 1814s
  6547  2134   11.92899   25  507   12.93199   11.88906  8.06%  1499 1827s
  6756  2159   12.07516   30  308   12.93199   11.88906  8.06%  1492 1843s
  6986  2173     cutoff   35        12.93199   11.88906  8.06%  1483 1857s
  7198  2180   12.70495   38  225   12.93199   12.01968  7.05%  1481 1871s
  7428  2191   12.69027   26  544   12.93199   12.01968  7.05%  1481 1886s
  7652  2208     cutoff   30        12.93199   12.01968  7.05%  1482 1903s
  7930  2170     cutoff   32        12.93199   12.05380  6.79%  1471 1921s
  8172  2195   12.65077   29  338   12.93199   12.05380  6.79%  1474 1935s
  8409  2290   12.85197   33  213   12.93199   12.05380  6.79%  1478 1951s
  8720  2383     cutoff   35        12.93199   12.25215  5.26%  1471 1971s
  8966  2470   12.75963   35  222   12.93199   12.25688  5.22%  1475 1989s
  9285  2577   12.82501   36  220   12.93199   12.26313  5.17%  1468 2006s
  9580  2724   12.80068   37  298   12.93199   12.28252  5.02%  1469 2022s
  9975  2817   12.62822   31  307   12.93199   12.28252  5.02%  1455 2041s
 10294  2957     cutoff   35        12.93199   12.31748  4.75%  1451 2060s
 10658  3089   12.90063   43  148   12.93199   12.32462  4.70%  1448 2097s
 11040  3170   12.55065   25  239   12.93199   12.32995  4.66%  1447 2117s
 11405  3266     cutoff   43        12.93199   12.33383  4.63%  1448 2140s
 11802  3419   12.53965   41  236   12.93199   12.35602  4.45%  1449 2163s
 12336  3545   12.87472   26  398   12.93199   12.36027  4.42%  1436 2186s
 12765  3680   12.82666   36  303   12.93199   12.37660  4.29%  1437 2213s
 13220  3793     cutoff   29        12.93199   12.38600  4.22%  1439 2258s
 13712  3960     cutoff   31        12.93199   12.38823  4.20%  1439 2283s
 14263  4071   12.71354   31  415   12.93199   12.41201  4.02%  1435 2312s
 14777  4212   12.92847   32  445   12.93199   12.41668  3.98%  1439 2340s
 15339  4348     cutoff   41        12.93199   12.42155  3.95%  1437 2375s
 15939  4489   12.57023   31  154   12.93199   12.44417  3.77%  1432 2491s
 16487  4489     cutoff   33        12.93199   12.45077  3.72%  1440 2608s
H16493  4488                      12.9300109   12.45077  3.71%  1440 2608s
H16499  4468                      12.9207206   12.45077  3.64%  1441 2608s
H16502  4451                      12.9124842   12.45077  3.58%  1441 2608s
H16513  4450                      12.9122063   12.45077  3.57%  1441 2608s
H16516  4448                      12.9114193   12.45077  3.57%  1441 2608s
H16526  4440                      12.9079875   12.45077  3.54%  1442 2608s
H16527  4359                      12.8881169   12.45077  3.39%  1442 2608s
 16551  4449   12.75354   33  351   12.88812   12.45147  3.39%  1443 2640s
 17210  4550   12.80073   29  354   12.88812   12.46046  3.32%  1441 2682s
H17896  4608                      12.8880497   12.46736  3.26%  1442 2745s
H17908  4608                      12.8880468   12.47284  3.22%  1442 2745s
H17923  4608                      12.8880463   12.47284  3.22%  1442 2745s
 18249  4686   12.68994   32  473   12.88805   12.47303  3.22%  1440 2796s
 18978  4739     cutoff   36        12.88805   12.48113  3.16%  1443 2886s
H19013  4739                      12.8879718   12.48113  3.16%  1442 2886s
H19142  4739                      12.8879015   12.49048  3.08%  1442 2886s
H19155  4739                      12.8878924   12.49048  3.08%  1442 2886s
H19194  4739                      12.8878497   12.49048  3.08%  1440 2886s
H19220  4739                      12.8877921   12.49048  3.08%  1441 2886s
H19364  4739                      12.8877918   12.49048  3.08%  1440 2886s
 19467  4818   12.76094   30  301   12.88779   12.49179  3.07%  1442 2953s
 20320  4876   12.70664   35  205   12.88779   12.50087  3.00%  1442 3003s
 21033  4909     cutoff   26        12.88779   12.51707  2.88%  1448 3108s
H21034  4909                      12.8877885   12.51707  2.88%  1448 3108s
H21066  4909                      12.8877877   12.51734  2.87%  1448 3108s
 21375  5030     cutoff   39        12.88779   12.52078  2.85%  1452 3153s
 22311  5128   12.77444   34  185   12.88779   12.53197  2.76%  1450 3216s
H22357  5128                      12.8877873   12.53372  2.75%  1453 3216s
*22577  4882              79      12.8567232   12.53372  2.51%  1450 3216s
 22983  4850     cutoff   34        12.85672   12.53471  2.50%  1449 3268s
 23810  4824 infeasible   34        12.85672   12.54729  2.41%  1457 3325s
 24730  4892   12.79384   40  163   12.85672   12.56003  2.31%  1464 3389s
 25765  4843     cutoff   47        12.85672   12.57426  2.20%  1467 3478s
 26802  4729     cutoff   34        12.85672   12.58818  2.09%  1471 3529s
 27739  4613   12.77980   37  196   12.85672   12.60087  1.99%  1482 3605s
 28795  4473   12.85471   36  234   12.85672   12.61227  1.90%  1491 3665s
H28823  4469                      12.8567232   12.61291  1.90%  1491 3665s
H28986  4469                      12.8567232   12.61629  1.87%  1492 3665s
H29083  4330                      12.8460651   12.61680  1.78%  1493 3665s
H29255  4325                      12.8457614   12.61806  1.77%  1494 3665s
 29803  4141     cutoff   31        12.84576   12.62822  1.69%  1498 3725s
H31009  3878                      12.8428298   12.63889  1.59%  1504 3814s
H31059  3607                      12.8257718   12.64356  1.42%  1505 3814s
H31113  3607                      12.8257701   12.64418  1.42%  1505 3814s
 31228  3607   12.74440   31  384   12.82577   12.64669  1.40%  1506 3815s
 32071  3238   12.74767   35  245   12.82577   12.66375  1.26%  1513 3905s
 33300  2850     cutoff   32        12.82577   12.67700  1.16%  1522 3975s
H33303  2838                      12.8252546   12.67700  1.16%  1522 3975s
H33399  2575                      12.8111596   12.67929  1.03%  1523 3975s
 34400  1791   12.78684   44   50   12.81116   12.69954  0.87%  1529 4045s
 35818   731     cutoff   34        12.81116   12.73207  0.62%  1532 4129s
 36220   731     cutoff   30        12.81116   12.73474  0.60%  1528 4130s

Cutting planes:
  Learned: 8
  Gomory: 58
  Cover: 207
  Implied bound: 995
  Projected implied bound: 80
  Clique: 34
  MIR: 891
  StrongCG: 9
  Flow cover: 2030
  Inf proof: 3
  Zero half: 12
  RLT: 100
  Relax-and-lift: 154
  BQP: 12
  PSD: 3

Explored 37753 nodes (57422957 simplex iterations) in 4133.06 seconds (10066.17 work units)
Thread count was 32 (of 128 available processors)

Solution count 10: 12.8112 12.8253 12.8258 ... 12.8567

Optimal solution found (tolerance 5.00e-03)
Best objective 1.281115964326e+01, best bound 1.276351505700e+01, gap 0.3719%


*********************************************
*********************************************


Set parameter LogFile to value "/work/07346/ashukla/ls6/Norta_Results/norta_sm_16_14/40M"
Gurobi Optimizer version 10.0.2 build v10.0.2rc0 (linux64)

CPU model: AMD EPYC 7763 64-Core Processor, instruction set [SSE2|AVX|AVX2]
Thread count: 128 physical cores, 128 logical processors, using up to 32 threads

Optimize a model with 211755 rows, 77908 columns and 589976 nonzeros
Model fingerprint: 0x19606a29
Variable types: 55968 continuous, 21940 integer (21578 binary)
Coefficient statistics:
  Matrix range     [1e-03, 1e+05]
  Objective range  [6e-02, 6e-02]
  Bounds range     [1e+00, 3e+00]
  RHS range        [1e-02, 4e+07]

MIP start from previous solve produced solution with objective 12.8112 (0.69s)
MIP start from previous solve produced solution with objective 12.8112 (0.70s)
Loaded MIP start from previous solve with objective 12.8112

Presolve removed 176447 rows and 50649 columns
Presolve time: 1.74s
Presolved: 35308 rows, 27259 columns, 127786 nonzeros
Variable types: 23604 continuous, 3655 integer (3591 binary)
Root barrier log...

Ordering time: 0.32s

Barrier statistics:
 Dense cols : 57
 AA' NZ     : 4.131e+05
 Factor NZ  : 3.476e+06 (roughly 50 MB of memory)
 Factor Ops : 1.738e+09 (less than 1 second per iteration)
 Threads    : 32

                  Objective                Residual
Iter       Primal          Dual         Primal    Dual     Compl     Time
   0  -6.87813041e+05 -2.87969037e+05  3.66e+04 1.68e-01  7.27e+02     3s
   1  -3.99394809e+05 -3.14439193e+05  2.09e+04 4.60e-01  4.20e+02     3s
   2  -1.26797895e+05 -3.85177888e+05  5.14e+03 2.39e-13  1.44e+02     3s
   3  -1.20091421e+04 -2.88778311e+05  6.42e+01 2.13e-05  1.71e+01     3s
   4  -2.03580816e+03 -1.46585020e+05  1.19e+01 3.30e-14  4.23e+00     3s
   5  -5.62660336e+02 -8.93530401e+04  4.09e+00 1.53e-14  1.91e+00     3s
   6   1.20602036e+02 -3.07126874e+04  3.81e-01 9.68e-15  5.08e-01     3s
   7   1.55752623e+02 -4.15591525e+03  1.16e-02 3.11e-15  6.72e-02     3s
   8   8.56504293e+01 -7.77879010e+02  1.48e-03 1.33e-15  1.34e-02     3s
   9   2.91323027e+01 -1.29706447e+02  2.61e-04 4.44e-16  2.47e-03     3s
  10   1.07776956e+01 -4.16623939e+01  4.39e-05 4.44e-16  8.15e-04     3s
  11   7.70424062e+00 -1.38067141e+01  2.20e-05 4.44e-16  3.34e-04     3s
  12   5.99768306e+00 -4.74802503e+00  1.29e-05 4.44e-16  1.67e-04     3s
  13   5.61351685e+00 -3.18479331e+00  1.11e-05 2.22e-16  1.37e-04     3s
  14   4.72021856e+00  6.95486798e-02  6.88e-06 4.44e-16  7.23e-05     3s
  15   4.28225227e+00  7.59362755e-01  4.89e-06 2.22e-16  5.47e-05     3s
  16   3.86675493e+00  1.65846574e+00  3.08e-06 4.44e-16  3.43e-05     3s
  17   3.60034252e+00  2.35489381e+00  1.84e-06 4.44e-16  1.93e-05     3s
  18   3.43564108e+00  2.57880822e+00  1.08e-06 4.44e-16  1.33e-05     3s
  19   3.35693293e+00  2.93667640e+00  7.34e-07 4.44e-16  6.53e-06     3s
  20   3.26702497e+00  3.00859514e+00  3.37e-07 4.44e-16  4.01e-06     3s
  21   3.23972848e+00  3.08499653e+00  2.19e-07 4.44e-16  2.40e-06     3s
  22   3.21757554e+00  3.13398879e+00  1.27e-07 4.44e-16  1.30e-06     3s
  23   3.20634148e+00  3.15687174e+00  7.75e-08 4.44e-16  7.69e-07     3s
  24   3.19900635e+00  3.16851456e+00  4.49e-08 4.44e-16  4.74e-07     4s
  25   3.19462438e+00  3.18037438e+00  2.63e-08 4.44e-16  2.21e-07     4s
  26   3.19204259e+00  3.18428245e+00  1.56e-08 4.44e-16  1.21e-07     4s
  27   3.19077120e+00  3.18537842e+00  1.02e-08 2.22e-16  8.38e-08     4s
  28   3.18972235e+00  3.18721709e+00  5.65e-09 4.44e-16  3.89e-08     4s
  29   3.18926763e+00  3.18783631e+00  3.77e-09 1.68e-15  2.22e-08     4s
  30   3.18892038e+00  3.18811753e+00  2.36e-09 6.61e-16  1.25e-08     4s
  31   3.18875531e+00  3.18818069e+00  1.68e-09 1.29e-12  8.93e-09     4s
  32   3.18855453e+00  3.18823075e+00  8.46e-10 1.56e-12  5.03e-09     4s
  33   3.18839234e+00  3.18831692e+00  1.75e-10 6.81e-14  1.17e-09     4s
  34   3.18835930e+00  3.18834482e+00  7.00e-11 4.23e-12  2.25e-10     4s
  35   3.18834916e+00  3.18834620e+00  1.61e-09 1.65e-12  4.61e-11     4s

Barrier solved model in 35 iterations and 3.75 seconds (3.62 work units)
Optimal objective 3.18834916e+00


Root relaxation: objective 3.188347e+00, 7653 iterations, 2.36 seconds (2.43 work units)
Total elapsed time = 7.90s

    Nodes    |    Current Node    |     Objective Bounds      |     Work
 Expl Unexpl |  Obj  Depth IntInf | Incumbent    BestBd   Gap | It/Node Time

     0     0    3.18835    0  291   12.81116    3.18835  75.1%     -    8s
H    0     0                       7.0201469    3.18835  54.6%     -   10s
H    0     0                       6.8869691    3.80451  44.8%     -   24s
     0     0    3.80451    0  395    6.88697    3.80451  44.8%     -   25s
     0     0    3.87461    0  384    6.88697    3.87461  43.7%     -   33s
H    0     0                       6.8008639    3.96041  41.8%     -   41s
     0     0    3.96041    0  453    6.80086    3.96041  41.8%     -   41s
H    0     0                       6.7909404    3.96041  41.7%     -   44s
     0     0    3.96421    0  451    6.79094    3.96421  41.6%     -   46s
     0     0    3.96492    0  440    6.79094    3.96492  41.6%     -   46s
     0     0    3.96492    0  440    6.79094    3.96492  41.6%     -   46s
     0     0    3.97381    0  461    6.79094    3.97381  41.5%     -   53s
H    0     0                       6.3483693    3.97381  37.4%     -   55s
     0     0    3.97442    0  477    6.34837    3.97442  37.4%     -   57s
     0     0    3.97447    0  486    6.34837    3.97447  37.4%     -   57s
     0     0    3.97775    0  468    6.34837    3.97775  37.3%     -   59s
     0     0    3.97775    0  468    6.34837    3.97775  37.3%     -   60s
     0     0    3.97829    0  450    6.34837    3.97829  37.3%     -   61s
     0     0    3.97830    0  450    6.34837    3.97830  37.3%     -   62s
     0     0    3.97833    0  443    6.34837    3.97833  37.3%     -   63s
     0     0    3.97833    0  443    6.34837    3.97833  37.3%     -   64s
     0     0    3.97837    0  446    6.34837    3.97837  37.3%     -   64s
     0     0    3.97837    0  446    6.34837    3.97837  37.3%     -   67s
     0     0    3.97837    0  446    6.34837    3.97837  37.3%     -   67s
     0     0    3.97837    0  332    6.34837    3.97837  37.3%     -   72s
H    0     0                       6.3099840    3.97837  37.0%     -   74s
     0     2    3.97837    0  332    6.30998    3.97837  37.0%     -   80s
     1     4    4.00079    1  393    6.30998    4.00079  36.6%  4846   86s
     3     8    4.21845    2  544    6.30998    4.00079  36.6%  5253   95s
     7    16    5.36077    3  550    6.30998    4.00489  36.5%  4001  107s
    15    32    5.40098    4  519    6.30998    4.01069  36.4%  4399  120s
    31    64    5.69540    5  401    6.30998    4.04938  35.8%  5075  163s
H   39    64                       6.0197231    4.04938  32.7%  6002  163s
H   47    64                       5.5709851    4.04938  27.3%  6352  163s
    63    83     cutoff    6         5.57099    4.05118  27.3%  5707  203s
H   98   112                       5.5709850    4.05118  27.3%  4577  210s
H  105   112                       5.5055529    4.05118  26.4%  4462  210s
H  114   112                       5.4981027    4.05118  26.3%  4169  210s
   130   139    4.09613    8  345    5.49810    4.05118  26.3%  3842  217s
   162   172    4.10117    9  351    5.49810    4.05118  26.3%  3522  229s
H  165   172                       5.4981027    4.05118  26.3%  3480  229s
H  175   172                       5.4981027    4.05118  26.3%  3377  229s
H  176   172                       5.4968406    4.05118  26.3%  3381  229s
   198   216    4.11267   10  319    5.49684    4.05118  26.3%  3199  241s
H  246   242                       5.3153758    4.05118  23.8%  2984  335s
H  250   242                       5.2366602    4.05118  22.6%  3004  335s
H  254   242                       4.9664754    4.05118  18.4%  2970  335s
   278   274    4.19113    8  364    4.96648    4.05118  18.4%  3010  343s
   326   328    4.17084   11  362    4.96648    4.05118  18.4%  2878  353s
   384   384    4.23979    9  382    4.96648    4.05118  18.4%  2725  358s
   445   452    4.18931   11  401    4.96648    4.05118  18.4%  2527  368s
   521   523    4.19619   12  499    4.96648    4.05118  18.4%  2334  375s
   598   584    4.21475   12  388    4.96648    4.05118  18.4%  2200  384s
   672   658    4.45692   12  367    4.96648    4.05118  18.4%  2082  390s
   764   724    4.22112   13  293    4.96648    4.05118  18.4%  1956  397s
   852   793    4.76428   11  325    4.96648    4.05118  18.4%  1855  405s
   951   857    4.27440   14  338    4.96648    4.05118  18.4%  1808  417s
  1036   929    4.47740   14  406    4.96648    4.05118  18.4%  1784  461s
H 1049   929                       4.7075308    4.05118  13.9%  1775  461s
H 1107   929                       4.6916064    4.05118  13.7%  1726  461s
H 1108   929                       4.5958077    4.05118  11.9%  1725  461s
  1132   923    4.29203   15  356    4.59581    4.05118  11.9%  1731  662s
H 1140   923                       4.4875208    4.05118  9.72%  1739  662s
H 1153   923                       4.4595494    4.05118  9.16%  1732  662s
H 1159   923                       4.4390674    4.05118  8.74%  1730  662s
H 1166   923                       4.4195272    4.05118  8.33%  1726  662s
  1222   891    4.36842   16  299    4.41953    4.05118  8.33%  1730  676s
  1331   904     cutoff   14         4.41953    4.05118  8.33%  1782  687s
  1418   890     cutoff   16         4.41953    4.05118  8.33%  1833  703s
  1511   884     cutoff   17         4.41953    4.05118  8.33%  1902  717s
  1602   921    4.23773   12  284    4.41953    4.05118  8.33%  1944  747s
  1748   892     cutoff   16         4.41953    4.05118  8.33%  1937  763s
  1895   889     cutoff   14         4.41953    4.06171  8.10%  1938  777s
  2010   911    4.27296    7  124    4.41953    4.06171  8.10%  1960  797s
H 2201   923                       4.4195270    4.06171  8.10%  1922  817s
H 2216   923                       4.4195267    4.06171  8.10%  1910  818s
H 2218   923                       4.4195263    4.06171  8.10%  1914  818s
  2295   983    4.33963   32   34    4.41953    4.06171  8.10%  1915  838s
  2544  1060    4.34437   47   33    4.41953    4.06171  8.10%  1839  850s
  2869  1210     cutoff   59         4.41953    4.09486  7.35%  1717  864s
  3265  1185    4.20790   11  266    4.41953    4.19113  5.17%  1572  879s
H 3354  1185                       4.4195263    4.19113  5.17%  1545  879s
  3457  1190    4.34342   12  251    4.41953    4.19113  5.17%  1520  892s
  3925  1206     cutoff   15         4.41953    4.19113  5.17%  1414  905s
  4363  1201    4.40110   16  259    4.41953    4.19113  5.17%  1339  937s
H 4397  1201                       4.4195259    4.19113  5.17%  1333  937s
H 4398  1201                       4.4195258    4.19113  5.17%  1333  937s
H 4437  1201                       4.4102394    4.19113  4.97%  1330  937s
  4494  1099     cutoff   17         4.41024    4.20488  4.66%  1323  948s
  5080   816     cutoff   10         4.41024    4.23104  4.06%  1236  957s
  5805   298     cutoff   12         4.41024    4.25425  3.54%  1136  967s
  6551    38     cutoff   19         4.41024    4.34504  1.48%  1037  974s
  6926     0    4.39550   17  104    4.41024    4.38278  0.62%   988  978s

Cutting planes:
  Learned: 5
  Gomory: 40
  Cover: 178
  Implied bound: 1571
  Clique: 51
  MIR: 504
  StrongCG: 2
  Flow cover: 201
  Zero half: 9
  RLT: 87
  Relax-and-lift: 123
  BQP: 6
  PSD: 1

Explored 7005 nodes (6909333 simplex iterations) in 978.95 seconds (1968.62 work units)
Thread count was 32 (of 128 available processors)

Solution count 10: 4.41024 4.41953 4.41953 ... 4.45955

Optimal solution found (tolerance 5.00e-03)
Best objective 4.410239375001e+00, best bound 4.410239375001e+00, gap 0.0000%


*********************************************
*********************************************


Set parameter LogFile to value "/work/07346/ashukla/ls6/Norta_Results/norta_sm_16_14/60M"
Gurobi Optimizer version 10.0.2 build v10.0.2rc0 (linux64)

CPU model: AMD EPYC 7763 64-Core Processor, instruction set [SSE2|AVX|AVX2]
Thread count: 128 physical cores, 128 logical processors, using up to 32 threads

Optimize a model with 211755 rows, 77908 columns and 589976 nonzeros
Model fingerprint: 0xbd75dad1
Variable types: 55968 continuous, 21940 integer (21578 binary)
Coefficient statistics:
  Matrix range     [1e-03, 1e+05]
  Objective range  [6e-02, 6e-02]
  Bounds range     [1e+00, 3e+00]
  RHS range        [1e-02, 6e+07]

MIP start from previous solve produced solution with objective 4.41024 (0.69s)
MIP start from previous solve produced solution with objective 4.41024 (0.70s)
Loaded MIP start from previous solve with objective 4.41024

Presolve removed 176447 rows and 50649 columns
Presolve time: 1.76s
Presolved: 35308 rows, 27259 columns, 127786 nonzeros
Variable types: 23604 continuous, 3655 integer (3591 binary)
Root barrier log...

Ordering time: 0.32s

Barrier statistics:
 Dense cols : 57
 AA' NZ     : 4.131e+05
 Factor NZ  : 3.476e+06 (roughly 50 MB of memory)
 Factor Ops : 1.738e+09 (less than 1 second per iteration)
 Threads    : 32

                  Objective                Residual
Iter       Primal          Dual         Primal    Dual     Compl     Time
   0  -9.86040524e+05 -2.87969694e+05  5.24e+04 1.68e-01  1.04e+03     3s
   1  -5.89259406e+05 -3.06555335e+05  3.05e+04 5.51e-01  6.16e+02     3s
   2  -3.25585116e+05 -3.90331323e+05  1.39e+04 2.03e-13  3.50e+02     3s
   3  -9.40357500e+03 -3.36975053e+05  5.06e+01 2.12e-13  1.51e+01     3s
   4  -2.16276431e+03 -1.39056925e+05  1.26e+01 2.91e-14  4.09e+00     3s
   5  -3.87140657e+02 -7.90696980e+04  3.16e+00 1.55e-14  1.60e+00     3s
   6   1.20870429e+02 -3.05372798e+04  3.55e-01 6.54e-15  5.02e-01     3s
   7   1.53855590e+02 -4.08895155e+03  1.30e-02 1.78e-15  6.62e-02     3s
   8   8.41945378e+01 -8.85017792e+02  4.88e-04 6.66e-16  1.51e-02     3s
   9   2.82548678e+01 -1.49051949e+02  1.86e-05 6.66e-16  2.75e-03     3s
  10   1.15618166e+01 -5.92763433e+01  4.39e-06 6.66e-16  1.10e-03     3s
  11   4.64336782e+00 -2.41567000e+01  1.28e-06 4.44e-16  4.47e-04     3s
  12   4.61191395e+00 -1.43759492e+01  1.26e-06 4.44e-16  2.95e-04     3s
  13   3.34860961e+00 -7.47334497e+00  8.56e-07 4.44e-16  1.68e-04     3s
  14   2.22013396e+00 -2.67666601e+00  5.27e-07 4.44e-16  7.60e-05     3s
  15   1.70114060e+00 -9.73135945e-01  3.82e-07 4.44e-16  4.15e-05     3s
  16   1.13519370e+00 -3.27662680e-01  2.31e-07 4.44e-16  2.27e-05     3s
  17   7.41915008e-01  1.46508356e-01  1.24e-07 4.44e-16  9.25e-06     3s
  18   5.34467266e-01  2.12008882e-01  7.50e-08 4.44e-16  5.01e-06     3s
  19   4.12714055e-01  2.28613487e-01  3.93e-08 4.44e-16  2.86e-06     3s
  20   3.87158771e-01  2.41646468e-01  3.18e-08 4.44e-16  2.26e-06     3s
  21   3.50253953e-01  2.51588849e-01  2.09e-08 4.44e-16  1.53e-06     3s
  22   3.21761348e-01  2.61371618e-01  1.28e-08 4.44e-16  9.38e-07     4s
  23   3.07275746e-01  2.68401391e-01  8.52e-09 4.44e-16  6.04e-07     4s
  24   2.98724567e-01  2.69784390e-01  5.90e-09 4.44e-16  4.49e-07     4s
  25   2.88947089e-01  2.73574164e-01  3.04e-09 4.44e-16  2.39e-07     4s
  26   2.86305973e-01  2.75775023e-01  2.20e-09 4.44e-16  1.64e-07     4s
  27   2.84007436e-01  2.77457963e-01  1.48e-09 2.22e-16  1.02e-07     4s
  28   2.80609998e-01  2.78067229e-01  4.37e-10 4.44e-16  3.95e-08     4s
  29   2.79764267e-01  2.78720895e-01  7.15e-10 4.44e-16  1.62e-08     4s
  30   2.79546479e-01  2.78962547e-01  4.93e-10 4.44e-16  9.07e-09     4s
  31   2.79411567e-01  2.79003780e-01  3.10e-10 4.44e-16  6.33e-09     4s
  32   2.79281568e-01  2.79091477e-01  1.38e-10 8.63e-16  2.95e-09     4s
  33   2.79212031e-01  2.79159033e-01  3.57e-10 2.87e-14  8.23e-10     4s
  34   2.79177701e-01  2.79175174e-01  1.75e-11 2.08e-15  3.92e-11     4s
  35   2.79176461e-01  2.79176078e-01  3.07e-07 2.42e-14  5.95e-12     4s

Barrier solved model in 35 iterations and 3.84 seconds (3.69 work units)
Optimal objective 2.79176461e-01


Root simplex log...

Iteration    Objective       Primal Inf.    Dual Inf.      Time
    4431    2.7916366e-01   0.000000e+00   1.014406e-04      5s
    4581    2.7917623e-01   0.000000e+00   0.000000e+00      5s
    4587    2.7917623e-01   0.000000e+00   0.000000e+00      5s
Extra simplex iterations after uncrush: 6

Root relaxation: objective 2.791762e-01, 4587 iterations, 2.88 seconds (3.88 work units)
Total elapsed time = 11.71s

    Nodes    |    Current Node    |     Objective Bounds      |     Work
 Expl Unexpl |  Obj  Depth IntInf | Incumbent    BestBd   Gap | It/Node Time

     0     0    0.27918    0  191    4.41024    0.27918  93.7%     -   12s
H    0     0                       3.0501350    0.27918  90.8%     -   14s
H    0     0                       3.0501350    0.27918  90.8%     -   15s
H    0     0                       3.0204474    0.38051  87.4%     -   32s
     0     0    0.38051    0  247    3.02045    0.38051  87.4%     -   32s
H    0     0                       2.0556610    0.38051  81.5%     -   35s
     0     0    0.38104    0  236    2.05566    0.38104  81.5%     -   36s
     0     0    0.39192    0  222    2.05566    0.39192  80.9%     -   41s
     0     0    0.39422    0  222    2.05566    0.39422  80.8%     -   44s
     0     0    0.39584    0  223    2.05566    0.39584  80.7%     -   46s
H    0     0                       2.0333472    0.39584  80.5%     -   49s
     0     0    0.39965    0  236    2.03335    0.39965  80.3%     -   50s
     0     0    0.40074    0  217    2.03335    0.40074  80.3%     -   52s
     0     0    0.40099    0  218    2.03335    0.40099  80.3%     -   56s
     0     0    0.40119    0  224    2.03335    0.40119  80.3%     -   57s
     0     0    0.40120    0  228    2.03335    0.40120  80.3%     -   59s
     0     0    0.40143    0  230    2.03335    0.40143  80.3%     -   60s
     0     0    0.40143    0  230    2.03335    0.40143  80.3%     -   61s
     0     0    0.40167    0  223    2.03335    0.40167  80.2%     -   62s
     0     0    0.40167    0  223    2.03335    0.40167  80.2%     -   65s
     0     0    0.40167    0  224    2.03335    0.40167  80.2%     -   65s
     0     0    0.40167    0  224    2.03335    0.40167  80.2%     -   66s
     0     0    0.40167    0  224    2.03335    0.40167  80.2%     -   66s
     0     0    0.40167    0  224    2.03335    0.40167  80.2%     -   66s
     0     0    0.40167    0  185    2.03335    0.40167  80.2%     -   70s
     0     0    0.40167    0  187    2.03335    0.40167  80.2%     -   70s
H    0     0                       1.4730315    0.40167  72.7%     -   74s
     0     0    0.40167    0  176    1.47303    0.40167  72.7%     -   77s
     0     0    0.40167    0  176    1.47303    0.40167  72.7%     -   80s
     0     2    0.40167    0  175    1.47303    0.40167  72.7%     -   93s
     1     4    0.40270    1  185    1.47303    0.40167  72.7%  4381   96s
     3     8    0.44563    2  191    1.47303    0.40270  72.7%  3215  102s
     7    16    0.64956    3  167    1.47303    0.40351  72.6%  3646  107s
    15    31    0.69209    4  164    1.47303    0.40684  72.4%  3263  116s
    31    62    0.79222    5  124    1.47303    0.40736  72.3%  3547  125s
H   35    62                       1.3908006    0.40736  70.7%  3642  125s
H   49    62                       1.2900186    0.41463  67.9%  3729  125s
H   51    62                       1.2442156    0.41576  66.6%  3698  125s
    62    85    0.85024    6  125    1.24422    0.41576  66.6%  3471  177s
    97   115    0.85230    7  146    1.24422    0.41662  66.5%  3112  181s
   129   143    0.85268    8  136    1.24422    0.41662  66.5%  2620  237s
   161   172    0.85339    9  165    1.24422    0.41662  66.5%  3218  245s
H  171   172                       1.0827750    0.41662  61.5%  3079  245s
   194   209    0.85341   10  164    1.08278    0.41662  61.5%  2835  250s
H  248   234                       1.0545285    0.41662  60.5%  2452  345s
H  260   234                       1.0456989    0.41662  60.2%  2373  345s
   283   275    0.87684   13  168    1.04570    0.41662  60.2%  2311  355s
H  296   275                       1.0402808    0.41662  60.0%  2278  355s
H  306   275                       1.0143363    0.41662  58.9%  2227  355s
H  309   275                       0.7070895    0.41662  41.1%  2225  355s
   329   253     cutoff   14         0.70709    0.41662  41.1%  2130  370s
H  407   256                       0.5611240    0.41662  25.8%  1875  447s
H  408   256                       0.5482542    0.41662  24.0%  1873  447s
H  411   256                       0.5392418    0.41662  22.7%  1887  447s
H  415   256                       0.5391922    0.41662  22.7%  1895  447s
H  423   256                       0.5279894    0.41662  21.1%  1927  447s
   447   224     cutoff   16         0.52799    0.41662  21.1%  1970  457s
   510   227    0.45130   11  199    0.52799    0.41662  21.1%  2005  464s
   594   248    0.45804   13  247    0.52799    0.41662  21.1%  1910  471s
   687   224     cutoff   15         0.52799    0.41662  21.1%  1792  476s
   786   227     cutoff   13         0.52799    0.41662  21.1%  1724  483s
   882   254    0.45899   22  182    0.52799    0.41662  21.1%  1652  491s
H  946   254                       0.5105106    0.41662  18.4%  1616  491s
   986   217    0.46655   25  259    0.51051    0.41662  18.4%  1593  503s
  1112   209     cutoff   26         0.51051    0.41662  18.4%  1525  510s
  1195   187     cutoff   26         0.51051    0.41662  18.4%  1515  522s
  1295   149     cutoff   28         0.51051    0.41662  18.4%  1511  530s
  1404   101    0.50112   20  239    0.51051    0.41662  18.4%  1479  535s
  1489    62     cutoff   22         0.51051    0.41765  18.2%  1473  540s
  1554    26    0.49944   22  249    0.51051    0.41765  18.2%  1463  545s
  1612    10    0.49944   23  246    0.51051    0.44915  12.0%  1444  550s
  1648     7    0.47330   22  236    0.51051    0.44915  12.0%  1436  555s
  1674    12    0.45807   16  230    0.51051    0.45188  11.5%  1438  564s
  1693     7     cutoff   17         0.51051    0.46101  9.70%  1442  569s
  1710     5    0.49037   19  179    0.51051    0.46136  9.63%  1443  573s
  1721     1     cutoff   20         0.51051    0.47148  7.64%  1448  579s
  1727     0    0.50500   21  228    0.51051    0.50500  1.08%  1453  582s

Cutting planes:
  Learned: 2
  Gomory: 28
  Cover: 182
  Implied bound: 1429
  Clique: 158
  MIR: 309
  StrongCG: 1
  Flow cover: 100
  Zero half: 9
  RLT: 28
  Relax-and-lift: 85
  BQP: 6
  PSD: 3

Explored 1732 nodes (2562989 simplex iterations) in 582.20 seconds (1100.97 work units)
Thread count was 32 (of 128 available processors)

Solution count 10: 0.510511 0.527989 0.539192 ... 1.0457

Optimal solution found (tolerance 5.00e-03)
Best objective 5.105106250004e-01, best bound 5.105106250004e-01, gap 0.0000%


*********************************************
*********************************************


Set parameter LogFile to value "/work/07346/ashukla/ls6/Norta_Results/norta_sm_16_14/80M"
Gurobi Optimizer version 10.0.2 build v10.0.2rc0 (linux64)

CPU model: AMD EPYC 7763 64-Core Processor, instruction set [SSE2|AVX|AVX2]
Thread count: 128 physical cores, 128 logical processors, using up to 32 threads

Optimize a model with 211755 rows, 77908 columns and 589976 nonzeros
Model fingerprint: 0xdc443164
Variable types: 55968 continuous, 21940 integer (21578 binary)
Coefficient statistics:
  Matrix range     [1e-03, 1e+05]
  Objective range  [6e-02, 6e-02]
  Bounds range     [1e+00, 3e+00]
  RHS range        [1e-02, 8e+07]

MIP start from previous solve produced solution with objective 0.510511 (0.76s)
Loaded MIP start from previous solve with objective 0.510511

Presolve removed 180395 rows and 51333 columns
Presolve time: 1.89s
Presolved: 31360 rows, 26575 columns, 116500 nonzeros
Variable types: 23056 continuous, 3519 integer (3457 binary)
Root barrier log...

Ordering time: 0.26s

Barrier statistics:
 Dense cols : 46
 AA' NZ     : 3.189e+05
 Factor NZ  : 2.595e+06 (roughly 40 MB of memory)
 Factor Ops : 1.050e+09 (less than 1 second per iteration)
 Threads    : 32

                  Objective                Residual
Iter       Primal          Dual         Primal    Dual     Compl     Time
   0  -5.50589777e+04 -2.44822136e+05  2.78e+02 1.68e-01  6.06e+01     3s
   1  -1.71935510e+04 -2.05054077e+05  8.77e+01 3.55e-01  2.07e+01     3s
   2  -4.73324280e+02 -9.45756256e+04  3.50e+00 2.81e-14  2.14e+00     3s
   3   6.99763592e+01 -1.67450227e+04  6.59e-01 7.68e-15  3.30e-01     3s
   4   1.37037567e+02 -2.38049872e+03  9.68e-02 3.92e-15  4.55e-02     3s
   5   9.57566997e+01 -1.02258922e+03  2.35e-02 1.72e-15  1.94e-02     3s
   6   4.86611778e+01 -4.57483944e+02  7.23e-03 7.45e-16  8.70e-03     3s
   7   2.48140281e+01 -1.76374103e+02  2.67e-03 4.44e-16  3.45e-03     3s
   8   1.34779530e+01 -6.64578038e+01  1.03e-03 4.44e-16  1.37e-03     3s
   9   2.93898208e+00 -9.99428356e+00  1.20e-04 4.44e-16  2.21e-04     3s
  10   3.94335387e-01 -2.48860905e+00  8.54e-06 4.44e-16  4.91e-05     3s
  11   7.84944933e-02 -9.51174232e-01  1.43e-06 4.44e-16  1.75e-05     3s
  12   1.93505062e-02 -1.33138198e-01  3.38e-07 4.44e-16  2.60e-06     3s
  13   3.98609970e-03 -2.05438437e-02  6.82e-08 4.44e-16  4.18e-07     3s
  14   4.61146087e-04 -4.56315317e-04  7.49e-09 4.44e-16  1.57e-08     3s
  15   5.81509221e-06 -5.97645663e-06  8.81e-11 4.44e-16  2.01e-10     3s
  16   5.85021098e-09 -5.97623284e-09  3.97e-12 4.44e-16  2.01e-13     3s

Barrier solved model in 16 iterations and 3.50 seconds (3.18 work units)
Optimal objective 5.85021098e-09


Root relaxation: objective 1.023182e-12, 2661 iterations, 1.29 seconds (1.03 work units)
Total elapsed time = 9.62s
Total elapsed time = 10.08s

    Nodes    |    Current Node    |     Objective Bounds      |     Work
 Expl Unexpl |  Obj  Depth IntInf | Incumbent    BestBd   Gap | It/Node Time

     0     0    0.00000    0   16    0.51051    0.00000   100%     -   10s
     0     0    0.00000    0   39    0.51051    0.00000   100%     -   15s
     0     0    0.00000    0   34    0.51051    0.00000   100%     -   17s
     0     0    0.00000    0   11    0.51051    0.00000   100%     -   19s
     0     0    0.00000    0   18    0.51051    0.00000   100%     -   20s
     0     0    0.00000    0   11    0.51051    0.00000   100%     -   21s
H    0     0                       0.4302340    0.00000   100%     -   22s
     0     0    0.00000    0    9    0.43023    0.00000   100%     -   23s
     0     0    0.00000    0    9    0.43023    0.00000   100%     -   23s
     0     0    0.00000    0    9    0.43023    0.00000   100%     -   24s
     0     0    0.00000    0    9    0.43023    0.00000   100%     -   24s
     0     0    0.00000    0    9    0.43023    0.00000   100%     -   25s
     0     0    0.00000    0    9    0.43023    0.00000   100%     -   25s
     0     0    0.00000    0    9    0.43023    0.00000   100%     -   25s
     0     0    0.00000    0    9    0.43023    0.00000   100%     -   25s
     0     0    0.00000    0    9    0.43023    0.00000   100%     -   26s
     0     0    0.00000    0    9    0.43023    0.00000   100%     -   26s
     0     0    0.00000    0    9    0.43023    0.00000   100%     -   27s
     0     2    0.00000    0    9    0.43023    0.00000   100%     -   27s
     1     4    0.00244    1  107    0.43023    0.00000   100% 17843   43s
     3     7    0.33746    2  122    0.43023    0.00000   100%  9638   56s
     7    11    0.34183    3  157    0.43023    0.00000   100%  5136   64s
H    8    11                       0.1405887    0.00000   100%  4494   64s
H    9    11                       0.1216769    0.00000   100%  5236   64s
H   11    11                       0.0000000    0.00000  0.00%  4949   64s

Cutting planes:
  Cover: 21
  Implied bound: 212
  Clique: 5
  MIR: 80
  Flow cover: 2
  RLT: 5
  Relax-and-lift: 6
  PSD: 1

Explored 14 nodes (83793 simplex iterations) in 64.91 seconds (147.22 work units)
Thread count was 32 (of 128 available processors)

Solution count 5: 5.68434e-13 0.121677 0.140589 ... 0.510511

Optimal solution found (tolerance 5.00e-03)
Best objective 5.684341886081e-13, best bound 5.684341886081e-13, gap 0.0000%


*********************************************
*********************************************


