Set parameter TokenServer to value "license02.tacc.utexas.edu"
Set parameter LogFile to value "/work/07346/ashukla/ls6/Norta_Results/norta_sm_16_23/0M"
Set parameter MIPGap to value 0.005
Set parameter TimeLimit to value 32400
Set parameter Method to value 2
Gurobi Optimizer version 10.0.2 build v10.0.2rc0 (linux64)

CPU model: AMD EPYC 7763 64-Core Processor, instruction set [SSE2|AVX|AVX2]
Thread count: 128 physical cores, 128 logical processors, using up to 32 threads

Optimize a model with 211803 rows, 77908 columns and 590120 nonzeros
Model fingerprint: 0xfea0319a
Variable types: 55968 continuous, 21940 integer (21578 binary)
Coefficient statistics:
  Matrix range     [1e-03, 1e+05]
  Objective range  [6e-02, 6e-02]
  Bounds range     [1e+00, 3e+00]
  RHS range        [1e-02, 2e+04]
Presolve removed 210921 rows and 76721 columns
Presolve time: 1.67s
Presolved: 882 rows, 1187 columns, 4022 nonzeros
Variable types: 1034 continuous, 153 integer (153 binary)
Found heuristic solution: objective 67.7416324
Root barrier log...

Ordering time: 0.00s

Barrier statistics:
 AA' NZ     : 4.637e+03
 Factor NZ  : 2.123e+04 (roughly 1 MB of memory)
 Factor Ops : 1.024e+06 (less than 1 second per iteration)
 Threads    : 1

                  Objective                Residual
Iter       Primal          Dual         Primal    Dual     Compl     Time
   0  -1.14609108e+03 -7.31252595e+03  1.04e+02 1.68e-01  2.44e+01     2s
   1   1.80830586e+01 -4.02336285e+03  3.43e+00 1.24e-01  2.66e+00     2s
   2   5.27524078e+01 -4.05291052e+02  3.64e-01 4.12e-03  2.59e-01     2s
   3   5.35507159e+01  1.19839045e+01  2.11e-02 1.24e-04  2.15e-02     2s
   4   4.79465924e+01  4.04939130e+01  7.21e-04 3.89e-16  3.77e-03     2s
   5   4.63101572e+01  4.45975705e+01  1.28e-04 2.22e-16  8.66e-04     2s
   6   4.60841011e+01  4.52010745e+01  6.80e-05 2.22e-16  4.46e-04     2s
   7   4.59086747e+01  4.55084990e+01  2.60e-05 2.22e-16  2.02e-04     2s
   8   4.58669843e+01  4.56189951e+01  1.34e-05 2.22e-16  1.25e-04     2s
   9   4.58389028e+01  4.57232076e+01  7.06e-06 2.22e-16  5.85e-05     2s
  10   4.58075315e+01  4.57910729e+01  1.91e-08 4.44e-16  8.31e-06     2s
  11   4.58063828e+01  4.58048797e+01  1.09e-10 2.22e-16  7.58e-07     2s
  12   4.58062188e+01  4.58061667e+01  8.49e-12 4.44e-16  2.63e-08     2s
  13   4.58062166e+01  4.58062159e+01  1.86e-11 2.22e-16  3.84e-10     2s
  14   4.58062163e+01  4.58062163e+01  7.10e-10 2.22e-16  2.24e-12     2s

Barrier solved model in 14 iterations and 1.77 seconds (1.85 work units)
Optimal objective 4.58062163e+01


Root relaxation: objective 4.580622e+01, 8 iterations, 0.02 seconds (0.02 work units)

    Nodes    |    Current Node    |     Objective Bounds      |     Work
 Expl Unexpl |  Obj  Depth IntInf | Incumbent    BestBd   Gap | It/Node Time

     0     0   45.80622    0    4   67.74163   45.80622  32.4%     -    1s
H    0     0                      45.8148549   45.80622  0.02%     -    1s

Explored 1 nodes (8 simplex iterations) in 1.79 seconds (1.86 work units)
Thread count was 32 (of 128 available processors)

Solution count 2: 45.8149 67.7416 

Optimal solution found (tolerance 5.00e-03)
Best objective 4.581485493429e+01, best bound 4.580621629653e+01, gap 0.0189%


*********************************************
*********************************************


Set parameter LogFile to value "/work/07346/ashukla/ls6/Norta_Results/norta_sm_16_23/20M"
Gurobi Optimizer version 10.0.2 build v10.0.2rc0 (linux64)

CPU model: AMD EPYC 7763 64-Core Processor, instruction set [SSE2|AVX|AVX2]
Thread count: 128 physical cores, 128 logical processors, using up to 32 threads

Optimize a model with 211803 rows, 77908 columns and 590120 nonzeros
Model fingerprint: 0x12e7d5a4
Variable types: 55968 continuous, 21940 integer (21578 binary)
Coefficient statistics:
  Matrix range     [1e-03, 1e+05]
  Objective range  [6e-02, 6e-02]
  Bounds range     [1e+00, 3e+00]
  RHS range        [1e-02, 2e+07]

MIP start from previous solve produced solution with objective 45.8149 (0.61s)
MIP start from previous solve produced solution with objective 45.8149 (0.61s)
Loaded MIP start from previous solve with objective 45.8149

Presolve removed 176486 rows and 50670 columns
Presolve time: 1.79s
Presolved: 35317 rows, 27238 columns, 127825 nonzeros
Variable types: 23582 continuous, 3656 integer (3591 binary)
Root barrier log...

Ordering time: 0.31s

Barrier statistics:
 Dense cols : 61
 AA' NZ     : 3.935e+05
 Factor NZ  : 3.291e+06 (roughly 50 MB of memory)
 Factor Ops : 1.566e+09 (less than 1 second per iteration)
 Threads    : 32

                  Objective                Residual
Iter       Primal          Dual         Primal    Dual     Compl     Time
   0  -9.63860317e+05 -2.87454970e+05  5.29e+04 1.68e-01  1.01e+03     3s
   1  -5.93405257e+05 -3.18676738e+05  3.22e+04 3.00e-01  6.19e+02     3s
   2  -2.19512317e+05 -3.95700302e+05  1.09e+04 1.20e-13  2.45e+02     3s
   3  -1.60997268e+04 -3.36390234e+05  6.89e+02 3.15e-13  2.25e+01     3s
   4  -3.82810817e+03 -1.64627458e+05  1.89e+02 7.10e-14  6.14e+00     3s
   5  -1.30585406e+03 -7.91564408e+04  6.43e+01 2.11e-14  2.25e+00     3s
   6  -7.47288842e+02 -5.45147138e+04  4.37e+01 1.21e-14  1.39e+00     3s
   7  -3.85810321e+02 -2.94964169e+04  2.66e+01 4.53e-15  7.12e-01     3s
   8   1.61525955e+01 -6.50311978e+03  6.11e+00 2.72e-15  1.41e-01     3s
   9   1.18246710e+02 -1.45811896e+03  4.93e-02 2.96e-15  2.57e-02     3s
  10   7.25296138e+01 -2.95347249e+02  8.96e-03 2.24e-14  5.81e-03     3s
  11   4.57853583e+01 -1.16520030e+02  3.64e-03 1.07e-14  2.55e-03     3s
  12   3.34598222e+01 -6.00344903e+01  2.16e-03 6.00e-15  1.47e-03     3s
  13   2.58945041e+01 -3.25066280e+01  1.38e-03 3.77e-15  9.15e-04     3s
  14   2.15784325e+01 -1.46290369e+01  9.67e-04 2.44e-15  5.68e-04     3s
  15   1.73471268e+01 -7.78968163e+00  5.64e-04 1.55e-15  3.93e-04     3s
  16   1.50772668e+01 -1.80529885e+00  3.67e-04 6.66e-16  2.64e-04     3s
  17   1.37678238e+01  4.84133942e+00  2.60e-04 8.88e-16  1.40e-04     3s
  18   1.28105438e+01  6.63557412e+00  1.86e-04 4.44e-16  9.69e-05     3s
  19   1.21562887e+01  7.80551041e+00  1.32e-04 4.44e-16  6.83e-05     3s
  20   1.16493535e+01  8.78515212e+00  9.17e-05 4.44e-16  4.50e-05     3s
  21   1.14710901e+01  9.14235820e+00  7.65e-05 2.78e-16  3.66e-05     3s
  22   1.10576290e+01  9.69101231e+00  4.54e-05 4.44e-16  2.15e-05     3s
  23   1.09016410e+01  1.00328499e+01  3.43e-05 2.22e-16  1.37e-05     3s
  24   1.08021981e+01  1.01390410e+01  2.66e-05 4.44e-16  1.04e-05     3s
  25   1.06454266e+01  1.02387684e+01  1.46e-05 2.22e-16  6.40e-06     3s
  26   1.05717126e+01  1.03076622e+01  9.10e-06 2.97e-16  4.15e-06     3s
  27   1.05336036e+01  1.03336298e+01  6.59e-06 3.44e-16  3.14e-06     4s
  28   1.04833204e+01  1.04018941e+01  2.67e-06 4.44e-16  1.28e-06     4s
  29   1.04697420e+01  1.04148031e+01  1.68e-06 9.73e-16  8.62e-07     4s
  30   1.04599176e+01  1.04281371e+01  9.32e-07 4.44e-16  4.99e-07     4s
  31   1.04563613e+01  1.04342556e+01  6.64e-07 4.44e-16  3.47e-07     4s
  32   1.04536135e+01  1.04374204e+01  4.59e-07 3.24e-16  2.54e-07     4s
  33   1.04508006e+01  1.04404582e+01  2.49e-07 2.22e-16  1.62e-07     4s
  34   1.04492300e+01  1.04426020e+01  1.34e-07 2.50e-16  1.04e-07     4s
  35   1.04482971e+01  1.04443094e+01  6.83e-08 1.88e-15  6.23e-08     4s
  36   1.04479514e+01  1.04460626e+01  4.45e-08 1.20e-15  2.96e-08     4s
  37   1.04476577e+01  1.04467611e+01  2.45e-08 1.50e-15  1.41e-08     4s
  38   1.04474323e+01  1.04469370e+01  9.91e-09 1.71e-15  7.74e-09     4s
  39   1.04474060e+01  1.04471899e+01  8.21e-09 1.00e-13  3.40e-09     4s
  40   1.04473412e+01  1.04472429e+01  3.95e-09 1.43e-13  1.55e-09     4s
  41   1.04472857e+01  1.04472666e+01  3.63e-10 2.34e-13  2.98e-10     4s
  42   1.04472805e+01  1.04472793e+01  9.89e-11 5.63e-15  1.92e-11     4s

Barrier solved model in 42 iterations and 3.85 seconds (3.75 work units)
Optimal objective 1.04472805e+01


Root relaxation: objective 1.044728e+01, 5068 iterations, 2.22 seconds (2.29 work units)
Total elapsed time = 7.31s

    Nodes    |    Current Node    |     Objective Bounds      |     Work
 Expl Unexpl |  Obj  Depth IntInf | Incumbent    BestBd   Gap | It/Node Time

     0     0   10.44728    0  449   45.81485   10.44728  77.2%     -    8s
H    0     0                      24.2183178   10.44728  56.9%     -   10s
H    0     0                      16.3876713   11.43232  30.2%     -   22s
     0     0   11.43232    0  495   16.38767   11.43232  30.2%     -   22s
     0     0   11.49977    0  470   16.38767   11.49977  29.8%     -   27s
     0     0   11.50051    0  458   16.38767   11.50051  29.8%     -   28s
     0     0   11.50051    0  458   16.38767   11.50051  29.8%     -   28s
H    0     0                      15.5866298   11.56262  25.8%     -   35s
     0     0   11.56262    0  460   15.58663   11.56262  25.8%     -   35s
     0     0   11.57645    0  513   15.58663   11.57645  25.7%     -   39s
     0     0   11.58228    0  618   15.58663   11.58228  25.7%     -   40s
     0     0   11.58340    0  480   15.58663   11.58340  25.7%     -   41s
     0     0   11.58341    0  480   15.58663   11.58341  25.7%     -   41s
     0     0   11.60069    0  442   15.58663   11.60069  25.6%     -   43s
H    0     0                      15.5800002   11.60069  25.5%     -   45s
     0     0   11.60357    0  441   15.58000   11.60357  25.5%     -   46s
     0     0   11.60359    0  440   15.58000   11.60359  25.5%     -   46s
     0     0   11.61455    0  421   15.58000   11.61455  25.5%     -   48s
     0     0   11.61845    0  432   15.58000   11.61845  25.4%     -   51s
     0     0   11.61846    0  432   15.58000   11.61846  25.4%     -   51s
     0     0   11.61953    0  413   15.58000   11.61953  25.4%     -   52s
     0     0   11.62021    0  414   15.58000   11.62021  25.4%     -   52s
     0     0   11.62028    0  414   15.58000   11.62028  25.4%     -   52s
     0     0   11.62118    0  438   15.58000   11.62118  25.4%     -   53s
     0     0   11.62118    0  434   15.58000   11.62118  25.4%     -   54s
     0     0   11.62119    0  433   15.58000   11.62119  25.4%     -   54s
H    0     0                      15.5781620   11.62119  25.4%     -   56s
     0     0   11.62119    0  433   15.57816   11.62119  25.4%     -   56s
     0     0   11.62128    0  432   15.57816   11.62128  25.4%     -   56s
     0     0   11.62128    0  388   15.57816   11.62128  25.4%     -   60s
     0     2   11.62128    0  388   15.57816   11.62128  25.4%     -   66s
     1     4   12.25484    1  452   15.57816   11.66942  25.1%  7885   75s
     3     8   12.29414    2  446   15.57816   11.74595  24.6%  3115   84s
     7    16   12.30351    3  454   15.57816   11.75970  24.5%  3350   87s
    15    32   12.35154    4  438   15.57816   11.78367  24.4%  2350   95s
    31    64   12.81026    5  579   15.57816   11.78375  24.4%  2376  105s
    63    96   12.84903    6  456   15.57816   11.79178  24.3%  1985  122s
    95   128   12.89374    7  453   15.57816   11.79178  24.3%  1653  126s
H   97   128                      15.5781620   11.79178  24.3%  1623  126s
H   98   128                      15.5592835   11.79178  24.2%  1616  126s
H   99   128                      15.5380659   11.79178  24.1%  1604  126s
H  104   128                      15.5364125   11.79178  24.1%  1556  126s
   127   160   12.90187    8  436   15.53641   11.79178  24.1%  1440  133s
H  159   192                      15.3392228   11.79178  23.1%  1433  155s
H  160   192                      15.3331094   11.79178  23.1%  1427  155s
H  170   192                      15.2566827   11.79178  22.7%  1420  155s
H  188   192                      15.0877241   11.79178  21.8%  1390  155s
   234   268   12.93119   11  594   15.08772   11.79178  21.8%  1315  164s
   267   312   12.93668   12  659   15.08772   11.79178  21.8%  1264  169s
   311   352   13.29174   12  801   15.08772   11.79178  21.8%  1270  178s
   353   393   12.94059   13  778   15.08772   11.79178  21.8%  1307  186s
   396   433   12.97140   14  776   15.08772   11.79178  21.8%  1349  192s
   438   474   13.24633   15  583   15.08772   11.79178  21.8%  1425  202s
H  448   474                      14.6535097   11.79178  19.5%  1422  202s
   479   515   13.13705   15  676   14.65351   11.79178  19.5%  1425  211s
   538   570   13.26082   16  664   14.65351   11.79178  19.5%  1449  220s
   597   639   13.26600   17  739   14.65351   11.79178  19.5%  1455  227s
   670   715   13.26937   20  625   14.65351   11.79178  19.5%  1416  234s
   750   816   13.27792   24  529   14.65351   11.79178  19.5%  1389  241s
   861   949   13.29866   29  568   14.65351   11.79178  19.5%  1301  249s
  1008  1040   13.33932   35  515   14.65351   11.79178  19.5%  1187  254s
  1117  1127   13.65413   37  328   14.65351   11.79178  19.5%  1151  262s
  1235  1211   13.38701   38  445   14.65351   11.79178  19.5%  1116  271s
  1346  1258   13.47463   40  454   14.65351   11.79178  19.5%  1109  279s
  1424  1310   13.75920   41  458   14.65351   11.79178  19.5%  1136  285s
H 1503  1335                      14.4679775   11.79178  18.5%  1152  360s
H 1505  1335                      14.4264053   11.79178  18.3%  1154  360s
H 1509  1335                      14.3761583   11.79178  18.0%  1154  360s
H 1531  1335                      14.3558920   11.79178  17.9%  1167  360s
H 1537  1357                      13.7671002   11.79178  14.3%  1170  499s
H 1540  1357                      13.5006478   11.79178  12.7%  1171  499s
H 1553  1357                      13.3440669   11.79178  11.6%  1179  499s
H 1565  1357                      13.0056701   11.79178  9.33%  1189  499s
  1579  1308     cutoff   43        13.00567   11.79772  9.29%  1189  578s
H 1583  1308                      12.9998006   11.79772  9.25%  1186  578s
H 1588  1308                      12.9971042   11.80482  9.17%  1187  578s
H 1592  1308                      12.9876789   11.81028  9.07%  1187  578s
H 1611  1308                      12.9875727   11.81028  9.06%  1194  578s
H 1651  1308                      12.9871802   11.81028  9.06%  1197  578s
  1686  1368   12.14452    7  344   12.98718   11.81028  9.06%  1201  589s
  1766  1406   12.28908   10  287   12.98718   11.81028  9.06%  1264  600s
  1853  1470   12.56275   12  462   12.98718   11.81028  9.06%  1324  629s
  1967  1518   12.69855   17  410   12.98718   11.81028  9.06%  1364  639s
  2085  1549     cutoff   22        12.98718   11.81028  9.06%  1389  662s
  2226  1586   12.84762   23  380   12.98718   11.81028  9.06%  1397  675s
  2343  1615     cutoff   30        12.98718   11.81995  8.99%  1438  688s
  2454  1651   12.14234   13  342   12.98718   11.81995  8.99%  1488  701s
  2552  1732   12.88195   16  319   12.98718   11.81995  8.99%  1533  718s
  2695  1766   12.89924   17  324   12.98718   11.81995  8.99%  1558  729s
  2842  1750     cutoff   19        12.98718   11.81995  8.99%  1568  742s
  2994  1758   12.80039   15  568   12.98718   11.81995  8.99%  1583  755s
  3152  1763   12.91713   17  540   12.98718   11.81995  8.99%  1591  768s
  3323  1823   12.48614   30  442   12.98718   11.81995  8.99%  1604  780s
  3546  1823     cutoff   41        12.98718   12.07220  7.05%  1598  793s
  3815  1736   12.33398   15  411   12.98718   12.07220  7.05%  1578  808s
  4037  1780   12.68569   17  271   12.98718   12.07220  7.05%  1581  822s
  4233  1752   12.74011   20  329   12.98718   12.07220  7.05%  1598  840s
  4443  1746   12.92419   22  499   12.98718   12.07220  7.05%  1611  856s
  4672  1798     cutoff   23        12.98718   12.07220  7.05%  1621  879s
  4725  1798   12.89375   23  151   12.98718   12.07220  7.05%  1617  880s
  4941  1805   12.95516   26  286   12.98718   12.17932  6.22%  1617  965s
  5218  1826   12.43180   18  228   12.98718   12.17932  6.22%  1621  983s
  5493  1911   12.61545   25  442   12.98718   12.17932  6.22%  1622  997s
  5799  1976     cutoff   10        12.98718   12.28373  5.42%  1618 1016s
  6075  2085   12.88035   13  278   12.98718   12.31241  5.20%  1627 1033s
  6403  2199   12.61466   24  473   12.98718   12.31241  5.20%  1623 1051s
H 6769  2190                      12.9847683   12.31241  5.18%  1609 1346s
  6770  2191   12.45915   24  388   12.98477   12.31241  5.18%  1608 1374s
  6772  2192   12.63819   10  458   12.98477   12.31241  5.18%  1608 1382s
  6773  2193   12.75774   13  436   12.98477   12.31241  5.18%  1608 1408s
  6774  2194   12.86607   25  496   12.98477   12.31241  5.18%  1608 1413s
  6775  2194   12.88941   20  463   12.98477   12.31241  5.18%  1607 1415s
  6779  2197   12.60940   12  433   12.98477   12.31241  5.18%  1606 1431s
  6781  2198   12.85472   30  436   12.98477   12.31241  5.18%  1606 1441s
  6783  2200   12.86438   33  439   12.98477   12.31241  5.18%  1605 1447s
  6784  2200   12.97904   33  439   12.98477   12.31241  5.18%  1605 1453s
  6785  2201   12.64903   19  439   12.98477   12.31241  5.18%  1605 1457s
  6786  2205   12.31241   12  674   12.98477   12.31241  5.18%   9.3 1465s
  6788  2208   12.37404   13  720   12.98477   12.31241  5.18%  11.4 1476s
  6792  2214   12.45228   14  585   12.98477   12.31241  5.18%  13.8 1484s
  6800  2221   12.82721   15  553   12.98477   12.31241  5.18%  19.7 1496s
  6815  2233   12.90786   16  549   12.98477   12.31241  5.18%  30.1 1509s
  6840  2237     cutoff   17        12.98477   12.31241  5.18%  50.6 1525s
  6872  2239   12.31241   18  442   12.98477   12.31241  5.18%  67.3 1536s
  6904  2243   12.32122   19  478   12.98477   12.31241  5.18%  80.0 1546s
  6936  2249   12.36939   20  430   12.98477   12.31241  5.18%  87.2 1554s
  6968  2264   12.34507   19  416   12.98477   12.31241  5.18%  95.1 1562s
H 6995  2144                      12.9839374   12.31241  5.17%   100 1562s
  7003  2147   12.39100   21  410   12.98394   12.31241  5.17%   102 1574s
  7038  2153     cutoff   22        12.98394   12.31241  5.17%   115 1626s
H 7039  2047                      12.9808781   12.31241  5.15%   115 1626s
H 7040  1948                      12.9785525   12.31241  5.13%   115 1626s
H 7041  1853                      12.9250155   12.31241  4.74%   116 1626s
  7070  1853     cutoff   21        12.92502   12.31241  4.74%   126 1634s
  7110  1865     cutoff   20        12.92502   12.31241  4.74%   137 1648s
  7153  1864   12.66561   24  115   12.92502   12.31241  4.74%   151 1677s
  7190  1871   12.69313   25  189   12.92502   12.31241  4.74%   159 1683s
  7236  1879   12.69314   26  176   12.92502   12.31241  4.74%   171 1690s
  7295  1879     cutoff   29        12.92502   12.31241  4.74%   186 1699s
  7359  1887   12.71409   30  166   12.92502   12.31241  4.74%   202 1712s
  7427  1892   12.77208   33  333   12.92502   12.31241  4.74%   217 1719s
  7498  1871   12.88973   36  329   12.92502   12.31241  4.74%   231 1727s
  7562  1856     cutoff   36        12.92502   12.31241  4.74%   248 1736s
  7627  1836   12.67445   41  321   12.92502   12.31241  4.74%   265 1745s
  7690  1832   12.72724   43  183   12.92502   12.31241  4.74%   282 1755s
  7768  1830     cutoff   45        12.92502   12.31241  4.74%   297 1764s
  7849  1818   12.35236   23  460   12.92502   12.31241  4.74%   312 1775s
  7929  1811   12.42207   25  313   12.92502   12.31241  4.74%   327 1787s
  8016  1796   12.53893   27  389   12.92502   12.31241  4.74%   343 1799s
  8085  1776   12.54557   28  379   12.92502   12.31241  4.74%   356 1863s
H 8087  1685                      12.9250155   12.31241  4.74%   356 1863s
  8128  1692   12.66624   29  408   12.92502   12.31241  4.74%   365 2096s
H 8140  1603                      12.9250152   12.31241  4.74%   365 2096s
  8169  1634   12.68014   30  349   12.92502   12.31241  4.74%   368 2106s
  8290  1641   12.80309   34  289   12.92502   12.31241  4.74%   389 2120s
  8438  1637   12.86520   40  250   12.92502   12.31241  4.74%   407 2130s
  8591  1622     cutoff   27        12.92502   12.31241  4.74%   421 2147s
  8741  1598   12.73679   30  277   12.92502   12.31241  4.74%   437 2171s
  8884  1565   12.76173   33  280   12.92502   12.31241  4.74%   459 2183s
  9018  1542     cutoff   37        12.92502   12.31241  4.74%   479 2197s
  9139  1529   12.48103   20  440   12.92502   12.31241  4.74%   492 2213s
  9293  1522   12.74491   21  477   12.92502   12.31241  4.74%   511 2228s
H 9302  1438                      12.9250150   12.31241  4.74%   512 2228s
  9401  1466   12.48814   21  451   12.92501   12.31241  4.74%   521 2241s
  9596  1435   12.49151   22  347   12.92501   12.31241  4.74%   533 2254s
  9764  1422   12.82963   23  312   12.92501   12.31241  4.74%   553 2270s
  9955  1419     cutoff   24        12.92501   12.31241  4.74%   573 2291s
 10162  1360     cutoff   27        12.92501   12.40243  4.04%   590 2308s
 10373  1330   12.79855   29  271   12.92501   12.42836  3.84%   611 2331s
H10401  1244                      12.9250149   12.42836  3.84%   614 2331s
 10523  1215   12.59850   28  243   12.92501   12.42836  3.84%   624 2346s
 10755  1197     cutoff   39        12.92501   12.45642  3.63%   645 2364s
 11017  1133     cutoff   28        12.92501   12.50238  3.27%   666 2382s
 11259  1150   12.72864   23  475   12.92501   12.54054  2.97%   683 2408s
 11571  1140     cutoff   31        12.92501   12.55300  2.88%   703 2435s
 11807  1153     cutoff   40        12.92501   12.56034  2.82%   723 2466s
 12136  1135   12.75824   37  207   12.92501   12.59597  2.55%   747 2487s
 12411  1128     cutoff   29        12.92501   12.61897  2.37%   774 2507s
 12719  1152   12.88946   32  390   12.92501   12.64731  2.15%   799 2526s
 13136  1120     cutoff   28        12.92501   12.66009  2.05%   820 2547s
 13502  1073     cutoff   30        12.92501   12.67416  1.94%   845 2573s
 13885   988   12.81884   32  284   12.92501   12.70353  1.71%   871 2600s
 14224   933   12.77299   32  213   12.92501   12.71901  1.59%   900 2625s
 14588   865     cutoff   25        12.92501   12.73801  1.45%   927 2654s
 14979   748   12.79814   37  235   12.92501   12.75824  1.29%   951 2695s
 15426   621   12.87581   29  256   12.92501   12.77556  1.16%   973 2790s
 15807   510     cutoff   38        12.92501   12.79429  1.01%   994 2823s
 16415   185     cutoff   28        12.92501   12.79561  1.00%  1012 2849s
 17116    63     cutoff   47        12.92501   12.85487  0.54%  1025 2860s

Cutting planes:
  Learned: 15
  Gomory: 48
  Cover: 217
  Implied bound: 1236
  Projected implied bound: 57
  Clique: 78
  MIR: 483
  StrongCG: 4
  Flow cover: 825
  Zero half: 27
  RLT: 49
  Relax-and-lift: 119
  BQP: 13
  PSD: 3

Explored 17893 nodes (28762914 simplex iterations) in 2860.90 seconds (6594.27 work units)
Thread count was 32 (of 128 available processors)

Solution count 10: 12.925 12.925 12.925 ... 12.9872

Optimal solution found (tolerance 5.00e-03)
Best objective 1.292501494417e+01, best bound 1.292499972918e+01, gap 0.0001%


*********************************************
*********************************************


Set parameter LogFile to value "/work/07346/ashukla/ls6/Norta_Results/norta_sm_16_23/40M"
Gurobi Optimizer version 10.0.2 build v10.0.2rc0 (linux64)

CPU model: AMD EPYC 7763 64-Core Processor, instruction set [SSE2|AVX|AVX2]
Thread count: 128 physical cores, 128 logical processors, using up to 32 threads

Optimize a model with 211803 rows, 77908 columns and 590120 nonzeros
Model fingerprint: 0x0101913f
Variable types: 55968 continuous, 21940 integer (21578 binary)
Coefficient statistics:
  Matrix range     [1e-03, 1e+05]
  Objective range  [6e-02, 6e-02]
  Bounds range     [1e+00, 3e+00]
  RHS range        [1e-02, 4e+07]

MIP start from previous solve produced solution with objective 12.925 (0.72s)
MIP start from previous solve produced solution with objective 12.925 (0.72s)
Loaded MIP start from previous solve with objective 12.925

Presolve removed 176486 rows and 50670 columns
Presolve time: 1.87s
Presolved: 35317 rows, 27238 columns, 127825 nonzeros
Variable types: 23582 continuous, 3656 integer (3591 binary)
Root barrier log...

Ordering time: 0.32s

Barrier statistics:
 Dense cols : 61
 AA' NZ     : 3.935e+05
 Factor NZ  : 3.291e+06 (roughly 50 MB of memory)
 Factor Ops : 1.566e+09 (less than 1 second per iteration)
 Threads    : 32

                  Objective                Residual
Iter       Primal          Dual         Primal    Dual     Compl     Time
   0  -7.15687541e+05 -2.87455219e+05  3.92e+04 1.68e-01  7.54e+02     3s
   1  -4.29770816e+05 -3.14189731e+05  2.31e+04 3.66e-01  4.49e+02     3s
   2  -1.55353460e+05 -3.84054079e+05  4.69e+03 8.58e-14  1.74e+02     3s
   3  -2.82560023e+04 -3.21641325e+05  1.49e+02 1.72e-13  3.46e+01     3s
   4  -3.88047120e+03 -1.72064600e+05  2.15e+01 9.81e-14  6.38e+00     3s
   5  -6.42995378e+02 -8.76456516e+04  4.51e+00 3.17e-14  1.96e+00     3s
   6   4.24817698e+01 -3.76081096e+04  8.33e-01 6.98e-15  6.57e-01     3s
   7   1.58758546e+02 -4.81723207e+03  3.93e-02 1.86e-15  7.83e-02     3s
   8   9.83988875e+01 -9.05291159e+02  4.41e-03 4.44e-15  1.56e-02     3s
   9   5.29062552e+01 -3.14521602e+02  1.62e-03 1.33e-15  5.71e-03     3s
  10   2.02615908e+01 -8.07122087e+01  3.21e-04 4.44e-16  1.57e-03     3s
  11   1.14837874e+01 -2.56292846e+01  1.24e-04 4.44e-16  5.76e-04     3s
  12   7.82827694e+00 -3.23756702e+00  6.37e-05 4.44e-16  1.72e-04     3s
  13   6.42244039e+00  1.56474866e-02  4.32e-05 4.44e-16  9.96e-05     3s
  14   4.75180393e+00  2.00441210e+00  1.93e-05 4.44e-16  4.27e-05     4s
  15   4.34762150e+00  2.61217670e+00  1.35e-05 4.44e-16  2.70e-05     4s
  16   3.88049184e+00  2.80691577e+00  6.88e-06 4.44e-16  1.67e-05     4s
  17   3.60765050e+00  3.18580197e+00  3.20e-06 4.44e-16  6.56e-06     4s
  18   3.52431190e+00  3.30189251e+00  2.05e-06 4.44e-16  3.46e-06     4s
  19   3.46460200e+00  3.31889761e+00  1.24e-06 2.22e-16  2.27e-06     4s
  20   3.43495157e+00  3.33533716e+00  8.20e-07 2.22e-16  1.55e-06     4s
  21   3.42398552e+00  3.34642095e+00  6.67e-07 4.44e-16  1.21e-06     4s
  22   3.39367379e+00  3.35758773e+00  2.44e-07 4.44e-16  5.61e-07     4s
  23   3.38773295e+00  3.36203575e+00  1.66e-07 4.44e-16  4.00e-07     4s
  24   3.38726542e+00  3.36593094e+00  1.60e-07 2.22e-16  3.32e-07     4s
  25   3.38275341e+00  3.36781097e+00  1.00e-07 2.22e-16  2.32e-07     4s
  26   3.38150784e+00  3.36857105e+00  8.30e-08 2.22e-16  2.01e-07     4s
  27   3.37870546e+00  3.37157395e+00  4.40e-08 4.44e-16  1.11e-07     4s
  28   3.37674143e+00  3.37313381e+00  1.82e-08 4.44e-16  5.61e-08     4s
  29   3.37574070e+00  3.37436114e+00  3.42e-09 4.44e-16  2.14e-08     4s
  30   3.37559471e+00  3.37493396e+00  1.43e-09 4.44e-16  1.03e-08     4s
  31   3.37549591e+00  3.37536523e+00  2.82e-10 4.44e-16  2.03e-09     4s
  32   3.37548357e+00  3.37541302e+00  1.65e-10 1.04e-13  1.09e-09     4s
  33   3.37547885e+00  3.37544208e+00  1.15e-10 9.05e-13  5.71e-10     4s
  34   3.37547694e+00  3.37545825e+00  8.29e-11 1.00e-12  2.90e-10     4s
  35   3.37547556e+00  3.37547031e+00  2.40e-10 6.89e-12  8.15e-11     4s
  36   3.37547513e+00  3.37547398e+00  1.71e-09 4.43e-12  1.78e-11     4s

Barrier solved model in 36 iterations and 3.99 seconds (3.67 work units)
Optimal objective 3.37547513e+00


Root simplex log...

Iteration    Objective       Primal Inf.    Dual Inf.      Time
    5223    3.3754758e+00   0.000000e+00   3.956818e-05      5s
    5617    3.3754760e+00   0.000000e+00   0.000000e+00      5s
    5617    3.3754760e+00   0.000000e+00   0.000000e+00      5s

Root relaxation: objective 3.375476e+00, 5617 iterations, 2.85 seconds (3.52 work units)

    Nodes    |    Current Node    |     Objective Bounds      |     Work
 Expl Unexpl |  Obj  Depth IntInf | Incumbent    BestBd   Gap | It/Node Time

     0     0    3.37548    0  315   12.92501    3.37548  73.9%     -    9s
H    0     0                       6.7239772    3.85979  42.6%     -   26s
     0     0    3.85979    0  314    6.72398    3.85979  42.6%     -   26s
H    0     0                       6.5993343    3.85979  41.5%     -   30s
H    0     0                       6.4417958    3.87368  39.9%     -   31s
     0     0    3.87368    0  300    6.44180    3.87368  39.9%     -   31s
     0     0    3.89763    0  309    6.44180    3.89763  39.5%     -   33s
H    0     0                       6.1825308    3.89763  37.0%     -   35s
     0     0    3.89763    0  309    6.18253    3.89763  37.0%     -   35s
     0     0    3.89789    0  335    6.18253    3.89789  37.0%     -   37s
H    0     0                       6.1491452    3.89789  36.6%     -   39s
     0     0    3.89789    0  333    6.14915    3.89789  36.6%     -   39s
     0     0    3.89794    0  325    6.14915    3.89794  36.6%     -   40s
     0     0    3.89794    0  325    6.14915    3.89794  36.6%     -   41s
     0     0    3.89795    0  332    6.14915    3.89795  36.6%     -   41s
     0     0    3.89795    0  332    6.14915    3.89795  36.6%     -   42s
     0     0    3.89796    0  328    6.14915    3.89796  36.6%     -   42s
     0     0    3.89796    0  287    6.14915    3.89796  36.6%     -   45s
H    0     0                       6.0482462    3.89796  35.6%     -   47s
     0     2    3.89796    0  281    6.04825    3.89796  35.6%     -   54s
     1     4    4.07052    1  349    6.04825    3.89796  35.6%  8923   61s
     3     8    4.21171    2  361    6.04825    3.90069  35.5%  3845   67s
     7    16    4.31318    3  344    6.04825    3.90410  35.5%  3586   71s
    15    32    4.38015    4  341    6.04825    3.91484  35.3%  3084   80s
H   31    64                       6.0335982    3.93487  34.8%  3660   92s
H   35    64                       5.1980365    3.93487  24.3%  3858   92s
    63    90    4.39943    6  421    5.19804    3.93511  24.3%  4378  116s
    96   120    4.66034    6  378    5.19804    3.93832  24.2%  3624  123s
   128   152    4.67930    7  543    5.19804    3.93832  24.2%  3219  131s
H  160   184                       5.1980365    3.93832  24.2%  2833  144s
H  162   184                       5.1980336    3.93832  24.2%  2807  144s
H  163   184                       5.0658512    3.93832  22.3%  2804  144s
H  174   184                       5.0594545    3.93832  22.2%  2788  144s
H  180   184                       5.0478966    3.93832  22.0%  2741  144s
   192   228    4.71234    9  519    5.04790    3.93832  22.0%  2618  151s
   241   273    4.73140   10  470    5.04790    3.93832  22.0%  2401  158s
   288   321    4.75725   11  452    5.04790    3.93832  22.0%  2287  168s
   336   376    4.75780   11  413    5.04790    3.93832  22.0%  2202  178s
   393   442    4.79830   13  488    5.04790    3.93832  22.0%  2112  184s
   459   506    4.80407   15  331    5.04790    3.93832  22.0%  1950  192s
   525   555    4.81206   18  331    5.04790    3.93832  22.0%  1852  201s
   583   629    4.81603   20  324    5.04790    3.93832  22.0%  1757  210s
H  661   657                       4.8292953    3.93832  18.4%  1670  273s
H  664   657                       4.7322239    3.93832  16.8%  1671  273s
   695   656     cutoff   22         4.73222    3.96376  16.2%  1659  400s
H  698   656                       4.5148373    3.96376  12.2%  1652  400s
H  702   656                       4.4518166    3.96376  11.0%  1655  400s
   755   662    3.97455    8  303    4.45182    3.96376  11.0%  1630  411s
   872   741    4.15065    9  256    4.45182    3.96376  11.0%  1581  424s
   968   813    4.10413   11  360    4.45182    3.96376  11.0%  1589  431s
  1070   878     cutoff   13         4.45182    3.96376  11.0%  1573  438s
  1180   961     cutoff   12         4.45182    3.96376  11.0%  1560  445s
  1299  1020     cutoff   11         4.45182    3.96376  11.0%  1519  452s
  1423  1054    4.31236   17  300    4.45182    3.96376  11.0%  1494  459s
  1538  1101    4.34185   19  281    4.45182    3.96376  11.0%  1487  467s
  1650  1135    4.38108   21  213    4.45182    3.96376  11.0%  1491  476s
  1763  1134     cutoff   24         4.45182    3.96376  11.0%  1495  497s
H 1766  1134                       4.4511432    3.96376  10.9%  1493  497s
H 1767  1134                       4.4511426    3.96376  10.9%  1494  497s
  1818  1168     cutoff   23         4.45114    4.02116  9.66%  1519  505s
  1918  1188    4.11191   10  394    4.45114    4.02116  9.66%  1542  514s
  2030  1202    4.11984   11  390    4.45114    4.02116  9.66%  1566  525s
  2134  1247    4.34826   11  102    4.45114    4.02116  9.66%  1600  534s
  2265  1248    4.37303   12  101    4.45114    4.02116  9.66%  1617  546s
  2389  1311    4.23696   12  373    4.45114    4.02116  9.66%  1646  555s
  2525  1370     cutoff   13         4.45114    4.02116  9.66%  1671  566s
  2689  1444     cutoff   14         4.45114    4.02116  9.66%  1675  576s
  2880  1446     cutoff   15         4.45114    4.02116  9.66%  1673  600s
H 2881  1446                       4.4510417    4.02116  9.66%  1672  600s
H 2888  1446                       4.4510403    4.02116  9.66%  1674  600s
H 2895  1446                       4.4510400    4.02116  9.66%  1673  600s
  2936  1505    4.31865   16  173    4.45104    4.02116  9.66%  1682  612s
H 3058  1505                       4.3811488    4.02116  8.22%  1663  612s
  3157  1519     cutoff   16         4.38115    4.02116  8.22%  1665  643s
  3341  1536    4.34805   19  169    4.38115    4.15985  5.05%  1688  654s
  3549  1581    4.24193   15  202    4.38115    4.15985  5.05%  1691  664s
  3785  1629     cutoff   36         4.38115    4.17178  4.78%  1689  676s
  4048  1658    4.29946   24   98    4.38115    4.17178  4.78%  1687  692s
  4333  1642     cutoff   25         4.38115    4.17178  4.78%  1682  747s
  4607  1622     cutoff   27         4.38115    4.23272  3.39%  1688  764s
  4911  1624    4.27094   24  205    4.38115    4.24777  3.04%  1690  779s
  5285  1585     cutoff   34         4.38115    4.25827  2.80%  1671  794s
  5587  1471    4.35776   24   80    4.38115    4.26940  2.55%  1677  809s
  5939  1393    4.30764   19  144    4.38115    4.27889  2.33%  1675  824s
  6293  1284     cutoff   18         4.38115    4.28670  2.16%  1679  838s
  6641  1110    4.37152   16  179    4.38115    4.29981  1.86%  1686  863s
* 6994  1110              32       4.3721694    4.31240  1.37%  1689  863s
  7012   885     cutoff   20         4.37217    4.31623  1.28%  1686  881s
* 7039   885              30       4.3532000    4.31686  0.83%  1687  881s
* 7316   885              39       4.3473331    4.32450  0.53%  1663  881s

Cutting planes:
  Learned: 2
  Gomory: 29
  Cover: 148
  Implied bound: 1413
  Clique: 109
  MIR: 344
  StrongCG: 6
  Flow cover: 165
  Zero half: 6
  RLT: 67
  Relax-and-lift: 92
  BQP: 2

Explored 7495 nodes (12432627 simplex iterations) in 881.30 seconds (2057.63 work units)
Thread count was 32 (of 128 available processors)

Solution count 10: 4.34733 4.3532 4.37217 ... 4.45182

Optimal solution found (tolerance 5.00e-03)
Best objective 4.347333125001e+00, best bound 4.332278521175e+00, gap 0.3463%


*********************************************
*********************************************


Set parameter LogFile to value "/work/07346/ashukla/ls6/Norta_Results/norta_sm_16_23/60M"
Gurobi Optimizer version 10.0.2 build v10.0.2rc0 (linux64)

CPU model: AMD EPYC 7763 64-Core Processor, instruction set [SSE2|AVX|AVX2]
Thread count: 128 physical cores, 128 logical processors, using up to 32 threads

Optimize a model with 211803 rows, 77908 columns and 590120 nonzeros
Model fingerprint: 0x7c956fb6
Variable types: 55968 continuous, 21940 integer (21578 binary)
Coefficient statistics:
  Matrix range     [1e-03, 1e+05]
  Objective range  [6e-02, 6e-02]
  Bounds range     [1e+00, 3e+00]
  RHS range        [1e-02, 6e+07]

MIP start from previous solve produced solution with objective 4.34733 (0.72s)
MIP start from previous solve produced solution with objective 4.34733 (0.72s)
Loaded MIP start from previous solve with objective 4.34733

Presolve removed 176486 rows and 50670 columns
Presolve time: 1.78s
Presolved: 35317 rows, 27238 columns, 127825 nonzeros
Variable types: 23582 continuous, 3656 integer (3591 binary)
Root barrier log...

Ordering time: 0.33s

Barrier statistics:
 Dense cols : 61
 AA' NZ     : 3.935e+05
 Factor NZ  : 3.291e+06 (roughly 50 MB of memory)
 Factor Ops : 1.566e+09 (less than 1 second per iteration)
 Threads    : 32

                  Objective                Residual
Iter       Primal          Dual         Primal    Dual     Compl     Time
   0  -9.18034091e+05 -2.87455806e+05  5.01e+04 1.68e-01  9.66e+02     3s
   1  -5.62684537e+05 -3.13257402e+05  3.01e+04 4.43e-01  5.90e+02     3s
   2  -2.38332363e+05 -4.08811350e+05  9.76e+03 1.56e-13  2.68e+02     3s
   3  -1.87112279e+04 -3.63561142e+05  9.88e+01 1.15e-12  2.59e+01     3s
   4  -3.39127904e+03 -1.86081873e+05  1.89e+01 1.94e-13  6.19e+00     3s
   5  -5.10976932e+02 -8.17932609e+04  3.81e+00 4.59e-14  1.76e+00     3s
   6   1.01355600e+02 -2.98860383e+04  5.06e-01 1.06e-14  5.05e-01     3s
   7   1.58483680e+02 -4.32936810e+03  2.64e-02 2.53e-15  7.03e-02     3s
   8   9.16409564e+01 -8.71264848e+02  2.36e-03 1.11e-15  1.50e-02     3s
   9   3.67472978e+01 -2.73589542e+02  1.70e-04 4.44e-16  4.81e-03     3s
  10   1.31193156e+01 -9.69503290e+01  1.68e-05 4.44e-16  1.71e-03     3s
  11   6.17351596e+00 -2.88915955e+01  5.10e-06 4.44e-16  5.44e-04     3s
  12   3.71252663e+00 -1.07481728e+01  2.66e-06 4.44e-16  2.24e-04     3s
  13   3.46381943e+00 -8.15073880e+00  2.44e-06 4.44e-16  1.80e-04     3s
  14   2.42639463e+00 -3.88538245e+00  1.62e-06 4.44e-16  9.79e-05     3s
  15   1.72739665e+00 -1.74241187e+00  1.08e-06 4.44e-16  5.38e-05     3s
  16   1.12783898e+00 -3.46397889e-01  6.37e-07 4.44e-16  2.29e-05     3s
  17   6.40040133e-01  1.48777396e-02  2.84e-07 4.44e-16  9.70e-06     3s
  18   4.58937361e-01  1.42239520e-01  1.59e-07 4.44e-16  4.91e-06     3s
  19   4.02572618e-01  1.61148229e-01  1.20e-07 4.44e-16  3.75e-06     3s
  20   3.10476421e-01  1.95056004e-01  5.31e-08 4.44e-16  1.79e-06     3s
  21   2.83482161e-01  2.06816510e-01  3.45e-08 4.44e-16  1.19e-06     3s
  22   2.71392512e-01  2.14866629e-01  2.71e-08 4.44e-16  8.77e-07     4s
  23   2.69116884e-01  2.15865831e-01  2.55e-08 4.44e-16  8.26e-07     4s
  24   2.55283899e-01  2.20497580e-01  1.60e-08 4.44e-16  5.40e-07     4s
  25   2.49558370e-01  2.23811405e-01  1.23e-08 4.44e-16  3.99e-07     4s
  26   2.46007798e-01  2.26904936e-01  9.79e-09 4.44e-16  2.96e-07     4s
  27   2.39517252e-01  2.28564636e-01  4.87e-09 4.44e-16  1.70e-07     4s
  28   2.36736546e-01  2.31052144e-01  2.70e-09 4.44e-16  8.82e-08     4s
  29   2.35647409e-01  2.31959663e-01  1.88e-09 4.44e-16  5.72e-08     4s
  30   2.35336050e-01  2.32212267e-01  1.65e-09 4.44e-16  4.85e-08     4s
  31   2.34780150e-01  2.32520984e-01  1.22e-09 4.44e-16  3.50e-08     4s
  32   2.34438490e-01  2.32728512e-01  9.60e-10 4.44e-16  2.65e-08     4s
  33   2.33917181e-01  2.32973485e-01  5.55e-10 4.44e-16  1.46e-08     4s
  34   2.33561989e-01  2.33090638e-01  5.21e-10 3.08e-14  7.31e-09     4s
  35   2.33499248e-01  2.33104261e-01  5.17e-10 1.88e-13  6.13e-09     4s
  36   2.33376228e-01  2.33156108e-01  4.57e-10 7.85e-13  3.41e-09     4s
  37   2.33275091e-01  2.33176154e-01  2.06e-10 3.53e-13  1.53e-09     4s
  38   2.33228437e-01  2.33184657e-01  9.69e-11 1.29e-13  6.79e-10     4s
  39   2.33203739e-01  2.33187565e-01  3.59e-11 3.52e-14  2.51e-10     4s
  40   2.33189487e-01  2.33188722e-01  1.70e-10 7.21e-14  1.19e-11     4s

Barrier solved model in 40 iterations and 3.91 seconds (3.81 work units)
Optimal objective 2.33189487e-01


Root simplex log...

Iteration    Objective       Primal Inf.    Dual Inf.      Time
    7293    2.3318923e-01   0.000000e+00   0.000000e+00      5s
    7298    2.3318923e-01   0.000000e+00   0.000000e+00      5s
Extra simplex iterations after uncrush: 5

Root relaxation: objective 2.331892e-01, 7298 iterations, 2.61 seconds (2.78 work units)

    Nodes    |    Current Node    |     Objective Bounds      |     Work
 Expl Unexpl |  Obj  Depth IntInf | Incumbent    BestBd   Gap | It/Node Time

     0     0    0.23319    0  194    4.34733    0.23319  94.6%     -    8s
H    0     0                       3.3586229    0.28839  91.4%     -   18s
     0     0    0.28839    0  283    3.35862    0.28839  91.4%     -   18s
H    0     0                       1.8754905    0.28839  84.6%     -   20s
     0     0    0.28843    0  288    1.87549    0.28843  84.6%     -   21s
     0     0    0.29497    0  255    1.87549    0.29497  84.3%     -   23s
     0     0    0.29528    0  227    1.87549    0.29528  84.3%     -   25s
     0     0    0.29895    0  246    1.87549    0.29895  84.1%     -   27s
H    0     0                       1.7776488    0.29895  83.2%     -   30s
H    0     0                       1.6064962    0.29899  81.4%     -   30s
     0     0    0.29899    0  249    1.60650    0.29899  81.4%     -   30s
     0     0    0.30063    0  238    1.60650    0.30063  81.3%     -   32s
H    0     0                       1.5670883    0.30063  80.8%     -   35s
     0     0    0.30066    0  240    1.56709    0.30066  80.8%     -   35s
     0     0    0.30171    0  233    1.56709    0.30171  80.7%     -   36s
     0     0    0.30178    0  244    1.56709    0.30178  80.7%     -   38s
     0     0    0.30191    0  244    1.56709    0.30191  80.7%     -   39s
     0     0    0.30191    0  244    1.56709    0.30191  80.7%     -   39s
     0     0    0.30296    0  236    1.56709    0.30296  80.7%     -   40s
     0     0    0.30350    0  236    1.56709    0.30350  80.6%     -   41s
     0     0    0.30373    0  249    1.56709    0.30373  80.6%     -   42s
     0     0    0.30373    0  255    1.56709    0.30373  80.6%     -   42s
     0     0    0.30392    0  249    1.56709    0.30392  80.6%     -   43s
     0     0    0.30392    0  250    1.56709    0.30392  80.6%     -   43s
     0     0    0.30456    0  260    1.56709    0.30456  80.6%     -   44s
     0     0    0.30460    0  266    1.56709    0.30460  80.6%     -   45s
     0     0    0.30470    0  263    1.56709    0.30470  80.6%     -   46s
     0     0    0.30470    0  262    1.56709    0.30470  80.6%     -   46s
     0     0    0.30471    0  260    1.56709    0.30471  80.6%     -   46s
     0     0    0.30471    0  260    1.56709    0.30471  80.6%     -   47s
     0     0    0.30474    0  263    1.56709    0.30474  80.6%     -   47s
     0     0    0.30474    0  263    1.56709    0.30474  80.6%     -   47s
     0     0    0.30474    0  263    1.56709    0.30474  80.6%     -   48s
     0     0    0.30474    0  229    1.56709    0.30474  80.6%     -   52s
     0     2    0.30474    0  227    1.56709    0.30474  80.6%     -   60s
     1     4    0.81315    1  127    1.56709    0.30474  80.6%  8904   67s
     3     7    0.87350    2  137    1.56709    0.30498  80.5%  3521   72s
     7    14    0.87493    3  120    1.56709    0.30572  80.5%  2513   77s
    14    28    1.00771    4  160    1.56709    0.30628  80.5%  2154   84s
    28    52    1.03508    5  140    1.56709    0.30630  80.5%  2406   93s
H   42    52                       1.5428557    0.30630  80.1%  2599   93s
H   53    52                       1.3912692    0.30650  78.0%  2228   93s
    56    73    1.09926    6  168    1.39127    0.30650  78.0%  2342  100s
H   79    73                       1.2708400    0.30663  75.9%  2064  100s
    90   101    1.09929    7  132    1.27084    0.30663  75.9%  2046  108s
H  111   101                       0.9955882    0.30663  69.2%  2190  108s
   122   108     cutoff    8         0.99559    0.30663  69.2%  2216  115s
   155   119    0.52498    9  204    0.99559    0.30663  69.2%  2197  126s
H  159   119                       0.7616914    0.30663  59.7%  2199  126s
H  172   119                       0.7207560    0.30663  57.5%  2199  126s
   186   108     cutoff    7         0.72076    0.30695  57.4%  2123  133s
H  231   126                       0.7125247    0.30695  56.9%  1983  171s
H  244   126                       0.7120471    0.30695  56.9%  2040  171s
H  267   147                       0.5270789    0.30695  41.8%  2087  260s
H  270   147                       0.4088850    0.30695  24.9%  2088  260s
H  276   147                       0.4036200    0.30695  24.0%  2105  260s
   301    95     cutoff   10         0.40362    0.30695  24.0%  2073  267s
   361    54     cutoff    8         0.40362    0.30796  23.7%  1758  274s
   426    45    0.36144    9   80    0.40362    0.31645  21.6%  1666  282s
   464    39     cutoff   10         0.40362    0.31645  21.6%  1693  288s
   498    25    0.35867   16  232    0.40362    0.31645  21.6%  1677  292s
   531    20     cutoff   17         0.40362    0.31645  21.6%  1649  297s
   551    18    0.38166   14  102    0.40362    0.31645  21.6%  1655  301s
   571    17     cutoff   15         0.40362    0.31645  21.6%  1640  305s
   612     4     cutoff   12         0.40362    0.32018  20.7%  1649  313s
   625     7    0.39854    9  141    0.40362    0.33928  15.9%  1656  316s
   643     1    0.38390   14  142    0.40362    0.34775  13.8%  1634  321s
   650     0     cutoff   16         0.40362    0.38587  4.40%  1636  326s

Cutting planes:
  Learned: 2
  Gomory: 9
  Cover: 86
  Implied bound: 784
  Clique: 52
  MIR: 268
  StrongCG: 4
  Flow cover: 151
  Zero half: 3
  RLT: 17
  Relax-and-lift: 92
  BQP: 4
  PSD: 2

Explored 654 nodes (1103269 simplex iterations) in 326.44 seconds (666.61 work units)
Thread count was 32 (of 128 available processors)

Solution count 10: 0.40362 0.408885 0.527079 ... 1.39127

Optimal solution found (tolerance 5.00e-03)
Best objective 4.036200000004e-01, best bound 4.036200000004e-01, gap 0.0000%


*********************************************
*********************************************


Set parameter LogFile to value "/work/07346/ashukla/ls6/Norta_Results/norta_sm_16_23/80M"
Gurobi Optimizer version 10.0.2 build v10.0.2rc0 (linux64)

CPU model: AMD EPYC 7763 64-Core Processor, instruction set [SSE2|AVX|AVX2]
Thread count: 128 physical cores, 128 logical processors, using up to 32 threads

Optimize a model with 211803 rows, 77908 columns and 590120 nonzeros
Model fingerprint: 0x4cc72b8c
Variable types: 55968 continuous, 21940 integer (21578 binary)
Coefficient statistics:
  Matrix range     [1e-03, 1e+05]
  Objective range  [6e-02, 6e-02]
  Bounds range     [1e+00, 3e+00]
  RHS range        [1e-02, 8e+07]

MIP start from previous solve produced solution with objective 0.40362 (0.78s)
Loaded MIP start from previous solve with objective 0.40362

Presolve removed 181709 rows and 51540 columns
Presolve time: 2.06s
Presolved: 30094 rows, 26368 columns, 112893 nonzeros
Variable types: 22880 continuous, 3488 integer (3430 binary)
Root barrier log...

Ordering time: 0.24s

Barrier statistics:
 Dense cols : 44
 AA' NZ     : 2.891e+05
 Factor NZ  : 2.086e+06 (roughly 36 MB of memory)
 Factor Ops : 6.281e+08 (less than 1 second per iteration)
 Threads    : 32

                  Objective                Residual
Iter       Primal          Dual         Primal    Dual     Compl     Time
   0  -6.82961367e+04 -2.36707543e+05  3.44e+02 1.68e-01  7.37e+01     3s
   1  -2.34307274e+04 -2.03388875e+05  1.19e+02 3.08e-01  2.67e+01     3s
   2  -7.26634754e+02 -1.07977695e+05  4.76e+00 2.91e-14  2.66e+00     3s
   3   3.24429414e+01 -4.69546552e+04  8.54e-01 1.78e-14  9.14e-01     3s
   4   1.40546747e+02 -8.11970175e+03  1.82e-01 2.22e-15  1.53e-01     3s
   5   1.25019256e+02 -2.17952686e+03  1.48e-02 1.28e-15  4.07e-02     3s
   6   7.46672318e+01 -6.95336598e+02  4.10e-03 6.66e-16  1.36e-02     3s
   7   3.97245644e+01 -2.25289985e+02  1.68e-03 6.66e-16  4.66e-03     3s
   8   1.52993244e+01 -6.97927401e+01  4.45e-04 4.44e-16  1.50e-03     3s
   9   5.00183079e+00 -2.42298680e+01  1.06e-04 4.44e-16  5.14e-04     3s
  10   7.19363494e-01 -6.43244668e+00  6.03e-06 4.44e-16  1.26e-04     3s
  11   1.08498984e-01 -8.45725545e-01  7.06e-07 4.44e-16  1.67e-05     3s
  12   1.62019017e-02 -8.86082198e-02  7.44e-08 4.44e-16  1.84e-06     4s
  13   2.30733848e-03 -8.85443834e-03  1.02e-08 4.44e-16  1.96e-07     4s
  14   1.72561981e-04 -3.23617988e-04  7.25e-10 4.44e-16  8.71e-09     4s
  15   6.39650466e-08 -1.04318872e-07  1.20e-11 4.44e-16  2.95e-12     4s

Barrier solved model in 15 iterations and 3.55 seconds (3.13 work units)
Optimal objective 6.39650466e-08


Root relaxation: objective 1.023182e-12, 4733 iterations, 1.32 seconds (1.13 work units)
Total elapsed time = 8.86s

    Nodes    |    Current Node    |     Objective Bounds      |     Work
 Expl Unexpl |  Obj  Depth IntInf | Incumbent    BestBd   Gap | It/Node Time

     0     0    0.00000    0   20    0.40362    0.00000   100%     -    9s
     0     0    0.00000    0   54    0.40362    0.00000   100%     -   10s
     0     0    0.00000    0   53    0.40362    0.00000   100%     -   13s
H    0     0                       0.1626937    0.00000   100%     -   13s
     0     0    0.00000    0   13    0.16269    0.00000   100%     -   15s
     0     0    0.00000    0   13    0.16269    0.00000   100%     -   16s
     0     0    0.00000    0   12    0.16269    0.00000   100%     -   20s
     0     0    0.00000    0   13    0.16269    0.00000   100%     -   22s
     0     0    0.00000    0   11    0.16269    0.00000   100%     -   23s
     0     0    0.00000    0   11    0.16269    0.00000   100%     -   23s
     0     0    0.00000    0   12    0.16269    0.00000   100%     -   24s
H    0     0                       0.1205622    0.00000   100%     -   26s
     0     0    0.00000    0    8    0.12056    0.00000   100%     -   26s
     0     0    0.00000    0    8    0.12056    0.00000   100%     -   26s
     0     0    0.00000    0    8    0.12056    0.00000   100%     -   26s
     0     0    0.00000    0    8    0.12056    0.00000   100%     -   27s
     0     0    0.00000    0    8    0.12056    0.00000   100%     -   27s
     0     0    0.00000    0    8    0.12056    0.00000   100%     -   27s
     0     0    0.00000    0    8    0.12056    0.00000   100%     -   27s
     0     0    0.00000    0    8    0.12056    0.00000   100%     -   28s
     0     2    0.00000    0    8    0.12056    0.00000   100%     -   29s
     1     4    0.00003    1   65    0.12056    0.00000   100%  6396   33s
     3     8    0.00218    2   72    0.12056    0.00000   100%  3810   38s
     7    10 infeasible    3         0.12056    0.00000   100%  2686   40s
*   15    14               4       0.0000000    0.00000  0.00%  2130   42s

Cutting planes:
  Learned: 3
  Cover: 20
  Implied bound: 254
  Clique: 1
  MIR: 99
  Flow cover: 4
  RLT: 6
  Relax-and-lift: 5

Explored 25 nodes (73699 simplex iterations) in 42.88 seconds (73.37 work units)
Thread count was 32 (of 128 available processors)

Solution count 4: 5.68434e-13 0.120562 0.162694 0.40362 

Optimal solution found (tolerance 5.00e-03)
Best objective 5.684341886081e-13, best bound 5.684341886081e-13, gap 0.0000%


*********************************************
*********************************************


