Set parameter TokenServer to value "license02.tacc.utexas.edu"
Set parameter LogFile to value "/work/07346/ashukla/ls6/Norta_Results/norta_sm_16_13/0M"
Set parameter MIPGap to value 0.005
Set parameter TimeLimit to value 32400
Set parameter Method to value 2
Gurobi Optimizer version 10.0.2 build v10.0.2rc0 (linux64)

CPU model: AMD EPYC 7763 64-Core Processor, instruction set [SSE2|AVX|AVX2]
Thread count: 128 physical cores, 128 logical processors, using up to 32 threads

Optimize a model with 211691 rows, 77908 columns and 589784 nonzeros
Model fingerprint: 0xb3d63e00
Variable types: 55968 continuous, 21940 integer (21578 binary)
Coefficient statistics:
  Matrix range     [1e-03, 1e+05]
  Objective range  [6e-02, 6e-02]
  Bounds range     [1e+00, 3e+00]
  RHS range        [1e-02, 2e+04]
Presolve removed 210808 rows and 76722 columns
Presolve time: 1.55s
Presolved: 883 rows, 1186 columns, 4017 nonzeros
Variable types: 1037 continuous, 149 integer (149 binary)
Found heuristic solution: objective 67.0595173
Root barrier log...

Ordering time: 0.00s

Barrier statistics:
 AA' NZ     : 4.600e+03
 Factor NZ  : 2.113e+04 (roughly 1 MB of memory)
 Factor Ops : 1.014e+06 (less than 1 second per iteration)
 Threads    : 1

                  Objective                Residual
Iter       Primal          Dual         Primal    Dual     Compl     Time
   0  -1.88036006e+03 -8.11323911e+03  1.57e+02 2.05e-01  3.53e+01     2s
   1  -6.73946710e+01 -4.32818176e+03  1.00e+01 3.23e-02  3.94e+00     2s
   2   4.83486180e+01 -5.27126716e+02  6.43e-01 1.11e-15  3.47e-01     2s
   3   5.33137550e+01 -7.39325988e+00  5.92e-02 2.22e-15  3.23e-02     2s
   4   4.82041008e+01  3.90842838e+01  6.74e-04 8.88e-16  4.57e-03     2s
   5   4.58286613e+01  4.42757711e+01  1.20e-04 2.38e-16  7.77e-04     2s
   6   4.55002446e+01  4.46973575e+01  6.27e-05 2.22e-16  4.02e-04     2s
   7   4.53311693e+01  4.49307138e+01  3.36e-05 2.22e-16  2.00e-04     2s
   8   4.52500147e+01  4.50679001e+01  2.08e-05 4.44e-16  9.12e-05     2s
   9   4.51553141e+01  4.51003308e+01  3.57e-06 2.22e-16  2.75e-05     2s
  10   4.51401836e+01  4.51276090e+01  9.11e-07 2.22e-16  6.29e-06     2s
  11   4.51327638e+01  4.51314437e+01  1.83e-08 2.22e-16  6.60e-07     2s
  12   4.51325523e+01  4.51324958e+01  2.08e-09 2.22e-16  2.83e-08     2s
  13   4.51325257e+01  4.51325257e+01  9.39e-11 2.22e-16  1.18e-11     2s

Barrier solved model in 13 iterations and 1.65 seconds (1.74 work units)
Optimal objective 4.51325257e+01


Root relaxation: objective 4.513253e+01, 7 iterations, 0.02 seconds (0.01 work units)

    Nodes    |    Current Node    |     Objective Bounds      |     Work
 Expl Unexpl |  Obj  Depth IntInf | Incumbent    BestBd   Gap | It/Node Time

     0     0   45.13253    0    2   67.05952   45.13253  32.7%     -    1s
H    0     0                      45.1336347   45.13253  0.00%     -    1s

Explored 1 nodes (7 simplex iterations) in 1.67 seconds (1.75 work units)
Thread count was 32 (of 128 available processors)

Solution count 2: 45.1336 67.0595 

Optimal solution found (tolerance 5.00e-03)
Best objective 4.513363466960e+01, best bound 4.513252568173e+01, gap 0.0025%


*********************************************
*********************************************


Set parameter LogFile to value "/work/07346/ashukla/ls6/Norta_Results/norta_sm_16_13/20M"
Gurobi Optimizer version 10.0.2 build v10.0.2rc0 (linux64)

CPU model: AMD EPYC 7763 64-Core Processor, instruction set [SSE2|AVX|AVX2]
Thread count: 128 physical cores, 128 logical processors, using up to 32 threads

Optimize a model with 211691 rows, 77908 columns and 589784 nonzeros
Model fingerprint: 0xe07bf725
Variable types: 55968 continuous, 21940 integer (21578 binary)
Coefficient statistics:
  Matrix range     [1e-03, 1e+05]
  Objective range  [6e-02, 6e-02]
  Bounds range     [1e+00, 3e+00]
  RHS range        [1e-02, 2e+07]

MIP start from previous solve produced solution with objective 45.1336 (0.61s)
MIP start from previous solve produced solution with objective 45.1336 (0.61s)
Loaded MIP start from previous solve with objective 45.1336

Presolve removed 176191 rows and 50620 columns
Presolve time: 1.73s
Presolved: 35500 rows, 27288 columns, 128264 nonzeros
Variable types: 23646 continuous, 3642 integer (3579 binary)
Root barrier log...

Ordering time: 0.32s

Barrier statistics:
 Dense cols : 58
 AA' NZ     : 3.995e+05
 Factor NZ  : 3.324e+06 (roughly 50 MB of memory)
 Factor Ops : 1.612e+09 (less than 1 second per iteration)
 Threads    : 32

                  Objective                Residual
Iter       Primal          Dual         Primal    Dual     Compl     Time
   0  -9.51625918e+05 -2.89070851e+05  4.87e+04 1.68e-01  9.95e+02     3s
   1  -5.95039607e+05 -3.20279537e+05  3.01e+04 3.33e-01  6.17e+02     3s
   2  -2.17355067e+05 -3.96831295e+05  9.43e+03 7.95e-14  2.41e+02     3s
   3  -2.82814135e+04 -3.13411291e+05  9.62e+02 7.54e-14  3.44e+01     3s
   4  -7.15745028e+03 -1.70724086e+05  1.77e+02 4.37e-14  9.32e+00     3s
   5  -2.86640621e+03 -1.46557641e+05  1.46e+02 3.92e-14  4.91e+00     3s
   6  -1.31078742e+03 -9.01049004e+04  4.38e+01 1.59e-14  2.46e+00     3s
   7  -5.05287043e+02 -4.89067423e+04  1.38e+01 1.01e-14  1.13e+00     3s
   8   2.39801243e+01 -1.63987528e+04  8.09e-01 3.95e-15  3.04e-01     3s
   9   1.31139771e+02 -2.29911254e+03  3.47e-02 2.51e-15  3.85e-02     3s
  10   6.98968647e+01 -3.14366410e+02  2.86e-03 1.55e-15  5.97e-03     3s
  11   4.36889944e+01 -1.23573442e+02  1.37e-03 6.66e-16  2.60e-03     3s
  12   2.70747900e+01 -5.88674929e+01  5.93e-04 4.44e-16  1.33e-03     3s
  13   1.92695618e+01 -3.43441472e+01  2.94e-04 4.44e-16  8.31e-04     3s
  14   1.53327760e+01 -1.26027047e+01  1.58e-04 4.44e-16  4.33e-04     3s
  15   1.36368478e+01 -5.51223736e+00  1.07e-04 4.44e-16  2.97e-04     3s
  16   1.24222795e+01  3.84178642e+00  7.50e-05 4.44e-16  1.33e-04     3s
  17   1.08908117e+01  5.66651002e+00  3.48e-05 4.44e-16  8.10e-05     3s
  18   1.04871676e+01  7.89325124e+00  2.52e-05 4.44e-16  4.03e-05     3s
  19   1.00604692e+01  8.46586058e+00  1.51e-05 4.44e-16  2.47e-05     3s
  20   9.80396937e+00  8.92352834e+00  8.95e-06 4.44e-16  1.37e-05     3s
  21   9.68376243e+00  9.10171649e+00  6.25e-06 4.44e-16  9.04e-06     3s
  22   9.61320943e+00  9.22988320e+00  4.66e-06 4.44e-16  5.95e-06     3s
  23   9.50899002e+00  9.28578869e+00  2.29e-06 4.44e-16  3.46e-06     3s
  24   9.46614017e+00  9.32901878e+00  1.32e-06 4.76e-16  2.13e-06     3s
  25   9.44168794e+00  9.37201150e+00  7.62e-07 4.44e-16  1.08e-06     3s
  26   9.43030101e+00  9.38529219e+00  5.07e-07 4.44e-16  6.99e-07     3s
  27   9.42213779e+00  9.39484790e+00  3.21e-07 4.44e-16  4.24e-07     3s
  28   9.41632045e+00  9.39974185e+00  1.91e-07 4.44e-16  2.57e-07     3s
  29   9.41376659e+00  9.40323688e+00  1.34e-07 1.23e-15  1.64e-07     3s
  30   9.41096025e+00  9.40546548e+00  7.17e-08 1.58e-15  8.54e-08     3s
  31   9.40920807e+00  9.40647668e+00  3.37e-08 1.01e-15  4.24e-08     4s
  32   9.40857290e+00  9.40703961e+00  1.99e-08 1.68e-15  2.38e-08     4s
  33   9.40797183e+00  9.40739657e+00  7.00e-09 8.66e-16  8.94e-09     4s
  34   9.40771993e+00  9.40753476e+00  1.61e-09 4.72e-14  2.87e-09     4s
  35   9.40768453e+00  9.40756275e+00  9.09e-10 2.97e-14  1.89e-09     4s
  36   9.40764998e+00  9.40761056e+00  2.31e-10 5.25e-15  6.11e-10     4s
  37   9.40764034e+00  9.40762414e+00  3.63e-10 1.86e-15  2.51e-10     4s
  38   9.40763837e+00  9.40763544e+00  1.15e-09 3.08e-14  4.54e-11     4s

Barrier solved model in 38 iterations and 3.68 seconds (3.67 work units)
Optimal objective 9.40763837e+00


Root crossover log...

       0 PPushes remaining with PInf 2.8077267e+01                 5s

  Push phase complete: Pinf 2.8077267e+01, Dinf 9.8045521e-02      5s


Root simplex log...

Iteration    Objective       Primal Inf.    Dual Inf.      Time
    7623    9.4076726e+00   0.000000e+00   9.804552e-02      5s
    7850    9.4076375e+00   0.000000e+00   0.000000e+00      6s
    7850    9.4076375e+00   0.000000e+00   0.000000e+00      6s

Root relaxation: objective 9.407638e+00, 7850 iterations, 3.19 seconds (5.16 work units)
Total elapsed time = 10.20s

    Nodes    |    Current Node    |     Objective Bounds      |     Work
 Expl Unexpl |  Obj  Depth IntInf | Incumbent    BestBd   Gap | It/Node Time

     0     0    9.40764    0  491   45.13363    9.40764  79.2%     -   10s
H    0     0                      19.6564539   10.35818  47.3%     -   29s
     0     0   10.35818    0  614   19.65645   10.35818  47.3%     -   29s
H    0     0                      16.7917713   10.35818  38.3%     -   34s
H    0     0                      16.5318315   10.37942  37.2%     -   37s
     0     0   10.37942    0  633   16.53183   10.37942  37.2%     -   37s
     0     0   10.37948    0  631   16.53183   10.37948  37.2%     -   37s
     0     0   10.46808    0  682   16.53183   10.46808  36.7%     -   42s
     0     0   10.47407    0  516   16.53183   10.47407  36.6%     -   43s
     0     0   10.47546    0  518   16.53183   10.47546  36.6%     -   44s
     0     0   10.47546    0  519   16.53183   10.47546  36.6%     -   44s
     0     0   10.49455    0  439   16.53183   10.49455  36.5%     -   48s
H    0     0                      15.8980047   10.49455  34.0%     -   50s
     0     0   10.49575    0  443   15.89800   10.49575  34.0%     -   51s
     0     0   10.49719    0  444   15.89800   10.49719  34.0%     -   51s
     0     0   10.49763    0  447   15.89800   10.49763  34.0%     -   52s
     0     0   10.49767    0  442   15.89800   10.49767  34.0%     -   52s
     0     0   10.50649    0  438   15.89800   10.50649  33.9%     -   54s
     0     0   10.50685    0  446   15.89800   10.50685  33.9%     -   55s
     0     0   10.50711    0  446   15.89800   10.50711  33.9%     -   55s
     0     0   10.50717    0  450   15.89800   10.50717  33.9%     -   56s
     0     0   10.50944    0  531   15.89800   10.50944  33.9%     -   57s
     0     0   10.50955    0  532   15.89800   10.50955  33.9%     -   59s
     0     0   10.50963    0  530   15.89800   10.50963  33.9%     -   60s
     0     0   10.50963    0  530   15.89800   10.50963  33.9%     -   60s
     0     0   10.50969    0  530   15.89800   10.50969  33.9%     -   61s
     0     0   10.50974    0  447   15.89800   10.50974  33.9%     -   63s
     0     0   10.50979    0  447   15.89800   10.50979  33.9%     -   63s
     0     0   10.50980    0  447   15.89800   10.50980  33.9%     -   64s
     0     0   10.51095    0  616   15.89800   10.51095  33.9%     -   65s
     0     0   10.51095    0  535   15.89800   10.51095  33.9%     -   69s
     0     2   10.51095    0  535   15.89800   10.51095  33.9%     -   76s
     1     4   11.16693    1  699   15.89800   10.55569  33.6%  9622   87s
     3     8   11.18186    2  599   15.89800   10.58342  33.4%  3821   94s
     7    16   11.36368    3  683   15.89800   10.63900  33.1%  3105   97s
    15    32   12.92312    4  622   15.89800   10.64201  33.1%  2782  106s
    31    64   13.25446    5  627   15.89800   10.64728  33.0%  2546  117s
H   33    64                      15.8980047   10.64728  33.0%  2542  117s
H   34    64                      15.8980047   10.64728  33.0%  2681  117s
H   35    64                      15.6829200   10.64728  32.1%  2760  117s
    63    96   13.28274    6  529   15.68292   10.65530  32.1%  2654  145s
    95   128   13.33469    7  808   15.68292   10.65530  32.1%  2549  153s
   127   160   13.39438    8  819   15.68292   10.65530  32.1%  2692  160s
H  159   192                      15.5030727   10.65530  31.3%  2468  177s
H  171   192                      15.4937420   10.65530  31.2%  2410  177s
H  176   192                      15.4921763   10.65530  31.2%  2378  177s
H  183   192                      15.4779265   10.65530  31.2%  2328  177s
   191   241   13.41468   10  654   15.47793   10.65530  31.2%  2268  182s
   240   286   13.41500   11  653   15.47793   10.65530  31.2%  2022  188s
   285   331   13.43257   13  632   15.47793   10.65530  31.2%  1903  191s
   330   367   13.44973   15  721   15.47793   10.65530  31.2%  1764  197s
H  346   367                      15.0049131   10.65530  29.0%  1750  197s
H  348   367                      14.3269591   10.65530  25.6%  1744  197s
   366   411   13.56703   16  506   14.32696   10.65530  25.6%  1724  208s
   410   452   13.69459   16  390   14.32696   10.65530  25.6%  1755  214s
   453   502   13.62391   17  500   14.32696   10.65530  25.6%  1771  219s
   503   561   13.78585   17  454   14.32696   10.65530  25.6%  1736  223s
   562   614   13.69698   18  479   14.32696   10.65530  25.6%  1676  228s
H  616   646                      12.6701146   10.65530  15.9%  1659  395s
H  617   646                      12.4814609   10.65530  14.6%  1659  395s
H  622   646                      12.3399813   10.65530  13.7%  1654  395s
H  623   646                      12.3399798   10.65530  13.7%  1654  395s
H  633   646                      12.2511056   10.65530  13.0%  1647  395s
H  635   646                      12.2174460   10.65530  12.8%  1653  395s
H  647   646                      12.1542880   10.65530  12.3%  1653  395s
   648   622     cutoff   19        12.15429   10.65593  12.3%  1651  403s
   763   659   10.83296    8  537   12.15429   10.65683  12.3%  1610  414s
   816   703   11.03880    8  351   12.15429   10.65683  12.3%  1692  423s
   876   764   11.07552    9  445   12.15429   10.65683  12.3%  1729  433s
   954   830   10.94180   10  533   12.15429   10.65683  12.3%  1754  443s
  1037   912   10.96458   11  503   12.15429   10.65683  12.3%  1762  451s
  1129   986   11.03820   13  458   12.15429   10.65683  12.3%  1767  460s
  1225  1068   11.03840   13  404   12.15429   10.65683  12.3%  1768  472s
  1335  1152   11.06106   14  349   12.15429   10.65683  12.3%  1757  482s
  1445  1222   11.09139   16  238   12.15429   10.65683  12.3%  1749  494s
  1545  1297   11.04733   14  393   12.15429   10.65683  12.3%  1762  504s
H 1669  1322                      12.1530285   10.65683  12.3%  1757  590s
H 1670  1322                      12.1530131   10.65683  12.3%  1756  590s
H 1673  1322                      12.1529667   10.65683  12.3%  1759  590s
H 1676  1322                      12.1529659   10.65683  12.3%  1760  590s
H 1703  1322                      12.1529658   10.65683  12.3%  1771  590s
  1704  1351   11.09338   17  230   12.15297   10.65683  12.3%  1772  677s
H 1705  1351                      12.1518026   10.65683  12.3%  1771  677s
H 1709  1351                      12.1515410   10.65683  12.3%  1771  677s
H 1711  1351                      12.1473576   10.65683  12.3%  1773  677s
H 1713  1351                      12.1269621   10.65683  12.1%  1775  677s
H 1719  1351                      12.1253213   10.65683  12.1%  1776  677s
H 1721  1351                      12.1242013   10.65683  12.1%  1777  677s
H 1725  1351                      12.1056656   10.65683  12.0%  1776  677s
  1736  1433   11.13296   18  276   12.10567   10.65683  12.0%  1785  689s
  1867  1521   11.33844   20  271   12.10567   10.65683  12.0%  1791  699s
  2012  1634   11.21407   21  170   12.10567   10.65683  12.0%  1767  717s
  2185  1715   11.34158   22  178   12.10567   10.65683  12.0%  1746  730s
  2352  1782   11.47970   23  183   12.10567   10.65683  12.0%  1735  749s
  2520  1822   11.50010   24  235   12.10567   10.65683  12.0%  1732  762s
  2688  1806   11.68816   31  220   12.10567   10.65683  12.0%  1726  774s
  2882  1862   11.96229   32  321   12.10567   10.65683  12.0%  1719  791s
  3099  1926     cutoff   33        12.10567   10.65683  12.0%  1707  807s
  3305  2058     cutoff   35        12.10567   10.81223  10.7%  1711  820s
H 3479  2058                      12.1056656   10.81223  10.7%  1712 1085s
  3480  2059   11.49078   17  535   12.10567   10.81223  10.7%  1712 1115s
  3482  2060   11.27091   22  525   12.10567   10.81223  10.7%  1711 1124s
  3483  2061   11.85266   32  507   12.10567   10.81223  10.7%  1710 1153s
  3484  2062   12.01261   47  573   12.10567   10.81223  10.7%  1710 1159s
  3485  2062   11.73941   17  633   12.10567   10.81223  10.7%  1709 1163s
  3486  2063   11.76178   32  682   12.10567   10.81223  10.7%  1709 1165s
  3487  2064   12.04544   31  594   12.10567   10.81223  10.7%  1708 1179s
  3488  2064   11.84569   24  596   12.10567   10.81223  10.7%  1708 1180s
  3490  2066   11.93696   14  555   12.10567   10.81223  10.7%  1707 1191s
  3492  2067   11.53341   14  557   12.10567   10.81223  10.7%  1706 1200s
  3494  2068   11.99868   31  555   12.10567   10.81223  10.7%  1705 1206s
  3495  2069   11.26225   20  549   12.10567   10.81223  10.7%  1704 1214s
  3496  2070   11.32675   14  549   12.10567   10.81223  10.7%  1704 1218s
  3497  2073   11.02867   10  627   12.10567   10.81223  10.7%  1723 1227s
  3499  2077   11.73462   11  654   12.10567   10.81223  10.7%  1724 1237s
  3503  2079     cutoff   12        12.10567   10.81223  10.7%  1727 1245s
  3511  2087   10.95618   13  354   12.10567   10.81223  10.7%  1733 1253s
  3523  2099   10.96362   14  336   12.10567   10.81223  10.7%  1740 1264s
  3545  2107   11.28302   15  470   12.10567   10.81223  10.7%  1751 1278s
  3577  2122     cutoff   16        12.10567   10.81228  10.7%  1775 1294s
  3609  2133   10.89410   17  454   12.10567   10.81228  10.7%  1795 1300s
  3641  2151   10.94370   18  467   12.10567   10.88044  10.1%  1801 1308s
  3673  2168   10.95473   19  568   12.10567   10.88044  10.1%  1802 1318s
  3710  2183   10.98238   20  538   12.10567   10.89410  10.0%  1810 1421s
  3742  2190   11.00290   21  457   12.10567   10.89410  10.0%  1814 1428s
  3776  2207   11.05505   22  430   12.10567   10.89410  10.0%  1827 1439s
  3824  2206   11.30958   24  400   12.10567   10.89410  10.0%  1832 1552s
H 3825  2102                      12.0639018   10.89410  9.70%  1832 1552s
H 3826  2003                      12.0070759   10.89410  9.27%  1832 1552s
H 3845  1903                      12.0069991   10.89410  9.27%  1830 1552s
  3861  1934   11.42019   25  325   12.00700   10.89410  9.27%  1833 1558s
  3929  1957   11.53511   27  306   12.00700   10.89410  9.27%  1830 1566s
  3995  1958   11.75820   29  266   12.00700   10.89410  9.27%  1830 1575s
  4069  1963   11.95278   31  153   12.00700   10.89410  9.27%  1826 1585s
  4151  1951     cutoff   30        12.00700   10.92473  9.01%  1825 1593s
  4233  1943   11.04801   19  575   12.00700   10.92473  9.01%  1824 1603s
  4312  1925   11.05726   20  568   12.00700   10.92473  9.01%  1821 1614s
  4384  1941   11.82510   22  373   12.00700   10.92473  9.01%  1829 1623s
  4450  1956   11.97183   23  383   12.00700   10.92473  9.01%  1836 1632s
  4529  1977     cutoff   24        12.00700   10.92473  9.01%  1837 1639s
  4612  2007   11.46970   24  170   12.00700   10.92473  9.01%  1838 1648s
  4709  2037   11.78217   29  299   12.00700   10.92473  9.01%  1835 1662s
  4835  2034   11.82387   31  231   12.00700   10.92473  9.01%  1822 1673s
H 4978  1911                      12.0017659   10.92473  8.97%  1801 1690s
H 4982  1824                      12.0014848   10.92473  8.97%  1801 1690s
H 4985  1743                      12.0014686   10.92473  8.97%  1801 1690s
H 4986  1667                      12.0014651   10.92473  8.97%  1801 1690s
  5032  1718     cutoff   39        12.00147   10.95473  8.72%  1800 1704s
  5154  1750   11.28469   17  343   12.00147   10.95473  8.72%  1793 1714s
  5276  1746   11.37990   21  251   12.00147   10.95473  8.72%  1787 1730s
  5404  1760   11.80514   25  141   12.00147   10.95473  8.72%  1789 1741s
  5539  1757   11.87945   33  248   12.00147   10.95473  8.72%  1781 1752s
  5674  1783   11.81447   25  356   12.00147   10.95473  8.72%  1780 1761s
  5822  1794     cutoff   27        12.00147   11.01801  8.19%  1774 1772s
  5943  1806   11.20995   21  383   12.00147   11.01801  8.19%  1773 1784s
H 6096  1716                      12.0006896   11.01801  8.19%  1768 1804s
H 6100  1646                      11.9999195   11.01801  8.18%  1768 1804s
H 6108  1578                      11.9994813   11.01801  8.18%  1767 1804s
H 6121  1512                      11.9994510   11.01801  8.18%  1767 1804s
  6175  1564   11.42662   28  239   11.99945   11.01801  8.18%  1765 1819s
  6370  1571   11.92895   31  264   11.99945   11.01801  8.18%  1754 1831s
  6525  1603   11.98913   37  175   11.99945   11.05726  7.85%  1752 1848s
  6695  1630   11.92713   19  321   11.99945   11.05726  7.85%  1758 1865s
  6867  1664   11.97568   18  457   11.99945   11.10243  7.48%  1761 2121s
  7076  1694   11.11345   22  439   11.99945   11.10243  7.48%  1774 2133s
  7262  1738   11.59947   27  294   11.99945   11.10243  7.48%  1772 2153s
H 7271  1738                      11.9994271   11.10243  7.48%  1773 2153s
H 7278  1738                      11.9994228   11.10243  7.48%  1773 2153s
H 7288  1738                      11.9993962   11.10243  7.48%  1774 2153s
  7405  1806   11.75443   28  269   11.99940   11.10243  7.48%  1771 2168s
  7626  1894   11.67590   28  253   11.99940   11.10243  7.48%  1771 2184s
  7876  1987     cutoff   32        11.99940   11.12318  7.30%  1764 2199s
  8093  2081   11.95912   26   74   11.99940   11.23644  6.36%  1768 2214s
H 8350  2139                      11.9993939   11.25365  6.21%  1764 2236s
H 8356  2139                      11.9993884   11.25365  6.21%  1764 2236s
  8551  2254   11.46543   26  486   11.99939   11.25365  6.21%  1759 2256s
  8828  2316   11.84772   33  268   11.99939   11.30851  5.76%  1756 2274s
  9092  2466   11.60600   26  449   11.99939   11.31911  5.67%  1756 2295s
  9439  2595     cutoff   32        11.99939   11.31911  5.67%  1748 2317s
H 9440  2595                      11.9993874   11.31911  5.67%  1748 2317s
H 9614  2595                      11.9993873   11.31911  5.67%  1744 2317s
  9712  2712     cutoff   32        11.99939   11.35341  5.38%  1742 2337s
 10045  2883   11.61907   26  310   11.99939   11.36445  5.29%  1739 2356s
 10422  3027   11.78577   28  122   11.99939   11.36445  5.29%  1732 2380s
H10800  3138                      11.9993872   11.36445  5.29%  1736 2411s
H10888  3138                      11.9993871   11.37990  5.16%  1740 2411s
 11085  3324   11.64961   25  179   11.99939   11.37990  5.16%  1740 2437s
 11538  3452   11.84189   29  152   11.99939   11.37990  5.16%  1733 2477s
*11818  3437              82      11.9879335   11.37990  5.07%  1737 2477s
 11931  3594   11.94525   34  155   11.98793   11.38191  5.06%  1739 2521s
 12337  3757   11.93979   29  145   11.98793   11.40894  4.83%  1739 2544s
*12695  3743              44      11.9835625   11.41570  4.74%  1734 2544s
 12856  3839     cutoff   33        11.98356   11.41854  4.72%  1727 2582s
H13088  3778                      11.9617207   11.42094  4.52%  1718 2582s
*13094  3774              75      11.9601906   11.42094  4.51%  1717 2582s
 13427  3939     cutoff   29        11.96019   11.42374  4.49%  1715 2615s
H13513  3005                      11.8300623   11.42547  3.42%  1708 2615s
 13941  2977     cutoff   35        11.83006   11.43131  3.37%  1709 2644s
*13987  2977              91      11.8300344   11.43309  3.36%  1707 2644s
 14416  3034     cutoff   21        11.83003   11.43974  3.30%  1718 2673s
 14918  3120   11.81182   30  235   11.83003   11.44984  3.21%  1726 2786s
 15435  3179   11.73728   34  245   11.83003   11.46792  3.06%  1738 2864s
 15898  3230     cutoff   34        11.83003   11.47372  3.01%  1751 2899s
 16439  3241   11.80486   34  224   11.83003   11.49142  2.86%  1758 2958s
 16979  3320     cutoff   26        11.83003   11.50081  2.78%  1771 2994s
 17572  3339   11.81492   31  158   11.83003   11.51149  2.69%  1778 3044s
 18186  3313     cutoff   29        11.83003   11.51571  2.66%  1785 3081s
 18773  3280     cutoff   26        11.83003   11.53478  2.50%  1796 3118s
 19371  3245     cutoff   29        11.83003   11.54627  2.40%  1806 3163s
 20032  3162   11.72466   21  484   11.83003   11.56061  2.28%  1813 3207s
 20626  3095     cutoff   31        11.83003   11.57060  2.19%  1828 3294s
 20640  3095   11.80621   27  283   11.83003   11.57099  2.19%  1828 3295s
 21318  2948     cutoff   24        11.83003   11.58597  2.06%  1838 3340s
 22020  2805     cutoff   29        11.83003   11.60014  1.94%  1853 3386s
 22782  2610     cutoff   33        11.83003   11.61904  1.78%  1863 3443s
 23487  2400     cutoff   32        11.83003   11.63198  1.67%  1878 3517s
 24209  2178   11.80039   30  198   11.83003   11.64775  1.54%  1899 3569s
 25105  1871     cutoff   33        11.83003   11.66671  1.38%  1908 3628s
 25963  1493     cutoff   24        11.83003   11.68378  1.24%  1923 3709s
 26913  1029     cutoff   32        11.83003   11.71731  0.95%  1935 3766s
*27104  1029              50      11.8263850   11.71955  0.90%  1934 3766s
H27845  1029                      11.8216503   11.72258  0.84%  1931 3766s
*27946  1029              40      11.7963900   11.72280  0.62%  1932 3766s
 28141   447     cutoff   31        11.79639   11.73891  0.49%  1930 3899s

Cutting planes:
  Learned: 8
  Gomory: 48
  Cover: 106
  Implied bound: 913
  Projected implied bound: 30
  Clique: 56
  MIR: 794
  StrongCG: 4
  Flow cover: 1692
  Zero half: 8
  RLT: 58
  Relax-and-lift: 185
  BQP: 9
  PSD: 4

Explored 28788 nodes (55268650 simplex iterations) in 3900.13 seconds (8772.60 work units)
Thread count was 32 (of 128 available processors)

Solution count 10: 11.7964 11.8217 11.8264 ... 11.9994

Optimal solution found (tolerance 5.00e-03)
Best objective 1.179639000000e+01, best bound 1.174919621867e+01, gap 0.4001%


*********************************************
*********************************************


Set parameter LogFile to value "/work/07346/ashukla/ls6/Norta_Results/norta_sm_16_13/40M"
Gurobi Optimizer version 10.0.2 build v10.0.2rc0 (linux64)

CPU model: AMD EPYC 7763 64-Core Processor, instruction set [SSE2|AVX|AVX2]
Thread count: 128 physical cores, 128 logical processors, using up to 32 threads

Optimize a model with 211691 rows, 77908 columns and 589784 nonzeros
Model fingerprint: 0x06e6ce4c
Variable types: 55968 continuous, 21940 integer (21578 binary)
Coefficient statistics:
  Matrix range     [1e-03, 1e+05]
  Objective range  [6e-02, 6e-02]
  Bounds range     [1e+00, 3e+00]
  RHS range        [1e-02, 4e+07]

MIP start from previous solve produced solution with objective 11.7964 (0.69s)
MIP start from previous solve produced solution with objective 11.7964 (0.69s)
Loaded MIP start from previous solve with objective 11.7964

Presolve removed 176191 rows and 50620 columns
Presolve time: 1.78s
Presolved: 35500 rows, 27288 columns, 128264 nonzeros
Variable types: 23646 continuous, 3642 integer (3579 binary)
Root barrier log...

Ordering time: 0.31s

Barrier statistics:
 Dense cols : 58
 AA' NZ     : 3.995e+05
 Factor NZ  : 3.324e+06 (roughly 50 MB of memory)
 Factor Ops : 1.612e+09 (less than 1 second per iteration)
 Threads    : 32

                  Objective                Residual
Iter       Primal          Dual         Primal    Dual     Compl     Time
   0  -6.70723084e+05 -2.89071038e+05  3.42e+04 1.68e-01  7.03e+02     3s
   1  -4.06441109e+05 -3.13594713e+05  2.04e+04 4.63e-01  4.24e+02     3s
   2  -1.38598014e+05 -3.86159515e+05  5.90e+03 8.42e-14  1.55e+02     3s
   3  -2.10939386e+04 -3.07096137e+05  1.11e+02 7.36e-14  2.66e+01     3s
   4  -4.47993254e+03 -1.71410131e+05  2.44e+01 2.98e-14  6.92e+00     3s
   5  -2.75484639e+03 -1.00713788e+05  1.55e+01 1.29e-14  3.79e+00     3s
   6   1.54418136e+01 -8.89485544e+04  9.83e-01 1.66e-14  1.51e+00     3s
   7   7.96164662e+01 -1.09891429e+04  5.56e+00 3.77e-15  1.98e-01     3s
   8   1.31402605e+02 -1.40977574e+03  3.87e-02 2.22e-15  2.46e-02     3s
   9   5.62704726e+01 -2.34724945e+02  1.99e-03 6.66e-15  4.52e-03     3s
  10   1.80959723e+01 -7.11223689e+01  2.10e-04 1.11e-15  1.38e-03     3s
  11   8.81242345e+00 -2.74508361e+01  6.25e-05 8.88e-16  5.61e-04     3s
  12   6.78418784e+00 -1.06078581e+01  3.77e-05 8.88e-16  2.69e-04     3s
  13   5.62061983e+00 -3.33651970e+00  2.56e-05 4.44e-16  1.39e-04     3s
  14   4.26168414e+00  1.06083763e-01  1.31e-05 4.44e-16  6.43e-05     3s
  15   3.80945448e+00  1.30140782e+00  9.13e-06 2.22e-16  3.88e-05     3s
  16   3.27292513e+00  2.06047338e+00  4.41e-06 4.44e-16  1.88e-05     3s
  17   2.95489020e+00  2.45534190e+00  1.63e-06 4.44e-16  7.73e-06     3s
  18   2.86209290e+00  2.63185913e+00  9.21e-07 4.44e-16  3.56e-06     3s
  19   2.82789869e+00  2.64559315e+00  6.35e-07 4.44e-16  2.82e-06     3s
  20   2.81736665e+00  2.66104794e+00  5.50e-07 4.44e-16  2.42e-06     3s
  21   2.80275307e+00  2.67765699e+00  4.30e-07 4.44e-16  1.94e-06     3s
  22   2.78738984e+00  2.72039948e+00  3.01e-07 4.44e-16  1.04e-06     3s
  23   2.77407511e+00  2.73128280e+00  1.93e-07 4.44e-16  6.63e-07     3s
  24   2.76436242e+00  2.73962609e+00  1.13e-07 4.44e-16  3.83e-07     4s
  25   2.76007764e+00  2.74560649e+00  7.89e-08 2.22e-16  2.24e-07     4s
  26   2.75734297e+00  2.74733991e+00  5.65e-08 4.44e-16  1.55e-07     4s
  27   2.75556060e+00  2.74757237e+00  4.37e-08 4.44e-16  1.24e-07     4s
  28   2.75288949e+00  2.74878605e+00  2.11e-08 2.22e-16  6.36e-08     4s
  29   2.75191047e+00  2.74956433e+00  1.32e-08 4.44e-16  3.63e-08     4s
  30   2.75124093e+00  2.74978281e+00  7.30e-09 4.44e-16  2.26e-08     4s
  31   2.75087009e+00  2.74995271e+00  4.09e-09 2.22e-16  1.42e-08     4s
  32   2.75065242e+00  2.75019405e+00  2.23e-09 4.44e-16  7.10e-09     4s
  33   2.75042592e+00  2.75032527e+00  6.68e-10 8.29e-14  1.56e-09     4s
  34   2.75041216e+00  2.75034450e+00  4.04e-10 6.49e-14  1.05e-09     4s
  35   2.75039772e+00  2.75036690e+00  1.17e-10 1.40e-13  4.77e-10     4s
  36   2.75039469e+00  2.75038386e+00  1.48e-10 5.12e-12  1.68e-10     4s
  37   2.75039338e+00  2.75038961e+00  1.10e-10 7.98e-13  5.84e-11     4s
  38   2.75039215e+00  2.75039029e+00  4.42e-09 3.88e-13  2.88e-11     4s

Barrier solved model in 38 iterations and 3.81 seconds (3.73 work units)
Optimal objective 2.75039215e+00


Root crossover log...

       0 PPushes remaining with PInf 2.7692308e-02                 6s

  Push phase complete: Pinf 2.7692308e-02, Dinf 1.3154634e-01      6s


Root simplex log...

Iteration    Objective       Primal Inf.    Dual Inf.      Time
    7896    2.7503911e+00   0.000000e+00   1.315463e-01      6s
    8027    2.7503911e+00   0.000000e+00   0.000000e+00      6s
    8029    2.7503911e+00   0.000000e+00   0.000000e+00      6s
Extra simplex iterations after uncrush: 2

Root relaxation: objective 2.750391e+00, 8029 iterations, 3.42 seconds (5.29 work units)

    Nodes    |    Current Node    |     Objective Bounds      |     Work
 Expl Unexpl |  Obj  Depth IntInf | Incumbent    BestBd   Gap | It/Node Time

     0     0    2.75039    0  350   11.79639    2.75039  76.7%     -    9s
H    0     0                       9.2645747    2.75039  70.3%     -   11s
H    0     0                       9.2620747    2.75039  70.3%     -   11s
H    0     0                       9.2251654    3.18066  65.5%     -   26s
H    0     0                       5.9250952    3.18066  46.3%     -   26s
     0     0    3.18066    0  327    5.92510    3.18066  46.3%     -   26s
H    0     0                       5.8852225    3.18066  46.0%     -   29s
     0     0    3.21112    0  261    5.88522    3.21112  45.4%     -   34s
     0     0    3.28079    0  262    5.88522    3.28079  44.3%     -   44s
     0     0    3.28097    0  260    5.88522    3.28097  44.3%     -   49s
     0     0    3.28793    0  238    5.88522    3.28793  44.1%     -   53s
H    0     0                       5.1195465    3.28793  35.8%     -   56s
     0     0    3.28897    0  241    5.11955    3.28897  35.8%     -   58s
     0     0    3.29025    0  283    5.11955    3.29025  35.7%     -   60s
H    0     0                       4.9802570    3.29026  33.9%     -   62s
     0     0    3.29026    0  301    4.98026    3.29026  33.9%     -   62s
     0     0    3.29055    0  293    4.98026    3.29055  33.9%     -   62s
H    0     0                       4.8628890    3.29055  32.3%     -   66s
     0     0    3.29055    0  293    4.86289    3.29055  32.3%     -   66s
     0     0    3.29061    0  298    4.86289    3.29061  32.3%     -   67s
     0     0    3.29098    0  246    4.86289    3.29098  32.3%     -   69s
     0     0    3.29112    0  257    4.86289    3.29112  32.3%     -   69s
H    0     0                       4.8543800    3.29112  32.2%     -   72s
     0     0    3.29123    0  247    4.85438    3.29123  32.2%     -   72s
     0     0    3.29139    0  264    4.85438    3.29139  32.2%     -   73s
     0     0    3.29139    0  236    4.85438    3.29139  32.2%     -   78s
     0     2    3.29139    0  236    4.85438    3.29139  32.2%     -   88s
     1     4    3.29354    1  239    4.85438    3.29139  32.2%  1696   90s
     3     8    3.29443    2  223    4.85438    3.29146  32.2%  1041  101s
     7    16    3.45206    3  176    4.85438    3.29156  32.2%  3471  107s
    15    32    3.57749    4  159    4.85438    3.29760  32.1%  3755  118s
    31    64    4.54067    5  150    4.85438    3.29771  32.1%  4097  146s
H   47    64                       4.8046638    3.29771  31.4%  5864  146s
    63    96    4.54325    6  195    4.80466    3.30417  31.2%  5471  175s
H   95   128                       4.8046638    3.30417  31.2%  4807  186s
H   99   128                       4.7951875    3.30417  31.1%  4705  186s
   127   160    4.56700    8  247    4.79519    3.30417  31.1%  4210  192s
   159   192    4.57114    8  101    4.79519    3.30417  31.1%  4081  207s
H  175   192                       4.7943901    3.30417  31.1%  3939  207s
H  185   192                       4.7870515    3.30417  31.0%  3830  207s
   191   235    4.57483    9  198    4.78705    3.30417  31.0%  3844  215s
H  234   265                       4.4038906    3.30417  25.0%  3650  386s
H  235   265                       4.0021227    3.30417  17.4%  3652  386s
H  236   265                       3.8647797    3.30417  14.5%  3650  386s
H  238   265                       3.8418617    3.30417  14.0%  3670  386s
H  242   265                       3.6185181    3.30417  8.69%  3729  386s
   266   224     cutoff   11         3.61852    3.30417  8.69%  3674  396s
   328   211     cutoff   11         3.61852    3.31514  8.38%  3159  415s
   390   220    3.51233    7  289    3.61852    3.31733  8.32%  3039  428s
   447   233    3.51418    8  237    3.61852    3.31733  8.32%  3022  436s
   514   247    3.55046    9  262    3.61852    3.31733  8.32%  2950  446s
   599   232     cutoff   11         3.61852    3.31733  8.32%  2862  456s
   683   245     cutoff   10         3.61852    3.31856  8.29%  2779  468s
   755   233    3.39392   10  228    3.61852    3.31856  8.29%  2768  478s
   834   209    3.38675   10  263    3.61852    3.31856  8.29%  2752  488s
   915   196    3.53084    9   96    3.61852    3.33302  7.89%  2772  496s
   993   187    3.53870   10   90    3.61852    3.33302  7.89%  2769  506s
  1088   161    3.56495   12   53    3.61852    3.33302  7.89%  2731  517s
  1204   115    3.59554   15   51    3.61852    3.33302  7.89%  2655  527s
  1308    92     cutoff   16         3.61852    3.38422  6.47%  2598  538s
  1410    67     cutoff   11         3.61852    3.41764  5.55%  2506  545s
  1549    38     cutoff   12         3.61852    3.41764  5.55%  2357  556s
  1666     4     cutoff   10         3.61852    3.48625  3.66%  2242  562s

Cutting planes:
  Learned: 1
  Gomory: 42
  Cover: 153
  Implied bound: 1183
  Clique: 44
  MIR: 449
  StrongCG: 1
  Flow cover: 197
  Zero half: 7
  RLT: 52
  Relax-and-lift: 146
  BQP: 7

Explored 1741 nodes (3845793 simplex iterations) in 564.75 seconds (1372.31 work units)
Thread count was 32 (of 128 available processors)

Solution count 10: 3.61852 3.84186 3.86478 ... 4.80466

Optimal solution found (tolerance 5.00e-03)
Best objective 3.618518125001e+00, best bound 3.618518125001e+00, gap 0.0000%


*********************************************
*********************************************


Set parameter LogFile to value "/work/07346/ashukla/ls6/Norta_Results/norta_sm_16_13/60M"
Gurobi Optimizer version 10.0.2 build v10.0.2rc0 (linux64)

CPU model: AMD EPYC 7763 64-Core Processor, instruction set [SSE2|AVX|AVX2]
Thread count: 128 physical cores, 128 logical processors, using up to 32 threads

Optimize a model with 211691 rows, 77908 columns and 589784 nonzeros
Model fingerprint: 0x6b8181ac
Variable types: 55968 continuous, 21940 integer (21578 binary)
Coefficient statistics:
  Matrix range     [1e-03, 1e+05]
  Objective range  [6e-02, 6e-02]
  Bounds range     [1e+00, 3e+00]
  RHS range        [1e-02, 6e+07]

MIP start from previous solve produced solution with objective 3.61852 (0.72s)
MIP start from previous solve produced solution with objective 3.61852 (0.73s)
Loaded MIP start from previous solve with objective 3.61852

Presolve removed 176191 rows and 50620 columns
Presolve time: 1.82s
Presolved: 35500 rows, 27288 columns, 128264 nonzeros
Variable types: 23646 continuous, 3642 integer (3579 binary)
Root barrier log...

Ordering time: 0.31s

Barrier statistics:
 Dense cols : 58
 AA' NZ     : 3.995e+05
 Factor NZ  : 3.324e+06 (roughly 50 MB of memory)
 Factor Ops : 1.612e+09 (less than 1 second per iteration)
 Threads    : 32

                  Objective                Residual
Iter       Primal          Dual         Primal    Dual     Compl     Time
   0  -1.09784594e+06 -2.89071783e+05  5.59e+04 1.68e-01  1.15e+03     3s
   1  -6.92208305e+05 -3.14057880e+05  3.45e+04 4.93e-01  7.23e+02     3s
   2  -2.94390192e+05 -4.24939553e+05  1.23e+04 1.50e-13  3.30e+02     3s
   3  -2.33694307e+04 -3.54564620e+05  1.22e+02 2.17e-13  3.05e+01     3s
   4  -5.39208648e+03 -2.08170095e+05  2.92e+01 4.21e-14  8.44e+00     3s
   5  -1.91867935e+03 -1.69870333e+05  1.11e+01 3.70e-14  4.47e+00     3s
   6  -1.92502108e+02 -7.89922489e+04  2.10e+00 1.34e-14  1.47e+00     3s
   7   1.34582512e+02 -1.35799116e+04  2.70e-01 6.80e-15  2.26e-01     3s
   8   1.33341238e+02 -1.50457879e+03  1.57e-02 7.33e-15  2.56e-02     3s
   9   4.91417652e+01 -1.78206421e+02  3.98e-04 2.00e-15  3.52e-03     3s
  10   1.28439463e+01 -7.74143376e+01  2.35e-05 8.88e-16  1.40e-03     3s
  11   3.85215102e+00 -2.36617181e+01  4.89e-06 4.44e-16  4.25e-04     3s
  12   2.56883580e+00 -7.25733166e+00  2.94e-06 4.44e-16  1.52e-04     3s
  13   2.36186965e+00 -5.58898354e+00  2.66e-06 4.44e-16  1.23e-04     3s
  14   1.65796784e+00 -2.08257475e+00  1.76e-06 4.44e-16  5.78e-05     3s
  15   1.25676099e+00 -9.08399404e-01  1.28e-06 4.44e-16  3.35e-05     3s
  16   8.22442583e-01 -3.14133071e-01  7.82e-07 4.44e-16  1.76e-05     3s
  17   4.05960098e-01 -1.57332158e-02  3.02e-07 4.44e-16  6.52e-06     3s
  18   2.64996849e-01  7.63932291e-02  1.45e-07 4.44e-16  2.92e-06     4s
  19   2.24568285e-01  9.92748274e-02  9.94e-08 4.44e-16  1.94e-06     4s
  20   2.05645296e-01  1.04082949e-01  7.86e-08 4.44e-16  1.57e-06     4s
  21   1.88154846e-01  1.12909782e-01  5.90e-08 4.44e-16  1.16e-06     4s
  22   1.67380475e-01  1.20818548e-01  3.63e-08 4.44e-16  7.20e-07     4s
  23   1.51580043e-01  1.25281371e-01  2.00e-08 4.44e-16  4.07e-07     4s
  24   1.48878266e-01  1.28541287e-01  1.69e-08 4.44e-16  3.14e-07     4s
  25   1.46206058e-01  1.29850467e-01  1.36e-08 4.44e-16  2.53e-07     4s
  26   1.42213994e-01  1.31765305e-01  8.58e-09 4.44e-16  1.62e-07     4s
  27   1.41264172e-01  1.32803798e-01  7.43e-09 4.44e-16  1.31e-07     4s
  28   1.38584596e-01  1.34300815e-01  4.03e-09 4.44e-16  6.62e-08     4s
  29   1.37579106e-01  1.34860902e-01  2.79e-09 2.22e-16  4.20e-08     4s
  30   1.37244789e-01  1.34900754e-01  2.37e-09 4.44e-16  3.63e-08     4s
  31   1.36567404e-01  1.35014545e-01  1.53e-09 2.22e-16  2.40e-08     4s
  32   1.36011452e-01  1.35182247e-01  8.53e-10 4.44e-16  1.28e-08     4s
  33   1.35684075e-01  1.35258753e-01  4.90e-10 5.96e-14  6.58e-09     4s
  34   1.35681091e-01  1.35272350e-01  4.86e-10 4.41e-14  6.32e-09     4s
  35   1.35547178e-01  1.35285752e-01  3.00e-10 3.89e-14  4.04e-09     4s
  36   1.35327678e-01  1.35306400e-01  2.48e-10 2.97e-14  3.29e-10     4s
  37   1.35310232e-01  1.35308691e-01  2.34e-09 4.22e-13  2.38e-11     4s
  38   1.35309469e-01  1.35309075e-01  3.90e-08 1.20e-13  6.11e-12     4s

Barrier solved model in 38 iterations and 4.00 seconds (3.80 work units)
Optimal objective 1.35309469e-01


Restart crossover...


Root simplex log...

Iteration    Objective       Primal Inf.    Dual Inf.      Time
    4259    1.3530920e-01   0.000000e+00   7.880393e-05      5s
    4262    1.3530920e-01   0.000000e+00   0.000000e+00      5s
Extra simplex iterations after uncrush: 3

Root relaxation: objective 1.353092e-01, 4262 iterations, 2.47 seconds (2.41 work units)
Total elapsed time = 11.98s

    Nodes    |    Current Node    |     Objective Bounds      |     Work
 Expl Unexpl |  Obj  Depth IntInf | Incumbent    BestBd   Gap | It/Node Time

     0     0    0.13531    0  104    3.61852    0.13531  96.3%     -   12s
H    0     0                       2.2493635    0.13531  94.0%     -   14s
     0     0    0.15623    0  147    2.24936    0.15623  93.1%     -   19s
H    0     0                       2.2046513    0.15623  92.9%     -   21s
H    0     0                       2.1246911    0.15646  92.6%     -   23s
     0     0    0.15646    0  148    2.12469    0.15646  92.6%     -   23s
H    0     0                       1.3876443    0.16778  87.9%     -   27s
     0     0    0.16778    0  179    1.38764    0.16778  87.9%     -   27s
H    0     0                       1.3728648    0.16778  87.8%     -   29s
     0     0    0.16783    0  175    1.37286    0.16783  87.8%     -   30s
H    0     0                       0.9892636    0.17093  82.7%     -   37s
     0     0    0.17093    0  195    0.98926    0.17093  82.7%     -   37s
     0     0    0.17360    0  189    0.98926    0.17360  82.5%     -   45s
     0     0    0.17497    0  176    0.98926    0.17497  82.3%     -   49s
     0     0    0.17509    0  201    0.98926    0.17509  82.3%     -   52s
     0     0    0.17517    0  210    0.98926    0.17517  82.3%     -   52s
     0     0    0.17517    0  209    0.98926    0.17517  82.3%     -   55s
     0     0    0.17518    0  209    0.98926    0.17518  82.3%     -   56s
H    0     0                       0.9892636    0.17518  82.3%     -   56s
H    0     0                       0.5220626    0.17558  66.4%     -   58s
     0     0    0.17596    0  215    0.52206    0.17596  66.3%     -   58s
     0     0    0.17599    0  214    0.52206    0.17599  66.3%     -   58s
     0     0    0.17608    0  221    0.52206    0.17608  66.3%     -   59s
     0     0    0.17638    0  185    0.52206    0.17638  66.2%     -   60s
     0     0    0.17638    0  186    0.52206    0.17638  66.2%     -   65s
     0     0    0.17639    0  203    0.52206    0.17639  66.2%     -   65s
     0     0    0.17641    0  200    0.52206    0.17641  66.2%     -   67s
     0     0    0.17659    0  201    0.52206    0.17659  66.2%     -   68s
     0     0    0.17670    0  208    0.52206    0.17670  66.2%     -   68s
     0     0    0.17679    0  204    0.52206    0.17679  66.1%     -   69s
     0     0    0.17682    0  212    0.52206    0.17682  66.1%     -   71s
     0     0    0.17684    0  212    0.52206    0.17684  66.1%     -   71s
     0     0    0.17684    0  212    0.52206    0.17684  66.1%     -   72s
     0     0    0.17684    0  212    0.52206    0.17684  66.1%     -   72s
     0     0    0.17684    0  212    0.52206    0.17684  66.1%     -   72s
     0     0    0.17697    0  216    0.52206    0.17697  66.1%     -   73s
     0     0    0.17697    0  215    0.52206    0.17697  66.1%     -   73s
     0     0    0.17698    0  215    0.52206    0.17698  66.1%     -   73s
     0     0    0.17698    0  215    0.52206    0.17698  66.1%     -   74s
     0     0    0.17698    0  216    0.52206    0.17698  66.1%     -   74s
     0     0    0.17698    0  216    0.52206    0.17698  66.1%     -   74s
     0     0    0.17698    0  161    0.52206    0.17698  66.1%     -   79s
     0     2    0.17698    0  160    0.52206    0.17698  66.1%     -   82s
     1     4    0.18278    1  188    0.52206    0.17698  66.1%  2303   85s
     3     7    0.44217    2  132    0.52206    0.17712  66.1%  1777   92s
     7    11    0.44225    3  157    0.52206    0.17723  66.1%  2027   99s
    14    20    0.44586    4  143    0.52206    0.17733  66.0%  2228  106s
    25    33     cutoff    5         0.52206    0.17773  66.0%  2649  111s
    45    57    0.17784    6  121    0.52206    0.17783  65.9%  2435  126s
H   50    57                       0.5220626    0.17784  65.9%  2433  126s
H   59    57                       0.5219754    0.17784  65.9%  2615  126s
    77    83    0.17975    7  128    0.52198    0.17815  65.9%  2727  135s
   109   104    0.19228    8  279    0.52198    0.17975  65.6%  2845  145s
   141   127    0.19826    9  262    0.52198    0.17975  65.6%  2757  159s
H  173   149                       0.5219754    0.17975  65.6%  2707  172s
H  175   149                       0.5219754    0.17975  65.6%  2701  172s
H  176   149                       0.5169884    0.17975  65.2%  2688  172s
   206   174    0.22372   11  233    0.51699    0.17975  65.2%  2577  180s
H  247   199                       0.2754469    0.17975  34.7%  2512  261s
H  248   199                       0.2599950    0.17975  30.9%  2519  261s
H  250   199                       0.2539219    0.17975  29.2%  2524  261s
H  251   199                       0.2498119    0.17975  28.0%  2521  261s
   281   142    0.24577   13  235    0.24981    0.17975  28.0%  2459  268s
   344    70     cutoff   12         0.24981    0.19228  23.0%  2023  278s
   419    18     cutoff    9         0.24981    0.20813  16.7%  1871  284s
   479    13    0.22809   10   90    0.24981    0.20813  16.7%  1667  290s
   508    13    0.23090    9   34    0.24981    0.20813  16.7%  1618  295s
   545     8     cutoff    8         0.24981    0.22640  9.37%  1572  301s
   598     1    0.24756   16   12    0.24981    0.24326  2.62%  1471  305s

Cutting planes:
  Learned: 1
  Gomory: 12
  Cover: 51
  Implied bound: 510
  Clique: 18
  MIR: 219
  StrongCG: 2
  Flow cover: 91
  Zero half: 3
  RLT: 21
  Relax-and-lift: 80
  BQP: 4

Explored 610 nodes (924841 simplex iterations) in 305.43 seconds (638.99 work units)
Thread count was 32 (of 128 available processors)

Solution count 10: 0.249812 0.253922 0.259995 ... 0.522063

Optimal solution found (tolerance 5.00e-03)
Best objective 2.498118750005e-01, best bound 2.492813602952e-01, gap 0.2124%


*********************************************
*********************************************


Set parameter LogFile to value "/work/07346/ashukla/ls6/Norta_Results/norta_sm_16_13/80M"
Gurobi Optimizer version 10.0.2 build v10.0.2rc0 (linux64)

CPU model: AMD EPYC 7763 64-Core Processor, instruction set [SSE2|AVX|AVX2]
Thread count: 128 physical cores, 128 logical processors, using up to 32 threads

Optimize a model with 211691 rows, 77908 columns and 589784 nonzeros
Model fingerprint: 0xe2dcd519
Variable types: 55968 continuous, 21940 integer (21578 binary)
Coefficient statistics:
  Matrix range     [1e-03, 1e+05]
  Objective range  [6e-02, 6e-02]
  Bounds range     [1e+00, 3e+00]
  RHS range        [1e-02, 8e+07]

MIP start from previous solve produced solution with objective 0.249812 (0.79s)
Loaded MIP start from previous solve with objective 0.249812

Presolve removed 184700 rows and 51995 columns
Presolve time: 2.06s
Presolved: 26991 rows, 25913 columns, 104116 nonzeros
Variable types: 22519 continuous, 3394 integer (3350 binary)
Root barrier log...

Ordering time: 0.21s

Barrier statistics:
 Dense cols : 30
 AA' NZ     : 2.210e+05
 Factor NZ  : 1.570e+06 (roughly 30 MB of memory)
 Factor Ops : 3.863e+08 (less than 1 second per iteration)
 Threads    : 32

                  Objective                Residual
Iter       Primal          Dual         Primal    Dual     Compl     Time
   0  -6.92456530e+04 -2.18857767e+05  3.41e+02 1.68e-01  7.31e+01     3s
   1  -2.48754032e+04 -1.81873432e+05  1.23e+02 3.17e-01  2.70e+01     3s
   2  -4.54104497e+02 -9.74669198e+04  3.27e+00 7.47e-14  2.39e+00     3s
   3  -8.64450531e+01 -5.43803651e+04  1.40e+00 3.73e-14  1.20e+00     3s
   4   1.46315225e+02 -2.23494136e+04  1.55e-01 1.25e-14  4.40e-01     3s
   5   1.42070989e+02 -5.75496135e+03  1.65e-02 3.55e-15  1.13e-01     3s
   6   9.55741853e+01 -2.18038870e+03  2.25e-03 1.33e-15  4.34e-02     3s
   7   5.20667366e+01 -7.21970088e+02  8.22e-04 4.44e-16  1.47e-02     3s
   8   1.69061913e+01 -1.76375303e+02  1.99e-04 4.44e-16  3.68e-03     3s
   9   7.15194414e+00 -6.86315614e+01  6.70e-05 6.66e-16  1.44e-03     3s
  10   1.50305368e+00 -1.48406020e+01  5.56e-06 4.44e-16  3.11e-04     3s
  11   2.04764677e-01 -2.13194806e+00  2.26e-07 4.44e-16  4.45e-05     3s
  12   2.98958085e-02 -1.53540195e-01  2.13e-08 4.44e-16  3.49e-06     3s
  13   5.86552655e-03 -2.55793634e-02  4.10e-09 4.44e-16  5.99e-07     3s
  14   4.60941472e-04 -1.63625316e-03  3.15e-10 4.44e-16  3.99e-08     3s
  15   6.84348083e-06 -1.45559245e-05  1.63e-11 4.44e-16  4.08e-10     3s
  16   4.71800377e-11 -1.37617917e-10  4.76e-12 4.79e-16  3.36e-15     3s

Barrier solved model in 16 iterations and 3.48 seconds (3.05 work units)
Optimal objective 4.71800377e-11


Root relaxation: objective 1.023182e-12, 2287 iterations, 1.04 seconds (0.84 work units)
Total elapsed time = 7.75s

    Nodes    |    Current Node    |     Objective Bounds      |     Work
 Expl Unexpl |  Obj  Depth IntInf | Incumbent    BestBd   Gap | It/Node Time

     0     0    0.00000    0   12    0.24981    0.00000   100%     -    9s
     0     0    0.00000    0   51    0.24981    0.00000   100%     -   11s
     0     0    0.00000    0   48    0.24981    0.00000   100%     -   13s
H    0     0                       0.1030856    0.00000   100%     -   15s
     0     0    0.00000    0   11    0.10309    0.00000   100%     -   16s
     0     0    0.00000    0    9    0.10309    0.00000   100%     -   17s
     0     0    0.00000    0    9    0.10309    0.00000   100%     -   17s
     0     0    0.00000    0    9    0.10309    0.00000   100%     -   18s
     0     0    0.00000    0    9    0.10309    0.00000   100%     -   18s
     0     0    0.00000    0    9    0.10309    0.00000   100%     -   19s
     0     0    0.00000    0    9    0.10309    0.00000   100%     -   19s
     0     2    0.00000    0    9    0.10309    0.00000   100%     -   21s
     1     4    0.00098    1   55    0.10309    0.00000   100%  7084   27s
     3     6 infeasible    2         0.10309    0.00000   100%  2487   39s
     7    10    0.00000    3    6    0.10309    0.00000   100%  3534   47s
    13    15    0.00003    4   65    0.10309    0.00000   100%  3284   56s
*   16    15               4       0.0000000    0.00000  0.00%  3084   56s

Cutting planes:
  Learned: 3
  Cover: 20
  Implied bound: 265
  Clique: 2
  MIR: 116
  Flow cover: 2
  RLT: 4
  Relax-and-lift: 5

Explored 23 nodes (91592 simplex iterations) in 56.85 seconds (100.82 work units)
Thread count was 32 (of 128 available processors)

Solution count 3: 5.68434e-13 0.103086 0.249812 

Optimal solution found (tolerance 5.00e-03)
Best objective 5.684341886081e-13, best bound 5.684341886081e-13, gap 0.0000%


*********************************************
*********************************************


