Set parameter TokenServer to value "license02.tacc.utexas.edu"
Set parameter LogFile to value "/work/07346/ashukla/ls6/Norta_Results/norta_sm_16_22/0M"
Set parameter MIPGap to value 0.005
Set parameter TimeLimit to value 32400
Set parameter Method to value 2
Gurobi Optimizer version 10.0.2 build v10.0.2rc0 (linux64)

CPU model: AMD EPYC 7763 64-Core Processor, instruction set [SSE2|AVX|AVX2]
Thread count: 128 physical cores, 128 logical processors, using up to 32 threads

Optimize a model with 211739 rows, 77908 columns and 589928 nonzeros
Model fingerprint: 0x6f79bead
Variable types: 55968 continuous, 21940 integer (21578 binary)
Coefficient statistics:
  Matrix range     [1e-03, 1e+05]
  Objective range  [6e-02, 6e-02]
  Bounds range     [1e+00, 3e+00]
  RHS range        [1e-02, 2e+04]
Presolve removed 210874 rows and 76737 columns
Presolve time: 1.55s
Presolved: 865 rows, 1171 columns, 3968 nonzeros
Variable types: 1021 continuous, 150 integer (150 binary)
Found heuristic solution: objective 67.5423568
Root barrier log...

Ordering time: 0.00s

Barrier statistics:
 AA' NZ     : 4.649e+03
 Factor NZ  : 2.038e+04 (roughly 1 MB of memory)
 Factor Ops : 9.410e+05 (less than 1 second per iteration)
 Threads    : 1

                  Objective                Residual
Iter       Primal          Dual         Primal    Dual     Compl     Time
   0  -1.29202526e+03 -7.20038847e+03  1.16e+02 1.68e-01  2.67e+01     2s
   1   3.17417851e+00 -3.41674300e+03  4.67e+00 5.68e-02  2.55e+00     2s
   2   5.32173437e+01 -3.65571471e+02  3.10e-01 1.03e-03  2.37e-01     2s
   3   5.32469072e+01 -1.73758956e+00  2.13e-02 4.04e-05  2.86e-02     2s
   4   4.81255098e+01  3.86451388e+01  2.03e-04 4.44e-16  4.82e-03     2s
   5   4.65824556e+01  4.37052047e+01  6.34e-05 2.22e-16  1.46e-03     2s
   6   4.61530854e+01  4.46789958e+01  3.13e-05 2.22e-16  7.50e-04     2s
   7   4.58441678e+01  4.51865930e+01  8.55e-06 2.22e-16  3.34e-04     2s
   8   4.58002723e+01  4.55877099e+01  5.92e-06 2.22e-16  1.08e-04     2s
   9   4.57527923e+01  4.56621889e+01  2.86e-06 2.22e-16  4.61e-05     2s
  10   4.57305012e+01  4.56823895e+01  1.11e-06 2.22e-16  2.45e-05     2s
  11   4.57138381e+01  4.57006792e+01  4.41e-08 2.22e-16  6.69e-06     2s
  12   4.57117170e+01  4.57093917e+01  5.62e-10 1.11e-16  1.18e-06     2s
  13   4.57112738e+01  4.57110610e+01  6.50e-11 4.44e-16  1.08e-07     2s
  14   4.57112633e+01  4.57112580e+01  6.22e-11 2.22e-16  2.73e-09     2s
  15   4.57112618e+01  4.57112618e+01  1.08e-11 2.22e-16  2.74e-12     2s

Barrier solved model in 15 iterations and 1.66 seconds (1.74 work units)
Optimal objective 4.57112618e+01


Root relaxation: objective 4.571126e+01, 6 iterations, 0.02 seconds (0.02 work units)

    Nodes    |    Current Node    |     Objective Bounds      |     Work
 Expl Unexpl |  Obj  Depth IntInf | Incumbent    BestBd   Gap | It/Node Time

     0     0   45.71126    0    4   67.54236   45.71126  32.3%     -    1s
H    0     0                      45.8550003   45.71126  0.31%     -    1s

Explored 1 nodes (6 simplex iterations) in 1.68 seconds (1.75 work units)
Thread count was 32 (of 128 available processors)

Solution count 2: 45.855 67.5424 

Optimal solution found (tolerance 5.00e-03)
Best objective 4.585500032434e+01, best bound 4.571126180229e+01, gap 0.3135%


*********************************************
*********************************************


Set parameter LogFile to value "/work/07346/ashukla/ls6/Norta_Results/norta_sm_16_22/20M"
Gurobi Optimizer version 10.0.2 build v10.0.2rc0 (linux64)

CPU model: AMD EPYC 7763 64-Core Processor, instruction set [SSE2|AVX|AVX2]
Thread count: 128 physical cores, 128 logical processors, using up to 32 threads

Optimize a model with 211739 rows, 77908 columns and 589928 nonzeros
Model fingerprint: 0x9472c876
Variable types: 55968 continuous, 21940 integer (21578 binary)
Coefficient statistics:
  Matrix range     [1e-03, 1e+05]
  Objective range  [6e-02, 6e-02]
  Bounds range     [1e+00, 3e+00]
  RHS range        [1e-02, 2e+07]

MIP start from previous solve produced solution with objective 45.855 (0.61s)
MIP start from previous solve produced solution with objective 45.855 (0.62s)
Loaded MIP start from previous solve with objective 45.855

Presolve removed 176361 rows and 50690 columns
Presolve time: 1.77s
Presolved: 35378 rows, 27218 columns, 128109 nonzeros
Variable types: 23555 continuous, 3663 integer (3600 binary)
Root barrier log...

Ordering time: 0.32s

Barrier statistics:
 Dense cols : 62
 AA' NZ     : 4.025e+05
 Factor NZ  : 3.330e+06 (roughly 50 MB of memory)
 Factor Ops : 1.542e+09 (less than 1 second per iteration)
 Threads    : 32

                  Objective                Residual
Iter       Primal          Dual         Primal    Dual     Compl     Time
   0  -9.92224310e+05 -2.87209774e+05  5.24e+04 1.68e-01  1.04e+03     3s
   1  -6.14737990e+05 -3.21828659e+05  3.21e+04 2.87e-01  6.37e+02     3s
   2  -1.75892151e+05 -3.84407540e+05  8.35e+03 6.30e-14  1.96e+02     3s
   3  -1.96295904e+04 -2.89809783e+05  9.80e+02 1.13e-13  2.47e+01     3s
   4  -6.17520025e+03 -1.66333806e+05  3.21e+02 4.32e-14  8.27e+00     3s
   5  -1.97677318e+03 -8.59354562e+04  1.05e+02 6.31e-15  2.90e+00     3s
   6  -1.21292469e+03 -5.57364787e+04  6.86e+01 5.08e-15  1.70e+00     3s
   7  -5.34607925e+02 -3.16995369e+04  3.46e+01 2.38e-15  8.27e-01     3s
   8  -1.53349292e+01 -6.46593743e+03  8.18e+00 3.99e-15  1.49e-01     3s
   9   1.12533476e+02 -1.21645363e+03  5.72e-02 3.61e-15  2.20e-02     3s
  10   6.49211171e+01 -2.40997536e+02  9.34e-03 1.29e-14  4.84e-03     3s
  11   4.27611363e+01 -9.66913833e+01  4.30e-03 5.77e-15  2.19e-03     3s
  12   3.19432086e+01 -5.39259612e+01  2.56e-03 4.44e-15  1.35e-03     3s
  13   2.49923913e+01 -2.88996228e+01  1.60e-03 3.33e-15  8.46e-04     3s
  14   2.01644066e+01 -2.01164869e+01  1.05e-03 2.66e-15  6.31e-04     3s
  15   1.81038838e+01 -1.02919986e+01  8.08e-04 1.78e-15  4.45e-04     3s
  16   1.63193900e+01 -4.56738393e+00  6.00e-04 1.11e-15  3.27e-04     3s
  17   1.43394137e+01  3.07283622e+00  3.77e-04 6.66e-16  1.77e-04     3s
  18   1.29159079e+01  5.50487836e+00  2.35e-04 6.66e-16  1.16e-04     3s
  19   1.24701827e+01  7.29621791e+00  1.93e-04 4.44e-16  8.13e-05     3s
  20   1.19716274e+01  8.08135394e+00  1.48e-04 4.44e-16  6.12e-05     3s
  21   1.15464265e+01  8.86541359e+00  1.06e-04 4.44e-16  4.22e-05     3s
  22   1.11120745e+01  9.52295239e+00  6.88e-05 6.66e-16  2.50e-05     3s
  23   1.08530762e+01  9.96374237e+00  4.33e-05 4.44e-16  1.40e-05     3s
  24   1.06423571e+01  1.00614812e+01  2.33e-05 4.44e-16  9.14e-06     3s
  25   1.05270655e+01  1.02002773e+01  1.24e-05 4.44e-16  5.14e-06     4s
  26   1.04705361e+01  1.02542878e+01  7.19e-06 4.44e-16  3.39e-06     4s
  27   1.04483786e+01  1.02923733e+01  5.14e-06 4.44e-16  2.45e-06     4s
  28   1.04311849e+01  1.03167695e+01  3.56e-06 4.44e-16  1.79e-06     4s
  29   1.04172259e+01  1.03501143e+01  2.29e-06 4.23e-16  1.05e-06     4s
  30   1.04079901e+01  1.03737005e+01  1.45e-06 2.22e-16  5.40e-07     4s
  31   1.03999335e+01  1.03815307e+01  7.39e-07 4.44e-16  2.90e-07     4s
  32   1.03969556e+01  1.03849605e+01  4.81e-07 4.44e-16  1.89e-07     4s
  33   1.03945896e+01  1.03875229e+01  2.78e-07 4.44e-16  1.11e-07     4s
  34   1.03936448e+01  1.03892963e+01  1.99e-07 4.44e-16  6.86e-08     4s
  35   1.03922104e+01  1.03904576e+01  7.67e-08 1.29e-15  2.76e-08     4s
  36   1.03914870e+01  1.03909167e+01  1.75e-08 6.22e-16  8.94e-09     4s
  37   1.03912844e+01  1.03910903e+01  2.54e-09 1.05e-15  3.02e-09     4s
  38   1.03912457e+01  1.03912349e+01  2.83e-09 8.05e-15  1.67e-10     4s
  39   1.03912443e+01  1.03912409e+01  1.39e-08 1.19e-13  5.31e-11     4s

Barrier solved model in 39 iterations and 3.85 seconds (3.65 work units)
Optimal objective 1.03912443e+01


Root crossover log...

       0 PPushes remaining with PInf 0.0000000e+00                 5s

  Push phase complete: Pinf 0.0000000e+00, Dinf 1.0377384e-02      5s


Root simplex log...

Iteration    Objective       Primal Inf.    Dual Inf.      Time
    7448    1.0391243e+01   0.000000e+00   1.037738e-02      5s
    7639    1.0391243e+01   0.000000e+00   0.000000e+00      5s
    7639    1.0391243e+01   0.000000e+00   0.000000e+00      5s

Root relaxation: objective 1.039124e+01, 7639 iterations, 2.99 seconds (4.20 work units)

    Nodes    |    Current Node    |     Objective Bounds      |     Work
 Expl Unexpl |  Obj  Depth IntInf | Incumbent    BestBd   Gap | It/Node Time

     0     0   10.39124    0  616   45.85500   10.39124  77.3%     -    8s
H    0     0                      21.8106408   10.39124  52.4%     -   10s
H    0     0                      20.3300901   11.42632  43.8%     -   19s
     0     0   11.42632    0  458   20.33009   11.42632  43.8%     -   19s
H    0     0                      17.5267007   11.42632  34.8%     -   21s
H    0     0                      17.4229882   11.59841  33.4%     -   27s
     0     0   11.59841    0  550   17.42299   11.59841  33.4%     -   27s
     0     0   11.60224    0  562   17.42299   11.60224  33.4%     -   27s
     0     0   11.60297    0  558   17.42299   11.60297  33.4%     -   28s
     0     0   11.72952    0  556   17.42299   11.72952  32.7%     -   32s
     0     0   11.75457    0  549   17.42299   11.75457  32.5%     -   37s
     0     0   11.76314    0  549   17.42299   11.76314  32.5%     -   38s
     0     0   11.76354    0  549   17.42299   11.76354  32.5%     -   38s
     0     0   11.76356    0  549   17.42299   11.76356  32.5%     -   38s
     0     0   11.82366    0  680   17.42299   11.82366  32.1%     -   43s
     0     0   11.84880    0  681   17.42299   11.84880  32.0%     -   48s
     0     0   11.85778    0  675   17.42299   11.85778  31.9%     -   50s
     0     0   11.85883    0  668   17.42299   11.85883  31.9%     -   51s
     0     0   11.85895    0  667   17.42299   11.85895  31.9%     -   52s
     0     0   11.87810    0  728   17.42299   11.87810  31.8%     -   56s
     0     0   11.88535    0  731   17.42299   11.88535  31.8%     -   61s
     0     0   11.89173    0  712   17.42299   11.89173  31.7%     -   61s
     0     0   11.89177    0  715   17.42299   11.89177  31.7%     -   61s
     0     0   11.89451    0  723   17.42299   11.89451  31.7%     -   62s
     0     0   11.89559    0  727   17.42299   11.89559  31.7%     -   63s
     0     0   11.89570    0  726   17.42299   11.89570  31.7%     -   63s
     0     0   11.90339    0  728   17.42299   11.90339  31.7%     -   64s
H    0     0                      17.4229881   11.90339  31.7%     -   64s
     0     0   11.90361    0  728   17.42299   11.90361  31.7%     -   65s
     0     0   11.90708    0  724   17.42299   11.90708  31.7%     -   66s
H    0     0                      15.6381861   11.90711  23.9%     -   68s
     0     0   11.90711    0  710   15.63819   11.90711  23.9%     -   68s
     0     0   11.90835    0  633   15.63819   11.90835  23.9%     -   69s
     0     0   11.90850    0  662   15.63819   11.90850  23.8%     -   73s
     0     0   11.90850    0  662   15.63819   11.90850  23.8%     -   73s
     0     0   11.90850    0  662   15.63819   11.90850  23.8%     -   73s
     0     0   11.90850    0  660   15.63819   11.90850  23.8%     -   74s
     0     0   11.90850    0  569   15.63819   11.90850  23.8%     -   77s
     0     2   11.90850    0  562   15.63819   11.90850  23.8%     -   82s
     1     4   12.50749    1  699   15.63819   11.90850  23.8%  7968   92s
     3     8   12.80773    2  626   15.63819   11.99832  23.3%  3875  100s
     7    16   12.83910    3  740   15.63819   12.00205  23.3%  3321  107s
    15    32   13.78893    4  645   15.63819   12.02547  23.1%  3397  114s
    31    64   13.80747    5  663   15.63819   12.03801  23.0%  3311  130s
    63    96   13.82742    6  471   15.63819   12.05743  22.9%  3417  155s
    95   128   13.85427    7  577   15.63819   12.05743  22.9%  2826  166s
H  103   128                      15.6063357   12.05743  22.7%  2865  166s
   127   160   13.86816    8  586   15.60634   12.05743  22.7%  2633  174s
H  159   192                      15.0706390   12.05743  20.0%  2359  215s
H  185   192                      14.9385038   12.05743  19.3%  2194  215s
   251   305   13.95356   12  437   14.93850   12.05743  19.3%  1843  226s
   306   353   13.95586   13  424   14.93850   12.05743  19.3%  1666  230s
H  329   353                      14.9240049   12.05743  19.2%  1606  230s
   354   411   13.95844   14  387   14.92400   12.05743  19.2%  1522  237s
   412   462   13.96497   16  374   14.92400   12.05743  19.2%  1424  243s
H  468   492                      14.3097893   12.05743  15.7%  1391  395s
H  469   492                      13.9001558   12.05743  13.3%  1390  395s
H  483   492                      13.7768248   12.05743  12.5%  1380  395s
   500   500     cutoff   18        13.77682   12.05743  12.5%  1371  404s
   586   563   12.82361   17  429   13.77682   12.05743  12.5%  1323  410s
   652   630   12.85330   18  421   13.77682   12.05743  12.5%  1340  415s
   727   693   12.85404   19  313   13.77682   12.05743  12.5%  1336  422s
   805   767   13.09093   21  405   13.77682   12.05743  12.5%  1343  432s
   893   852   12.96892   20  386   13.77682   12.05743  12.5%  1334  438s
   994   934   13.15374   19  297   13.77682   12.05743  12.5%  1310  445s
  1088  1005   13.02346   23  464   13.77682   12.05743  12.5%  1308  452s
  1178  1067   13.11432   23  435   13.77682   12.05743  12.5%  1314  465s
  1280  1109   13.32309   27  364   13.77682   12.05743  12.5%  1331  474s
  1358  1191   13.43943   27  382   13.77682   12.05743  12.5%  1365  482s
  1463  1264   13.49680   27  380   13.77682   12.05743  12.5%  1361  491s
H 1584  1283                      13.7757716   12.05743  12.5%  1355  545s
H 1586  1283                      13.7757481   12.05743  12.5%  1354  545s
H 1588  1283                      13.7757479   12.05743  12.5%  1354  545s
H 1589  1283                      13.7757475   12.05743  12.5%  1355  545s
H 1594  1283                      13.7757474   12.05743  12.5%  1353  545s
H 1601  1283                      13.7757472   12.05743  12.5%  1355  545s
  1624  1381   13.43031   36  253   13.77575   12.05743  12.5%  1371  554s
  1750  1454     cutoff   44        13.77575   12.05818  12.5%  1366  563s
  1871  1536   12.84616    7  442   13.77575   12.05818  12.5%  1372  571s
  2018  1642   12.94403    8  322   13.77575   12.05818  12.5%  1365  582s
  2180  1754   13.01719    9  391   13.77575   12.05818  12.5%  1344  590s
  2360  1845   13.10549   10  330   13.77575   12.05818  12.5%  1329  603s
  2516  1837   13.13231   11  215   13.77575   12.05818  12.5%  1334  620s
  2661  1931   13.50606   13  188   13.77575   12.05818  12.5%  1351  635s
  2836  2058   13.26940   15  353   13.77575   12.05818  12.5%  1360  644s
  3036  2059   13.69346   23  569   13.77575   12.05818  12.5%  1346  885s
  3038  2060   13.42184   35  619   13.77575   12.05818  12.5%  1345  895s
  3039  2061   12.40657    8  432   13.77575   12.05818  12.5%  1345  915s
  3040  2062   12.49200   20  579   13.77575   12.05818  12.5%  1344  920s
  3042  2063   13.55878   31  678   13.77575   12.05818  12.5%  1343  926s
  3044  2064   13.27182   34  616   13.77575   12.05818  12.5%  1342  942s
  3047  2066   13.56805   21  631   13.77575   12.05818  12.5%  1341  954s
  3048  2067   13.67971   18  655   13.77575   12.05818  12.5%  1341  956s
  3049  2068   13.68346   42  578   13.77575   12.05818  12.5%  1340  963s
  3050  2068   13.27182   34  587   13.77575   12.05818  12.5%  1340  965s
  3051  2069   13.04974    9  583   13.77575   12.05818  12.5%  1339  975s
  3053  2070   13.04495   23  494   13.77575   12.05818  12.5%  1339  984s
  3054  2071   12.66906   10  499   13.77575   12.05818  12.5%  1338  985s
  3055  2072   12.90819   23  518   13.77575   12.05818  12.5%  1338  994s
  3056  2072   13.24009   32  522   13.77575   12.05818  12.5%  1337  995s
  3057  2073   13.12932   24  523   13.77575   12.05818  12.5%  1337 1000s
  3059  2074   13.19845   30  524   13.77575   12.05818  12.5%  1336 1006s
  3060  2075   12.42478   13  524   13.77575   12.05818  12.5%  1335 1013s
  3061  2076   13.70900   38  524   13.77575   12.05818  12.5%  1335 1017s
  3062  2079   12.41889   14  664   13.77575   12.05818  12.5%  28.5 1036s
  3064  2083   12.45355   15  705   13.77575   12.05818  12.5%  29.4 1049s
  3068  2089   12.55271   16  658   13.77575   12.05818  12.5%  35.3 1065s
  3076  2103   13.70350   17  666   13.77575   12.05818  12.5%  50.9 1076s
  3092  2114     cutoff   18        13.77575   12.08012  12.3%  69.6 1090s
  3124  2132   12.17016   19  503   13.77575   12.13586  11.9%   123 1100s
  3156  2151   12.24881   20  486   13.77575   12.17016  11.7%   150 1108s
  3188  2172   12.27282   21  475   13.77575   12.17016  11.7%   172 1115s
  3220  2194   12.49196   20  350   13.77575   12.24126  11.1%   194 1125s
  3252  2216   12.56931   21  363   13.77575   12.24126  11.1%   212 1130s
  3287  2232   12.32568   22  473   13.77575   12.24126  11.1%   229 1278s
H 3288  2127                      13.7483872   12.24126  11.0%   229 1278s
H 3296  2025                      13.7474645   12.24126  11.0%   232 1278s
H 3300  1930                      13.6792286   12.24126  10.5%   233 1278s
H 3305  1839                      13.6725984   12.24126  10.5%   237 1278s
  3319  1851   12.33710   23  564   13.67260   12.24126  10.5%   243 1288s
  3357  1856   12.36048   24  532   13.67260   12.24126  10.5%   260 1296s
  3401  1858   12.37290   26  526   13.67260   12.24126  10.5%   283 1310s
  3439  1893   12.38714   27  580   13.67260   12.24126  10.5%   311 1316s
H 3504  1806                      13.6725984   12.24126  10.5%   329 1454s
H 3506  1724                      13.6725984   12.24126  10.5%   329 1454s
H 3514  1646                      13.6571955   12.24126  10.4%   333 1454s
  3541  1699   12.49798   31  380   13.65720   12.24126  10.4%   345 1463s
  3623  1725   12.57136   35  314   13.65720   12.24126  10.4%   370 1474s
  3705  1756   12.66160   34  329   13.65720   12.24126  10.4%   397 1491s
  3799  1774   12.66421   37  253   13.65720   12.24126  10.4%   418 1499s
  3881  1803   12.66946   40  325   13.65720   12.24126  10.4%   437 1508s
  3971  1833   12.78309   43  308   13.65720   12.24126  10.4%   454 1527s
  4064  1857     cutoff   42        13.65720   12.24126  10.4%   473 1541s
  4174  1873   12.84505   45  242   13.65720   12.24126  10.4%   494 1556s
  4268  1899   12.85483   46  242   13.65720   12.24126  10.4%   514 1568s
  4377  1917     cutoff   48        13.65720   12.24126  10.4%   532 1578s
  4477  1935     cutoff   47        13.65720   12.24126  10.4%   553 1592s
H 4586  1845                      13.6131893   12.24126  10.1%   580 1725s
  4626  1878   13.22665   47  324   13.61319   12.24126  10.1%   592 1738s
  4738  1898   13.47692   50  278   13.61319   12.24126  10.1%   622 1750s
  4855  1910   13.48460   51  272   13.61319   12.24126  10.1%   644 1763s
  4951  1953     cutoff   52        13.61319   12.24779  10.0%   672 1777s
  5059  1982   12.51982   22  326   13.61319   12.26421  9.91%   697 1791s
  5185  2005   12.30063   22  329   13.61319   12.26421  9.91%   727 1804s
  5317  2040   12.68851   23  324   13.61319   12.26421  9.91%   759 1820s
  5462  2072   13.54175   25  400   13.61319   12.26421  9.91%   788 1834s
  5604  2119     cutoff   26        13.61319   12.26421  9.91%   813 1848s
  5772  2153   13.56013   25  395   13.61319   12.26421  9.91%   838 1863s
  5943  2160   13.43937   25  397   13.61319   12.26421  9.91%   857 1884s
  6125  2194   13.59360   27  485   13.61319   12.26421  9.91%   882 1901s
  6345  2190     cutoff   28        13.61319   12.32568  9.46%   898 1918s
  6548  2168     cutoff   22        13.61319   12.32568  9.46%   918 1940s
  6731  2183     cutoff   24        13.61319   12.44087  8.61%   949 1958s
  6919  2247   12.94435   26  294   13.61319   12.44087  8.61%   974 1977s
  7126  2294   13.16605   30  481   13.61319   12.44087  8.61%   996 1997s
  7380  2370   13.52422   42  221   13.61319   12.47709  8.35%  1016 2026s
  7643  2493   12.76333   25  450   13.61319   12.47709  8.35%  1037 2046s
  7927  2674   12.98593   30  439   13.61319   12.54362  7.86%  1055 2068s
  8268  2807   12.94207   26  243   13.61319   12.54362  7.86%  1071 2090s
  8611  3024   13.24759   30  310   13.61319   12.54362  7.86%  1087 2114s
  9001  3211     cutoff   38        13.61319   12.58922  7.52%  1096 2142s
  9384  3435   12.96008   28  361   13.61319   12.66929  6.93%  1110 2166s
  9828  3598   13.33279   34  251   13.61319   12.66929  6.93%  1125 2198s
 10201  3860   13.50129   48  230   13.61319   12.68553  6.81%  1139 2224s
 10704  4014     cutoff   27        13.61319   12.73806  6.43%  1150 2261s
 11124  4269     cutoff   24        13.61319   12.73827  6.43%  1172 2292s
 11612  4431   13.39793   38  214   13.61319   12.76297  6.25%  1185 2324s
 12125  4537   13.14578   32  323   13.61319   12.76297  6.25%  1193 2351s
 12512  4749   13.44442   44  323   13.61319   12.77682  6.14%  1203 2387s
 12954  4906   13.44962   25  435   13.61319   12.77682  6.14%  1223 2427s
 13387  5105     cutoff   28        13.61319   12.77682  6.14%  1240 2455s
 13897  5384   13.14202   40  232   13.61319   12.80458  5.94%  1250 2486s
 14505  5634   13.44982   30  360   13.61319   12.81959  5.83%  1259 2525s
 15125  5860     cutoff   37        13.61319   12.83099  5.75%  1269 2563s
 15689  6082   13.18091   34  235   13.61319   12.83803  5.69%  1273 2599s
 16307  6357   13.17449   30  235   13.61319   12.83805  5.69%  1285 2653s
 17011  6539   13.28944   32  177   13.61319   12.85305  5.58%  1292 2697s
H17608  6551                      13.6131893   12.85403  5.58%  1306 2831s
H17623  6551                      13.6131893   12.85403  5.58%  1307 2831s
H17659  6551                      13.6131886   12.85403  5.58%  1309 2831s
 17660  6789   13.47831   41  205   13.61319   12.85515  5.57%  1309 2875s
 18298  7073   13.10628   37  294   13.61319   12.87156  5.45%  1322 2916s
 19060  7406     cutoff   32        13.61319   12.88339  5.36%  1328 2965s
 19864  7718     cutoff   39        13.61319   12.88401  5.36%  1336 3010s
 20637  8064   13.56357   33  312   13.61319   12.90268  5.22%  1346 3059s
 21449  8463   13.02031   29  386   13.61319   12.91198  5.15%  1355 3108s
 22304  8818     cutoff   31        13.61319   12.91995  5.09%  1364 3156s
 23179  9197     cutoff   43        13.61319   12.92337  5.07%  1373 3225s
 24077  9609     cutoff   41        13.61319   12.93377  4.99%  1383 3285s
 25151  9794     cutoff   38        13.61319   12.94207  4.93%  1385 3335s
 26050 10143   13.42317   34  400   13.61319   12.95065  4.87%  1396 3391s
 27065 10546   13.28918   34  412   13.61319   12.95581  4.83%  1403 3450s
 28223 10747   13.08490   34  326   13.61319   12.96469  4.76%  1408 3525s
 29206 11117   13.43644   27  209   13.61319   12.96492  4.76%  1425 3606s
H30660 11150                      13.6131855   12.97906  4.66%  1441 3731s
H30686 11150                      13.6130206   12.97906  4.66%  1441 3731s
H30692 11150                      13.6129771   12.97906  4.66%  1442 3731s
H30730 11150                      13.6129540   12.97906  4.66%  1442 3731s
 30897 11598   13.48569   40  230   13.61295   12.98090  4.64%  1445 3818s
 32402 12082     cutoff   41        13.61295   12.99392  4.55%  1454 3899s
 33915 12578   13.52440   49  380   13.61295   13.00289  4.48%  1464 3977s
 35463 12979     cutoff   23        13.61295   13.01396  4.40%  1465 4060s
 36925 13306   13.28502   31  334   13.61295   13.02348  4.33%  1473 4153s
 38338 13790   13.20765   30  303   13.61295   13.03133  4.27%  1482 4233s
 39969 14218   13.22761   35  315   13.61295   13.03912  4.22%  1487 4354s
 41586 14649     cutoff   35        13.61295   13.04996  4.14%  1493 4444s
 43256 14954     cutoff   31        13.61295   13.05840  4.07%  1497 4536s
 44854 15361   13.57139   41  248   13.61295   13.06776  4.00%  1505 4687s
 46576 15724   13.56779   37  123   13.61295   13.07627  3.94%  1509 4821s
 48250 16138   13.40247   26  293   13.61295   13.08603  3.87%  1519 4931s
*48599 16081              58      13.6034188   13.08764  3.79%  1519 4931s
*48603 16081              59      13.6034187   13.08764  3.79%  1519 4931s
 50184 16556   13.36843   36  196   13.60342   13.09205  3.76%  1524 5041s
*51490 16260              80      13.5767211   13.09800  3.53%  1525 5041s
 52276 16707   13.49230   39  193   13.57672   13.10208  3.50%  1525 5149s
 54395 17119   13.49008   38  219   13.57672   13.11240  3.42%  1530 5264s
*55169 14594             107      13.4940014   13.11612  2.80%  1530 5264s
 56552 14620     cutoff   40        13.49400   13.12019  2.77%  1533 5391s
 58565 14788     cutoff   37        13.49400   13.13219  2.68%  1542 6215s
 61161 14922   13.44037   33  173   13.49400   13.14940  2.55%  1556 6358s
 63531 14966     cutoff   30        13.49400   13.16342  2.45%  1568 6512s
 65767 14854   13.44554   36  340   13.49400   13.17355  2.37%  1584 6668s
 68138 14863     cutoff   33        13.49400   13.18955  2.26%  1600 6829s
H69762 13837                      13.4727257   13.19313  2.08%  1608 6829s
*69764 13837              96      13.4727236   13.19313  2.08%  1608 6829s
*70319 11657              64      13.4314451   13.19334  1.77%  1607 6829s
 70932 11101     cutoff   37        13.43145   13.20421  1.69%  1609 6994s
 73367 10650     cutoff   39        13.43145   13.22479  1.54%  1630 7170s
H73679 10648                      13.4314448   13.22493  1.54%  1631 7170s
 75858 10045     cutoff   36        13.43144   13.23994  1.43%  1645 7358s
H76711  9966                      13.4301836   13.24146  1.41%  1649 7358s
*76725  9963              64      13.4301075   13.24146  1.40%  1649 7358s
 78582  9244     cutoff   34        13.43011   13.25950  1.27%  1659 7566s
*78794  8693              72      13.4201093   13.26060  1.19%  1659 7566s
*78797  8691              71      13.4200535   13.26060  1.19%  1659 7566s
*79709  6342              62      13.3814777   13.26190  0.89%  1661 7566s
*79710  6342              62      13.3814765   13.26190  0.89%  1661 7566s
*80031  4984              62      13.3602305   13.26240  0.73%  1661 7566s
 81886  3161     cutoff   45        13.36023   13.28073  0.60%  1669 7766s
H82891  3159                      13.3602304   13.28276  0.58%  1676 7766s
H83809  3159                      13.3602302   13.28388  0.57%  1682 7766s

Cutting planes:
  Learned: 3
  Gomory: 37
  Cover: 210
  Implied bound: 1001
  Projected implied bound: 75
  Clique: 50
  MIR: 1522
  StrongCG: 13
  Flow cover: 2862
  Inf proof: 4
  Zero half: 13
  RLT: 69
  Relax-and-lift: 188
  BQP: 17
  PSD: 3

Explored 84357 nodes (146308716 simplex iterations) in 7769.43 seconds (19642.50 work units)
Thread count was 32 (of 128 available processors)

Solution count 10: 13.3602 13.3602 13.3602 ... 13.4302

Optimal solution found (tolerance 5.00e-03)
Best objective 1.336023015725e+01, best bound 1.331023364844e+01, gap 0.3742%


*********************************************
*********************************************


Set parameter LogFile to value "/work/07346/ashukla/ls6/Norta_Results/norta_sm_16_22/40M"
Gurobi Optimizer version 10.0.2 build v10.0.2rc0 (linux64)

CPU model: AMD EPYC 7763 64-Core Processor, instruction set [SSE2|AVX|AVX2]
Thread count: 128 physical cores, 128 logical processors, using up to 32 threads

Optimize a model with 211739 rows, 77908 columns and 589928 nonzeros
Model fingerprint: 0x9f50e640
Variable types: 55968 continuous, 21940 integer (21578 binary)
Coefficient statistics:
  Matrix range     [1e-03, 1e+05]
  Objective range  [6e-02, 6e-02]
  Bounds range     [1e+00, 3e+00]
  RHS range        [1e-02, 4e+07]

MIP start from previous solve produced solution with objective 13.3602 (0.70s)
MIP start from previous solve produced solution with objective 13.3602 (0.71s)
Loaded MIP start from previous solve with objective 13.3602

Presolve removed 176361 rows and 50690 columns
Presolve time: 1.82s
Presolved: 35378 rows, 27218 columns, 128109 nonzeros
Variable types: 23555 continuous, 3663 integer (3600 binary)
Root barrier log...

Ordering time: 0.33s

Barrier statistics:
 Dense cols : 62
 AA' NZ     : 4.025e+05
 Factor NZ  : 3.330e+06 (roughly 50 MB of memory)
 Factor Ops : 1.542e+09 (less than 1 second per iteration)
 Threads    : 32

                  Objective                Residual
Iter       Primal          Dual         Primal    Dual     Compl     Time
   0  -7.13092352e+05 -2.87210067e+05  3.75e+04 1.68e-01  7.50e+02     3s
   1  -4.29857275e+05 -3.16568210e+05  2.23e+04 3.54e-01  4.46e+02     3s
   2  -1.19651337e+05 -3.72121048e+05  2.97e+03 2.59e-13  1.34e+02     3s
   3  -1.59467731e+04 -2.63769377e+05  8.43e+01 2.26e-13  2.02e+01     3s
   4  -5.46748897e+03 -1.44271747e+05  2.97e+01 9.88e-14  7.13e+00     3s
   5  -1.12106629e+03 -8.77449947e+04  6.97e+00 3.65e-14  2.31e+00     3s
   6  -2.73014118e+02 -2.86155033e+04  2.37e+01 6.40e-15  6.44e-01     3s
   7   1.16973001e+02 -9.30874736e+03  2.88e-01 1.78e-15  1.60e-01     3s
   8   1.19418728e+02 -9.95885337e+02  1.54e-02 2.44e-15  1.75e-02     3s
   9   3.73059516e+01 -9.45745324e+01  1.53e-04 7.55e-15  2.04e-03     3s
  10   1.50939654e+01 -2.82206640e+01  4.65e-05 2.22e-15  6.71e-04     3s
  11   1.13118236e+01 -9.10517381e+00  3.06e-05 8.88e-16  3.16e-04     3s
  12   8.46753470e+00 -3.14570525e+00  1.93e-05 4.44e-16  1.80e-04     3s
  13   7.26103896e+00 -1.09112696e+00  1.45e-05 4.44e-16  1.29e-04     3s
  14   5.52921691e+00  1.34058616e+00  7.92e-06 4.44e-16  6.49e-05     3s
  15   4.67362548e+00  2.06718922e+00  4.65e-06 4.44e-16  4.04e-05     4s
  16   4.12673659e+00  2.61265400e+00  2.61e-06 4.44e-16  2.35e-05     4s
  17   3.96295105e+00  2.70091404e+00  2.08e-06 4.44e-16  1.96e-05     4s
  18   3.79478320e+00  3.07787213e+00  1.45e-06 4.44e-16  1.11e-05     4s
  19   3.66972808e+00  3.22541764e+00  9.62e-07 4.44e-16  6.89e-06     4s
  20   3.58111778e+00  3.29114143e+00  6.10e-07 4.44e-16  4.49e-06     4s
  21   3.52582135e+00  3.35252149e+00  3.96e-07 2.22e-16  2.69e-06     4s
  22   3.46586435e+00  3.38718588e+00  1.64e-07 4.44e-16  1.22e-06     4s
  23   3.45647190e+00  3.39063494e+00  1.28e-07 4.44e-16  1.02e-06     4s
  24   3.44335288e+00  3.40163499e+00  8.10e-08 4.44e-16  6.47e-07     4s
  25   3.43158843e+00  3.41276323e+00  3.76e-08 4.44e-16  2.92e-07     4s
  26   3.42574026e+00  3.41865783e+00  1.63e-08 4.44e-16  1.10e-07     4s
  27   3.42311143e+00  3.41983757e+00  5.51e-09 4.44e-16  5.07e-08     4s
  28   3.42206872e+00  3.42129113e+00  1.27e-09 4.44e-16  1.21e-08     4s
  29   3.42182666e+00  3.42158220e+00  4.34e-10 4.44e-16  3.79e-09     4s
  30   3.42173409e+00  3.42171451e+00  8.48e-11 5.52e-15  3.03e-10     4s
  31   3.42172685e+00  3.42172660e+00  1.85e-09 1.01e-14  3.88e-12     4s

Barrier solved model in 31 iterations and 3.94 seconds (3.48 work units)
Optimal objective 3.42172685e+00


Root relaxation: objective 3.421727e+00, 3946 iterations, 2.04 seconds (1.73 work units)
Total elapsed time = 7.78s

    Nodes    |    Current Node    |     Objective Bounds      |     Work
 Expl Unexpl |  Obj  Depth IntInf | Incumbent    BestBd   Gap | It/Node Time

     0     0    3.42173    0  300   13.36023    3.42173  74.4%     -    9s
H    0     0                      11.6234515    3.42173  70.6%     -   11s
H    0     0                      11.5940764    3.42173  70.5%     -   11s
H    0     0                      11.3652480    3.96207  65.1%     -   31s
H    0     0                       6.5702471    3.96207  39.7%     -   31s
     0     0    3.96207    0  385    6.57025    3.96207  39.7%     -   31s
     0     0    4.03245    0  398    6.57025    4.03245  38.6%     -   40s
     0     0    4.06505    0  423    6.57025    4.06505  38.1%     -   46s
     0     0    4.06754    0  411    6.57025    4.06754  38.1%     -   51s
     0     0    4.07057    0  359    6.57025    4.07057  38.0%     -   55s
     0     0    4.07640    0  400    6.57025    4.07640  38.0%     -   61s
     0     0    4.07641    0  400    6.57025    4.07641  38.0%     -   61s
     0     0    4.07827    0  428    6.57025    4.07827  37.9%     -   65s
     0     0    4.07873    0  419    6.57025    4.07873  37.9%     -   70s
     0     0    4.07882    0  414    6.57025    4.07882  37.9%     -   71s
     0     0    4.07899    0  414    6.57025    4.07899  37.9%     -   72s
     0     0    4.07899    0  414    6.57025    4.07899  37.9%     -   74s
     0     0    4.07907    0  413    6.57025    4.07907  37.9%     -   74s
     0     0    4.07911    0  413    6.57025    4.07911  37.9%     -   75s
     0     0    4.07920    0  413    6.57025    4.07920  37.9%     -   76s
     0     0    4.07920    0  414    6.57025    4.07920  37.9%     -   78s
     0     0    4.07967    0  411    6.57025    4.07967  37.9%     -   80s
     0     0    4.07967    0  288    6.57025    4.07967  37.9%     -   85s
     0     2    4.07967    0  288    6.57025    4.07967  37.9%     -   90s
     3     8    4.33944    2  384    6.57025    4.08669  37.8%  3615   99s
     7    16    4.37818    3  332    6.57025    4.09080  37.7%  4883  106s
    15    32    4.40785    4  316    6.57025    4.09284  37.7%  4725  112s
H   31    64                       6.3517708    4.09429  35.5%  4592  210s
H   41    64                       5.2546704    4.09429  22.1%  4248  210s
    63    93    4.47427    6  320    5.25467    4.10280  21.9%  4219  235s
    96   121    4.59621    6  183    5.25467    4.10280  21.9%  3840  243s
H   98   121                       5.2546704    4.10280  21.9%  3791  243s
H   99   121                       5.2403862    4.10280  21.7%  3817  243s
   128   152    4.59854    7  181    5.24039    4.10280  21.7%  3452  248s
H  160   184                       5.2287368    4.10280  21.5%  3203  255s
   192   229    4.62188    8  205    5.22874    4.10280  21.5%  2960  264s
   237   269    4.60175    9  179    5.22874    4.10280  21.5%  2882  273s
H  278   299                       5.1890632    4.10280  20.9%  2886  379s
H  279   299                       5.1733921    4.10280  20.7%  2886  379s
H  280   299                       5.1602806    4.10280  20.5%  2882  379s
H  290   299                       5.1539986    4.10280  20.4%  2891  379s
H  291   299                       5.1409115    4.10280  20.2%  2892  379s
H  293   299                       5.0945960    4.10280  19.5%  2880  379s
H  295   299                       5.0759069    4.10280  19.2%  2882  379s
H  303   299                       5.0351218    4.10280  18.5%  2864  379s
   310   332    4.62249   11  167    5.03512    4.10280  18.5%  2847  385s
H  321   332                       4.9545500    4.10280  17.2%  2813  385s
   353   384    4.62292   13  107    4.95455    4.10280  17.2%  2715  394s
H  415   412                       4.5888847    4.10280  10.6%  2592  523s
H  425   412                       4.5168406    4.10280  9.17%  2590  523s
H  437   412                       4.4947663    4.10280  8.72%  2545  523s
   449   356     cutoff   16         4.49477    4.12026  8.33%  2517  534s
   531   370     cutoff    7         4.49477    4.12026  8.33%  2293  544s
   585   409    4.31252   15  247    4.49477    4.13886  7.92%  2353  554s
   651   468    4.34367   19  243    4.49477    4.13886  7.92%  2369  565s
   751   527     cutoff   24         4.49477    4.13886  7.92%  2283  574s
   842   584     cutoff   23         4.49477    4.13886  7.92%  2229  582s
   964   599     cutoff   22         4.49477    4.15688  7.52%  2122  591s
  1052   629    4.29087    9  332    4.49477    4.15688  7.52%  2128  620s
  1160   651    4.30645   15  246    4.49477    4.15688  7.52%  2133  629s
  1255   650     cutoff   20         4.49477    4.15688  7.52%  2148  645s
  1345   686    4.37205   25  311    4.49477    4.15688  7.52%  2191  656s
  1460   693    4.37591   26  270    4.49477    4.15688  7.52%  2172  669s
  1530   734    4.38004   27  227    4.49477    4.15688  7.52%  2177  682s
  1665   788    4.45554   32  234    4.49477    4.15688  7.52%  2146  694s
  1823   830    4.44483   12  194    4.49477    4.15688  7.52%  2099  708s
  1974   841     cutoff   13         4.49477    4.17815  7.04%  2068  725s
  2101   829    4.45983    7  371    4.49477    4.17815  7.04%  2097  738s
  2206   828     cutoff    8         4.49477    4.17815  7.04%  2141  750s
  2307   831     cutoff    9         4.49477    4.17815  7.04%  2188  765s
  2425   829    4.38515    9  513    4.49477    4.17815  7.04%  2206  778s
  2545   859    4.43285   10  455    4.49477    4.17815  7.04%  2234  795s
  2696   862    4.44246   11  453    4.49477    4.17815  7.04%  2229  817s
  2863   866     cutoff   11         4.49477    4.23682  5.74%  2237  834s
  3017   876    4.28951   10  432    4.49477    4.27366  4.92%  2252  850s
  3194   894     cutoff   14         4.49477    4.27366  4.92%  2263  872s
  3401   858     cutoff   16         4.49477    4.28230  4.73%  2259  889s
  3571   886    4.37910   11  505    4.49477    4.28230  4.73%  2279  912s
  3781   890     cutoff   15         4.49477    4.28230  4.73%  2281  930s
  4009   861     cutoff   14         4.49477    4.32943  3.68%  2279  949s
  4216   864    4.40760   14  458    4.49477    4.32943  3.68%  2284  968s
  4466   763     cutoff   15         4.49477    4.40266  2.05%  2270  987s
  4690   617     cutoff   27         4.49477    4.41298  1.82%  2279 1015s
  4970   447     cutoff    8         4.49477    4.43495  1.33%  2275 1032s
  5288   170     cutoff   12         4.49477    4.44923  1.01%  2261 1051s
  5661     0 infeasible   16         4.49477    4.46308  0.71%  2224 1061s

Cutting planes:
  Learned: 5
  Gomory: 46
  Cover: 250
  Implied bound: 1970
  Clique: 89
  MIR: 541
  StrongCG: 6
  Flow cover: 220
  Inf proof: 2
  Zero half: 14
  Mod-K: 1
  RLT: 94
  Relax-and-lift: 114
  BQP: 12
  PSD: 4

Explored 5842 nodes (12782944 simplex iterations) in 1061.54 seconds (2388.53 work units)
Thread count was 32 (of 128 available processors)

Solution count 10: 4.49477 4.51684 4.58888 ... 5.16028

Optimal solution found (tolerance 5.00e-03)
Best objective 4.494766250001e+00, best bound 4.494766250001e+00, gap 0.0000%


*********************************************
*********************************************


Set parameter LogFile to value "/work/07346/ashukla/ls6/Norta_Results/norta_sm_16_22/60M"
Gurobi Optimizer version 10.0.2 build v10.0.2rc0 (linux64)

CPU model: AMD EPYC 7763 64-Core Processor, instruction set [SSE2|AVX|AVX2]
Thread count: 128 physical cores, 128 logical processors, using up to 32 threads

Optimize a model with 211739 rows, 77908 columns and 589928 nonzeros
Model fingerprint: 0x60afd035
Variable types: 55968 continuous, 21940 integer (21578 binary)
Coefficient statistics:
  Matrix range     [1e-03, 1e+05]
  Objective range  [6e-02, 6e-02]
  Bounds range     [1e+00, 3e+00]
  RHS range        [1e-02, 6e+07]

MIP start from previous solve produced solution with objective 4.49477 (0.72s)
MIP start from previous solve produced solution with objective 4.49477 (0.72s)
Loaded MIP start from previous solve with objective 4.49477

Presolve removed 176361 rows and 50690 columns
Presolve time: 1.85s
Presolved: 35378 rows, 27218 columns, 128109 nonzeros
Variable types: 23555 continuous, 3663 integer (3600 binary)
Root barrier log...

Ordering time: 0.33s

Barrier statistics:
 Dense cols : 62
 AA' NZ     : 4.025e+05
 Factor NZ  : 3.330e+06 (roughly 50 MB of memory)
 Factor Ops : 1.542e+09 (less than 1 second per iteration)
 Threads    : 32

                  Objective                Residual
Iter       Primal          Dual         Primal    Dual     Compl     Time
   0  -7.04672467e+05 -2.87210463e+05  3.70e+04 1.68e-01  7.41e+02     3s
   1  -4.24044324e+05 -3.10235413e+05  2.17e+04 4.32e-01  4.45e+02     3s
   2  -1.64117436e+05 -3.72845301e+05  5.38e+03 1.06e-13  1.78e+02     3s
   3  -1.01245634e+04 -2.92441473e+05  5.38e+01 2.66e-13  1.48e+01     3s
   4  -2.97312387e+03 -1.54261837e+05  1.67e+01 4.03e-14  5.03e+00     3s
   5  -6.82828412e+02 -6.96826890e+04  4.68e+00 6.62e-15  1.62e+00     3s
   6  -3.85639497e+01 -2.78221164e+04  1.21e+00 4.11e-15  5.22e-01     3s
   7   1.40969556e+02 -3.96099218e+03  7.96e-02 1.71e-15  6.58e-02     3s
   8   8.73447704e+01 -6.04456683e+02  4.94e-03 1.33e-15  1.08e-02     3s
   9   2.54313308e+01 -7.52821017e+01  1.27e-04 4.44e-16  1.56e-03     3s
  10   8.54327684e+00 -2.58964914e+01  3.97e-05 4.44e-16  5.34e-04     3s
  11   8.46025688e+00 -2.24263094e+01  3.90e-05 4.44e-16  4.79e-04     3s
  12   7.10465050e+00 -1.35796357e+01  3.21e-05 4.44e-16  3.21e-04     3s
  13   4.46038712e+00 -6.87456897e+00  1.88e-05 4.44e-16  1.76e-04     3s
  14   2.71409746e+00 -1.76872082e+00  1.05e-05 4.44e-16  6.95e-05     4s
  15   1.98768424e+00 -2.46883411e-01  7.31e-06 4.44e-16  3.47e-05     4s
  16   1.06510303e+00  4.26538688e-02  3.32e-06 4.44e-16  1.59e-05     4s
  17   7.46021251e-01  1.69722108e-01  1.94e-06 4.44e-16  8.94e-06     4s
  18   6.17917682e-01  2.06469037e-01  1.39e-06 4.44e-16  6.38e-06     4s
  19   5.01952427e-01  2.42944992e-01  9.18e-07 2.22e-16  4.02e-06     4s
  20   3.64696812e-01  2.65558564e-01  2.99e-07 4.44e-16  1.54e-06     4s
  21   3.44979439e-01  2.80339868e-01  2.19e-07 4.44e-16  1.00e-06     4s
  22   3.31203376e-01  2.85565563e-01  1.57e-07 2.22e-16  7.08e-07     4s
  23   3.25749528e-01  2.87597227e-01  1.32e-07 2.22e-16  5.92e-07     4s
  24   3.15331445e-01  2.90600810e-01  8.46e-08 4.44e-16  3.84e-07     4s
  25   3.11526981e-01  2.91959481e-01  6.73e-08 2.22e-16  3.03e-07     4s
  26   3.04567415e-01  2.94145844e-01  3.60e-08 4.44e-16  1.62e-07     4s
  27   2.99559507e-01  2.94874509e-01  1.33e-08 2.22e-16  7.26e-08     4s
  28   2.98503642e-01  2.95791513e-01  8.55e-09 4.44e-16  4.21e-08     4s
  29   2.97338668e-01  2.96231181e-01  3.46e-09 4.44e-16  1.72e-08     4s
  30   2.96813466e-01  2.96413068e-01  1.20e-09 1.52e-14  6.21e-09     4s
  31   2.96764967e-01  2.96483446e-01  9.95e-10 4.93e-14  4.37e-09     4s
  32   2.96555172e-01  2.96506435e-01  6.76e-10 1.80e-14  7.55e-10     4s
  33   2.96530250e-01  2.96524931e-01  1.79e-09 1.80e-14  8.25e-11     4s
  34   2.96526541e-01  2.96525803e-01  8.73e-09 2.10e-14  1.14e-11     4s

Barrier solved model in 34 iterations and 4.05 seconds (3.62 work units)
Optimal objective 2.96526541e-01


Root simplex log...

Iteration    Objective       Primal Inf.    Dual Inf.      Time
    4457    2.9652158e-01   0.000000e+00   3.911629e-03      5s
    4575    2.9652600e-01   0.000000e+00   0.000000e+00      5s
    4579    2.9652600e-01   0.000000e+00   0.000000e+00      5s
Extra simplex iterations after uncrush: 4

Root relaxation: objective 2.965260e-01, 4579 iterations, 2.65 seconds (3.01 work units)

    Nodes    |    Current Node    |     Objective Bounds      |     Work
 Expl Unexpl |  Obj  Depth IntInf | Incumbent    BestBd   Gap | It/Node Time

     0     0    0.29653    0  171    4.49477    0.29653  93.4%     -    9s
H    0     0                       3.8565272    0.29653  92.3%     -   11s
H    0     0                       2.8006682    0.34791  87.6%     -   24s
     0     0    0.34791    0  213    2.80067    0.34791  87.6%     -   24s
H    0     0                       2.0018852    0.34791  82.6%     -   27s
     0     0    0.34791    0  222    2.00189    0.34791  82.6%     -   27s
     0     0    0.36109    0  238    2.00189    0.36109  82.0%     -   29s
     0     0    0.36243    0  280    2.00189    0.36243  81.9%     -   31s
     0     0    0.36360    0  264    2.00189    0.36360  81.8%     -   34s
H    0     0                       1.8249613    0.36360  80.1%     -   36s
     0     0    0.36414    0  264    1.82496    0.36414  80.0%     -   37s
     0     0    0.36441    0  259    1.82496    0.36441  80.0%     -   39s
H    0     0                       1.8012178    0.36441  79.8%     -   42s
     0     0    0.36441    0  260    1.80122    0.36441  79.8%     -   42s
     0     0    0.36444    0  253    1.80122    0.36444  79.8%     -   43s
H    0     0                       1.7997298    0.36444  79.8%     -   45s
     0     0    0.36445    0  259    1.79973    0.36445  79.7%     -   45s
     0     0    0.36445    0  260    1.79973    0.36445  79.7%     -   46s
     0     0    0.36445    0  260    1.79973    0.36445  79.7%     -   47s
     0     0    0.36445    0  188    1.79973    0.36445  79.7%     -   51s
     0     0    0.36445    0  190    1.79973    0.36445  79.7%     -   51s
     0     0    0.36445    0  188    1.79973    0.36445  79.7%     -   54s
     0     0    0.36445    0  188    1.79973    0.36445  79.7%     -   56s
     0     2    0.36445    0  188    1.79973    0.36445  79.7%     -   65s
     1     4    0.89631    1  175    1.79973    0.36445  79.7%  9621   74s
     3     8    0.90964    2  151    1.79973    0.36446  79.7%  4953   80s
     7    16    0.95070    3  160    1.79973    0.36492  79.7%  4707   86s
    15    30    1.01915    4   99    1.79973    0.36516  79.7%  3461   91s
H   31    60                       1.7997298    0.36537  79.7%  3187  114s
H   34    60                       1.6330977    0.36537  77.6%  3482  114s
H   40    60                       1.6216074    0.36580  77.4%  3847  114s
H   41    60                       1.5700051    0.36580  76.7%  3811  114s
H   44    60                       1.5691067    0.36580  76.7%  3728  114s
H   47    60                       0.8338523    0.36580  56.1%  3652  114s
    61    40     cutoff    6         0.83385    0.36580  56.1%  3460  119s
   108    65    0.38732    7  160    0.83385    0.36580  56.1%  2190  132s
H  110    65                       0.7750466    0.36580  52.8%  2206  132s
H  115    65                       0.7164996    0.36580  48.9%  2272  132s
H  135    65                       0.6504131    0.37275  42.7%  2387  132s
   140    74    0.38827    8  163    0.65041    0.37275  42.7%  2415  137s
H  172    90                       0.6504131    0.37719  42.0%  2246  145s
H  193    90                       0.6092107    0.37719  38.1%  2128  145s
   208   104     cutoff   10         0.60921    0.37719  38.1%  2106  153s
   251   124    0.39915    9  158    0.60921    0.37719  38.1%  1997  158s
   292   150    0.40020   10  161    0.60921    0.37719  38.1%  1904  163s
H  294   150                       0.4675875    0.37719  19.3%  1895  163s
   336    71    0.40039   11  145    0.46759    0.37719  19.3%  1848  174s
H  359    71                       0.4675875    0.37719  19.3%  1738  174s
   416    63    0.41380   10  136    0.46759    0.37719  19.3%  1524  179s
   466    68    0.41776   11  131    0.46759    0.37719  19.3%  1473  183s
*  511    68              16       0.4650244    0.37719  18.9%  1446  183s
   514    80    0.42096   12  134    0.46502    0.37719  18.9%  1438  186s
   559    93    0.45171   14  110    0.46502    0.37719  18.9%  1453  190s
   657    84    0.41345   21  143    0.46502    0.37719  18.9%  1450  198s
   715    92     cutoff   22         0.46502    0.37719  18.9%  1429  201s
   782    90     cutoff   24         0.46502    0.37719  18.9%  1408  205s
   849    85     cutoff   23         0.46502    0.37719  18.9%  1387  229s
   912    66    0.43957   30  130    0.46502    0.37719  18.9%  1410  233s
   979    55     cutoff   33         0.46502    0.38705  16.8%  1385  240s
  1115    23    0.38850   10  199    0.46502    0.38850  16.5%  1360  250s
  1183    12    0.39433   13  176    0.46502    0.38876  16.4%  1345  256s
  1211     8     cutoff   14         0.46502    0.40351  13.2%  1346  264s
  1223     5    0.41968   16  261    0.46502    0.40423  13.1%  1360  267s
  1230     7     cutoff   17         0.46502    0.41010  11.8%  1365  271s
  1251     0     cutoff   20         0.46502    0.45709  1.71%  1361  276s

Cutting planes:
  Learned: 3
  Gomory: 21
  Cover: 159
  Implied bound: 1715
  Clique: 102
  MIR: 266
  Flow cover: 97
  Inf proof: 1
  Zero half: 10
  RLT: 24
  Relax-and-lift: 88
  BQP: 11
  PSD: 6

Explored 1255 nodes (1744974 simplex iterations) in 276.40 seconds (567.44 work units)
Thread count was 32 (of 128 available processors)

Solution count 10: 0.465024 0.467587 0.609211 ... 1.57001

Optimal solution found (tolerance 5.00e-03)
Best objective 4.650243750005e-01, best bound 4.650243750005e-01, gap 0.0000%


*********************************************
*********************************************


Set parameter LogFile to value "/work/07346/ashukla/ls6/Norta_Results/norta_sm_16_22/80M"
Gurobi Optimizer version 10.0.2 build v10.0.2rc0 (linux64)

CPU model: AMD EPYC 7763 64-Core Processor, instruction set [SSE2|AVX|AVX2]
Thread count: 128 physical cores, 128 logical processors, using up to 32 threads

Optimize a model with 211739 rows, 77908 columns and 589928 nonzeros
Model fingerprint: 0x1dca551e
Variable types: 55968 continuous, 21940 integer (21578 binary)
Coefficient statistics:
  Matrix range     [1e-03, 1e+05]
  Objective range  [6e-02, 6e-02]
  Bounds range     [1e+00, 3e+00]
  RHS range        [1e-02, 8e+07]

MIP start from previous solve produced solution with objective 0.465024 (0.77s)
Loaded MIP start from previous solve with objective 0.465024

Presolve removed 181079 rows and 51474 columns
Presolve time: 2.06s
Presolved: 30660 rows, 26434 columns, 114635 nonzeros
Variable types: 22931 continuous, 3503 integer (3449 binary)
Root barrier log...

Ordering time: 0.26s

Barrier statistics:
 Dense cols : 47
 AA' NZ     : 3.099e+05
 Factor NZ  : 2.510e+06 (roughly 40 MB of memory)
 Factor Ops : 9.905e+08 (less than 1 second per iteration)
 Threads    : 32

                  Objective                Residual
Iter       Primal          Dual         Primal    Dual     Compl     Time
   0  -6.83633319e+04 -2.40953022e+05  3.45e+02 1.68e-01  7.40e+01     3s
   1  -2.50044707e+04 -2.07677925e+05  1.27e+02 3.77e-01  2.82e+01     3s
   2  -1.54933915e+03 -1.17702482e+05  8.90e+00 1.99e-13  3.49e+00     3s
   3  -9.05103936e+01 -6.46884890e+04  1.48e+00 1.04e-13  1.30e+00     3s
   4   1.13100775e+02 -3.50326005e+04  3.53e-01 4.97e-14  6.37e-01     3s
   5   1.40401081e+02 -4.84345030e+03  8.87e-02 3.92e-15  8.85e-02     3s
   6   1.02655927e+02 -2.04029665e+03  2.41e-02 1.74e-15  3.74e-02     3s
   7   6.14585897e+01 -7.58319631e+02  7.46e-03 6.99e-16  1.42e-02     3s
   8   2.14026217e+01 -2.02331321e+02  1.50e-03 8.88e-16  3.87e-03     3s
   9   8.36203565e+00 -5.01662087e+01  4.36e-04 4.44e-16  1.01e-03     3s
  10   1.34624230e+00 -1.04882383e+01  2.68e-05 4.44e-16  2.04e-04     4s
  11   3.41561595e-01 -2.54684301e+00  5.64e-06 4.44e-16  4.99e-05     4s
  12   7.70278331e-02 -8.14735872e-01  1.03e-06 8.88e-16  1.54e-05     4s
  13   1.65659158e-02 -1.12556602e-01  1.79e-07 4.44e-16  2.23e-06     4s
  14   1.63731001e-03 -5.61405400e-03  1.62e-08 4.44e-16  1.25e-07     4s
  15   9.29553062e-05 -1.07813193e-04  8.87e-10 4.44e-16  3.47e-09     4s
  16   9.33193292e-08 -1.07843960e-07  9.57e-12 4.44e-16  3.47e-12     4s

Barrier solved model in 16 iterations and 3.62 seconds (3.19 work units)
Optimal objective 9.33193292e-08


Root relaxation: objective 1.023182e-12, 5123 iterations, 1.49 seconds (1.28 work units)
Total elapsed time = 9.48s
Total elapsed time = 10.00s

    Nodes    |    Current Node    |     Objective Bounds      |     Work
 Expl Unexpl |  Obj  Depth IntInf | Incumbent    BestBd   Gap | It/Node Time

     0     0    0.00000    0   15    0.46502    0.00000   100%     -   10s
     0     0    0.00000    0   34    0.46502    0.00000   100%     -   14s
     0     0    0.00000    0   33    0.46502    0.00000   100%     -   16s
     0     0    0.00000    0   12    0.46502    0.00000   100%     -   19s
     0     0    0.00000    0   34    0.46502    0.00000   100%     -   21s
     0     0    0.00000    0   15    0.46502    0.00000   100%     -   24s
     0     0    0.00000    0   72    0.46502    0.00000   100%     -   30s
     0     0    0.00000    0   10    0.46502    0.00000   100%     -   34s
     0     0    0.00000    0   19    0.46502    0.00000   100%     -   36s
     0     0    0.00000    0   11    0.46502    0.00000   100%     -   39s
H    0     0                       0.4487892    0.00000   100%     -   41s
     0     0    0.00000    0   29    0.44879    0.00000   100%     -   42s
     0     0    0.00000    0   15    0.44879    0.00000   100%     -   43s
     0     0    0.00000    0   17    0.44879    0.00000   100%     -   45s
     0     0    0.00000    0   11    0.44879    0.00000   100%     -   46s
     0     0    0.00000    0   12    0.44879    0.00000   100%     -   48s
     0     0    0.00000    0   11    0.44879    0.00000   100%     -   49s
     0     0    0.00000    0    9    0.44879    0.00000   100%     -   50s
H    0     0                       0.3559217    0.00000   100%     -   51s
     0     2    0.00000    0    9    0.35592    0.00000   100%     -   52s
     1     4    0.00000    1   10    0.35592    0.00000   100%  1244   56s
     3     8    0.00000    2   76    0.35592    0.00000   100%  4669   62s
     7    16    0.00097    3   86    0.35592    0.00000   100%  3264   83s
    15    25 infeasible    4         0.35592    0.00000   100%  4380   95s
H   31    43                       0.0000000    0.00000  0.00%  4123  126s

Cutting planes:
  Learned: 3
  Cover: 32
  Implied bound: 314
  Clique: 1
  MIR: 152
  Flow cover: 4
  Zero half: 1
  RLT: 16
  Relax-and-lift: 21

Explored 56 nodes (283887 simplex iterations) in 126.76 seconds (210.79 work units)
Thread count was 32 (of 128 available processors)

Solution count 4: 5.68434e-13 0.355922 0.448789 0.465024 

Optimal solution found (tolerance 5.00e-03)
Best objective 5.684341886081e-13, best bound 5.684341886081e-13, gap 0.0000%


*********************************************
*********************************************


