Set parameter TokenServer to value "license02.tacc.utexas.edu"
Set parameter LogFile to value "/work/07346/ashukla/ls6/Norta_Results/norta_sm_16_6/0M"
Set parameter MIPGap to value 0.005
Set parameter TimeLimit to value 32400
Set parameter Method to value 2
Gurobi Optimizer version 10.0.2 build v10.0.2rc0 (linux64)

CPU model: AMD EPYC 7763 64-Core Processor, instruction set [SSE2|AVX|AVX2]
Thread count: 128 physical cores, 128 logical processors, using up to 32 threads

Optimize a model with 211787 rows, 77908 columns and 590072 nonzeros
Model fingerprint: 0xe9134ef0
Variable types: 55968 continuous, 21940 integer (21578 binary)
Coefficient statistics:
  Matrix range     [1e-03, 1e+05]
  Objective range  [6e-02, 6e-02]
  Bounds range     [1e+00, 3e+00]
  RHS range        [1e-02, 2e+04]
Presolve removed 210904 rows and 76722 columns
Presolve time: 1.59s
Presolved: 883 rows, 1186 columns, 4017 nonzeros
Variable types: 1037 continuous, 149 integer (149 binary)
Found heuristic solution: objective 64.3875289
Root barrier log...

Ordering time: 0.00s

Barrier statistics:
 AA' NZ     : 4.600e+03
 Factor NZ  : 2.113e+04 (roughly 1 MB of memory)
 Factor Ops : 1.014e+06 (less than 1 second per iteration)
 Threads    : 1

                  Objective                Residual
Iter       Primal          Dual         Primal    Dual     Compl     Time
   0  -1.87322865e+03 -8.11592119e+03  1.57e+02 2.05e-01  3.53e+01     2s
   1  -6.94396120e+01 -4.33079098e+03  1.00e+01 3.23e-02  3.94e+00     2s
   2   4.57167475e+01 -5.29827782e+02  6.43e-01 8.88e-16  3.47e-01     2s
   3   5.06454827e+01 -1.00652744e+01  5.92e-02 8.88e-16  3.23e-02     2s
   4   4.55322003e+01  3.64096166e+01  6.74e-04 1.89e-15  4.57e-03     2s
   5   4.31557306e+01  4.16040787e+01  1.20e-04 4.44e-16  7.77e-04     2s
   6   4.28277764e+01  4.20246213e+01  6.26e-05 2.22e-16  4.02e-04     2s
   7   4.26593482e+01  4.22583075e+01  3.36e-05 2.22e-16  2.01e-04     2s
   8   4.25781332e+01  4.23957832e+01  2.08e-05 2.22e-16  9.13e-05     2s
   9   4.24838542e+01  4.24283990e+01  3.66e-06 2.22e-16  2.77e-05     2s
  10   4.24705379e+01  4.24579414e+01  1.36e-06 2.22e-16  6.31e-06     2s
  11   4.24606836e+01  4.24595125e+01  1.09e-08 2.22e-16  5.85e-07     2s
  12   4.24605749e+01  4.24604619e+01  7.76e-09 2.22e-16  5.65e-08     2s
  13   4.24605374e+01  4.24605371e+01  6.17e-09 2.22e-16  1.36e-10     2s
  14   4.24605373e+01  4.24605373e+01  4.88e-11 2.22e-16  1.36e-13     2s

Barrier solved model in 14 iterations and 1.70 seconds (1.79 work units)
Optimal objective 4.24605373e+01


Root relaxation: objective 4.246054e+01, 7 iterations, 0.02 seconds (0.02 work units)

    Nodes    |    Current Node    |     Objective Bounds      |     Work
 Expl Unexpl |  Obj  Depth IntInf | Incumbent    BestBd   Gap | It/Node Time

     0     0   42.46054    0    2   64.38753   42.46054  34.1%     -    1s
H    0     0                      42.4616463   42.46054  0.00%     -    1s

Explored 1 nodes (7 simplex iterations) in 1.72 seconds (1.80 work units)
Thread count was 32 (of 128 available processors)

Solution count 2: 42.4616 64.3875 

Optimal solution found (tolerance 5.00e-03)
Best objective 4.246164625018e+01, best bound 4.246053726231e+01, gap 0.0026%


*********************************************
*********************************************


Set parameter LogFile to value "/work/07346/ashukla/ls6/Norta_Results/norta_sm_16_6/20M"
Gurobi Optimizer version 10.0.2 build v10.0.2rc0 (linux64)

CPU model: AMD EPYC 7763 64-Core Processor, instruction set [SSE2|AVX|AVX2]
Thread count: 128 physical cores, 128 logical processors, using up to 32 threads

Optimize a model with 211787 rows, 77908 columns and 590072 nonzeros
Model fingerprint: 0x3f9afc5f
Variable types: 55968 continuous, 21940 integer (21578 binary)
Coefficient statistics:
  Matrix range     [1e-03, 1e+05]
  Objective range  [6e-02, 6e-02]
  Bounds range     [1e+00, 3e+00]
  RHS range        [1e-02, 2e+07]

MIP start from previous solve produced solution with objective 42.4616 (0.62s)
MIP start from previous solve produced solution with objective 42.4616 (0.62s)
Loaded MIP start from previous solve with objective 42.4616

Presolve removed 176994 rows and 50732 columns
Presolve time: 1.75s
Presolved: 34793 rows, 27176 columns, 126374 nonzeros
Variable types: 23513 continuous, 3663 integer (3599 binary)
Root barrier log...

Ordering time: 0.30s

Barrier statistics:
 Dense cols : 60
 AA' NZ     : 3.814e+05
 Factor NZ  : 3.098e+06 (roughly 50 MB of memory)
 Factor Ops : 1.329e+09 (less than 1 second per iteration)
 Threads    : 32

                  Objective                Residual
Iter       Primal          Dual         Primal    Dual     Compl     Time
   0  -6.21090140e+05 -2.78314818e+05  2.96e+04 1.68e-01  6.48e+02     3s
   1  -3.65337507e+05 -3.02214200e+05  1.71e+04 5.06e-01  3.80e+02     3s
   2  -1.19001746e+05 -3.76074047e+05  5.14e+03 1.90e-13  1.34e+02     3s
   3  -1.52477116e+04 -2.57116367e+05  7.02e+02 7.27e-14  1.93e+01     3s
   4  -3.27941814e+03 -1.19416882e+05  1.55e+02 1.90e-13  4.71e+00     3s
   5  -1.39476619e+03 -8.03699597e+04  7.30e+01 9.22e-14  2.38e+00     3s
   6  -7.22066660e+02 -2.79826330e+04  4.16e+01 1.36e-14  8.48e-01     3s
   7  -1.64617436e+02 -1.15288603e+04  1.49e+01 4.36e-15  2.88e-01     3s
   8   5.79714396e+01 -2.86045398e+03  3.44e+00 5.92e-15  6.37e-02     3s
   9   8.53308581e+01 -3.50744470e+02  1.72e-02 2.99e-15  7.12e-03     3s
  10   4.27971242e+01 -1.07499640e+02  4.14e-03 4.88e-14  2.40e-03     3s
  11   3.20857773e+01 -6.81799725e+01  2.34e-03 3.06e-14  1.59e-03     3s
  12   2.57766069e+01 -4.37031336e+01  1.52e-03 2.26e-14  1.10e-03     3s
  13   2.26856650e+01 -2.91641771e+01  1.14e-03 1.60e-14  8.23e-04     3s
  14   1.92257542e+01 -1.43357210e+01  7.72e-04 9.99e-15  5.32e-04     3s
  15   1.74909121e+01 -8.59245137e+00  6.03e-04 7.77e-15  4.14e-04     3s
  16   1.55672740e+01  1.81105832e+00  4.21e-04 3.33e-15  2.19e-04     3s
  17   1.38645109e+01  5.38184656e+00  2.89e-04 2.00e-15  1.35e-04     3s
  18   1.28596117e+01  6.77558936e+00  2.12e-04 1.11e-15  9.69e-05     3s
  19   1.24261963e+01  7.29291267e+00  1.76e-04 1.11e-15  8.17e-05     3s
  20   1.19747252e+01  8.41191820e+00  1.41e-04 4.44e-16  5.68e-05     3s
  21   1.13732581e+01  9.33223729e+00  9.83e-05 4.44e-16  3.27e-05     3s
  22   1.10991788e+01  9.57661173e+00  7.87e-05 4.44e-16  2.44e-05     3s
  23   1.08363054e+01  9.77912317e+00  5.81e-05 4.44e-16  1.70e-05     3s
  24   1.06552997e+01  9.89725867e+00  4.23e-05 4.44e-16  1.22e-05     3s
  25   1.04791725e+01  9.96244185e+00  2.74e-05 2.22e-16  8.28e-06     3s
  26   1.04369009e+01  1.00229100e+01  2.36e-05 4.44e-16  6.65e-06     3s
  27   1.03204787e+01  1.00857098e+01  1.37e-05 4.44e-16  3.77e-06     4s
  28   1.02676925e+01  1.01236876e+01  9.75e-06 4.44e-16  2.32e-06     4s
  29   1.02163369e+01  1.01389577e+01  5.19e-06 4.44e-16  1.25e-06     4s
  30   1.01821675e+01  1.01496074e+01  2.28e-06 4.44e-16  5.25e-07     4s
  31   1.01677829e+01  1.01522966e+01  9.31e-07 4.44e-16  2.49e-07     4s
  32   1.01617780e+01  1.01552212e+01  3.82e-07 4.44e-16  1.05e-07     4s
  33   1.01589907e+01  1.01565917e+01  1.36e-07 4.61e-16  3.85e-08     4s
  34   1.01578003e+01  1.01572161e+01  3.30e-08 4.44e-16  9.38e-09     4s
  35   1.01574047e+01  1.01573926e+01  1.56e-09 4.44e-16  1.89e-10     4s
  36   1.01574041e+01  1.01574019e+01  7.38e-09 1.07e-14  3.50e-11     4s

Barrier solved model in 36 iterations and 3.72 seconds (3.49 work units)
Optimal objective 1.01574041e+01


Root relaxation: objective 1.015740e+01, 4113 iterations, 1.98 seconds (1.88 work units)
Total elapsed time = 8.09s

    Nodes    |    Current Node    |     Objective Bounds      |     Work
 Expl Unexpl |  Obj  Depth IntInf | Incumbent    BestBd   Gap | It/Node Time

     0     0   10.15740    0  431   42.46165   10.15740  76.1%     -    9s
H    0     0                      42.4616462   10.15740  76.1%     -   11s
     0     0   11.43947    0  629   42.46165   11.43947  73.1%     -   22s
H    0     0                      16.5921769   11.43947  31.1%     -   24s
     0     0   11.51621    0  669   16.59218   11.51621  30.6%     -   30s
     0     0   11.52079    0  654   16.59218   11.52079  30.6%     -   31s
     0     0   11.52313    0  708   16.59218   11.52313  30.6%     -   31s
     0     0   11.52371    0  702   16.59218   11.52371  30.5%     -   32s
     0     0   11.52521    0  701   16.59218   11.52521  30.5%     -   32s
     0     0   11.52543    0  709   16.59218   11.52543  30.5%     -   32s
H    0     0                      16.3822964   11.72674  28.4%     -   39s
     0     0   11.72674    0  785   16.38230   11.72674  28.4%     -   39s
     0     0   11.78709    0  734   16.38230   11.78709  28.0%     -   45s
     0     0   11.79263    0  752   16.38230   11.79263  28.0%     -   46s
     0     0   11.79366    0  749   16.38230   11.79366  28.0%     -   46s
     0     0   11.79381    0  737   16.38230   11.79381  28.0%     -   46s
     0     0   11.89403    0  815   16.38230   11.89403  27.4%     -   52s
H    0     0                      16.1245574   11.89403  26.2%     -   56s
     0     0   11.92793    0  618   16.12456   11.92793  26.0%     -   61s
     0     0   11.93912    0  527   16.12456   11.93912  26.0%     -   62s
     0     0   11.94000    0  530   16.12456   11.94000  26.0%     -   63s
     0     0   11.94011    0  531   16.12456   11.94011  26.0%     -   63s
     0     0   11.97363    0  581   16.12456   11.97363  25.7%     -   65s
     0     0   11.98966    0  627   16.12456   11.98966  25.6%     -   67s
     0     0   11.99037    0  636   16.12456   11.99037  25.6%     -   67s
     0     0   11.99070    0  594   16.12456   11.99070  25.6%     -   68s
     0     0   12.00994    0  677   16.12456   12.00994  25.5%     -   69s
     0     0   12.01177    0  550   16.12456   12.01177  25.5%     -   74s
     0     0   12.01202    0  746   16.12456   12.01202  25.5%     -   74s
     0     0   12.01647    0  519   16.12456   12.01647  25.5%     -   75s
     0     0   12.01699    0  530   16.12456   12.01699  25.5%     -   76s
     0     0   12.01699    0  530   16.12456   12.01699  25.5%     -   76s
     0     0   12.01730    0  507   16.12456   12.01730  25.5%     -   77s
     0     0   12.01732    0  507   16.12456   12.01732  25.5%     -   78s
     0     0   12.01891    0  512   16.12456   12.01891  25.5%     -   79s
     0     0   12.01931    0  513   16.12456   12.01931  25.5%     -   79s
     0     0   12.01931    0  513   16.12456   12.01931  25.5%     -   79s
     0     0   12.01932    0  513   16.12456   12.01932  25.5%     -   79s
     0     0   12.01932    0  436   16.12456   12.01932  25.5%     -   84s
H    0     0                      15.9848229   12.01932  24.8%     -   87s
     0     2   12.01932    0  436   15.98482   12.01932  24.8%     -   95s
     3     8   12.57458    2  485   15.98482   12.09664  24.3%  6031  106s
     7    16   13.15248    3  635   15.98482   12.15641  24.0%  4189  110s
    15    32   13.31126    4  651   15.98482   12.16633  23.9%  3601  115s
H   31    64                      15.9657882   12.16760  23.8%  2941  181s
H   51    64                      15.3676389   12.17534  20.8%  9707  181s
    63    96   13.46673    6  597   15.36764   12.17534  20.8%  8403  205s
    95   128   13.49000    7  611   15.36764   12.17534  20.8%  6255  211s
   127   160   13.58463    8  592   15.36764   12.17534  20.8%  4910  220s
H  159   192                      15.3388238   12.17534  20.6%  4200  240s
H  160   192                      15.2210239   12.17534  20.0%  4201  240s
H  161   192                      15.1692046   12.17534  19.7%  4203  240s
H  165   192                      15.1628097   12.17534  19.7%  4147  240s
H  167   192                      15.0029031   12.17534  18.8%  4108  240s
   191   239   13.59939    9  583   15.00290   12.17534  18.8%  3749  248s
   240   293   13.74782   10  463   15.00290   12.17534  18.8%  3244  254s
   294   349   13.78328   10  614   15.00290   12.17534  18.8%  2841  259s
   350   412   13.78341   11  451   15.00290   12.17534  18.8%  2559  265s
   479   543   13.80819   13  461   15.00290   12.17534  18.8%  2117  277s
   546   613   13.81781   15  464   15.00290   12.17534  18.8%  1969  287s
   618   673   14.05795   17  416   15.00290   12.17534  18.8%  1851  294s
   689   746   13.90441   18  448   15.00290   12.17534  18.8%  1767  298s
   766   829   13.89471   18  474   15.00290   12.17534  18.8%  1674  305s
   939   996   14.05509   21  357   15.00290   12.17534  18.8%  1528  315s
  1048  1108   14.06198   22  332   15.00290   12.17534  18.8%  1434  321s
  1165  1235   14.08759   24  343   15.00290   12.17534  18.8%  1364  334s
H 1304  1301                      14.7921569   12.17534  17.7%  1291  378s
H 1333  1301                      14.7527260   12.17534  17.5%  1283  378s
  1376  1403   14.19824   29  317   14.75273   12.17534  17.5%  1257  384s
  1524  1543   14.29653   31  290   14.75273   12.17534  17.5%  1209  391s
  1678  1685   14.41555   37  261   14.75273   12.17534  17.5%  1163  397s
  1834  1819   14.48050   39  279   14.75273   12.17534  17.5%  1123  403s
H 1867  1819                      14.7176515   12.17534  17.3%  1122  403s
H 1869  1819                      14.6900676   12.17534  17.1%  1122  403s
H 1902  1819                      14.3074031   12.17534  14.9%  1108  403s
H 1914  1819                      14.0983070   12.17534  13.6%  1101  403s
  1988  1762     cutoff   42        14.09831   12.19281  13.5%  1074  410s
H 2129  1735                      13.8212931   12.23171  11.5%  1076  535s
H 2132  1735                      13.7870368   12.23171  11.3%  1078  535s
H 2139  1735                      13.5773075   12.23171  9.91%  1088  535s
H 2153  1735                      13.2666736   12.23171  7.80%  1093  535s
  2162  1722     cutoff    8        13.26667   12.23171  7.80%  1094  545s
  2285  1749   12.82055   11  306   13.26667   12.23171  7.80%  1099  551s
  2366  1739   12.93184   12  294   13.26667   12.23171  7.80%  1121  558s
  2473  1732     cutoff   15        13.26667   12.23171  7.80%  1131  564s
  2576  1739   13.09201   15  311   13.26667   12.23171  7.80%  1140  571s
  2702  1727   13.10321   18  289   13.26667   12.23171  7.80%  1153  581s
H 2818  1714                      13.2659904   12.23171  7.80%  1175  677s
H 2819  1714                      13.2499083   12.23171  7.68%  1175  677s
H 2840  1714                      13.2376991   12.23171  7.60%  1177  677s
  2857  1773   13.17911   22  208   13.23770   12.23171  7.60%  1182  685s
  3001  1783 infeasible   22        13.23770   12.23171  7.60%  1190  714s
  3156  1843   12.91370   25  203   13.23770   12.23171  7.60%  1194  746s
H 3385   890                      13.2376991   12.23171  7.60%  1181 1099s
  3386   891   12.78549   12  436   13.23770   12.23171  7.60%  1180 1124s
  3388   892   12.75260   20  434   13.23770   12.23171  7.60%  1180 1136s
  3389   893   12.87074   12  488   13.23770   12.23171  7.60%  1179 1164s
  3390   894   12.97368   35  570   13.23770   12.23171  7.60%  1179 1168s
  3391   894   13.00693   19  599   13.23770   12.23171  7.60%  1179 1171s
  3394   896   13.11764   19  628   13.23770   12.23171  7.60%  1178 1175s
  3395   897   12.67355   15  431   13.23770   12.23171  7.60%  1177 1185s
  3397   898   13.18631   29  409   13.23770   12.23171  7.60%  1177 1195s
  3400   900   13.08456   32  437   13.23770   12.23171  7.60%  1176 1204s
  3401   901   13.04385   18  418   13.23770   12.23171  7.60%  1175 1205s
  3404   903   13.07817   22  424   13.23770   12.23171  7.60%  1174 1213s
  3408   906   12.82100   19  404   13.23770   12.23171  7.60%  1173 1223s
  3410   907   12.81975   25  400   13.23770   12.23171  7.60%  1172 1225s
  3412   908   13.10930   37  393   13.23770   12.23171  7.60%  1171 1230s
  3413   909   12.98967   31  409   13.23770   12.23171  7.60%  1171 1237s
  3416   911   12.90352   16  392   13.23770   12.23171  7.60%  1170 1245s
  3418   912   12.82139   18  411   13.23770   12.23171  7.60%  1169 1255s
  3419   913   13.07911   23  411   13.23770   12.23171  7.60%  1169 1263s
  3420   914   12.98907   12  411   13.23770   12.23171  7.60%  1169 1268s
  3421   917   12.32017   11  558   13.23770   12.23171  7.60%  1197 1281s
  3423   921   12.76720   12  602   13.23770   12.23171  7.60%  1198 1288s
  3427   927   12.85256   13  600   13.23770   12.23171  7.60%  1200 1296s
  3435   935   12.87374   14  627   13.23770   12.23978  7.54%  1209 1303s
  3451   946   12.94270   15  733   13.23770   12.27562  7.27%  1218 1316s
  3477   953   13.09413   16  729   13.23770   12.28985  7.16%  1233 1325s
  3509   967   13.11195   17  715   13.23770   12.31678  6.96%  1266 1333s
  3541   981   13.22525   18  668   13.23770   12.31678  6.96%  1279 1345s
  3573   995     cutoff   18        13.23770   12.31678  6.96%  1289 1354s
  3605  1000     cutoff   19        13.23770   12.31678  6.96%  1296 1365s
  3638   999     cutoff   19        13.23770   12.31678  6.96%  1312 1431s
H 3639   952                      13.2354330   12.31678  6.94%  1311 1431s
H 3645   906                      13.2354117   12.31678  6.94%  1316 1431s
H 3654   862                      13.2354114   12.31678  6.94%  1320 1431s
H 3658   820                      13.2354102   12.31678  6.94%  1319 1431s
  3670   827   12.87754   22  237   13.23541   12.31678  6.94%  1328 1449s
  3704   839   12.89892   23  225   13.23541   12.31678  6.94%  1339 1458s
  3747   839   13.10154   24  188   13.23541   12.31678  6.94%  1350 1474s
  3796   835     cutoff   25        13.23541   12.31678  6.94%  1361 1605s
H 3809   793                      13.2354102   12.31678  6.94%  1362 1605s
  3833   808     cutoff   25        13.23541   12.31678  6.94%  1368 1614s
  3898   824   12.96532   24  288   13.23541   12.31678  6.94%  1376 1620s
  3969   818   13.11638   26  281   13.23541   12.31678  6.94%  1380 1629s
  4041   804   13.15222   27  160   13.23541   12.31678  6.94%  1389 1641s
  4111   800   13.23482   28  161   13.23541   12.31678  6.94%  1395 1679s
  4187   809   12.96635   25  254   13.23541   12.31678  6.94%  1401 1689s
  4262   818   12.98731   27  344   13.23541   12.31678  6.94%  1402 1698s
  4336   806   13.04423   30  280   13.23541   12.31678  6.94%  1403 1705s
  4412   800     cutoff   33        13.23541   12.31678  6.94%  1406 1719s
  4508   816   13.18115   33  272   13.23541   12.31678  6.94%  1406 1728s
  4607   820     cutoff   38        13.23541   12.31678  6.94%  1399 1737s
  4709   831     cutoff   36        13.23541   12.35581  6.65%  1398 1751s
  4818   793   12.90742   18  465   13.23541   12.35581  6.65%  1397 1794s
  4867   813   12.91701   19  411   13.23541   12.35581  6.65%  1400 1804s
  4997   803     cutoff   22        13.23541   12.35581  6.65%  1404 1813s
  5135   804   13.04633   21  282   13.23541   12.35581  6.65%  1398 1823s
  5262   815     cutoff   24        13.23541   12.48622  5.66%  1398 1834s
  5414   813   12.83389   20  287   13.23541   12.48622  5.66%  1394 1853s
  5559   832   13.02153   22  278   13.23541   12.48622  5.66%  1396 1864s
  5724   886     cutoff   24        13.23541   12.48622  5.66%  1390 1878s
  5884   913   13.00824   23  349   13.23541   12.48622  5.66%  1386 1891s
  6064   966   13.11736   28  259   13.23541   12.48622  5.66%  1383 1905s
  6249  1017   13.23079   34  226   13.23541   12.65312  4.40%  1382 1917s
  6436  1061   12.73408   18  458   13.23541   12.65312  4.40%  1381 1929s
  6635  1149   12.89368   21  503   13.23541   12.65312  4.40%  1379 1942s
  6857  1176   13.07839   25  399   13.23541   12.65312  4.40%  1375 1960s
  7077  1295   12.91417   30  291   13.23541   12.65312  4.40%  1381 1972s
  7328  1361     cutoff   34        13.23541   12.70527  4.01%  1378 1984s
  7599  1432     cutoff   24        13.23541   12.70646  4.00%  1371 1999s
  7901  1475   13.16158   24  340   13.23541   12.70646  4.00%  1369 2017s
  8159  1525     cutoff   24        13.23541   12.73131  3.81%  1383 2037s
  8492  1556   13.13628   21  349   13.23541   12.73131  3.81%  1384 2057s
  8791  1559   13.10158   21  286   13.23541   12.73131  3.81%  1386 2073s
  9110  1579     cutoff   24        13.23541   12.73131  3.81%  1390 2088s
  9388  1614   13.06515   21  505   13.23541   12.73131  3.81%  1395 2105s
  9748  1673     cutoff   22        13.23541   12.73131  3.81%  1393 2122s
 10127  1714   13.18958   24  396   13.23541   12.79305  3.34%  1389 2140s
 10514  1711   12.81044   20  485   13.23541   12.79305  3.34%  1392 2164s
 10886  1778     cutoff   25        13.23541   12.81201  3.20%  1401 2184s
 11277  1811     cutoff   28        13.23541   12.96778  2.02%  1393 2213s
 11718  1854   13.15091   29  122   13.23541   12.97616  1.96%  1393 2232s
 12220  1872   13.17509   30  129   13.23541   12.98773  1.87%  1388 2252s
 12748  1870   13.22413   30  218   13.23541   13.00281  1.76%  1385 2274s
 13225  1876     cutoff   37        13.23541   13.01552  1.66%  1392 2294s
 13755  1825     cutoff   29        13.23541   13.02888  1.56%  1389 2317s
 14287  1760   13.19250   29  305   13.23541   13.04003  1.48%  1389 2350s
 14859  1661   13.20280   22  102   13.23541   13.05506  1.36%  1394 2375s
*15303  1628              44      13.2238179   13.06088  1.23%  1394 2375s
 15490  1538     cutoff   39        13.22382   13.06616  1.19%  1394 2447s
 15874  1364   13.21778   31  136   13.22382   13.07207  1.15%  1394 2478s
 16481  1243   13.12283   35  165   13.22382   13.08892  1.02%  1403 2511s
 16983  1045   13.21321   34  127   13.22382   13.09351  0.99%  1404 2541s
 17730   787     cutoff   21        13.22382   13.11673  0.81%  1406 2576s
 18470   416     cutoff   39        13.22382   13.13415  0.68%  1411 2609s
 19287     0     cutoff   36        13.22382   13.15538  0.52%  1414 2639s

Cutting planes:
  Learned: 12
  Gomory: 51
  Cover: 138
  Implied bound: 881
  Projected implied bound: 71
  Clique: 69
  MIR: 777
  StrongCG: 4
  Flow cover: 1459
  Zero half: 9
  RLT: 90
  Relax-and-lift: 204
  BQP: 12
  PSD: 3

Explored 20074 nodes (28199605 simplex iterations) in 2639.49 seconds (5675.13 work units)
Thread count was 32 (of 128 available processors)

Solution count 10: 13.2238 13.2354 13.2354 ... 13.266

Optimal solution found (tolerance 5.00e-03)
Best objective 1.322381794558e+01, best bound 1.322381794558e+01, gap 0.0000%


*********************************************
*********************************************


Set parameter LogFile to value "/work/07346/ashukla/ls6/Norta_Results/norta_sm_16_6/40M"
Gurobi Optimizer version 10.0.2 build v10.0.2rc0 (linux64)

CPU model: AMD EPYC 7763 64-Core Processor, instruction set [SSE2|AVX|AVX2]
Thread count: 128 physical cores, 128 logical processors, using up to 32 threads

Optimize a model with 211787 rows, 77908 columns and 590072 nonzeros
Model fingerprint: 0xd49beb4c
Variable types: 55968 continuous, 21940 integer (21578 binary)
Coefficient statistics:
  Matrix range     [1e-03, 1e+05]
  Objective range  [6e-02, 6e-02]
  Bounds range     [1e+00, 3e+00]
  RHS range        [1e-02, 4e+07]

MIP start from previous solve produced solution with objective 13.2238 (0.73s)
MIP start from previous solve produced solution with objective 13.2238 (0.73s)
Loaded MIP start from previous solve with objective 13.2238

Presolve removed 176994 rows and 50732 columns
Presolve time: 1.82s
Presolved: 34793 rows, 27176 columns, 126374 nonzeros
Variable types: 23513 continuous, 3663 integer (3599 binary)
Root barrier log...

Ordering time: 0.29s

Barrier statistics:
 Dense cols : 60
 AA' NZ     : 3.814e+05
 Factor NZ  : 3.098e+06 (roughly 50 MB of memory)
 Factor Ops : 1.329e+09 (less than 1 second per iteration)
 Threads    : 32

                  Objective                Residual
Iter       Primal          Dual         Primal    Dual     Compl     Time
   0  -5.09176789e+05 -2.78315045e+05  2.42e+04 1.68e-01  5.32e+02     3s
   1  -2.91759520e+05 -3.01590817e+05  1.35e+04 5.67e-01  3.08e+02     3s
   2  -8.15593828e+04 -3.70943437e+05  2.84e+03 3.58e-13  9.33e+01     3s
   3  -1.00713801e+04 -2.38781088e+05  5.31e+01 1.20e-13  1.37e+01     3s
   4  -1.42978913e+03 -1.19306031e+05  8.54e+00 8.50e-14  3.20e+00     3s
   5   4.64850932e+01 -7.67645311e+04  8.23e-01 4.43e-14  1.31e+00     3s
   6   1.54361723e+02 -9.57118191e+03  1.74e-01 7.34e-15  1.59e-01     3s
   7   1.33587767e+02 -2.38259709e+03  2.47e-02 1.90e-15  3.99e-02     3s
   8   6.58006081e+01 -6.01575822e+02  3.52e-03 1.11e-15  1.05e-02     3s
   9   2.16881812e+01 -9.99368879e+01  4.18e-04 8.88e-16  1.91e-03     3s
  10   1.31191966e+01 -2.00758776e+01  1.85e-04 4.44e-16  5.22e-04     3s
  11   9.03170960e+00 -5.31764745e+00  9.65e-05 4.44e-16  2.26e-04     3s
  12   6.94182620e+00 -2.21406752e-01  5.92e-05 4.44e-16  1.13e-04     3s
  13   5.68474945e+00  1.62442980e+00  3.76e-05 4.44e-16  6.40e-05     3s
  14   4.95235952e+00  2.58453509e+00  2.50e-05 4.44e-16  3.73e-05     3s
  15   4.61950737e+00  2.79956352e+00  1.94e-05 4.44e-16  2.87e-05     3s
  16   4.25237323e+00  3.11779747e+00  1.30e-05 2.22e-16  1.79e-05     3s
  17   4.01377368e+00  3.33400910e+00  9.28e-06 4.44e-16  1.07e-05     3s
  18   3.91684374e+00  3.40262871e+00  7.77e-06 4.44e-16  8.12e-06     4s
  19   3.71466208e+00  3.42964282e+00  4.05e-06 4.44e-16  4.50e-06     4s
  20   3.61639196e+00  3.45042377e+00  2.24e-06 4.44e-16  2.62e-06     4s
  21   3.58028728e+00  3.46466033e+00  1.59e-06 4.44e-16  1.83e-06     4s
  22   3.54577343e+00  3.47658322e+00  9.53e-07 4.44e-16  1.09e-06     4s
  23   3.53113433e+00  3.48217920e+00  6.82e-07 2.22e-16  7.73e-07     4s
  24   3.51890170e+00  3.48783225e+00  4.73e-07 4.44e-16  4.91e-07     4s
  25   3.51439513e+00  3.48856144e+00  3.88e-07 4.44e-16  4.08e-07     4s
  26   3.50985883e+00  3.49051953e+00  3.08e-07 4.44e-16  3.06e-07     4s
  27   3.50450922e+00  3.49148935e+00  2.14e-07 4.44e-16  2.06e-07     4s
  28   3.50045551e+00  3.49219499e+00  1.33e-07 4.44e-16  1.31e-07     4s
  29   3.49664129e+00  3.49283527e+00  5.66e-08 4.44e-16  6.01e-08     4s
  30   3.49517922e+00  3.49341860e+00  2.80e-08 4.55e-16  2.78e-08     4s
  31   3.49423676e+00  3.49358896e+00  9.50e-09 4.44e-16  1.02e-08     4s
  32   3.49412790e+00  3.49360317e+00  7.43e-09 5.49e-15  8.28e-09     4s
  33   3.49384854e+00  3.49364809e+00  2.15e-09 2.77e-14  3.16e-09     4s
  34   3.49383354e+00  3.49368611e+00  1.85e-09 2.86e-14  2.33e-09     4s
  35   3.49374181e+00  3.49373043e+00  1.34e-09 5.33e-14  1.79e-10     4s
  36   3.49373643e+00  3.49373614e+00  1.16e-09 2.08e-14  4.62e-12     4s

Barrier solved model in 36 iterations and 3.93 seconds (3.57 work units)
Optimal objective 3.49373643e+00


Root relaxation: objective 3.493737e+00, 3919 iterations, 2.08 seconds (1.97 work units)
Total elapsed time = 9.07s
Total elapsed time = 10.33s

    Nodes    |    Current Node    |     Objective Bounds      |     Work
 Expl Unexpl |  Obj  Depth IntInf | Incumbent    BestBd   Gap | It/Node Time

     0     0    3.49374    0  291   13.22382    3.49374  73.6%     -   10s
H    0     0                      10.9091446    3.49374  68.0%     -   12s
H    0     0                      10.6849924    4.08886  61.7%     -   27s
H    0     0                       8.4584100    4.08886  51.7%     -   27s
     0     0    4.08886    0  316    8.45841    4.08886  51.7%     -   27s
H    0     0                       7.9522246    4.16569  47.6%     -   34s
     0     0    4.16569    0  340    7.95222    4.16569  47.6%     -   34s
     0     0    4.23699    0  307    7.95222    4.23699  46.7%     -   38s
H    0     0                       7.0952396    4.23699  40.3%     -   40s
     0     0    4.24719    0  328    7.09524    4.24719  40.1%     -   41s
     0     0    4.25102    0  324    7.09524    4.25102  40.1%     -   43s
     0     0    4.25110    0  323    7.09524    4.25110  40.1%     -   43s
     0     0    4.29868    0  309    7.09524    4.29868  39.4%     -   49s
H    0     0                       6.6029915    4.29868  34.9%     -   51s
     0     0    4.30039    0  317    6.60299    4.30039  34.9%     -   52s
     0     0    4.30081    0  315    6.60299    4.30081  34.9%     -   53s
     0     0    4.30112    0  316    6.60299    4.30112  34.9%     -   53s
     0     0    4.30115    0  317    6.60299    4.30115  34.9%     -   53s
     0     0    4.31406    0  397    6.60299    4.31406  34.7%     -   61s
     0     0    4.31638    0  411    6.60299    4.31638  34.6%     -   66s
     0     0    4.31658    0  438    6.60299    4.31658  34.6%     -   69s
     0     0    4.31658    0  437    6.60299    4.31658  34.6%     -   69s
     0     0    4.31942    0  441    6.60299    4.31942  34.6%     -   73s
     0     0    4.31943    0  441    6.60299    4.31943  34.6%     -   75s
     0     0    4.31955    0  458    6.60299    4.31955  34.6%     -   75s
     0     0    4.31964    0  490    6.60299    4.31964  34.6%     -   76s
     0     0    4.32044    0  499    6.60299    4.32044  34.6%     -   77s
     0     0    4.32058    0  469    6.60299    4.32058  34.6%     -   82s
     0     0    4.32063    0  451    6.60299    4.32063  34.6%     -   82s
     0     0    4.32117    0  429    6.60299    4.32117  34.6%     -   84s
     0     0    4.32117    0  385    6.60299    4.32117  34.6%     -   88s
H    0     0                       6.5732203    4.32117  34.3%     -   92s
     0     2    4.32117    0  382    6.57322    4.32117  34.3%     -   94s
     1     4    4.33867    1  342    6.57322    4.32117  34.3%  5277   99s
     3     8    4.34309    2  383    6.57322    4.32380  34.2%  3005  104s
     7    16    4.56567    3  347    6.57322    4.32522  34.2%  3951  110s
    15    32    4.59560    4  329    6.57322    4.33102  34.1%  3785  115s
    31    64    4.61787    5  330    6.57322    4.33473  34.1%  3382  159s
H   35    64                       5.6728857    4.33473  23.6%  5011  159s
H   37    64                       5.4289711    4.33473  20.2%  4849  159s
    40    64    4.38150    5  322    5.42897    4.33473  20.2%  4762  160s
H   43    64                       5.1772954    4.33473  16.3%  5165  160s
H   52    64                       5.1545889    4.35473  15.5%  5034  160s
    63    95    4.62073    6  286    5.15459    4.35473  15.5%  4572  180s
H   95   127                       5.1545889    4.35473  15.5%  3304  188s
H   97   127                       5.1513034    4.35473  15.5%  3279  188s
H  109   127                       5.0862529    4.35473  14.4%  3068  188s
   127   156    4.63671    8  238    5.08625    4.35473  14.4%  2829  191s
H  159   188                       5.0862529    4.35473  14.4%  2381  198s
H  163   188                       5.0775249    4.35473  14.2%  2336  198s
H  177   188                       5.0765859    4.35473  14.2%  2225  198s
H  178   188                       5.0714860    4.35473  14.1%  2223  198s
   191   238    4.64002   10  267    5.07149    4.35473  14.1%  2108  201s
   243   289    4.68655   11  274    5.07149    4.35473  14.1%  1839  212s
   295   333    4.68732   12  240    5.07149    4.35473  14.1%  1626  223s
   344   378    4.71255   13  321    5.07149    4.35473  14.1%  1550  231s
   398   414    4.71324   14  258    5.07149    4.35473  14.1%  1548  238s
H  423   414                       4.8987741    4.35473  11.1%  1532  238s
   439   424    4.77198   15  189    4.89877    4.35473  11.1%  1522  243s
   510   469    4.88005   15  238    4.89877    4.35473  11.1%  1416  254s
   579   515    4.79137   16  194    4.89877    4.35473  11.1%  1393  263s
   647   569    4.79511   17  195    4.89877    4.35473  11.1%  1381  267s
   722   623    4.81726   19  182    4.89877    4.35473  11.1%  1345  282s
   796   692    4.83097   20  194    4.89877    4.35473  11.1%  1335  288s
   884   764    4.83633   21  173    4.89877    4.35473  11.1%  1282  295s
H  892   764                       4.8967669    4.35473  11.1%  1272  295s
   984   834     cutoff   23         4.89677    4.35473  11.1%  1235  300s
  1099   888     cutoff   25         4.89677    4.35473  11.1%  1173  311s
  1199   950     cutoff   25         4.89677    4.35473  11.1%  1163  317s
  1316  1002    4.82285   45    4    4.89677    4.35473  11.1%  1124  324s
  1423  1071    4.82903   54    2    4.89677    4.35473  11.1%  1114  335s
* 1451  1071              60       4.8966531    4.35473  11.1%  1115  335s
  1544  1098    4.84904   62    2    4.89665    4.38150  10.5%  1105  341s
H 1644  1120                       4.8047950    4.38150  8.81%  1115  445s
H 1649  1120                       4.7802250    4.38150  8.34%  1126  445s
H 1653  1120                       4.7326863    4.38150  7.42%  1128  445s
  1684  1078     cutoff    8         4.73269    4.38150  7.42%  1136  487s
  1764  1078    4.70654    8  244    4.73269    4.38150  7.42%  1156  495s
  1847  1067    4.70654    9  243    4.73269    4.38150  7.42%  1194  505s
  1928  1059     cutoff   10         4.73269    4.42191  6.57%  1245  515s
  2013  1052    4.67088    7  328    4.73269    4.42191  6.57%  1273  524s
  2075  1051     cutoff    8         4.73269    4.42191  6.57%  1320  534s
  2150  1055     cutoff    8         4.73269    4.42191  6.57%  1362  542s
  2226  1047     cutoff    8         4.73269    4.42191  6.57%  1400  551s
  2326  1023    4.67380   19   54    4.73269    4.42191  6.57%  1420  558s
  2447  1028     cutoff   25         4.73269    4.46918  5.57%  1441  572s
  2575  1039    4.70918    7  417    4.73269    4.46918  5.57%  1464  580s
  2768  1030     cutoff    8         4.73269    4.46918  5.57%  1452  593s
  2899  1040     cutoff    8         4.73269    4.54751  3.91%  1455  609s
  3131  1004     cutoff   18         4.73269    4.55317  3.79%  1447  620s
  3354   975    4.64082   11  174    4.73269    4.60875  2.62%  1438  629s
  3580   913     cutoff   15         4.73269    4.64082  1.94%  1433  637s
  3879   789     cutoff   15         4.73269    4.66160  1.50%  1408  648s
  4133   305    4.70510   25  138    4.73269    4.68833  0.94%  1404  668s
  4683     0     cutoff   43         4.73269    4.70885  0.50%  1295  673s

Cutting planes:
  Gomory: 55
  Cover: 121
  Implied bound: 1117
  Clique: 86
  MIR: 512
  StrongCG: 3
  Flow cover: 255
  Zero half: 7
  RLT: 107
  Relax-and-lift: 182
  BQP: 12
  PSD: 1

Explored 4996 nodes (6183383 simplex iterations) in 673.88 seconds (1521.25 work units)
Thread count was 32 (of 128 available processors)

Solution count 10: 4.73269 4.78023 4.8048 ... 5.08625

Optimal solution found (tolerance 5.00e-03)
Best objective 4.732686250001e+00, best bound 4.732686250001e+00, gap 0.0000%


*********************************************
*********************************************


Set parameter LogFile to value "/work/07346/ashukla/ls6/Norta_Results/norta_sm_16_6/60M"
Gurobi Optimizer version 10.0.2 build v10.0.2rc0 (linux64)

CPU model: AMD EPYC 7763 64-Core Processor, instruction set [SSE2|AVX|AVX2]
Thread count: 128 physical cores, 128 logical processors, using up to 32 threads

Optimize a model with 211787 rows, 77908 columns and 590072 nonzeros
Model fingerprint: 0x95399192
Variable types: 55968 continuous, 21940 integer (21578 binary)
Coefficient statistics:
  Matrix range     [1e-03, 1e+05]
  Objective range  [6e-02, 6e-02]
  Bounds range     [1e+00, 3e+00]
  RHS range        [1e-02, 6e+07]

MIP start from previous solve produced solution with objective 4.73269 (0.71s)
MIP start from previous solve produced solution with objective 4.73269 (0.72s)
Loaded MIP start from previous solve with objective 4.73269

Presolve removed 176994 rows and 50732 columns
Presolve time: 1.78s
Presolved: 34793 rows, 27176 columns, 126374 nonzeros
Variable types: 23513 continuous, 3663 integer (3599 binary)
Root barrier log...

Ordering time: 0.29s

Barrier statistics:
 Dense cols : 60
 AA' NZ     : 3.814e+05
 Factor NZ  : 3.098e+06 (roughly 50 MB of memory)
 Factor Ops : 1.329e+09 (less than 1 second per iteration)
 Threads    : 32

                  Objective                Residual
Iter       Primal          Dual         Primal    Dual     Compl     Time
   0  -4.86986582e+05 -2.78315298e+05  2.30e+04 1.68e-01  5.09e+02     3s
   1  -2.77107598e+05 -2.89509530e+05  1.26e+04 5.65e-01  2.91e+02     3s
   2  -1.19755233e+05 -3.89955643e+05  4.34e+03 2.98e-13  1.35e+02     3s
   3  -6.07087427e+03 -2.94186521e+05  3.26e+01 1.18e-13  1.10e+01     3s
   4  -8.66250492e+02 -9.11433847e+04  5.66e+00 6.10e-14  2.20e+00     3s
   5   9.02812449e+01 -5.80783346e+04  5.61e-01 3.59e-14  9.73e-01     3s
   6   1.62171657e+02 -8.05580685e+03  4.58e-02 6.88e-15  1.30e-01     3s
   7   1.11774232e+02 -3.30605084e+03  6.82e-03 3.40e-15  5.38e-02     3s
   8   6.14389708e+01 -1.10577918e+03  5.80e-04 9.32e-16  1.83e-02     3s
   9   2.73293458e+01 -2.20822670e+02  4.26e-05 6.66e-16  3.90e-03     3s
  10   1.20060326e+01 -8.08904615e+01  8.50e-06 6.66e-16  1.46e-03     3s
  11   5.96019015e+00 -2.59079524e+01  2.75e-06 4.44e-16  5.00e-04     3s
  12   4.59166649e+00 -1.26875212e+01  1.98e-06 4.44e-16  2.71e-04     3s
  13   4.15084248e+00 -8.41340976e+00  1.75e-06 4.44e-16  1.97e-04     3s
  14   2.63658889e+00 -2.89043314e+00  1.00e-06 4.44e-16  8.68e-05     3s
  15   1.84533111e+00 -1.41262060e+00  6.42e-07 4.44e-16  5.12e-05     3s
  16   1.16350027e+00 -5.08763525e-01  3.38e-07 4.44e-16  2.63e-05     3s
  17   7.47602888e-01  4.14811213e-03  1.59e-07 4.44e-16  1.17e-05     3s
  18   5.61002687e-01  1.47992006e-01  8.15e-08 2.22e-16  6.49e-06     3s
  19   4.99577743e-01  2.29282378e-01  5.61e-08 4.44e-16  4.24e-06     3s
  20   4.76866354e-01  2.63195541e-01  4.65e-08 4.44e-16  3.36e-06     3s
  21   4.39732536e-01  2.87989416e-01  3.08e-08 4.44e-16  2.38e-06     3s
  22   3.99988981e-01  3.29428892e-01  1.37e-08 4.44e-16  1.11e-06     4s
  23   3.95045737e-01  3.37307298e-01  1.19e-08 4.44e-16  9.07e-07     4s
  24   3.83596008e-01  3.46238780e-01  7.13e-09 2.22e-16  5.87e-07     4s
  25   3.79337944e-01  3.56103194e-01  5.37e-09 4.44e-16  3.65e-07     4s
  26   3.74962890e-01  3.59399884e-01  3.68e-09 4.44e-16  2.44e-07     4s
  27   3.72489698e-01  3.61495258e-01  2.64e-09 4.44e-16  1.73e-07     4s
  28   3.70558514e-01  3.63245214e-01  1.80e-09 4.44e-16  1.15e-07     4s
  29   3.68400688e-01  3.64782352e-01  8.86e-10 4.44e-16  5.68e-08     4s
  30   3.67729554e-01  3.65190068e-01  6.03e-10 4.44e-16  3.99e-08     4s
  31   3.67294779e-01  3.65458559e-01  4.21e-10 4.44e-16  2.88e-08     4s
  32   3.67226666e-01  3.65866071e-01  3.92e-10 4.44e-16  2.14e-08     4s
  33   3.66761245e-01  3.66074808e-01  1.99e-10 4.44e-16  1.08e-08     4s
  34   3.66323683e-01  3.66238769e-01  3.30e-10 3.85e-15  1.33e-09     4s
  35   3.66285973e-01  3.66271119e-01  3.29e-10 9.03e-14  2.33e-10     4s
  36   3.66280695e-01  3.66278950e-01  4.34e-10 8.91e-14  2.74e-11     4s
  37   3.66280350e-01  3.66279895e-01  3.87e-09 2.82e-14  7.15e-12     4s

Barrier solved model in 37 iterations and 3.88 seconds (3.58 work units)
Optimal objective 3.66280350e-01


Restart crossover...


Root simplex log...

Iteration    Objective       Primal Inf.    Dual Inf.      Time
    6644    3.6628027e-01   0.000000e+00   0.000000e+00      5s
    6645    3.6628027e-01   0.000000e+00   0.000000e+00      5s
Extra simplex iterations after uncrush: 1

Root relaxation: objective 3.662803e-01, 6645 iterations, 2.62 seconds (2.70 work units)

    Nodes    |    Current Node    |     Objective Bounds      |     Work
 Expl Unexpl |  Obj  Depth IntInf | Incumbent    BestBd   Gap | It/Node Time

     0     0    0.36628    0  166    4.73269    0.36628  92.3%     -    8s
H    0     0                       2.8483938    0.36628  87.1%     -   10s
H    0     0                       1.7016112    0.42928  74.8%     -   18s
     0     0    0.42928    0  201    1.70161    0.42928  74.8%     -   18s
H    0     0                       1.6369440    0.42928  73.8%     -   22s
     0     0    0.42959    0  200    1.63694    0.42959  73.8%     -   23s
H    0     0                       1.6368147    0.43035  73.7%     -   25s
     0     0    0.43035    0  196    1.63681    0.43035  73.7%     -   25s
     0     0    0.43035    0  195    1.63681    0.43035  73.7%     -   25s
H    0     0                       1.5323761    0.43035  71.9%     -   27s
     0     0    0.43117    0  232    1.53238    0.43117  71.9%     -   28s
     0     0    0.43166    0  218    1.53238    0.43166  71.8%     -   30s
H    0     0                       1.5301875    0.43166  71.8%     -   32s
     0     0    0.43167    0  216    1.53019    0.43167  71.8%     -   33s
     0     0    0.43234    0  215    1.53019    0.43234  71.7%     -   34s
     0     0    0.43234    0  217    1.53019    0.43234  71.7%     -   34s
     0     0    0.43270    0  216    1.53019    0.43270  71.7%     -   35s
     0     0    0.43273    0  224    1.53019    0.43273  71.7%     -   36s
     0     0    0.43285    0  220    1.53019    0.43285  71.7%     -   36s
     0     0    0.43285    0  224    1.53019    0.43285  71.7%     -   37s
     0     0    0.43304    0  244    1.53019    0.43304  71.7%     -   37s
     0     0    0.43306    0  237    1.53019    0.43306  71.7%     -   38s
     0     0    0.43315    0  233    1.53019    0.43315  71.7%     -   38s
     0     0    0.43316    0  240    1.53019    0.43316  71.7%     -   38s
     0     0    0.43319    0  244    1.53019    0.43319  71.7%     -   39s
     0     0    0.43319    0  244    1.53019    0.43319  71.7%     -   39s
     0     0    0.43342    0  242    1.53019    0.43342  71.7%     -   39s
     0     0    0.43350    0  242    1.53019    0.43350  71.7%     -   40s
     0     0    0.43365    0  233    1.53019    0.43365  71.7%     -   40s
     0     0    0.43367    0  231    1.53019    0.43367  71.7%     -   40s
     0     0    0.43370    0  244    1.53019    0.43370  71.7%     -   41s
     0     0    0.43371    0  243    1.53019    0.43371  71.7%     -   41s
     0     0    0.43383    0  224    1.53019    0.43383  71.6%     -   41s
     0     0    0.43387    0  242    1.53019    0.43387  71.6%     -   42s
     0     0    0.43387    0  242    1.53019    0.43387  71.6%     -   42s
H    0     0                       1.5301875    0.43387  71.6%     -   42s
     0     0    0.43388    0  246    1.53019    0.43388  71.6%     -   42s
     0     0    0.43394    0  232    1.53019    0.43394  71.6%     -   43s
     0     0    0.43394    0  191    1.53019    0.43394  71.6%     -   47s
     0     2    0.43394    0  191    1.53019    0.43394  71.6%     -   52s
     1     4    0.54864    1  139    1.53019    0.43394  71.6%  5311   56s
     3     8    0.63091    2  141    1.53019    0.43489  71.6%  2662   61s
     7    16    0.63189    3  136    1.53019    0.43512  71.6%  2685   69s
    15    30    0.79849    4  197    1.53019    0.43536  71.5%  3080   75s
    31    60    0.80002    5  189    1.53019    0.43544  71.5%  2865   83s
H   32    60                       1.5175120    0.43544  71.3%  2775   83s
H   48    60                       0.8740154    0.43553  50.2%  2679   83s
    61    38     cutoff    6         0.87402    0.43553  50.2%  2477   86s
   109    66    0.59847    7  117    0.87402    0.43706  50.0%  1646   93s
   141    90    0.60507    8   92    0.87402    0.43706  50.0%  1993  103s
H  148    90                       0.8542422    0.43706  48.8%  1965  103s
H  158    90                       0.8416247    0.43706  48.1%  1941  103s
   173   111    0.61827    9  120    0.84162    0.43706  48.1%  1972  110s
H  175   111                       0.8416247    0.43706  48.1%  1968  110s
H  176   111                       0.8416247    0.43706  48.1%  1980  110s
H  178   111                       0.8416247    0.43706  48.1%  1988  110s
H  180   111                       0.8416247    0.43706  48.1%  2010  110s
H  191   111                       0.8416247    0.43706  48.1%  2025  110s
   206   135     cutoff   10         0.84162    0.43706  48.1%  2096  117s
H  238   160                       0.7556688    0.43706  42.2%  2036  165s
H  255   160                       0.7088352    0.43706  38.3%  2020  165s
   322   147    0.64771   12   77    0.70884    0.43706  38.3%  1878  174s
   382   166    0.70176   13   75    0.70884    0.43706  38.3%  1831  183s
H  401   166                       0.7054966    0.43706  38.0%  1865  183s
   421   187     cutoff   14         0.70550    0.43706  38.0%  1828  187s
   487   225    0.63252   20   91    0.70550    0.43706  38.0%  1733  196s
   572   236    0.64578   23   85    0.70550    0.43706  38.0%  1641  202s
   655   225    0.64633   24   80    0.70550    0.43706  38.0%  1573  209s
   737   220     cutoff   26         0.70550    0.43706  38.0%  1559  305s
H  739   220                       0.6816060    0.43706  35.9%  1559  305s
H  741   220                       0.6695262    0.43706  34.7%  1563  305s
   776   199    0.65099   24   70    0.66953    0.43706  34.7%  1600  314s
   852   208    0.47494   18  204    0.66953    0.43706  34.7%  1620  322s
   919   201    0.50463   19  200    0.66953    0.43706  34.7%  1635  327s
  1000   183    0.60935   20  203    0.66953    0.43706  34.7%  1640  336s
  1070   165     cutoff   21         0.66953    0.43706  34.7%  1656  343s
  1130   155    0.64498   19  184    0.66953    0.43706  34.7%  1706  350s
  1206   146    0.64661   20  188    0.66953    0.43706  34.7%  1711  356s
  1275   120     cutoff   21         0.66953    0.43706  34.7%  1724  366s
  1351    87    0.64473   27  227    0.66953    0.43706  34.7%  1753  373s
  1434    69     cutoff   28         0.66953    0.45551  32.0%  1750  379s
  1508    51    0.53629    8  109    0.66953    0.45551  32.0%  1738  384s
  1594    68    0.65102   11   59    0.66953    0.45551  32.0%  1707  390s
H 1860   137                       0.6688033    0.49191  26.4%  1615  411s
H 1863   137                       0.6687774    0.49191  26.4%  1615  411s
H 1892   137                       0.6687774    0.49191  26.4%  1609  411s
  1913   287    0.50867   13  180    0.66878    0.49191  26.4%  1601  416s
  2238   353     cutoff   17         0.66878    0.49191  26.4%  1456  423s
* 2448   353              46       0.6500306    0.49191  24.3%  1385  423s
* 2517   353              28       0.6479700    0.49191  24.1%  1366  423s
  2547   417     cutoff   16         0.64797    0.49191  24.1%  1361  429s
  2837   570    0.56967   26  157    0.64797    0.49191  24.1%  1291  433s
  3186   620    0.59557   28  180    0.64797    0.49191  24.1%  1210  440s
  3537   604    0.63887   29  159    0.64797    0.49191  24.1%  1155  445s
  3812   586     cutoff   30         0.64797    0.52052  19.7%  1137  450s
* 3948   586              52       0.6401251    0.52055  18.7%  1126  450s
* 3949   586              52       0.6401188    0.52055  18.7%  1125  450s
* 3951   586              52       0.6348965    0.52055  18.0%  1125  450s
  4171   458    0.53892   12   61    0.63490    0.52055  18.0%  1095  456s
H 4190   458                       0.5890144    0.52055  11.6%  1095  456s
  4476    76     cutoff   14         0.58901    0.52132  11.5%  1071  460s
  4889    20    0.56442   14    9    0.58901    0.52151  11.5%   989  465s
* 4906    20              27       0.5811900    0.52151  10.3%   987  465s
  5031     0     cutoff   16         0.58119    0.56846  2.19%   974  471s

Cutting planes:
  Learned: 2
  Gomory: 33
  Cover: 209
  Implied bound: 1333
  Clique: 98
  MIR: 230
  StrongCG: 2
  Flow cover: 129
  Zero half: 8
  RLT: 48
  Relax-and-lift: 85
  BQP: 9
  PSD: 4

Explored 5035 nodes (4938382 simplex iterations) in 471.46 seconds (918.76 work units)
Thread count was 32 (of 128 available processors)

Solution count 10: 0.58119 0.589014 0.634897 ... 0.668803

Optimal solution found (tolerance 5.00e-03)
Best objective 5.811900000005e-01, best bound 5.811900000005e-01, gap 0.0000%


*********************************************
*********************************************


Set parameter LogFile to value "/work/07346/ashukla/ls6/Norta_Results/norta_sm_16_6/80M"
Gurobi Optimizer version 10.0.2 build v10.0.2rc0 (linux64)

CPU model: AMD EPYC 7763 64-Core Processor, instruction set [SSE2|AVX|AVX2]
Thread count: 128 physical cores, 128 logical processors, using up to 32 threads

Optimize a model with 211787 rows, 77908 columns and 590072 nonzeros
Model fingerprint: 0xa79e7864
Variable types: 55968 continuous, 21940 integer (21578 binary)
Coefficient statistics:
  Matrix range     [1e-03, 1e+05]
  Objective range  [6e-02, 6e-02]
  Bounds range     [1e+00, 3e+00]
  RHS range        [1e-02, 8e+07]

MIP start from previous solve produced solution with objective 0.58119 (0.77s)
MIP start from previous solve produced solution with objective 0.58119 (0.78s)
Loaded MIP start from previous solve with objective 0.58119

Presolve removed 179704 rows and 51228 columns
Presolve time: 1.93s
Presolved: 32083 rows, 26680 columns, 118584 nonzeros
Variable types: 23128 continuous, 3552 integer (3489 binary)
Root barrier log...

Ordering time: 0.30s

Barrier statistics:
 Dense cols : 49
 AA' NZ     : 3.347e+05
 Factor NZ  : 2.668e+06 (roughly 40 MB of memory)
 Factor Ops : 1.008e+09 (less than 1 second per iteration)
 Threads    : 32

                  Objective                Residual
Iter       Primal          Dual         Primal    Dual     Compl     Time
   0  -5.50877013e+04 -2.50137591e+05  2.78e+02 1.68e-01  6.07e+01     3s
   1  -1.73572463e+04 -2.08719720e+05  8.86e+01 3.96e-01  2.08e+01     3s
   2  -6.38239164e+02 -9.47765297e+04  4.33e+00 3.14e-14  2.24e+00     3s
   3   5.79317001e+01 -3.17089217e+04  7.19e-01 8.44e-15  5.93e-01     3s
   4   1.53138975e+02 -2.86464117e+03  6.30e-02 1.78e-15  5.23e-02     3s
   5   1.03819922e+02 -8.28043862e+02  1.03e-02 6.66e-16  1.57e-02     3s
   6   4.89386935e+01 -2.78571893e+02  3.62e-03 6.66e-16  5.51e-03     3s
   7   2.55686190e+01 -1.12743168e+02  1.52e-03 4.44e-16  2.33e-03     3s
   8   9.41557580e+00 -3.72432457e+01  4.89e-04 4.44e-16  7.84e-04     3s
   9   8.29783672e-01 -7.45320317e+00  1.23e-05 4.44e-16  1.39e-04     3s
  10   2.45130952e-01 -1.70259906e+00  2.68e-06 4.44e-16  3.26e-05     3s
  11   5.44275148e-02 -2.80337523e-01  4.36e-07 4.44e-16  5.61e-06     3s
  12   1.35510710e-02 -3.68575583e-02  1.06e-07 4.44e-16  8.45e-07     3s
  13   1.68829348e-03 -4.50401658e-03  1.31e-08 4.44e-16  1.04e-07     3s
  14   1.10628456e-04 -3.49505685e-05  8.28e-10 4.44e-16  2.44e-09     3s
  15   6.51830874e-08 -7.58319629e-09  1.06e-11 5.60e-15  1.22e-12     4s

Barrier solved model in 15 iterations and 3.50 seconds (3.16 work units)
Optimal objective 6.51830874e-08


Root relaxation: objective 1.023182e-12, 5337 iterations, 2.03 seconds (2.20 work units)
Total elapsed time = 8.11s

    Nodes    |    Current Node    |     Objective Bounds      |     Work
 Expl Unexpl |  Obj  Depth IntInf | Incumbent    BestBd   Gap | It/Node Time

     0     0    0.00000    0    3    0.58119    0.00000   100%     -    9s
H    0     0                       0.2588554    0.00000   100%     -   10s
     0     0    0.00000    0    3    0.25886    0.00000   100%     -   11s
H    0     0                       0.1565898    0.00000   100%     -   12s
     0     0    0.00000    0    3    0.15659    0.00000   100%     -   12s
     0     0    0.00000    0    3    0.15659    0.00000   100%     -   12s
     0     0    0.00000    0    3    0.15659    0.00000   100%     -   13s
     0     0    0.00000    0    3    0.15659    0.00000   100%     -   13s
     0     0    0.00000    0    3    0.15659    0.00000   100%     -   13s
     0     0    0.00000    0    3    0.15659    0.00000   100%     -   13s
     0     0    0.00000    0    3    0.15659    0.00000   100%     -   13s
     0     0    0.00000    0    3    0.15659    0.00000   100%     -   13s
     0     0    0.00000    0    3    0.15659    0.00000   100%     -   14s
     0     0    0.00000    0    3    0.15659    0.00000   100%     -   15s
     0     2    0.00000    0    3    0.15659    0.00000   100%     -   15s
     1     2    0.00030    1   70    0.15659    0.00000   100%  7435   21s
*    2     2               1       0.0000000    0.00000  0.00%  3836   21s

Cutting planes:
  Cover: 7
  Implied bound: 20
  Clique: 10
  MIR: 35
  Flow cover: 3
  Zero half: 1
  RLT: 1
  Relax-and-lift: 3

Explored 3 nodes (28137 simplex iterations) in 21.13 seconds (35.93 work units)
Thread count was 32 (of 128 available processors)

Solution count 4: 5.68434e-13 0.15659 0.258855 0.58119 

Optimal solution found (tolerance 5.00e-03)
Best objective 5.684341886081e-13, best bound 5.684341886081e-13, gap 0.0000%


*********************************************
*********************************************


