Set parameter TokenServer to value "license02.tacc.utexas.edu"
Set parameter LogFile to value "/work/07346/ashukla/ls6/Norta_Results/norta_sm_16_9/0M"
Set parameter MIPGap to value 0.005
Set parameter TimeLimit to value 32400
Set parameter Method to value 2
Gurobi Optimizer version 10.0.2 build v10.0.2rc0 (linux64)

CPU model: AMD EPYC 7763 64-Core Processor, instruction set [SSE2|AVX|AVX2]
Thread count: 128 physical cores, 128 logical processors, using up to 32 threads

Optimize a model with 211771 rows, 77908 columns and 590024 nonzeros
Model fingerprint: 0x8c7eff93
Variable types: 55968 continuous, 21940 integer (21578 binary)
Coefficient statistics:
  Matrix range     [1e-03, 1e+05]
  Objective range  [6e-02, 6e-02]
  Bounds range     [1e+00, 3e+00]
  RHS range        [1e-02, 2e+04]
Presolve removed 210894 rows and 76732 columns
Presolve time: 1.56s
Presolved: 877 rows, 1176 columns, 3982 nonzeros
Variable types: 1027 continuous, 149 integer (149 binary)
Found heuristic solution: objective 66.7795071
Root barrier log...

Ordering time: 0.00s

Barrier statistics:
 AA' NZ     : 4.569e+03
 Factor NZ  : 2.150e+04 (roughly 1 MB of memory)
 Factor Ops : 1.096e+06 (less than 1 second per iteration)
 Threads    : 1

                  Objective                Residual
Iter       Primal          Dual         Primal    Dual     Compl     Time
   0  -1.80557044e+03 -7.87409126e+03  1.55e+02 2.00e-01  3.48e+01     2s
   1  -6.15598554e+01 -4.07616239e+03  9.89e+00 3.67e-03  3.79e+00     2s
   2   4.86047410e+01 -5.95166884e+02  6.41e-01 2.26e-14  3.86e-01     2s
   3   5.33444040e+01 -1.27860649e+01  5.99e-02 3.89e-15  3.54e-02     2s
   4   4.83972499e+01  3.62701746e+01  7.69e-04 1.78e-15  6.12e-03     2s
   5   4.63251644e+01  4.19518962e+01  2.53e-04 4.44e-16  2.21e-03     2s
   6   4.54542418e+01  4.38428166e+01  7.87e-05 2.22e-16  8.13e-04     2s
   7   4.51553900e+01  4.44898149e+01  2.43e-05 2.22e-16  3.36e-04     2s
   8   4.50739661e+01  4.48833715e+01  1.07e-05 2.22e-16  9.62e-05     2s
   9   4.50192661e+01  4.49627718e+01  1.76e-06 2.22e-16  2.85e-05     2s
  10   4.50100553e+01  4.49985840e+01  5.08e-07 2.22e-16  5.79e-06     2s
  11   4.50057033e+01  4.50051561e+01  1.41e-10 4.44e-16  2.76e-07     2s
  12   4.50056416e+01  4.50056299e+01  5.29e-10 2.22e-16  5.93e-09     2s
  13   4.50056393e+01  4.50056389e+01  1.33e-10 2.22e-16  2.05e-10     2s
  14   4.50056391e+01  4.50056391e+01  1.93e-09 2.22e-16  2.05e-13     2s

Barrier solved model in 14 iterations and 1.66 seconds (1.76 work units)
Optimal objective 4.50056391e+01


Root relaxation: objective 4.500564e+01, 9 iterations, 0.02 seconds (0.02 work units)

    Nodes    |    Current Node    |     Objective Bounds      |     Work
 Expl Unexpl |  Obj  Depth IntInf | Incumbent    BestBd   Gap | It/Node Time

     0     0   45.00564    0    1   66.77951   45.00564  32.6%     -    1s
H    0     0                      45.0059520   45.00564  0.00%     -    1s

Explored 1 nodes (9 simplex iterations) in 1.68 seconds (1.77 work units)
Thread count was 32 (of 128 available processors)

Solution count 2: 45.006 66.7795 

Optimal solution found (tolerance 5.00e-03)
Best objective 4.500595201628e+01, best bound 4.500563910270e+01, gap 0.0007%


*********************************************
*********************************************


Set parameter LogFile to value "/work/07346/ashukla/ls6/Norta_Results/norta_sm_16_9/20M"
Gurobi Optimizer version 10.0.2 build v10.0.2rc0 (linux64)

CPU model: AMD EPYC 7763 64-Core Processor, instruction set [SSE2|AVX|AVX2]
Thread count: 128 physical cores, 128 logical processors, using up to 32 threads

Optimize a model with 211771 rows, 77908 columns and 590024 nonzeros
Model fingerprint: 0x4b04af0a
Variable types: 55968 continuous, 21940 integer (21578 binary)
Coefficient statistics:
  Matrix range     [1e-03, 1e+05]
  Objective range  [6e-02, 6e-02]
  Bounds range     [1e+00, 3e+00]
  RHS range        [1e-02, 2e+07]

MIP start from previous solve produced solution with objective 45.006 (0.62s)
MIP start from previous solve produced solution with objective 45.006 (0.62s)
Loaded MIP start from previous solve with objective 45.006

Presolve removed 176600 rows and 50700 columns
Presolve time: 1.73s
Presolved: 35171 rows, 27208 columns, 127433 nonzeros
Variable types: 23546 continuous, 3662 integer (3597 binary)
Root barrier log...

Ordering time: 0.31s

Barrier statistics:
 Dense cols : 55
 AA' NZ     : 3.999e+05
 Factor NZ  : 3.136e+06 (roughly 50 MB of memory)
 Factor Ops : 1.349e+09 (less than 1 second per iteration)
 Threads    : 32

                  Objective                Residual
Iter       Primal          Dual         Primal    Dual     Compl     Time
   0  -9.93277465e+05 -2.86759671e+05  5.36e+04 1.68e-01  1.04e+03     3s
   1  -6.13098223e+05 -3.19261414e+05  3.28e+04 2.66e-01  6.34e+02     3s
   2  -2.06220339e+05 -3.86165174e+05  9.63e+03 1.20e-13  2.28e+02     3s
   3  -1.27854919e+04 -3.08063087e+05  5.79e+02 1.31e-13  1.80e+01     3s
   4  -4.66819807e+03 -1.56205917e+05  2.34e+02 6.08e-14  6.59e+00     3s
   5  -1.99829432e+03 -8.40244047e+04  1.11e+02 2.11e-14  2.83e+00     3s
   6  -8.81536915e+02 -5.09151608e+04  5.31e+01 9.35e-15  1.39e+00     3s
   7  -3.46201597e+02 -3.01184902e+04  2.57e+01 4.00e-15  7.05e-01     3s
   8   2.06689992e+01 -7.11838724e+03  6.27e+00 3.80e-15  1.47e-01     3s
   9   1.10723835e+02 -7.95644042e+02  4.50e-02 3.14e-15  1.51e-02     3s
  10   5.50442795e+01 -1.83600935e+02  4.27e-03 6.44e-15  3.76e-03     3s
  11   3.33896728e+01 -9.85199313e+01  1.80e-03 4.00e-15  2.07e-03     3s
  12   2.55020445e+01 -5.50557456e+01  1.05e-03 2.00e-15  1.26e-03     3s
  13   2.20660137e+01 -4.00681285e+01  7.90e-04 1.55e-15  9.73e-04     3s
  14   1.90546634e+01 -2.76427505e+01  5.53e-04 1.11e-15  7.31e-04     3s
  15   1.77104059e+01 -2.36415418e+01  4.55e-04 8.88e-16  6.47e-04     3s
  16   1.57273067e+01 -1.18726864e+01  3.20e-04 4.44e-16  4.32e-04     3s
  17   1.38948988e+01 -1.72037882e+00  1.98e-04 4.44e-16  2.44e-04     3s
  18   1.27427857e+01  3.89276550e+00  1.37e-04 4.44e-16  1.39e-04     3s
  19   1.22350158e+01  5.62732680e+00  1.10e-04 4.44e-16  1.04e-04     3s
  20   1.17198718e+01  6.75806982e+00  8.37e-05 4.44e-16  7.77e-05     3s
  21   1.10094234e+01  7.68776221e+00  4.75e-05 4.44e-16  5.20e-05     3s
  22   1.07456823e+01  8.28596874e+00  3.52e-05 4.44e-16  3.85e-05     3s
  23   1.05117022e+01  8.92507837e+00  2.40e-05 4.44e-16  2.48e-05     3s
  24   1.03643360e+01  9.04364288e+00  1.71e-05 4.44e-16  2.07e-05     3s
  25   1.02729182e+01  9.16502462e+00  1.25e-05 5.44e-16  1.73e-05     3s
  26   1.02184479e+01  9.44259922e+00  9.94e-06 5.04e-16  1.21e-05     3s
  27   1.01487266e+01  9.64421779e+00  6.80e-06 4.44e-16  7.89e-06     3s
  28   1.01016144e+01  9.69509162e+00  4.60e-06 2.22e-16  6.35e-06     3s
  29   1.00772433e+01  9.79973019e+00  3.55e-06 4.44e-16  4.34e-06     3s
  30   1.00480582e+01  9.85749491e+00  2.26e-06 4.44e-16  2.98e-06     4s
  31   1.00301613e+01  9.88425152e+00  1.45e-06 4.44e-16  2.28e-06     4s
  32   1.00198510e+01  9.93485600e+00  1.02e-06 2.22e-16  1.33e-06     4s
  33   1.00101756e+01  9.95624026e+00  6.27e-07 2.22e-16  8.43e-07     4s
  34   1.00051821e+01  9.97186774e+00  4.27e-07 2.75e-16  5.21e-07     4s
  35   1.00021388e+01  9.98017406e+00  3.08e-07 4.44e-16  3.44e-07     4s
  36   9.99968200e+00  9.98471243e+00  2.14e-07 4.44e-16  2.34e-07     4s
  37   9.99748018e+00  9.98955037e+00  1.29e-07 4.44e-16  1.24e-07     4s
  38   9.99592425e+00  9.99085735e+00  6.86e-08 4.44e-16  7.93e-08     4s
  39   9.99522033e+00  9.99202115e+00  4.16e-08 4.44e-16  5.00e-08     4s
  40   9.99460278e+00  9.99347838e+00  1.81e-08 4.44e-16  1.76e-08     4s
  41   9.99423865e+00  9.99382500e+00  4.48e-09 3.33e-15  6.47e-09     4s
  42   9.99414804e+00  9.99405787e+00  2.28e-09 1.90e-14  1.41e-09     4s
  43   9.99412330e+00  9.99408533e+00  7.56e-10 1.04e-14  5.93e-10     4s
  44   9.99411451e+00  9.99410627e+00  2.43e-10 1.15e-14  1.29e-10     4s
  45   9.99411074e+00  9.99410954e+00  2.23e-08 7.02e-15  1.88e-11     4s

Barrier solved model in 45 iterations and 3.83 seconds (3.75 work units)
Optimal objective 9.99411074e+00


Root simplex log...

Iteration    Objective       Primal Inf.    Dual Inf.      Time
    7109    9.9941102e+00   0.000000e+00   7.198454e-03      5s
    7110    9.9941102e+00   0.000000e+00   0.000000e+00      5s
Extra simplex iterations after uncrush: 1

Root relaxation: objective 9.994110e+00, 7110 iterations, 2.64 seconds (3.15 work units)

    Nodes    |    Current Node    |     Objective Bounds      |     Work
 Expl Unexpl |  Obj  Depth IntInf | Incumbent    BestBd   Gap | It/Node Time

     0     0    9.99411    0  505   45.00595    9.99411  77.8%     -    9s
H    0     0                      25.4845050    9.99411  60.8%     -   10s
H    0     0                      25.4552896    9.99411  60.7%     -   11s
     0     0   11.04084    0  649   25.45529   11.04084  56.6%     -   21s
H    0     0                      17.0394437   11.04084  35.2%     -   23s
H    0     0                      16.7076861   11.11851  33.5%     -   27s
     0     0   11.11851    0  668   16.70769   11.11851  33.5%     -   27s
     0     0   11.11853    0  668   16.70769   11.11853  33.5%     -   27s
     0     0   11.42343    0  592   16.70769   11.42343  31.6%     -   33s
     0     0   11.45710    0  664   16.70769   11.45710  31.4%     -   40s
     0     0   11.46730    0  561   16.70769   11.46730  31.4%     -   42s
     0     0   11.47384    0  566   16.70769   11.47384  31.3%     -   47s
     0     0   11.47765    0  651   16.70769   11.47765  31.3%     -   48s
     0     0   11.47783    0  653   16.70769   11.47783  31.3%     -   49s
     0     0   11.56775    0  830   16.70769   11.56775  30.8%     -   54s
H    0     0                      16.1738800   11.56775  28.5%     -   56s
H    0     0                      16.1230417   11.56775  28.3%     -   57s
     0     0   11.58821    0  597   16.12304   11.58821  28.1%     -   58s
     0     0   11.59150    0  624   16.12304   11.59150  28.1%     -   59s
     0     0   11.59163    0  622   16.12304   11.59163  28.1%     -   60s
     0     0   11.63240    0  781   16.12304   11.63240  27.9%     -   63s
H    0     0                      14.2232475   11.64102  18.2%     -   66s
     0     0   11.64102    0  774   14.22325   11.64102  18.2%     -   66s
     0     0   11.64270    0  792   14.22325   11.64270  18.1%     -   67s
     0     0   11.64312    0  791   14.22325   11.64312  18.1%     -   67s
     0     0   11.64324    0  793   14.22325   11.64324  18.1%     -   68s
     0     0   11.65126    0  822   14.22325   11.65126  18.1%     -   69s
     0     0   11.65165    0  818   14.22325   11.65165  18.1%     -   73s
     0     0   11.65173    0  817   14.22325   11.65173  18.1%     -   73s
     0     0   11.65576    0  730   14.22325   11.65576  18.1%     -   75s
     0     0   11.65597    0  729   14.22325   11.65597  18.0%     -   75s
     0     0   11.65726    0  691   14.22325   11.65726  18.0%     -   76s
     0     0   11.65747    0  711   14.22325   11.65747  18.0%     -   77s
     0     0   11.65774    0  689   14.22325   11.65774  18.0%     -   77s
     0     0   11.65774    0  690   14.22325   11.65774  18.0%     -   77s
     0     0   11.65796    0  709   14.22325   11.65796  18.0%     -   78s
     0     0   11.65796    0  582   14.22325   11.65796  18.0%     -   84s
     0     2   11.65796    0  582   14.22325   11.65796  18.0%     -   89s
     1     4   12.31131    1  675   14.22325   11.70504  17.7%  6477   97s
     3     8   12.32491    2  750   14.22325   11.75395  17.4%  2696  101s
     7    16   12.34804    3  770   14.22325   11.78367  17.2%  2536  106s
    15    32   12.38489    4  844   14.22325   11.78929  17.1%  2366  111s
    31    64   12.39790    5  851   14.22325   11.80047  17.0%  2477  120s
H   35    64                      14.2158249   11.80047  17.0%  2234  120s
H   40    64                      14.2140537   11.80047  17.0%  2183  120s
    63    96   12.40535    6  749   14.21405   11.80281  17.0%  2005  152s
    95   128   12.42864    7  746   14.21405   11.80281  17.0%  1862  156s
   127   160   12.43416    8  745   14.21405   11.80281  17.0%  1584  160s
H  159   192                      14.1574947   11.80281  16.6%  1433  174s
H  163   192                      14.1403107   11.80281  16.5%  1429  174s
H  164   192                      14.1380195   11.80281  16.5%  1427  174s
H  165   192                      14.1284747   11.80281  16.5%  1427  174s
   191   231   12.46207    9  692   14.12847   11.80281  16.5%  1417  177s
   230   272   12.47029   10  694   14.12847   11.80281  16.5%  1383  183s
   273   314   12.48532   11  695   14.12847   11.80281  16.5%  1400  187s
   315   360   12.53306   12  673   14.12847   11.80281  16.5%  1379  191s
   361   407   12.56120   12  438   14.12847   11.80281  16.5%  1372  196s
   408   458   12.55202   13  598   14.12847   11.80281  16.5%  1346  202s
   460   494   12.68950   14  710   14.12847   11.80281  16.5%  1311  207s
   496   556   12.83657   14  594   14.12847   11.80281  16.5%  1263  222s
   565   623   12.69153   15  591   14.12847   11.80281  16.5%  1222  229s
   633   679   12.75038   16  634   14.12847   11.80281  16.5%  1184  244s
   695   735   12.73984   17  704   14.12847   11.80281  16.5%  1199  249s
   759   806   12.78505   19  628   14.12847   11.80281  16.5%  1204  282s
   832   894   12.79524   21  607   14.12847   11.80281  16.5%  1233  291s
   923   984   12.81352   23  626   14.12847   11.80281  16.5%  1206  297s
  1021  1038   12.83881   24  578   14.12847   11.80281  16.5%  1177  302s
  1111  1068   13.08081   26  386   14.12847   11.80281  16.5%  1178  309s
H 1178  1097                      13.9921682   11.80281  15.6%  1199  345s
H 1183  1097                      13.8636283   11.80281  14.9%  1203  345s
  1215  1140   13.08811   27  388   13.86363   11.80281  14.9%  1229  354s
  1300  1195   13.16742   29  399   13.86363   11.80281  14.9%  1250  361s
  1373  1276   13.26222   32  376   13.86363   11.80281  14.9%  1270  370s
  1478  1362   13.26507   33  320   13.86363   11.80281  14.9%  1259  377s
  1577  1443     cutoff   37        13.86363   11.80281  14.9%  1264  387s
  1700  1518     cutoff   40        13.86363   11.80281  14.9%  1258  404s
  1810  1584   13.80709   41  330   13.86363   11.80281  14.9%  1271  413s
H 1839  1584                      13.7677802   11.80281  14.3%  1267  413s
H 1894  1584                      13.7210770   11.80281  14.0%  1268  413s
  1895  1649     cutoff   42        13.72108   11.80402  14.0%  1267  427s
  2026  1753   12.02297    8  314   13.72108   11.80402  14.0%  1269  439s
  2149  1874   12.17879   11  378   13.72108   11.80402  14.0%  1273  447s
  2287  1917   12.25300   14  296   13.72108   11.80402  14.0%  1269  457s
  2441  2018   13.06200   17  401   13.72108   11.80402  14.0%  1251  473s
  2605  2123     cutoff   21        13.72108   11.80402  14.0%  1255  488s
  2803  2213   13.37394   20  322   13.72108   11.80402  14.0%  1240  500s
  2949  2214   13.09903   19  582   13.72108   11.80402  14.0%  1245  748s
  2951  2215   13.18649   29  521   13.72108   11.80402  14.0%  1244  757s
  2952  2216   13.38837   33  535   13.72108   11.80402  14.0%  1244  785s
  2953  2217   12.39069   27  628   13.72108   11.80402  14.0%  1244  791s
  2955  2218   13.41683   32  659   13.72108   11.80402  14.0%  1243  795s
  2957  2219   13.49031   65  488   13.72108   11.80402  14.0%  1242  812s
  2959  2221   13.15806   30  522   13.72108   11.80402  14.0%  1241  815s
  2960  2221   13.38333   64  515   13.72108   11.80402  14.0%  1241  826s
  2962  2223   13.55061   43  435   13.72108   11.80402  14.0%  1240  833s
  2964  2224   12.71475    8  475   13.72108   11.80402  14.0%  1239  843s
  2966  2225   13.70575   58  496   13.72108   11.80402  14.0%  1238  852s
  2968  2227   12.93595   18  510   13.72108   11.80402  14.0%  1237  861s
  2970  2228   12.65512   29  514   13.72108   11.80402  14.0%  1236  868s
  2972  2229   12.10323   23  524   13.72108   11.80402  14.0%  1236  876s
  2974  2231   12.75612   18  525   13.72108   11.80402  14.0%  1235  881s
  2975  2231   12.17237   16  522   13.72108   11.80402  14.0%  1234  887s
  2976  2232   12.07264   10  522   13.72108   11.80402  14.0%  1234  891s
  2977  2236   12.20413   11  540   13.72108   11.80402  14.0%  26.1  899s
  2979  2239   13.56691   12  564   13.72108   11.80402  14.0%  27.4  906s
  2983  2245   13.61762   13  681   13.72108   11.80879  13.9%  31.5  916s
  2991  2253   13.65014   14  541   13.72108   11.83074  13.8%  41.9  928s
  3006  2272   13.71275   15  581   13.72108   11.85118  13.6%  56.2  942s
  3032  2289     cutoff   16        13.72108   11.86038  13.6%  88.3  953s
  3064  2311   12.38594   17  403   13.72108   11.86038  13.6%   121  961s
  3096  2332   12.39073   18  403   13.72108   12.00671  12.5%   151  969s
  3128  2351   12.40940   19  415   13.72108   12.00671  12.5%   179  977s
H 3160  2261                      13.7011017   12.00671  12.4%   198  987s
H 3169  2152                      13.6703420   12.00671  12.2%   202  987s
H 3170  2050                      13.6567476   12.00671  12.1%   203  987s
H 3189  1948                      13.6548346   12.00671  12.1%   212  987s
  3194  1977   12.41253   21  409   13.65483   12.00671  12.1%   213  995s
  3227  2005   12.42672   22  375   13.65483   12.00671  12.1%   223 1002s
  3271  2026   12.44370   24  317   13.65483   12.00671  12.1%   238 1011s
  3310  2055   12.44812   25  232   13.65483   12.00671  12.1%   254 1016s
  3364  2087   12.45542   27  231   13.65483   12.00671  12.1%   271 1023s
  3418  2111   12.52596   29  177   13.65483   12.00671  12.1%   285 1029s
  3468  2140   12.68256   31  143   13.65483   12.00671  12.1%   305 1036s
  3527  2141   12.82601   34  188   13.65483   12.00671  12.1%   325 1047s
  3574  2146   13.07850   36  178   13.65483   12.00671  12.1%   342 1053s
  3627  2154   13.10210   38  201   13.65483   12.00671  12.1%   361 1061s
  3689  2167   13.31919   41  266   13.65483   12.00671  12.1%   380 1142s
H 3752  2083                      13.2767822   12.00671  9.57%   419 1277s
H 3753  1996                      13.1873775   12.00671  8.95%   420 1277s
H 3762  1910                      13.1291992   12.00671  8.55%   422 1277s
H 3773  1828                      13.0326063   12.00671  7.87%   426 1277s
  3787  1769     cutoff   43        13.03261   12.02079  7.76%   429 1410s
H 3791  1693                      13.0058037   12.02079  7.57%   429 1410s
H 3792  1622                      12.9982825   12.02079  7.52%   429 1410s
H 3813  1548                      12.9927734   12.02079  7.48%   434 1410s
H 3818  1482                      12.9914644   12.02079  7.47%   434 1410s
H 3850  1412                      12.9904024   12.02079  7.46%   441 1410s
  3891  1435   12.10384   18  482   12.99040   12.02079  7.46%   445 1419s
  3974  1442   12.14816   20  421   12.99040   12.02079  7.46%   469 1430s
  4062  1484   12.55124   22  407   12.99040   12.02079  7.46%   498 1440s
  4168  1524   12.57400   25  322   12.99040   12.02079  7.46%   519 1449s
  4292  1554   12.67102   27  258   12.99040   12.02079  7.46%   533 1459s
  4430  1546   12.76338   29  271   12.99040   12.02079  7.46%   545 1471s
  4558  1545     cutoff   32        12.99040   12.02079  7.46%   567 1480s
  4693  1568   12.87815   31  209   12.99040   12.02079  7.46%   585 1504s
  4815  1599     cutoff   31        12.99040   12.07349  7.06%   607 1515s
H 4943  1529                      12.9904008   12.07349  7.06%   631 1602s
H 4950  1473                      12.9840157   12.07349  7.01%   633 1602s
H 4974  1413                      12.9840088   12.07349  7.01%   636 1602s
H 4984  1361                      12.9840082   12.07349  7.01%   636 1602s
  4985  1417   12.77938   19  406   12.98401   12.07349  7.01%   636 1616s
  5134  1450   12.81039   21  399   12.98401   12.07349  7.01%   652 1630s
  5306  1438     cutoff   26        12.98401   12.07349  7.01%   671 1645s
  5506  1451   12.94721   25  292   12.98401   12.10860  6.74%   688 1661s
  5673  1486   12.31807   19  505   12.98401   12.10860  6.74%   708 1672s
  5880  1526   12.50025   23  620   12.98401   12.10860  6.74%   725 1688s
  6103  1606     cutoff   27        12.98401   12.10860  6.74%   742 1702s
  6314  1691     cutoff   28        12.98401   12.11443  6.70%   763 1715s
  6572  1834   12.28409   21  223   12.98401   12.23420  5.77%   778 1728s
  6857  1868   12.62233   27  103   12.98401   12.23420  5.77%   788 1746s
  7197  1845   12.90548   52   12   12.98401   12.28144  5.41%   796 1760s
* 7215  1845              70      12.9839656   12.28144  5.41%   794 1760s
* 7218  1845              69      12.9839655   12.28144  5.41%   794 1760s
  7521  1927   12.71136   26  323   12.98397   12.30033  5.27%   806 1777s
  7831  2027     cutoff   35        12.98397   12.30164  5.26%   822 1809s
  8162  2124   12.72287   24  233   12.98397   12.30164  5.26%   843 1827s
  8496  2168   12.87201   26  120   12.98397   12.30164  5.26%   859 1863s
  8783  2250   12.89764   30  172   12.98397   12.43586  4.22%   884 1879s
  9075  2334   12.72885   30  387   12.98397   12.44552  4.15%   899 1899s
  9452  2458   12.71559   32  336   12.98397   12.46396  4.01%   915 1918s
  9814  2527   12.92992   39  309   12.98397   12.46449  4.00%   933 1939s
 10215  2614   12.66854   28  309   12.98397   12.48810  3.82%   943 1957s
 10637  2732   12.54256   35  318   12.98397   12.49495  3.77%   953 2071s
 11071  2849     cutoff   33        12.98397   12.50237  3.71%   973 2103s
 11425  2977   12.88582   40  281   12.98397   12.52606  3.53%   983 2137s
 11948  3139     cutoff   26        12.98397   12.54309  3.40%   994 2159s
 12531  3356   12.93919   46  235   12.98397   12.55895  3.27%   994 2188s
 13183  3432     cutoff   56        12.98397   12.56136  3.25%   997 2214s
 13718  3493   12.83858   28  266   12.98397   12.57129  3.18%  1008 2240s
 14310  3565     cutoff   28        12.98397   12.58509  3.07%  1018 2266s
 14845  3702   12.85924   36  234   12.98397   12.59318  3.01%  1023 2293s
 15509  3828   12.84492   39  246   12.98397   12.59973  2.96%  1031 2320s
H16151  3827                      12.9785001   12.61004  2.84%  1040 2415s
H16156  3814                      12.9750659   12.61004  2.81%  1041 2415s
H16159  3785                      12.9625169   12.61004  2.72%  1040 2415s
H16245  3785                      12.9625169   12.61004  2.72%  1042 2415s
 16246  3874   12.89947   37  155   12.96252   12.61046  2.72%  1042 2458s
 17010  3920     cutoff   38        12.96252   12.61903  2.65%  1054 2495s
 17668  4008   12.73102   31  227   12.96252   12.62754  2.58%  1058 2531s
 18492  4088   12.83114   26  137   12.96252   12.62863  2.58%  1065 2565s
 19398  4177     cutoff   33        12.96252   12.64336  2.46%  1068 2634s
 20315  4277     cutoff   37        12.96252   12.65894  2.34%  1074 2676s
 21220  4479     cutoff   40        12.96252   12.66971  2.26%  1080 2712s
 22325  4587     cutoff   27        12.96252   12.67731  2.20%  1079 2756s
 23387  4658     cutoff   41        12.96252   12.69155  2.09%  1084 2801s
 24375  4788   12.95111   49   41   12.96252   12.70266  2.00%  1090 2840s
 25609  4875   12.77938   23  280   12.96252   12.71213  1.93%  1089 2882s
 26882  4926   12.83628   35  145   12.96252   12.72010  1.87%  1087 3000s
 28198  4950     cutoff   30        12.96252   12.72982  1.80%  1088 3045s
 29491  5046   12.79334   40  121   12.96252   12.74486  1.68%  1088 3085s
*29522  5046              52      12.9625167   12.74486  1.68%  1087 3085s
 30910  5040     cutoff   49        12.96252   12.75546  1.60%  1084 3232s
H30916  5040                      12.9625166   12.75577  1.59%  1084 3232s
H30919  5040                      12.9625166   12.75577  1.59%  1084 3232s
H30937  5040                      12.9625166   12.75577  1.59%  1085 3232s
 30982  5080   12.76571   36  129   12.96252   12.75637  1.59%  1086 3425s
 36614  4959     cutoff   36        12.96252   12.79254  1.31%  1068 3468s
 38155  4870   12.94736   32   99   12.96252   12.80797  1.19%  1064 3521s
*38422  4786              78      12.9539036   12.81004  1.11%  1063 3521s
*38423  4786              78      12.9538958   12.81004  1.11%  1063 3521s
 39884  4515   12.86775   39  162   12.95390   12.82070  1.03%  1057 3568s
 41529  4229   12.93298   41   70   12.95390   12.83095  0.95%  1053 3732s
*42485  4119              53      12.9479941   12.83304  0.89%  1047 3732s
 43506  3583     cutoff   40        12.94799   12.83967  0.84%  1046 3777s
H44378  3560                      12.9463493   12.84410  0.79%  1042 3777s
 45641  2831     cutoff   36        12.94635   12.85714  0.69%  1037 3827s
 47692  1937     cutoff   43        12.94635   12.86970  0.59%  1029 3881s
*48858  1804              53      12.9395028   12.87384  0.51%  1024 3881s

Cutting planes:
  Learned: 16
  Gomory: 38
  Cover: 171
  Implied bound: 1109
  Projected implied bound: 62
  Clique: 45
  MIR: 872
  StrongCG: 2
  Flow cover: 1965
  Zero half: 10
  RLT: 97
  Relax-and-lift: 167
  BQP: 19
  PSD: 3

Explored 50058 nodes (54643405 simplex iterations) in 3884.27 seconds (8908.19 work units)
Thread count was 32 (of 128 available processors)

Solution count 10: 12.9395 12.9463 12.948 ... 12.9625

Optimal solution found (tolerance 5.00e-03)
Best objective 1.293950283555e+01, best bound 1.288745414994e+01, gap 0.4022%


*********************************************
*********************************************


Set parameter LogFile to value "/work/07346/ashukla/ls6/Norta_Results/norta_sm_16_9/40M"
Gurobi Optimizer version 10.0.2 build v10.0.2rc0 (linux64)

CPU model: AMD EPYC 7763 64-Core Processor, instruction set [SSE2|AVX|AVX2]
Thread count: 128 physical cores, 128 logical processors, using up to 32 threads

Optimize a model with 211771 rows, 77908 columns and 590024 nonzeros
Model fingerprint: 0x8caa6f18
Variable types: 55968 continuous, 21940 integer (21578 binary)
Coefficient statistics:
  Matrix range     [1e-03, 1e+05]
  Objective range  [6e-02, 6e-02]
  Bounds range     [1e+00, 3e+00]
  RHS range        [1e-02, 4e+07]

MIP start from previous solve produced solution with objective 12.9395 (0.68s)
MIP start from previous solve produced solution with objective 12.9395 (0.69s)
Loaded MIP start from previous solve with objective 12.9395

Presolve removed 176600 rows and 50700 columns
Presolve time: 1.71s
Presolved: 35171 rows, 27208 columns, 127433 nonzeros
Variable types: 23546 continuous, 3662 integer (3597 binary)
Root barrier log...

Ordering time: 0.32s

Barrier statistics:
 Dense cols : 55
 AA' NZ     : 3.999e+05
 Factor NZ  : 3.136e+06 (roughly 50 MB of memory)
 Factor Ops : 1.349e+09 (less than 1 second per iteration)
 Threads    : 32

                  Objective                Residual
Iter       Primal          Dual         Primal    Dual     Compl     Time
   0  -6.52078687e+05 -2.86759820e+05  3.51e+04 1.68e-01  6.83e+02     3s
   1  -3.88257391e+05 -3.12783539e+05  2.06e+04 3.99e-01  4.03e+02     3s
   2  -1.22950122e+05 -3.56742577e+05  2.89e+03 6.04e-14  1.33e+02     3s
   3  -1.56136563e+04 -2.50257093e+05  8.22e+01 1.02e-13  1.91e+01     3s
   4  -3.24227888e+03 -1.40407324e+05  1.80e+01 5.75e-14  5.07e+00     3s
   5  -6.43290109e+02 -7.56432832e+04  4.45e+00 2.33e-14  1.73e+00     3s
   6  -3.27174335e+01 -2.63034383e+04  1.20e+00 5.74e-15  4.97e-01     3s
   7   1.11065054e+02 -8.01228975e+03  3.16e-01 1.55e-15  1.40e-01     3s
   8   1.13983437e+02 -1.03863774e+03  1.96e-02 1.55e-15  1.83e-02     3s
   9   3.91279494e+01 -1.92719944e+02  3.76e-04 7.33e-15  3.61e-03     3s
  10   1.93487022e+01 -4.74324306e+01  1.36e-04 2.00e-15  1.04e-03     3s
  11   1.07413949e+01 -2.26427609e+01  5.66e-05 8.88e-16  5.20e-04     3s
  12   7.62329233e+00 -1.01115520e+01  3.06e-05 6.66e-16  2.76e-04     3s
  13   6.86923582e+00 -6.39371837e+00  2.49e-05 4.44e-16  2.07e-04     3s
  14   5.14274472e+00 -6.43749512e-01  1.19e-05 2.22e-16  9.01e-05     3s
  15   4.65240864e+00  8.63281770e-01  8.52e-06 4.44e-16  5.90e-05     3s
  16   4.23660306e+00  1.52895617e+00  5.82e-06 2.22e-16  4.22e-05     3s
  17   3.99868451e+00  2.43881115e+00  4.16e-06 4.44e-16  2.43e-05     3s
  18   3.70206688e+00  2.88402974e+00  2.11e-06 4.44e-16  1.27e-05     3s
  19   3.55588951e+00  3.03507634e+00  1.13e-06 4.44e-16  8.11e-06     3s
  20   3.50230205e+00  3.15620960e+00  7.83e-07 6.07e-16  5.39e-06     3s
  21   3.45978346e+00  3.25219624e+00  5.06e-07 1.63e-15  3.23e-06     3s
  22   3.42475581e+00  3.31821390e+00  2.76e-07 9.90e-16  1.66e-06     3s
  23   3.41235796e+00  3.34464583e+00  1.97e-07 2.87e-16  1.05e-06     3s
  24   3.39732018e+00  3.36365190e+00  9.95e-08 4.44e-16  5.25e-07     3s
  25   3.39148376e+00  3.37107016e+00  6.20e-08 6.49e-16  3.18e-07     3s
  26   3.38629216e+00  3.37626392e+00  2.87e-08 7.75e-16  1.56e-07     3s
  27   3.38392003e+00  3.38008483e+00  1.47e-08 4.44e-16  5.98e-08     4s
  28   3.38254329e+00  3.38088732e+00  6.01e-09 8.54e-16  2.58e-08     4s
  29   3.38201417e+00  3.38125188e+00  2.70e-09 9.05e-16  1.19e-08     4s
  30   3.38183471e+00  3.38133287e+00  1.58e-09 1.07e-14  7.82e-09     4s
  31   3.38166341e+00  3.38145247e+00  5.18e-10 9.03e-14  3.29e-09     4s
  32   3.38160904e+00  3.38154531e+00  2.04e-10 3.29e-12  9.93e-10     4s
  33   3.38158188e+00  3.38156212e+00  1.66e-10 1.70e-12  3.08e-10     4s
  34   3.38157310e+00  3.38157120e+00  5.40e-10 4.19e-13  2.95e-11     4s

Barrier solved model in 34 iterations and 3.66 seconds (3.52 work units)
Optimal objective 3.38157310e+00

Extra simplex iterations after uncrush: 1

Root relaxation: objective 3.381574e+00, 4354 iterations, 1.96 seconds (1.84 work units)
Total elapsed time = 7.81s

    Nodes    |    Current Node    |     Objective Bounds      |     Work
 Expl Unexpl |  Obj  Depth IntInf | Incumbent    BestBd   Gap | It/Node Time

     0     0    3.38157    0  247   12.93950    3.38157  73.9%     -    8s
H    0     0                       9.8433800    3.38157  65.6%     -   10s
H    0     0                       9.3553826    3.97100  57.6%     -   25s
H    0     0                       8.8874547    3.97100  55.3%     -   25s
     0     0    3.97100    0  355    8.88745    3.97100  55.3%     -   25s
     0     0    3.99578    0  353    8.88745    3.99578  55.0%     -   30s
H    0     0                       7.7926681    4.11576  47.2%     -   42s
     0     0    4.11576    0  376    7.79267    4.11576  47.2%     -   42s
H    0     0                       6.7394522    4.11576  38.9%     -   44s
     0     0    4.12208    0  387    6.73945    4.12208  38.8%     -   48s
     0     0    4.12224    0  398    6.73945    4.12224  38.8%     -   49s
     0     0    4.12225    0  402    6.73945    4.12225  38.8%     -   49s
     0     0    4.20392    0  392    6.73945    4.20392  37.6%     -   58s
     0     0    4.21518    0  390    6.73945    4.21518  37.5%     -   65s
     0     0    4.21613    0  392    6.73945    4.21613  37.4%     -   69s
     0     0    4.21613    0  392    6.73945    4.21613  37.4%     -   69s
     0     0    4.21765    0  349    6.73945    4.21765  37.4%     -   72s
     0     0    4.21782    0  348    6.73945    4.21782  37.4%     -   74s
     0     0    4.21782    0  349    6.73945    4.21782  37.4%     -   74s
     0     0    4.21932    0  383    6.73945    4.21932  37.4%     -   75s
H    0     0                       6.5890390    4.21932  36.0%     -   77s
     0     0    4.22085    0  358    6.58904    4.22085  35.9%     -   77s
     0     0    4.22089    0  360    6.58904    4.22089  35.9%     -   77s
     0     0    4.22089    0  361    6.58904    4.22089  35.9%     -   78s
     0     0    4.22089    0  362    6.58904    4.22089  35.9%     -   78s
     0     0    4.22089    0  362    6.58904    4.22089  35.9%     -   78s
     0     0    4.22089    0  362    6.58904    4.22089  35.9%     -   80s
     0     0    4.22089    0  184    6.58904    4.22089  35.9%     -   85s
     0     0    4.22089    0  189    6.58904    4.22089  35.9%     -   87s
     0     0    4.22089    0  186    6.58904    4.22089  35.9%     -   89s
     0     0    4.22089    0  187    6.58904    4.22089  35.9%     -   91s
     0     0    4.22089    0  186    6.58904    4.22089  35.9%     -   92s
     0     0    4.22089    0  184    6.58904    4.22089  35.9%     -   96s
H    0     0                       6.3730381    4.22089  33.8%     -   99s
     0     2    4.22089    0  183    6.37304    4.22089  33.8%     -  104s
     1     4    4.47456    1  429    6.37304    4.22089  33.8% 13361  115s
     3     8    4.71035    2  366    6.37304    4.22377  33.7%  7287  123s
     7    16    5.98862    3  493    6.37304    4.22427  33.7%  5964  139s
    15    32    6.18906    4  489    6.37304    4.22548  33.7%  5212  147s
    31    64    6.21839    5  457    6.37304    4.23897  33.5%  4724  193s
H   33    64                       5.9580551    4.23897  28.9%  4828  193s
H   41    64                       5.5846170    4.23897  24.1%  4681  193s
    63    68     cutoff    6         5.58462    4.24643  24.0%  4295  219s
   104    99    4.38662    7  388    5.58462    4.24643  24.0%  3251  230s
   136   131    4.45513    8  368    5.58462    4.24643  24.0%  2961  237s
H  168   161                       5.5404239    4.24643  23.4%  2836  257s
H  171   161                       5.4942277    4.24643  22.7%  2810  257s
H  178   161                       5.4828795    4.24643  22.6%  2797  257s
H  198   161                       5.4365857    4.24643  21.9%  2780  257s
   200   202    4.51802    9  350    5.43659    4.24643  21.9%  2808  267s
   242   241    4.49964    9  362    5.43659    4.24643  21.9%  2699  278s
   283   276    4.50176   10  322    5.43659    4.24643  21.9%  2628  286s
H  315   276                       5.3484671    4.24643  20.6%  2522  286s
   318   318    4.51021   11  315    5.34847    4.24643  20.6%  2512  294s
   368   376    4.54264   13  364    5.34847    4.24643  20.6%  2380  300s
   432   436    4.79049   11  316    5.34847    4.24643  20.6%  2199  307s
   499   508    4.59450   15  302    5.34847    4.24643  20.6%  2090  315s
   585   578    4.65172   13  340    5.34847    4.24643  20.6%  1922  325s
   673   650    4.59781   16  299    5.34847    4.24643  20.6%  1824  331s
H  759   679                       4.9919443    4.24643  14.9%  1739  490s
H  760   679                       4.8081154    4.24643  11.7%  1739  490s
H  766   679                       4.6970745    4.24643  9.59%  1737  490s
   794   601    4.64848   18  299    4.69707    4.24643  9.59%  1726  497s
   938   674    4.65035   17  299    4.69707    4.24643  9.59%  1607  504s
  1040   790     cutoff   19         4.69707    4.24999  9.52%  1577  511s
  1189   877    4.25585    7  355    4.69707    4.25585  9.39%  1498  517s
  1351   941    4.26265    8  324    4.69707    4.25585  9.39%  1412  525s
  1512  1031    4.31948    9  354    4.69707    4.25585  9.39%  1355  534s
  1679  1082    4.33931   10  342    4.69707    4.25585  9.39%  1303  542s
H 1859  1087                       4.6970711    4.25585  9.39%  1260  558s
  1907  1180    4.37911   13  313    4.69707    4.25585  9.39%  1277  570s
  2113  1292    4.39133   15  283    4.69707    4.25585  9.39%  1222  578s
  2343  1371    4.62318   17  308    4.69707    4.25585  9.39%  1169  586s
* 2441  1371              62       4.6688104    4.25585  8.85%  1164  586s
* 2442  1371              62       4.6687854    4.25585  8.84%  1164  586s
  2558  1370     cutoff   20         4.66879    4.25585  8.84%  1138  593s
  2689  1383     cutoff   18         4.66879    4.30196  7.86%  1151  603s
  2809  1412    4.30728    9  284    4.66879    4.30196  7.86%  1171  614s
  2974  1458    4.31552   10  277    4.66879    4.30196  7.86%  1181  622s
  3173  1456    4.39832   12  347    4.66879    4.30196  7.86%  1170  705s
H 3199  1456                       4.6576681    4.30196  7.64%  1178  705s
  3229  1541    4.42629   13  339    4.65767    4.30196  7.64%  1178  715s
  3468  1594    4.56136   19  296    4.65767    4.30196  7.64%  1158  729s
  3679  1605    4.56247   20  287    4.65767    4.30196  7.64%  1157  741s
  3849  1624    4.53448   19  169    4.65767    4.30196  7.64%  1170  752s
  4015  1672    4.62651   25  110    4.65767    4.30196  7.64%  1182  761s
  4231  1664    4.58688   18  153    4.65767    4.30196  7.64%  1182  791s
  4345  1789     cutoff   20         4.65767    4.33598  6.91%  1189  800s
  4706  1843    4.37078   13  195    4.65767    4.33598  6.91%  1157  810s
  5115  1737     cutoff   19         4.65767    4.33598  6.91%  1118  824s
* 5248  1737              77       4.6450945    4.33598  6.65%  1122  824s
  5418  1745     cutoff   21         4.64509    4.33598  6.65%  1113  838s
  5797  1799     cutoff   23         4.64509    4.33598  6.65%  1094  849s
* 6243  1799              50       4.6389994    4.33598  6.53%  1062  849s
  6302  1673     cutoff   23         4.63900    4.38746  5.42%  1055  864s
* 6360  1673              29       4.6270856    4.46703  3.46%  1057  864s
* 6455  1673              73       4.6193025    4.46703  3.30%  1057  864s
  6821  1411    4.53729   20  143    4.61930    4.46703  3.30%  1028  878s
  7262   889     cutoff   28         4.61930    4.46703  3.30%  1020  902s
  7929   197     cutoff   23         4.61930    4.55624  1.37%   985  919s
  8677     0     cutoff   18         4.61930    4.60778  0.25%   922  924s

Cutting planes:
  Learned: 3
  Gomory: 35
  Cover: 215
  Implied bound: 1853
  Clique: 122
  MIR: 611
  StrongCG: 1
  Flow cover: 241
  Zero half: 7
  RLT: 88
  Relax-and-lift: 180
  BQP: 12
  PSD: 3

Explored 8880 nodes (8086062 simplex iterations) in 924.12 seconds (2071.36 work units)
Thread count was 32 (of 128 available processors)

Solution count 10: 4.6193 4.62709 4.639 ... 4.80812

Optimal solution found (tolerance 5.00e-03)
Warning: max constraint violation (1.8853e-06) exceeds tolerance
Best objective 4.619302500001e+00, best bound 4.619302500001e+00, gap 0.0000%


*********************************************
*********************************************


Set parameter LogFile to value "/work/07346/ashukla/ls6/Norta_Results/norta_sm_16_9/60M"
Gurobi Optimizer version 10.0.2 build v10.0.2rc0 (linux64)

CPU model: AMD EPYC 7763 64-Core Processor, instruction set [SSE2|AVX|AVX2]
Thread count: 128 physical cores, 128 logical processors, using up to 32 threads

Optimize a model with 211771 rows, 77908 columns and 590024 nonzeros
Model fingerprint: 0x58eec891
Variable types: 55968 continuous, 21940 integer (21578 binary)
Coefficient statistics:
  Matrix range     [1e-03, 1e+05]
  Objective range  [6e-02, 6e-02]
  Bounds range     [1e+00, 3e+00]
  RHS range        [1e-02, 6e+07]

MIP start from previous solve produced solution with objective 4.6193 (0.73s)
MIP start from previous solve produced solution with objective 4.6193 (0.74s)
Loaded MIP start from previous solve with objective 4.6193

Presolve removed 176600 rows and 50700 columns
Presolve time: 1.81s
Presolved: 35171 rows, 27208 columns, 127433 nonzeros
Variable types: 23546 continuous, 3662 integer (3597 binary)
Root barrier log...

Ordering time: 0.32s

Barrier statistics:
 Dense cols : 55
 AA' NZ     : 3.999e+05
 Factor NZ  : 3.136e+06 (roughly 50 MB of memory)
 Factor Ops : 1.349e+09 (less than 1 second per iteration)
 Threads    : 32

                  Objective                Residual
Iter       Primal          Dual         Primal    Dual     Compl     Time
   0  -8.36678576e+05 -2.86760366e+05  4.50e+04 1.68e-01  8.75e+02     3s
   1  -5.09126028e+05 -3.10644758e+05  2.67e+04 4.58e-01  5.32e+02     3s
   2  -1.86485451e+05 -4.02645129e+05  6.37e+03 2.21e-13  2.08e+02     3s
   3  -8.01665974e+03 -3.61323290e+05  4.30e+01 4.13e-13  1.44e+01     3s
   4  -2.33908470e+03 -1.60401596e+05  1.34e+01 6.27e-14  4.66e+00     3s
   5  -2.36201848e+02 -6.56243715e+04  2.35e+00 1.42e-14  1.29e+00     3s
   6   1.09631846e+02 -2.32485996e+04  4.12e-01 4.88e-15  3.91e-01     3s
   7   1.49511053e+02 -3.63191655e+03  2.55e-02 1.55e-15  5.95e-02     3s
   8   8.52949705e+01 -6.14017722e+02  1.29e-03 6.66e-16  1.09e-02     3s
   9   2.85140198e+01 -1.57799893e+02  1.93e-04 5.00e-16  2.90e-03     3s
  10   1.15059296e+01 -6.18100076e+01  6.33e-05 4.44e-16  1.14e-03     3s
  11   5.62656321e+00 -2.75899735e+01  2.55e-05 2.22e-16  5.17e-04     3s
  12   5.23387083e+00 -2.03807207e+01  2.29e-05 4.44e-16  3.99e-04     3s
  13   3.32929297e+00 -8.32374376e+00  1.30e-05 4.44e-16  1.81e-04     3s
  14   2.05714725e+00 -3.26659249e+00  7.17e-06 4.44e-16  8.29e-05     3s
  15   1.49469332e+00 -1.04726124e+00  4.76e-06 4.44e-16  3.96e-05     3s
  16   9.29440552e-01 -3.28242406e-01  2.44e-06 4.44e-16  1.96e-05     3s
  17   7.22837598e-01  9.58058606e-02  1.63e-06 2.22e-16  9.77e-06     4s
  18   6.43614473e-01  1.55409006e-01  1.31e-06 4.44e-16  7.61e-06     4s
  19   5.72759624e-01  1.97698028e-01  1.00e-06 4.44e-16  5.84e-06     4s
  20   5.22451464e-01  2.46911013e-01  7.97e-07 4.44e-16  4.29e-06     4s
  21   4.55741359e-01  2.77500305e-01  5.17e-07 2.22e-16  2.78e-06     4s
  22   4.34795888e-01  2.97578071e-01  4.42e-07 2.22e-16  2.14e-06     4s
  23   3.79417123e-01  3.07714287e-01  2.08e-07 4.44e-16  1.12e-06     4s
  24   3.60287477e-01  3.19446461e-01  1.21e-07 2.22e-16  6.36e-07     4s
  25   3.54692813e-01  3.22795158e-01  9.69e-08 4.44e-16  4.97e-07     4s
  26   3.50882275e-01  3.23806783e-01  7.99e-08 4.44e-16  4.22e-07     4s
  27   3.42605988e-01  3.27323565e-01  4.54e-08 4.44e-16  2.38e-07     4s
  28   3.39118461e-01  3.29253043e-01  2.90e-08 4.44e-16  1.54e-07     4s
  29   3.35962993e-01  3.30583053e-01  1.57e-08 4.44e-16  8.38e-08     4s
  30   3.34596563e-01  3.31905018e-01  9.05e-09 4.44e-16  4.19e-08     4s
  31   3.33650927e-01  3.32237093e-01  4.71e-09 4.44e-16  2.20e-08     4s
  32   3.33524507e-01  3.32319400e-01  4.08e-09 4.44e-16  1.88e-08     4s
  33   3.33366982e-01  3.32470722e-01  3.26e-09 4.44e-16  1.40e-08     4s
  34   3.32872035e-01  3.32573401e-01  1.63e-09 4.44e-16  4.65e-09     4s
  35   3.32762199e-01  3.32672603e-01  1.01e-09 9.06e-14  1.40e-09     4s
  36   3.32719445e-01  3.32713175e-01  4.84e-10 1.21e-13  9.76e-11     4s
  37   3.32718663e-01  3.32716761e-01  1.06e-09 4.46e-14  2.96e-11     4s
  38   3.32718633e-01  3.32717823e-01  1.56e-08 1.87e-14  1.26e-11     4s

Barrier solved model in 38 iterations and 4.03 seconds (3.65 work units)
Optimal objective 3.32718633e-01


Root simplex log...

Iteration    Objective       Primal Inf.    Dual Inf.      Time
    4316    3.3272310e-01   0.000000e+00   5.579219e-04      5s
    4541    3.3271856e-01   0.000000e+00   0.000000e+00      5s
    4544    3.3271856e-01   0.000000e+00   0.000000e+00      5s
Extra simplex iterations after uncrush: 3

Root relaxation: objective 3.327186e-01, 4544 iterations, 2.76 seconds (3.08 work units)

    Nodes    |    Current Node    |     Objective Bounds      |     Work
 Expl Unexpl |  Obj  Depth IntInf | Incumbent    BestBd   Gap | It/Node Time

     0     0    0.33272    0  196    4.61930    0.33272  92.8%     -    9s
H    0     0                       2.7775032    0.42272  84.8%     -   26s
     0     0    0.42272    0  269    2.77750    0.42272  84.8%     -   26s
H    0     0                       2.1442895    0.42272  80.3%     -   28s
H    0     0                       2.0753088    0.42272  79.6%     -   30s
     0     0    0.42703    0  260    2.07531    0.42703  79.4%     -   31s
     0     0    0.43157    0  275    2.07531    0.43157  79.2%     -   34s
     0     0    0.43188    0  286    2.07531    0.43188  79.2%     -   35s
H    0     0                       2.0571931    0.43188  79.0%     -   36s
     0     0    0.43372    0  287    2.05719    0.43372  78.9%     -   39s
     0     0    0.43384    0  277    2.05719    0.43384  78.9%     -   42s
     0     0    0.43387    0  286    2.05719    0.43387  78.9%     -   43s
H    0     0                       1.9552299    0.43387  77.8%     -   45s
     0     0    0.43387    0  286    1.95523    0.43387  77.8%     -   45s
     0     0    0.43387    0  286    1.95523    0.43387  77.8%     -   46s
     0     0    0.43388    0  288    1.95523    0.43388  77.8%     -   46s
     0     0    0.43402    0  283    1.95523    0.43402  77.8%     -   47s
     0     0    0.43406    0  281    1.95523    0.43406  77.8%     -   48s
     0     0    0.43410    0  275    1.95523    0.43410  77.8%     -   48s
     0     0    0.43410    0  275    1.95523    0.43410  77.8%     -   49s
     0     0    0.43411    0  280    1.95523    0.43411  77.8%     -   49s
     0     0    0.43411    0  280    1.95523    0.43411  77.8%     -   49s
     0     0    0.43411    0  283    1.95523    0.43411  77.8%     -   50s
     0     0    0.43411    0  280    1.95523    0.43411  77.8%     -   50s
     0     0    0.43412    0  280    1.95523    0.43412  77.8%     -   51s
     0     0    0.43412    0  194    1.95523    0.43412  77.8%     -   55s
H    0     0                       1.9408225    0.43412  77.6%     -   59s
     0     2    0.43412    0  183    1.94082    0.43412  77.6%     -   63s
     1     4    0.72911    1  221    1.94082    0.43412  77.6% 10254   70s
     7    16    0.84167    3  213    1.94082    0.43573  77.5%  3451   76s
    15    32    0.87355    4  248    1.94082    0.43707  77.5%  2947   81s
    31    56    0.88858    5  206    1.94082    0.43708  77.5%  2805   88s
H   51    56                       1.9408225    0.43735  77.5%  2747   88s
H   58    56                       1.9363500    0.43735  77.4%  2564   88s
    63    87    0.89437    6  205    1.93635    0.43735  77.4%  2512  101s
   127   150    0.89460    8  189    1.93635    0.43735  77.4%  1745  109s
   159   180    0.89478    9  193    1.93635    0.43735  77.4%  1600  120s
H  162   180                       1.9363500    0.43735  77.4%  1594  120s
H  169   180                       1.9363499    0.43735  77.4%  1579  120s
H  172   180                       1.9363499    0.43735  77.4%  1564  120s
   191   212    0.89565   10  177    1.93635    0.43735  77.4%  1593  127s
H  199   212                       1.6160629    0.43735  72.9%  1596  127s
H  223   223                       1.5987096    0.43735  72.6%  1669  204s
H  236   223                       1.4482735    0.43735  69.8%  1603  204s
H  262   236                       0.6653966    0.43735  34.3%  1530  320s
H  263   236                       0.5667769    0.43735  22.8%  1532  320s
H  290   236                       0.5616938    0.43735  22.1%  1534  320s
   302   175     cutoff   12         0.56169    0.43735  22.1%  1553  328s
   363   139    0.46602   15  237    0.56169    0.43735  22.1%  1342  334s
   438   150    0.51896   16  243    0.56169    0.43735  22.1%  1273  343s
   510   114    0.52084   17  202    0.56169    0.43735  22.1%  1271  353s
   595   101     cutoff   17         0.56169    0.43735  22.1%  1286  362s
   662    94    0.47797   20  156    0.56169    0.43735  22.1%  1359  370s
   728    98     cutoff   22         0.56169    0.43735  22.1%  1370  378s
   789    89    0.50161   21  284    0.56169    0.43735  22.1%  1396  384s
   865    70    0.50604   22  275    0.56169    0.43735  22.1%  1378  391s
   925    55     cutoff   22         0.56169    0.43735  22.1%  1403  398s
   997    34    0.54289   13  124    0.56169    0.43735  22.1%  1421  404s
  1050    25    0.54804   14  105    0.56169    0.43735  22.1%  1417  410s
  1127    37    0.55713   21    9    0.56169    0.44653  20.5%  1429  417s
  1194    29    0.46211    9  188    0.56169    0.44687  20.4%  1386  422s
  1255    31    0.48924   10  215    0.56169    0.46211  17.7%  1353  426s
  1292    57    0.49258   11  248    0.56169    0.48924  12.9%  1354  432s
  1353    60    0.49536   12  202    0.56169    0.49258  12.3%  1331  443s
  1495    31     cutoff   12         0.56169    0.49536  11.8%  1278  448s
  1595    24     cutoff   17         0.56169    0.50840  9.49%  1250  461s
  1656     7     cutoff   17         0.56169    0.50947  9.30%  1249  465s
  1713    19    0.52449   16  106    0.56169    0.51377  8.53%  1228  472s
  1772     0     cutoff   22         0.56169    0.54255  3.41%  1207  475s

Cutting planes:
  Learned: 4
  Gomory: 20
  Cover: 237
  Implied bound: 1521
  Clique: 124
  MIR: 346
  StrongCG: 1
  Flow cover: 121
  Zero half: 8
  RLT: 39
  Relax-and-lift: 96
  BQP: 14
  PSD: 6

Explored 1777 nodes (2180481 simplex iterations) in 475.14 seconds (1063.76 work units)
Thread count was 32 (of 128 available processors)

Solution count 10: 0.561694 0.566777 0.665397 ... 1.93635

Optimal solution found (tolerance 5.00e-03)
Best objective 5.616937500004e-01, best bound 5.616937500004e-01, gap 0.0000%


*********************************************
*********************************************


Set parameter LogFile to value "/work/07346/ashukla/ls6/Norta_Results/norta_sm_16_9/80M"
Gurobi Optimizer version 10.0.2 build v10.0.2rc0 (linux64)

CPU model: AMD EPYC 7763 64-Core Processor, instruction set [SSE2|AVX|AVX2]
Thread count: 128 physical cores, 128 logical processors, using up to 32 threads

Optimize a model with 211771 rows, 77908 columns and 590024 nonzeros
Model fingerprint: 0x448df897
Variable types: 55968 continuous, 21940 integer (21578 binary)
Coefficient statistics:
  Matrix range     [1e-03, 1e+05]
  Objective range  [6e-02, 6e-02]
  Bounds range     [1e+00, 3e+00]
  RHS range        [1e-02, 8e+07]

MIP start from previous solve produced solution with objective 0.561694 (0.78s)
Loaded MIP start from previous solve with objective 0.561694

Presolve removed 179757 rows and 51252 columns
Presolve time: 1.91s
Presolved: 32014 rows, 26656 columns, 118406 nonzeros
Variable types: 23119 continuous, 3537 integer (3474 binary)
Root barrier log...

Ordering time: 0.27s

Barrier statistics:
 Dense cols : 43
 AA' NZ     : 3.465e+05
 Factor NZ  : 2.843e+06 (roughly 40 MB of memory)
 Factor Ops : 1.272e+09 (less than 1 second per iteration)
 Threads    : 32

                  Objective                Residual
Iter       Primal          Dual         Primal    Dual     Compl     Time
   0  -5.60048341e+04 -2.48345357e+05  2.84e+02 1.68e-01  6.17e+01     3s
   1  -1.82702120e+04 -2.09670165e+05  9.34e+01 3.59e-01  2.18e+01     3s
   2  -6.31708419e+02 -1.01784630e+05  4.32e+00 3.19e-14  2.38e+00     3s
   3   6.81783549e+01 -2.28119518e+04  6.79e-01 1.14e-14  4.35e-01     3s
   4   1.51202305e+02 -3.19960481e+03  4.25e-02 1.78e-15  5.74e-02     3s
   5   9.91456982e+01 -8.87069553e+02  6.01e-03 8.88e-16  1.66e-02     3s
   6   5.28970871e+01 -3.14499466e+02  2.12e-03 1.33e-15  6.17e-03     3s
   7   2.50962033e+01 -1.32794719e+02  7.74e-04 6.66e-16  2.65e-03     3s
   8   1.01988582e+01 -5.42711382e+01  2.65e-04 4.44e-16  1.08e-03     3s
   9   1.24723353e+00 -6.78049042e+00  9.85e-06 4.44e-16  1.35e-04     3s
  10   2.01047924e-01 -1.87881344e+00  1.29e-06 4.44e-16  3.48e-05     3s
  11   4.93035514e-02 -3.03229259e-01  2.64e-07 4.44e-16  5.91e-06     3s
  12   1.15307980e-02 -4.04584927e-02  6.04e-08 4.44e-16  8.71e-07     3s
  13   1.33784604e-03 -4.36156530e-03  6.87e-09 4.44e-16  9.55e-08     3s
  14   2.17844144e-05 -1.71803300e-05  1.00e-10 4.44e-16  6.53e-10     3s
  15   3.46744855e-11 -1.85480076e-10  8.74e-12 6.05e-16  3.59e-15     3s

Barrier solved model in 15 iterations and 3.46 seconds (3.19 work units)
Optimal objective 3.46744855e-11


Root relaxation: objective 1.023182e-12, 2674 iterations, 1.20 seconds (1.04 work units)
Total elapsed time = 8.36s

    Nodes    |    Current Node    |     Objective Bounds      |     Work
 Expl Unexpl |  Obj  Depth IntInf | Incumbent    BestBd   Gap | It/Node Time

     0     0    0.00000    0    7    0.56169    0.00000   100%     -    9s
H    0     0                       0.5097608    0.00000   100%     -    9s
H    0     0                       0.5097601    0.00000   100%     -   10s
     0     0    0.00000    0   32    0.50976    0.00000   100%     -   11s
H    0     0                       0.4620330    0.00000   100%     -   12s
     0     0    0.00000    0   32    0.46203    0.00000   100%     -   12s
H    0     0                       0.4585890    0.00000   100%     -   15s
     0     0    0.00000    0   12    0.45859    0.00000   100%     -   16s
     0     0    0.00000    0   12    0.45859    0.00000   100%     -   17s
     0     0    0.00000    0    8    0.45859    0.00000   100%     -   18s
     0     0    0.00000    0    8    0.45859    0.00000   100%     -   19s
     0     0    0.00000    0    8    0.45859    0.00000   100%     -   19s
     0     0    0.00000    0    8    0.45859    0.00000   100%     -   20s
     0     2    0.00000    0    8    0.45859    0.00000   100%     -   21s
     1     4    0.00072    1   76    0.45859    0.00000   100% 14045   33s
     3     8    0.38686    2  250    0.45859    0.00000   100% 11040   53s
     7    14     cutoff    3         0.45859    0.00000   100%  7006   60s
H   15    24                       0.0000000    0.00000  0.00%  4370   68s

Cutting planes:
  Cover: 23
  Implied bound: 215
  MIR: 87
  Flow cover: 1
  RLT: 1
  Relax-and-lift: 10
  PSD: 2

Explored 29 nodes (135299 simplex iterations) in 68.83 seconds (163.12 work units)
Thread count was 32 (of 128 available processors)

Solution count 5: 5.68434e-13 0.458589 0.462033 ... 0.561694

Optimal solution found (tolerance 5.00e-03)
Best objective 5.684341886081e-13, best bound 5.684341886081e-13, gap 0.0000%


*********************************************
*********************************************


