Set parameter TokenServer to value "license02.tacc.utexas.edu"
Set parameter LogFile to value "/work/07346/ashukla/ls6/Norta_Results/norta_sm_16_25/0M"
Set parameter MIPGap to value 0.005
Set parameter TimeLimit to value 32400
Set parameter Method to value 2
Gurobi Optimizer version 10.0.2 build v10.0.2rc0 (linux64)

CPU model: AMD EPYC 7763 64-Core Processor, instruction set [SSE2|AVX|AVX2]
Thread count: 128 physical cores, 128 logical processors, using up to 32 threads

Optimize a model with 211787 rows, 77908 columns and 590072 nonzeros
Model fingerprint: 0x04c34fde
Variable types: 55968 continuous, 21940 integer (21578 binary)
Coefficient statistics:
  Matrix range     [1e-03, 1e+05]
  Objective range  [6e-02, 6e-02]
  Bounds range     [1e+00, 3e+00]
  RHS range        [1e-02, 2e+04]
Presolve removed 210902 rows and 76719 columns
Presolve time: 1.52s
Presolved: 885 rows, 1189 columns, 4026 nonzeros
Variable types: 1040 continuous, 149 integer (149 binary)
Found heuristic solution: objective 66.9480551
Root barrier log...

Ordering time: 0.00s

Barrier statistics:
 AA' NZ     : 4.613e+03
 Factor NZ  : 2.121e+04 (roughly 1 MB of memory)
 Factor Ops : 1.016e+06 (less than 1 second per iteration)
 Threads    : 1

                  Objective                Residual
Iter       Primal          Dual         Primal    Dual     Compl     Time
   0  -1.26874089e+03 -8.28588924e+03  1.08e+02 1.68e-01  2.56e+01     2s
   1  -2.53552317e+01 -4.31347064e+03  6.60e+00 1.19e-01  3.31e+00     2s
   2   4.89393606e+01 -4.72595331e+02  5.67e-01 2.03e-03  3.07e-01     2s
   3   5.25424357e+01  2.00516099e-01  3.38e-02 5.64e-05  2.71e-02     2s
   4   4.77508899e+01  4.06815586e+01  6.10e-05 5.00e-16  3.51e-03     2s
   5   4.57021411e+01  4.35027886e+01  1.62e-05 2.22e-16  1.09e-03     2s
   6   4.53804605e+01  4.43580883e+01  8.46e-06 2.22e-16  5.08e-04     2s
   7   4.50989022e+01  4.47014940e+01  1.97e-06 2.22e-16  1.98e-04     2s
   8   4.50890900e+01  4.48072431e+01  1.49e-06 2.22e-16  1.40e-04     2s
   9   4.50396423e+01  4.48949063e+01  5.49e-07 2.22e-16  7.19e-05     2s
  10   4.50203895e+01  4.50013519e+01  1.66e-07 2.22e-16  9.46e-06     2s
  11   4.50113569e+01  4.50097014e+01  3.26e-09 2.22e-16  8.23e-07     2s
  12   4.50110370e+01  4.50109843e+01  2.86e-10 2.22e-16  2.62e-08     2s
  13   4.50110256e+01  4.50110256e+01  1.27e-11 2.22e-16  1.80e-11     2s

Barrier solved model in 13 iterations and 1.63 seconds (1.72 work units)
Optimal objective 4.50110256e+01


Root relaxation: objective 4.501103e+01, 7 iterations, 0.02 seconds (0.01 work units)

    Nodes    |    Current Node    |     Objective Bounds      |     Work
 Expl Unexpl |  Obj  Depth IntInf | Incumbent    BestBd   Gap | It/Node Time

     0     0   45.01103    0    1   66.94806   45.01103  32.8%     -    1s
H    0     0                      45.0112125   45.01103  0.00%     -    1s

Explored 1 nodes (7 simplex iterations) in 1.65 seconds (1.73 work units)
Thread count was 32 (of 128 available processors)

Solution count 2: 45.0112 66.9481 

Optimal solution found (tolerance 5.00e-03)
Best objective 4.501121254413e+01, best bound 4.501102564592e+01, gap 0.0004%


*********************************************
*********************************************


Set parameter LogFile to value "/work/07346/ashukla/ls6/Norta_Results/norta_sm_16_25/20M"
Gurobi Optimizer version 10.0.2 build v10.0.2rc0 (linux64)

CPU model: AMD EPYC 7763 64-Core Processor, instruction set [SSE2|AVX|AVX2]
Thread count: 128 physical cores, 128 logical processors, using up to 32 threads

Optimize a model with 211787 rows, 77908 columns and 590072 nonzeros
Model fingerprint: 0xb5c0e793
Variable types: 55968 continuous, 21940 integer (21578 binary)
Coefficient statistics:
  Matrix range     [1e-03, 1e+05]
  Objective range  [6e-02, 6e-02]
  Bounds range     [1e+00, 3e+00]
  RHS range        [1e-02, 2e+07]

MIP start from previous solve produced solution with objective 45.0112 (0.62s)
MIP start from previous solve produced solution with objective 45.0112 (0.62s)
Loaded MIP start from previous solve with objective 45.0112

Presolve removed 176242 rows and 50569 columns
Presolve time: 1.73s
Presolved: 35545 rows, 27339 columns, 128463 nonzeros
Variable types: 23663 continuous, 3676 integer (3610 binary)
Root barrier log...

Ordering time: 0.32s

Barrier statistics:
 Dense cols : 55
 AA' NZ     : 4.223e+05
 Factor NZ  : 3.324e+06 (roughly 50 MB of memory)
 Factor Ops : 1.539e+09 (less than 1 second per iteration)
 Threads    : 32

                  Objective                Residual
Iter       Primal          Dual         Primal    Dual     Compl     Time
   0  -9.98118800e+05 -2.93008354e+05  5.42e+04 1.68e-01  1.04e+03     3s
   1  -6.11218371e+05 -3.26916496e+05  3.29e+04 2.65e-01  6.30e+02     3s
   2  -1.92738041e+05 -3.98176059e+05  9.61e+03 1.33e-13  2.15e+02     3s
   3  -5.35204576e+03 -3.15712764e+05  3.01e+02 8.97e-14  1.06e+01     3s
   4  -1.15718124e+03 -1.09267052e+05  7.52e+01 3.78e-14  2.73e+00     3s
   5  -1.98056430e+02 -3.41263929e+04  2.19e+01 2.47e-14  7.11e-01     3s
   6   7.84116200e+01 -5.12591013e+03  5.12e+00 2.62e-15  1.02e-01     3s
   7   1.13757390e+02 -1.20893030e+03  4.55e-01 1.33e-15  2.19e-02     3s
   8   7.36343872e+01 -4.06931061e+02  2.03e-02 1.33e-15  7.65e-03     3s
   9   4.68639384e+01 -1.55999798e+02  8.40e-03 2.00e-15  3.20e-03     3s
  10   3.04005349e+01 -8.20565919e+01  3.79e-03 2.22e-15  1.76e-03     3s
  11   2.51369905e+01 -3.65346715e+01  2.64e-03 8.88e-16  9.69e-04     3s
  12   2.07323658e+01 -2.33286999e+01  1.76e-03 8.88e-16  6.91e-04     3s
  13   1.77395467e+01 -1.60881746e+01  1.17e-03 8.88e-16  5.29e-04     3s
  14   1.61011958e+01 -1.20386930e+01  8.51e-04 6.66e-16  4.39e-04     3s
  15   1.44244569e+01 -3.52925704e+00  5.41e-04 8.88e-16  2.80e-04     3s
  16   1.30627201e+01  3.69268036e+00  3.11e-04 6.66e-16  1.46e-04     3s
  17   1.22594825e+01  7.96062869e+00  1.92e-04 4.44e-16  6.74e-05     3s
  18   1.16805634e+01  8.75834982e+00  1.09e-04 4.44e-16  4.57e-05     3s
  19   1.14768663e+01  9.57342238e+00  8.12e-05 3.80e-15  2.98e-05     3s
  20   1.13785763e+01  9.89359241e+00  6.76e-05 1.98e-15  2.33e-05     3s
  21   1.11396933e+01  1.01520900e+01  3.49e-05 2.54e-15  1.54e-05     3s
  22   1.10486228e+01  1.04760991e+01  2.27e-05 1.86e-15  8.96e-06     3s
  23   1.09687289e+01  1.06497727e+01  1.25e-05 2.78e-16  4.99e-06     3s
  24   1.09436040e+01  1.07045012e+01  9.34e-06 5.12e-16  3.74e-06     3s
  25   1.09179100e+01  1.07606453e+01  6.05e-06 4.44e-16  2.46e-06     3s
  26   1.09001392e+01  1.08156156e+01  3.78e-06 4.44e-16  1.33e-06     3s
  27   1.08824947e+01  1.08412974e+01  1.57e-06 6.16e-16  6.45e-07     3s
  28   1.08769225e+01  1.08534643e+01  9.00e-07 6.80e-16  3.67e-07     3s
  29   1.08733360e+01  1.08604477e+01  4.68e-07 8.44e-16  2.01e-07     3s
  30   1.08724067e+01  1.08641101e+01  3.64e-07 6.66e-16  1.30e-07     3s
  31   1.08712734e+01  1.08653944e+01  2.35e-07 4.44e-16  9.20e-08     4s
  32   1.08699983e+01  1.08676841e+01  9.03e-08 5.69e-16  3.62e-08     4s
  33   1.08697611e+01  1.08681699e+01  6.43e-08 5.90e-16  2.49e-08     4s
  34   1.08694669e+01  1.08688218e+01  3.21e-08 6.83e-16  1.01e-08     4s
  35   1.08692141e+01  1.08691050e+01  4.92e-09 3.10e-14  1.71e-09     4s
  36   1.08691852e+01  1.08691424e+01  2.19e-09 1.56e-14  6.73e-10     4s
  37   1.08691684e+01  1.08691554e+01  2.34e-09 2.31e-14  2.04e-10     4s
  38   1.08691626e+01  1.08691614e+01  2.35e-09 3.30e-13  1.88e-11     4s

Barrier solved model in 38 iterations and 3.65 seconds (3.59 work units)
Optimal objective 1.08691626e+01

Extra simplex iterations after uncrush: 1

Root relaxation: objective 1.086916e+01, 4783 iterations, 2.16 seconds (2.40 work units)
Total elapsed time = 7.26s

    Nodes    |    Current Node    |     Objective Bounds      |     Work
 Expl Unexpl |  Obj  Depth IntInf | Incumbent    BestBd   Gap | It/Node Time

     0     0   10.86916    0  604   45.01121   10.86916  75.9%     -    8s
H    0     0                      21.0328932   10.86916  48.3%     -    9s
     0     0   11.84773    0  548   21.03289   11.84773  43.7%     -   22s
H    0     0                      17.8463789   11.84773  33.6%     -   24s
H    0     0                      17.5605361   11.92713  32.1%     -   25s
H    0     0                      17.4831815   11.92713  31.8%     -   25s
     0     0   11.92713    0  574   17.48318   11.92713  31.8%     -   25s
     0     0   11.94224    0  587   17.48318   11.94224  31.7%     -   26s
     0     0   11.94238    0  590   17.48318   11.94238  31.7%     -   27s
     0     0   12.05108    0  530   17.48318   12.05108  31.1%     -   31s
H    0     0                      16.1908141   12.05865  25.5%     -   34s
     0     0   12.05865    0  528   16.19081   12.05865  25.5%     -   34s
     0     0   12.05883    0  527   16.19081   12.05883  25.5%     -   34s
     0     0   12.10739    0  591   16.19081   12.10739  25.2%     -   37s
     0     0   12.11435    0  598   16.19081   12.11435  25.2%     -   40s
     0     0   12.11440    0  598   16.19081   12.11440  25.2%     -   40s
     0     0   12.13729    0  796   16.19081   12.13729  25.0%     -   43s
     0     0   12.13988    0  594   16.19081   12.13988  25.0%     -   44s
     0     0   12.14004    0  602   16.19081   12.14004  25.0%     -   44s
     0     0   12.14241    0  770   16.19081   12.14241  25.0%     -   45s
     0     0   12.14669    0  802   16.19081   12.14669  25.0%     -   48s
     0     0   12.14817    0  795   16.19081   12.14817  25.0%     -   49s
     0     0   12.14819    0  797   16.19081   12.14819  25.0%     -   49s
     0     0   12.14923    0  670   16.19081   12.14923  25.0%     -   50s
     0     0   12.14932    0  786   16.19081   12.14932  25.0%     -   53s
     0     0   12.14942    0  729   16.19081   12.14942  25.0%     -   53s
     0     0   12.14942    0  729   16.19081   12.14942  25.0%     -   54s
     0     0   12.14949    0  586   16.19081   12.14949  25.0%     -   54s
     0     0   12.14952    0  603   16.19081   12.14952  25.0%     -   55s
     0     0   12.14955    0  587   16.19081   12.14955  25.0%     -   55s
     0     0   12.14960    0  600   16.19081   12.14960  25.0%     -   55s
     0     0   12.14960    0  607   16.19081   12.14960  25.0%     -   56s
     0     0   12.14960    0  475   16.19081   12.14960  25.0%     -   60s
     0     2   12.14960    0  475   16.19081   12.14960  25.0%     -   66s
     3     8   12.82085    2  584   16.19081   12.27296  24.2%  5389   77s
     7    16   13.37593    3  612   16.19081   12.36070  23.7%  4733   84s
    15    32   13.50053    4  707   16.19081   12.36810  23.6%  4359   92s
    31    64   14.17273    5  709   16.19081   12.40573  23.4%  4368  119s
H   57    64                      16.1908141   12.44418  23.1%  5343  119s
H   60    64                      16.1268413   12.44418  22.8%  5300  119s
    63    96   14.22814    6  690   16.12684   12.44418  22.8%  5233  147s
    95   128   14.23809    7  625   16.12684   12.44418  22.8%  4313  156s
   127   160   14.30052    8  612   16.12684   12.44418  22.8%  3880  166s
H  159   192                      16.1134081   12.44418  22.8%  3435  193s
H  160   192                      16.0726232   12.44418  22.6%  3432  193s
H  161   192                      16.0010579   12.44418  22.2%  3412  193s
H  162   192                      15.9663685   12.44418  22.1%  3413  193s
H  167   192                      15.9018800   12.44418  21.7%  3412  193s
H  170   192                      15.8926586   12.44418  21.7%  3412  193s
H  173   192                      15.8867806   12.44418  21.7%  3411  193s
H  182   192                      15.8161096   12.44418  21.3%  3457  193s
   191   224   14.33711    9  584   15.81611   12.44418  21.3%  3415  203s
   223   275   14.46261    9  427   15.81611   12.44418  21.3%  3367  210s
   274   328   14.39582   10  567   15.81611   12.44418  21.3%  3081  216s
   327   400   14.51965   11  543   15.81611   12.44418  21.3%  2792  223s
   399   467   14.53288   12  562   15.81611   12.44418  21.3%  2443  232s
   466   525   14.65078   13  558   15.81611   12.44418  21.3%  2241  237s
   524   607   14.65672   14  547   15.81611   12.44418  21.3%  2131  243s
   606   690   14.69266   16  524   15.81611   12.44418  21.3%  1979  251s
   691   781   14.72288   18  519   15.81611   12.44418  21.3%  1839  256s
   782   891   14.71896   18  433   15.81611   12.44418  21.3%  1717  262s
   894  1017   15.46100   19  529   15.81611   12.44418  21.3%  1586  266s
  1022  1077   14.77621   20  431   15.81611   12.44418  21.3%  1457  271s
H 1024  1077                      15.7352955   12.44418  20.9%  1456  271s
H 1025  1077                      15.6904171   12.44418  20.7%  1455  271s
H 1037  1077                      15.5662738   12.44418  20.1%  1447  271s
H 1044  1077                      15.1711151   12.44418  18.0%  1441  271s
H 1060  1077                      15.1358826   12.44418  17.8%  1426  271s
  1088  1152   14.80660   21  425   15.13588   12.44418  17.8%  1406  277s
  1207  1235   14.97480   23  432   15.13588   12.44418  17.8%  1366  284s
  1317  1300   14.91544   25  275   15.13588   12.44418  17.8%  1334  289s
  1421  1343   14.97248   27  232   15.13588   12.44418  17.8%  1322  295s
  1494  1376   15.11255   28  172   15.13588   12.44418  17.8%  1340  305s
  1556  1427   15.12612   29  340   15.13588   12.44418  17.8%  1381  314s
  1622  1486     cutoff   30        15.13588   12.44418  17.8%  1419  323s
  1691  1569   13.30276    9  371   15.13588   12.44418  17.8%  1455  330s
  1778  1647   13.43457   11  339   15.13588   12.44418  17.8%  1466  337s
  1870  1756   13.51638   13  314   15.13588   12.44418  17.8%  1469  346s
H 2001  1782                      14.2931452   12.44418  12.9%  1445  484s
H 2002  1782                      13.9470424   12.44418  10.8%  1446  484s
  2035  1760   13.61595   17  432   13.94704   12.44418  10.8%  1458  492s
  2166  1787   13.72412   21  223   13.94704   12.44418  10.8%  1460  504s
  2254  1803   13.74163   20  285   13.94704   12.44418  10.8%  1495  512s
  2348  1788   13.77408   22  395   13.94704   12.44418  10.8%  1513  523s
  2447  1784     cutoff   24        13.94704   12.44418  10.8%  1537  535s
  2567  1727   13.89128   26  227   13.94704   12.44418  10.8%  1546  616s
H 2569  1727                      13.9083737   12.44418  10.5%  1547  616s
  2614  1729     cutoff   27        13.90837   12.47476  10.3%  1554  634s
  2744  1797   12.80136    7  512   13.90837   12.47476  10.3%  1571  649s
  2912  1286   13.70414   21  475   13.90837   12.47476  10.3%  1562  991s
  2914  1287   13.68332   22  609   13.90837   12.47476  10.3%  1561 1001s
  2915  1288   13.43349   11  634   13.90837   12.47476  10.3%  1560 1027s
  2916  1289   13.43365   24  742   13.90837   12.47476  10.3%  1560 1030s
  2918  1290   13.51123   34  549   13.90837   12.47476  10.3%  1559 1035s
  2919  1291   13.51627   12  458   13.90837   12.47476  10.3%  1558 1046s
  2922  1293   13.28610   27  477   13.90837   12.47476  10.3%  1557 1059s
  2923  1293   13.62906   22  493   13.90837   12.47476  10.3%  1556 1060s
  2925  1295   13.73735   14  489   13.90837   12.47476  10.3%  1555 1068s
  2927  1296   13.38157   30  489   13.90837   12.47476  10.3%  1554 1070s
  2928  1297   12.94785   11  486   13.90837   12.47476  10.3%  1553 1077s
  2930  1298   13.34394   12  485   13.90837   12.47476  10.3%  1552 1090s
  2932  1299   13.03810   10  491   13.90837   12.47476  10.3%  1551 1102s
  2934  1301   13.82751   10  502   13.90837   12.47476  10.3%  1550 1110s
  2935  1301   13.20949   16  502   13.90837   12.47476  10.3%  1550 1119s
  2936  1302   13.26504   15  502   13.90837   12.47476  10.3%  1549 1120s
  2937  1306   12.66694   16  552   13.90837   12.47476  10.3%  34.9 1133s
  2939  1309   13.30784   17  568   13.90837   12.47476  10.3%  37.2 1142s
  2943  1316   13.51002   18  661   13.90837   12.47476  10.3%  42.7 1153s
  2951  1322     cutoff   19        13.90837   12.47476  10.3%  59.3 1161s
  2967  1340   12.57239   20  458   13.90837   12.52966  9.91%  81.5 1176s
  2992  1355   12.92779   21  499   13.90837   12.57239  9.61%   132 1217s
  3024  1372   13.01957   22  487   13.90837   12.61262  9.32%   311 1228s
  3056  1387   13.05373   23  504   13.90837   12.61262  9.32%   348 1239s
H 3061  1319                      13.9083464   12.61262  9.32%   356 1239s
H 3064  1256                      13.9083442   12.61262  9.32%   358 1239s
  3088  1274   13.14745   24  502   13.90834   12.61262  9.32%   386 1248s
  3120  1285   13.17613   25  485   13.90834   12.61262  9.32%   403 1259s
H 3126  1224                      13.9083442   12.61262  9.32%   410 1259s
  3153  1241   13.34975   26  343   13.90834   12.61262  9.32%   431 1267s
  3189  1242   13.37818   27  352   13.90834   12.61262  9.32%   453 1393s
H 3191  1185                      13.9082355   12.61262  9.32%   456 1393s
H 3209  1125                      13.9082238   12.61262  9.32%   469 1393s
H 3215  1072                      13.9081951   12.61262  9.32%   473 1393s
  3223  1100   13.39343   28  340   13.90820   12.61262  9.32%   477 1401s
  3269  1119   13.46201   30  333   13.90820   12.61262  9.32%   498 1408s
  3326  1118   13.59619   33  392   13.90820   12.61262  9.32%   523 1540s
  3361  1171   13.65889   34  437   13.90820   12.61262  9.32%   539 1549s
  3440  1184   13.70794   36  432   13.90820   12.61262  9.32%   556 1559s
  3524  1176   13.83190   39  462   13.90820   12.61262  9.32%   581 1590s
  3608  1188     cutoff   42        13.90820   12.61262  9.32%   609 1601s
  3699  1174   13.57926   42  259   13.90820   12.61262  9.32%   631 1610s
  3778  1166   13.86285   47  103   13.90820   12.61262  9.32%   661 1624s
  3856  1175     cutoff   48        13.90820   12.61262  9.32%   685 1636s
  3940  1180   13.70116   44  237   13.90820   12.61262  9.32%   707 1651s
  4029  1187   13.87828   47  159   13.90820   12.61262  9.32%   734 1662s
  4122  1207     cutoff   45        13.90820   12.67804  8.84%   755 1675s
  4220  1188   12.86659   23  221   13.90820   12.67804  8.84%   771 1802s
H 4221  1140                      13.9081924   12.67804  8.84%   770 1802s
H 4241  1088                      13.8881563   12.67804  8.71%   773 1802s
  4263  1141   13.02744   24  391   13.88816   12.67804  8.71%   782 1816s
  4386  1165   13.68232   25  247   13.88816   12.67804  8.71%   797 1832s
  4513  1187     cutoff   26        13.88816   12.67804  8.71%   818 1846s
  4668  1193   13.14479   27  330   13.88816   12.67804  8.71%   831 1857s
  4802  1219     cutoff   31        13.88816   12.67804  8.71%   850 1868s
  4929  1302   13.35189   32  152   13.88816   12.67804  8.71%   872 1882s
  5111  1305     cutoff   35        13.88816   12.67804  8.71%   884 1894s
  5288  1288   13.85395   37  159   13.88816   12.76022  8.12%   896 1906s
  5449  1337   13.54453   23  399   13.88816   12.80222  7.82%   921 1920s
  5643  1426   13.69494   26  229   13.88816   12.80222  7.82%   935 1932s
  5869  1508   13.39044   33  313   13.88816   12.80222  7.82%   945 1947s
  6067  1612   13.59259   35  296   13.88816   12.80222  7.82%   962 1961s
  6249  1745     cutoff   37        13.88816   12.80222  7.82%   983 1976s
  6447  1939   13.86236   42  260   13.88816   12.86802  7.35%  1003 1993s
  6696  2093   13.07626   26  372   13.88816   12.86802  7.35%  1020 2009s
  6993  2255   13.25686   28  307   13.88816   12.86802  7.35%  1027 2029s
  7294  2389   13.49526   32  236   13.88816   12.89328  7.16%  1041 2045s
  7632  2507   13.07133   22  208   13.88816   12.95272  6.74%  1047 2062s
  7932  2603   13.42516   27  308   13.88816   12.95272  6.74%  1063 2081s
  8227  2745   13.64143   35  315   13.88816   12.95272  6.74%  1071 2102s
  8557  2874     cutoff   41        13.88816   12.97363  6.58%  1083 2119s
  8870  2987   13.40955   29  371   13.88816   13.05600  5.99%  1097 2138s
  9195  3140     cutoff   35        13.88816   13.08804  5.76%  1110 2235s
  9496  3310   13.23694   25  335   13.88816   13.08804  5.76%  1130 2257s
  9871  3505   13.63755   31  601   13.88816   13.08804  5.76%  1143 2277s
 10207  3739     cutoff   35        13.88816   13.11040  5.60%  1162 2298s
 10624  3909   13.36038   32  283   13.88816   13.12954  5.46%  1164 2320s
 11093  4082     cutoff   25        13.88816   13.14737  5.33%  1174 2343s
 11510  4307   13.75107   53  210   13.88816   13.17484  5.14%  1187 2369s
 11996  4470   13.71974   35  350   13.88816   13.17484  5.14%  1198 2396s
 12530  4612     cutoff   34        13.88816   13.18586  5.06%  1204 2420s
 12995  4727     cutoff   31        13.88816   13.19110  5.02%  1217 2448s
 13430  4885   13.69714   32  391   13.88816   13.20307  4.93%  1223 2476s
 13970  5036   13.68061   36  248   13.88816   13.20846  4.89%  1236 2508s
 14496  5196   13.31196   39  215   13.88816   13.22224  4.79%  1251 2539s
 15026  5408     cutoff   51        13.88816   13.22749  4.76%  1269 2577s
 15691  5574     cutoff   35        13.88816   13.23060  4.73%  1272 2637s
 16407  5714   13.33926   33  427   13.88816   13.24216  4.65%  1276 2669s
 16993  5868   13.71188   38  147   13.88816   13.25493  4.56%  1283 2702s
 17662  5885   13.66134   36  316   13.88816   13.25587  4.55%  1295 2831s
H17663  5651                      13.8340879   13.25587  4.18%  1295 2831s
H17705  5361                      13.8022212   13.25587  3.96%  1297 2831s
 17709  5520   13.66545   37  220   13.80222   13.25658  3.95%  1297 2867s
 18423  5651     cutoff   41        13.80222   13.27289  3.84%  1309 2902s
 19089  5791   13.57604   37  339   13.80222   13.28594  3.74%  1327 2941s
 19838  6012   13.32517   31  325   13.80222   13.29450  3.68%  1338 2980s
 20656  6140     cutoff   31        13.80222   13.30380  3.61%  1348 3027s
 21369  6323   13.60599   45  147   13.80222   13.30717  3.59%  1362 3070s
 22255  6480   13.78431   38  147   13.80222   13.32353  3.47%  1372 3115s
 23194  6599   13.68810   38  196   13.80222   13.32970  3.42%  1382 3172s
 24133  6741   13.56104   27  195   13.80222   13.33222  3.41%  1391 3229s
 24971  6858   13.78658   31  231   13.80222   13.35136  3.27%  1403 3283s
 25820  6984     cutoff   43        13.80222   13.35802  3.22%  1419 3337s
 26860  7119   13.55351   32  278   13.80222   13.36856  3.14%  1430 3407s
 27804  7195   13.76544   34  283   13.80222   13.37874  3.07%  1447 3479s
H28895  7261                      13.8018335   13.38798  3.00%  1458 3557s
H28944  7261                      13.8018327   13.38943  2.99%  1457 3557s
 29927  7420     cutoff   34        13.80183   13.39767  2.93%  1469 3642s
 31420  7507   13.70001   28  349   13.80183   13.41088  2.83%  1484 3716s
 32778  7589     cutoff   31        13.80183   13.42073  2.76%  1495 3784s
 34113  7681     cutoff   35        13.80183   13.43128  2.68%  1509 3886s
 35419  7724   13.78122   29  210   13.80183   13.44360  2.60%  1521 4024s
H35441  7723                      13.8016535   13.44386  2.59%  1522 4024s
H35555  7262                      13.7681267   13.44386  2.36%  1523 4024s
 35846  7247   13.63340   40  217   13.76813   13.44723  2.33%  1527 4109s
 37330  7261   13.65698   30  230   13.76813   13.46426  2.21%  1540 4198s
 38885  7141     cutoff   29        13.76813   13.47832  2.10%  1553 4283s
 40473  7056     cutoff   30        13.76813   13.49519  1.98%  1566 4368s
 42163  6895     cutoff   40        13.76813   13.51024  1.87%  1576 4496s
 43914  6669     cutoff   40        13.76813   13.52483  1.77%  1587 4596s
 45668  6342     cutoff   39        13.76813   13.54209  1.64%  1599 4716s
 47509  5949     cutoff   39        13.76813   13.55914  1.52%  1612 4815s
 49465  5414   13.74947   32  321   13.76813   13.57750  1.38%  1622 4914s
 51552  4779     cutoff   46        13.76813   13.59792  1.24%  1628 5039s
 53465  4049     cutoff   44        13.76813   13.61675  1.10%  1641 5156s
 55645  3014     cutoff   38        13.76813   13.64022  0.93%  1648 5278s
 57924  1615     cutoff   33        13.76813   13.66884  0.72%  1655 5412s

Cutting planes:
  Learned: 17
  Gomory: 30
  Cover: 131
  Implied bound: 1145
  Projected implied bound: 53
  Clique: 40
  MIR: 1493
  StrongCG: 6
  Flow cover: 2817
  Inf proof: 8
  Zero half: 13
  RLT: 120
  Relax-and-lift: 174
  BQP: 20
  PSD: 7

Explored 60282 nodes (104708509 simplex iterations) in 5415.56 seconds (13172.36 work units)
Thread count was 32 (of 128 available processors)

Solution count 10: 13.7681 13.7681 13.8017 ... 13.9082

Optimal solution found (tolerance 5.00e-03)
Best objective 1.376812667321e+01, best bound 1.370086929018e+01, gap 0.4885%


*********************************************
*********************************************


Set parameter LogFile to value "/work/07346/ashukla/ls6/Norta_Results/norta_sm_16_25/40M"
Gurobi Optimizer version 10.0.2 build v10.0.2rc0 (linux64)

CPU model: AMD EPYC 7763 64-Core Processor, instruction set [SSE2|AVX|AVX2]
Thread count: 128 physical cores, 128 logical processors, using up to 32 threads

Optimize a model with 211787 rows, 77908 columns and 590072 nonzeros
Model fingerprint: 0xd5e486fa
Variable types: 55968 continuous, 21940 integer (21578 binary)
Coefficient statistics:
  Matrix range     [1e-03, 1e+05]
  Objective range  [6e-02, 6e-02]
  Bounds range     [1e+00, 3e+00]
  RHS range        [1e-02, 4e+07]

MIP start from previous solve produced solution with objective 13.7681 (0.69s)
MIP start from previous solve produced solution with objective 13.7681 (0.70s)
Loaded MIP start from previous solve with objective 13.7681

Presolve removed 176242 rows and 50569 columns
Presolve time: 1.74s
Presolved: 35545 rows, 27339 columns, 128463 nonzeros
Variable types: 23663 continuous, 3676 integer (3610 binary)
Root barrier log...

Ordering time: 0.33s

Barrier statistics:
 Dense cols : 55
 AA' NZ     : 4.223e+05
 Factor NZ  : 3.324e+06 (roughly 50 MB of memory)
 Factor Ops : 1.539e+09 (less than 1 second per iteration)
 Threads    : 32

                  Objective                Residual
Iter       Primal          Dual         Primal    Dual     Compl     Time
   0  -7.22743362e+05 -2.93008438e+05  3.92e+04 1.68e-01  7.54e+02     3s
   1  -4.31346661e+05 -3.21829166e+05  2.31e+04 3.10e-01  4.46e+02     3s
   2  -1.17604071e+05 -3.85053605e+05  3.54e+03 7.70e-13  1.33e+02     3s
   3  -4.44073308e+03 -2.86721768e+05  2.42e+01 1.29e-13  9.12e+00     3s
   4  -4.47463920e+02 -9.70290276e+04  3.52e+00 3.70e-14  1.99e+00     3s
   5   1.40035474e+02 -2.38868343e+04  3.17e-01 5.91e-15  3.92e-01     3s
   6   1.58305965e+02 -2.17411165e+03  1.14e-02 2.44e-15  3.62e-02     3s
   7   9.34069203e+01 -8.13968766e+02  2.89e-03 8.88e-16  1.40e-02     3s
   8   5.26079997e+01 -2.74865286e+02  1.14e-03 4.44e-16  5.06e-03     3s
   9   2.62218691e+01 -1.10070557e+02  4.23e-04 4.44e-16  2.10e-03     3s
  10   1.58006593e+01 -4.49645107e+01  1.97e-04 4.44e-16  9.38e-04     3s
  11   9.80096638e+00 -1.40413085e+01  8.55e-05 4.44e-16  3.68e-04     3s
  12   7.21316817e+00 -3.92723122e+00  4.68e-05 4.44e-16  1.72e-04     3s
  13   6.14716991e+00 -1.19095074e+00  3.26e-05 2.22e-16  1.13e-04     3s
  14   5.00763811e+00  1.07062843e+00  1.76e-05 2.22e-16  6.08e-05     3s
  15   4.54917085e+00  2.38634014e+00  1.16e-05 2.22e-16  3.34e-05     3s
  16   4.08239347e+00  2.80573560e+00  5.73e-06 4.44e-16  1.97e-05     3s
  17   3.97078471e+00  2.96196285e+00  4.35e-06 2.22e-16  1.56e-05     3s
  18   3.87559439e+00  3.13301934e+00  3.16e-06 4.44e-16  1.15e-05     3s
  19   3.80702619e+00  3.29579607e+00  2.29e-06 2.22e-16  7.89e-06     3s
  20   3.73958915e+00  3.38516735e+00  1.44e-06 4.44e-16  5.47e-06     3s
  21   3.69102134e+00  3.47010373e+00  8.48e-07 4.44e-16  3.41e-06     3s
  22   3.67209056e+00  3.52487587e+00  5.99e-07 4.44e-16  2.27e-06     3s
  23   3.65427628e+00  3.57206663e+00  3.78e-07 2.22e-16  1.27e-06     3s
  24   3.63603457e+00  3.59245936e+00  1.51e-07 4.44e-16  6.72e-07     4s
  25   3.63222643e+00  3.60465527e+00  1.04e-07 4.44e-16  4.26e-07     4s
  26   3.63022584e+00  3.60756086e+00  7.91e-08 4.44e-16  3.50e-07     4s
  27   3.62791435e+00  3.61585689e+00  5.05e-08 4.44e-16  1.86e-07     4s
  28   3.62621430e+00  3.61878458e+00  2.98e-08 4.44e-16  1.15e-07     4s
  29   3.62498948e+00  3.62201945e+00  1.46e-08 4.44e-16  4.59e-08     4s
  30   3.62424101e+00  3.62242106e+00  5.86e-09 4.44e-16  2.81e-08     4s
  31   3.62393701e+00  3.62278886e+00  2.48e-09 4.44e-16  1.77e-08     4s
  32   3.62374154e+00  3.62351979e+00  9.67e-10 4.44e-16  3.42e-09     4s
  33   3.62371558e+00  3.62366168e+00  8.45e-10 1.11e-14  8.32e-10     4s
  34   3.62370456e+00  3.62369356e+00  5.31e-10 5.74e-14  1.70e-10     4s
  35   3.62370119e+00  3.62370044e+00  3.79e-10 3.03e-14  1.16e-11     4s

Barrier solved model in 35 iterations and 3.75 seconds (3.57 work units)
Optimal objective 3.62370119e+00


Root crossover log...

       0 PPushes remaining with PInf 0.0000000e+00                 5s

  Push phase complete: Pinf 0.0000000e+00, Dinf 7.3138157e-03      5s


Root simplex log...

Iteration    Objective       Primal Inf.    Dual Inf.      Time
    7582    3.6237006e+00   0.000000e+00   7.313816e-03      5s
    7712    3.6237006e+00   0.000000e+00   0.000000e+00      5s
    7712    3.6237006e+00   0.000000e+00   0.000000e+00      5s

Root relaxation: objective 3.623701e+00, 7712 iterations, 2.91 seconds (3.78 work units)
Total elapsed time = 10.03s

    Nodes    |    Current Node    |     Objective Bounds      |     Work
 Expl Unexpl |  Obj  Depth IntInf | Incumbent    BestBd   Gap | It/Node Time

     0     0    3.62370    0  371   13.76813    3.62370  73.7%     -   10s
H    0     0                       8.9544302    4.14041  53.8%     -   35s
H    0     0                       7.4844121    4.14041  44.7%     -   35s
     0     0    4.14041    0  485    7.48441    4.14041  44.7%     -   35s
H    0     0                       7.3929784    4.14041  44.0%     -   37s
     0     0    4.16650    0  492    7.39298    4.16650  43.6%     -   43s
     0     0    4.22390    0  508    7.39298    4.22390  42.9%     -   48s
     0     0    4.22437    0  514    7.39298    4.22437  42.9%     -   51s
     0     0    4.23426    0  402    7.39298    4.23426  42.7%     -   56s
H    0     0                       6.8438138    4.23426  38.1%     -   58s
     0     0    4.23439    0  482    6.84381    4.23439  38.1%     -   60s
     0     0    4.23439    0  445    6.84381    4.23439  38.1%     -   60s
     0     0    4.23709    0  473    6.84381    4.23709  38.1%     -   63s
     0     0    4.23767    0  476    6.84381    4.23767  38.1%     -   65s
     0     0    4.23851    0  488    6.84381    4.23851  38.1%     -   66s
     0     0    4.23851    0  488    6.84381    4.23851  38.1%     -   66s
     0     0    4.24180    0  519    6.84381    4.24180  38.0%     -   68s
     0     0    4.24244    0  513    6.84381    4.24244  38.0%     -   71s
     0     0    4.24247    0  512    6.84381    4.24247  38.0%     -   71s
     0     0    4.24470    0  490    6.84381    4.24470  38.0%     -   72s
     0     0    4.24472    0  524    6.84381    4.24472  38.0%     -   73s
     0     0    4.24590    0  504    6.84381    4.24590  38.0%     -   73s
     0     0    4.24661    0  497    6.84381    4.24661  37.9%     -   76s
     0     0    4.24662    0  497    6.84381    4.24662  37.9%     -   76s
     0     0    4.24697    0  512    6.84381    4.24697  37.9%     -   77s
     0     0    4.24698    0  517    6.84381    4.24698  37.9%     -   79s
     0     0    4.24698    0  515    6.84381    4.24698  37.9%     -   80s
     0     0    4.24698    0  515    6.84381    4.24698  37.9%     -   81s
     0     0    4.24752    0  526    6.84381    4.24752  37.9%     -   82s
     0     0    4.24752    0  448    6.84381    4.24752  37.9%     -   86s
     0     2    4.24752    0  448    6.84381    4.24752  37.9%     -   94s
     1     4    4.51487    1  654    6.84381    4.24752  37.9% 11371  107s
     3     8    4.64195    2  661    6.84381    4.25003  37.9%  4666  115s
     7    16    4.69195    3  649    6.84381    4.25080  37.9%  3661  121s
    15    32    4.73710    4  657    6.84381    4.25266  37.9%  3433  129s
    31    64    4.77593    5  660    6.84381    4.25795  37.8%  3764  150s
H   33    64                       6.8300710    4.25795  37.7%  3660  150s
H   41    64                       6.8196921    4.25795  37.6%  3593  150s
H   50    64                       6.7130103    4.26124  36.5%  3510  150s
    63    96    4.80785    6  674    6.71301    4.26124  36.5%  3531  190s
    95   128    4.85141    7  656    6.71301    4.26124  36.5%  3279  199s
H  112   128                       6.5424739    4.26124  34.9%  3139  199s
   127   160    4.85488    8  632    6.54247    4.26124  34.9%  2991  204s
H  159   192                       6.4653404    4.26124  34.1%  3068  220s
H  163   192                       5.8763473    4.26124  27.5%  3058  220s
H  168   192                       5.5446713    4.26124  23.1%  3070  220s
   191   227    4.86753   10  677    5.54467    4.26124  23.1%  3057  227s
   228   267    4.88575   12  591    5.54467    4.26124  23.1%  2999  233s
   268   313    4.90692   13  640    5.54467    4.26124  23.1%  2991  240s
H  316   340                       4.8027257    4.26124  11.3%  2882  406s
H  319   340                       4.7241587    4.26124  9.80%  2897  406s
H  323   340                       4.7241488    4.26124  9.80%  2930  406s
H  324   340                       4.6797150    4.26124  8.94%  2928  406s
   349   283     cutoff   14         4.67972    4.26124  8.94%  2897  417s
   427   292    4.54751   17  354    4.67972    4.26124  8.94%  2449  445s
   469   328    4.55370   18  358    4.67972    4.26124  8.94%  2542  452s
   540   366    4.55383   19  351    4.67972    4.26124  8.94%  2480  460s
   611   390     cutoff   20         4.67972    4.26124  8.94%  2443  469s
   692   451    4.63752   19  358    4.67972    4.26124  8.94%  2391  478s
   799   502    4.63454   19  314    4.67972    4.26124  8.94%  2279  486s
   906   555     cutoff   19         4.67972    4.26124  8.94%  2189  493s
  1019   569    4.66266   21  340    4.67972    4.26124  8.94%  2131  504s
  1132   583    4.67730   21  289    4.67972    4.26124  8.94%  2095  514s
  1245   609     cutoff   22         4.67972    4.29419  8.24%  2071  524s
  1339   622    4.49102    7  341    4.67972    4.29419  8.24%  2069  543s
  1402   619    4.52864    8  385    4.67972    4.29419  8.24%  2105  552s
  1497   627    4.57557    9  370    4.67972    4.29419  8.24%  2129  561s
  1579   617     cutoff   10         4.67972    4.29419  8.24%  2179  575s
  1674   643    4.66693    8  294    4.67972    4.29419  8.24%  2222  584s
  1788   644    4.59709   17  435    4.67972    4.29419  8.24%  2223  598s
  1895   645    4.65940   19  364    4.67972    4.29419  8.24%  2250  615s
  2021   686     cutoff   20         4.67972    4.29535  8.21%  2254  627s
  2156   715    4.31141    9  444    4.67972    4.31141  7.87%  2243  637s
  2320   743    4.39332   11  510    4.67972    4.31141  7.87%  2214  648s
  2509   737     cutoff   13         4.67972    4.31141  7.87%  2172  668s
  2657   751    4.48898   13  356    4.67972    4.31141  7.87%  2192  680s
  2806   766     cutoff   15         4.67972    4.31141  7.87%  2203  702s
  3005   749     cutoff   21         4.67972    4.45022  4.90%  2203  726s
  3190   716    4.67652   11  340    4.67972    4.47724  4.33%  2210  741s
  3357   684     cutoff   19         4.67972    4.51796  3.46%  2224  756s
  3516   655     cutoff   18         4.67972    4.51796  3.46%  2250  772s
  3747   598     cutoff   19         4.67972    4.55920  2.58%  2245  793s
  3983   540    4.59882   17  277    4.67972    4.55920  2.58%  2243  811s
  4207   463     cutoff   21         4.67972    4.56575  2.44%  2242  842s
  4506   373    4.62449   52  103    4.67972    4.60805  1.53%  2221  869s
  4691   141     cutoff   18         4.67972    4.61742  1.33%  2220  885s
  5029     8    4.67213    9  440    4.67972    4.65245  0.58%  2161  898s
  5182     0     cutoff   10         4.67972    4.65262  0.58%  2117  906s

Cutting planes:
  Learned: 9
  Gomory: 65
  Cover: 212
  Implied bound: 1624
  Clique: 73
  MIR: 570
  StrongCG: 7
  Flow cover: 286
  Zero half: 6
  RLT: 118
  Relax-and-lift: 172
  BQP: 6
  PSD: 12

Explored 5190 nodes (11036343 simplex iterations) in 906.71 seconds (2288.33 work units)
Thread count was 32 (of 128 available processors)

Solution count 10: 4.67972 4.72415 4.72416 ... 6.81969

Optimal solution found (tolerance 5.00e-03)
Best objective 4.679715000001e+00, best bound 4.679715000001e+00, gap 0.0000%


*********************************************
*********************************************


Set parameter LogFile to value "/work/07346/ashukla/ls6/Norta_Results/norta_sm_16_25/60M"
Gurobi Optimizer version 10.0.2 build v10.0.2rc0 (linux64)

CPU model: AMD EPYC 7763 64-Core Processor, instruction set [SSE2|AVX|AVX2]
Thread count: 128 physical cores, 128 logical processors, using up to 32 threads

Optimize a model with 211787 rows, 77908 columns and 590072 nonzeros
Model fingerprint: 0xc8ff93bc
Variable types: 55968 continuous, 21940 integer (21578 binary)
Coefficient statistics:
  Matrix range     [1e-03, 1e+05]
  Objective range  [6e-02, 6e-02]
  Bounds range     [1e+00, 3e+00]
  RHS range        [1e-02, 6e+07]

MIP start from previous solve produced solution with objective 4.67972 (0.69s)
MIP start from previous solve produced solution with objective 4.67972 (0.69s)
Loaded MIP start from previous solve with objective 4.67972

Presolve removed 176242 rows and 50569 columns
Presolve time: 1.70s
Presolved: 35545 rows, 27339 columns, 128463 nonzeros
Variable types: 23663 continuous, 3676 integer (3610 binary)
Root barrier log...

Ordering time: 0.33s

Barrier statistics:
 Dense cols : 55
 AA' NZ     : 4.223e+05
 Factor NZ  : 3.324e+06 (roughly 50 MB of memory)
 Factor Ops : 1.539e+09 (less than 1 second per iteration)
 Threads    : 32

                  Objective                Residual
Iter       Primal          Dual         Primal    Dual     Compl     Time
   0  -9.76862727e+05 -2.93008900e+05  5.28e+04 1.68e-01  1.02e+03     3s
   1  -5.96465285e+05 -3.22489710e+05  3.17e+04 4.02e-01  6.17e+02     3s
   2  -2.40741129e+05 -3.85548313e+05  1.04e+04 6.72e-14  2.57e+02     3s
   3  -5.19751600e+03 -3.15257482e+05  2.82e+01 9.21e-14  1.03e+01     3s
   4  -1.39979431e+03 -1.05313306e+05  8.44e+00 5.25e-14  2.79e+00     3s
   5   6.59612094e+01 -5.91684509e+04  7.07e-01 3.27e-14  9.88e-01     3s
   6   1.62538563e+02 -7.23574671e+03  6.83e-02 1.37e-15  1.16e-01     3s
   7   1.14670439e+02 -2.78672477e+03  1.05e-02 2.44e-15  4.49e-02     3s
   8   6.22003336e+01 -1.08757234e+03  9.17e-04 1.33e-15  1.77e-02     3s
   9   2.93370529e+01 -2.01361326e+02  8.50e-05 4.44e-16  3.56e-03     3s
  10   8.91312484e+00 -9.06547959e+01  1.69e-06 8.88e-16  1.53e-03     3s
  11   4.36928485e+00 -4.24902244e+01  4.98e-07 4.44e-16  7.22e-04     3s
  12   4.00849290e+00 -2.70768903e+01  4.38e-07 4.44e-16  4.79e-04     3s
  13   2.77368129e+00 -1.21156281e+01  2.51e-07 2.22e-16  2.29e-04     3s
  14   1.70793907e+00 -3.48807032e+00  1.26e-07 4.44e-16  8.01e-05     3s
  15   1.14089561e+00 -1.37381190e+00  7.02e-08 4.44e-16  3.88e-05     3s
  16   7.29031236e-01 -2.11950983e-01  3.24e-08 4.44e-16  1.45e-05     3s
  17   5.22019783e-01  2.09548246e-01  1.38e-08 4.44e-16  4.82e-06     3s
  18   4.48917986e-01  2.79955307e-01  7.65e-09 4.44e-16  2.60e-06     3s
  19   4.20034041e-01  2.96018128e-01  5.21e-09 4.44e-16  1.91e-06     3s
  20   4.07790014e-01  3.18387043e-01  4.21e-09 4.44e-16  1.38e-06     3s
  21   3.91077741e-01  3.27704881e-01  2.82e-09 4.44e-16  9.77e-07     3s
  22   3.78565071e-01  3.36843950e-01  1.86e-09 2.22e-16  6.43e-07     3s
  23   3.70239525e-01  3.43926894e-01  1.13e-09 4.44e-16  4.06e-07     3s
  24   3.66549641e-01  3.49626736e-01  7.95e-10 4.44e-16  2.61e-07     3s
  25   3.64541628e-01  3.52700784e-01  6.02e-10 4.44e-16  1.82e-07     3s
  26   3.62893881e-01  3.54917042e-01  4.46e-10 4.44e-16  1.23e-07     3s
  27   3.62175980e-01  3.55162304e-01  3.83e-10 4.44e-16  1.08e-07     3s
  28   3.61319039e-01  3.55835966e-01  3.04e-10 4.44e-16  8.45e-08     3s
  29   3.60061049e-01  3.56625546e-01  1.90e-10 4.44e-16  5.29e-08     4s
  30   3.59194822e-01  3.57384133e-01  1.11e-10 2.22e-16  2.79e-08     4s
  31   3.58674454e-01  3.57501379e-01  2.31e-10 4.44e-16  1.81e-08     4s
  32   3.58440876e-01  3.57869838e-01  2.40e-10 4.44e-16  8.80e-09     4s
  33   3.58294593e-01  3.57972115e-01  2.02e-10 4.44e-16  4.97e-09     4s
  34   3.58208801e-01  3.58056228e-01  1.04e-10 2.93e-14  2.35e-09     4s
  35   3.58119468e-01  3.58087861e-01  2.14e-09 2.05e-13  4.87e-10     4s
  36   3.58116952e-01  3.58097871e-01  1.56e-09 3.57e-13  2.94e-10     4s
  37   3.58103309e-01  3.58101667e-01  8.56e-10 6.20e-14  2.53e-11     4s
  38   3.58102414e-01  3.58102284e-01  3.90e-09 1.83e-14  1.99e-12     4s

Barrier solved model in 38 iterations and 3.69 seconds (3.69 work units)
Optimal objective 3.58102414e-01


Root simplex log...

Iteration    Objective       Primal Inf.    Dual Inf.      Time
    5461    3.5810247e-01   0.000000e+00   0.000000e+00      5s
    5468    3.5810247e-01   0.000000e+00   0.000000e+00      5s
Extra simplex iterations after uncrush: 7

Root relaxation: objective 3.581025e-01, 5468 iterations, 2.67 seconds (3.70 work units)

    Nodes    |    Current Node    |     Objective Bounds      |     Work
 Expl Unexpl |  Obj  Depth IntInf | Incumbent    BestBd   Gap | It/Node Time

     0     0    0.35810    0  251    4.67972    0.35810  92.3%     -    9s
H    0     0                       3.0428711    0.43490  85.7%     -   26s
H    0     0                       2.3322702    0.43490  81.4%     -   26s
     0     0    0.43490    0  268    2.33227    0.43490  81.4%     -   26s
H    0     0                       2.3147110    0.43490  81.2%     -   30s
H    0     0                       2.1975450    0.43554  80.2%     -   31s
     0     0    0.43624    0  276    2.19754    0.43624  80.1%     -   31s
     0     0    0.43859    0  254    2.19754    0.43859  80.0%     -   35s
     0     0    0.43860    0  255    2.19754    0.43860  80.0%     -   38s
     0     0    0.43957    0  268    2.19754    0.43957  80.0%     -   41s
H    0     0                       2.1530753    0.43957  79.6%     -   44s
     0     0    0.43957    0  272    2.15308    0.43957  79.6%     -   44s
     0     0    0.43969    0  278    2.15308    0.43969  79.6%     -   47s
     0     0    0.43969    0  277    2.15308    0.43969  79.6%     -   48s
     0     0    0.43969    0  278    2.15308    0.43969  79.6%     -   49s
     0     0    0.43969    0  279    2.15308    0.43969  79.6%     -   50s
     0     0    0.43982    0  242    2.15308    0.43982  79.6%     -   51s
     0     0    0.43982    0  256    2.15308    0.43982  79.6%     -   51s
     0     0    0.43983    0  275    2.15308    0.43983  79.6%     -   52s
     0     0    0.43983    0  208    2.15308    0.43983  79.6%     -   56s
     0     2    0.43983    0  203    2.15308    0.43983  79.6%     -   67s
     1     4    0.77623    1  200    2.15308    0.43983  79.6%  6836   73s
     3     8    0.93512    2  234    2.15308    0.44111  79.5%  3730   79s
     7    16    0.96590    3  219    2.15308    0.44254  79.4%  3228   85s
    15    31    1.00691    4  197    2.15308    0.44309  79.4%  2974   90s
    31    61    1.11354    5  194    2.15308    0.44390  79.4%  2924   97s
H   32    61                       2.0426587    0.44390  78.3%  2833   97s
H   55    61                       1.6131201    0.44443  72.4%  2779   98s
    62    68    1.11379    6  193    1.61312    0.44443  72.4%  2617  106s
H   72    68                       1.0986757    0.44443  59.5%  2405  106s
   101    76     cutoff    7         1.09868    0.44443  59.5%  2229  115s
H  105    76                       1.0967970    0.44443  59.5%  2193  115s
   135    87     cutoff    7         1.09680    0.44443  59.5%  2135  120s
   165   107    0.74567    8  278    1.09680    0.44443  59.5%  2075  125s
H  166   107                       1.0967970    0.44443  59.5%  2062  125s
H  167   107                       1.0967970    0.44443  59.5%  2052  125s
H  177   107                       1.0777748    0.44443  58.8%  1996  125s
   199   130    0.80866    9  164    1.07777    0.44443  58.8%  1901  131s
H  238   147                       1.0655864    0.44443  58.3%  1891  231s
H  240   147                       1.0650710    0.44443  58.3%  1888  231s
H  242   147                       1.0627366    0.44443  58.2%  1882  231s
H  245   147                       0.9489866    0.44443  53.2%  1899  231s
H  274   139                       0.6015331    0.44443  26.1%  1793  289s
H  275   139                       0.5893931    0.44443  24.6%  1794  289s
   317    82     cutoff   11         0.58939    0.44443  24.6%  1643  293s
   380    60     cutoff    9         0.58939    0.44864  23.9%  1409  301s
   435    60     cutoff    7         0.58939    0.45720  22.4%  1435  308s
   492    71    0.45979   20  140    0.58939    0.45979  22.0%  1372  314s
   565    54    0.57960   22  141    0.58939    0.45979  22.0%  1367  318s
   622    40    0.46953   21  137    0.58939    0.46701  20.8%  1430  323s
   670    50     cutoff   22         0.58939    0.49258  16.4%  1493  329s
   721    91    0.51056   24  151    0.58939    0.49986  15.2%  1463  336s
   813   177    0.51334   26  146    0.58939    0.50926  13.6%  1393  340s
   953   268     cutoff   29         0.58939    0.51243  13.1%  1248  346s
* 1084   268              27       0.5837550    0.51243  12.2%  1148  346s
  1107   315    0.54045   28  151    0.58376    0.51243  12.2%  1130  350s
  1239   303     cutoff   29         0.58376    0.51900  11.1%  1084  359s
  1381   320    0.54969   42   64    0.58376    0.52562  10.0%  1068  368s
  1551   267    0.55098   48  128    0.58376    0.52562  10.0%  1042  375s
  1670   224    0.56193   34  109    0.58376    0.52562  10.0%  1061  384s
  1780   159     cutoff   35         0.58376    0.52588  9.91%  1089  393s
  1892    95     cutoff   30         0.58376    0.55031  5.73%  1111  400s
  2018    25     cutoff   44         0.58376    0.55811  4.39%  1124  405s
  2126     6     cutoff   43         0.58376    0.56435  3.32%  1123  413s

Cutting planes:
  Learned: 4
  Gomory: 29
  Cover: 240
  Implied bound: 1082
  Clique: 109
  MIR: 314
  StrongCG: 4
  Flow cover: 127
  Zero half: 7
  RLT: 46
  Relax-and-lift: 179
  BQP: 8
  PSD: 10

Explored 2166 nodes (2461588 simplex iterations) in 414.88 seconds (725.95 work units)
Thread count was 32 (of 128 available processors)

Solution count 10: 0.583755 0.589393 0.601533 ... 1.0968

Optimal solution found (tolerance 5.00e-03)
Best objective 5.837550000005e-01, best bound 5.837550000005e-01, gap 0.0000%


*********************************************
*********************************************


Set parameter LogFile to value "/work/07346/ashukla/ls6/Norta_Results/norta_sm_16_25/80M"
Gurobi Optimizer version 10.0.2 build v10.0.2rc0 (linux64)

CPU model: AMD EPYC 7763 64-Core Processor, instruction set [SSE2|AVX|AVX2]
Thread count: 128 physical cores, 128 logical processors, using up to 32 threads

Optimize a model with 211787 rows, 77908 columns and 590072 nonzeros
Model fingerprint: 0xbe11006e
Variable types: 55968 continuous, 21940 integer (21578 binary)
Coefficient statistics:
  Matrix range     [1e-03, 1e+05]
  Objective range  [6e-02, 6e-02]
  Bounds range     [1e+00, 3e+00]
  RHS range        [1e-02, 8e+07]

MIP start from previous solve produced solution with objective 0.583755 (0.74s)
MIP start from previous solve produced solution with objective 0.583755 (0.74s)
Loaded MIP start from previous solve with objective 0.583755

Presolve removed 179120 rows and 51098 columns
Presolve time: 1.86s
Presolved: 32667 rows, 26810 columns, 120219 nonzeros
Variable types: 23255 continuous, 3555 integer (3491 binary)
Root barrier log...

Ordering time: 0.28s

Barrier statistics:
 Dense cols : 46
 AA' NZ     : 3.645e+05
 Factor NZ  : 2.918e+06 (roughly 40 MB of memory)
 Factor Ops : 1.247e+09 (less than 1 second per iteration)
 Threads    : 32

                  Objective                Residual
Iter       Primal          Dual         Primal    Dual     Compl     Time
   0  -6.84849402e+04 -2.56997456e+05  3.46e+02 1.68e-01  7.43e+01     3s
   1  -2.43897800e+04 -2.22924940e+05  1.24e+02 3.69e-01  2.79e+01     3s
   2  -1.22897689e+03 -1.39075686e+05  7.35e+00 2.10e-14  3.49e+00     3s
   3   2.53960465e+01 -4.99547678e+04  9.50e-01 1.73e-14  9.19e-01     3s
   4   1.52063972e+02 -5.12613996e+03  1.52e-01 3.08e-15  9.18e-02     3s
   5   1.11511839e+02 -1.55297723e+03  2.12e-02 1.11e-15  2.77e-02     3s
   6   6.54702713e+01 -5.39187957e+02  6.48e-03 6.66e-16  1.00e-02     3s
   7   3.54214889e+01 -2.13891956e+02  2.58e-03 4.44e-16  4.12e-03     3s
   8   1.69257533e+01 -8.78307598e+01  8.58e-04 6.66e-16  1.73e-03     3s
   9   3.35902620e+00 -1.19822716e+01  8.09e-05 4.44e-16  2.53e-04     3s
  10   4.20154409e-01 -2.71031104e+00  4.05e-06 4.44e-16  5.15e-05     3s
  11   1.21198480e-01 -7.79955248e-01  1.04e-06 4.44e-16  1.48e-05     3s
  12   2.20885278e-02 -1.26953598e-01  1.40e-07 4.44e-16  2.45e-06     3s
  13   3.20021641e-03 -2.14562631e-02  1.94e-08 4.44e-16  4.05e-07     3s
  14   1.84055686e-04 -2.68602860e-04  1.01e-09 4.44e-16  7.44e-09     3s
  15   8.17168484e-08 -9.98667247e-08  1.07e-11 4.44e-16  2.99e-12     3s

Barrier solved model in 15 iterations and 3.40 seconds (3.20 work units)
Optimal objective 8.17168484e-08


Root relaxation: objective 1.023182e-12, 5150 iterations, 1.63 seconds (1.62 work units)
Total elapsed time = 24.55s
Total elapsed time = 25.70s

    Nodes    |    Current Node    |     Objective Bounds      |     Work
 Expl Unexpl |  Obj  Depth IntInf | Incumbent    BestBd   Gap | It/Node Time

     0     0    0.00000    0   21    0.58376    0.00000   100%     -   27s
     0     0    0.00000    0   63    0.58376    0.00000   100%     -   31s
     0     0    0.00000    0   60    0.58376    0.00000   100%     -   33s
     0     0    0.00000    0    9    0.58376    0.00000   100%     -   38s
     0     0    0.00000    0    9    0.58376    0.00000   100%     -   40s
     0     0    0.00000    0    6    0.58376    0.00000   100%     -   42s
H    0     0                       0.3767071    0.00000   100%     -   43s
     0     0    0.00000    0    6    0.37671    0.00000   100%     -   43s
     0     0    0.00000    0    6    0.37671    0.00000   100%     -   44s
     0     0    0.00000    0    6    0.37671    0.00000   100%     -   44s
     0     0    0.00000    0    6    0.37671    0.00000   100%     -   45s
     0     2    0.00000    0    6    0.37671    0.00000   100%     -   45s
     1     4    0.00300    1  155    0.37671    0.00000   100% 24910   69s
     3     8    0.14022    2  113    0.37671    0.00000   100% 10672   75s
     7    12 infeasible    3         0.37671    0.00000   100%  5845   83s
H    8    12                       0.2887185    0.00000   100%  5114   83s
H    9    12                       0.2169373    0.00000   100%  5554   83s
H   12    12                       0.0331514    0.00000   100%  4744   83s
    15    10    0.00000    4    4    0.03315    0.00000   100%  4396   91s
H   41     9                       0.0222497    0.00000   100%  2757   94s
    48    13    0.00000    7    4    0.02225    0.00000   100%  2522   95s
    57    18    0.00000    8    2    0.02225    0.00000   100%  2177  102s
    70    15    0.00000    9    2    0.02225    0.00000   100%  2052  109s
*   71    15               9       0.0000000    0.00000  0.00%  2023  109s

Cutting planes:
  Cover: 49
  Implied bound: 497
  Clique: 2
  MIR: 97
  Flow cover: 15
  RLT: 4
  Relax-and-lift: 5
  PSD: 2

Explored 88 nodes (200603 simplex iterations) in 109.96 seconds (199.00 work units)
Thread count was 32 (of 128 available processors)

Solution count 7: 5.68434e-13 0.0222497 0.0331514 ... 0.583755

Optimal solution found (tolerance 5.00e-03)
Best objective 5.684341886081e-13, best bound 5.684341886081e-13, gap 0.0000%


*********************************************
*********************************************


