Set parameter TokenServer to value "license02.tacc.utexas.edu"
Set parameter LogFile to value "/work/07346/ashukla/ls6/Norta_Results/norta_sm_16_7/0M"
Set parameter MIPGap to value 0.005
Set parameter TimeLimit to value 32400
Set parameter Method to value 2
Gurobi Optimizer version 10.0.2 build v10.0.2rc0 (linux64)

CPU model: AMD EPYC 7763 64-Core Processor, instruction set [SSE2|AVX|AVX2]
Thread count: 128 physical cores, 128 logical processors, using up to 32 threads

Optimize a model with 211803 rows, 77908 columns and 590120 nonzeros
Model fingerprint: 0x47887495
Variable types: 55968 continuous, 21940 integer (21578 binary)
Coefficient statistics:
  Matrix range     [1e-03, 1e+05]
  Objective range  [6e-02, 6e-02]
  Bounds range     [1e+00, 3e+00]
  RHS range        [1e-02, 2e+04]
Presolve removed 210938 rows and 76737 columns
Presolve time: 1.56s
Presolved: 865 rows, 1171 columns, 3968 nonzeros
Variable types: 1021 continuous, 150 integer (150 binary)
Found heuristic solution: objective 66.5926259
Root barrier log...

Ordering time: 0.00s

Barrier statistics:
 AA' NZ     : 4.649e+03
 Factor NZ  : 2.038e+04 (roughly 1 MB of memory)
 Factor Ops : 9.410e+05 (less than 1 second per iteration)
 Threads    : 1

                  Objective                Residual
Iter       Primal          Dual         Primal    Dual     Compl     Time
   0  -1.36812087e+03 -7.20599950e+03  1.16e+02 1.68e-01  2.67e+01     2s
   1  -6.00627067e-01 -3.42070038e+03  4.66e+00 5.70e-02  2.55e+00     2s
   2   5.20657260e+01 -3.65779556e+02  3.10e-01 1.02e-03  2.37e-01     2s
   3   5.22789548e+01 -2.68422023e+00  2.14e-02 3.89e-05  2.86e-02     2s
   4   4.71671228e+01  3.76247447e+01  2.10e-04 4.44e-16  4.86e-03     2s
   5   4.56237231e+01  4.27940238e+01  6.49e-05 2.22e-16  1.44e-03     2s
   6   4.52140541e+01  4.37366044e+01  3.32e-05 2.22e-16  7.52e-04     2s
   7   4.49030542e+01  4.42489502e+01  9.55e-06 2.22e-16  3.33e-04     2s
   8   4.48550201e+01  4.46378825e+01  6.54e-06 4.44e-16  1.10e-04     2s
   9   4.48066713e+01  4.47107899e+01  3.23e-06 2.22e-16  4.88e-05     2s
  10   4.47785330e+01  4.47413128e+01  1.07e-06 2.22e-16  1.89e-05     2s
  11   4.47654557e+01  4.47511084e+01  2.10e-07 2.22e-16  7.30e-06     2s
  12   4.47621965e+01  4.47567790e+01  1.63e-08 2.22e-16  2.75e-06     2s
  13   4.47616522e+01  4.47608121e+01  3.09e-10 2.22e-16  4.27e-07     2s
  14   4.47615710e+01  4.47614585e+01  1.31e-09 2.22e-16  5.72e-08     2s
  15   4.47615321e+01  4.47615305e+01  3.58e-09 4.44e-16  8.41e-10     2s
  16   4.47615309e+01  4.47615309e+01  1.36e-10 5.81e-15  8.41e-13     2s

Barrier solved model in 16 iterations and 1.67 seconds (1.76 work units)
Optimal objective 4.47615309e+01


Root relaxation: objective 4.476153e+01, 6 iterations, 0.02 seconds (0.02 work units)

    Nodes    |    Current Node    |     Objective Bounds      |     Work
 Expl Unexpl |  Obj  Depth IntInf | Incumbent    BestBd   Gap | It/Node Time

     0     0   44.76153    0    4   66.59263   44.76153  32.8%     -    1s
H    0     0                      44.8647566   44.76153  0.23%     -    1s

Explored 1 nodes (6 simplex iterations) in 1.70 seconds (1.77 work units)
Thread count was 32 (of 128 available processors)

Solution count 2: 44.8648 66.5926 

Optimal solution found (tolerance 5.00e-03)
Best objective 4.486475660917e+01, best bound 4.476153089036e+01, gap 0.2301%


*********************************************
*********************************************


Set parameter LogFile to value "/work/07346/ashukla/ls6/Norta_Results/norta_sm_16_7/20M"
Gurobi Optimizer version 10.0.2 build v10.0.2rc0 (linux64)

CPU model: AMD EPYC 7763 64-Core Processor, instruction set [SSE2|AVX|AVX2]
Thread count: 128 physical cores, 128 logical processors, using up to 32 threads

Optimize a model with 211803 rows, 77908 columns and 590120 nonzeros
Model fingerprint: 0x15d2aae4
Variable types: 55968 continuous, 21940 integer (21578 binary)
Coefficient statistics:
  Matrix range     [1e-03, 1e+05]
  Objective range  [6e-02, 6e-02]
  Bounds range     [1e+00, 3e+00]
  RHS range        [1e-02, 2e+07]

MIP start from previous solve produced solution with objective 44.8648 (0.61s)
MIP start from previous solve produced solution with objective 44.8648 (0.61s)
Loaded MIP start from previous solve with objective 44.8648

Presolve removed 176733 rows and 50709 columns
Presolve time: 1.80s
Presolved: 35070 rows, 27199 columns, 127225 nonzeros
Variable types: 23529 continuous, 3670 integer (3606 binary)
Root barrier log...

Ordering time: 0.31s

Barrier statistics:
 Dense cols : 57
 AA' NZ     : 4.110e+05
 Factor NZ  : 3.381e+06 (roughly 50 MB of memory)
 Factor Ops : 1.597e+09 (less than 1 second per iteration)
 Threads    : 32

                  Objective                Residual
Iter       Primal          Dual         Primal    Dual     Compl     Time
   0  -9.95597848e+05 -2.86765717e+05  5.43e+04 1.68e-01  1.04e+03     3s
   1  -6.07028388e+05 -3.20893754e+05  3.28e+04 2.50e-01  6.29e+02     3s
   2  -1.21090140e+05 -3.86768646e+05  5.18e+03 7.34e-14  1.36e+02     3s
   3  -2.02399006e+04 -2.78939429e+05  7.11e+02 1.94e-13  2.49e+01     3s
   4  -5.52962757e+03 -1.55074607e+05  2.50e+02 2.85e-14  7.41e+00     3s
   5  -1.76063444e+03 -9.04233992e+04  4.94e+01 1.23e-14  2.84e+00     3s
   6  -1.02436538e+03 -6.05884425e+04  2.27e+01 7.13e-15  1.68e+00     3s
   7  -5.58039918e+02 -3.58585915e+04  1.43e+01 5.04e-15  9.16e-01     3s
   8  -1.84529362e+01 -8.12293981e+03  1.02e+00 1.33e-15  1.81e-01     3s
   9   1.11997927e+02 -1.60403743e+03  1.22e-01 3.07e-15  3.02e-02     3s
  10   8.06845286e+01 -2.31569473e+02  1.27e-02 8.88e-16  5.02e-03     3s
  11   4.87106869e+01 -1.09800287e+02  5.61e-03 2.22e-15  2.52e-03     3s
  12   3.49297027e+01 -5.49906084e+01  3.18e-03 1.33e-15  1.43e-03     3s
  13   2.63846482e+01 -2.76120196e+01  1.97e-03 8.88e-16  8.57e-04     3s
  14   1.96245760e+01 -1.25794602e+01  1.09e-03 1.11e-15  5.10e-04     3s
  15   1.77036329e+01 -5.69758495e+00  8.45e-04 8.88e-16  3.71e-04     3s
  16   1.62939781e+01 -1.91180275e+00  6.66e-04 6.66e-16  2.88e-04     3s
  17   1.33226692e+01  1.97202083e+00  2.98e-04 6.66e-16  1.79e-04     3s
  18   1.26027031e+01  4.53706834e+00  2.24e-04 4.44e-16  1.27e-04     3s
  19   1.23460321e+01  6.83898524e+00  1.98e-04 4.44e-16  8.72e-05     3s
  20   1.19311122e+01  8.26239989e+00  1.58e-04 6.66e-16  5.82e-05     3s
  21   1.15281778e+01  8.85962093e+00  1.15e-04 4.44e-16  4.24e-05     3s
  22   1.11483762e+01  9.40559094e+00  7.66e-05 4.44e-16  2.77e-05     3s
  23   1.08926984e+01  9.73385586e+00  5.17e-05 2.22e-16  1.84e-05     3s
  24   1.06922303e+01  9.87455004e+00  3.24e-05 4.44e-16  1.30e-05     3s
  25   1.05338822e+01  1.01271881e+01  1.71e-05 4.44e-16  6.45e-06     3s
  26   1.04733020e+01  1.01586911e+01  1.15e-05 4.44e-16  4.98e-06     3s
  27   1.04051128e+01  1.02445253e+01  5.03e-06 4.72e-16  2.54e-06     3s
  28   1.03782856e+01  1.03100741e+01  2.56e-06 4.44e-16  1.08e-06     3s
  29   1.03705500e+01  1.03290828e+01  1.86e-06 4.44e-16  6.59e-07     4s
  30   1.03642301e+01  1.03383135e+01  1.28e-06 4.44e-16  4.12e-07     4s
  31   1.03584042e+01  1.03411066e+01  7.55e-07 4.44e-16  2.75e-07     4s
  32   1.03557341e+01  1.03445193e+01  5.09e-07 4.44e-16  1.78e-07     4s
  33   1.03528905e+01  1.03477026e+01  2.56e-07 4.44e-16  8.25e-08     4s
  34   1.03513018e+01  1.03488726e+01  1.17e-07 4.44e-16  3.86e-08     4s
  35   1.03503169e+01  1.03496371e+01  3.23e-08 4.44e-16  1.08e-08     4s
  36   1.03501601e+01  1.03498056e+01  1.91e-08 6.83e-13  5.65e-09     4s
  37   1.03499554e+01  1.03499034e+01  3.56e-09 2.58e-14  8.26e-10     4s
  38   1.03499337e+01  1.03499254e+01  2.80e-09 4.55e-14  1.32e-10     4s
  39   1.03499295e+01  1.03499264e+01  1.72e-07 1.81e-13  4.99e-11     4s

Barrier solved model in 39 iterations and 3.70 seconds (3.68 work units)
Optimal objective 1.03499295e+01

Extra simplex iterations after uncrush: 1

Root relaxation: objective 1.034993e+01, 5305 iterations, 2.12 seconds (2.39 work units)
Total elapsed time = 9.42s

    Nodes    |    Current Node    |     Objective Bounds      |     Work
 Expl Unexpl |  Obj  Depth IntInf | Incumbent    BestBd   Gap | It/Node Time

     0     0   10.34993    0  459   44.86476   10.34993  76.9%     -   10s
     0     0   11.40796    0  499   44.86476   11.40796  74.6%     -   25s
     0     0   11.43333    0  468   44.86476   11.43333  74.5%     -   30s
     0     0   11.43522    0  506   44.86476   11.43522  74.5%     -   30s
     0     0   11.43522    0  506   44.86476   11.43522  74.5%     -   30s
     0     0   11.61533    0  771   44.86476   11.61533  74.1%     -   36s
H    0     0                      21.8378490   11.63258  46.7%     -   41s
     0     0   11.63258    0  688   21.83785   11.63258  46.7%     -   41s
     0     0   11.63741    0  702   21.83785   11.63741  46.7%     -   42s
     0     0   11.63760    0  548   21.83785   11.63760  46.7%     -   42s
     0     0   11.68968    0  738   21.83785   11.68968  46.5%     -   48s
     0     0   11.70202    0  820   21.83785   11.70202  46.4%     -   52s
     0     0   11.70352    0  817   21.83785   11.70352  46.4%     -   53s
     0     0   11.70531    0  679   21.83785   11.70531  46.4%     -   54s
     0     0   11.70579    0  665   21.83785   11.70579  46.4%     -   54s
     0     0   11.70579    0  665   21.83785   11.70579  46.4%     -   54s
     0     0   11.72881    0  769   21.83785   11.72881  46.3%     -   58s
     0     0   11.73655    0  556   21.83785   11.73655  46.3%     -   61s
     0     0   11.74191    0  803   21.83785   11.74191  46.2%     -   62s
     0     0   11.74202    0  819   21.83785   11.74202  46.2%     -   62s
     0     0   11.75048    0  717   21.83785   11.75048  46.2%     -   64s
     0     0   11.75261    0  706   21.83785   11.75261  46.2%     -   66s
     0     0   11.75261    0  706   21.83785   11.75261  46.2%     -   66s
     0     0   11.76042    0  738   21.83785   11.76042  46.1%     -   69s
H    0     0                      17.4482515   11.76668  32.6%     -   71s
     0     0   11.76668    0  738   17.44825   11.76668  32.6%     -   71s
     0     0   11.76729    0  741   17.44825   11.76729  32.6%     -   71s
     0     0   11.76764    0  741   17.44825   11.76764  32.6%     -   71s
     0     0   11.76809    0  741   17.44825   11.76809  32.6%     -   71s
     0     0   11.76809    0  741   17.44825   11.76809  32.6%     -   71s
     0     0   11.77105    0  706   17.44825   11.77105  32.5%     -   72s
     0     0   11.77231    0  630   17.44825   11.77231  32.5%     -   73s
     0     0   11.77340    0  644   17.44825   11.77340  32.5%     -   73s
     0     0   11.77345    0  659   17.44825   11.77345  32.5%     -   74s
     0     0   11.77416    0  665   17.44825   11.77416  32.5%     -   74s
     0     0   11.77483    0  652   17.44825   11.77483  32.5%     -   75s
     0     0   11.77483    0  652   17.44825   11.77483  32.5%     -   75s
     0     0   11.77537    0  626   17.44825   11.77537  32.5%     -   76s
     0     0   11.77539    0  633   17.44825   11.77539  32.5%     -   78s
     0     0   11.77572    0  640   17.44825   11.77572  32.5%     -   79s
     0     0   11.77572    0  538   17.44825   11.77572  32.5%     -   83s
     0     2   11.77572    0  538   17.44825   11.77572  32.5%     -   91s
     1     4   12.21746    1  631   17.44825   11.77572  32.5%  6508   96s
     3     8   12.67943    2  693   17.44825   11.91678  31.7%  4510  101s
     7    16   12.87186    3  622   17.44825   11.92554  31.7%  2492  105s
    15    32   13.28474    4  635   17.44825   11.97530  31.4%  2427  111s
    31    64   13.43105    5  686   17.44825   11.99048  31.3%  2379  120s
H   32    64                      17.3568900   11.99048  30.9%  2304  120s
H   33    64                      17.3082482   11.99048  30.7%  2285  120s
H   35    64                      15.9050628   11.99048  24.6%  2342  120s
    63    96   13.47569    6  683   15.90506   12.00428  24.5%  2675  147s
    95   128   13.47967    7  640   15.90506   12.00428  24.5%  2364  158s
   127   160   13.53417    8  545   15.90506   12.00428  24.5%  2302  184s
H  159   192                      15.7409423   12.00428  23.7%  2251  205s
H  169   192                      15.6635306   12.00428  23.4%  2261  205s
H  190   192                      15.5273340   12.00428  22.7%  2270  205s
   191   240   13.60810    9  566   15.52733   12.00428  22.7%  2281  210s
   239   283   13.64288   10  672   15.52733   12.00428  22.7%  2048  215s
   282   327   13.64868   11  661   15.52733   12.00428  22.7%  1960  220s
   326   376   13.66578   13  837   15.52733   12.00428  22.7%  1865  228s
   375   420   13.68885   15  834   15.52733   12.00428  22.7%  1804  234s
   421   466   13.74159   17  666   15.52733   12.00428  22.7%  1778  243s
   467   513   14.05203   17  729   15.52733   12.00428  22.7%  1777  283s
   517   550   13.78710   18  747   15.52733   12.00428  22.7%  1761  291s
H  534   550                      15.2863185   12.00428  21.5%  1753  291s
   554   618   13.83599   19  634   15.28632   12.00428  21.5%  1739  300s
   626   682   13.85876   20  525   15.28632   12.00428  21.5%  1669  312s
   697   764   13.88947   22  575   15.28632   12.00428  21.5%  1616  318s
   784   849   13.96641   23  692   15.28632   12.00428  21.5%  1546  327s
   877   933   13.98396   24  558   15.28632   12.00428  21.5%  1479  333s
   971  1001   14.11697   25  524   15.28632   12.00428  21.5%  1436  337s
  1045  1090   14.12037   26  619   15.28632   12.00428  21.5%  1437  343s
  1142  1181   14.22733   28  597   15.28632   12.00428  21.5%  1399  349s
  1243  1299   14.20827   29  569   15.28632   12.00428  21.5%  1345  354s
  1367  1410   14.32551   31  468   15.28632   12.00428  21.5%  1299  360s
  1497  1542   14.44403   35  482   15.28632   12.00428  21.5%  1263  365s
  1637  1613   14.50806   36  483   15.28632   12.00428  21.5%  1223  382s
H 1639  1613                      15.2403679   12.00428  21.2%  1223  382s
H 1662  1613                      15.2403389   12.00428  21.2%  1230  382s
  1752  1712   14.63630   37  473   15.24034   12.00428  21.2%  1222  390s
  1873  1804     cutoff   38        15.24034   12.00428  21.2%  1231  398s
  1980  1906   14.72280   38  433   15.24034   12.00428  21.2%  1249  406s
  2100  2021   14.85576   42  304   15.24034   12.00428  21.2%  1253  415s
  2239  2122   14.99209   46  280   15.24034   12.00428  21.2%  1248  422s
H 2248  1890                      14.6347111   12.00428  18.0%  1248  422s
  2356  1923     cutoff   47        14.63471   12.00552  18.0%  1235  433s
  2513  1997   12.42191    8  522   14.63471   12.00552  18.0%  1241  441s
  2622  2102   12.58884   10  484   14.63471   12.00552  18.0%  1273  449s
  2757  2181   12.62301   11  405   14.63471   12.00552  18.0%  1274  461s
  2876  2304   12.86544   13  382   14.63471   12.00552  18.0%  1288  475s
H 3020  1818                      13.9923815   12.00552  14.2%  1294  657s
  3021  1783   12.47032   15  538   13.99238   12.00552  14.2%  1293  688s
  3023  1784   13.01933   34  445   13.99238   12.00552  14.2%  1292  698s
  3024  1785   12.98619   26  470   13.99238   12.00552  14.2%  1292  728s
  3025  1786   13.42304   25  672   13.99238   12.00552  14.2%  1292  735s
  3026  1786   12.71586   21  549   13.99238   12.00552  14.2%  1291  740s
  3031  1790   12.69697   11  506   13.99238   12.00552  14.2%  1289  762s
  3033  1791   13.84520   15  525   13.99238   12.00552  14.2%  1288  765s
  3034  1792   13.02961    7  495   13.99238   12.00552  14.2%  1288  780s
  3036  1793   12.72463   10  499   13.99238   12.00552  14.2%  1287  790s
  3038  1794   12.58696   19  490   13.99238   12.00552  14.2%  1286  799s
  3039  1795   13.26468   37  494   13.99238   12.00552  14.2%  1286  800s
  3041  1796   13.88078   32  496   13.99238   12.00552  14.2%  1285  810s
  3042  1797   12.78353   25  496   13.99238   12.00552  14.2%  1284  820s
  3043  1801   12.00552   12  546   13.99238   12.00552  14.2%  28.5  828s
  3045  1804   12.09814   13  458   13.99238   12.00552  14.2%  31.2  835s
  3049  1811   12.14874   14  496   13.99238   12.00552  14.2%  36.5  846s
  3057  1824   12.20354   15  451   13.99238   12.03435  14.0%  47.2  855s
  3073  1851   12.64836   16  538   13.99238   12.06607  13.8%  68.8  867s
H 3094  1753                      13.9917637   12.13264  13.3%   105  867s
  3105  1781   12.91740   17  556   13.99176   12.13264  13.3%   119  879s
  3110  1779   13.45306   17  480   13.99176   12.13264  13.3%   123  880s
  3137  1799   12.91159   17  717   13.99176   12.13264  13.3%   150  892s
  3169  1819   13.29745   18  732   13.99176   12.13264  13.3%   177  900s
  3201  1840   12.93281   18  690   13.99176   12.13264  13.3%   193  911s
H 3202  1755                      13.9917637   12.13264  13.3%   193  911s
H 3210  1670                      13.9917637   12.13264  13.3%   198  911s
H 3211  1593                      13.9876654   12.13264  13.3%   199  911s
H 3218  1516                      13.9859132   12.13264  13.3%   206  911s
  3233  1541   12.97066   19  608   13.98591   12.13264  13.3%   217  923s
  3265  1566     cutoff   19        13.98591   12.13264  13.3%   247  946s
  3302  1583   13.04015   20  516   13.98591   12.13264  13.3%   268  953s
  3335  1606   13.15847   20  517   13.98591   12.13264  13.3%   279  961s
  3375  1632   13.05037   21  429   13.98591   12.13264  13.3%   299  967s
H 3426  1565                      13.9328161   12.13264  12.9%   313 1090s
H 3429  1497                      13.9212494   12.13264  12.8%   315 1090s
H 3431  1433                      13.8856334   12.13264  12.6%   316 1090s
H 3434  1372                      13.5926964   12.13264  10.7%   318 1090s
  3462  1366   13.07409   22  486   13.59270   12.13264  10.7%   328 1099s
H 3464  1309                      13.5926952   12.13264  10.7%   328 1099s
  3530  1313   13.25568   22  457   13.59270   12.13264  10.7%   344 1106s
  3593  1315   13.14079   23  452   13.59270   12.13264  10.7%   365 1232s
H 3613  1255                      13.5926952   12.13264  10.7%   374 1232s
H 3620  1200                      13.5167373   12.13264  10.2%   375 1232s
  3628  1237   13.18860   23  682   13.51674   12.13264  10.2%   381 1242s
  3699  1260   13.21084   24  435   13.51674   12.13264  10.2%   401 1251s
  3778  1286   13.20835   26  535   13.51674   12.13264  10.2%   424 1263s
  3865  1300   13.26980   27  527   13.51674   12.13264  10.2%   444 1271s
  3953  1310   13.28573   28  518   13.51674   12.13264  10.2%   466 1280s
  4039  1332   13.30935   30  506   13.51674   12.13264  10.2%   489 1288s
  4127  1359     cutoff   31        13.51674   12.13264  10.2%   505 1299s
  4230  1379     cutoff   32        13.51674   12.13264  10.2%   526 1306s
  4327  1420     cutoff   33        13.51674   12.13264  10.2%   546 1317s
  4451  1414   13.14867   26  387   13.51674   12.13264  10.2%   561 1325s
  4558  1448   13.36765   28  362   13.51674   12.13264  10.2%   583 1334s
  4680  1430     cutoff   32        13.51674   12.13264  10.2%   600 1379s
H 4681  1382                      13.5157563   12.13264  10.2%   600 1379s
H 4682  1334                      13.5157493   12.13264  10.2%   600 1379s
H 4684  1290                      13.5157184   12.13264  10.2%   601 1379s
H 4687  1247                      13.5156688   12.13264  10.2%   601 1379s
H 4689  1207                      13.5156685   12.13264  10.2%   602 1379s
  4719  1270   13.44894   32  328   13.51567   12.14110  10.2%   606 1411s
  4860  1287   12.91536   18  604   13.51567   12.14110  10.2%   630 1424s
  5010  1274   13.02877   21  440   13.51567   12.14110  10.2%   656 1446s
  5097  1290   13.10830   22  349   13.51567   12.14110  10.2%   665 1460s
  5232  1364     cutoff   25        13.51567   12.14110  10.2%   694 1470s
  5394  1455   13.18385   24  369   13.51567   12.14110  10.2%   714 1482s
  5590  1521     cutoff   27        13.51567   12.14110  10.2%   729 1496s
  5794  1597     cutoff   28        13.51567   12.29125  9.06%   749 1511s
  6009  1653   12.50788   19  339   13.51567   12.29125  9.06%   766 1536s
  6163  1764   12.70413   22  346   13.51567   12.29125  9.06%   782 1549s
  6336  1834   12.83321   25  374   13.51567   12.29125  9.06%   805 1564s
  6525  1931   13.02836   28  436   13.51567   12.29125  9.06%   826 1580s
  6752  2057   13.35553   37  312   13.51567   12.29125  9.06%   845 1594s
  7033  2148     cutoff   37        13.51567   12.39698  8.28%   863 1617s
  7299  2279   12.48807   22  603   13.51567   12.39698  8.28%   886 1632s
  7579  2460   12.91964   27  337   13.51567   12.39698  8.28%   905 1646s
H 7900  2272                      13.4147720   12.39698  7.59%   919 1770s
H 7904  2243                      13.4031599   12.39698  7.51%   918 1770s
H 7906  2114                      13.3548618   12.39698  7.17%   919 1770s
H 7911  2033                      13.3325691   12.39698  7.02%   920 1770s
H 7912  1755                      13.2614815   12.39698  6.52%   920 1770s
H 7945  1755                      13.2613217   12.39698  6.52%   924 1770s
  7954  1875   13.09625   32  248   13.26132   12.46419  6.01%   925 1786s
  8239  1971   12.66760   22  307   13.26132   12.46419  6.01%   939 1802s
  8498  2040   12.86751   26  422   13.26132   12.46419  6.01%   949 1859s
  8794  2157   12.89864   28  418   13.26132   12.46419  6.01%   975 1883s
  9089  2260   13.11953   35  242   13.26132   12.64102  4.68%   995 1926s
  9449  2365     cutoff   30        13.26132   12.65906  4.54%  1016 1944s
  9811  2459   13.04071   32  309   13.26132   12.72006  4.08%  1028 1963s
 10192  2554     cutoff   28        13.26132   12.73864  3.94%  1046 1986s
 10488  2620     cutoff   33        13.26132   12.75015  3.85%  1060 2065s
 10862  2686   13.12456   35  286   13.26132   12.76146  3.77%  1084 2093s
 11203  2759   13.25440   36  102   13.26132   12.77589  3.66%  1106 2115s
 11649  2808   13.14584   40  180   13.26132   12.77721  3.65%  1123 2179s
 12094  2890   13.20295   33   67   13.26132   12.79485  3.52%  1145 2213s
 12553  2995   13.12408   27  342   13.26132   12.80796  3.42%  1162 2239s
 12992  3116   12.92676   29  234   13.26132   12.82133  3.32%  1172 2276s
 13531  3216   12.96412   27  277   13.26132   12.82452  3.29%  1188 2303s
 14034  3324   13.25044   30  319   13.26132   12.83516  3.21%  1202 2341s
 14582  3413     cutoff   36        13.26132   12.83848  3.19%  1219 2375s
 15163  3467   13.08344   29  353   13.26132   12.85575  3.06%  1234 2409s
 15690  3539   13.11237   28  198   13.26132   12.86296  3.00%  1245 2443s
 16285  3614     cutoff   29        13.26132   12.86998  2.95%  1262 2503s
 16899  3632   13.13728   25  253   13.26132   12.88408  2.84%  1277 2544s
 17470  3692     cutoff   37        13.26132   12.89802  2.74%  1295 2589s
 18125  3658   13.20525   26  408   13.26132   12.90803  2.66%  1306 2657s
 18768  3676   13.03106   25  373   13.26132   12.91354  2.62%  1324 2708s
 19402  3675     cutoff   39        13.26132   12.92626  2.53%  1342 2750s
 20095  3681     cutoff   32        13.26132   12.93967  2.43%  1362 2804s
 20853  3650     cutoff   33        13.26132   12.95002  2.35%  1378 2923s
 21580  3645     cutoff   27        13.26132   12.96205  2.26%  1399 3059s
H21590  3631                      13.2598797   12.96205  2.25%  1399 3059s
H21609  3631                      13.2598797   12.96205  2.25%  1400 3059s
 21646  3588   13.25398   23  396   13.25988   12.96205  2.25%  1402 3137s
 22436  3592   13.23942   27  458   13.25988   12.97350  2.16%  1418 3186s
 23262  3552     cutoff   30        13.25988   12.99022  2.03%  1430 3236s
 24158  3492   13.20428   30  315   13.25988   13.00034  1.96%  1441 3310s
H24572  3492                      13.2598797   13.00301  1.94%  1449 3310s
 24651  3384     cutoff   35        13.25988   13.00597  1.91%  1450 3377s
 25560  3279   13.20665   30  328   13.25988   13.02031  1.81%  1466 3436s
 26571  3132   13.14156   31  220   13.25988   13.03202  1.72%  1480 3501s
 27606  2925     cutoff   27        13.25988   13.04578  1.61%  1494 3570s
 28716  2700   13.18595   32  432   13.25988   13.06263  1.49%  1510 3680s
 29872  2422   13.19384   30  370   13.25988   13.08067  1.35%  1527 3753s
 31049  2153     cutoff   30        13.25988   13.09507  1.24%  1539 3846s
 31932  1694     cutoff   26        13.25988   13.10754  1.15%  1551 3984s
 33144  1083     cutoff   33        13.25988   13.13001  0.98%  1567 4093s
 34561   177     cutoff   31        13.25988   13.14474  0.87%  1578 4168s

Cutting planes:
  Learned: 10
  Gomory: 52
  Cover: 140
  Implied bound: 914
  Projected implied bound: 61
  Clique: 59
  MIR: 929
  StrongCG: 8
  Flow cover: 1962
  Inf proof: 2
  Zero half: 17
  RLT: 93
  Relax-and-lift: 177
  BQP: 15
  PSD: 4

Explored 35991 nodes (61113333 simplex iterations) in 4171.82 seconds (9769.33 work units)
Thread count was 32 (of 128 available processors)

Solution count 10: 13.2599 13.2599 13.2599 ... 13.4148

Optimal solution found (tolerance 5.00e-03)
Best objective 1.325988011227e+01, best bound 1.319668093429e+01, gap 0.4766%


*********************************************
*********************************************


Set parameter LogFile to value "/work/07346/ashukla/ls6/Norta_Results/norta_sm_16_7/40M"
Gurobi Optimizer version 10.0.2 build v10.0.2rc0 (linux64)

CPU model: AMD EPYC 7763 64-Core Processor, instruction set [SSE2|AVX|AVX2]
Thread count: 128 physical cores, 128 logical processors, using up to 32 threads

Optimize a model with 211803 rows, 77908 columns and 590120 nonzeros
Model fingerprint: 0x6f60b4ab
Variable types: 55968 continuous, 21940 integer (21578 binary)
Coefficient statistics:
  Matrix range     [1e-03, 1e+05]
  Objective range  [6e-02, 6e-02]
  Bounds range     [1e+00, 3e+00]
  RHS range        [1e-02, 4e+07]

MIP start from previous solve produced solution with objective 13.2599 (0.68s)
MIP start from previous solve produced solution with objective 13.2599 (0.69s)
Loaded MIP start from previous solve with objective 13.2599

Presolve removed 176733 rows and 50709 columns
Presolve time: 1.80s
Presolved: 35070 rows, 27199 columns, 127225 nonzeros
Variable types: 23529 continuous, 3670 integer (3606 binary)
Root barrier log...

Ordering time: 0.31s

Barrier statistics:
 Dense cols : 57
 AA' NZ     : 4.110e+05
 Factor NZ  : 3.381e+06 (roughly 50 MB of memory)
 Factor Ops : 1.597e+09 (less than 1 second per iteration)
 Threads    : 32

                  Objective                Residual
Iter       Primal          Dual         Primal    Dual     Compl     Time
   0  -7.01762252e+05 -2.86765916e+05  3.82e+04 1.68e-01  7.36e+02     3s
   1  -4.15459769e+05 -3.15265353e+05  2.23e+04 3.92e-01  4.32e+02     3s
   2  -1.30301857e+05 -3.72575538e+05  3.55e+03 1.15e-13  1.45e+02     3s
   3  -1.66473743e+04 -2.61804576e+05  8.75e+01 6.49e-14  2.07e+01     3s
   4  -5.32648816e+03 -1.56032281e+05  2.88e+01 3.51e-14  7.23e+00     3s
   5  -8.00655154e+02 -8.41224257e+04  5.27e+00 1.36e-14  2.02e+00     3s
   6  -2.47143916e+02 -3.92336830e+04  2.35e+00 5.41e-15  8.25e-01     3s
   7   3.66795239e+01 -9.07617411e+03  7.89e+00 1.80e-15  1.77e-01     3s
   8   1.20053916e+02 -1.16186330e+03  4.46e-01 1.33e-15  2.09e-02     3s
   9   4.81654357e+01 -1.28671274e+02  1.21e-03 1.35e-14  2.77e-03     3s
  10   1.62292257e+01 -4.51137332e+01  1.88e-04 5.33e-15  9.59e-04     3s
  11   1.27346327e+01 -2.36596072e+01  1.29e-04 2.66e-15  5.69e-04     3s
  12   8.93239990e+00 -8.38221775e+00  7.14e-05 1.33e-15  2.71e-04     3s
  13   7.55049461e+00 -2.34179588e+00  5.24e-05 6.66e-16  1.55e-04     3s
  14   5.58257358e+00  6.09877148e-01  2.72e-05 4.44e-16  7.78e-05     3s
  15   4.93760376e+00  2.16941250e+00  1.91e-05 4.44e-16  4.33e-05     3s
  16   4.44333751e+00  2.88059976e+00  1.30e-05 4.44e-16  2.45e-05     3s
  17   4.07936552e+00  3.09602140e+00  8.53e-06 2.22e-16  1.54e-05     3s
  18   3.77828183e+00  3.20379726e+00  5.08e-06 4.44e-16  9.00e-06     3s
  19   3.57666453e+00  3.29449110e+00  2.31e-06 4.44e-16  4.42e-06     3s
  20   3.50824719e+00  3.33144902e+00  1.41e-06 4.44e-16  2.77e-06     4s
  21   3.45650570e+00  3.36073987e+00  7.28e-07 2.22e-16  1.50e-06     4s
  22   3.42894989e+00  3.37767536e+00  3.72e-07 4.44e-16  8.02e-07     4s
  23   3.41952449e+00  3.38372994e+00  2.50e-07 4.44e-16  5.60e-07     4s
  24   3.41250674e+00  3.39115872e+00  1.58e-07 4.44e-16  3.34e-07     4s
  25   3.40396841e+00  3.39434462e+00  4.84e-08 4.44e-16  1.50e-07     4s
  26   3.40228669e+00  3.39735787e+00  2.73e-08 4.44e-16  7.71e-08     4s
  27   3.40172890e+00  3.39810388e+00  2.04e-08 4.44e-16  5.67e-08     4s
  28   3.40117761e+00  3.39917775e+00  1.36e-08 4.44e-16  3.13e-08     4s
  29   3.40048408e+00  3.39944688e+00  5.20e-09 4.44e-16  1.62e-08     4s
  30   3.40030209e+00  3.39970830e+00  3.06e-09 2.09e-15  9.28e-09     4s
  31   3.40022930e+00  3.39984602e+00  2.20e-09 2.98e-14  5.99e-09     4s
  32   3.40014294e+00  3.39990958e+00  1.24e-09 7.01e-13  3.65e-09     4s
  33   3.40009401e+00  3.39996133e+00  6.58e-10 9.07e-13  2.07e-09     4s
  34   3.40004467e+00  3.40001776e+00  4.10e-10 4.06e-15  4.20e-10     4s
  35   3.40003873e+00  3.40003729e+00  3.41e-10 4.38e-13  2.25e-11     4s

Barrier solved model in 35 iterations and 3.89 seconds (3.68 work units)
Optimal objective 3.40003873e+00

Extra simplex iterations after uncrush: 1

Root relaxation: objective 3.400038e+00, 4788 iterations, 2.30 seconds (2.49 work units)
Total elapsed time = 11.08s

    Nodes    |    Current Node    |     Objective Bounds      |     Work
 Expl Unexpl |  Obj  Depth IntInf | Incumbent    BestBd   Gap | It/Node Time

     0     0    3.40004    0  358   13.25988    3.40004  74.4%     -   11s
H    0     0                       9.0839806    4.02177  55.7%     -   32s
H    0     0                       6.6383937    4.02177  39.4%     -   32s
     0     0    4.02177    0  376    6.63839    4.02177  39.4%     -   32s
     0     0    4.04481    0  372    6.63839    4.04481  39.1%     -   36s
H    0     0                       6.4285568    4.08095  36.5%     -   44s
     0     0    4.08095    0  443    6.42856    4.08095  36.5%     -   44s
     0     0    4.08737    0  452    6.42856    4.08737  36.4%     -   50s
     0     0    4.09211    0  462    6.42856    4.09211  36.3%     -   51s
     0     0    4.09270    0  457    6.42856    4.09270  36.3%     -   52s
     0     0    4.09270    0  456    6.42856    4.09270  36.3%     -   52s
     0     0    4.09796    0  431    6.42856    4.09796  36.3%     -   57s
     0     0    4.09973    0  413    6.42856    4.09973  36.2%     -   62s
     0     0    4.10007    0  426    6.42856    4.10007  36.2%     -   62s
     0     0    4.10007    0  421    6.42856    4.10007  36.2%     -   63s
     0     0    4.10033    0  425    6.42856    4.10033  36.2%     -   65s
     0     0    4.10161    0  437    6.42856    4.10161  36.2%     -   66s
     0     0    4.10193    0  482    6.42856    4.10193  36.2%     -   66s
     0     0    4.10194    0  439    6.42856    4.10194  36.2%     -   67s
     0     0    4.10318    0  425    6.42856    4.10318  36.2%     -   67s
     0     0    4.10318    0  425    6.42856    4.10318  36.2%     -   71s
     0     0    4.10321    0  435    6.42856    4.10321  36.2%     -   71s
     0     0    4.10321    0  435    6.42856    4.10321  36.2%     -   72s
     0     0    4.10321    0  435    6.42856    4.10321  36.2%     -   72s
     0     0    4.10321    0  436    6.42856    4.10321  36.2%     -   75s
     0     0    4.10321    0  435    6.42856    4.10321  36.2%     -   75s
     0     0    4.10321    0  435    6.42856    4.10321  36.2%     -   75s
     0     0    4.10321    0  381    6.42856    4.10321  36.2%     -   78s
     0     0    4.10321    0  387    6.42856    4.10321  36.2%     -   79s
     0     0    4.10321    0  387    6.42856    4.10321  36.2%     -   79s
     0     0    4.10321    0  377    6.42856    4.10321  36.2%     -   82s
H    0     0                       5.9712033    4.10321  31.3%     -   86s
     0     2    4.10321    0  376    5.97120    4.10321  31.3%     -   88s
     1     4    4.23416    1  393    5.97120    4.10321  31.3%  4297   92s
     3     8    4.31072    2  347    5.97120    4.11223  31.1%  2628   98s
     7    16    4.31768    3  405    5.97120    4.11870  31.0%  4083  104s
    15    32    4.56024    4  359    5.97120    4.11980  31.0%  3867  112s
    31    62    5.34789    5  393    5.97120    4.13079  30.8%  3763  176s
H   52    62                       5.2105367    4.13273  20.7%  5867  176s
    63    83     cutoff    6         5.21054    4.13273  20.7%  5169  205s
    96   109    4.55451    7  202    5.21054    4.13614  20.6%  3904  212s
   128   139    4.57437    8  278    5.21054    4.13614  20.6%  3345  218s
H  160   170                       5.0069369    4.13614  17.4%  2933  228s
H  164   170                       5.0033826    4.13614  17.3%  2880  228s
H  174   170                       4.9767331    4.13614  16.9%  2782  228s
   192   182    4.57526   10  247    4.97673    4.13614  16.9%  2656  235s
   246   210    4.57537   12  189    4.97673    4.13614  16.9%  2297  243s
   300   241    4.59655   14  230    4.97673    4.13614  16.9%  2137  252s
   335   284    4.60095   15  226    4.97673    4.13614  16.9%  2063  258s
   383   336    4.65164   16  225    4.97673    4.13614  16.9%  2018  264s
   442   385    4.65719   19  154    4.97673    4.13614  16.9%  1931  273s
   501   432    4.72343   21  140    4.97673    4.13614  16.9%  1907  280s
   566   494    4.79485   23  148    4.97673    4.13614  16.9%  1850  285s
   638   547    4.79855   27  141    4.97673    4.13614  16.9%  1768  390s
H  650   547                       4.7248840    4.13614  12.5%  1751  390s
H  652   547                       4.6836776    4.13614  11.7%  1756  390s
H  656   547                       4.6731621    4.13614  11.5%  1755  390s
   711   526     cutoff   31         4.67316    4.14209  11.4%  1715  400s
   830   570    4.26389    8  339    4.67316    4.14209  11.4%  1624  407s
   899   592    4.30633   10  340    4.67316    4.14209  11.4%  1638  417s
   981   623    4.33059   11  348    4.67316    4.14209  11.4%  1625  426s
  1060   671    4.34159   12  353    4.67316    4.14209  11.4%  1650  435s
  1150   707    4.40679   14  412    4.67316    4.14209  11.4%  1642  444s
  1237   767    4.40820   15  403    4.67316    4.14209  11.4%  1658  452s
  1329   793    4.48099   18  255    4.67316    4.14209  11.4%  1655  461s
  1416   824    4.50700   21  261    4.67316    4.14209  11.4%  1667  468s
  1502   866    4.60057   26  250    4.67316    4.14209  11.4%  1676  484s
  1582   884    4.63097   31  239    4.67316    4.14209  11.4%  1726  495s
  1674   904     cutoff   34         4.67316    4.15378  11.1%  1754  561s
H 1676   904                       4.6720207    4.15378  11.1%  1752  561s
  1714   979    4.34961   10  219    4.67202    4.15378  11.1%  1754  612s
H 1832   977                       4.6642875    4.15378  10.9%  1784  666s
H 1836   977                       4.6629197    4.15378  10.9%  1786  666s
H 1845   977                       4.6626636    4.15378  10.9%  1787  666s
H 1861   977                       4.6625159    4.15378  10.9%  1793  666s
H 1862   977                       4.6625067    4.15378  10.9%  1793  666s
  1883  1028    4.44966   22  107    4.66251    4.15378  10.9%  1800  676s
  2016  1056     cutoff   29         4.66251    4.15378  10.9%  1799  686s
  2163  1079    4.59524   37  110    4.66251    4.20431  9.83%  1786  709s
  2302  1134    4.26070   13  286    4.66251    4.20431  9.83%  1804  719s
  2465  1201    4.35068   16  199    4.66251    4.20431  9.83%  1802  731s
  2627  1224    4.43459   18  303    4.66251    4.20431  9.83%  1794  743s
  2770  1251    4.50517   20  287    4.66251    4.20431  9.83%  1810  753s
  2936  1295    4.58314   23  290    4.66251    4.20431  9.83%  1809  763s
  3091  1328    4.61163   25  278    4.66251    4.20431  9.83%  1815  778s
  3234  1356     cutoff   25         4.66251    4.22184  9.45%  1834  792s
  3404  1355    4.35113   18  327    4.66251    4.22184  9.45%  1838  866s
  3554  1399    4.53491   20  323    4.66251    4.22184  9.45%  1885  888s
  3731  1386    4.59728   22  275    4.66251    4.22184  9.45%  1889  910s
  3890  1447    4.60220   22  274    4.66251    4.26633  8.50%  1904  922s
  4081  1554    4.36121   18  313    4.66251    4.26633  8.50%  1908  939s
  4369  1622    4.45368   20  232    4.66251    4.26633  8.50%  1880  955s
* 4604  1622              63       4.6576539    4.26633  8.40%  1858  955s
  4655  1639    4.50850   23  249    4.65765    4.26633  8.40%  1855  970s
  4887  1663    4.61683   28  257    4.65765    4.33859  6.85%  1857  986s
  5109  1694    4.38496   15  181    4.65765    4.33859  6.85%  1862 1004s
  5365  1683     cutoff   20         4.65765    4.33859  6.85%  1863 1024s
  5638  1700     cutoff   21         4.65765    4.37013  6.17%  1865 1041s
  5957  1755    4.57322   25  194    4.65765    4.45497  4.35%  1856 1059s
H 6343  1755                       4.6451556    4.45497  4.09%  1821 1059s
  6391  1709    4.57335   18  153    4.64516    4.45497  4.09%  1818 1076s
  6792  1695     cutoff   19         4.64516    4.47176  3.73%  1799 1098s
  7207  1678    4.57866   20  105    4.64516    4.47857  3.59%  1782 1116s
* 7417  1678              40       4.6442275    4.48372  3.46%  1777 1116s
  7623  1697    4.52837   13  178    4.64423    4.48372  3.46%  1774 1134s
  8050  1708    4.54090   21   80    4.64423    4.48650  3.40%  1766 1155s
H 8055  1708                       4.6366538    4.48650  3.24%  1765 1155s
* 8080  1708              44       4.6340631    4.48650  3.18%  1760 1155s
  8569  1623    4.57899   12  227    4.63406    4.48769  3.16%  1748 1176s
  8999  1596    4.58883   11  235    4.63406    4.50074  2.88%  1750 1196s
  9486  1555    4.58144   12  180    4.63406    4.50919  2.69%  1742 1219s
 10075  1498     cutoff   16         4.63406    4.51840  2.50%  1730 1241s
H10464  1498                       4.6051825    4.52641  1.71%  1712 1241s
 10801  1261     cutoff   22         4.60518    4.53267  1.57%  1698 1265s
*11315  1261              45       4.5731275    4.53465  0.84%  1683 1265s
 11479    77     cutoff   15         4.57313    4.54799  0.55%  1678 1285s
*11638    77              39       4.5714663    4.55159  0.43%  1661 1285s
*11857    77              48       4.5706206    4.55305  0.38%  1636 1285s
*11992    77              53       4.5702063    4.55335  0.37%  1619 1285s

Cutting planes:
  Learned: 6
  Gomory: 37
  Cover: 220
  Implied bound: 1795
  Clique: 77
  MIR: 478
  StrongCG: 1
  Flow cover: 242
  Inf proof: 2
  Zero half: 10
  RLT: 75
  Relax-and-lift: 140
  BQP: 13
  PSD: 5

Explored 12816 nodes (19725049 simplex iterations) in 1286.14 seconds (2808.47 work units)
Thread count was 32 (of 128 available processors)

Solution count 10: 4.57021 4.57062 4.57147 ... 4.65765

Optimal solution found (tolerance 5.00e-03)
Best objective 4.570206250001e+00, best bound 4.570206250000e+00, gap 0.0000%


*********************************************
*********************************************


Set parameter LogFile to value "/work/07346/ashukla/ls6/Norta_Results/norta_sm_16_7/60M"
Gurobi Optimizer version 10.0.2 build v10.0.2rc0 (linux64)

CPU model: AMD EPYC 7763 64-Core Processor, instruction set [SSE2|AVX|AVX2]
Thread count: 128 physical cores, 128 logical processors, using up to 32 threads

Optimize a model with 211803 rows, 77908 columns and 590120 nonzeros
Model fingerprint: 0x594326a0
Variable types: 55968 continuous, 21940 integer (21578 binary)
Coefficient statistics:
  Matrix range     [1e-03, 1e+05]
  Objective range  [6e-02, 6e-02]
  Bounds range     [1e+00, 3e+00]
  RHS range        [1e-02, 6e+07]

MIP start from previous solve produced solution with objective 4.57021 (0.71s)
MIP start from previous solve produced solution with objective 4.57021 (0.72s)
Loaded MIP start from previous solve with objective 4.57021

Presolve removed 176733 rows and 50709 columns
Presolve time: 1.82s
Presolved: 35070 rows, 27199 columns, 127225 nonzeros
Variable types: 23529 continuous, 3670 integer (3606 binary)
Root barrier log...

Ordering time: 0.31s

Barrier statistics:
 Dense cols : 57
 AA' NZ     : 4.110e+05
 Factor NZ  : 3.381e+06 (roughly 50 MB of memory)
 Factor Ops : 1.597e+09 (less than 1 second per iteration)
 Threads    : 32

                  Objective                Residual
Iter       Primal          Dual         Primal    Dual     Compl     Time
   0  -9.93460513e+05 -2.86766517e+05  5.40e+04 1.68e-01  1.04e+03     3s
   1  -6.05050581e+05 -3.14441342e+05  3.22e+04 4.48e-01  6.31e+02     3s
   2  -2.01902897e+05 -4.06599957e+05  7.23e+03 7.22e-14  2.26e+02     3s
   3  -2.69186291e+04 -3.09636364e+05  1.41e+02 6.74e-14  3.27e+01     3s
   4  -7.51716029e+03 -1.68722425e+05  4.02e+01 4.53e-14  9.57e+00     3s
   5  -1.01552055e+03 -8.69845627e+04  6.40e+00 3.02e-14  2.24e+00     3s
   6  -3.61542288e+02 -5.02415795e+04  2.96e+00 9.77e-15  1.09e+00     3s
   7   1.20353825e+02 -1.64775970e+04  2.98e-01 3.66e-15  2.76e-01     3s
   8   1.31142934e+02 -1.55332364e+03  1.72e-02 3.55e-15  2.66e-02     3s
   9   4.64238086e+01 -1.74210033e+02  4.76e-04 5.77e-15  3.45e-03     3s
  10   1.07258076e+01 -7.03871205e+01  2.08e-05 2.00e-15  1.27e-03     3s
  11   5.16194198e+00 -2.43159577e+01  7.29e-06 6.66e-16  4.60e-04     3s
  12   4.95657183e+00 -1.60095455e+01  6.92e-06 4.44e-16  3.27e-04     3s
  13   3.17081452e+00 -7.57728572e+00  3.96e-06 4.44e-16  1.68e-04     3s
  14   2.16078671e+00 -2.56402317e+00  2.46e-06 4.44e-16  7.37e-05     3s
  15   1.56187142e+00 -9.13568689e-01  1.63e-06 4.44e-16  3.86e-05     3s
  16   1.07138922e+00 -1.96826925e-01  1.02e-06 4.44e-16  1.98e-05     3s
  17   7.25687454e-01  1.08093867e-01  5.55e-07 4.44e-16  9.64e-06     3s
  18   5.76723517e-01  1.94071763e-01  3.57e-07 4.44e-16  5.97e-06     4s
  19   5.60766994e-01  2.11587393e-01  3.34e-07 4.44e-16  5.45e-06     4s
  20   4.95094910e-01  2.31954549e-01  2.46e-07 4.44e-16  4.11e-06     4s
  21   4.38589516e-01  2.72260136e-01  1.68e-07 4.44e-16  2.60e-06     4s
  22   3.73485399e-01  2.87086162e-01  8.02e-08 4.44e-16  1.35e-06     4s
  23   3.38818520e-01  2.97166414e-01  3.27e-08 4.44e-16  6.50e-07     4s
  24   3.33931466e-01  3.02618007e-01  2.61e-08 4.44e-16  4.89e-07     4s
  25   3.29067298e-01  3.08375927e-01  2.00e-08 4.44e-16  3.23e-07     4s
  26   3.24537917e-01  3.09010831e-01  1.40e-08 4.44e-16  2.42e-07     4s
  27   3.21637733e-01  3.11531683e-01  1.03e-08 2.22e-16  1.58e-07     4s
  28   3.19070230e-01  3.12690828e-01  6.90e-09 4.44e-16  9.96e-08     4s
  29   3.16792573e-01  3.13092847e-01  3.61e-09 4.44e-16  5.78e-08     4s
  30   3.16343660e-01  3.13581885e-01  2.97e-09 4.44e-16  4.31e-08     4s
  31   3.15774952e-01  3.13778915e-01  2.19e-09 4.44e-16  3.12e-08     4s
  32   3.15178684e-01  3.13929047e-01  1.34e-09 4.44e-16  1.95e-08     4s
  33   3.14902795e-01  3.14034145e-01  1.02e-09 1.78e-14  1.36e-08     4s
  34   3.14668671e-01  3.14091534e-01  9.82e-10 1.34e-13  9.01e-09     4s
  35   3.14456476e-01  3.14181923e-01  8.02e-10 3.30e-13  4.29e-09     4s
  36   3.14255078e-01  3.14204865e-01  1.40e-09 5.35e-14  7.84e-10     4s
  37   3.14221432e-01  3.14211679e-01  6.19e-10 2.52e-14  1.52e-10     4s
  38   3.14215656e-01  3.14214367e-01  1.21e-09 4.72e-14  2.01e-11     4s

Barrier solved model in 38 iterations and 3.97 seconds (3.75 work units)
Optimal objective 3.14215656e-01


Root crossover log...

  Push phase complete: Pinf 0.0000000e+00, Dinf 5.8781357e-01      5s


Root simplex log...

Iteration    Objective       Primal Inf.    Dual Inf.      Time
    6982    3.1421517e-01   0.000000e+00   5.878136e-01      5s
    7187    3.1421507e-01   0.000000e+00   0.000000e+00      5s
    7191    3.1421507e-01   0.000000e+00   0.000000e+00      5s
Extra simplex iterations after uncrush: 4

Root relaxation: objective 3.142151e-01, 7191 iterations, 2.71 seconds (3.04 work units)

    Nodes    |    Current Node    |     Objective Bounds      |     Work
 Expl Unexpl |  Obj  Depth IntInf | Incumbent    BestBd   Gap | It/Node Time

     0     0    0.31422    0  219    4.57021    0.31422  93.1%     -    9s
H    0     0                       3.1922409    0.31422  90.2%     -   11s
H    0     0                       3.1922402    0.31422  90.2%     -   12s
H    0     0                       3.1922398    0.31715  90.1%     -   12s
     0     0    0.40895    0  291    3.19224    0.40895  87.2%     -   20s
H    0     0                       2.1593653    0.40895  81.1%     -   22s
     0     0    0.41013    0  286    2.15937    0.41013  81.0%     -   23s
     0     0    0.41773    0  276    2.15937    0.41773  80.7%     -   24s
H    0     0                       2.1393190    0.41836  80.4%     -   25s
     0     0    0.41836    0  279    2.13932    0.41836  80.4%     -   25s
     0     0    0.41875    0  290    2.13932    0.41875  80.4%     -   27s
H    0     0                       2.1139139    0.41875  80.2%     -   30s
     0     0    0.41901    0  275    2.11391    0.41901  80.2%     -   30s
H    0     0                       2.0595217    0.41950  79.6%     -   32s
     0     0    0.41950    0  280    2.05952    0.41950  79.6%     -   32s
     0     0    0.41953    0  281    2.05952    0.41953  79.6%     -   33s
     0     0    0.41990    0  289    2.05952    0.41990  79.6%     -   34s
     0     0    0.41999    0  278    2.05952    0.41999  79.6%     -   36s
     0     0    0.42026    0  279    2.05952    0.42026  79.6%     -   37s
     0     0    0.42043    0  292    2.05952    0.42043  79.6%     -   40s
     0     0    0.42062    0  292    2.05952    0.42062  79.6%     -   41s
     0     0    0.42071    0  299    2.05952    0.42071  79.6%     -   41s
     0     0    0.42090    0  298    2.05952    0.42090  79.6%     -   42s
     0     0    0.42099    0  291    2.05952    0.42099  79.6%     -   43s
     0     0    0.42107    0  297    2.05952    0.42107  79.6%     -   44s
     0     0    0.42109    0  294    2.05952    0.42109  79.6%     -   45s
     0     0    0.42150    0  295    2.05952    0.42150  79.5%     -   45s
     0     0    0.42153    0  301    2.05952    0.42153  79.5%     -   45s
     0     0    0.42158    0  299    2.05952    0.42158  79.5%     -   46s
     0     0    0.42158    0  299    2.05952    0.42158  79.5%     -   46s
     0     0    0.42158    0  300    2.05952    0.42158  79.5%     -   47s
     0     0    0.42158    0  256    2.05952    0.42158  79.5%     -   51s
H    0     2                       2.0595217    0.42158  79.5%     -   58s
     0     2    0.42158    0  256    2.05952    0.42158  79.5%     -   58s
     1     4    0.95070    1  205    2.05952    0.42158  79.5%  3460   62s
     3     8    0.95070    2  201    2.05952    0.42175  79.5%  1303   67s
     7    14    1.05635    3  209    2.05952    0.42240  79.5%  2332   72s
    15    28    1.08404    4  228    2.05952    0.42292  79.5%  2429   78s
    29    52    1.10526    5  250    2.05952    0.42333  79.4%  2706   90s
H   35    52                       2.0285401    0.42333  79.1%  3068   90s
H   37    52                       1.8649915    0.42333  77.3%  3122   90s
H   44    52                       1.8395187    0.42340  77.0%  3160   90s
H   49    52                       1.1716448    0.42340  63.9%  2926   90s
    57    53     cutoff    6         1.17164    0.42340  63.9%  2828   98s
H   93    82                       1.0245727    0.42340  58.7%  2287  105s
H   96    82                       0.8983325    0.42340  52.9%  2352  105s
   157    65    0.49184    9   96    0.89833    0.42340  52.9%  2045  119s
H  160    65                       0.8974466    0.42340  52.8%  2044  119s
H  189    76                       0.6257655    0.42340  32.3%  1915  126s
   226    24    0.56562    8   84    0.62577    0.42340  32.3%  1928  148s
H  244    24                       0.6257655    0.42340  32.3%  1870  148s
   266    32     cutoff    9         0.62577    0.42340  32.3%  1789  154s
H  271    32                       0.6249706    0.42340  32.3%  1796  154s
   283    53    0.44132   13  199    0.62497    0.42340  32.3%  1791  159s
   314    66     cutoff   14         0.62497    0.42340  32.3%  1776  216s
H  320    66                       0.6235644    0.42340  32.1%  1787  216s
H  327    66                       0.6232188    0.42340  32.1%  1772  216s
H  347    84                       0.6228874    0.42340  32.0%  1702  285s
H  348    84                       0.5401394    0.42340  21.6%  1700  285s
   450    63     cutoff   16         0.54014    0.42340  21.6%  1413  298s
   510    88     cutoff   19         0.54014    0.42340  21.6%  1397  305s
   580    85    0.49640   19   68    0.54014    0.42340  21.6%  1377  314s
   657    69    0.50303   22   59    0.54014    0.42340  21.6%  1341  319s
   727    62    0.50447   21   70    0.54014    0.42340  21.6%  1336  325s
   782    33     cutoff   22         0.54014    0.44260  18.1%  1371  331s
   826    24    0.50916   22  197    0.54014    0.46458  14.0%  1422  337s
   855    20     cutoff   23         0.54014    0.46458  14.0%  1444  343s
   884     9    0.50186   22  182    0.54014    0.46458  14.0%  1435  347s
   907     9     cutoff   23         0.54014    0.46727  13.5%  1428  351s
   920    12     cutoff   19         0.54014    0.47530  12.0%  1426  356s
   958     6     cutoff   18         0.54014    0.50287  6.90%  1426  362s

Cutting planes:
  Learned: 5
  Gomory: 23
  Cover: 262
  Implied bound: 1344
  Clique: 77
  MIR: 337
  StrongCG: 5
  Flow cover: 156
  Zero half: 5
  RLT: 34
  Relax-and-lift: 93
  BQP: 10
  PSD: 5

Explored 974 nodes (1420206 simplex iterations) in 363.88 seconds (687.90 work units)
Thread count was 32 (of 128 available processors)

Solution count 10: 0.540139 0.622887 0.623219 ... 1.02457

Optimal solution found (tolerance 5.00e-03)
Best objective 5.401393750005e-01, best bound 5.401393750005e-01, gap 0.0000%


*********************************************
*********************************************


Set parameter LogFile to value "/work/07346/ashukla/ls6/Norta_Results/norta_sm_16_7/80M"
Gurobi Optimizer version 10.0.2 build v10.0.2rc0 (linux64)

CPU model: AMD EPYC 7763 64-Core Processor, instruction set [SSE2|AVX|AVX2]
Thread count: 128 physical cores, 128 logical processors, using up to 32 threads

Optimize a model with 211803 rows, 77908 columns and 590120 nonzeros
Model fingerprint: 0xc79a4868
Variable types: 55968 continuous, 21940 integer (21578 binary)
Coefficient statistics:
  Matrix range     [1e-03, 1e+05]
  Objective range  [6e-02, 6e-02]
  Bounds range     [1e+00, 3e+00]
  RHS range        [1e-02, 8e+07]

MIP start from previous solve produced solution with objective 0.540139 (0.79s)
Loaded MIP start from previous solve with objective 0.540139

Presolve removed 180125 rows and 51322 columns
Presolve time: 1.95s
Presolved: 31678 rows, 26586 columns, 117408 nonzeros
Variable types: 23038 continuous, 3548 integer (3487 binary)
Root barrier log...

Ordering time: 0.28s

Barrier statistics:
 Dense cols : 44
 AA' NZ     : 3.419e+05
 Factor NZ  : 2.847e+06 (roughly 40 MB of memory)
 Factor Ops : 1.192e+09 (less than 1 second per iteration)
 Threads    : 32

                  Objective                Residual
Iter       Primal          Dual         Primal    Dual     Compl     Time
   0  -5.50754985e+04 -2.45092309e+05  2.78e+02 1.68e-01  6.05e+01     3s
   1  -1.79011513e+04 -1.95672606e+05  9.12e+01 3.68e-01  2.09e+01     3s
   2  -3.40741845e+02 -9.09531219e+04  2.82e+00 2.05e-14  1.96e+00     3s
   3   5.61552021e+01 -1.43473050e+04  7.31e-01 7.83e-15  2.88e-01     3s
   4   1.37764252e+02 -2.28923021e+03  5.40e-02 1.78e-15  4.26e-02     3s
   5   9.32488861e+01 -6.54960109e+02  8.44e-03 1.33e-15  1.28e-02     3s
   6   4.49604324e+01 -2.34472022e+02  3.01e-03 1.78e-15  4.76e-03     3s
   7   2.46229904e+01 -9.59354821e+01  1.30e-03 8.88e-16  2.05e-03     3s
   8   7.42449497e+00 -3.78939372e+01  2.12e-04 4.44e-16  7.68e-04     3s
   9   8.54838509e-01 -7.29243545e+00  5.80e-06 4.44e-16  1.38e-04     3s
  10   1.51712174e-01 -1.69261375e+00  6.95e-07 4.44e-16  3.12e-05     3s
  11   3.90549380e-02 -2.28554658e-01  1.47e-07 4.44e-16  4.53e-06     3s
  12   1.12702643e-02 -3.14838447e-02  4.17e-08 4.44e-16  7.24e-07     3s
  13   1.29989270e-03 -2.98016000e-03  4.81e-09 4.44e-16  7.24e-08     4s
  14   7.49385896e-05 -4.52199272e-05  2.66e-10 4.44e-16  2.03e-09     4s
  15   6.44263309e-10 -1.00118314e-09  1.04e-11 2.60e-15  2.79e-14     4s

Barrier solved model in 15 iterations and 3.56 seconds (3.14 work units)
Optimal objective 6.44263309e-10


Root relaxation: objective 1.023182e-12, 2632 iterations, 1.35 seconds (1.07 work units)
Total elapsed time = 10.72s

    Nodes    |    Current Node    |     Objective Bounds      |     Work
 Expl Unexpl |  Obj  Depth IntInf | Incumbent    BestBd   Gap | It/Node Time

     0     0    0.00000    0   18    0.54014    0.00000   100%     -   12s
     0     0    0.00000    0   45    0.54014    0.00000   100%     -   17s
     0     0    0.00000    0   43    0.54014    0.00000   100%     -   19s
H    0     0                       0.4715581    0.00000   100%     -   22s
     0     0    0.00000    0   14    0.47156    0.00000   100%     -   22s
     0     0    0.00000    0   30    0.47156    0.00000   100%     -   23s
     0     0    0.00000    0   10    0.47156    0.00000   100%     -   26s
H    0     0                       0.3631761    0.00000   100%     -   27s
     0     0    0.00000    0    8    0.36318    0.00000   100%     -   27s
     0     0    0.00000    0    8    0.36318    0.00000   100%     -   28s
     0     0    0.00000    0    8    0.36318    0.00000   100%     -   28s
     0     0    0.00000    0    8    0.36318    0.00000   100%     -   28s
H    0     0                       0.0000000    0.00000  0.00%     -   29s
     0     0    0.00000    0    8    0.00000    0.00000  0.00%     -   29s

Cutting planes:
  Cover: 5
  Implied bound: 196
  Clique: 6
  MIR: 74
  RLT: 2
  Relax-and-lift: 47

Explored 1 nodes (33676 simplex iterations) in 29.24 seconds (37.20 work units)
Thread count was 32 (of 128 available processors)

Solution count 4: 5.68434e-13 0.363176 0.471558 0.540139 

Optimal solution found (tolerance 5.00e-03)
Best objective 5.684341886081e-13, best bound 5.684341886081e-13, gap 0.0000%


*********************************************
*********************************************


