Set parameter TokenServer to value "license02.tacc.utexas.edu"
Set parameter LogFile to value "/work/07346/ashukla/ls6/Norta_Results/norta_sm_16_8/0M"
Set parameter MIPGap to value 0.005
Set parameter TimeLimit to value 32400
Set parameter Method to value 2
Gurobi Optimizer version 10.0.2 build v10.0.2rc0 (linux64)

CPU model: AMD EPYC 7763 64-Core Processor, instruction set [SSE2|AVX|AVX2]
Thread count: 128 physical cores, 128 logical processors, using up to 32 threads

Optimize a model with 211787 rows, 77908 columns and 590072 nonzeros
Model fingerprint: 0x1fc1add7
Variable types: 55968 continuous, 21940 integer (21578 binary)
Coefficient statistics:
  Matrix range     [1e-03, 1e+05]
  Objective range  [6e-02, 6e-02]
  Bounds range     [1e+00, 3e+00]
  RHS range        [1e-02, 2e+04]
Presolve removed 210905 rows and 76724 columns
Presolve time: 1.42s
Presolved: 882 rows, 1184 columns, 4022 nonzeros
Variable types: 1036 continuous, 148 integer (148 binary)
Found heuristic solution: objective 64.3927988
Root barrier log...

Ordering time: 0.00s

Barrier statistics:
 AA' NZ     : 4.685e+03
 Factor NZ  : 2.126e+04 (roughly 1 MB of memory)
 Factor Ops : 1.015e+06 (less than 1 second per iteration)
 Threads    : 1

                  Objective                Residual
Iter       Primal          Dual         Primal    Dual     Compl     Time
   0  -1.91807063e+03 -8.21732078e+03  1.57e+02 2.05e-01  3.53e+01     2s
   1  -3.49505674e+01 -4.38478648e+03  7.09e+00 3.27e-02  3.42e+00     2s
   2   4.54724809e+01 -5.10669684e+02  6.50e-01 9.47e-05  3.31e-01     2s
   3   5.04480361e+01 -5.13830301e+00  5.64e-02 2.22e-15  2.92e-02     2s
   4   4.51487747e+01  3.33072061e+01  1.47e-03 8.88e-16  5.85e-03     2s
   5   4.31877030e+01  3.90885346e+01  2.35e-04 4.44e-16  2.02e-03     2s
   6   4.26976360e+01  4.05642434e+01  5.36e-05 4.44e-16  1.05e-03     2s
   7   4.25158060e+01  4.15572592e+01  6.25e-06 2.22e-16  4.71e-04     2s
   8   4.24888459e+01  4.21522665e+01  3.56e-06 4.44e-16  1.65e-04     2s
   9   4.24724599e+01  4.22585030e+01  1.26e-06 2.22e-16  1.05e-04     2s
  10   4.24566963e+01  4.24023768e+01  4.85e-07 2.22e-16  2.67e-05     2s
  11   4.24483498e+01  4.24468187e+01  1.27e-11 2.22e-16  7.52e-07     2s
  12   4.24480288e+01  4.24480203e+01  4.70e-10 2.22e-16  4.22e-09     2s
  13   4.24480271e+01  4.24480270e+01  6.43e-10 4.44e-16  8.25e-12     2s

Barrier solved model in 13 iterations and 1.53 seconds (1.73 work units)
Optimal objective 4.24480271e+01


Root relaxation: objective 4.244803e+01, 23 iterations, 0.02 seconds (0.02 work units)

    Nodes    |    Current Node    |     Objective Bounds      |     Work
 Expl Unexpl |  Obj  Depth IntInf | Incumbent    BestBd   Gap | It/Node Time

     0     0   42.44803    0    3   64.39280   42.44803  34.1%     -    1s
H    0     0                      42.5342686   42.44803  0.20%     -    1s

Explored 1 nodes (23 simplex iterations) in 1.55 seconds (1.74 work units)
Thread count was 32 (of 128 available processors)

Solution count 2: 42.5343 64.3928 

Optimal solution found (tolerance 5.00e-03)
Best objective 4.253426862257e+01, best bound 4.244802706351e+01, gap 0.2028%


*********************************************
*********************************************


Set parameter LogFile to value "/work/07346/ashukla/ls6/Norta_Results/norta_sm_16_8/20M"
Gurobi Optimizer version 10.0.2 build v10.0.2rc0 (linux64)

CPU model: AMD EPYC 7763 64-Core Processor, instruction set [SSE2|AVX|AVX2]
Thread count: 128 physical cores, 128 logical processors, using up to 32 threads

Optimize a model with 211787 rows, 77908 columns and 590072 nonzeros
Model fingerprint: 0x9c463714
Variable types: 55968 continuous, 21940 integer (21578 binary)
Coefficient statistics:
  Matrix range     [1e-03, 1e+05]
  Objective range  [6e-02, 6e-02]
  Bounds range     [1e+00, 3e+00]
  RHS range        [1e-02, 2e+07]

MIP start from previous solve produced solution with objective 42.5343 (0.58s)
MIP start from previous solve produced solution with objective 42.5343 (0.59s)
Loaded MIP start from previous solve with objective 42.5343

Presolve removed 176872 rows and 50653 columns
Presolve time: 1.66s
Presolved: 34915 rows, 27255 columns, 126648 nonzeros
Variable types: 23605 continuous, 3650 integer (3585 binary)
Root barrier log...

Ordering time: 0.30s

Barrier statistics:
 Dense cols : 49
 AA' NZ     : 4.026e+05
 Factor NZ  : 3.129e+06 (roughly 50 MB of memory)
 Factor Ops : 1.268e+09 (less than 1 second per iteration)
 Threads    : 32

                  Objective                Residual
Iter       Primal          Dual         Primal    Dual     Compl     Time
   0  -9.87759001e+05 -2.87504754e+05  5.26e+04 1.68e-01  1.02e+03     3s
   1  -6.05470588e+05 -3.18989338e+05  3.19e+04 3.00e-01  6.18e+02     3s
   2  -1.79645856e+05 -3.87214711e+05  8.34e+03 2.61e-13  1.99e+02     3s
   3  -1.76708721e+04 -3.17110565e+05  7.69e+02 5.01e-14  2.35e+01     3s
   4  -2.87174653e+03 -1.56622742e+05  1.54e+02 2.49e-14  5.15e+00     3s
   5  -1.17157917e+03 -8.88539441e+04  6.05e+01 1.30e-14  2.34e+00     3s
   6  -4.32792217e+02 -4.48913589e+04  2.57e+01 5.15e-15  1.02e+00     3s
   7  -1.27693687e+01 -2.67639828e+04  6.94e+00 4.02e-15  4.99e-01     3s
   8   1.01545294e+02 -2.52806714e+03  6.68e-01 7.32e-15  5.05e-02     3s
   9   8.25087710e+01 -3.17221698e+02  1.27e-02 1.55e-15  6.42e-03     3s
  10   4.17847534e+01 -1.19208875e+02  3.88e-03 3.55e-15  2.55e-03     3s
  11   3.21522845e+01 -7.37935876e+01  2.48e-03 3.11e-15  1.68e-03     3s
  12   2.31426075e+01 -4.75336340e+01  1.29e-03 2.00e-15  1.11e-03     3s
  13   2.02625107e+01 -2.99033130e+01  9.61e-04 1.78e-15  7.91e-04     3s
  14   1.66954360e+01 -1.07848362e+01  5.73e-04 8.88e-16  4.33e-04     3s
  15   1.53830260e+01 -1.65755264e+00  4.54e-04 4.44e-16  2.69e-04     3s
  16   1.33984957e+01  1.58418453e+00  2.78e-04 4.44e-16  1.86e-04     3s
  17   1.21898751e+01  3.02066400e+00  1.62e-04 4.44e-16  1.44e-04     3s
  18   1.14068043e+01  4.88709303e+00  9.11e-05 4.44e-16  1.02e-04     3s
  19   1.08039948e+01  7.55956423e+00  4.13e-05 4.44e-16  5.09e-05     3s
  20   1.06264114e+01  8.09666985e+00  2.78e-05 4.44e-16  3.97e-05     3s
  21   1.04877627e+01  8.92169086e+00  1.81e-05 4.44e-16  2.46e-05     3s
  22   1.03510375e+01  9.34924976e+00  9.14e-06 4.44e-16  1.57e-05     3s
  23   1.02976578e+01  9.64334785e+00  5.71e-06 4.44e-16  1.03e-05     3s
  24   1.02594343e+01  9.91160944e+00  3.32e-06 3.41e-16  5.45e-06     3s
  25   1.02475057e+01  1.00026293e+01  2.64e-06 7.70e-16  3.84e-06     3s
  26   1.02336760e+01  1.00462625e+01  1.83e-06 5.07e-16  2.94e-06     3s
  27   1.02106244e+01  1.01049276e+01  5.59e-07 5.43e-16  1.65e-06     3s
  28   1.02092261e+01  1.01464454e+01  4.91e-07 2.56e-16  9.84e-07     3s
  29   1.02076167e+01  1.01525310e+01  4.12e-07 4.44e-16  8.63e-07     3s
  30   1.02044643e+01  1.01738043e+01  2.49e-07 2.22e-16  4.80e-07     3s
  31   1.02033245e+01  1.01780085e+01  1.94e-07 2.22e-16  3.97e-07     3s
  32   1.02018635e+01  1.01894637e+01  1.21e-07 4.44e-16  1.94e-07     3s
  33   1.02009761e+01  1.01928423e+01  7.87e-08 4.44e-16  1.28e-07     3s
  34   1.02004193e+01  1.01957287e+01  5.15e-08 4.44e-16  7.36e-08     3s
  35   1.01998808e+01  1.01973601e+01  2.77e-08 4.44e-16  3.95e-08     3s
  36   1.01997228e+01  1.01980786e+01  2.09e-08 2.22e-16  2.58e-08     3s
  37   1.01994991e+01  1.01987001e+01  1.16e-08 4.44e-16  1.26e-08     3s
  38   1.01993754e+01  1.01988796e+01  8.70e-09 2.22e-16  7.79e-09     3s
  39   1.01993269e+01  1.01990438e+01  9.00e-09 4.44e-16  4.45e-09     4s
  40   1.01992786e+01  1.01991142e+01  5.04e-09 3.31e-13  2.58e-09     4s
  41   1.01992718e+01  1.01991349e+01  4.27e-09 2.89e-13  2.15e-09     4s
  42   1.01992401e+01  1.01991717e+01  1.82e-09 1.52e-13  1.07e-09     4s
  43   1.01992383e+01  1.01991881e+01  1.69e-09 3.60e-13  7.89e-10     4s
  44   1.01992181e+01  1.01992096e+01  1.12e-09 4.19e-13  1.33e-10     4s
  45   1.01992162e+01  1.01992141e+01  7.79e-09 1.34e-13  3.31e-11     4s

Barrier solved model in 45 iterations and 3.67 seconds (3.79 work units)
Optimal objective 1.01992162e+01


Root relaxation: objective 1.019922e+01, 4810 iterations, 2.39 seconds (2.74 work units)
Total elapsed time = 7.59s

    Nodes    |    Current Node    |     Objective Bounds      |     Work
 Expl Unexpl |  Obj  Depth IntInf | Incumbent    BestBd   Gap | It/Node Time

     0     0   10.19922    0  571   42.53427   10.19922  76.0%     -    8s
H    0     0                      42.5342686   11.33766  73.3%     -   20s
H    0     0                      18.2732668   11.33766  38.0%     -   20s
     0     0   11.33766    0  521   18.27327   11.33766  38.0%     -   21s
H    0     0                      15.8997775   11.33766  28.7%     -   22s
H    0     0                      15.8464994   11.33766  28.5%     -   24s
     0     0   11.46824    0  761   15.84650   11.46824  27.6%     -   27s
     0     0   11.46964    0  619   15.84650   11.46964  27.6%     -   27s
     0     0   11.46964    0  619   15.84650   11.46964  27.6%     -   27s
     0     0   11.65086    0  727   15.84650   11.65086  26.5%     -   32s
     0     0   11.67956    0  739   15.84650   11.67956  26.3%     -   35s
     0     0   11.68495    0  701   15.84650   11.68495  26.3%     -   35s
     0     0   11.68527    0  700   15.84650   11.68527  26.3%     -   36s
     0     0   11.68528    0  700   15.84650   11.68528  26.3%     -   36s
     0     0   11.78870    0  644   15.84650   11.78870  25.6%     -   40s
H    0     0                      15.4855563   11.78870  23.9%     -   44s
     0     0   11.80259    0  644   15.48556   11.80259  23.8%     -   44s
     0     0   11.80689    0  630   15.48556   11.80689  23.8%     -   45s
     0     0   11.80959    0  606   15.48556   11.80959  23.7%     -   46s
     0     0   11.81017    0  604   15.48556   11.81017  23.7%     -   46s
     0     0   11.81112    0  597   15.48556   11.81112  23.7%     -   46s
     0     0   11.81112    0  597   15.48556   11.81112  23.7%     -   47s
     0     0   11.83357    0  603   15.48556   11.83357  23.6%     -   49s
     0     0   11.84732    0  584   15.48556   11.84732  23.5%     -   50s
     0     0   11.85180    0  574   15.48556   11.85180  23.5%     -   51s
     0     0   11.85187    0  573   15.48556   11.85187  23.5%     -   51s
     0     0   11.85303    0  597   15.48556   11.85303  23.5%     -   52s
     0     0   11.85304    0  596   15.48556   11.85304  23.5%     -   54s
     0     0   11.85336    0  579   15.48556   11.85336  23.5%     -   55s
H    0     0                      15.4855563   11.85336  23.5%     -   57s
     0     0   11.85354    0  593   15.48556   11.85354  23.5%     -   57s
     0     0   11.85486    0  575   15.48556   11.85486  23.4%     -   58s
     0     0   11.85575    0  572   15.48556   11.85575  23.4%     -   58s
     0     0   11.85590    0  578   15.48556   11.85590  23.4%     -   59s
     0     0   11.85824    0  560   15.48556   11.85824  23.4%     -   59s
     0     0   11.85825    0  558   15.48556   11.85825  23.4%     -   60s
     0     0   11.86623    0  562   15.48556   11.86623  23.4%     -   60s
     0     0   11.86631    0  566   15.48556   11.86631  23.4%     -   61s
     0     0   11.86632    0  560   15.48556   11.86632  23.4%     -   61s
     0     0   11.86632    0  560   15.48556   11.86632  23.4%     -   62s
     0     0   11.86635    0  577   15.48556   11.86635  23.4%     -   62s
     0     0   11.86635    0  498   15.48556   11.86635  23.4%     -   66s
     0     2   11.86635    0  498   15.48556   11.86635  23.4%     -   72s
     3     8   12.86941    2  571   15.48556   11.87364  23.3%  3460   80s
     7    16   12.95071    3  608   15.48556   11.93395  22.9%  3618   86s
    15    32   13.06530    4  807   15.48556   11.95383  22.8%  3203   96s
    31    64   13.30330    5  775   15.48556   11.99863  22.5%  3217  105s
H   39    64                      15.3805585   11.99863  22.0%  3124  105s
H   48    64                      15.0594583   12.04306  20.0%  3416  105s
H   49    64                      14.9657278   12.04306  19.5%  3388  105s
    63    96   13.35163    6  917   14.96573   12.04306  19.5%  3036  126s
    95   128   13.35295    7  913   14.96573   12.04306  19.5%  2518  131s
H  122   128                      14.9657278   12.04306  19.5%  2191  131s
H  125   128                      14.9467834   12.04306  19.4%  2177  131s
   127   160   13.35629    8  941   14.94678   12.04306  19.4%  2170  138s
H  159   192                      14.7007088   12.04306  18.1%  2094  161s
H  167   192                      14.6520410   12.04306  17.8%  2064  161s
H  186   192                      14.5777691   12.04306  17.4%  1980  161s
   191   234   13.37159   10  647   14.57777   12.04306  17.4%  1966  165s
   237   279   13.38520   12  624   14.57777   12.04306  17.4%  1761  171s
   285   313   13.42144   12  604   14.57777   12.04306  17.4%  1637  181s
   322   364   13.41555   13  502   14.57777   12.04306  17.4%  1693  195s
   379   397   13.41709   14  470   14.57777   12.04306  17.4%  1618  206s
H  388   397                      14.3848049   12.04306  16.3%  1605  206s
   414   436   13.42832   15  469   14.38480   12.04306  16.3%  1609  211s
   459   481   13.50073   17  435   14.38480   12.04306  16.3%  1611  217s
   504   528   13.54299   18  380   14.38480   12.04306  16.3%  1610  221s
   551   584   13.69324   18  402   14.38480   12.04306  16.3%  1616  228s
   607   637   13.61395   19  398   14.38480   12.04306  16.3%  1607  234s
   666   701   13.88435   19  374   14.38480   12.04306  16.3%  1582  241s
   736   766   13.64254   20  380   14.38480   12.04306  16.3%  1546  247s
   807   824   14.06991   20  349   14.38480   12.04306  16.3%  1526  258s
   883   887   13.86518   21  395   14.38480   12.04306  16.3%  1518  271s
   971   947   14.02503   21  357   14.38480   12.04306  16.3%  1489  279s
  1042  1021   13.96601   22  416   14.38480   12.04306  16.3%  1477  290s
  1147  1086   14.15137   23  436   14.38480   12.04306  16.3%  1449  296s
  1246  1180   14.18670   24  384   14.38480   12.04306  16.3%  1432  307s
  1365  1266     cutoff   25        14.38480   12.04306  16.3%  1406  315s
H 1468  1289                      14.1400022   12.04306  14.8%  1389  397s
H 1472  1289                      14.1312417   12.04306  14.8%  1389  397s
H 1474  1289                      14.0966229   12.04306  14.6%  1388  397s
H 1483  1289                      14.0768886   12.04306  14.4%  1387  397s
  1509  1295     cutoff   28        14.07689   12.04583  14.4%  1399  542s
H 1512  1295                      13.9541523   12.04583  13.7%  1396  542s
H 1514  1295                      13.3746955   12.04583  9.94%  1397  542s
H 1524  1295                      13.2805661   12.04583  9.30%  1398  542s
H 1567  1289                      13.2801982   12.04583  9.29%  1400  627s
H 1571  1289                      13.2796285   12.04583  9.29%  1398  627s
H 1573  1289                      13.2646582   12.04583  9.19%  1400  627s
H 1574  1289                      13.2638087   12.04583  9.18%  1402  627s
H 1609  1289                      13.2607694   12.04583  9.16%  1399  627s
H 1634  1289                      13.2592387   12.04583  9.15%  1410  627s
  1635  1373   12.92953    8  453   13.25924   12.04583  9.15%  1412  636s
  1735  1457   12.99075    9  513   13.25924   12.04583  9.15%  1450  647s
  1849  1571   13.00731   10  463   13.25924   12.04583  9.15%  1472  656s
  2011  1650   13.07986   12  391   13.25924   12.04583  9.15%  1460  665s
  2169  1754   13.14636   17  295   13.25924   12.04583  9.15%  1468  683s
  2360  1806     cutoff   21        13.25924   12.09988  8.74%  1462  696s
  2542  1757   12.63026    9  511   13.25924   12.09988  8.74%  1462  710s
  2726  1768     cutoff   13        13.25924   12.09988  8.74%  1472  725s
  2877  1828     cutoff   13        13.25924   12.09988  8.74%  1496  743s
  3079  1856   13.03987   13  293   13.25924   12.09988  8.74%  1493  762s
H 3305  1469                      13.2592160   12.09988  8.74%  1479 1005s
  3306  1470   12.33176    8  498   13.25922   12.09988  8.74%  1478 1031s
  3308  1471   13.00223   16  605   13.25922   12.09988  8.74%  1478 1043s
  3309  1472   13.10440   12  593   13.25922   12.09988  8.74%  1477 1076s
  3310  1473   12.76704   32  654   13.25922   12.09988  8.74%  1477 1082s
  3311  1473   13.00767   22  572   13.25922   12.09988  8.74%  1476 1085s
  3314  1475   12.37416   21  461   13.25922   12.09988  8.74%  1475 1102s
  3318  1478   13.11941   19  475   13.25922   12.09988  8.74%  1473 1120s
  3320  1479   12.46194   21  462   13.25922   12.09988  8.74%  1472 1130s
  3322  1481   13.12140   30  480   13.25922   12.09988  8.74%  1471 1141s
  3324  1482   13.08362   19  451   13.25922   12.09988  8.74%  1470 1148s
  3326  1483   13.09545   14  458   13.25922   12.09988  8.74%  1470 1157s
  3328  1485   12.99269   34  458   13.25922   12.09988  8.74%  1469 1165s
  3329  1485   13.10328   36  455   13.25922   12.09988  8.74%  1468 1171s
  3330  1486   13.03513   17  448   13.25922   12.09988  8.74%  1468 1176s
  3332  1490   12.18157   13  461   13.25922   12.09988  8.74%  27.8 1184s
  3334  1494   12.31998   14  455   13.25922   12.09988  8.74%  28.6 1193s
  3338  1498   12.47239   15  658   13.25922   12.09988  8.74%  35.2 1203s
  3346  1508   12.56054   16  605   13.25922   12.09988  8.74%  46.4 1210s
  3360  1517   13.11211   17  645   13.25922   12.10694  8.69%  62.4 1220s
  3386  1533     cutoff   18        13.25922   12.12758  8.53%   102 1230s
  3418  1555   12.74130   19  606   13.25922   12.19678  8.01%   130 1237s
  3450  1574   12.77633   20  584   13.25922   12.19678  8.01%   141 1244s
  3482  1590   12.77849   21  552   13.25922   12.19678  8.01%   157 1250s
  3514  1609   12.78684   22  395   13.25922   12.19678  8.01%   167 1256s
  3548  1629   12.86152   23  341   13.25922   12.19678  8.01%   182 1261s
  3585  1648   12.98459   23  394   13.25922   12.19678  8.01%   199 1268s
  3620  1668   13.02777   24  390   13.25922   12.19678  8.01%   215 1274s
  3658  1692   13.02777   25  389   13.25922   12.19678  8.01%   229 1279s
  3700  1712   13.08312   26  381   13.25922   12.19678  8.01%   246 1287s
  3744  1742   13.08313   27  376   13.25922   12.19678  8.01%   259 1292s
  3795  1764   13.10652   27  233   13.25922   12.19678  8.01%   275 1299s
  3840  1779     cutoff   27        13.25922   12.19678  8.01%   291 1308s
  3888  1804   13.11560   28  307   13.25922   12.19678  8.01%   310 1314s
  3945  1813     cutoff   29        13.25922   12.19678  8.01%   325 1322s
  3998  1824   13.21548   31  232   13.25922   12.19678  8.01%   346 1328s
  4054  1832     cutoff   31        13.25922   12.21382  7.88%   364 1334s
  4122  1832   12.42440   20  427   13.25922   12.21382  7.88%   380 1340s
H 4180  1744                      13.2584491   12.21382  7.88%   389 1484s
H 4211  1662                      13.2584064   12.21382  7.88%   400 1484s
  4219  1669   12.52212   23  255   13.25841   12.21382  7.88%   403 1498s
  4277  1671   12.79278   25  250   13.25841   12.21382  7.88%   422 1507s
  4344  1684   12.81811   26  240   13.25841   12.21382  7.88%   438 1515s
  4413  1700   12.87659   29  195   13.25841   12.21382  7.88%   450 1524s
  4513  1683   12.93501   32  163   13.25841   12.21382  7.88%   462 1657s
H 4516  1614                      13.2584064   12.21382  7.88%   462 1657s
H 4526  1546                      13.2341152   12.21382  7.71%   465 1657s
  4553  1580   12.93912   33  168   13.23412   12.21382  7.71%   471 1665s
  4663  1586   13.02877   38  140   13.23412   12.21382  7.71%   486 1675s
  4762  1625   13.11731   42  127   13.23412   12.21382  7.71%   501 1688s
  4888  1624   13.20908   47  106   13.23412   12.34027  6.75%   516 1699s
  5022  1607   12.90751   21  434   13.23412   12.34027  6.75%   533 1709s
  5168  1605   13.08493   24  407   13.23412   12.34027  6.75%   547 1719s
  5280  1613     cutoff   26        13.23412   12.34027  6.75%   567 1730s
  5380  1628   12.68050   27  293   13.23412   12.34027  6.75%   590 1746s
  5504  1654   12.73661   30  271   13.23412   12.34027  6.75%   614 1757s
H 5631  1565                      13.2335166   12.34027  6.75%   636 1881s
H 5632  1507                      13.2334375   12.34027  6.75%   636 1881s
H 5633  1452                      13.2334368   12.34027  6.75%   636 1881s
H 5634  1399                      13.2334362   12.34027  6.75%   636 1881s
H 5640  1348                      13.2334355   12.34027  6.75%   640 1881s
H 5646  1299                      13.2334354   12.34027  6.75%   641 1881s
  5677  1342     cutoff   32        13.23344   12.34027  6.75%   647 1894s
  5861  1325   13.04354   33  235   13.23344   12.34027  6.75%   666 1907s
  6042  1375     cutoff   34        13.23344   12.39498  6.34%   688 1919s
  6222  1433   12.70507   20  518   13.23344   12.39498  6.34%   708 1935s
  6468  1492     cutoff   23        13.23344   12.39498  6.34%   723 1955s
  6662  1580   13.02677   23  454   13.23344   12.39498  6.34%   745 1968s
  6874  1612     cutoff   26        13.23344   12.39498  6.34%   762 1985s
  7104  1701     cutoff   25        13.23344   12.54862  5.17%   784 2001s
  7372  1747   13.09768   24  298   13.23344   12.56409  5.06%   804 2034s
  7613  1833     cutoff   27        13.23344   12.63238  4.54%   832 2068s
  7888  1925     cutoff   33        13.23344   12.67168  4.24%   853 2084s
  8197  2000     cutoff   32        13.23344   12.70544  3.99%   869 2100s
  8453  2117   13.16726   38   43   13.23344   12.71262  3.94%   884 2118s
  8833  2208     cutoff   36        13.23344   12.73129  3.79%   896 2135s
  9108  2245   13.05894   28  184   13.23344   12.73129  3.79%   915 2155s
  9404  2294     cutoff   35        13.23344   12.75695  3.60%   939 2181s
  9701  2287   13.06207   21  383   13.23344   12.76282  3.56%   965 2299s
  9816  2373   13.12018   22  367   13.23344   12.77446  3.47%   978 2330s
 10141  2428   13.12341   24  336   13.23344   12.79028  3.35%  1000 2363s
 10516  2473     cutoff   31        13.23344   12.80301  3.25%  1018 2385s
 10823  2528   13.06360   26  438   13.23344   12.80306  3.25%  1036 2429s
 11195  2560     cutoff   29        13.23344   12.81522  3.16%  1060 2453s
 11607  2635     cutoff   30        13.23344   12.81522  3.16%  1081 2478s
 12059  2716     cutoff   31        13.23344   12.82645  3.08%  1095 2507s
*12430  2711              59      13.2326634   12.84442  2.93%  1103 2507s
 12484  2764   13.13552   28  199   13.23266   12.84462  2.93%  1106 2543s
 12944  2805   13.17226   25  470   13.23266   12.85378  2.86%  1122 2568s
 13409  2860   13.07113   30  164   13.23266   12.86770  2.76%  1138 2594s
 13929  2855   13.19084   30  152   13.23266   12.87227  2.72%  1151 2624s
 14411  2875     cutoff   35        13.23266   12.88378  2.64%  1171 2656s
 15004  2939     cutoff   23        13.23266   12.89123  2.58%  1185 2690s
H15336  2895                      13.2227887   12.90206  2.43%  1196 2690s
H15339  2895                      13.2227511   12.90206  2.43%  1195 2690s
*15347  2895              68      13.2227274   12.90206  2.43%  1195 2690s
 15555  2950     cutoff   27        13.22273   12.90571  2.40%  1201 2727s
 16192  2979   13.21719   31  146   13.22273   12.91521  2.33%  1214 2760s
 16763  3041     cutoff   28        13.22273   12.92893  2.22%  1232 2795s
 17470  3068     cutoff   35        13.22273   12.94172  2.13%  1244 2829s
 18220  3017     cutoff   30        13.22273   12.95066  2.06%  1251 2881s
 18858  3039     cutoff   38        13.22273   12.96077  1.98%  1267 2930s
 19686  3011     cutoff   40        13.22273   12.97277  1.89%  1272 3083s
H19908  2145                      13.1388824   12.97335  1.26%  1280 3083s
 20006  1938     cutoff   28        13.13888   12.97601  1.24%  1285 3141s
*20541  1917              88      13.1370826   12.98538  1.15%  1294 3141s
*20549  1912              89      13.1367632   12.98538  1.15%  1294 3141s
*20550  1912              89      13.1367628   12.98538  1.15%  1294 3141s
 20815  1692     cutoff   31        13.13676   12.99066  1.11%  1299 3193s
 21615  1595     cutoff   37        13.13676   13.01143  0.95%  1313 3234s
*21660  1548              79      13.1276195   13.01143  0.89%  1311 3234s
*22441  1548              85      13.1239836   13.02158  0.78%  1317 3234s
 22701  1187   13.10653   46   65   13.12398   13.03667  0.67%  1313 3288s
 23832   810   13.09929   36   70   13.12398   13.06005  0.49%  1314 3347s
*24586   810              73      13.1146697   13.06517  0.38%  1301 3347s
*24593   810              73      13.1146682   13.06517  0.38%  1300 3347s
*25519   810              77      13.1024274   13.06739  0.27%  1278 3347s

Cutting planes:
  Learned: 7
  Gomory: 28
  Cover: 110
  Implied bound: 830
  Projected implied bound: 46
  Clique: 73
  MIR: 889
  StrongCG: 3
  Flow cover: 1774
  Inf proof: 1
  Zero half: 14
  RLT: 76
  Relax-and-lift: 152
  BQP: 19
  PSD: 7

Explored 26161 nodes (37840349 simplex iterations) in 3347.78 seconds (7760.07 work units)
Thread count was 32 (of 128 available processors)

Solution count 10: 13.1024 13.1147 13.1147 ... 13.2227

Optimal solution found (tolerance 5.00e-03)
Best objective 1.310242741375e+01, best bound 1.309005283003e+01, gap 0.0944%


*********************************************
*********************************************


Set parameter LogFile to value "/work/07346/ashukla/ls6/Norta_Results/norta_sm_16_8/40M"
Gurobi Optimizer version 10.0.2 build v10.0.2rc0 (linux64)

CPU model: AMD EPYC 7763 64-Core Processor, instruction set [SSE2|AVX|AVX2]
Thread count: 128 physical cores, 128 logical processors, using up to 32 threads

Optimize a model with 211787 rows, 77908 columns and 590072 nonzeros
Model fingerprint: 0x1607b2fc
Variable types: 55968 continuous, 21940 integer (21578 binary)
Coefficient statistics:
  Matrix range     [1e-03, 1e+05]
  Objective range  [6e-02, 6e-02]
  Bounds range     [1e+00, 3e+00]
  RHS range        [1e-02, 4e+07]

MIP start from previous solve produced solution with objective 13.1024 (0.68s)
MIP start from previous solve produced solution with objective 13.1024 (0.68s)
Loaded MIP start from previous solve with objective 13.1024

Presolve removed 176872 rows and 50653 columns
Presolve time: 1.61s
Presolved: 34915 rows, 27255 columns, 126648 nonzeros
Variable types: 23605 continuous, 3650 integer (3585 binary)
Root barrier log...

Ordering time: 0.31s

Barrier statistics:
 Dense cols : 49
 AA' NZ     : 4.026e+05
 Factor NZ  : 3.129e+06 (roughly 50 MB of memory)
 Factor Ops : 1.268e+09 (less than 1 second per iteration)
 Threads    : 32

                  Objective                Residual
Iter       Primal          Dual         Primal    Dual     Compl     Time
   0  -7.14695950e+05 -2.87504882e+05  3.80e+04 1.68e-01  7.39e+02     3s
   1  -4.26494272e+05 -3.13991944e+05  2.23e+04 3.54e-01  4.37e+02     3s
   2  -1.23432423e+05 -3.75030240e+05  2.25e+03 2.09e-13  1.38e+02     3s
   3  -3.71785036e+03 -3.07070435e+05  2.04e+01 1.66e-13  8.94e+00     3s
   4  -7.26272473e+02 -1.13379282e+05  4.93e+00 3.59e-14  2.50e+00     3s
   5   9.93551282e+01 -6.01647232e+04  5.44e-01 1.57e-14  1.00e+00     3s
   6   1.64348628e+02 -7.62060800e+03  6.01e-02 3.43e-15  1.24e-01     3s
   7   1.16542492e+02 -3.23857447e+03  9.40e-03 1.63e-15  5.26e-02     3s
   8   6.88313780e+01 -1.03246396e+03  1.33e-03 4.91e-16  1.72e-02     3s
   9   3.10303505e+01 -2.10450458e+02  1.38e-04 8.88e-16  3.77e-03     3s
  10   1.46899249e+01 -1.00437114e+02  3.01e-05 4.44e-16  1.80e-03     3s
  11   1.04015140e+01 -3.45043901e+01  1.47e-05 6.66e-16  7.02e-04     3s
  12   7.67940754e+00 -1.34129856e+01  8.02e-06 4.44e-16  3.30e-04     3s
  13   6.39048114e+00 -4.44548646e+00  5.51e-06 4.44e-16  1.69e-04     3s
  14   5.04257030e+00 -9.83964883e-02  3.11e-06 4.44e-16  8.03e-05     3s
  15   4.70204247e+00  1.72902826e+00  2.52e-06 4.44e-16  4.65e-05     3s
  16   3.90743641e+00  2.24641548e+00  1.15e-06 4.44e-16  2.60e-05     3s
  17   3.73538799e+00  2.37553360e+00  8.50e-07 4.44e-16  2.12e-05     3s
  18   3.60111222e+00  2.78562492e+00  6.29e-07 2.22e-16  1.27e-05     3s
  19   3.38107790e+00  3.11921442e+00  2.44e-07 4.44e-16  4.09e-06     3s
  20   3.32098872e+00  3.14564616e+00  1.39e-07 4.44e-16  2.74e-06     3s
  21   3.28965415e+00  3.19000383e+00  8.45e-08 4.44e-16  1.56e-06     3s
  22   3.26833204e+00  3.20680591e+00  4.87e-08 4.44e-16  9.61e-07     3s
  23   3.25094023e+00  3.21428869e+00  1.84e-08 4.44e-16  5.73e-07     3s
  24   3.24630793e+00  3.22674397e+00  1.10e-08 4.44e-16  3.06e-07     3s
  25   3.24303431e+00  3.23297630e+00  5.85e-09 4.44e-16  1.57e-07     3s
  26   3.24090623e+00  3.23484206e+00  2.57e-09 4.44e-16  9.47e-08     3s
  27   3.23991273e+00  3.23698922e+00  1.04e-09 4.44e-16  4.57e-08     3s
  28   3.23948521e+00  3.23795362e+00  5.92e-10 2.22e-16  2.39e-08     3s
  29   3.23942446e+00  3.23832635e+00  5.38e-10 7.07e-16  1.72e-08     3s
  30   3.23935178e+00  3.23851873e+00  2.08e-09 6.84e-15  1.30e-08     3s
  31   3.23932142e+00  3.23878528e+00  1.65e-09 1.51e-13  8.38e-09     3s
  32   3.23927387e+00  3.23896135e+00  1.00e-09 8.64e-14  4.88e-09     3s
  33   3.23923305e+00  3.23908729e+00  7.19e-10 1.18e-13  2.28e-09     4s
  34   3.23922996e+00  3.23914077e+00  6.59e-10 5.71e-14  1.39e-09     4s
  35   3.23920214e+00  3.23915571e+00  7.63e-10 3.92e-14  7.25e-10     4s
  36   3.23919959e+00  3.23915881e+00  8.55e-10 3.57e-14  6.37e-10     4s
  37   3.23919334e+00  3.23916806e+00  5.11e-09 2.49e-14  3.95e-10     4s
  38   3.23919235e+00  3.23917897e+00  3.41e-09 5.57e-14  2.09e-10     4s
  39   3.23919150e+00  3.23918432e+00  8.37e-09 2.55e-12  1.12e-10     4s
  40   3.23919115e+00  3.23918657e+00  2.33e-07 4.34e-12  7.13e-11     4s
  41   3.23919107e+00  3.23918698e+00  2.07e-07 3.93e-12  6.37e-11     4s
  42   3.23919085e+00  3.23918772e+00  1.62e-07 4.01e-12  4.87e-11     4s

Barrier solved model in 42 iterations and 3.76 seconds (3.87 work units)
Optimal objective 3.23919085e+00


Root simplex log...

Iteration    Objective       Primal Inf.    Dual Inf.      Time
    7127    3.2391904e+00   0.000000e+00   0.000000e+00      5s
    7127    3.2391904e+00   0.000000e+00   0.000000e+00      5s

Root relaxation: objective 3.239190e+00, 7127 iterations, 2.73 seconds (3.43 work units)

    Nodes    |    Current Node    |     Objective Bounds      |     Work
 Expl Unexpl |  Obj  Depth IntInf | Incumbent    BestBd   Gap | It/Node Time

     0     0    3.23919    0  346   13.10243    3.23919  75.3%     -   10s
H    0     0                       7.6386125    3.93101  48.5%     -   31s
     0     0    3.93101    0  404    7.63861    3.93101  48.5%     -   31s
     0     0    3.97919    0  427    7.63861    3.97919  47.9%     -   40s
     0     0    3.98111    0  426    7.63861    3.98111  47.9%     -   40s
     0     0    3.98315    0  428    7.63861    3.98315  47.9%     -   40s
     0     0    3.98315    0  428    7.63861    3.98315  47.9%     -   40s
     0     0    4.05635    0  427    7.63861    4.05635  46.9%     -   46s
H    0     0                       5.9908859    4.05635  32.3%     -   47s
     0     0    4.06334    0  396    5.99089    4.06334  32.2%     -   51s
     0     0    4.06641    0  462    5.99089    4.06641  32.1%     -   53s
     0     0    4.06698    0  394    5.99089    4.06698  32.1%     -   54s
     0     0    4.06739    0  394    5.99089    4.06739  32.1%     -   54s
     0     0    4.06782    0  393    5.99089    4.06782  32.1%     -   54s
     0     0    4.06782    0  394    5.99089    4.06782  32.1%     -   54s
     0     0    4.09107    0  438    5.99089    4.09107  31.7%     -   58s
     0     0    4.09186    0  435    5.99089    4.09186  31.7%     -   60s
     0     0    4.09186    0  454    5.99089    4.09186  31.7%     -   60s
     0     0    4.10634    0  448    5.99089    4.10634  31.5%     -   62s
     0     0    4.11078    0  457    5.99089    4.11078  31.4%     -   65s
     0     0    4.11168    0  470    5.99089    4.11168  31.4%     -   66s
     0     0    4.11170    0  484    5.99089    4.11170  31.4%     -   66s
     0     0    4.11617    0  454    5.99089    4.11617  31.3%     -   67s
     0     0    4.11621    0  452    5.99089    4.11621  31.3%     -   69s
     0     0    4.11736    0  484    5.99089    4.11736  31.3%     -   71s
     0     0    4.11771    0  482    5.99089    4.11771  31.3%     -   72s
     0     0    4.11771    0  480    5.99089    4.11771  31.3%     -   72s
     0     0    4.11804    0  472    5.99089    4.11804  31.3%     -   73s
     0     0    4.11804    0  472    5.99089    4.11804  31.3%     -   74s
     0     0    4.11911    0  465    5.99089    4.11911  31.2%     -   75s
     0     0    4.11918    0  465    5.99089    4.11918  31.2%     -   78s
     0     0    4.11923    0  467    5.99089    4.11923  31.2%     -   79s
     0     0    4.11923    0  361    5.99089    4.11923  31.2%     -   85s
     0     2    4.11923    0  356    5.99089    4.11923  31.2%     -   91s
     1     4    4.12979    1  375    5.99089    4.11923  31.2%  4260   96s
     3     8    4.32635    2  387    5.99089    4.12340  31.2%  4362  101s
     7    16    4.34039    3  390    5.99089    4.12518  31.1%  3199  107s
    15    32    4.49362    4  400    5.99089    4.13493  31.0%  3314  113s
    31    64    4.52398    5  395    5.99089    4.16244  30.5%  3405  120s
H   47    64                       5.9908858    4.16244  30.5%  3298  120s
H   52    64                       5.6084760    4.16293  25.8%  3156  120s
    63    96    4.52566    6  379    5.60848    4.16293  25.8%  2949  136s
   127   160    4.52945    8  285    5.60848    4.16293  25.8%  2478  145s
   159   191    4.53139    9  319    5.60848    4.16293  25.8%  2270  155s
H  161   191                       5.6084760    4.16293  25.8%  2255  155s
H  165   191                       5.6084760    4.16293  25.8%  2223  155s
H  167   191                       5.5863695    4.16293  25.5%  2217  155s
H  173   191                       5.4591935    4.16293  23.7%  2155  155s
   233   279    4.53880   11  317    5.45919    4.16293  23.7%  1920  161s
   279   316    4.54354   12  318    5.45919    4.16293  23.7%  1776  167s
   318   361    4.54504   13  321    5.45919    4.16293  23.7%  1746  171s
   421   469    4.54876   16  263    5.45919    4.16293  23.7%  1601  178s
   475   527    4.59730   17  287    5.45919    4.16293  23.7%  1592  182s
   533   565    4.72725   17  228    5.45919    4.16293  23.7%  1535  187s
H  543   565                       5.3951511    4.16293  22.8%  1531  187s
H  557   565                       5.3633180    4.16293  22.4%  1516  187s
   571   648    4.60290   18  272    5.36332    4.16293  22.4%  1499  191s
   654   726    4.62829   20  197    5.36332    4.16293  22.4%  1398  196s
   735   809    4.63401   23  207    5.36332    4.16293  22.4%  1344  201s
H  820   837                       5.2643521    4.16293  20.9%  1315  302s
H  821   837                       5.1406627    4.16293  19.0%  1314  302s
H  822   837                       5.0870812    4.16293  18.2%  1314  302s
H  823   837                       5.0851725    4.16293  18.1%  1313  302s
H  825   837                       4.9811193    4.16293  16.4%  1314  302s
H  831   837                       4.9529311    4.16293  16.0%  1312  302s
H  852   834                       4.8286230    4.16293  13.8%  1313  418s
H  857   834                       4.6309606    4.16293  10.1%  1315  418s
H  862   834                       4.5875929    4.16293  9.26%  1311  418s
H  864   834                       4.5510063    4.16293  8.53%  1312  418s
   911   798     cutoff   27         4.55101    4.16685  8.44%  1281  427s
  1019   806    4.38850    7  388    4.55101    4.17108  8.35%  1344  440s
  1075   844    4.41449    8  356    4.55101    4.17108  8.35%  1488  471s
  1152   876    4.42489    9  350    4.55101    4.17108  8.35%  1595  482s
  1237   907    4.43691   10  321    4.55101    4.17108  8.35%  1622  489s
  1336   932    4.48110   12  284    4.55101    4.17108  8.35%  1627  500s
  1447   948    4.49214   13  284    4.55101    4.17108  8.35%  1621  509s
  1553   958     cutoff   17         4.55101    4.18335  8.08%  1614  520s
  1658   976    4.24486    8  306    4.55101    4.18335  8.08%  1635  533s
  1768  1017    4.39234   10  234    4.55101    4.18335  8.08%  1663  544s
  1901  1047     cutoff   14         4.55101    4.18335  8.08%  1670  556s
  1994  1119     cutoff   13         4.55101    4.18335  8.08%  1680  568s
  2196  1163    4.43870   18  227    4.55101    4.18335  8.08%  1619  579s
  2392  1165    4.49390   26  171    4.55101    4.18335  8.08%  1582  612s
  2529  1152    4.49614   27  114    4.55101    4.18335  8.08%  1604  626s
  2668  1114 infeasible   29         4.55101    4.22576  7.15%  1636  639s
  2770  1085    4.41666   12  301    4.55101    4.22576  7.15%  1688  656s
  2835  1069     cutoff   13         4.55101    4.22576  7.15%  1759  668s
  2925  1034     cutoff    8         4.55101    4.29830  5.55%  1808  681s
  3039   980     cutoff    9         4.55101    4.29830  5.55%  1862  694s
  3140   940    4.50107   10  154    4.55101    4.29830  5.55%  1911  710s
  3282   897     cutoff   14         4.55101    4.44409  2.35%  1933  726s
  3412   781    4.52207   11  122    4.55101    4.45003  2.22%  1968  740s
  3599   529     cutoff   10         4.55101    4.48411  1.47%  1981  762s
  3951    61     cutoff   12         4.55101    4.50979  0.91%  1903  793s
  4494     0     cutoff   32         4.55101    4.53816  0.28%  1716  796s

Cutting planes:
  Learned: 5
  Gomory: 25
  Cover: 148
  Implied bound: 1182
  Clique: 81
  MIR: 596
  StrongCG: 4
  Flow cover: 266
  Zero half: 5
  RLT: 98
  Relax-and-lift: 179
  BQP: 5
  PSD: 1

Explored 4569 nodes (7786834 simplex iterations) in 796.22 seconds (1677.66 work units)
Thread count was 32 (of 128 available processors)

Solution count 10: 4.55101 4.58759 4.63096 ... 5.26435

Optimal solution found (tolerance 5.00e-03)
Best objective 4.551006250001e+00, best bound 4.551006250001e+00, gap 0.0000%


*********************************************
*********************************************


Set parameter LogFile to value "/work/07346/ashukla/ls6/Norta_Results/norta_sm_16_8/60M"
Gurobi Optimizer version 10.0.2 build v10.0.2rc0 (linux64)

CPU model: AMD EPYC 7763 64-Core Processor, instruction set [SSE2|AVX|AVX2]
Thread count: 128 physical cores, 128 logical processors, using up to 32 threads

Optimize a model with 211787 rows, 77908 columns and 590072 nonzeros
Model fingerprint: 0xd5879868
Variable types: 55968 continuous, 21940 integer (21578 binary)
Coefficient statistics:
  Matrix range     [1e-03, 1e+05]
  Objective range  [6e-02, 6e-02]
  Bounds range     [1e+00, 3e+00]
  RHS range        [1e-02, 6e+07]

MIP start from previous solve produced solution with objective 4.55101 (0.65s)
MIP start from previous solve produced solution with objective 4.55101 (0.65s)
Loaded MIP start from previous solve with objective 4.55101

Presolve removed 176872 rows and 50653 columns
Presolve time: 1.61s
Presolved: 34915 rows, 27255 columns, 126648 nonzeros
Variable types: 23605 continuous, 3650 integer (3585 binary)
Root barrier log...

Ordering time: 0.30s

Barrier statistics:
 Dense cols : 49
 AA' NZ     : 4.026e+05
 Factor NZ  : 3.129e+06 (roughly 50 MB of memory)
 Factor Ops : 1.268e+09 (less than 1 second per iteration)
 Threads    : 32

                  Objective                Residual
Iter       Primal          Dual         Primal    Dual     Compl     Time
   0  -8.46988503e+05 -2.87505264e+05  4.49e+04 1.68e-01  8.75e+02     3s
   1  -5.12186513e+05 -3.11564803e+05  2.66e+04 4.32e-01  5.27e+02     3s
   2  -1.89530247e+05 -4.01973386e+05  6.46e+03 2.41e-13  2.12e+02     3s
   3  -1.93227939e+04 -3.27726708e+05  1.00e+02 3.06e-13  2.54e+01     3s
   4  -5.20981406e+03 -1.46235140e+05  2.79e+01 3.48e-14  6.94e+00     3s
   5  -6.34061997e+02 -1.02453819e+05  4.35e+00 2.36e-14  2.23e+00     3s
   6   1.02584217e+02 -2.74093501e+04  4.77e-01 7.38e-15  4.65e-01     3s
   7   1.54749871e+02 -3.93896304e+03  1.98e-02 4.00e-15  6.44e-02     3s
   8   8.62104973e+01 -7.27617795e+02  2.22e-03 8.88e-16  1.27e-02     3s
   9   4.82772253e+01 -2.46217011e+02  8.57e-04 4.44e-16  4.61e-03     3s
  10   1.09027362e+01 -9.01847250e+01  3.70e-05 4.44e-16  1.58e-03     3s
  11   5.40625931e+00 -2.70514782e+01  1.11e-05 8.88e-16  5.07e-04     3s
  12   4.00609870e+00 -9.67820640e+00  7.56e-06 4.44e-16  2.14e-04     3s
  13   3.66448164e+00 -4.74707660e+00  6.70e-06 4.44e-16  1.31e-04     3s
  14   2.36720598e+00 -1.95288930e+00  4.03e-06 2.22e-16  6.75e-05     3s
  15   1.64458863e+00 -4.18622410e-01  2.66e-06 4.44e-16  3.22e-05     3s
  16   1.16799493e+00 -1.38762079e-01  1.72e-06 4.44e-16  2.04e-05     3s
  17   8.24191840e-01  1.02019796e-01  1.05e-06 2.22e-16  1.13e-05     3s
  18   6.01399943e-01  1.57053102e-01  6.18e-07 4.44e-16  6.94e-06     3s
  19   4.90971557e-01  2.18558400e-01  4.11e-07 4.44e-16  4.26e-06     3s
  20   4.38514602e-01  2.43889226e-01  3.07e-07 4.44e-16  3.04e-06     3s
  21   4.19192945e-01  2.55688456e-01  2.70e-07 4.44e-16  2.56e-06     3s
  22   3.46423447e-01  2.67513841e-01  1.27e-07 4.44e-16  1.23e-06     3s
  23   3.36732074e-01  2.74416009e-01  1.09e-07 4.44e-16  9.74e-07     3s
  24   3.16564787e-01  2.78425737e-01  6.60e-08 4.44e-16  5.96e-07     3s
  25   3.04199349e-01  2.80873211e-01  3.98e-08 4.44e-16  3.65e-07     3s
  26   2.98542106e-01  2.81870210e-01  2.79e-08 4.44e-16  2.61e-07     3s
  27   2.95363311e-01  2.83088200e-01  2.13e-08 4.44e-16  1.92e-07     3s
  28   2.91945811e-01  2.83605108e-01  1.40e-08 4.44e-16  1.30e-07     3s
  29   2.88904055e-01  2.84296203e-01  7.41e-09 4.44e-16  7.20e-08     3s
  30   2.88113364e-01  2.84487128e-01  5.71e-09 4.44e-16  5.67e-08     3s
  31   2.86615745e-01  2.84803552e-01  2.50e-09 4.44e-16  2.83e-08     3s
  32   2.85835943e-01  2.85211762e-01  1.01e-09 4.44e-16  9.76e-09     3s
  33   2.85423742e-01  2.85363818e-01  3.24e-10 1.75e-13  9.36e-10     3s
  34   2.85405834e-01  2.85392470e-01  1.43e-10 1.46e-13  2.09e-10     3s
  35   2.85401473e-01  2.85399685e-01  1.55e-10 4.86e-14  2.79e-11     3s
  36   2.85401360e-01  2.85401321e-01  5.25e-09 8.45e-14  6.15e-13     3s

Barrier solved model in 36 iterations and 3.48 seconds (3.55 work units)
Optimal objective 2.85401360e-01

Extra simplex iterations after uncrush: 3

Root relaxation: objective 2.854014e-01, 3168 iterations, 1.79 seconds (1.82 work units)
Total elapsed time = 7.55s

    Nodes    |    Current Node    |     Objective Bounds      |     Work
 Expl Unexpl |  Obj  Depth IntInf | Incumbent    BestBd   Gap | It/Node Time

     0     0    0.28540    0  160    4.55101    0.28540  93.7%     -    9s
H    0     0                       4.3451783    0.28540  93.4%     -   10s
H    0     0                       3.6963074    0.35496  90.4%     -   21s
     0     0    0.35496    0  205    3.69631    0.35496  90.4%     -   21s
H    0     0                       2.0586750    0.35496  82.8%     -   24s
     0     0    0.35496    0  206    2.05867    0.35496  82.8%     -   24s
     0     0    0.37150    0  236    2.05867    0.37150  82.0%     -   29s
     0     0    0.37221    0  240    2.05867    0.37221  81.9%     -   32s
H    0     0                       2.0555318    0.37221  81.9%     -   33s
     0     0    0.37522    0  249    2.05553    0.37522  81.7%     -   38s
     0     0    0.37589    0  242    2.05553    0.37589  81.7%     -   41s
     0     0    0.37823    0  232    2.05553    0.37823  81.6%     -   42s
     0     0    0.37862    0  235    2.05553    0.37862  81.6%     -   43s
     0     0    0.37960    0  250    2.05553    0.37960  81.5%     -   46s
H    0     0                       2.0109127    0.37960  81.1%     -   48s
     0     0    0.37961    0  251    2.01091    0.37961  81.1%     -   49s
     0     0    0.37982    0  254    2.01091    0.37982  81.1%     -   50s
     0     0    0.37990    0  246    2.01091    0.37990  81.1%     -   51s
     0     0    0.37992    0  250    2.01091    0.37992  81.1%     -   51s
     0     0    0.37995    0  253    2.01091    0.37995  81.1%     -   53s
     0     0    0.38041    0  253    2.01091    0.38041  81.1%     -   54s
     0     0    0.38042    0  259    2.01091    0.38042  81.1%     -   55s
     0     0    0.38071    0  260    2.01091    0.38071  81.1%     -   57s
     0     0    0.38077    0  251    2.01091    0.38077  81.1%     -   59s
     0     0    0.38078    0  250    2.01091    0.38078  81.1%     -   60s
     0     0    0.38080    0  250    2.01091    0.38080  81.1%     -   61s
     0     0    0.38085    0  250    2.01091    0.38085  81.1%     -   61s
     0     0    0.38085    0  211    2.01091    0.38085  81.1%     -   65s
     0     2    0.38085    0  211    2.01091    0.38085  81.1%     -   72s
     1     4    0.73979    1  162    2.01091    0.38085  81.1%  2840   76s
     3     8    0.77228    2  161    2.01091    0.38175  81.0%  1960   80s
     7    16    0.78865    3  151    2.01091    0.38868  80.7%  3061   85s
    15    31    0.79149    4  110    2.01091    0.38945  80.6%  3330  100s
    31    56     cutoff    5         2.01091    0.39114  80.5%  4249  162s
H   33    56                       1.7806817    0.39114  78.0%  4427  162s
H   40    56                       0.9963440    0.39114  60.7%  5901  162s
    62    44    0.40243    6  114    0.99634    0.40018  59.8%  5021  171s
H   65    44                       0.9292479    0.40018  56.9%  4789  171s
H   65    44                       0.8043126    0.40018  50.2%  4789  171s
H   81    44                       0.6502626    0.40018  38.5%  4204  171s
   100    19     cutoff    7         0.65026    0.40018  38.5%  3697  179s
H  102    19                       0.6502626    0.40018  38.5%  3628  179s
H  114    19                       0.6476205    0.40018  38.2%  3440  179s
H  115    19                       0.6472761    0.40595  37.3%  3439  179s
   125    26    0.41069    8  208    0.64728    0.40703  37.1%  3249  187s
   144    30     cutoff    9         0.64728    0.41069  36.6%  3217  202s
   170    49    0.41687   10  176    0.64728    0.41155  36.4%  3359  208s
   207    76     cutoff   11         0.64728    0.41687  35.6%  3128  222s
H  209    76                       0.6472760    0.41687  35.6%  3173  222s
H  237    76                       0.6472760    0.41840  35.4%  2996  222s
H  247   108                       0.4941600    0.41840  15.3%  2936  226s
   291    80    0.49098   15    6    0.49416    0.41959  15.1%  2655  240s
H  303    80                       0.4941600    0.42076  14.9%  2563  240s
   341    61    0.49170   16    8    0.49416    0.42076  14.9%  2333  246s
   461    36    0.42708   17  158    0.49416    0.42635  13.7%  1922  258s
   511    19     cutoff   18         0.49416    0.42969  13.0%  1837  260s
   565    14     cutoff   22         0.49416    0.43067  12.8%  1746  266s
   587    17    0.43277   25  142    0.49416    0.43125  12.7%  1705  270s
   604    16    0.48128   26  124    0.49416    0.43302  12.4%  1694  277s
   624    30    0.48278   27  123    0.49416    0.43875  11.2%  1703  282s
   647    31     cutoff   28         0.49416    0.44458  10.0%  1716  288s
   689    51    0.46944   33  107    0.49416    0.45160  8.61%  1701  295s
   745    52     cutoff   34         0.49416    0.45256  8.42%  1675  300s
   906    28    0.47120   37  179    0.49416    0.46293  6.32%  1509  307s
  1027     2     cutoff   40         0.49416    0.47461  3.96%  1392  317s
  1040     1     cutoff   52         0.49416    0.48184  2.49%  1380  320s

Cutting planes:
  Learned: 7
  Gomory: 12
  Cover: 307
  Implied bound: 1704
  Clique: 107
  MIR: 354
  StrongCG: 3
  Flow cover: 137
  Zero half: 6
  RLT: 44
  Relax-and-lift: 125
  BQP: 10
  PSD: 6

Explored 1050 nodes (1486395 simplex iterations) in 320.40 seconds (603.65 work units)
Thread count was 32 (of 128 available processors)

Solution count 10: 0.49416 0.49416 0.647276 ... 0.929248

Optimal solution found (tolerance 5.00e-03)
Best objective 4.941599996723e-01, best bound 4.941599996723e-01, gap 0.0000%


*********************************************
*********************************************


Set parameter LogFile to value "/work/07346/ashukla/ls6/Norta_Results/norta_sm_16_8/80M"
Gurobi Optimizer version 10.0.2 build v10.0.2rc0 (linux64)

CPU model: AMD EPYC 7763 64-Core Processor, instruction set [SSE2|AVX|AVX2]
Thread count: 128 physical cores, 128 logical processors, using up to 32 threads

Optimize a model with 211787 rows, 77908 columns and 590072 nonzeros
Model fingerprint: 0x606da3ab
Variable types: 55968 continuous, 21940 integer (21578 binary)
Coefficient statistics:
  Matrix range     [1e-03, 1e+05]
  Objective range  [6e-02, 6e-02]
  Bounds range     [1e+00, 3e+00]
  RHS range        [1e-02, 8e+07]

MIP start from previous solve produced solution with objective 0.49416 (0.70s)
Loaded MIP start from previous solve with objective 0.49416

Presolve removed 180274 rows and 51229 columns
Presolve time: 1.81s
Presolved: 31513 rows, 26679 columns, 116866 nonzeros
Variable types: 23160 continuous, 3519 integer (3459 binary)
Root barrier log...

Ordering time: 0.27s

Barrier statistics:
 Dense cols : 43
 AA' NZ     : 3.236e+05
 Factor NZ  : 2.409e+06 (roughly 40 MB of memory)
 Factor Ops : 8.219e+08 (less than 1 second per iteration)
 Threads    : 32

                  Objective                Residual
Iter       Primal          Dual         Primal    Dual     Compl     Time
   0  -6.91777667e+04 -2.49446796e+05  3.45e+02 1.68e-01  7.41e+01     3s
   1  -2.52275218e+04 -2.13930009e+05  1.27e+02 3.53e-01  2.82e+01     3s
   2  -1.13479348e+03 -1.33369725e+05  6.78e+00 3.63e-14  3.37e+00     3s
   3  -1.87439836e+02 -7.17764703e+04  1.97e+00 1.68e-14  1.45e+00     3s
   4   1.24228670e+02 -2.93246834e+04  3.18e-01 5.97e-15  5.22e-01     3s
   5   1.45423124e+02 -5.57126539e+03  5.54e-02 1.33e-15  9.83e-02     3s
   6   9.98634515e+01 -1.56482468e+03  7.21e-03 8.88e-16  2.82e-02     3s
   7   5.12755729e+01 -5.36526603e+02  2.76e-03 6.66e-16  9.97e-03     3s
   8   2.11666064e+01 -1.46204008e+02  7.70e-04 8.88e-16  2.84e-03     3s
   9   8.05991869e+00 -7.32145395e+01  2.02e-04 3.33e-16  1.38e-03     3s
  10   1.69015711e+00 -1.59436217e+01  1.39e-05 4.44e-16  2.98e-04     3s
  11   2.38003489e-01 -2.76876989e+00  8.07e-07 4.44e-16  5.08e-05     3s
  12   4.85235989e-02 -5.50505580e-01  6.32e-08 4.44e-16  1.01e-05     3s
  13   1.25376369e-02 -8.15289643e-02  1.56e-08 4.44e-16  1.59e-06     3s
  14   2.08892272e-03 -9.16965594e-03  2.58e-09 4.44e-16  1.90e-07     3s
  15   1.58045083e-04 -3.90174996e-04  1.88e-10 4.44e-16  9.27e-09     3s
  16   1.58506509e-07 -3.91713115e-07  7.15e-12 4.44e-16  9.30e-12     3s

Barrier solved model in 16 iterations and 3.28 seconds (3.20 work units)
Optimal objective 1.58506509e-07


Restart crossover...


Root relaxation: objective 1.023182e-12, 5256 iterations, 2.19 seconds (2.75 work units)
Total elapsed time = 8.95s
Total elapsed time = 10.17s

    Nodes    |    Current Node    |     Objective Bounds      |     Work
 Expl Unexpl |  Obj  Depth IntInf | Incumbent    BestBd   Gap | It/Node Time

     0     0    0.00000    0   25    0.49416    0.00000   100%     -   10s
     0     0    0.00000    0   57    0.49416    0.00000   100%     -   13s
H    0     0                       0.3655912    0.00000   100%     -   14s
     0     0    0.00000    0   68    0.36559    0.00000   100%     -   16s
     0     0    0.00000    0    3    0.36559    0.00000   100%     -   19s
     0     0    0.00000    0    3    0.36559    0.00000   100%     -   19s
     0     0    0.00000    0    3    0.36559    0.00000   100%     -   19s
     0     0    0.00000    0    3    0.36559    0.00000   100%     -   20s
     0     0    0.00000    0    3    0.36559    0.00000   100%     -   20s
     0     0    0.00000    0    3    0.36559    0.00000   100%     -   20s
     0     0    0.00000    0    3    0.36559    0.00000   100%     -   20s
H    0     0                       0.3645313    0.00000   100%     -   21s
     0     0    0.00000    0    3    0.36453    0.00000   100%     -   21s
     0     0    0.00000    0    3    0.36453    0.00000   100%     -   21s
     0     0    0.00000    0    3    0.36453    0.00000   100%     -   21s
     0     0    0.00000    0    3    0.36453    0.00000   100%     -   21s
     0     0    0.00000    0    3    0.36453    0.00000   100%     -   22s
     0     2    0.00000    0    3    0.36453    0.00000   100%     -   23s
     1     4    0.00265    1  160    0.36453    0.00000   100% 23726   45s
H    7    10                       0.0414398    0.00000   100%  4772   57s
    13    12    0.00002    4   58    0.04144    0.00000   100%  4420   64s
    23    15    0.00046    5   54    0.04144    0.00000   100%  3605   71s
H   36    22                       0.0000000    0.00000  0.00%  2629   74s

Cutting planes:
  Cover: 28
  Implied bound: 251
  Clique: 11
  MIR: 50
  StrongCG: 1
  Flow cover: 15
  RLT: 7
  Relax-and-lift: 16
  BQP: 1

Explored 50 nodes (134156 simplex iterations) in 74.92 seconds (152.35 work units)
Thread count was 32 (of 128 available processors)

Solution count 5: 5.68434e-13 0.0414398 0.364531 ... 0.49416

Optimal solution found (tolerance 5.00e-03)
Warning: max constraint violation (2.8217e-06) exceeds tolerance
Best objective 5.684341886081e-13, best bound 5.684341886081e-13, gap 0.0000%


*********************************************
*********************************************


