Set parameter TokenServer to value "license02.tacc.utexas.edu"
Set parameter LogFile to value "/work/07346/ashukla/ls6/Norta_Results/norta_sm_16_19/0M"
Set parameter MIPGap to value 0.005
Set parameter TimeLimit to value 32400
Set parameter Method to value 2
Gurobi Optimizer version 10.0.2 build v10.0.2rc0 (linux64)

CPU model: AMD EPYC 7763 64-Core Processor, instruction set [SSE2|AVX|AVX2]
Thread count: 128 physical cores, 128 logical processors, using up to 32 threads

Optimize a model with 211643 rows, 77908 columns and 589640 nonzeros
Model fingerprint: 0xa03a3469
Variable types: 55968 continuous, 21940 integer (21578 binary)
Coefficient statistics:
  Matrix range     [1e-03, 1e+05]
  Objective range  [6e-02, 6e-02]
  Bounds range     [1e+00, 3e+00]
  RHS range        [1e-02, 2e+04]
Presolve removed 210807 rows and 76773 columns
Presolve time: 1.49s
Presolved: 836 rows, 1135 columns, 3875 nonzeros
Variable types: 998 continuous, 137 integer (137 binary)
Found heuristic solution: objective 71.0814133
Root barrier log...

Ordering time: 0.00s

Barrier statistics:
 AA' NZ     : 4.639e+03
 Factor NZ  : 1.954e+04 (roughly 1 MB of memory)
 Factor Ops : 8.487e+05 (less than 1 second per iteration)
 Threads    : 1

                  Objective                Residual
Iter       Primal          Dual         Primal    Dual     Compl     Time
   0  -7.07086325e+02 -7.13370536e+03  6.63e+01 1.68e-01  1.69e+01     2s
   1   1.63010105e+01 -2.33543590e+03  3.82e+00 9.99e-16  1.81e+00     2s
   2   5.71628333e+01 -2.28710531e+02  2.68e-01 1.78e-15  1.65e-01     2s
   3   5.67678418e+01  2.14392741e+01  6.60e-03 1.55e-15  1.83e-02     2s
   4   5.17507140e+01  4.36209329e+01  4.80e-04 4.44e-16  4.19e-03     2s
   5   5.04254097e+01  4.72517322e+01  1.34e-04 2.22e-16  1.63e-03     2s
   6   4.99493671e+01  4.87506633e+01  3.32e-05 2.22e-16  6.17e-04     2s
   7   4.98461200e+01  4.92918032e+01  1.57e-05 2.22e-16  2.85e-04     2s
   8   4.98020679e+01  4.96012356e+01  8.12e-06 2.22e-16  1.03e-04     2s
   9   4.97608667e+01  4.96810015e+01  1.94e-06 2.22e-16  4.11e-05     2s
  10   4.97585385e+01  4.97018871e+01  1.58e-06 2.22e-16  2.91e-05     2s
  11   4.97495967e+01  4.97330355e+01  2.95e-07 2.22e-16  8.52e-06     2s
  12   4.97474594e+01  4.97455953e+01  3.61e-08 4.44e-16  9.59e-07     2s
  13   4.97470503e+01  4.97468927e+01  2.09e-09 4.44e-16  8.11e-08     2s
  14   4.97470092e+01  4.97470062e+01  1.10e-10 2.22e-16  1.56e-09     2s
  15   4.97470068e+01  4.97470068e+01  2.98e-10 6.16e-16  1.56e-12     2s

Barrier solved model in 15 iterations and 1.61 seconds (1.69 work units)
Optimal objective 4.97470068e+01


Root relaxation: objective 4.974701e+01, 8 iterations, 0.02 seconds (0.02 work units)

    Nodes    |    Current Node    |     Objective Bounds      |     Work
 Expl Unexpl |  Obj  Depth IntInf | Incumbent    BestBd   Gap | It/Node Time

     0     0   49.74701    0    1   71.08141   49.74701  30.0%     -    1s
H    0     0                      49.7474421   49.74701  0.00%     -    1s

Explored 1 nodes (8 simplex iterations) in 1.63 seconds (1.70 work units)
Thread count was 32 (of 128 available processors)

Solution count 2: 49.7474 71.0814 

Optimal solution found (tolerance 5.00e-03)
Best objective 4.974744207294e+01, best bound 4.974700682520e+01, gap 0.0009%


*********************************************
*********************************************


Set parameter LogFile to value "/work/07346/ashukla/ls6/Norta_Results/norta_sm_16_19/20M"
Gurobi Optimizer version 10.0.2 build v10.0.2rc0 (linux64)

CPU model: AMD EPYC 7763 64-Core Processor, instruction set [SSE2|AVX|AVX2]
Thread count: 128 physical cores, 128 logical processors, using up to 32 threads

Optimize a model with 211643 rows, 77908 columns and 589640 nonzeros
Model fingerprint: 0xad2fb1cf
Variable types: 55968 continuous, 21940 integer (21578 binary)
Coefficient statistics:
  Matrix range     [1e-03, 1e+05]
  Objective range  [6e-02, 6e-02]
  Bounds range     [1e+00, 3e+00]
  RHS range        [1e-02, 2e+07]

MIP start from previous solve produced solution with objective 49.7474 (0.60s)
MIP start from previous solve produced solution with objective 49.7474 (0.60s)
Loaded MIP start from previous solve with objective 49.7474

Presolve removed 175448 rows and 50599 columns
Presolve time: 1.80s
Presolved: 36195 rows, 27309 columns, 130310 nonzeros
Variable types: 23668 continuous, 3641 integer (3578 binary)
Root barrier log...

Ordering time: 0.32s

Barrier statistics:
 Dense cols : 61
 AA' NZ     : 4.103e+05
 Factor NZ  : 3.447e+06 (roughly 50 MB of memory)
 Factor Ops : 1.755e+09 (less than 1 second per iteration)
 Threads    : 32

                  Objective                Residual
Iter       Primal          Dual         Primal    Dual     Compl     Time
   0  -9.61999994e+05 -2.88766134e+05  5.14e+04 1.68e-01  1.02e+03     3s
   1  -5.84952758e+05 -3.19361905e+05  3.09e+04 3.47e-01  6.14e+02     3s
   2  -2.25400140e+05 -4.05839194e+05  1.14e+04 2.27e-13  2.54e+02     3s
   3  -1.24820156e+04 -3.32339694e+05  5.51e+02 1.61e-13  1.86e+01     3s
   4  -3.45662362e+03 -1.58805999e+05  1.69e+02 5.49e-14  5.64e+00     3s
   5  -1.45252732e+03 -1.12839629e+05  8.08e+01 4.06e-14  3.00e+00     3s
   6  -7.25748627e+02 -7.43734887e+04  4.26e+01 2.25e-14  1.72e+00     3s
   7  -3.20233250e+02 -4.66100191e+04  2.42e+01 1.35e-14  9.73e-01     3s
   8   7.46124378e+00 -8.96342841e+03  7.43e+00 5.97e-15  1.86e-01     3s
   9   1.24475859e+02 -1.31851530e+03  5.77e-02 3.35e-15  2.34e-02     3s
  10   7.02625996e+01 -2.15822126e+02  8.09e-03 1.63e-15  4.43e-03     3s
  11   4.22465102e+01 -1.05322260e+02  3.60e-03 1.33e-15  2.27e-03     3s
  12   3.38820163e+01 -5.11945382e+01  2.44e-03 5.79e-16  1.31e-03     3s
  13   2.62737096e+01 -3.03194458e+01  1.53e-03 4.44e-16  8.71e-04     3s
  14   2.23635783e+01 -1.25601900e+01  1.12e-03 4.44e-16  5.38e-04     3s
  15   1.98093416e+01 -8.30299926e+00  8.54e-04 4.44e-16  4.33e-04     3s
  16   1.68644210e+01 -2.23354943e+00  5.54e-04 2.22e-16  2.94e-04     3s
  17   1.45267762e+01  1.24646350e+00  3.43e-04 4.44e-16  2.04e-04     3s
  18   1.29768885e+01  3.08047845e+00  1.83e-04 4.44e-16  1.52e-04     3s
  19   1.25914690e+01  5.05107802e+00  1.44e-04 4.44e-16  1.16e-04     3s
  20   1.20543737e+01  5.16582687e+00  9.88e-05 4.44e-16  1.05e-04     3s
  21   1.17101026e+01  8.54254211e+00  6.92e-05 4.44e-16  4.86e-05     3s
  22   1.12778435e+01  9.41372016e+00  3.73e-05 2.22e-16  2.86e-05     3s
  23   1.11029509e+01  1.00137578e+01  2.48e-05 4.44e-16  1.67e-05     3s
  24   1.09464549e+01  1.02979420e+01  1.32e-05 4.44e-16  9.94e-06     3s
  25   1.08785156e+01  1.04613036e+01  8.34e-06 2.22e-16  6.40e-06     3s
  26   1.08379950e+01  1.05075171e+01  5.32e-06 2.22e-16  5.06e-06     4s
  27   1.08082532e+01  1.05720741e+01  3.29e-06 2.33e-16  3.61e-06     4s
  28   1.07885275e+01  1.06505984e+01  2.00e-06 5.06e-16  2.11e-06     4s
  29   1.07786933e+01  1.06883562e+01  1.37e-06 4.44e-16  1.38e-06     4s
  30   1.07714847e+01  1.07218758e+01  9.05e-07 4.78e-16  7.60e-07     4s
  31   1.07656274e+01  1.07316680e+01  5.36e-07 4.44e-16  5.20e-07     4s
  32   1.07645348e+01  1.07415153e+01  4.67e-07 4.44e-16  3.53e-07     4s
  33   1.07638502e+01  1.07418183e+01  4.25e-07 4.44e-16  3.38e-07     4s
  34   1.07616486e+01  1.07444103e+01  2.87e-07 4.44e-16  2.64e-07     4s
  35   1.07607057e+01  1.07449840e+01  2.32e-07 2.22e-16  2.41e-07     4s
  36   1.07606216e+01  1.07466202e+01  2.26e-07 4.44e-16  2.14e-07     4s
  37   1.07598816e+01  1.07500384e+01  1.82e-07 2.22e-16  1.51e-07     4s
  38   1.07583148e+01  1.07508083e+01  8.69e-08 2.22e-16  1.15e-07     4s
  39   1.07577688e+01  1.07534314e+01  5.64e-08 4.44e-16  6.63e-08     4s
  40   1.07575384e+01  1.07536004e+01  4.31e-08 4.44e-16  6.02e-08     4s
  41   1.07574012e+01  1.07549326e+01  3.47e-08 4.44e-16  3.78e-08     4s
  42   1.07572374e+01  1.07550177e+01  2.51e-08 4.44e-16  3.39e-08     4s
  43   1.07570861e+01  1.07558308e+01  1.63e-08 4.44e-16  1.92e-08     4s
  44   1.07569459e+01  1.07562413e+01  8.15e-09 2.22e-16  1.08e-08     4s
  45   1.07569000e+01  1.07565312e+01  5.51e-09 4.36e-16  5.64e-09     4s
  46   1.07568532e+01  1.07566449e+01  2.82e-09 4.44e-16  3.18e-09     4s
  47   1.07568208e+01  1.07567768e+01  9.52e-10 2.53e-15  6.74e-10     4s
  48   1.07568048e+01  1.07568006e+01  5.16e-09 5.95e-15  6.32e-11     4s
  49   1.07568042e+01  1.07568039e+01  4.24e-09 3.90e-15  4.64e-12     4s

Barrier solved model in 49 iterations and 4.02 seconds (4.06 work units)
Optimal objective 1.07568042e+01


Root crossover log...

       0 PPushes remaining with PInf 3.3164955e-01                 5s

  Push phase complete: Pinf 3.3164955e-01, Dinf 5.2016446e-02      5s


Root simplex log...

Iteration    Objective       Primal Inf.    Dual Inf.      Time
    6677    1.0756833e+01   0.000000e+00   5.201645e-02      5s
    6793    1.0756805e+01   0.000000e+00   0.000000e+00      5s
    6793    1.0756805e+01   0.000000e+00   0.000000e+00      5s

Root relaxation: objective 1.075680e+01, 6793 iterations, 2.87 seconds (4.30 work units)

    Nodes    |    Current Node    |     Objective Bounds      |     Work
 Expl Unexpl |  Obj  Depth IntInf | Incumbent    BestBd   Gap | It/Node Time

     0     0   10.75680    0  640   49.74744   10.75680  78.4%     -    9s
H    0     0                      26.7192627   10.75680  59.7%     -   11s
H    0     0                      26.6523898   10.75680  59.6%     -   12s
H    0     0                      17.8283845   11.76899  34.0%     -   25s
     0     0   11.76899    0  482   17.82838   11.76899  34.0%     -   25s
     0     0   11.90969    0  521   17.82838   11.90969  33.2%     -   32s
     0     0   11.90969    0  515   17.82838   11.90969  33.2%     -   32s
     0     0   11.90969    0  521   17.82838   11.90969  33.2%     -   32s
     0     0   11.96484    0  633   17.82838   11.96484  32.9%     -   38s
H    0     0                      16.5824289   11.96484  27.8%     -   41s
     0     0   11.97892    0  618   16.58243   11.97892  27.8%     -   43s
     0     0   11.97921    0  628   16.58243   11.97921  27.8%     -   43s
     0     0   11.97923    0  628   16.58243   11.97923  27.8%     -   43s
     0     0   12.01590    0  626   16.58243   12.01590  27.5%     -   49s
     0     0   12.03303    0  543   16.58243   12.03303  27.4%     -   53s
     0     0   12.03336    0  540   16.58243   12.03336  27.4%     -   54s
     0     0   12.03345    0  540   16.58243   12.03345  27.4%     -   54s
     0     0   12.04179    0  564   16.58243   12.04179  27.4%     -   57s
     0     0   12.04210    0  555   16.58243   12.04210  27.4%     -   61s
     0     0   12.04210    0  555   16.58243   12.04210  27.4%     -   61s
     0     0   12.04356    0  558   16.58243   12.04356  27.4%     -   62s
     0     0   12.04360    0  554   16.58243   12.04360  27.4%     -   64s
     0     0   12.04521    0  555   16.58243   12.04521  27.4%     -   65s
     0     0   12.04541    0  548   16.58243   12.04541  27.4%     -   66s
     0     0   12.04552    0  548   16.58243   12.04552  27.4%     -   66s
     0     0   12.04552    0  490   16.58243   12.04552  27.4%     -   70s
     0     2   12.04552    0  490   16.58243   12.04552  27.4%     -   76s
     1     4   12.55850    1  555   16.58243   12.04552  27.4%  8201   84s
     3     8   13.22357    2  565   16.58243   12.20646  26.4%  5546   91s
     7    16   13.38533    3  627   16.58243   12.21807  26.3%  4353   96s
    15    32   13.46014    4  540   16.58243   12.21861  26.3%  3131  102s
    31    64   13.83669    5  574   16.58243   12.23379  26.2%  3278  115s
H   47    64                      16.5511252   12.23379  26.1%  3526  115s
H   49    64                      16.4729161   12.28771  25.4%  3535  115s
    63    96   13.90375    6  647   16.47292   12.28771  25.4%  3774  179s
    95   128   13.92232    6  733   16.47292   12.28771  25.4%  5806  187s
H   99   128                      16.4729161   12.28771  25.4%  5614  187s
H  104   128                      16.4498489   12.28771  25.3%  5457  187s
H  107   128                      16.4112725   12.28771  25.1%  5399  187s
   127   160   13.94791    7  642   16.41127   12.28771  25.1%  4903  196s
H  159   192                      16.1600041   12.28771  24.0%  4416  213s
H  163   192                      16.1328424   12.28771  23.8%  4382  213s
   191   224   14.11107    9  776   16.13284   12.28771  23.8%  4042  220s
   223   266   14.07013    9  512   16.13284   12.28771  23.8%  3759  231s
   265   310   14.11147   10  475   16.13284   12.28771  23.8%  3469  237s
   309   362   14.14997   11  466   16.13284   12.28771  23.8%  3203  249s
   363   419   14.23456   13  418   16.13284   12.28771  23.8%  2928  257s
   422   478   14.24707   14  411   16.13284   12.28771  23.8%  2713  268s
   483   537   14.55065   15  384   16.13284   12.28771  23.8%  2546  281s
   546   606   14.32829   16  508   16.13284   12.28771  23.8%  2407  290s
   617   681   14.33468   17  515   16.13284   12.28771  23.8%  2303  298s
   693   757   14.62705   18  479   16.13284   12.28771  23.8%  2199  305s
   775   830   14.45449   19  525   16.13284   12.28771  23.8%  2086  312s
   863   912   14.66120   20  517   16.13284   12.28771  23.8%  1983  326s
   958   970   14.74868   22  517   16.13284   12.28771  23.8%  1910  335s
  1035  1070   14.78880   23  488   16.13284   12.28771  23.8%  1860  344s
  1153  1157   15.12228   25  494   16.13284   12.28771  23.8%  1780  356s
H 1259  1187                      15.8831447   12.28771  22.6%  1759  438s
H 1261  1187                      15.6762189   12.28771  21.6%  1761  438s
H 1262  1187                      15.5090910   12.28771  20.8%  1768  438s
H 1263  1187                      15.3658107   12.28771  20.0%  1768  438s
H 1265  1187                      15.3316881   12.28771  19.9%  1775  438s
H 1267  1187                      14.8038700   12.28771  17.0%  1774  438s
H 1270  1187                      14.5361162   12.28771  15.5%  1770  438s
H 1278  1187                      14.5277709   12.28771  15.4%  1775  438s
H 1289  1187                      14.5212539   12.28771  15.4%  1776  438s
  1291  1179     cutoff   26        14.52125   12.33210  15.1%  1775  588s
H 1299  1179                      14.5212539   12.33264  15.1%  1768  588s
H 1300  1179                      14.2474565   12.33264  13.4%  1770  588s
H 1310  1179                      14.1961597   12.33264  13.1%  1783  588s
H 1329  1179                      14.1186938   12.33264  12.7%  1770  588s
  1361  1193   12.34521    7  511   14.11869   12.33264  12.7%  1769  679s
H 1364  1193                      13.9592423   12.33264  11.7%  1770  679s
  1404  1258   12.60646    8  415   13.95924   12.33264  11.7%  1810  690s
  1503  1350   12.68578   10  393   13.95924   12.33264  11.7%  1820  727s
  1623  1419   12.82316   13  466   13.95924   12.33264  11.7%  1842  745s
  1744  1493   12.90991   16  556   13.95924   12.33264  11.7%  1848  762s
  1875  1577   13.06969   20  434   13.95924   12.33264  11.7%  1846  786s
  2028  1649   13.46027   24  482   13.95924   12.33264  11.7%  1843  807s
  2182  1714   13.57743   26  390   13.95924   12.33264  11.7%  1841  825s
  2309  1806     cutoff   28        13.95924   12.38779  11.3%  1879  839s
  2467  1780   13.28328    9  234   13.95924   12.38779  11.3%  1873  861s
  2608  1820     cutoff   11        13.95924   12.38779  11.3%  1917  875s
  2750  1809   13.54634   11  189   13.95924   12.38779  11.3%  1939  894s
H 2889  1524                      13.9592423   12.38779  11.3%  1969 1190s
  2890  1525   13.85110   21  490   13.95924   12.38779  11.3%  1969 1221s
  2892  1526   13.18825   14  654   13.95924   12.38779  11.3%  1967 1233s
  2893  1527   13.85227   26  405   13.95924   12.38779  11.3%  1967 1257s
  2894  1528   13.61294   14  657   13.95924   12.38779  11.3%  1966 1264s
  2895  1528   13.29188   18  525   13.95924   12.38779  11.3%  1965 1267s
  2897  1530   13.73912   13  612   13.95924   12.38779  11.3%  1964 1282s
  2899  1531   12.95156   21  496   13.95924   12.38779  11.3%  1963 1299s
  2900  1532   12.70173   18  500   13.95924   12.38779  11.3%  1962 1300s
  2901  1532   13.50093   26  493   13.95924   12.38779  11.3%  1961 1305s
  2903  1534   13.66602   31  609   13.95924   12.38779  11.3%  1960 1312s
  2905  1535   13.90984   16  604   13.95924   12.38779  11.3%  1959 1318s
  2907  1536   12.99128   14  613   13.95924   12.38779  11.3%  1957 1321s
  2908  1537   13.64210   29  612   13.95924   12.38779  11.3%  1957 1325s
  2909  1538   13.78529   12  612   13.95924   12.38779  11.3%  1956 1330s
  2910  1541   12.58070   11  558   13.95924   12.38779  11.3%  22.6 1339s
  2912  1545   13.48410   12  552   13.95924   12.38779  11.3%  24.7 1351s
  2916  1547     cutoff   13        13.95924   12.38779  11.3%  32.7 1362s
  2924  1551   12.38779   14  610   13.95924   12.38779  11.3%  47.7 1392s
  2936  1561   12.38779   15  659   13.95924   12.38779  11.3%  75.0 1444s
  2954  1581   12.40467   16  678   13.95924   12.38779  11.3%   149 1460s
  2986  1598   12.45182   17  656   13.95924   12.38779  11.3%   209 1470s
  3018  1616   12.50773   18  625   13.95924   12.38779  11.3%   238 1477s
  3050  1633   12.56038   19  596   13.95924   12.38779  11.3%   263 1483s
  3082  1652   12.57742   20  428   13.95924   12.38779  11.3%   278 1490s
H 3117  1591                      13.9571465   12.38779  11.2%   302 1497s
H 3121  1517                      13.9569976   12.38779  11.2%   306 1497s
  3152  1527   12.99669   22  443   13.95700   12.38779  11.2%   325 1504s
H 3186  1467                      13.9569976   12.38779  11.2%   339 1610s
H 3187  1401                      13.9569382   12.38779  11.2%   340 1610s
H 3191  1337                      13.9564849   12.38779  11.2%   342 1610s
H 3192  1276                      13.9558072   12.38779  11.2%   342 1610s
  3218  1298   13.16078   24  491   13.95581   12.38779  11.2%   357 1618s
  3258  1332   13.32304   25  447   13.95581   12.38779  11.2%   376 1625s
  3320  1338   13.38704   26  309   13.95581   12.38779  11.2%   396 1757s
H 3324  1280                      13.9558072   12.38779  11.2%   397 1757s
H 3328  1225                      13.9558072   12.38779  11.2%   398 1757s
  3352  1281   13.39070   27  315   13.95581   12.38779  11.2%   412 1766s
  3427  1311   13.72342   30  198   13.95581   12.38779  11.2%   435 1773s
  3504  1329   13.75057   31  194   13.95581   12.38779  11.2%   459 1785s
  3584  1333     cutoff   35        13.95581   12.38779  11.2%   484 1795s
  3670  1334   12.75991   18  243   13.95581   12.38779  11.2%   513 1803s
  3763  1320   13.06266   20  138   13.95581   12.38779  11.2%   537 1811s
  3855  1307     cutoff   24        13.95581   12.38779  11.2%   566 1822s
  3941  1335   13.23499   24  192   13.95581   12.38779  11.2%   591 1836s
  4026  1382   13.80849   30  235   13.95581   12.38779  11.2%   620 1845s
  4122  1413   13.89717   32  226   13.95581   12.42122  11.0%   640 1854s
  4223  1448   12.79648   18  254   13.95581   12.42122  11.0%   660 1867s
  4333  1420   12.84713   21  418   13.95581   12.42122  11.0%   677 1982s
H 4340  1367                      13.9558072   12.42122  11.0%   678 1982s
H 4348  1315                      13.9558066   12.42122  11.0%   680 1982s
  4376  1384   12.86681   22  470   13.95581   12.42122  11.0%   686 1994s
  4509  1408   13.29329   25  252   13.95581   12.42122  11.0%   705 2012s
  4644  1429   13.38753   28  254   13.95581   12.42122  11.0%   729 2027s
  4792  1428   13.68247   35  160   13.95581   12.42122  11.0%   749 2048s
  4932  1490   13.77246   42  160   13.95581   12.42122  11.0%   777 2062s
  5106  1530   13.90708   54   70   13.95581   12.50773  10.4%   791 2078s
  5274  1581   12.81911   20  289   13.95581   12.50773  10.4%   806 2093s
  5464  1586   12.99532   22  390   13.95581   12.50773  10.4%   824 2107s
  5637  1575   13.17196   27  291   13.95581   12.50773  10.4%   841 2130s
  5788  1654   13.55091   32  175   13.95581   12.50773  10.4%   865 2146s
  5949  1774     cutoff   39        13.95581   12.50773  10.4%   883 2161s
  6158  1891   13.58677   29  337   13.95581   12.50773  10.4%   895 2175s
  6373  1969     cutoff   34        13.95581   12.50773  10.4%   907 2199s
  6563  2105   13.84771   38  322   13.95581   12.65067  9.35%   929 2212s
  6800  2204   12.78455   20  621   13.95581   12.65067  9.35%   941 2226s
  7021  2304   12.89851   25  398   13.95581   12.65067  9.35%   957 2252s
  7236  2418   13.53135   34  433   13.95581   12.78455  8.39%   971 2281s
  7488  2540   13.85201   23  512   13.95581   12.78455  8.39%   986 2300s
  7739  2643     cutoff   26        13.95581   12.81268  8.19%  1003 2319s
  7978  2716     cutoff   33        13.95581   12.86174  7.84%  1018 2337s
  8194  2792   13.51791   25  493   13.95581   12.86174  7.84%  1034 2357s
  8426  2920     cutoff   34        13.95581   12.88822  7.65%  1056 2374s
  8662  3057   13.27176   26  398   13.95581   12.93051  7.35%  1077 2402s
  8975  3170   13.70356   36  259   13.95581   12.93920  7.28%  1095 2425s
  9231  3379   13.23533   23  390   13.95581   12.93920  7.28%  1111 2448s
  9553  3447   13.65443   34  277   13.95581   12.93920  7.28%  1128 2471s
  9851  3581     cutoff   36        13.95581   12.93920  7.28%  1150 2510s
 10248  3773     cutoff   35        13.95581   12.97188  7.05%  1166 2534s
 10650  3943   13.35535   30  312   13.95581   12.99532  6.88%  1179 2575s
 11047  4143   13.71053   33  240   13.95581   13.00132  6.84%  1193 2601s
 11485  4340   13.42006   24  254   13.95581   13.00132  6.84%  1205 2627s
 11899  4507   13.78904   32  257   13.95581   13.04478  6.53%  1218 2656s
 12313  4741   13.17621   24  284   13.95581   13.05198  6.48%  1238 2684s
 12805  4956   13.73455   33  220   13.95581   13.07747  6.29%  1247 2712s
 13304  5162   13.90665   37  383   13.95581   13.07848  6.29%  1257 2749s
 13800  5320   13.85090   38  200   13.95581   13.10263  6.11%  1272 2784s
 14241  5465     cutoff   30        13.95581   13.11641  6.01%  1293 2826s
 14737  5644   13.52454   20  304   13.95581   13.11641  6.01%  1314 2858s
 15240  5800     cutoff   26        13.95581   13.13031  5.92%  1327 2895s
 15784  5868   13.64012   34  411   13.95581   13.13089  5.91%  1342 2937s
 16328  6040   13.86765   33  210   13.95581   13.14216  5.83%  1365 2974s
 16882  6256   13.78153   35  413   13.95581   13.16010  5.70%  1381 3014s
 17498  6270   13.84346   36  347   13.95581   13.16156  5.69%  1393 3124s
H17504  6270                      13.9558066   13.16156  5.69%  1393 3124s
H17523  6270                      13.9558066   13.16156  5.69%  1395 3124s
H17538  6270                      13.9558065   13.16156  5.69%  1395 3124s
 17548  6448   13.92204   37  334   13.95581   13.16227  5.69%  1396 3189s
 18149  6698     cutoff   33        13.95581   13.17424  5.60%  1411 3238s
 18798  6907     cutoff   29        13.95581   13.19041  5.48%  1426 3280s
 19475  7117   13.65092   31  213   13.95581   13.19209  5.47%  1440 3326s
 20223  7268     cutoff   33        13.95581   13.20149  5.41%  1450 3413s
 20912  7514   13.91200   35  218   13.95581   13.21612  5.30%  1474 3497s
 21667  7743   13.90143   38  412   13.95581   13.22004  5.27%  1490 3553s
 22475  8007     cutoff   30        13.95581   13.23323  5.18%  1499 3611s
 23320  8285     cutoff   36        13.95581   13.23882  5.14%  1513 3678s
 24211  8317   13.57212   23  187   13.95581   13.25010  5.06%  1524 3795s
 24278  8577   13.68113   28  223   13.95581   13.25176  5.04%  1525 3889s
 25249  8920     cutoff   31        13.95581   13.26298  4.96%  1535 3969s
 26348  9140   13.50144   34  157   13.95581   13.27517  4.88%  1539 4030s
 27286  9360     cutoff   27        13.95581   13.28301  4.82%  1552 4102s
 28231  9615     cutoff   33        13.95581   13.29178  4.76%  1567 4177s
 29297  9961     cutoff   35        13.95581   13.30448  4.67%  1577 4269s
 30708 10227   13.73017   39  243   13.95581   13.31378  4.60%  1586 4337s
 31821 10427   13.83387   27  439   13.95581   13.32636  4.51%  1595 4409s
 32923 10650     cutoff   36        13.95581   13.33623  4.44%  1608 4487s
 34112 10978   13.90531   28  401   13.95581   13.34443  4.38%  1621 4576s
 35455 11244   13.57564   28  317   13.95581   13.35803  4.28%  1630 4659s
 36726 11485   13.60963   23  158   13.95581   13.36713  4.22%  1644 4748s
 38104 11710     cutoff   32        13.95581   13.37749  4.14%  1659 4842s
 39556 11947   13.68270   25  315   13.95581   13.38211  4.11%  1668 4941s
 40997 12269   13.62178   23  364   13.95581   13.39105  4.05%  1680 5046s
 42595 12524 infeasible   28        13.95581   13.40681  3.93%  1691 5161s
 44311 12778   13.65080   32  243   13.95581   13.41871  3.85%  1698 5275s
 46021 12973   13.91097   26  327   13.95581   13.43170  3.76%  1706 5392s
 47856 13304   13.56113   19  322   13.95581   13.44300  3.67%  1713 5521s
H48622 13221                      13.9416072   13.44907  3.53%  1715 5521s
*48629 13221              97      13.9415577   13.44907  3.53%  1714 5521s
 49786 13437     cutoff   28        13.94156   13.45924  3.46%  1716 5638s
 51585 13668     cutoff   36        13.94156   13.46777  3.40%  1722 5771s
 53648 13903   13.59592   30  223   13.94156   13.48268  3.29%  1728 5909s
 55795 14000   13.68242   27  323   13.94156   13.49802  3.18%  1736 6033s
 57345 14311   13.67537   31  261   13.94156   13.50681  3.12%  1742 6178s
 59795 14483   13.72352   28  359   13.94156   13.52095  3.02%  1746 7071s
 62438 14497     cutoff   41        13.94156   13.53754  2.90%  1754 7220s
 64649 14518     cutoff   28        13.94156   13.54961  2.81%  1765 7400s
 67143 14471   13.83729   33   94   13.94156   13.56554  2.70%  1778 7580s
 69747 14340   13.87948   33  274   13.94156   13.58114  2.59%  1791 7756s
 72346 14072   13.90702   35  342   13.94156   13.59745  2.47%  1803 7955s
 75150 13847     cutoff   31        13.94156   13.61384  2.35%  1816 8145s
*77565 13796              72      13.9390723   13.61759  2.31%  1825 8145s
 78078 13415   13.92450   34  223   13.93907   13.63263  2.20%  1827 8342s
 81022 13410     cutoff   39        13.93907   13.64885  2.08%  1841 8849s
H81025 11092                      13.8509794   13.64885  1.46%  1841 8849s
H81278  9718                      13.8234067   13.64957  1.26%  1841 8849s
H81416  9596                      13.8210186   13.64957  1.24%  1843 8849s
H81686  9593                      13.8209331   13.64957  1.24%  1842 8849s
H81767  9584                      13.8208184   13.64957  1.24%  1842 8849s
 81905  8055     cutoff   34        13.82082   13.65038  1.23%  1842 9072s
*82062  8051              72      13.8207024   13.65058  1.23%  1843 9072s
 84985  6377     cutoff   44        13.82070   13.68570  0.98%  1862 9363s
H85177  6369                      13.8206972   13.68589  0.98%  1864 9363s
 87817  4468     cutoff   27        13.82070   13.71649  0.75%  1884 9592s
H87830  4468                      13.8206965   13.71649  0.75%  1884 9592s
 90522  2376     cutoff   34        13.82070   13.74543  0.54%  1902 9829s
H90526  2367                      13.8206962   13.74543  0.54%  1902 9829s
H92961  2367                      13.8206962   13.74952  0.52%  1916 9829s

Cutting planes:
  Learned: 8
  Gomory: 27
  Cover: 112
  Implied bound: 1015
  Projected implied bound: 53
  Clique: 38
  MIR: 1315
  StrongCG: 12
  Flow cover: 2829
  Inf proof: 1
  Zero half: 2
  RLT: 94
  Relax-and-lift: 79
  BQP: 21
  PSD: 4

Explored 93096 nodes (184235693 simplex iterations) in 9832.78 seconds (25451.77 work units)
Thread count was 32 (of 128 available processors)

Solution count 10: 13.8207 13.8207 13.8207 ... 13.851

Optimal solution found (tolerance 5.00e-03)
Best objective 1.382069623727e+01, best bound 1.377264351193e+01, gap 0.3477%


*********************************************
*********************************************


Set parameter LogFile to value "/work/07346/ashukla/ls6/Norta_Results/norta_sm_16_19/40M"
Gurobi Optimizer version 10.0.2 build v10.0.2rc0 (linux64)

CPU model: AMD EPYC 7763 64-Core Processor, instruction set [SSE2|AVX|AVX2]
Thread count: 128 physical cores, 128 logical processors, using up to 32 threads

Optimize a model with 211643 rows, 77908 columns and 589640 nonzeros
Model fingerprint: 0xc5e21b79
Variable types: 55968 continuous, 21940 integer (21578 binary)
Coefficient statistics:
  Matrix range     [1e-03, 1e+05]
  Objective range  [6e-02, 6e-02]
  Bounds range     [1e+00, 3e+00]
  RHS range        [1e-02, 4e+07]

MIP start from previous solve produced solution with objective 13.8207 (0.70s)
MIP start from previous solve produced solution with objective 13.8207 (0.70s)
Loaded MIP start from previous solve with objective 13.8207

Presolve removed 175448 rows and 50599 columns
Presolve time: 1.84s
Presolved: 36195 rows, 27309 columns, 130310 nonzeros
Variable types: 23668 continuous, 3641 integer (3578 binary)
Root barrier log...

Ordering time: 0.31s

Barrier statistics:
 Dense cols : 61
 AA' NZ     : 4.103e+05
 Factor NZ  : 3.447e+06 (roughly 50 MB of memory)
 Factor Ops : 1.755e+09 (less than 1 second per iteration)
 Threads    : 32

                  Objective                Residual
Iter       Primal          Dual         Primal    Dual     Compl     Time
   0  -6.64498880e+05 -2.88766366e+05  3.54e+04 1.68e-01  7.05e+02     3s
   1  -3.90918186e+05 -3.14163789e+05  2.05e+04 3.48e-01  4.12e+02     3s
   2  -1.42381960e+05 -3.92188975e+05  5.27e+03 2.83e-13  1.62e+02     3s
   3  -1.60860413e+04 -3.13339287e+05  8.63e+01 3.32e-13  2.17e+01     3s
   4  -3.27532526e+03 -1.60819543e+05  1.86e+01 3.52e-14  5.53e+00     3s
   5  -8.46936792e+02 -1.15116159e+05  5.66e+00 2.02e-14  2.57e+00     3s
   6   7.95688380e+00 -7.43758599e+04  1.05e+00 1.33e-14  1.25e+00     3s
   7   1.56162636e+02 -9.36992590e+03  1.26e-01 3.21e-15  1.50e-01     3s
   8   1.21536382e+02 -1.30227919e+03  1.06e-02 2.00e-15  2.18e-02     3s
   9   4.41026840e+01 -1.47442369e+02  2.16e-04 8.88e-16  2.91e-03     3s
  10   2.12665001e+01 -4.23943612e+01  7.90e-05 4.44e-16  9.69e-04     3s
  11   1.22672696e+01 -2.24530244e+01  3.65e-05 4.44e-16  5.28e-04     3s
  12   8.56150916e+00 -6.57810668e+00  2.00e-05 4.44e-16  2.30e-04     3s
  13   6.56665359e+00 -2.65778816e+00  1.19e-05 4.44e-16  1.40e-04     3s
  14   5.32066290e+00  6.07650172e-01  6.99e-06 2.22e-16  7.17e-05     3s
  15   4.70054711e+00  1.71383701e+00  4.57e-06 2.22e-16  4.55e-05     3s
  16   4.12995935e+00  2.39364765e+00  2.43e-06 4.44e-16  2.64e-05     3s
  17   3.97947831e+00  2.75548565e+00  1.88e-06 2.22e-16  1.86e-05     3s
  18   3.83325159e+00  3.14454197e+00  1.32e-06 4.44e-16  1.05e-05     3s
  19   3.70520225e+00  3.25357579e+00  8.11e-07 4.44e-16  6.87e-06     4s
  20   3.64553787e+00  3.33818060e+00  5.71e-07 2.22e-16  4.68e-06     4s
  21   3.58050392e+00  3.38796937e+00  3.12e-07 4.44e-16  2.93e-06     4s
  22   3.53727039e+00  3.44054956e+00  1.39e-07 4.44e-16  1.47e-06     4s
  23   3.52471411e+00  3.46104121e+00  9.11e-08 4.44e-16  9.69e-07     4s
  24   3.51207617e+00  3.47477606e+00  4.27e-08 2.22e-16  5.68e-07     4s
  25   3.50705977e+00  3.48886790e+00  2.46e-08 4.44e-16  2.77e-07     4s
  26   3.50512703e+00  3.49133045e+00  1.75e-08 4.44e-16  2.10e-07     4s
  27   3.50363189e+00  3.49449544e+00  1.21e-08 4.44e-16  1.39e-07     4s
  28   3.50260664e+00  3.49644133e+00  8.40e-09 4.44e-16  9.38e-08     4s
  29   3.50165516e+00  3.49765439e+00  5.02e-09 4.44e-16  6.09e-08     4s
  30   3.50105555e+00  3.49875271e+00  2.95e-09 2.22e-16  3.50e-08     4s
  31   3.50088143e+00  3.49911448e+00  2.35e-09 4.44e-16  2.69e-08     4s
  32   3.50063373e+00  3.49971666e+00  1.50e-09 4.44e-16  1.40e-08     4s
  33   3.50044097e+00  3.49992854e+00  9.28e-10 3.96e-14  7.80e-09     4s
  34   3.50031834e+00  3.50005522e+00  4.77e-10 6.53e-14  4.00e-09     4s
  35   3.50028646e+00  3.50010476e+00  3.64e-10 2.59e-12  2.77e-09     4s
  36   3.50024837e+00  3.50012452e+00  2.53e-10 3.56e-12  1.89e-09     4s
  37   3.50022637e+00  3.50015320e+00  2.94e-10 3.12e-12  1.11e-09     4s
  38   3.50020239e+00  3.50016635e+00  3.21e-10 2.76e-12  5.48e-10     4s
  39   3.50019170e+00  3.50018291e+00  1.18e-10 1.11e-12  1.34e-10     4s
  40   3.50018845e+00  3.50018467e+00  1.89e-09 2.80e-13  5.76e-11     4s

Barrier solved model in 40 iterations and 4.00 seconds (3.94 work units)
Optimal objective 3.50018845e+00


Root crossover log...

       0 PPushes remaining with PInf 9.4817547e-02                 6s

  Push phase complete: Pinf 9.4817547e-02, Dinf 1.7377077e-01      6s


Root simplex log...

Iteration    Objective       Primal Inf.    Dual Inf.      Time
    7955    3.5002150e+00   0.000000e+00   1.737708e-01      6s
    8183    3.5001858e+00   0.000000e+00   0.000000e+00      6s
    8184    3.5001858e+00   0.000000e+00   0.000000e+00      6s
Extra simplex iterations after uncrush: 1

Root relaxation: objective 3.500186e+00, 8184 iterations, 3.25 seconds (4.06 work units)
Total elapsed time = 12.38s

    Nodes    |    Current Node    |     Objective Bounds      |     Work
 Expl Unexpl |  Obj  Depth IntInf | Incumbent    BestBd   Gap | It/Node Time

     0     0    3.50019    0  381   13.82070    3.50019  74.7%     -   13s
H    0     0                       8.3223304    3.50019  57.9%     -   16s
H    0     0                       8.2946541    3.50019  57.8%     -   16s
H    0     0                       8.2877846    4.00258  51.7%     -   30s
     0     0    4.00258    0  377    8.28778    4.00258  51.7%     -   30s
H    0     0                       6.5443230    4.00258  38.8%     -   34s
     0     0    4.01619    0  421    6.54432    4.01619  38.6%     -   36s
     0     0    4.04730    0  427    6.54432    4.04730  38.2%     -   44s
     0     0    4.04907    0  417    6.54432    4.04907  38.1%     -   45s
     0     0    4.05504    0  431    6.54432    4.05504  38.0%     -   48s
     0     0    4.05532    0  429    6.54432    4.05532  38.0%     -   50s
     0     0    4.05726    0  434    6.54432    4.05726  38.0%     -   53s
     0     0    4.05727    0  434    6.54432    4.05727  38.0%     -   55s
     0     0    4.05913    0  421    6.54432    4.05913  38.0%     -   56s
     0     0    4.05945    0  422    6.54432    4.05945  38.0%     -   58s
     0     0    4.06029    0  426    6.54432    4.06029  38.0%     -   59s
     0     0    4.06052    0  417    6.54432    4.06052  38.0%     -   60s
     0     0    4.06108    0  374    6.54432    4.06108  37.9%     -   61s
     0     0    4.06108    0  375    6.54432    4.06108  37.9%     -   64s
     0     0    4.06108    0  375    6.54432    4.06108  37.9%     -   64s
     0     0    4.06108    0  375    6.54432    4.06108  37.9%     -   66s
     0     0    4.06109    0  375    6.54432    4.06109  37.9%     -   66s
     0     0    4.06109    0  375    6.54432    4.06109  37.9%     -   67s
     0     0    4.06109    0  316    6.54432    4.06109  37.9%     -   74s
H    0     0                       6.3702668    4.06109  36.2%     -   78s
     0     2    4.06109    0  314    6.37027    4.06109  36.2%     -   84s
     1     4    4.14991    1  396    6.37027    4.06109  36.2%  8071   91s
     3     8    4.15879    2  364    6.37027    4.06139  36.2%  4251   98s
     7    16    4.25408    3  413    6.37027    4.07138  36.1%  4838  108s
    15    32    4.33908    4  401    6.37027    4.07248  36.1%  4509  122s
H   31    64                       6.3484657    4.08662  35.6%  5042  191s
H   35    64                       6.3363023    4.08662  35.5%  5298  191s
H   55    64                       5.7510375    4.08947  28.9%  5602  191s
    63    96    4.64403    6  364    5.75104    4.08947  28.9%  5393  223s
    95   128    4.69715    7  317    5.75104    4.09008  28.9%  4600  235s
   127   160    4.71922    7  326    5.75104    4.09008  28.9%  4508  243s
H  159   192                       5.7510375    4.09008  28.9%  3957  259s
H  160   192                       5.7488528    4.09008  28.9%  3933  259s
H  161   192                       5.7183168    4.09008  28.5%  3909  259s
H  170   192                       5.6879947    4.09008  28.1%  3771  259s
H  183   192                       5.6138467    4.09008  27.1%  3600  259s
   191   245    4.69775    9  259    5.61385    4.09008  27.1%  3500  269s
   246   298    4.70160   11  284    5.61385    4.09008  27.1%  3002  276s
   299   344    4.70168   13  255    5.61385    4.09008  27.1%  2699  288s
   347   388    4.84429   14  159    5.61385    4.09008  27.1%  2688  297s
   395   434    4.80961   15  265    5.61385    4.09008  27.1%  2783  306s
H  443   464                       5.3659080    4.09008  23.8%  2737  474s
H  444   464                       5.2105103    4.09008  21.5%  2741  474s
H  446   464                       5.1015483    4.09008  19.8%  2747  474s
H  447   464                       4.7617840    4.09008  14.1%  2742  474s
H  451   464                       4.6427508    4.09008  11.9%  2726  474s
   475   435     cutoff   17         4.64275    4.09008  11.9%  2728  524s
H  478   435                       4.6188692    4.09008  11.4%  2711  524s
H  503   435                       4.6186746    4.09008  11.4%  2600  524s
H  532   435                       4.6074065    4.09008  11.2%  2508  524s
   539   455     cutoff   17         4.60741    4.10239  11.0%  2486  535s
   627   511    4.23921    8  162    4.60741    4.10239  11.0%  2469  547s
   710   579    4.24994    9  160    4.60741    4.10239  11.0%  2423  553s
   826   654    4.38814   11  178    4.60741    4.10239  11.0%  2262  561s
   954   758    4.42599   14  178    4.60741    4.10239  11.0%  2140  572s
  1104   835     cutoff   17         4.60741    4.10239  11.0%  2002  580s
  1250   892     cutoff   16         4.60741    4.10239  11.0%  1905  609s
  1405   931    4.50642   26  127    4.60741    4.10239  11.0%  1859  617s
  1555   953    4.52371   27  113    4.60741    4.10239  11.0%  1819  629s
  1611  1062    4.52639   28  108    4.60741    4.10239  11.0%  1805  636s
  1786  1197    4.52923   31   99    4.60741    4.10239  11.0%  1742  645s
  2016  1313    4.59058   41   70    4.60741    4.10539  10.9%  1646  657s
  2251  1429    4.44515   31  126    4.60741    4.10539  10.9%  1575  667s
  2471  1523     cutoff   45         4.60741    4.18202  9.23%  1522  678s
  2698  1588    4.31363   16  188    4.60741    4.18202  9.23%  1474  688s
  2881  1636    4.32860   19  168    4.60741    4.18202  9.23%  1461  705s
  2998  1677    4.47533   29  179    4.60741    4.18202  9.23%  1506  721s
  3122  1714     cutoff   35         4.60741    4.18956  9.07%  1545  736s
  3267  1683    4.45460   12  306    4.60741    4.18956  9.07%  1588  753s
  3380  1693    4.52661   13  490    4.60741    4.18956  9.07%  1640  766s
* 3468  1693              45       4.5963081    4.18956  8.85%  1687  766s
  3508  1681    4.50551   12  162    4.59631    4.18956  8.85%  1682  780s
  3622  1684    4.52632   13  200    4.59631    4.18956  8.85%  1730  797s
  3766  1689    4.51313   14  292    4.59631    4.18956  8.85%  1764  814s
  3915  1715    4.47935   14  274    4.59631    4.18956  8.85%  1806  830s
  4059  1681     cutoff   15         4.59631    4.18956  8.85%  1843  851s
  4181  1699    4.48980   15  263    4.59631    4.18956  8.85%  1894  868s
  4308  1694     cutoff   16         4.59631    4.30381  6.36%  1944  887s
  4463  1721    4.36444   18  203    4.59631    4.30381  6.36%  1984  907s
  4625  1730    4.45087   25  179    4.59631    4.30381  6.36%  2021  934s
  4734  1746    4.45261   26  174    4.59631    4.33009  5.79%  2063  955s
  4935  1786    4.36276   17  218    4.59631    4.34296  5.51%  2086  972s
  5102  1803    4.39392   19  218    4.59631    4.34296  5.51%  2119 1006s
  5268  1793    4.37832   20  157    4.59631    4.34296  5.51%  2158 1027s
  5452  1771 infeasible   23         4.59631    4.34864  5.39%  2201 1050s
  5606  1758     cutoff   25         4.59631    4.34864  5.39%  2253 1078s
  5745  1789     cutoff   26         4.59631    4.34864  5.39%  2308 1103s
  5981  1779     cutoff   25         4.59631    4.36813  4.96%  2333 1128s
  6210  1781     cutoff   37         4.59631    4.37737  4.76%  2361 1152s
  6442  1742    4.56694   14  203    4.59631    4.39188  4.45%  2391 1182s
  6571  1742     cutoff   16         4.59631    4.39261  4.43%  2429 1210s
  6848  1705     cutoff   37         4.59631    4.39692  4.34%  2446 1235s
  7040  1751    4.56121    9  338    4.59631    4.40602  4.14%  2497 1264s
  7401  1710    4.58092    8  274    4.59631    4.41638  3.91%  2489 1294s
  7662  1700    4.50079   30  142    4.59631    4.42310  3.77%  2522 1335s
* 7705  1642              64       4.5584957    4.42310  2.97%  2513 1335s
  8003  1556     cutoff   32         4.55850    4.43108  2.80%  2527 1369s
* 8210  1556              26       4.5553863    4.43533  2.64%  2519 1369s
* 8264  1556              29       4.4997981    4.43533  1.43%  2515 1369s
  8415  1175    4.48772   13  276    4.49980    4.44170  1.29%  2522 1398s
  8907   165     cutoff   44         4.49980    4.45974  0.89%  2490 1426s

Cutting planes:
  Learned: 2
  Gomory: 28
  Cover: 255
  Implied bound: 1514
  Clique: 85
  MIR: 555
  StrongCG: 6
  Flow cover: 229
  Zero half: 25
  RLT: 77
  Relax-and-lift: 123
  BQP: 18

Explored 9967 nodes (22931828 simplex iterations) in 1426.41 seconds (3328.69 work units)
Thread count was 32 (of 128 available processors)

Solution count 10: 4.4998 4.55539 4.5585 ... 5.10155

Optimal solution found (tolerance 5.00e-03)
Best objective 4.499798125001e+00, best bound 4.489501532118e+00, gap 0.2288%


*********************************************
*********************************************


Set parameter LogFile to value "/work/07346/ashukla/ls6/Norta_Results/norta_sm_16_19/60M"
Gurobi Optimizer version 10.0.2 build v10.0.2rc0 (linux64)

CPU model: AMD EPYC 7763 64-Core Processor, instruction set [SSE2|AVX|AVX2]
Thread count: 128 physical cores, 128 logical processors, using up to 32 threads

Optimize a model with 211643 rows, 77908 columns and 589640 nonzeros
Model fingerprint: 0x188e20ad
Variable types: 55968 continuous, 21940 integer (21578 binary)
Coefficient statistics:
  Matrix range     [1e-03, 1e+05]
  Objective range  [6e-02, 6e-02]
  Bounds range     [1e+00, 3e+00]
  RHS range        [1e-02, 6e+07]

MIP start from previous solve produced solution with objective 4.4998 (0.72s)
MIP start from previous solve produced solution with objective 4.4998 (0.73s)
Loaded MIP start from previous solve with objective 4.4998

Presolve removed 175448 rows and 50599 columns
Presolve time: 1.89s
Presolved: 36195 rows, 27309 columns, 130310 nonzeros
Variable types: 23668 continuous, 3641 integer (3578 binary)
Root barrier log...

Ordering time: 0.32s

Barrier statistics:
 Dense cols : 61
 AA' NZ     : 4.103e+05
 Factor NZ  : 3.447e+06 (roughly 50 MB of memory)
 Factor Ops : 1.755e+09 (less than 1 second per iteration)
 Threads    : 32

                  Objective                Residual
Iter       Primal          Dual         Primal    Dual     Compl     Time
   0  -6.19628896e+05 -2.88766651e+05  3.29e+04 1.68e-01  6.58e+02     3s
   1  -3.61503300e+05 -3.10037088e+05  1.87e+04 4.07e-01  3.83e+02     3s
   2  -1.50784157e+05 -3.99585635e+05  5.10e+03 1.48e-13  1.72e+02     3s
   3  -1.17147275e+04 -3.21875346e+05  6.33e+01 6.11e-13  1.74e+01     3s
   4  -3.24885470e+03 -1.66741817e+05  1.85e+01 1.13e-13  5.57e+00     3s
   5  -6.28626926e+02 -1.04717490e+05  4.51e+00 3.83e-14  2.21e+00     3s
   6   4.02900196e+01 -5.20018980e+04  8.62e-01 2.29e-14  8.74e-01     3s
   7   1.60686535e+02 -6.53339741e+03  4.92e-02 2.97e-15  1.03e-01     3s
   8   1.05824451e+02 -1.12888950e+03  2.83e-03 3.33e-15  1.88e-02     3s
   9   3.53580090e+01 -1.64947014e+02  1.39e-04 6.66e-16  3.05e-03     3s
  10   1.33495157e+01 -6.86976843e+01  2.89e-05 4.44e-16  1.25e-03     3s
  11   4.65688166e+00 -2.98745203e+01  6.68e-06 4.44e-16  5.25e-04     3s
  12   4.31659842e+00 -1.89916897e+01  6.01e-06 4.44e-16  3.55e-04     3s
  13   3.84190835e+00 -1.31574053e+01  5.19e-06 4.44e-16  2.59e-04     3s
  14   3.08860910e+00 -5.62235765e+00  4.02e-06 4.44e-16  1.33e-04     3s
  15   2.28602924e+00 -2.74033897e+00  2.80e-06 4.44e-16  7.65e-05     4s
  16   1.27249698e+00 -1.44082139e+00  1.33e-06 4.44e-16  4.13e-05     4s
  17   1.01586136e+00 -3.46094897e-01  9.83e-07 4.44e-16  2.07e-05     4s
  18   5.99309328e-01 -1.28671424e-02  4.08e-07 4.44e-16  9.31e-06     4s
  19   5.07492190e-01  7.91477597e-02  2.82e-07 4.44e-16  6.52e-06     4s
  20   4.69249988e-01  1.47891331e-01  2.30e-07 4.44e-16  4.89e-06     4s
  21   4.06196664e-01  2.05343128e-01  1.41e-07 4.44e-16  3.06e-06     4s
  22   3.40107393e-01  2.44809195e-01  5.07e-08 4.44e-16  1.45e-06     4s
  23   3.35164108e-01  2.51262413e-01  4.42e-08 4.44e-16  1.28e-06     4s
  24   3.19317209e-01  2.58908696e-01  2.38e-08 4.44e-16  9.19e-07     4s
  25   3.10525045e-01  2.82199304e-01  1.26e-08 4.44e-16  4.31e-07     4s
  26   3.06013680e-01  2.89837282e-01  7.00e-09 4.44e-16  2.46e-07     4s
  27   3.04317461e-01  2.92454724e-01  4.93e-09 4.44e-16  1.80e-07     4s
  28   3.03431758e-01  2.94451789e-01  3.84e-09 4.44e-16  1.37e-07     4s
  29   3.02564723e-01  2.95721033e-01  2.77e-09 4.44e-16  1.04e-07     4s
  30   3.01738985e-01  2.96903056e-01  1.80e-09 4.44e-16  7.36e-08     4s
  31   3.01098929e-01  2.98634003e-01  1.02e-09 4.44e-16  3.75e-08     4s
  32   3.00973688e-01  2.99245070e-01  8.73e-10 2.22e-16  2.63e-08     4s
  33   3.00696752e-01  2.99694871e-01  5.44e-10 4.44e-16  1.52e-08     4s
  34   3.00555920e-01  2.99959854e-01  4.12e-10 4.44e-16  9.07e-09     4s
  35   3.00322887e-01  3.00099614e-01  8.47e-10 2.22e-16  3.40e-09     4s
  36   3.00256204e-01  3.00198865e-01  2.22e-10 1.48e-14  8.72e-10     4s
  37   3.00242290e-01  3.00217070e-01  6.30e-11 6.78e-15  3.84e-10     4s
  38   3.00237391e-01  3.00232513e-01  1.38e-10 1.85e-14  7.42e-11     4s
  39   3.00236577e-01  3.00235421e-01  3.31e-08 9.45e-13  1.76e-11     4s

Barrier solved model in 39 iterations and 4.06 seconds (3.88 work units)
Optimal objective 3.00236577e-01


Root crossover log...

       0 PPushes remaining with PInf 2.7432988e-01                 5s

  Push phase complete: Pinf 2.7432988e-01, Dinf 3.6098524e-01      5s


Root simplex log...

Iteration    Objective       Primal Inf.    Dual Inf.      Time
    7111    3.0023629e-01   0.000000e+00   3.609852e-01      5s
    7731    3.0023621e-01   0.000000e+00   0.000000e+00      6s
    7735    3.0023621e-01   0.000000e+00   0.000000e+00      6s
Extra simplex iterations after uncrush: 4

Root relaxation: objective 3.002362e-01, 7735 iterations, 3.44 seconds (4.96 work units)

    Nodes    |    Current Node    |     Objective Bounds      |     Work
 Expl Unexpl |  Obj  Depth IntInf | Incumbent    BestBd   Gap | It/Node Time

     0     0    0.30024    0  256    4.49980    0.30024  93.3%     -   10s
H    0     0                       3.4880044    0.34300  90.2%     -   30s
H    0     0                       2.5825181    0.34300  86.7%     -   30s
H    0     0                       2.4602432    0.34300  86.1%     -   30s
     0     0    0.34300    0  228    2.46024    0.34300  86.1%     -   31s
H    0     0                       2.4343521    0.34300  85.9%     -   33s
     0     0    0.34615    0  227    2.43435    0.34615  85.8%     -   34s
     0     0    0.35917    0  271    2.43435    0.35917  85.2%     -   37s
H    0     0                       1.9438822    0.35917  81.5%     -   40s
     0     0    0.36005    0  275    1.94388    0.36005  81.5%     -   41s
     0     0    0.36027    0  280    1.94388    0.36027  81.5%     -   43s
H    0     0                       1.9393197    0.36027  81.4%     -   45s
     0     0    0.36028    0  281    1.93932    0.36028  81.4%     -   46s
     0     0    0.36059    0  285    1.93932    0.36059  81.4%     -   48s
     0     0    0.36123    0  290    1.93932    0.36123  81.4%     -   49s
     0     0    0.36126    0  288    1.93932    0.36126  81.4%     -   50s
H    0     0                       1.9243952    0.36126  81.2%     -   52s
     0     0    0.36126    0  288    1.92440    0.36126  81.2%     -   52s
     0     0    0.36138    0  284    1.92440    0.36138  81.2%     -   53s
     0     0    0.36142    0  290    1.92440    0.36142  81.2%     -   54s
     0     0    0.36142    0  290    1.92440    0.36142  81.2%     -   54s
     0     0    0.36142    0  290    1.92440    0.36142  81.2%     -   55s
     0     0    0.36142    0  290    1.92440    0.36142  81.2%     -   55s
     0     0    0.36142    0  184    1.92440    0.36142  81.2%     -   67s
H    0     0                       1.9161670    0.36142  81.1%     -   71s
H    0     0                       1.9161670    0.36142  81.1%     -   71s
     0     2    0.36142    0  184    1.91617    0.36142  81.1%     -   74s
     1     4    0.79139    1  177    1.91617    0.36142  81.1% 13981   86s
     3     8    0.96009    2  203    1.91617    0.36162  81.1%  6210   91s
     7    16    0.97543    3  183    1.91617    0.36209  81.1%  4169  100s
    15    31    1.01439    4  133    1.91617    0.36243  81.1%  4825  110s
    31    58    1.23388    5  131    1.91617    0.36250  81.1%  4579  153s
H   39    58                       1.9151227    0.36250  81.1%  5180  153s
H   41    58                       1.0581400    0.36250  65.7%  5050  153s
H   53    58                       1.0127414    0.36485  64.0%  4676  153s
    62    47     cutoff    6         1.01274    0.36485  64.0%  4470  164s
H   69    47                       0.8426945    0.36485  56.7%  4222  164s
   103    47    0.37361    7  196    0.84269    0.36873  56.2%  3355  174s
   135    65    0.38262    8  198    0.84269    0.37738  55.2%  3214  184s
H  145    65                       0.8332473    0.38197  54.2%  3243  184s
H  146    65                       0.6157068    0.38197  38.0%  3231  184s
   167    61    0.38287    9  174    0.61571    0.38197  38.0%  3058  192s
   211    70    0.52112   10  239    0.61571    0.38197  38.0%  2627  198s
   249    86     cutoff   11         0.61571    0.38197  38.0%  2434  214s
H  252    86                       0.6090597    0.38197  37.3%  2410  214s
H  257    86                       0.5826638    0.38197  34.4%  2399  214s
   283    96    0.54992    9  218    0.58266    0.38197  34.4%  2347  224s
   329   116    0.55038   10  220    0.58266    0.38197  34.4%  2260  235s
   389   135    0.55316   12  210    0.58266    0.38197  34.4%  2132  244s
*  400   135              17       0.5506369    0.38197  30.6%  2103  244s
*  436   135              17       0.5493600    0.38197  30.5%  2068  244s
   437   139     cutoff   13         0.54936    0.38197  30.5%  2064  251s
   509   157    0.42455   16  143    0.54936    0.38197  30.5%  1948  263s
*  518   157              13       0.4827581    0.38197  20.9%  1918  263s
*  526   157              15       0.4705856    0.38197  18.8%  1921  263s
   591    93     cutoff   19         0.47059    0.38197  18.8%  1864  276s
   678    65     cutoff   17         0.47059    0.38437  18.3%  1803  294s
   763    37     cutoff   17         0.47059    0.38760  17.6%  1775  299s
   831    50    0.46918   19  128    0.47059    0.39480  16.1%  1701  302s
   890    11 infeasible   20         0.47059    0.44901  4.59%  1623  305s

Cutting planes:
  Learned: 4
  Gomory: 26
  Cover: 166
  Implied bound: 635
  Clique: 110
  MIR: 316
  StrongCG: 3
  Flow cover: 163
  Zero half: 7
  RLT: 21
  Relax-and-lift: 92
  BQP: 7
  PSD: 3

Explored 985 nodes (1549609 simplex iterations) in 309.12 seconds (608.51 work units)
Thread count was 32 (of 128 available processors)

Solution count 10: 0.470586 0.482758 0.54936 ... 1.01274

Optimal solution found (tolerance 5.00e-03)
Best objective 4.705856250005e-01, best bound 4.705856250005e-01, gap 0.0000%


*********************************************
*********************************************


Set parameter LogFile to value "/work/07346/ashukla/ls6/Norta_Results/norta_sm_16_19/80M"
Gurobi Optimizer version 10.0.2 build v10.0.2rc0 (linux64)

CPU model: AMD EPYC 7763 64-Core Processor, instruction set [SSE2|AVX|AVX2]
Thread count: 128 physical cores, 128 logical processors, using up to 32 threads

Optimize a model with 211643 rows, 77908 columns and 589640 nonzeros
Model fingerprint: 0x25decf12
Variable types: 55968 continuous, 21940 integer (21578 binary)
Coefficient statistics:
  Matrix range     [1e-03, 1e+05]
  Objective range  [6e-02, 6e-02]
  Bounds range     [1e+00, 3e+00]
  RHS range        [1e-02, 8e+07]

MIP start from previous solve produced solution with objective 0.470586 (0.76s)
Loaded MIP start from previous solve with objective 0.470586

Presolve removed 180926 rows and 51470 columns
Presolve time: 2.04s
Presolved: 30717 rows, 26438 columns, 114676 nonzeros
Variable types: 22953 continuous, 3485 integer (3429 binary)
Root barrier log...

Ordering time: 0.25s

Barrier statistics:
 Dense cols : 41
 AA' NZ     : 3.022e+05
 Factor NZ  : 2.409e+06 (roughly 40 MB of memory)
 Factor Ops : 9.065e+08 (less than 1 second per iteration)
 Threads    : 32

                  Objective                Residual
Iter       Primal          Dual         Primal    Dual     Compl     Time
   0  -7.41012086e+04 -2.39603056e+05  3.76e+02 1.68e-01  7.96e+01     3s
   1  -2.87911692e+04 -2.13181007e+05  1.47e+02 4.02e-01  3.24e+01     3s
   2  -4.50926261e+03 -1.42880049e+05  2.40e+01 1.09e-13  6.49e+00     3s
   3  -2.04458724e+02 -9.99809433e+04  2.07e+00 6.05e-14  2.03e+00     3s
   4  -4.21255101e+01 -4.97191812e+04  1.22e+00 3.96e-14  9.79e-01     3s
   5   5.22748210e+01 -2.05465072e+04  6.73e-01 1.58e-14  3.97e-01     3s
   6   1.21903536e+02 -2.48749482e+03  1.20e-01 1.78e-15  4.80e-02     3s
   7   7.95930504e+01 -8.66630612e+02  3.16e-02 8.88e-16  1.68e-02     3s
   8   3.36948750e+01 -3.50339008e+02  6.06e-03 5.55e-16  6.67e-03     3s
   9   1.32715040e+01 -4.43132975e+01  1.25e-03 8.88e-16  1.00e-03     3s
  10   3.14489368e+00 -1.57547407e+01  2.18e-04 4.44e-16  3.27e-04     3s
  11   5.19146879e-01 -5.17429972e+00  2.18e-05 4.44e-16  9.81e-05     3s
  12   1.68455701e-01 -2.10198197e+00  6.27e-06 4.44e-16  3.91e-05     3s
  13   4.15187065e-02 -4.06011792e-01  1.20e-06 4.44e-16  7.71e-06     3s
  14   7.20169772e-03 -2.48108451e-02  1.82e-07 8.88e-16  5.52e-07     4s
  15   1.03050988e-03 -3.56763276e-03  2.56e-08 4.44e-16  7.93e-08     4s
  16   2.47785995e-05 -2.88095326e-05  5.38e-10 4.44e-16  9.26e-10     4s
  17   5.55189672e-10 -4.97209385e-10  9.89e-12 1.50e-15  1.82e-14     4s

Barrier solved model in 17 iterations and 3.56 seconds (3.28 work units)
Optimal objective 5.55189672e-10


Root relaxation: objective 1.023182e-12, 2618 iterations, 1.21 seconds (1.02 work units)
Total elapsed time = 9.16s

    Nodes    |    Current Node    |     Objective Bounds      |     Work
 Expl Unexpl |  Obj  Depth IntInf | Incumbent    BestBd   Gap | It/Node Time

     0     0    0.00000    0   16    0.47059    0.00000   100%     -    9s
     0     0    0.00000    0   79    0.47059    0.00000   100%     -   17s
     0     0    0.00000    0   75    0.47059    0.00000   100%     -   20s
     0     0    0.00000    0   14    0.47059    0.00000   100%     -   25s
     0     0    0.00000    0   11    0.47059    0.00000   100%     -   27s
     0     0    0.00000    0    7    0.47059    0.00000   100%     -   28s
     0     0    0.00000    0    9    0.47059    0.00000   100%     -   29s
     0     0    0.00000    0    8    0.47059    0.00000   100%     -   29s
     0     0    0.00000    0    8    0.47059    0.00000   100%     -   30s
     0     0    0.00000    0    8    0.47059    0.00000   100%     -   30s
     0     0    0.00000    0    8    0.47059    0.00000   100%     -   30s
     0     0    0.00000    0    8    0.47059    0.00000   100%     -   30s
     0     0    0.00000    0    8    0.47059    0.00000   100%     -   31s
     0     0    0.00000    0    8    0.47059    0.00000   100%     -   31s
     0     2    0.00000    0    8    0.47059    0.00000   100%     -   32s
     1     4    0.00002    1   70    0.47059    0.00000   100%  9783   41s
     3     8    0.00264    2   85    0.47059    0.00000   100%  4936   46s
     7    16    0.27356    3  129    0.47059    0.00000   100%  4630   56s
    15    26     cutoff    4         0.47059    0.00000   100%  4399   65s
H   16    26                       0.2870515    0.00000   100%  4124   65s
H   17    26                       0.0000000    0.00000  0.00%  3997   65s

Cutting planes:
  Cover: 37
  Implied bound: 624
  Clique: 1
  MIR: 96
  Flow cover: 7
  RLT: 5
  Relax-and-lift: 7

Explored 31 nodes (144466 simplex iterations) in 65.75 seconds (146.87 work units)
Thread count was 32 (of 128 available processors)

Solution count 3: 5.68434e-13 0.287052 0.470586 

Optimal solution found (tolerance 5.00e-03)
Best objective 5.684341886081e-13, best bound 5.684341886081e-13, gap 0.0000%


*********************************************
*********************************************


