Set parameter TokenServer to value "license02.tacc.utexas.edu"
Set parameter LogFile to value "/work/07346/ashukla/ls6/Norta_Results/norta_sm_16_26/0M"
Set parameter MIPGap to value 0.005
Set parameter TimeLimit to value 32400
Set parameter Method to value 2
Gurobi Optimizer version 10.0.2 build v10.0.2rc0 (linux64)

CPU model: AMD EPYC 7763 64-Core Processor, instruction set [SSE2|AVX|AVX2]
Thread count: 128 physical cores, 128 logical processors, using up to 32 threads

Optimize a model with 211675 rows, 77908 columns and 589736 nonzeros
Model fingerprint: 0x2723deb5
Variable types: 55968 continuous, 21940 integer (21578 binary)
Coefficient statistics:
  Matrix range     [1e-03, 1e+05]
  Objective range  [6e-02, 6e-02]
  Bounds range     [1e+00, 3e+00]
  RHS range        [1e-02, 2e+04]
Presolve removed 210843 rows and 76777 columns
Presolve time: 1.51s
Presolved: 832 rows, 1131 columns, 3846 nonzeros
Variable types: 992 continuous, 139 integer (139 binary)
Found heuristic solution: objective 69.7113116
Root barrier log...

Ordering time: 0.00s

Barrier statistics:
 AA' NZ     : 4.517e+03
 Factor NZ  : 1.916e+04 (roughly 1 MB of memory)
 Factor Ops : 8.412e+05 (less than 1 second per iteration)
 Threads    : 1

                  Objective                Residual
Iter       Primal          Dual         Primal    Dual     Compl     Time
   0  -6.55746952e+02 -6.95510276e+03  6.35e+01 1.68e-01  1.63e+01     2s
   1   1.76393087e+01 -2.23882158e+03  3.75e+00 8.88e-16  1.76e+00     2s
   2   5.66177389e+01 -2.17720549e+02  2.13e-01 1.33e-15  1.56e-01     2s
   3   5.52728212e+01  1.55423427e+01  8.68e-03 8.88e-16  2.08e-02     2s
   4   5.07990878e+01  4.18873796e+01  1.12e-04 4.16e-16  4.62e-03     2s
   5   4.92580660e+01  4.70485534e+01  3.56e-05 2.22e-16  1.15e-03     2s
   6   4.87353128e+01  4.76711203e+01  1.57e-05 2.22e-16  5.52e-04     2s
   7   4.85257552e+01  4.79055883e+01  6.84e-06 2.22e-16  3.22e-04     2s
   8   4.84706487e+01  4.80753254e+01  4.14e-06 2.22e-16  2.05e-04     2s
   9   4.84314595e+01  4.81414665e+01  2.61e-06 1.11e-16  1.50e-04     2s
  10   4.83832047e+01  4.83020233e+01  8.25e-07 4.44e-16  4.21e-05     2s
  11   4.83779073e+01  4.83220900e+01  6.59e-07 2.22e-16  2.90e-05     2s
  12   4.83638957e+01  4.83420368e+01  1.83e-07 2.22e-16  1.13e-05     2s
  13   4.83587137e+01  4.83549956e+01  5.04e-08 4.44e-16  1.93e-06     2s
  14   4.83570213e+01  4.83559900e+01  5.78e-09 2.22e-16  5.35e-07     2s
  15   4.83567446e+01  4.83567337e+01  1.53e-10 2.22e-16  5.65e-09     2s
  16   4.83567418e+01  4.83567418e+01  2.42e-09 2.22e-16  5.65e-12     2s

Barrier solved model in 16 iterations and 1.62 seconds (1.72 work units)
Optimal objective 4.83567418e+01


Root relaxation: objective 4.835674e+01, 9 iterations, 0.02 seconds (0.02 work units)

    Nodes    |    Current Node    |     Objective Bounds      |     Work
 Expl Unexpl |  Obj  Depth IntInf | Incumbent    BestBd   Gap | It/Node Time

     0     0   48.35674    0    3   69.71131   48.35674  30.6%     -    1s
H    0     0                      48.3730540   48.35674  0.03%     -    1s

Explored 1 nodes (9 simplex iterations) in 1.63 seconds (1.73 work units)
Thread count was 32 (of 128 available processors)

Solution count 2: 48.3731 69.7113 

Optimal solution found (tolerance 5.00e-03)
Best objective 4.837305395283e+01, best bound 4.835674179482e+01, gap 0.0337%


*********************************************
*********************************************


Set parameter LogFile to value "/work/07346/ashukla/ls6/Norta_Results/norta_sm_16_26/20M"
Gurobi Optimizer version 10.0.2 build v10.0.2rc0 (linux64)

CPU model: AMD EPYC 7763 64-Core Processor, instruction set [SSE2|AVX|AVX2]
Thread count: 128 physical cores, 128 logical processors, using up to 32 threads

Optimize a model with 211675 rows, 77908 columns and 589736 nonzeros
Model fingerprint: 0x3d7b0d04
Variable types: 55968 continuous, 21940 integer (21578 binary)
Coefficient statistics:
  Matrix range     [1e-03, 1e+05]
  Objective range  [6e-02, 6e-02]
  Bounds range     [1e+00, 3e+00]
  RHS range        [1e-02, 2e+07]

MIP start from previous solve produced solution with objective 48.3731 (0.61s)
MIP start from previous solve produced solution with objective 48.3731 (0.62s)
Loaded MIP start from previous solve with objective 48.3731

Presolve removed 175789 rows and 50623 columns
Presolve time: 1.85s
Presolved: 35886 rows, 27285 columns, 129413 nonzeros
Variable types: 23641 continuous, 3644 integer (3580 binary)
Root barrier log...

Ordering time: 0.32s

Barrier statistics:
 Dense cols : 64
 AA' NZ     : 4.133e+05
 Factor NZ  : 3.356e+06 (roughly 50 MB of memory)
 Factor Ops : 1.496e+09 (less than 1 second per iteration)
 Threads    : 32

                  Objective                Residual
Iter       Primal          Dual         Primal    Dual     Compl     Time
   0  -9.61356238e+05 -2.87432892e+05  5.23e+04 1.68e-01  1.01e+03     3s
   1  -5.88191770e+05 -3.19534831e+05  3.17e+04 2.51e-01  6.15e+02     3s
   2  -2.32637481e+05 -3.97721209e+05  1.17e+04 2.28e-13  2.60e+02     3s
   3  -2.61052613e+04 -3.17543032e+05  1.37e+03 7.36e-14  3.23e+01     3s
   4  -3.83435764e+03 -1.73329431e+05  2.01e+02 4.89e-14  6.38e+00     3s
   5  -1.56185910e+03 -9.30284784e+04  7.62e+01 2.97e-14  2.73e+00     3s
   6  -6.07845101e+02 -5.42510775e+04  3.67e+01 9.49e-15  1.30e+00     3s
   7  -3.14156223e+02 -3.67425742e+04  2.29e+01 6.22e-15  8.05e-01     3s
   8   6.81476112e+01 -7.26276521e+03  3.93e+00 3.66e-15  1.40e-01     3s
   9   1.14741259e+02 -7.87482818e+02  3.09e-02 3.99e-15  1.44e-02     3s
  10   5.10382076e+01 -1.56473203e+02  2.74e-03 1.22e-14  3.21e-03     3s
  11   3.39857763e+01 -7.81561148e+01  1.37e-03 6.66e-15  1.73e-03     3s
  12   2.86720837e+01 -3.67217898e+01  9.89e-04 3.55e-15  1.01e-03     3s
  13   2.32172384e+01 -1.70793584e+01  6.62e-04 2.22e-15  6.22e-04     3s
  14   1.99177890e+01 -7.48492620e+00  4.79e-04 1.11e-15  4.23e-04     3s
  15   1.76276795e+01 -1.37109596e+00  3.51e-04 8.88e-16  2.93e-04     3s
  16   1.49328603e+01  1.71082684e+00  2.01e-04 6.66e-16  2.04e-04     3s
  17   1.25332533e+01  5.13930405e+00  6.88e-05 6.66e-16  1.14e-04     3s
  18   1.18853919e+01  7.07347765e+00  3.84e-05 4.44e-16  7.40e-05     3s
  19   1.15650580e+01  8.19394779e+00  2.43e-05 1.82e-15  5.18e-05     3s
  20   1.13584715e+01  9.06240247e+00  1.57e-05 7.41e-16  3.53e-05     3s
  21   1.12055172e+01  9.77994853e+00  9.74e-06 4.84e-16  2.19e-05     3s
  22   1.10901492e+01  1.01191337e+01  5.33e-06 5.36e-16  1.49e-05     3s
  23   1.10300121e+01  1.03863112e+01  3.09e-06 9.21e-16  9.89e-06     3s
  24   1.10009139e+01  1.06625882e+01  2.06e-06 2.60e-15  5.20e-06     3s
  25   1.09720330e+01  1.07873219e+01  1.11e-06 7.80e-16  2.84e-06     3s
  26   1.09595370e+01  1.08760872e+01  6.95e-07 1.28e-15  1.28e-06     4s
  27   1.09505963e+01  1.09002665e+01  4.29e-07 4.44e-16  7.74e-07     4s
  28   1.09470005e+01  1.09180809e+01  3.23e-07 4.44e-16  4.45e-07     4s
  29   1.09448136e+01  1.09203526e+01  2.58e-07 2.22e-16  3.77e-07     4s
  30   1.09412706e+01  1.09255652e+01  1.55e-07 7.09e-16  2.42e-07     4s
  31   1.09391749e+01  1.09303874e+01  9.11e-08 4.44e-16  1.35e-07     4s
  32   1.09382241e+01  1.09324912e+01  6.32e-08 1.09e-15  8.83e-08     4s
  33   1.09369023e+01  1.09344860e+01  2.41e-08 4.44e-16  3.72e-08     4s
  34   1.09368566e+01  1.09346428e+01  2.30e-08 1.15e-15  3.41e-08     4s
  35   1.09364135e+01  1.09354096e+01  1.05e-08 1.56e-14  1.55e-08     4s
  36   1.09364046e+01  1.09356750e+01  1.02e-08 8.89e-15  1.12e-08     4s
  37   1.09362136e+01  1.09358859e+01  5.02e-09 4.29e-15  5.05e-09     4s
  38   1.09360576e+01  1.09359790e+01  1.06e-09 1.78e-14  1.21e-09     4s
  39   1.09360537e+01  1.09360006e+01  9.37e-10 8.75e-15  8.19e-10     4s
  40   1.09360311e+01  1.09360108e+01  4.12e-10 1.13e-14  3.12e-10     4s
  41   1.09360247e+01  1.09360231e+01  3.07e-10 8.82e-15  2.50e-11     4s

Barrier solved model in 41 iterations and 3.81 seconds (3.78 work units)
Optimal objective 1.09360247e+01


Root relaxation: objective 1.093602e+01, 4712 iterations, 2.25 seconds (2.90 work units)
Total elapsed time = 7.66s

    Nodes    |    Current Node    |     Objective Bounds      |     Work
 Expl Unexpl |  Obj  Depth IntInf | Incumbent    BestBd   Gap | It/Node Time

     0     0   10.93602    0  632   48.37305   10.93602  77.4%     -    8s
H    0     0                      25.7776037   10.93602  57.6%     -   10s
H    0     0                      25.7776036   10.93602  57.6%     -   10s
     0     0   11.94385    0  704   25.77760   11.94385  53.7%     -   24s
H    0     0                      17.7660107   11.94385  32.8%     -   26s
H    0     0                      17.5469789   11.96327  31.8%     -   28s
H    0     0                      17.5438164   11.96327  31.8%     -   28s
     0     0   11.96327    0  705   17.54382   11.96327  31.8%     -   28s
     0     0   11.96327    0  706   17.54382   11.96327  31.8%     -   28s
     0     0   12.04870    0  617   17.54382   12.04870  31.3%     -   31s
     0     0   12.06371    0  628   17.54382   12.06371  31.2%     -   34s
     0     0   12.06553    0  533   17.54382   12.06553  31.2%     -   34s
     0     0   12.06596    0  531   17.54382   12.06596  31.2%     -   35s
     0     0   12.06596    0  531   17.54382   12.06596  31.2%     -   35s
     0     0   12.10475    0  694   17.54382   12.10475  31.0%     -   39s
H    0     0                      17.0458967   12.10475  29.0%     -   44s
     0     0   12.10837    0  627   17.04590   12.10837  29.0%     -   44s
     0     0   12.10919    0  625   17.04590   12.10919  29.0%     -   45s
     0     0   12.10919    0  625   17.04590   12.10919  29.0%     -   45s
     0     0   12.11284    0  642   17.04590   12.11284  28.9%     -   48s
     0     0   12.11288    0  641   17.04590   12.11288  28.9%     -   49s
     0     0   12.11377    0  639   17.04590   12.11377  28.9%     -   50s
H    0     0                      17.0433929   12.11377  28.9%     -   54s
     0     0   12.11378    0  639   17.04339   12.11378  28.9%     -   55s
     0     0   12.11442    0  639   17.04339   12.11442  28.9%     -   55s
     0     0   12.11454    0  647   17.04339   12.11454  28.9%     -   56s
     0     0   12.11454    0  647   17.04339   12.11454  28.9%     -   57s
     0     0   12.11454    0  615   17.04339   12.11454  28.9%     -   60s
     0     2   12.11454    0  615   17.04339   12.11454  28.9%     -   66s
     3     8   12.58767    2  668   17.04339   12.25264  28.1%  3671   77s
     7    16   12.64649    3  657   17.04339   12.26054  28.1%  2935   84s
    15    32   13.10076    4  659   17.04339   12.30919  27.8%  3545   93s
    31    64   13.26727    5  812   17.04339   12.31345  27.8%  4089  105s
H   39    64                      15.8111068   12.31345  22.1%  4582  105s
    63    96   13.30857    6  819   15.81111   12.35437  21.9%  4580  145s
H   95   128                      15.8111068   12.35437  21.9%  4510  155s
H   97   128                      15.8111067   12.35437  21.9%  4424  155s
H  101   128                      15.7882571   12.35437  21.7%  4434  155s
H  108   128                      15.7837358   12.35437  21.7%  4211  155s
   127   160   13.62272    8  504   15.78374   12.35437  21.7%  3760  166s
   159   192   13.37648    8  725   15.78374   12.35437  21.7%  3401  181s
H  161   192                      15.7772583   12.35437  21.7%  3387  181s
H  168   192                      15.6830934   12.35437  21.2%  3293  181s
   191   226   13.38154    9  793   15.68309   12.35437  21.2%  3088  193s
   225   272   13.60744   10  652   15.68309   12.35437  21.2%  2893  204s
   271   318   13.46872   10  803   15.68309   12.35437  21.2%  2711  214s
   317   365   13.50501   11  721   15.68309   12.35437  21.2%  2626  220s
   364   435   13.65605   12  673   15.68309   12.35437  21.2%  2500  238s
   434   491   13.73613   12  707   15.68309   12.35437  21.2%  2273  246s
   490   559   13.70043   13  564   15.68309   12.35437  21.2%  2184  255s
   558   631   13.79510   13  618   15.68309   12.35437  21.2%  2071  265s
   630   703   13.70645   14  572   15.68309   12.35437  21.2%  1967  275s
   706   774   13.81159   16  573   15.68309   12.35437  21.2%  1882  286s
   787   867   14.06613   16  567   15.68309   12.35437  21.2%  1825  299s
   889   945   13.83190   17  586   15.68309   12.35437  21.2%  1719  308s
   983  1035   13.87801   17  458   15.68309   12.35437  21.2%  1666  314s
  1107  1119   13.98982   18  495   15.68309   12.35437  21.2%  1567  327s
H 1110  1119                      15.2837815   12.35437  19.2%  1565  327s
  1203  1174   14.06448   19  566   15.28378   12.35437  19.2%  1513  336s
  1313  1246   14.14110   20  401   15.28378   12.35437  19.2%  1490  342s
  1406  1326   14.21375   21  377   15.28378   12.35437  19.2%  1479  350s
  1505  1413   14.25651   22  373   15.28378   12.35437  19.2%  1463  357s
  1594  1508   14.34866   23  365   15.28378   12.35437  19.2%  1470  365s
  1697  1596   14.48412   26  345   15.28378   12.35437  19.2%  1455  377s
  1796  1700   14.47071   27  331   15.28378   12.35437  19.2%  1467  387s
H 1923  1726                      14.7948590   12.35437  16.5%  1448  525s
H 1924  1726                      14.6965656   12.35437  15.9%  1448  525s
H 1925  1726                      14.4092660   12.35437  14.3%  1447  525s
H 1937  1726                      14.2201219   12.35437  13.1%  1453  525s
  1958  1713     cutoff   31        14.22012   12.36637  13.0%  1465  603s
H 1991  1713                      14.2201219   12.36637  13.0%  1473  603s
  2031  1787   13.19710    7  330   14.22012   12.36637  13.0%  1478  620s
  2153  1838   13.81423   12  219   14.22012   12.36637  13.0%  1497  629s
  2294  1834   14.06995   16  181   14.22012   12.36637  13.0%  1492  640s
  2452  1814     cutoff   19        14.22012   12.36637  13.0%  1489  654s
  2599  1835     cutoff   18        14.22012   12.41761  12.7%  1492  667s
  2745  1882   12.77622    9  159   14.22012   12.41761  12.7%  1503  685s
  2917  1620   13.65532   27  615   14.22012   12.41761  12.7%  1501 1033s
  2919  1621   13.44783   17  626   14.22012   12.41761  12.7%  1500 1045s
  2920  1622   13.16579   15  640   14.22012   12.41761  12.7%  1499 1072s
  2921  1623   13.00536    9  633   14.22012   12.41761  12.7%  1498 1077s
  2923  1624   13.30425   14  536   14.22012   12.41761  12.7%  1497 1081s
  2924  1625   14.06907   40  628   14.22012   12.41761  12.7%  1497 1095s
  2926  1626   14.03463   46  531   14.22012   12.41761  12.7%  1496 1108s
  2927  1627   13.51390   25  518   14.22012   12.41761  12.7%  1495 1110s
  2928  1627   13.24779   20  503   14.22012   12.41761  12.7%  1495 1117s
  2930  1629   14.00588   34  515   14.22012   12.41761  12.7%  1494 1128s
  2932  1630   13.99409   35  516   14.22012   12.41761  12.7%  1493 1133s
  2933  1631   13.99013   36  510   14.22012   12.41761  12.7%  1492 1140s
  2935  1635   12.72460   11  547   14.22012   12.41761  12.7%  20.9 1154s
  2937  1638   12.72934   12  528   14.22012   12.41761  12.7%  21.9 1160s
  2941  1645   12.87532   13  628   14.22012   12.41761  12.7%  26.5 1171s
  2949  1658   13.47759   14  625   14.22012   12.41761  12.7%  38.4 1184s
  2965  1685   13.96854   15  857   14.22012   12.41761  12.7%  61.6 1199s
  2997  1706   14.08724   16  813   14.22012   12.41761  12.7%   125 1215s
  3029  1726     cutoff   16        14.22012   12.41761  12.7%   150 1223s
  3061  1746   14.11964   17  727   14.22012   12.41761  12.7%   176 1231s
  3093  1760     cutoff   17        14.22012   12.41761  12.7%   202 1239s
  3125  1783   14.12342   18  725   14.22012   12.41761  12.7%   226 1252s
H 3128  1700                      14.2201216   12.41761  12.7%   227 1252s
H 3155  1613                      14.2201213   12.41761  12.7%   249 1252s
  3160  1636     cutoff   19        14.22012   12.41761  12.7%   255 1261s
  3193  1650     cutoff   20        14.22012   12.41761  12.7%   279 1360s
H 3194  1576                      14.2201194   12.41761  12.7%   279 1360s
H 3195  1505                      14.0957729   12.41761  11.9%   280 1360s
H 3198  1437                      13.9995072   12.41761  11.3%   282 1360s
H 3206  1372                      13.9636841   12.41761  11.1%   288 1360s
H 3220  1307                      13.9635979   12.41761  11.1%   298 1360s
  3225  1300     cutoff   20        13.96360   12.46221  10.8%   301 1370s
  3268  1308   12.87342   18  510   13.96360   12.46221  10.8%   324 1380s
  3324  1306   12.80670   18  188   13.96360   12.46221  10.8%   352 1511s
H 3347  1242                      13.9635978   12.46221  10.8%   365 1511s
  3358  1287   12.93080   19  183   13.96360   12.46221  10.8%   372 1519s
  3426  1294   12.94391   20  184   13.96360   12.46221  10.8%   397 1527s
  3492  1308   13.01880   22  250   13.96360   12.46221  10.8%   428 1536s
  3568  1324   13.06333   21  243   13.96360   12.46221  10.8%   454 1548s
  3650  1335   13.10411   22  241   13.96360   12.46221  10.8%   487 1560s
  3732  1347   13.03469   25  235   13.96360   12.46221  10.8%   517 1571s
  3816  1369   13.24489   28  183   13.96360   12.46221  10.8%   542 1579s
  3903  1407   13.39933   31  165   13.96360   12.46221  10.8%   567 1588s
  4013  1418   13.43197   32  280   13.96360   12.46221  10.8%   584 1599s
  4109  1425   13.44903   33  242   13.96360   12.46221  10.8%   609 1610s
  4211  1440   13.60048   33  211   13.96360   12.46221  10.8%   631 1619s
  4312  1467   13.68028   37  251   13.96360   12.46221  10.8%   653 1630s
  4409  1457     cutoff   37        13.96360   12.46221  10.8%   675 1676s
H 4438  1392                      13.9635978   12.46221  10.8%   679 1676s
  4447  1468   13.75103   40  251   13.96360   12.46221  10.8%   681 1688s
  4562  1509   13.85176   42  240   13.96360   12.46221  10.8%   699 1698s
  4682  1560     cutoff   45        13.96360   12.53791  10.2%   709 1709s
  4835  1575   13.28240   18  576   13.96360   12.53791  10.2%   719 1721s
  4985  1563   13.52578   20  388   13.96360   12.53791  10.2%   737 1738s
  5101  1588   13.58630   21  396   13.96360   12.53791  10.2%   756 1750s
  5244  1613     cutoff   24        13.96360   12.53791  10.2%   778 1762s
  5384  1660   13.90986   25  380   13.96360   12.53791  10.2%   794 1777s
  5565  1619   13.51314   29  257   13.96360   12.53791  10.2%   813 1815s
  5606  1741   13.55756   30  230   13.96360   12.53791  10.2%   819 1830s
  5819  1766   13.74926   37  208   13.96360   12.53791  10.2%   830 1857s
  6055  1795   13.76299   23  199   13.96360   12.53791  10.2%   851 1871s
  6247  1882     cutoff   29        13.96360   12.61242  9.68%   871 1888s
  6459  1964   13.35048   22  412   13.96360   12.70738  9.00%   893 1906s
  6678  2050   13.94617   26  231   13.96360   12.70738  9.00%   917 1924s
  6886  2121     cutoff   27        13.96360   12.70738  9.00%   944 1941s
  7107  2278   13.38222   24  381   13.96360   12.70738  9.00%   967 1958s
  7423  2400   13.61542   31  180   13.96360   12.70738  9.00%   981 1980s
  7697  2539     cutoff   42        13.96360   12.85185  7.96%  1004 2000s
  8053  2674   12.93731   22  274   13.96360   12.91846  7.48%  1018 2019s
  8387  2804   13.35190   31  158   13.96360   12.91846  7.48%  1029 2041s
  8742  2956     cutoff   44        13.96360   12.93731  7.35%  1042 2063s
  9063  3064   13.63090   25  151   13.96360   13.03952  6.62%  1055 2086s
  9377  3214   13.45364   23  313   13.96360   13.09537  6.22%  1077 2107s
  9716  3422   13.85331   29  461   13.96360   13.12837  5.98%  1100 2129s
 10111  3643   13.37375   25  342   13.96360   13.15327  5.80%  1118 2183s
 10567  3816   13.93804   41  127   13.96360   13.16803  5.70%  1131 2208s
 10997  4026     cutoff   33        13.96360   13.17205  5.67%  1144 2233s
 11400  4233   13.81069   41  156   13.96360   13.19133  5.53%  1149 2268s
 11898  4368   13.66410   29  200   13.96360   13.20655  5.42%  1158 2303s
 12327  4504   13.48911   24  357   13.96360   13.20916  5.40%  1175 2330s
 12767  4669   13.61865   30  414   13.96360   13.22148  5.31%  1188 2361s
 13288  4817   13.61856   28  177   13.96360   13.24154  5.17%  1204 2404s
 13795  5010   13.62870   29  282   13.96360   13.25430  5.08%  1225 2436s
 14309  5189   13.89020   34  278   13.96360   13.25744  5.06%  1236 2482s
 14919  5376   13.91304   44  183   13.96360   13.26427  5.01%  1246 2527s
 15478  5671   13.53415   26  632   13.96360   13.28486  4.86%  1259 2558s
 16166  5881   13.90418   31  299   13.96360   13.29146  4.81%  1260 2591s
 16796  6015     cutoff   21        13.96360   13.30575  4.71%  1271 2630s
 17439  6035   13.79114   40  140   13.96360   13.30575  4.71%  1284 2738s
 17482  6218   13.84978   41  209   13.96360   13.30757  4.70%  1286 2866s
 18174  6548   13.88886   40   86   13.96360   13.32211  4.59%  1303 2906s
 19013  6799     cutoff   26        13.96360   13.33858  4.48%  1304 2973s
 19747  7092   13.83014   42  277   13.96360   13.34547  4.43%  1312 3023s
 20608  7366   13.89757   23  378   13.96360   13.36013  4.32%  1315 3160s
 21469  7542   13.57230   26  287   13.96360   13.36874  4.26%  1322 3210s
 22293  7681     cutoff   28        13.96360   13.37872  4.19%  1338 3260s
 23141  7904   13.75044   41  238   13.96360   13.38792  4.12%  1351 3310s
 24069  8174   13.93128   37  242   13.96360   13.39654  4.06%  1362 3359s
 25023  8398   13.79902   24  277   13.96360   13.40384  4.01%  1370 3409s
 25959  8620     cutoff   22        13.96360   13.41499  3.93%  1379 3463s
 27033  8828   13.78879   34  202   13.96360   13.42370  3.87%  1390 3516s
 28028  8998     cutoff   33        13.96360   13.43275  3.80%  1402 3595s
 28997  9255     cutoff   31        13.96360   13.44229  3.73%  1416 3668s
 30391  9454     cutoff   30        13.96360   13.45289  3.66%  1423 3742s
 31626  9772     cutoff   22        13.96360   13.46223  3.59%  1427 3813s
 32872  9962   13.61862   34  142   13.96360   13.47230  3.52%  1430 3883s
 33997 10167   13.71163   37  189   13.96360   13.47932  3.47%  1435 3951s
 35260 10357   13.75042   30  381   13.96360   13.48800  3.41%  1442 4028s
 36536 10461     cutoff   30        13.96360   13.49612  3.35%  1447 4144s
 37810 10682   13.77293   31  363   13.96360   13.50869  3.26%  1456 4225s
 39210 10819   13.84546   23  277   13.96360   13.51742  3.20%  1463 4300s
 40666 11035   13.87043   31  206   13.96360   13.52845  3.12%  1469 4380s
 42257 11177     cutoff   35        13.96360   13.53885  3.04%  1473 4466s
 43867 11291     cutoff   26        13.96360   13.54679  2.98%  1480 4548s
 45473 11389   13.90095   28  185   13.96360   13.56091  2.88%  1484 4686s
 47161 11569   13.89975   24  483   13.96360   13.56878  2.83%  1494 4814s
 49051 11612     cutoff   38        13.96360   13.58114  2.74%  1500 4922s
 50819 11724   13.84106   36  185   13.96360   13.59555  2.64%  1510 5139s
 52809 11869     cutoff   32        13.96360   13.60168  2.59%  1516 5244s
 54900 11923   13.89917   35  238   13.96360   13.62040  2.46%  1516 5364s
 55077 11923   13.90220   49   60   13.96360   13.62087  2.45%  1516 5365s
 57055 11846     cutoff   43        13.96360   13.63281  2.37%  1521 5479s
 59250 11653     cutoff   33        13.96360   13.64550  2.28%  1528 5592s
 61426 11454   13.82457   24  358   13.96360   13.65897  2.18%  1536 5720s
 63708 11240   13.85219   27  319   13.96360   13.67310  2.08%  1545 5876s
 66239 10930     cutoff   31        13.96360   13.68635  1.99%  1550 6053s
 68831 10530   13.95039   32  100   13.96360   13.69900  1.89%  1556 6189s
 71505 10011   13.94491   34  170   13.96360   13.71322  1.79%  1563 6342s
 74282  9398     cutoff   32        13.96360   13.73210  1.66%  1569 6495s
 77110  8695     cutoff   27        13.96360   13.74567  1.56%  1578 6674s
 80075  7732     cutoff   32        13.96360   13.76496  1.42%  1586 6841s
 83041  6681     cutoff   35        13.96360   13.78330  1.29%  1596 7028s
*83438  6604              97      13.9529776   13.78400  1.21%  1596 7028s
 86066  5649     cutoff   27        13.95298   13.80173  1.08%  1607 7254s
H86069  5489                      13.9395815   13.80173  0.99%  1607 7254s
H86137  4913                      13.9100268   13.80206  0.78%  1607 7254s
H86576  4905                      13.9096965   13.80321  0.77%  1610 7254s
H87732  4905                      13.9096962   13.80454  0.76%  1616 7254s
 87877  3897   13.90951   27  162   13.90970   13.81249  0.70%  1616 7616s
H87919  3897                      13.9096959   13.81325  0.69%  1617 7616s
H88424  3897                      13.9096959   13.81509  0.68%  1619 7616s
 89194  2092     cutoff   31        13.90970   13.81696  0.67%  1622 7753s

Cutting planes:
  Learned: 12
  Gomory: 41
  Cover: 109
  Implied bound: 1047
  Projected implied bound: 53
  Clique: 34
  MIR: 1170
  StrongCG: 15
  Flow cover: 2694
  Inf proof: 3
  Zero half: 12
  RLT: 119
  Relax-and-lift: 116
  BQP: 18
  PSD: 7

Explored 91381 nodes (153647109 simplex iterations) in 7756.82 seconds (19624.22 work units)
Thread count was 32 (of 128 available processors)

Solution count 10: 13.9097 13.9097 13.9097 ... 13.9637

Optimal solution found (tolerance 5.00e-03)
Best objective 1.390969590338e+01, best bound 1.386415354741e+01, gap 0.3274%


*********************************************
*********************************************


Set parameter LogFile to value "/work/07346/ashukla/ls6/Norta_Results/norta_sm_16_26/40M"
Gurobi Optimizer version 10.0.2 build v10.0.2rc0 (linux64)

CPU model: AMD EPYC 7763 64-Core Processor, instruction set [SSE2|AVX|AVX2]
Thread count: 128 physical cores, 128 logical processors, using up to 32 threads

Optimize a model with 211675 rows, 77908 columns and 589736 nonzeros
Model fingerprint: 0x54db314e
Variable types: 55968 continuous, 21940 integer (21578 binary)
Coefficient statistics:
  Matrix range     [1e-03, 1e+05]
  Objective range  [6e-02, 6e-02]
  Bounds range     [1e+00, 3e+00]
  RHS range        [1e-02, 4e+07]

MIP start from previous solve produced solution with objective 13.9097 (0.70s)
MIP start from previous solve produced solution with objective 13.9097 (0.70s)
Loaded MIP start from previous solve with objective 13.9097

Presolve removed 175789 rows and 50623 columns
Presolve time: 1.83s
Presolved: 35886 rows, 27285 columns, 129413 nonzeros
Variable types: 23641 continuous, 3644 integer (3580 binary)
Root barrier log...

Ordering time: 0.32s

Barrier statistics:
 Dense cols : 64
 AA' NZ     : 4.133e+05
 Factor NZ  : 3.356e+06 (roughly 50 MB of memory)
 Factor Ops : 1.496e+09 (less than 1 second per iteration)
 Threads    : 32

                  Objective                Residual
Iter       Primal          Dual         Primal    Dual     Compl     Time
   0  -7.19725078e+05 -2.87433148e+05  3.90e+04 1.68e-01  7.61e+02     3s
   1  -4.29944535e+05 -3.15143906e+05  2.30e+04 3.45e-01  4.50e+02     3s
   2  -1.68588082e+05 -3.86741826e+05  5.72e+03 2.61e-13  1.89e+02     3s
   3  -2.51960687e+04 -2.94105912e+05  1.34e+02 2.88e-13  3.06e+01     3s
   4  -3.77462881e+03 -1.44962439e+05  2.11e+01 4.67e-14  5.75e+00     3s
   5  -2.56514565e+02 -8.80491088e+04  2.50e+00 2.66e-14  1.69e+00     3s
   6   1.28817221e+02 -3.04637003e+04  2.07e+00 7.94e-15  4.96e-01     3s
   7   1.59497946e+02 -4.11407903e+03  7.78e-03 2.22e-15  6.57e-02     3s
   8   8.73058321e+01 -9.31864082e+02  2.63e-04 6.66e-16  1.56e-02     3s
   9   2.99052870e+01 -1.58522854e+02  5.35e-06 4.44e-16  2.89e-03     3s
  10   1.25501513e+01 -4.76095679e+01  8.13e-07 5.55e-16  9.22e-04     3s
  11   8.18867336e+00 -1.57061401e+01  3.32e-07 4.44e-16  3.66e-04     3s
  12   6.81677832e+00 -5.88654477e+00  2.24e-07 4.44e-16  1.95e-04     3s
  13   5.91499565e+00 -2.13207707e+00  1.60e-07 4.44e-16  1.23e-04     3s
  14   5.09216367e+00 -7.92657928e-01  1.05e-07 4.44e-16  9.02e-05     3s
  15   4.77932096e+00 -1.79103025e-01  8.42e-08 4.44e-16  7.60e-05     3s
  16   4.35718200e+00  1.53747225e+00  5.67e-08 4.44e-16  4.32e-05     3s
  17   3.83868280e+00  2.39854256e+00  2.22e-08 4.44e-16  2.21e-05     3s
  18   3.73754265e+00  2.92381541e+00  1.61e-08 4.44e-16  1.25e-05     4s
  19   3.66885371e+00  3.03612822e+00  1.18e-08 2.22e-16  9.70e-06     4s
  20   3.63014626e+00  3.20458602e+00  9.37e-09 4.44e-16  6.52e-06     4s
  21   3.56383195e+00  3.30578164e+00  5.24e-09 4.44e-16  3.96e-06     4s
  22   3.51750191e+00  3.40497116e+00  2.28e-09 4.44e-16  1.73e-06     4s
  23   3.50504737e+00  3.42992140e+00  1.54e-09 2.22e-16  1.15e-06     4s
  24   3.49256094e+00  3.45558061e+00  8.12e-10 4.44e-16  5.67e-07     4s
  25   3.48366824e+00  3.46458922e+00  3.05e-10 4.44e-16  2.93e-07     4s
  26   3.48143321e+00  3.46965591e+00  1.83e-10 7.27e-16  1.81e-07     4s
  27   3.48096268e+00  3.47191644e+00  1.55e-10 4.44e-16  1.39e-07     4s
  28   3.48058031e+00  3.47371416e+00  1.74e-10 4.44e-16  1.05e-07     4s
  29   3.47978385e+00  3.47443541e+00  3.22e-10 4.44e-16  8.20e-08     4s
  30   3.47921531e+00  3.47683822e+00  4.36e-10 4.44e-16  3.64e-08     4s
  31   3.47899493e+00  3.47777406e+00  5.53e-10 4.44e-16  1.87e-08     4s
  32   3.47848204e+00  3.47804708e+00  2.88e-09 3.45e-13  6.67e-09     4s
  33   3.47834694e+00  3.47816313e+00  4.08e-09 3.36e-13  2.82e-09     4s
  34   3.47824550e+00  3.47818188e+00  3.07e-09 3.00e-13  9.75e-10     4s
  35   3.47822051e+00  3.47821805e+00  3.44e-09 5.73e-14  3.79e-11     4s

Barrier solved model in 35 iterations and 3.89 seconds (3.65 work units)
Optimal objective 3.47822051e+00


Root simplex log...

Iteration    Objective       Primal Inf.    Dual Inf.      Time
    7421    3.4782200e+00   0.000000e+00   3.285151e-05      5s
    7441    3.4782200e+00   0.000000e+00   0.000000e+00      5s
    7441    3.4782200e+00   0.000000e+00   0.000000e+00      5s

Root relaxation: objective 3.478220e+00, 7441 iterations, 2.59 seconds (3.02 work units)

    Nodes    |    Current Node    |     Objective Bounds      |     Work
 Expl Unexpl |  Obj  Depth IntInf | Incumbent    BestBd   Gap | It/Node Time

     0     0    3.47822    0  325   13.90970    3.47822  75.0%     -    9s
H    0     0                       8.9757844    3.98394  55.6%     -   38s
H    0     0                       7.2395564    3.98394  45.0%     -   38s
     0     0    3.98394    0  492    7.23956    3.98394  45.0%     -   38s
H    0     0                       7.1724289    3.98394  44.5%     -   41s
H    0     0                       6.9558787    3.98394  42.7%     -   43s
     0     0    3.99486    0  483    6.95588    3.99486  42.6%     -   45s
     0     0    4.03920    0  459    6.95588    4.03920  41.9%     -   56s
     0     0    4.04039    0  455    6.95588    4.04039  41.9%     -   59s
     0     0    4.05292    0  451    6.95588    4.05292  41.7%     -   65s
H    0     0                       6.9379717    4.05292  41.6%     -   67s
     0     0    4.05314    0  436    6.93797    4.05314  41.6%     -   68s
     0     0    4.05987    0  483    6.93797    4.05987  41.5%     -   74s
     0     0    4.05993    0  431    6.93797    4.05993  41.5%     -   78s
     0     0    4.06062    0  460    6.93797    4.06062  41.5%     -   78s
     0     0    4.06080    0  441    6.93797    4.06080  41.5%     -   81s
     0     0    4.06135    0  434    6.93797    4.06135  41.5%     -   81s
     0     0    4.06168    0  447    6.93797    4.06168  41.5%     -   82s
     0     0    4.06169    0  435    6.93797    4.06169  41.5%     -   83s
     0     0    4.06179    0  450    6.93797    4.06179  41.5%     -   86s
     0     0    4.06201    0  451    6.93797    4.06201  41.5%     -   86s
     0     0    4.06203    0  456    6.93797    4.06203  41.5%     -   89s
     0     0    4.06203    0  457    6.93797    4.06203  41.5%     -   90s
     0     0    4.06203    0  406    6.93797    4.06203  41.5%     -   94s
     0     2    4.06203    0  405    6.93797    4.06203  41.5%     -  100s
     1     4    4.28871    1  642    6.93797    4.06203  41.5% 10900  112s
     3     8    4.42114    2  619    6.93797    4.06628  41.4%  5320  123s
     7    16    4.52099    3  572    6.93797    4.07163  41.3%  4637  132s
    15    32    4.69992    4  564    6.93797    4.07755  41.2%  4305  140s
    31    64    5.07039    5  517    6.93797    4.08519  41.1%  4875  153s
H   32    64                       6.9309947    4.08519  41.1%  4722  153s
H   40    64                       6.9185459    4.08519  41.0%  4528  153s
    63    96    5.09349    6  543    6.91855    4.08700  40.9%  4304  185s
    95   128    5.10031    7  569    6.91855    4.08700  40.9%  4290  193s
H  112   128                       6.8795020    4.08700  40.6%  3914  193s
   127   160    5.10900    8  518    6.87950    4.08700  40.6%  3699  201s
   159   192    5.11395    9  507    6.87950    4.08700  40.6%  3466  216s
H  163   192                       6.8749223    4.08700  40.6%  3426  216s
H  165   192                       6.7785936    4.08700  39.7%  3399  216s
H  169   192                       6.7532478    4.08700  39.5%  3380  216s
   191   235    5.12103   10  495    6.75325    4.08700  39.5%  3213  225s
H  234   267                       5.0584918    4.08700  19.2%  3004  425s
H  237   267                       4.6617826    4.08700  12.3%  3002  425s
H  251   267                       4.6289041    4.08700  11.7%  2934  425s
   266   249     cutoff   12         4.62890    4.08700  11.7%  2897  433s
   324   264     cutoff   12         4.62890    4.08835  11.7%  2638  442s
   382   303    4.39086    7  127    4.62890    4.09238  11.6%  2672  451s
   434   346    4.40258    8  242    4.62890    4.09238  11.6%  2686  459s
   487   404    4.40480    9  235    4.62890    4.09238  11.6%  2720  466s
   555   478    4.40549   13  191    4.62890    4.09238  11.6%  2645  475s
   636   556    4.40692   17  139    4.62890    4.09238  11.6%  2545  484s
   723   633    4.40947   21  124    4.62890    4.09238  11.6%  2449  493s
   823   705    4.42056   25  122    4.62890    4.09238  11.6%  2324  501s
   919   792    4.48255   24  119    4.62890    4.09238  11.6%  2295  510s
  1021   907    4.49151   30   93    4.62890    4.09238  11.6%  2228  522s
  1164   975    4.52140   37   60    4.62890    4.09238  11.6%  2098  531s
  1280   994    4.56649   42   58    4.62890    4.09238  11.6%  2048  551s
  1320  1043    4.56667   43   59    4.62890    4.09238  11.6%  2053  563s
  1436  1080    4.57753   49   55    4.62890    4.09238  11.6%  2045  574s
  1522  1090    4.60624   51   54    4.62890    4.09553  11.5%  2080  588s
  1628  1116    4.23104    8  284    4.62890    4.09553  11.5%  2087  597s
  1712  1161    4.29843    8  139    4.62890    4.09553  11.5%  2118  611s
  1802  1184    4.32387    9  246    4.62890    4.09553  11.5%  2151  622s
  1891  1208    4.24792    9  298    4.62890    4.09553  11.5%  2189  632s
  1984  1231    4.28177   11  255    4.62890    4.09553  11.5%  2223  642s
  2083  1284    4.28456   12  226    4.62890    4.09553  11.5%  2239  653s
  2178  1373    4.36856   14  272    4.62890    4.09553  11.5%  2274  664s
  2307  1435    4.36736   14  212    4.62890    4.09553  11.5%  2269  676s
  2479  1487    4.44056   13  223    4.62890    4.09553  11.5%  2230  700s
  2619  1550    4.37721   15  195    4.62890    4.09553  11.5%  2245  719s
  2757  1635    4.51896   17  203    4.62890    4.09553  11.5%  2256  731s
  2939  1685     cutoff   16         4.62890    4.09553  11.5%  2234  745s
  3102  1720     cutoff   18         4.62890    4.11624  11.1%  2238  761s
H 3168  1720                       4.5720663    4.11624  10.0%  2245  761s
  3248  1670    4.13488    8  375    4.57207    4.11624  10.0%  2257  854s
H 3251  1670                       4.5561847    4.11624  9.66%  2255  854s
H 3254  1670                       4.5519306    4.11624  9.57%  2259  854s
H 3272  1670                       4.5515163    4.11624  9.56%  2263  854s
  3319  1703    4.16157    9  352    4.55152    4.11624  9.56%  2279  871s
  3464  1689    4.26041   12  241    4.55152    4.11624  9.56%  2314  889s
  3584  1684    4.29614   15  211    4.55152    4.11624  9.56%  2363  906s
  3722  1705    4.54710   17  210    4.55152    4.13303  9.19%  2405  921s
  3862  1708    4.25647    7  408    4.55152    4.13303  9.19%  2443  936s
  4024  1694    4.51364   10  357    4.55152    4.13303  9.19%  2471  956s
  4183  1666    4.52381    9  288    4.55152    4.13303  9.19%  2501  973s
  4343  1654 infeasible   11         4.55152    4.21438  7.41%  2542  998s
  4470  1681    4.41504    9  373    4.55152    4.21438  7.41%  2569 1015s
  4635  1672    4.48053   12  214    4.55152    4.21438  7.41%  2602 1038s
  4820  1645     cutoff   12         4.55152    4.25647  6.48%  2631 1058s
  5009  1632    4.36902   12  261    4.55152    4.26339  6.33%  2664 1080s
  5208  1605    4.47937   14  307    4.55152    4.26339  6.33%  2697 1103s
  5398  1567    4.48536   17  211    4.55152    4.29454  5.65%  2729 1126s
  5593  1548    4.51622   17  289    4.55152    4.33325  4.80%  2763 1154s
  5832  1540    4.51538   18  245    4.55152    4.33890  4.67%  2789 1177s
  6105  1533     cutoff   23         4.55152    4.35659  4.28%  2800 1199s
  6379  1458    4.52652    9  195    4.55152    4.35976  4.21%  2807 1227s
  6619  1426    4.46496   16  196    4.55152    4.37362  3.91%  2838 1287s
  6870  1354    4.46797   23  210    4.55152    4.38210  3.72%  2872 1313s
  7172  1280     cutoff   18         4.55152    4.38325  3.70%  2887 1341s
  7449  1186    4.51126   15  345    4.55152    4.41337  3.04%  2911 1371s
  7825  1075     cutoff   30         4.55152    4.42476  2.78%  2903 1402s
  8233   973     cutoff   28         4.55152    4.44117  2.42%  2895 1432s
  8718   747     cutoff   16         4.55152    4.45827  2.05%  2874 1463s
  9133   439    4.50897   17  190    4.55152    4.47884  1.60%  2876 1494s
* 9284   439              38       4.5205544    4.48673  0.75%  2870 1494s

Cutting planes:
  Learned: 6
  Gomory: 31
  Cover: 177
  Implied bound: 1583
  Clique: 72
  MIR: 490
  StrongCG: 1
  Flow cover: 235
  Zero half: 6
  RLT: 83
  Relax-and-lift: 109
  BQP: 14
  PSD: 8

Explored 9822 nodes (27477287 simplex iterations) in 1494.94 seconds (3697.01 work units)
Thread count was 32 (of 128 available processors)

Solution count 10: 4.52055 4.55152 4.55193 ... 6.77859

Optimal solution found (tolerance 5.00e-03)
Best objective 4.520554375001e+00, best bound 4.511420817659e+00, gap 0.2020%


*********************************************
*********************************************


Set parameter LogFile to value "/work/07346/ashukla/ls6/Norta_Results/norta_sm_16_26/60M"
Gurobi Optimizer version 10.0.2 build v10.0.2rc0 (linux64)

CPU model: AMD EPYC 7763 64-Core Processor, instruction set [SSE2|AVX|AVX2]
Thread count: 128 physical cores, 128 logical processors, using up to 32 threads

Optimize a model with 211675 rows, 77908 columns and 589736 nonzeros
Model fingerprint: 0x4603bd07
Variable types: 55968 continuous, 21940 integer (21578 binary)
Coefficient statistics:
  Matrix range     [1e-03, 1e+05]
  Objective range  [6e-02, 6e-02]
  Bounds range     [1e+00, 3e+00]
  RHS range        [1e-02, 6e+07]

MIP start from previous solve produced solution with objective 4.52055 (0.73s)
MIP start from previous solve produced solution with objective 4.52055 (0.74s)
Loaded MIP start from previous solve with objective 4.52055

Presolve removed 175789 rows and 50623 columns
Presolve time: 1.85s
Presolved: 35886 rows, 27285 columns, 129413 nonzeros
Variable types: 23641 continuous, 3644 integer (3580 binary)
Root barrier log...

Ordering time: 0.32s

Barrier statistics:
 Dense cols : 64
 AA' NZ     : 4.133e+05
 Factor NZ  : 3.356e+06 (roughly 50 MB of memory)
 Factor Ops : 1.496e+09 (less than 1 second per iteration)
 Threads    : 32

                  Objective                Residual
Iter       Primal          Dual         Primal    Dual     Compl     Time
   0  -1.01303541e+06 -2.87433827e+05  5.48e+04 1.68e-01  1.07e+03     3s
   1  -6.21769569e+05 -3.15552860e+05  3.30e+04 4.23e-01  6.53e+02     3s
   2  -2.91893053e+05 -3.88491214e+05  1.25e+04 1.22e-13  3.16e+02     3s
   3  -2.44163756e+04 -3.36226400e+05  1.30e+02 4.72e-13  3.05e+01     3s
   4  -3.56890798e+03 -1.74221258e+05  2.00e+01 1.70e-13  6.06e+00     3s
   5  -4.65824266e+02 -9.13689607e+04  3.61e+00 5.21e-14  1.88e+00     3s
   6   1.22435215e+02 -5.46473693e+04  3.92e-01 2.33e-14  8.78e-01     3s
   7   1.66328050e+02 -6.00548664e+03  1.65e-02 4.40e-15  9.51e-02     3s
   8   9.81707686e+01 -1.51235506e+03  1.84e-03 1.03e-15  2.47e-02     3s
   9   3.92838177e+01 -2.06385147e+02  1.78e-04 8.88e-16  3.77e-03     3s
  10   1.60939553e+01 -9.62514965e+01  3.19e-05 6.66e-16  1.72e-03     3s
  11   6.17137065e+00 -3.96580963e+01  8.10e-06 4.44e-16  7.03e-04     3s
  12   4.25903798e+00 -1.61900476e+01  4.96e-06 4.44e-16  3.14e-04     3s
  13   4.14802562e+00 -1.03474905e+01  4.73e-06 4.44e-16  2.22e-04     3s
  14   2.83644004e+00 -4.94253617e+00  3.04e-06 4.44e-16  1.19e-04     3s
  15   2.11174724e+00 -2.07971777e+00  2.12e-06 4.44e-16  6.43e-05     4s
  16   1.43423197e+00 -4.05336966e-01  1.31e-06 4.44e-16  2.82e-05     4s
  17   7.36794411e-01  1.16862076e-02  5.35e-07 4.44e-16  1.11e-05     4s
  18   4.96947462e-01  1.35659520e-01  2.38e-07 4.44e-16  5.54e-06     4s
  19   4.62008849e-01  1.92192227e-01  1.96e-07 4.44e-16  4.14e-06     4s
  20   3.59886088e-01  2.46408416e-01  7.16e-08 4.44e-16  1.74e-06     4s
  21   3.46346476e-01  2.61968019e-01  5.64e-08 4.44e-16  1.29e-06     4s
  22   3.20301179e-01  2.67287240e-01  2.87e-08 4.44e-16  8.13e-07     4s
  23   3.14032024e-01  2.76747635e-01  2.09e-08 4.44e-16  5.72e-07     4s
  24   3.08238903e-01  2.87476272e-01  1.39e-08 2.22e-16  3.18e-07     4s
  25   3.02029846e-01  2.90271516e-01  6.56e-09 4.44e-16  1.80e-07     4s
  26   3.00065655e-01  2.93234905e-01  4.10e-09 4.44e-16  1.05e-07     4s
  27   2.98696101e-01  2.95351837e-01  2.39e-09 4.44e-16  5.13e-08     4s
  28   2.97508700e-01  2.95728946e-01  9.07e-10 4.44e-16  2.73e-08     4s
  29   2.97095678e-01  2.96303182e-01  4.10e-10 4.44e-16  1.22e-08     4s
  30   2.96881943e-01  2.96633456e-01  1.65e-10 4.44e-16  3.81e-09     4s
  31   2.96811746e-01  2.96662399e-01  9.31e-11 4.27e-13  2.29e-09     4s
  32   2.96762178e-01  2.96702848e-01  1.33e-10 3.72e-12  9.10e-10     4s
  33   2.96740595e-01  2.96729561e-01  7.36e-10 3.66e-12  1.69e-10     4s
  34   2.96734992e-01  2.96733370e-01  9.62e-11 3.90e-13  2.49e-11     4s
  35   2.96734289e-01  2.96733857e-01  1.32e-08 2.83e-13  6.61e-12     4s

Barrier solved model in 35 iterations and 4.01 seconds (3.71 work units)
Optimal objective 2.96734289e-01


Root crossover log...

  Push phase complete: Pinf 1.2869475e+01, Dinf 1.4018866e-02      5s


Root simplex log...

Iteration    Objective       Primal Inf.    Dual Inf.      Time
    5781    2.9673399e-01   0.000000e+00   1.401887e-02      5s
    6085    2.9673407e-01   0.000000e+00   0.000000e+00      5s
    6087    2.9673407e-01   0.000000e+00   0.000000e+00      5s
Extra simplex iterations after uncrush: 2

Root relaxation: objective 2.967341e-01, 6087 iterations, 2.84 seconds (3.09 work units)
Total elapsed time = 13.45s

    Nodes    |    Current Node    |     Objective Bounds      |     Work
 Expl Unexpl |  Obj  Depth IntInf | Incumbent    BestBd   Gap | It/Node Time

     0     0    0.29673    0  184    4.52055    0.29673  93.4%     -   14s
H    0     0                       2.4743577    0.36759  85.1%     -   33s
H    0     0                       2.3523683    0.36759  84.4%     -   33s
     0     0    0.36759    0  329    2.35237    0.36759  84.4%     -   34s
H    0     0                       2.3103944    0.36759  84.1%     -   36s
     0     0    0.37489    0  332    2.31039    0.37489  83.8%     -   37s
H    0     0                       2.3041597    0.37932  83.5%     -   43s
     0     0    0.37932    0  313    2.30416    0.37932  83.5%     -   43s
     0     0    0.38174    0  312    2.30416    0.38174  83.4%     -   49s
     0     0    0.38720    0  323    2.30416    0.38720  83.2%     -   54s
     0     0    0.38777    0  311    2.30416    0.38777  83.2%     -   57s
     0     0    0.38870    0  304    2.30416    0.38870  83.1%     -   59s
H    0     0                       2.2540987    0.38870  82.8%     -   62s
     0     0    0.38870    0  306    2.25410    0.38870  82.8%     -   62s
     0     0    0.38870    0  306    2.25410    0.38870  82.8%     -   63s
     0     0    0.38870    0  306    2.25410    0.38870  82.8%     -   65s
     0     0    0.38870    0  306    2.25410    0.38870  82.8%     -   65s
     0     0    0.38870    0  306    2.25410    0.38870  82.8%     -   68s
     0     0    0.38870    0  306    2.25410    0.38870  82.8%     -   68s
     0     0    0.38877    0  311    2.25410    0.38877  82.8%     -   71s
     0     0    0.38877    0  269    2.25410    0.38877  82.8%     -   76s
H    0     0                       2.2315309    0.38877  82.6%     -   78s
     0     2    0.38877    0  269    2.23153    0.38877  82.6%     -   82s
     1     4    0.85314    1  217    2.23153    0.38877  82.6%  4359   88s
     3     8    1.74044    2  230    2.23153    0.38921  82.6%  3562   98s
     7    16    1.85570    3  238    2.23153    0.38965  82.5%  3407  103s
    15    32    2.11772    4  213    2.23153    0.39043  82.5%  3078  111s
    31    62     cutoff    5         2.23153    0.39085  82.5%  3238  121s
H   47    62                       1.8957288    0.39085  79.4%  3328  121s
H   56    62                       1.6878249    0.39136  76.8%  3094  121s
    63    72    1.63706    6  145    1.68782    0.39136  76.8%  3022  136s
   102   102    1.64315    7  142    1.68782    0.39136  76.8%  2408  146s
H  103   102                       1.6798269    0.39136  76.7%  2384  146s
H  105   102                       1.6786437    0.39136  76.7%  2361  146s
H  109   102                       1.5601257    0.39136  74.9%  2421  146s
H  116   102                       1.4283614    0.39136  72.6%  2484  146s
H  122   102                       1.3961990    0.39136  72.0%  2570  146s
   134   112     cutoff    8         1.39620    0.39136  72.0%  2618  153s
H  170   123                       1.3961990    0.39136  72.0%  2502  164s
H  175   123                       1.3777191    0.39136  71.6%  2527  164s
H  176   123                       1.2075546    0.39136  67.6%  2520  164s
   205   144    0.58832   10  208    1.20755    0.39136  67.6%  2389  173s
H  244   172                       1.0850817    0.39136  63.9%  2387  294s
H  245   172                       0.6569606    0.39136  40.4%  2379  294s
H  247   172                       0.5241919    0.39136  25.3%  2368  294s
H  259   172                       0.4920244    0.39136  20.5%  2412  294s
   278    46     cutoff   11         0.49202    0.39141  20.4%  2391  302s
   340    21    0.40178   12  290    0.49202    0.40043  18.6%  2021  307s
   377    25    0.40375   13  290    0.49202    0.40178  18.3%  1885  312s
   396    27     cutoff   14         0.49202    0.40375  17.9%  1889  316s
   418    36    0.40477   16  254    0.49202    0.40437  17.8%  1852  322s
   448    31     cutoff   17         0.49202    0.40724  17.2%  1851  328s
   488    15    0.42229   19  245    0.49202    0.40975  16.7%  1829  333s
   524    23     cutoff   20         0.49202    0.42229  14.2%  1787  336s
   541    30    0.44776   21  227    0.49202    0.44510  9.54%  1765  343s
   572    40    0.45194   22  149    0.49202    0.45019  8.50%  1754  348s
   616    17     cutoff   24         0.49202    0.45736  7.05%  1704  353s
   661     4     cutoff   25         0.49202    0.46947  4.58%  1698  356s

Cutting planes:
  Learned: 6
  Gomory: 13
  Cover: 172
  Implied bound: 1192
  Clique: 39
  MIR: 311
  StrongCG: 2
  Flow cover: 128
  Zero half: 5
  RLT: 44
  Relax-and-lift: 156
  BQP: 5
  PSD: 3

Explored 686 nodes (1206040 simplex iterations) in 357.35 seconds (704.64 work units)
Thread count was 32 (of 128 available processors)

Solution count 10: 0.492024 0.524192 0.656961 ... 1.56013

Optimal solution found (tolerance 5.00e-03)
Best objective 4.920243750005e-01, best bound 4.920243750005e-01, gap 0.0000%


*********************************************
*********************************************


Set parameter LogFile to value "/work/07346/ashukla/ls6/Norta_Results/norta_sm_16_26/80M"
Gurobi Optimizer version 10.0.2 build v10.0.2rc0 (linux64)

CPU model: AMD EPYC 7763 64-Core Processor, instruction set [SSE2|AVX|AVX2]
Thread count: 128 physical cores, 128 logical processors, using up to 32 threads

Optimize a model with 211675 rows, 77908 columns and 589736 nonzeros
Model fingerprint: 0xfd6d34e1
Variable types: 55968 continuous, 21940 integer (21578 binary)
Coefficient statistics:
  Matrix range     [1e-03, 1e+05]
  Objective range  [6e-02, 6e-02]
  Bounds range     [1e+00, 3e+00]
  RHS range        [1e-02, 8e+07]

MIP start from previous solve produced solution with objective 0.492024 (0.75s)
Loaded MIP start from previous solve with objective 0.492024

Presolve removed 180476 rows and 51426 columns
Presolve time: 1.95s
Presolved: 31199 rows, 26482 columns, 116081 nonzeros
Variable types: 22991 continuous, 3491 integer (3434 binary)
Root barrier log...

Ordering time: 0.26s

Barrier statistics:
 Dense cols : 47
 AA' NZ     : 3.172e+05
 Factor NZ  : 2.395e+06 (roughly 40 MB of memory)
 Factor Ops : 7.828e+08 (less than 1 second per iteration)
 Threads    : 32

                  Objective                Residual
Iter       Primal          Dual         Primal    Dual     Compl     Time
   0  -6.28229360e+04 -2.40878483e+05  3.19e+02 1.68e-01  6.82e+01     3s
   1  -2.09785615e+04 -2.05177293e+05  1.07e+02 3.13e-01  2.43e+01     3s
   2  -4.44185470e+02 -1.24278040e+05  3.39e+00 1.34e-02  2.72e+00     3s
   3   6.89850346e+01 -3.29546269e+04  6.96e-01 1.86e-03  6.31e-01     3s
   4   1.55162575e+02 -3.38092412e+03  5.39e-02 3.32e-15  6.26e-02     3s
   5   1.05132884e+02 -9.92176880e+02  8.86e-03 1.33e-15  1.90e-02     3s
   6   5.51287654e+01 -4.60492688e+02  2.94e-03 8.88e-16  8.91e-03     3s
   7   2.81752527e+01 -1.99167804e+02  1.05e-03 4.44e-16  3.92e-03     3s
   8   1.26936312e+01 -7.91067215e+01  2.84e-04 4.44e-16  1.58e-03     3s
   9   5.01536045e+00 -2.88621344e+01  8.57e-05 4.44e-16  5.83e-04     3s
  10   6.96687719e-01 -6.01071039e+00  3.84e-06 4.44e-16  1.15e-04     3s
  11   1.34997032e-01 -1.43141656e+00  5.65e-07 4.44e-16  2.69e-05     3s
  12   2.34401479e-02 -1.44859665e-01  6.44e-08 4.44e-16  2.88e-06     3s
  13   4.41969662e-03 -1.82350236e-02  1.13e-08 4.44e-16  3.88e-07     3s
  14   4.35447974e-04 -1.23256217e-03  1.08e-09 4.44e-16  2.86e-08     3s
  15   6.09476649e-06 -9.58391257e-06  1.44e-11 4.44e-16  2.68e-10     3s
  16   6.10026518e-09 -9.59693125e-09  4.58e-12 4.44e-16  2.68e-13     3s

Barrier solved model in 16 iterations and 3.45 seconds (3.20 work units)
Optimal objective 6.10026518e-09


Root relaxation: objective 1.023182e-12, 4372 iterations, 1.30 seconds (1.13 work units)
Total elapsed time = 9.36s

    Nodes    |    Current Node    |     Objective Bounds      |     Work
 Expl Unexpl |  Obj  Depth IntInf | Incumbent    BestBd   Gap | It/Node Time

     0     0    0.00000    0   17    0.49202    0.00000   100%     -   10s
     0     0    0.00000    0   38    0.49202    0.00000   100%     -   13s
     0     0    0.00000    0   37    0.49202    0.00000   100%     -   15s
     0     0    0.00000    0   15    0.49202    0.00000   100%     -   17s
     0     0    0.00000    0   14    0.49202    0.00000   100%     -   19s
H    0     0                       0.1760580    0.00000   100%     -   21s
     0     0    0.00000    0   11    0.17606    0.00000   100%     -   22s
     0     0    0.00000    0   11    0.17606    0.00000   100%     -   24s
     0     0    0.00000    0   11    0.17606    0.00000   100%     -   25s
     0     0    0.00000    0   11    0.17606    0.00000   100%     -   27s
     0     2    0.00000    0   11    0.17606    0.00000   100%     -   31s
     1     4    0.00234    1  166    0.17606    0.00000   100% 31022   58s
     3     6 infeasible    2         0.17606    0.00000   100% 11800   69s
H    4     6                       0.0258098    0.00000   100%  8850   69s
H    5     6                       0.0208347    0.00000   100%  7175   69s
     7     9    0.00000    3   13    0.02083    0.00000   100%  6534   76s
    13    13    0.00145    4   55    0.02083    0.00000   100%  5367   80s
    22    15     cutoff    5         0.02083    0.00000   100%  4113   85s
H   35    21                       0.0000000    0.00000  0.00%  3199   87s

Cutting planes:
  Cover: 5
  Implied bound: 177
  Clique: 1
  MIR: 90
  Flow cover: 5
  RLT: 8
  Relax-and-lift: 11

Explored 50 nodes (173410 simplex iterations) in 87.75 seconds (194.96 work units)
Thread count was 32 (of 128 available processors)

Solution count 5: 5.68434e-13 0.0208347 0.0258098 ... 0.492024

Optimal solution found (tolerance 5.00e-03)
Best objective 5.684341886081e-13, best bound 5.684341886081e-13, gap 0.0000%


*********************************************
*********************************************


