Set parameter TokenServer to value "license02.tacc.utexas.edu"
Set parameter LogFile to value "/work/07346/ashukla/ls6/Norta_Results/norta_sm_16_15/0M"
Set parameter MIPGap to value 0.005
Set parameter TimeLimit to value 32400
Set parameter Method to value 2
Gurobi Optimizer version 10.0.2 build v10.0.2rc0 (linux64)

CPU model: AMD EPYC 7763 64-Core Processor, instruction set [SSE2|AVX|AVX2]
Thread count: 128 physical cores, 128 logical processors, using up to 32 threads

Optimize a model with 211659 rows, 77908 columns and 589688 nonzeros
Model fingerprint: 0x9f0b266d
Variable types: 55968 continuous, 21940 integer (21578 binary)
Coefficient statistics:
  Matrix range     [1e-03, 1e+05]
  Objective range  [6e-02, 6e-02]
  Bounds range     [1e+00, 3e+00]
  RHS range        [1e-02, 2e+04]
Presolve removed 210794 rows and 76737 columns
Presolve time: 1.48s
Presolved: 865 rows, 1171 columns, 3968 nonzeros
Variable types: 1021 continuous, 150 integer (150 binary)
Found heuristic solution: objective 66.5700910
Root barrier log...

Ordering time: 0.00s

Barrier statistics:
 AA' NZ     : 4.649e+03
 Factor NZ  : 2.038e+04 (roughly 1 MB of memory)
 Factor Ops : 9.410e+05 (less than 1 second per iteration)
 Threads    : 1

                  Objective                Residual
Iter       Primal          Dual         Primal    Dual     Compl     Time
   0  -1.36572862e+03 -7.20603227e+03  1.16e+02 1.68e-01  2.67e+01     2s
   1  -5.26566787e-01 -3.42073515e+03  4.66e+00 5.70e-02  2.55e+00     2s
   2   5.20496126e+01 -3.65803565e+02  3.10e-01 1.02e-03  2.37e-01     2s
   3   5.22568742e+01 -2.70863651e+00  2.14e-02 3.89e-05  2.86e-02     2s
   4   4.71446482e+01  3.76020056e+01  2.10e-04 4.44e-16  4.86e-03     2s
   5   4.56012094e+01  4.27714629e+01  6.49e-05 2.22e-16  1.44e-03     2s
   6   4.51915121e+01  4.37140629e+01  3.32e-05 4.44e-16  7.52e-04     2s
   7   4.48805112e+01  4.42264298e+01  9.55e-06 2.22e-16  3.33e-04     2s
   8   4.48324803e+01  4.46153620e+01  6.54e-06 4.44e-16  1.10e-04     2s
   9   4.47841364e+01  4.46882629e+01  3.23e-06 2.22e-16  4.88e-05     2s
  10   4.47559975e+01  4.47187812e+01  1.07e-06 2.22e-16  1.89e-05     2s
  11   4.47429219e+01  4.47285753e+01  2.10e-07 2.22e-16  7.30e-06     2s
  12   4.47396620e+01  4.47342455e+01  1.64e-08 2.22e-16  2.75e-06     2s
  13   4.47391178e+01  4.47382783e+01  4.54e-10 2.22e-16  4.27e-07     2s
  14   4.47390361e+01  4.47389226e+01  1.22e-09 4.44e-16  5.77e-08     2s
  15   4.47389973e+01  4.47389956e+01  2.88e-09 2.22e-16  8.70e-10     2s
  16   4.47389960e+01  4.47389960e+01  1.84e-10 5.96e-15  8.70e-13     2s

Barrier solved model in 16 iterations and 1.58 seconds (1.79 work units)
Optimal objective 4.47389960e+01


Root relaxation: objective 4.473900e+01, 6 iterations, 0.02 seconds (0.02 work units)

    Nodes    |    Current Node    |     Objective Bounds      |     Work
 Expl Unexpl |  Obj  Depth IntInf | Incumbent    BestBd   Gap | It/Node Time

     0     0   44.73900    0    3   66.57009   44.73900  32.8%     -    1s
H    0     0                      44.7486513   44.73900  0.02%     -    1s

Explored 1 nodes (6 simplex iterations) in 1.61 seconds (1.80 work units)
Thread count was 32 (of 128 available processors)

Solution count 2: 44.7487 66.5701 

Optimal solution found (tolerance 5.00e-03)
Best objective 4.474865130058e+01, best bound 4.473899600115e+01, gap 0.0216%


*********************************************
*********************************************


Set parameter LogFile to value "/work/07346/ashukla/ls6/Norta_Results/norta_sm_16_15/20M"
Gurobi Optimizer version 10.0.2 build v10.0.2rc0 (linux64)

CPU model: AMD EPYC 7763 64-Core Processor, instruction set [SSE2|AVX|AVX2]
Thread count: 128 physical cores, 128 logical processors, using up to 32 threads

Optimize a model with 211659 rows, 77908 columns and 589688 nonzeros
Model fingerprint: 0x6b87347a
Variable types: 55968 continuous, 21940 integer (21578 binary)
Coefficient statistics:
  Matrix range     [1e-03, 1e+05]
  Objective range  [6e-02, 6e-02]
  Bounds range     [1e+00, 3e+00]
  RHS range        [1e-02, 2e+07]

MIP start from previous solve produced solution with objective 44.7487 (0.58s)
MIP start from previous solve produced solution with objective 44.7487 (0.59s)
Loaded MIP start from previous solve with objective 44.7487

Presolve removed 176676 rows and 50728 columns
Presolve time: 1.63s
Presolved: 34983 rows, 27180 columns, 126914 nonzeros
Variable types: 23528 continuous, 3652 integer (3589 binary)
Root barrier log...

Ordering time: 0.32s

Barrier statistics:
 Dense cols : 51
 AA' NZ     : 3.941e+05
 Factor NZ  : 3.161e+06 (roughly 50 MB of memory)
 Factor Ops : 1.399e+09 (less than 1 second per iteration)
 Threads    : 32

                  Objective                Residual
Iter       Primal          Dual         Primal    Dual     Compl     Time
   0  -9.67853409e+05 -2.82726611e+05  5.12e+04 1.68e-01  1.01e+03     3s
   1  -5.88562417e+05 -3.10645594e+05  3.08e+04 3.36e-01  6.13e+02     3s
   2  -3.36951881e+05 -3.99175323e+05  1.72e+04 1.57e-13  3.74e+02     3s
   3  -8.16137816e+03 -3.45604698e+05  4.35e+02 1.06e-13  1.44e+01     3s
   4  -2.43774656e+03 -1.44761043e+05  1.39e+02 1.21e-13  4.48e+00     3s
   5  -8.95098453e+02 -9.86063884e+04  5.66e+01 6.36e-14  2.33e+00     3s
   6  -4.08662898e+02 -4.70488797e+04  3.07e+01 1.99e-14  1.05e+00     3s
   7  -9.03348125e+01 -2.63677377e+04  1.35e+01 1.07e-14  5.20e-01     3s
   8   1.00383341e+02 -2.95171577e+03  2.32e+00 3.52e-15  5.76e-02     3s
   9   8.30074557e+01 -3.24121329e+02  1.39e-02 1.22e-15  6.55e-03     3s
  10   3.68433830e+01 -1.13734878e+02  2.69e-03 8.22e-15  2.38e-03     3s
  11   2.92157795e+01 -6.69450198e+01  1.70e-03 4.66e-15  1.52e-03     3s
  12   2.36824002e+01 -3.58502171e+01  1.09e-03 3.11e-15  9.39e-04     3s
  13   2.00630724e+01 -2.03216709e+01  7.45e-04 2.00e-15  6.36e-04     3s
  14   1.46381444e+01 -6.91860611e+00  2.65e-04 8.88e-16  3.39e-04     3s
  15   1.33564531e+01 -7.74622791e-01  1.86e-04 6.66e-16  2.22e-04     3s
  16   1.22900762e+01  6.19245808e+00  1.28e-04 4.44e-16  9.61e-05     3s
  17   1.14521260e+01  8.04985830e+00  8.09e-05 4.44e-16  5.37e-05     3s
  18   1.10649010e+01  8.74203947e+00  6.20e-05 4.44e-16  3.67e-05     3s
  19   1.07785839e+01  9.02986015e+00  4.64e-05 4.44e-16  2.76e-05     3s
  20   1.05043931e+01  9.17459378e+00  3.07e-05 4.44e-16  2.10e-05     3s
  21   1.04308575e+01  9.37034160e+00  2.68e-05 4.44e-16  1.67e-05     3s
  22   1.02455870e+01  9.50681004e+00  1.68e-05 2.22e-16  1.17e-05     3s
  23   1.01615273e+01  9.73473324e+00  1.24e-05 4.44e-16  6.75e-06     3s
  24   1.00752232e+01  9.81310102e+00  8.07e-06 4.44e-16  4.15e-06     3s
  25   1.00369786e+01  9.83494487e+00  6.05e-06 4.44e-16  3.20e-06     3s
  26   1.00092788e+01  9.85437599e+00  4.57e-06 4.44e-16  2.45e-06     3s
  27   9.96343748e+00  9.87841070e+00  2.13e-06 5.81e-16  1.34e-06     3s
  28   9.95326153e+00  9.89313852e+00  1.58e-06 4.61e-16  9.50e-07     3s
  29   9.94267460e+00  9.90763496e+00  1.02e-06 4.45e-16  5.54e-07     3s
  30   9.93149481e+00  9.91443364e+00  4.53e-07 4.44e-16  2.70e-07     3s
  31   9.92841059e+00  9.91747773e+00  3.00e-07 3.84e-16  1.73e-07     3s
  32   9.92690351e+00  9.91863620e+00  2.21e-07 4.44e-16  1.31e-07     3s
  33   9.92574171e+00  9.91918814e+00  1.59e-07 4.44e-16  1.03e-07     3s
  34   9.92515050e+00  9.91952128e+00  1.28e-07 4.44e-16  8.88e-08     3s
  35   9.92494097e+00  9.91959483e+00  1.17e-07 4.44e-16  8.43e-08     3s
  36   9.92403921e+00  9.92002030e+00  6.93e-08 4.44e-16  6.33e-08     3s
  37   9.92323883e+00  9.92204658e+00  2.64e-08 4.44e-16  1.88e-08     3s
  38   9.92289267e+00  9.92247903e+00  9.48e-09 4.44e-16  6.53e-09     3s
  39   9.92274602e+00  9.92263599e+00  2.51e-09 5.86e-14  1.74e-09     3s
  40   9.92270155e+00  9.92267995e+00  1.94e-09 7.15e-15  3.41e-10     3s
  41   9.92269167e+00  9.92269054e+00  6.07e-09 1.31e-14  1.79e-11     4s

Barrier solved model in 41 iterations and 3.53 seconds (3.68 work units)
Optimal objective 9.92269167e+00


Root relaxation: objective 9.922691e+00, 4791 iterations, 2.11 seconds (2.47 work units)
Total elapsed time = 7.42s

    Nodes    |    Current Node    |     Objective Bounds      |     Work
 Expl Unexpl |  Obj  Depth IntInf | Incumbent    BestBd   Gap | It/Node Time

     0     0    9.92269    0  517   44.74865    9.92269  77.8%     -    8s
H    0     0                      25.5608307    9.92269  61.2%     -   10s
H    0     0                      25.5608307    9.92269  61.2%     -   11s
H    0     0                      16.8037465   11.19041  33.4%     -   26s
     0     0   11.19041    0  510   16.80375   11.19041  33.4%     -   26s
     0     0   11.31706    0  529   16.80375   11.31706  32.7%     -   34s
     0     0   11.31706    0  477   16.80375   11.31706  32.7%     -   35s
     0     0   11.31706    0  459   16.80375   11.31706  32.7%     -   35s
     0     0   11.44163    0  590   16.80375   11.44163  31.9%     -   39s
     0     0   11.46296    0  451   16.80375   11.46296  31.8%     -   44s
     0     0   11.46622    0  485   16.80375   11.46622  31.8%     -   44s
     0     0   11.46780    0  632   16.80375   11.46780  31.8%     -   45s
     0     0   11.46791    0  484   16.80375   11.46791  31.8%     -   45s
     0     0   11.55677    0  605   16.80375   11.55677  31.2%     -   53s
     0     0   11.58230    0  613   16.80375   11.58230  31.1%     -   61s
     0     0   11.59234    0  668   16.80375   11.59234  31.0%     -   66s
     0     0   11.59258    0  666   16.80375   11.59258  31.0%     -   66s
     0     0   11.60612    0  609   16.80375   11.60612  30.9%     -   69s
     0     0   11.60993    0  756   16.80375   11.60993  30.9%     -   70s
     0     0   11.61098    0  608   16.80375   11.61098  30.9%     -   71s
     0     0   11.61138    0  605   16.80375   11.61138  30.9%     -   72s
     0     0   11.61144    0  604   16.80375   11.61144  30.9%     -   72s
     0     0   11.61354    0  517   16.80375   11.61354  30.9%     -   73s
     0     0   11.61427    0  522   16.80375   11.61427  30.9%     -   79s
     0     0   11.61433    0  518   16.80375   11.61433  30.9%     -   79s
     0     0   11.61470    0  687   16.80375   11.61470  30.9%     -   80s
     0     0   11.61473    0  687   16.80375   11.61473  30.9%     -   81s
     0     0   11.61504    0  517   16.80375   11.61504  30.9%     -   82s
H    0     0                      14.8495213   11.61504  21.8%     -   84s
     0     0   11.61504    0  517   14.84952   11.61504  21.8%     -   84s
     0     0   11.61631    0  503   14.84952   11.61631  21.8%     -   85s
     0     0   11.61631    0  467   14.84952   11.61631  21.8%     -   88s
     0     2   11.61631    0  467   14.84952   11.61631  21.8%     -   92s
     1     4   11.98856    1  480   14.84952   11.61631  21.8%  2575   95s
     3     8   12.16693    2  505   14.84952   11.77899  20.7%  3116  100s
     7    16   12.35094    3  593   14.84952   11.79348  20.6%  3131  106s
    15    32   12.60258    4  498   14.84952   11.83407  20.3%  3168  112s
    31    64   13.12291    5  526   14.84952   11.86382  20.1%  3296  124s
    63    96   13.48716    6  487   14.84952   11.90746  19.8%  2896  155s
    95   128   13.16437    6  465   14.84952   11.91500  19.8%  2450  162s
H  100   128                      14.8298685   11.91500  19.7%  2395  162s
H  115   128                      14.8297255   11.94253  19.5%  2217  162s
H  118   128                      14.8248762   11.94253  19.4%  2193  162s
   127   160   13.31032    7  472   14.82488   11.94253  19.4%  2139  177s
H  159   192                      14.8248761   11.94253  19.4%  2019  192s
H  160   192                      14.8134810   11.94253  19.4%  2009  192s
H  161   192                      14.8040103   11.94253  19.3%  1997  193s
H  163   192                      14.8022293   11.94253  19.3%  1998  193s
H  164   192                      14.7193276   11.94253  18.9%  1996  193s
H  186   192                      14.6618296   11.94253  18.5%  1918  193s
   191   227   13.30752    8  455   14.66183   11.94253  18.5%  1917  199s
   226   271   13.41457    8  457   14.66183   11.94253  18.5%  1823  211s
   270   318   13.34730    9  447   14.66183   11.94253  18.5%  1765  216s
   317   366   13.39886   10  459   14.66183   11.94253  18.5%  1736  224s
   365   416   13.49226   10  457   14.66183   11.94253  18.5%  1697  229s
   417   458   13.51166   11  632   14.66183   11.94253  18.5%  1666  238s
   461   508   13.60128   12  617   14.66183   11.94253  18.5%  1665  246s
   513   551   13.64072   13  506   14.66183   11.94253  18.5%  1693  256s
H  526   551                      14.5828913   11.94253  18.1%  1682  256s
H  536   551                      14.3314313   11.94253  16.7%  1679  256s
   558   629   13.77134   13  556   14.33143   11.94253  16.7%  1657  262s
   638   722   13.79272   14  591   14.33143   11.94253  16.7%  1571  270s
   733   830   13.80737   14  557   14.33143   11.94253  16.7%  1461  278s
   847   924   13.94750   16  571   14.33143   11.94253  16.7%  1352  285s
   967  1009   13.95035   17  427   14.33143   11.94253  16.7%  1261  291s
  1088  1041   14.12053   19  379   14.33143   11.94253  16.7%  1201  300s
  1160  1077   14.13825   20  460   14.33143   11.94253  16.7%  1208  320s
  1239  1119   14.26543   21  429   14.33143   11.94253  16.7%  1241  328s
  1330  1188   14.20689   21  430   14.33143   11.94253  16.7%  1250  336s
  1430  1271     cutoff   23        14.33143   11.94253  16.7%  1250  358s
  1546  1300     cutoff   22        14.33143   11.94774  16.6%  1264  589s
H 1547  1300                      13.6621133   11.94774  12.5%  1263  589s
H 1557  1300                      13.3797605   11.94774  10.7%  1264  589s
H 1579  1283                      13.3797604   11.94774  10.7%  1265  703s
H 1580  1283                      13.3774110   11.94774  10.7%  1266  703s
H 1589  1283                      13.3763604   11.94774  10.7%  1265  703s
H 1590  1283                      13.3744951   11.94774  10.7%  1270  703s
H 1608  1283                      13.3243663   11.94774  10.3%  1286  703s
H 1621  1283                      13.2462820   11.94774  9.80%  1283  703s
  1652  1346   12.04531    8  529   13.24628   11.94774  9.80%  1298  714s
  1763  1421   12.07424   10  373   13.24628   11.94774  9.80%  1316  723s
  1882  1497   12.19970   14  304   13.24628   11.94774  9.80%  1335  734s
  2020  1566   12.30123   15  397   13.24628   11.94774  9.80%  1340  747s
  2157  1606   12.61591   16  366   13.24628   11.94774  9.80%  1341  768s
  2273  1666   12.45746   17  336   13.24628   11.94774  9.80%  1365  783s
  2407  1732   12.45085   18  303   13.24628   11.94774  9.80%  1388  797s
  2545  1760   12.61499   19  293   13.24628   11.94774  9.80%  1407  814s
  2700  1713   12.73244   21  231   13.24628   11.94774  9.80%  1410  912s
  2742  1766     cutoff   20        13.24628   11.94774  9.80%  1431  924s
  2909  1737   13.02076   22  260   13.24628   11.94774  9.80%  1440  938s
  3042  1776   12.98850   25  374   13.24628   11.94774  9.80%  1466  953s
  3207  1757     cutoff   31        13.24628   11.96828  9.65%  1479  967s
  3394  1734     cutoff   10        13.24628   11.98362  9.53%  1488  982s
  3541  1802   12.36809   15  463   13.24628   12.02252  9.24%  1515  995s
  3714  1782   12.56915   21  358   13.24628   12.02252  9.24%  1523 1014s
  3924  1788   13.06648   31  275   13.24628   12.02794  9.20%  1523 1027s
  4145  1882   12.24649    9  515   13.24628   12.02794  9.20%  1519 1044s
  4376  1973   12.28352   10  461   13.24628   12.02794  9.20%  1515 1060s
  4601  2081   12.55535   15  425   13.24628   12.02794  9.20%  1521 1082s
  4853  2137   12.86797   28  215   13.24628   12.02794  9.20%  1521 1103s
  5100  2205   13.11820   37   96   13.24628   12.09543  8.69%  1529 1127s
  5332  2277   12.49784   16  447   13.24628   12.09543  8.69%  1543 1151s
  5572  2329     cutoff   36        13.24628   12.20551  7.86%  1559 1170s
  5788  2437   12.91440   22  384   13.24628   12.25337  7.50%  1573 1193s
H 6035  2435                      13.2382745   12.27181  7.30%  1587 1439s
  6036  2434   12.77360    8  467   13.23827   12.27181  7.30%  1587 1472s
  6038  2435   12.55183   16  454   13.23827   12.27181  7.30%  1587 1481s
  6039  2436   12.70949   14  479   13.23827   12.27181  7.30%  1586 1506s
  6040  2437   12.86266   17  722   13.23827   12.27181  7.30%  1586 1514s
  6041  2437   12.41593   13  643   13.23827   12.27181  7.30%  1586 1516s
  6043  2439   12.91905   18  457   13.23827   12.27181  7.30%  1585 1530s
  6045  2440   13.01588   16  440   13.23827   12.27181  7.30%  1585 1541s
  6047  2441   13.16666   22  466   13.23827   12.27181  7.30%  1584 1552s
  6049  2443   12.75836   17  446   13.23827   12.27181  7.30%  1584 1564s
  6050  2443   13.19307   35  455   13.23827   12.27181  7.30%  1583 1566s
  6051  2444   12.97893   24  444   13.23827   12.27181  7.30%  1583 1571s
  6052  2445   12.51144   15  444   13.23827   12.27181  7.30%  1583 1577s
  6053  2445   12.69417   13  444   13.23827   12.27181  7.30%  1583 1585s
  6054  2449   12.64105   16  451   13.23827   12.27181  7.30%  1593 1594s
  6056  2452   12.69740   17  724   13.23827   12.27181  7.30%  1594 1603s
  6060  2459   12.93248   18  794   13.23827   12.27181  7.30%  1597 1614s
  6068  2468   13.09533   19  627   13.23827   12.27181  7.30%  1604 1680s
  6084  2483     cutoff   20        13.23827   12.27181  7.30%  1618 1699s
  6112  2494   12.27181   21  684   13.23827   12.27181  7.30%  1631 1711s
  6144  2508   12.27181   22  635   13.23827   12.27181  7.30%  1646 1721s
  6176  2513   12.91069   23  608   13.23827   12.27181  7.30%  1652 1749s
  6208  2523   12.92108   24  457   13.23827   12.27181  7.30%  1660 1757s
  6240  2531   13.11809   25  492   13.23827   12.27181  7.30%  1664 1771s
  6277  2531     cutoff   26        13.23827   12.27181  7.30%  1669 1879s
H 6279  2407                      13.2340158   12.27181  7.27%  1669 1879s
H 6281  2290                      13.2313559   12.27181  7.25%  1669 1879s
H 6309  2170                      13.2313557   12.27181  7.25%  1674 1879s
  6311  2195     cutoff   26        13.23136   12.27181  7.25%  1675 1897s
  6356  2205   13.04036   25  454   13.23136   12.27181  7.25%  1683 1911s
H 6366  2097                      13.2313551   12.27181  7.25%  1684 1911s
H 6383  1991                      13.2313539   12.27181  7.25%  1684 1911s
H 6386  1895                      13.2313537   12.27181  7.25%  1684 1911s
  6391  1932   13.07040   26  455   13.23135   12.27181  7.25%  1684 1919s
  6448  1936   13.11659   28  354   13.23135   12.27181  7.25%  1685 2081s
H 6451  1845                      13.2124605   12.27181  7.12%  1685 2081s
H 6471  1753                      13.2059326   12.27181  7.07%  1688 2081s
  6481  1794   13.14548   29  345   13.20593   12.27181  7.07%  1689 2094s
  6551  1827     cutoff   30        13.20593   12.27181  7.07%  1691 2104s
  6634  1841     cutoff   30        13.20593   12.27181  7.07%  1689 2116s
  6723  1850   12.65471   23  698   13.20593   12.27181  7.07%  1689 2126s
  6825  1852   12.77119   25  507   13.20593   12.27181  7.07%  1685 2134s
  6921  1873   12.81837   27  504   13.20593   12.27181  7.07%  1680 2145s
  7021  1871   12.96806   30  578   13.20593   12.27181  7.07%  1677 2155s
  7123  1860   13.01745   31  547   13.20593   12.27181  7.07%  1675 2168s
  7229  1847   13.10056   33  528   13.20593   12.27181  7.07%  1671 2179s
  7328  1840   13.15885   34  526   13.20593   12.27181  7.07%  1671 2193s
  7413  1868     cutoff   36        13.20593   12.27181  7.07%  1676 2204s
H 7501  1778                      13.1911538   12.27181  6.97%  1678 2237s
H 7502  1700                      13.1911458   12.27181  6.97%  1678 2237s
H 7505  1626                      13.1911456   12.27181  6.97%  1677 2237s
H 7517  1552                      13.1911453   12.27181  6.97%  1677 2237s
  7534  1596   12.41801   23  439   13.19115   12.27181  6.97%  1679 2252s
  7667  1597   12.33665   25  266   13.19115   12.27181  6.97%  1672 2264s
  7792  1602   12.54024   24  350   13.19115   12.27181  6.97%  1666 2274s
  7924  1611   12.59442   27  269   13.19115   12.27181  6.97%  1660 2286s
  8054  1644   12.47746   29  424   13.19115   12.27181  6.97%  1658 2305s
  8205  1692   12.67237   30  296   13.19115   12.27181  6.97%  1654 2317s
  8382  1743   12.84868   33  167   13.19115   12.27181  6.97%  1645 2329s
H 8587  1614                      13.1091638   12.27181  6.39%  1631 2437s
H 8589  1550                      13.0711025   12.27181  6.11%  1631 2437s
H 8614  1482                      12.9983607   12.27181  5.59%  1633 2437s
  8640  1479   12.98481   44   67   12.99836   12.31080  5.29%  1633 2450s
  8818  1473   12.53200   23  491   12.99836   12.31244  5.28%  1633 2464s
  8997  1453   12.88939   26  291   12.99836   12.31244  5.28%  1631 2479s
  9189  1455     cutoff   28        12.99836   12.34015  5.06%  1624 2497s
  9388  1380   12.79528   31  312   12.99836   12.34015  5.06%  1620 2512s
  9578  1390     cutoff   35        12.99836   12.41912  4.46%  1621 2527s
  9760  1414   12.62663   28  253   12.99836   12.41912  4.46%  1627 2549s
  9961  1421   12.95088   34  214   12.99836   12.46022  4.14%  1628 2572s
 10150  1439   12.50265   26  378   12.99836   12.46833  4.08%  1633 2589s
 10334  1448   12.90790   33  224   12.99836   12.50758  3.78%  1641 2609s
 10542  1434   12.96151   29  319   12.99836   12.52036  3.68%  1649 2633s
 10796  1448     cutoff   24        12.99836   12.54106  3.52%  1655 2655s
 11019  1440   12.81180   27  609   12.99836   12.60941  2.99%  1663 2675s
 11233  1469     cutoff   31        12.99836   12.64322  2.73%  1671 2695s
 11501  1488     cutoff   36        12.99836   12.67321  2.50%  1674 2718s
 11859  1504   12.81557   33  183   12.99836   12.70319  2.27%  1670 2744s
 12030  1504     cutoff   29        12.99836   12.70417  2.26%  1671 2745s
 12178  1571   12.78154   31  301   12.99836   12.70509  2.26%  1676 2770s
 12584  1614   12.90644   37  103   12.99836   12.72422  2.11%  1671 2798s
*12900  1614              64      12.9953607   12.73147  2.03%  1659 2798s
 13148  1660     cutoff   34        12.99536   12.75559  1.85%  1652 2826s
 13629  1646   12.85653   30  193   12.99536   12.77220  1.72%  1648 2854s
 14089  1648   12.86852   36  138   12.99536   12.78848  1.59%  1649 2890s
 14555  1635     cutoff   22        12.99536   12.80901  1.43%  1656 2918s
 15079  1644   12.94233   35  189   12.99536   12.81816  1.36%  1655 2951s
 15839  1564     cutoff   35        12.99536   12.83860  1.21%  1635 2993s
 16519  1432   12.95915   36  408   12.99536   12.85712  1.06%  1632 3028s
 17247  1292     cutoff   35        12.99536   12.87206  0.95%  1626 3064s
 17959  1040     cutoff   36        12.99536   12.88831  0.82%  1625 3099s
 18701   536     cutoff   44        12.99536   12.90904  0.66%  1623 3131s
H19047   536                      12.9855050   12.91447  0.55%  1618 3131s

Cutting planes:
  Learned: 6
  Gomory: 44
  Cover: 152
  Implied bound: 991
  Projected implied bound: 38
  Clique: 62
  MIR: 804
  StrongCG: 2
  Flow cover: 1702
  Inf proof: 1
  Zero half: 20
  Network: 1
  RLT: 51
  Relax-and-lift: 181
  BQP: 31
  PSD: 8

Explored 19642 nodes (31558782 simplex iterations) in 3131.25 seconds (7347.59 work units)
Thread count was 32 (of 128 available processors)

Solution count 10: 12.9855 12.9954 12.9984 ... 13.2059

Optimal solution found (tolerance 5.00e-03)
Best objective 1.298550500000e+01, best bound 1.293593529286e+01, gap 0.3817%


*********************************************
*********************************************


Set parameter LogFile to value "/work/07346/ashukla/ls6/Norta_Results/norta_sm_16_15/40M"
Gurobi Optimizer version 10.0.2 build v10.0.2rc0 (linux64)

CPU model: AMD EPYC 7763 64-Core Processor, instruction set [SSE2|AVX|AVX2]
Thread count: 128 physical cores, 128 logical processors, using up to 32 threads

Optimize a model with 211659 rows, 77908 columns and 589688 nonzeros
Model fingerprint: 0xc0d336b4
Variable types: 55968 continuous, 21940 integer (21578 binary)
Coefficient statistics:
  Matrix range     [1e-03, 1e+05]
  Objective range  [6e-02, 6e-02]
  Bounds range     [1e+00, 3e+00]
  RHS range        [1e-02, 4e+07]

MIP start from previous solve produced solution with objective 12.9855 (0.63s)
MIP start from previous solve produced solution with objective 12.9855 (0.64s)
Loaded MIP start from previous solve with objective 12.9855

Presolve removed 176676 rows and 50728 columns
Presolve time: 1.65s
Presolved: 34983 rows, 27180 columns, 126914 nonzeros
Variable types: 23528 continuous, 3652 integer (3589 binary)
Root barrier log...

Ordering time: 0.33s

Barrier statistics:
 Dense cols : 51
 AA' NZ     : 3.941e+05
 Factor NZ  : 3.161e+06 (roughly 50 MB of memory)
 Factor Ops : 1.399e+09 (less than 1 second per iteration)
 Threads    : 32

                  Objective                Residual
Iter       Primal          Dual         Primal    Dual     Compl     Time
   0  -7.00448321e+05 -2.82726863e+05  3.70e+04 1.68e-01  7.34e+02     3s
   1  -4.14103309e+05 -3.06437883e+05  2.15e+04 3.35e-01  4.33e+02     3s
   2  -2.25170859e+05 -3.87675007e+05  9.94e+03 2.05e-13  2.51e+02     3s
   3  -8.98994647e+03 -3.22371786e+05  4.83e+01 1.45e-13  1.47e+01     3s
   4  -2.04434541e+03 -1.39092252e+05  1.19e+01 5.41e-14  4.03e+00     3s
   5  -4.08524478e+02 -9.65656102e+04  3.26e+00 3.62e-14  1.94e+00     3s
   6   5.40659828e+01 -3.54416415e+04  7.36e-01 1.29e-14  6.12e-01     3s
   7   1.54624093e+02 -4.78070985e+03  2.85e-02 2.45e-15  7.80e-02     3s
   8   9.03161921e+01 -8.62319386e+02  2.14e-03 1.55e-15  1.49e-02     3s
   9   3.21398807e+01 -1.96577729e+02  7.54e-05 4.44e-16  3.58e-03     3s
  10   1.18585163e+01 -6.13111834e+01  6.24e-06 4.44e-16  1.14e-03     3s
  11   8.47635845e+00 -2.09810746e+01  3.07e-06 4.44e-16  4.61e-04     3s
  12   6.37839357e+00 -7.95984884e+00  1.70e-06 4.44e-16  2.24e-04     3s
  13   4.98466178e+00 -3.54619243e+00  9.37e-07 4.44e-16  1.33e-04     3s
  14   4.23716326e+00 -6.49711296e-01  5.52e-07 4.44e-16  7.64e-05     3s
  15   3.87758332e+00  9.74687240e-01  3.76e-07 2.22e-16  4.54e-05     3s
  16   3.54426523e+00  1.79502675e+00  2.13e-07 4.44e-16  2.73e-05     3s
  17   3.34504150e+00  2.32278003e+00  1.17e-07 4.44e-16  1.60e-05     3s
  18   3.22932125e+00  2.69366849e+00  6.22e-08 4.44e-16  8.37e-06     3s
  19   3.16155389e+00  2.79899181e+00  3.04e-08 5.77e-16  5.67e-06     3s
  20   3.13693906e+00  2.93026365e+00  1.94e-08 5.70e-16  3.23e-06     3s
  21   3.11948514e+00  2.99514683e+00  1.20e-08 5.29e-16  1.94e-06     3s
  22   3.10383076e+00  3.05367432e+00  5.39e-09 9.65e-16  7.84e-07     3s
  23   3.09933166e+00  3.06578112e+00  3.59e-09 7.45e-16  5.25e-07     3s
  24   3.09686664e+00  3.07854950e+00  2.62e-09 4.44e-16  2.86e-07     3s
  25   3.09368849e+00  3.08412174e+00  1.38e-09 4.44e-16  1.50e-07     3s
  26   3.09261982e+00  3.08652708e+00  9.65e-10 4.44e-16  9.53e-08     3s
  27   3.09202025e+00  3.08778978e+00  7.36e-10 4.44e-16  6.61e-08     4s
  28   3.09107816e+00  3.08856365e+00  3.76e-10 6.16e-16  3.93e-08     4s
  29   3.09076379e+00  3.08930436e+00  2.60e-10 1.02e-15  2.28e-08     4s
  30   3.09040974e+00  3.08981535e+00  1.28e-10 4.44e-16  9.29e-09     4s
  31   3.09025276e+00  3.08994785e+00  3.29e-10 2.07e-14  4.77e-09     4s
  32   3.09019963e+00  3.08999741e+00  5.36e-10 1.22e-13  3.16e-09     4s
  33   3.09014147e+00  3.09004284e+00  3.26e-10 1.44e-13  1.54e-09     4s
  34   3.09008245e+00  3.09005404e+00  6.48e-10 3.12e-14  4.44e-10     4s
  35   3.09005996e+00  3.09005746e+00  6.37e-11 8.69e-14  3.90e-11     4s

Barrier solved model in 35 iterations and 3.71 seconds (3.64 work units)
Optimal objective 3.09005996e+00


Root relaxation: objective 3.090058e+00, 7673 iterations, 2.64 seconds (3.07 work units)
Total elapsed time = 7.86s

    Nodes    |    Current Node    |     Objective Bounds      |     Work
 Expl Unexpl |  Obj  Depth IntInf | Incumbent    BestBd   Gap | It/Node Time

     0     0    3.09006    0  314   12.98551    3.09006  76.2%     -    9s
H    0     0                       8.4199065    3.09006  63.3%     -   11s
H    0     0                       8.0406868    3.09006  61.6%     -   12s
H    0     0                       7.8794866    3.79347  51.9%     -   29s
     0     0    3.79347    0  323    7.87949    3.79347  51.9%     -   29s
H    0     0                       6.2772595    3.79347  39.6%     -   31s
     0     0    3.81069    0  337    6.27726    3.81069  39.3%     -   34s
     0     0    3.81069    0  333    6.27726    3.81069  39.3%     -   34s
     0     0    3.86892    0  377    6.27726    3.86892  38.4%     -   40s
     0     0    3.87254    0  387    6.27726    3.87254  38.3%     -   44s
     0     0    3.87903    0  381    6.27726    3.87903  38.2%     -   45s
     0     0    3.87903    0  383    6.27726    3.87903  38.2%     -   45s
     0     0    3.90283    0  399    6.27726    3.90283  37.8%     -   51s
     0     0    3.90431    0  383    6.27726    3.90431  37.8%     -   57s
     0     0    3.90437    0  382    6.27726    3.90437  37.8%     -   58s
     0     0    3.90690    0  325    6.27726    3.90690  37.8%     -   61s
     0     0    3.90690    0  325    6.27726    3.90690  37.8%     -   64s
     0     0    3.90723    0  322    6.27726    3.90723  37.8%     -   64s
     0     0    3.90728    0  361    6.27726    3.90728  37.8%     -   66s
     0     0    3.90774    0  360    6.27726    3.90774  37.7%     -   68s
H    0     0                       6.2772595    3.90774  37.7%     -   71s
     0     0    3.90790    0  369    6.27726    3.90790  37.7%     -   71s
     0     0    3.90790    0  366    6.27726    3.90790  37.7%     -   72s
     0     0    3.90790    0  366    6.27726    3.90790  37.7%     -   72s
     0     0    3.90790    0  366    6.27726    3.90790  37.7%     -   72s
     0     0    3.90790    0  366    6.27726    3.90790  37.7%     -   73s
     0     0    3.90790    0  293    6.27726    3.90790  37.7%     -   76s
     0     2    3.90790    0  263    6.27726    3.90790  37.7%     -   83s
     1     4    4.04388    1  356    6.27726    3.90790  37.7%  6569   88s
     3     8    4.18470    2  373    6.27726    3.90798  37.7%  4811   97s
     7    16    4.49452    3  336    6.27726    3.91254  37.7%  5019  102s
    15    32    4.78045    4  387    6.27726    3.91295  37.7%  4372  110s
    31    64    4.78412    5  363    6.27726    3.91984  37.6%  4955  132s
H   50    64                       6.0231674    3.92382  34.9%  4394  132s
    63    96    4.78630    6  422    6.02317    3.92382  34.9%  4139  156s
    95   128    4.78778    7  435    6.02317    3.92382  34.9%  3520  167s
H   96   128                       6.0231673    3.92382  34.9%  3484  167s
H  110   128                       5.9892272    3.92382  34.5%  3393  167s
H  125   128                       5.9869964    3.92382  34.5%  3186  167s
   127   160    4.78800    8  359    5.98700    3.92382  34.5%  3160  173s
   159   192    4.82612    9  411    5.98700    3.92382  34.5%  3022  184s
H  163   192                       5.9608224    3.92382  34.2%  3005  184s
H  179   192                       5.9135919    3.92382  33.6%  2865  184s
   191   240    4.83780    9  322    5.91359    3.92382  33.6%  2835  189s
H  239   272                       4.7387248    3.92382  17.2%  2507  331s
H  248   272                       4.5724519    3.92382  14.2%  2457  331s
H  257   272                       4.5296814    3.92382  13.4%  2415  331s
   271   265     cutoff   11         4.52968    3.92382  13.4%  2339  337s
   332   294     cutoff   10         4.52968    3.92738  13.3%  1992  345s
   407   353    4.00709    7  251    4.52968    3.93985  13.0%  1904  359s
   478   393    4.01313    8  305    4.52968    3.93985  13.0%  1818  373s
   536   453    4.11787    9  251    4.52968    3.93985  13.0%  1937  383s
   608   525    4.21172    8  349    4.52968    3.93985  13.0%  1900  390s
   691   624    4.10755    7  255    4.52968    3.93985  13.0%  1829  397s
   806   742    4.11875   10  241    4.52968    3.93985  13.0%  1693  408s
   937   800    4.12253   13  203    4.52968    3.93985  13.0%  1584  414s
  1051   827    4.33676   15  197    4.52968    3.93985  13.0%  1560  423s
  1131   847     cutoff   17         4.52968    3.93985  13.0%  1617  429s
  1216   892    4.22646   20  228    4.52968    3.93985  13.0%  1656  439s
H 1304   903                       4.5294692    3.93985  13.0%  1695  529s
H 1335   903                       4.5294692    3.93985  13.0%  1720  529s
H 1339   903                       4.5294692    3.93985  13.0%  1720  529s
  1347  1008    4.25307   20  213    4.52947    3.93985  13.0%  1727  544s
  1509  1091    4.43477   22  188    4.52947    3.93985  13.0%  1664  558s
  1657  1192     cutoff   21         4.52947    3.93985  13.0%  1648  566s
  1817  1303     cutoff   24         4.52947    3.94747  12.8%  1608  576s
  1994  1353    4.11855   13  232    4.52947    3.94747  12.8%  1575  588s
H 1995  1353                       4.5060412    3.94747  12.4%  1574  588s
H 2001  1353                       4.4914850    3.94747  12.1%  1569  588s
  2133  1401    4.17238   14  242    4.49148    3.94747  12.1%  1569  602s
H 2140  1401                       4.4144325    3.94747  10.6%  1565  602s
  2276  1411    4.20745   16  226    4.41443    3.94747  10.6%  1572  617s
* 2292  1411              82       4.4093737    3.94747  10.5%  1563  617s
* 2293  1411              81       4.4093726    3.94747  10.5%  1563  617s
  2409  1448     cutoff   20         4.40937    3.94747  10.5%  1591  631s
  2540  1470     cutoff   19         4.40937    4.01373  8.97%  1606  648s
  2659  1488    4.39817   18  281    4.40937    4.01373  8.97%  1647  666s
  2767  1513    4.18135   18  284    4.40937    4.01373  8.97%  1682  679s
  2875  1521    4.27599   20  260    4.40937    4.01373  8.97%  1715  732s
H 2897  1521                       4.4093726    4.01373  8.97%  1722  732s
  2933  1579    4.29952   21  273    4.40937    4.01373  8.97%  1733  746s
  3100  1609     cutoff   20         4.40937    4.01373  8.97%  1740  763s
  3272  1632     cutoff   23         4.40937    4.01373  8.97%  1747  780s
  3425  1671    4.22586   19  270    4.40937    4.01373  8.97%  1765  802s
  3605  1666     cutoff   28         4.40937    4.01373  8.97%  1781  818s
  3721  1648    4.27460   26  169    4.40937    4.01373  8.97%  1827  837s
  3872  1671    4.24364   23  174    4.40937    4.01373  8.97%  1857  857s
  4035  1681    4.36434   33  190    4.40937    4.02582  8.70%  1888  872s
  4190  1664    4.17451   16  243    4.40937    4.05298  8.08%  1919  891s
  4388  1668    4.32594   18  167    4.40937    4.08112  7.44%  1941  915s
  4598  1660    4.31278   18  179    4.40937    4.08112  7.44%  1958  932s
  4851  1636     cutoff   22         4.40937    4.15940  5.67%  1966  952s
  5026  1634     cutoff   17         4.40937    4.16036  5.65%  2004  971s
  5256  1628     cutoff   12         4.40937    4.17312  5.36%  2015  989s
  5476  1637     cutoff   20         4.40937    4.23219  4.02%  2025 1007s
  5696  1645    4.40190   22  122    4.40937    4.23706  3.91%  2035 1065s
  6004  1640     cutoff   31         4.40937    4.25000  3.61%  2033 1093s
  6371  1666     cutoff   27         4.40937    4.27061  3.15%  2021 1111s
  6754  1662     cutoff   19         4.40937    4.27921  2.95%  1999 1135s
  7174  1636     cutoff   31         4.40937    4.28267  2.87%  1979 1157s
  7660  1612     cutoff   23         4.40937    4.29385  2.62%  1944 1179s
  8207  1586     cutoff   31         4.40937    4.30243  2.43%  1909 1202s
  8740  1501     cutoff   25         4.40937    4.31103  2.23%  1885 1221s
  9424  1469    4.33773   23  129    4.40937    4.32036  2.02%  1838 1240s
 10198  1274    4.40260   28   87    4.40937    4.33712  1.64%  1779 1267s
 11017  1011     cutoff   28         4.40937    4.34714  1.41%  1726 1292s
*11601  1011              30       4.3854738    4.35371  0.72%  1689 1292s
 11816    49     cutoff   26         4.38547    4.35768  0.63%  1681 1311s

Cutting planes:
  Learned: 4
  Gomory: 29
  Cover: 230
  Implied bound: 1907
  Clique: 72
  MIR: 406
  StrongCG: 3
  Flow cover: 211
  Zero half: 14
  RLT: 82
  Relax-and-lift: 134
  BQP: 18
  PSD: 5

Explored 12851 nodes (20245974 simplex iterations) in 1311.37 seconds (3055.60 work units)
Thread count was 32 (of 128 available processors)

Solution count 10: 4.38547 4.40937 4.40937 ... 4.52968

Optimal solution found (tolerance 5.00e-03)
Best objective 4.385473750001e+00, best bound 4.380195585358e+00, gap 0.1204%


*********************************************
*********************************************


Set parameter LogFile to value "/work/07346/ashukla/ls6/Norta_Results/norta_sm_16_15/60M"
Gurobi Optimizer version 10.0.2 build v10.0.2rc0 (linux64)

CPU model: AMD EPYC 7763 64-Core Processor, instruction set [SSE2|AVX|AVX2]
Thread count: 128 physical cores, 128 logical processors, using up to 32 threads

Optimize a model with 211659 rows, 77908 columns and 589688 nonzeros
Model fingerprint: 0x226039f9
Variable types: 55968 continuous, 21940 integer (21578 binary)
Coefficient statistics:
  Matrix range     [1e-03, 1e+05]
  Objective range  [6e-02, 6e-02]
  Bounds range     [1e+00, 3e+00]
  RHS range        [1e-02, 6e+07]

MIP start from previous solve produced solution with objective 4.38547 (0.69s)
MIP start from previous solve produced solution with objective 4.38547 (0.70s)
Loaded MIP start from previous solve with objective 4.38547

Presolve removed 176676 rows and 50728 columns
Presolve time: 1.73s
Presolved: 34983 rows, 27180 columns, 126914 nonzeros
Variable types: 23528 continuous, 3652 integer (3589 binary)
Root barrier log...

Ordering time: 0.32s

Barrier statistics:
 Dense cols : 51
 AA' NZ     : 3.941e+05
 Factor NZ  : 3.161e+06 (roughly 50 MB of memory)
 Factor Ops : 1.399e+09 (less than 1 second per iteration)
 Threads    : 32

                  Objective                Residual
Iter       Primal          Dual         Primal    Dual     Compl     Time
   0  -1.03910859e+06 -2.82727538e+05  5.47e+04 1.68e-01  1.09e+03     3s
   1  -6.35076363e+05 -3.09926570e+05  3.28e+04 3.88e-01  6.61e+02     3s
   2  -3.65354035e+05 -4.03516189e+05  1.43e+04 2.76e-13  4.06e+02     3s
   3  -1.34914010e+04 -3.53428436e+05  7.18e+01 7.89e-14  2.01e+01     3s
   4  -2.89343457e+03 -1.36849215e+05  1.64e+01 8.19e-14  4.77e+00     3s
   5  -3.50213811e+02 -1.06532615e+05  2.96e+00 5.31e-14  2.09e+00     3s
   6   1.32479933e+02 -1.88420431e+04  3.29e-01 8.62e-15  3.17e-01     3s
   7   1.50512125e+02 -3.23243874e+03  2.64e-02 1.55e-15  5.35e-02     3s
   8   8.45070528e+01 -6.12218889e+02  1.40e-03 6.66e-16  1.09e-02     3s
   9   2.64823569e+01 -9.21312435e+01  1.66e-04 4.44e-16  1.86e-03     3s
  10   9.10600957e+00 -4.17464816e+01  5.05e-05 4.44e-16  7.95e-04     3s
  11   5.56091426e+00 -2.21303367e+01  2.81e-05 4.44e-16  4.33e-04     3s
  12   5.08618479e+00 -1.98160350e+01  2.49e-05 4.44e-16  3.89e-04     3s
  13   2.82768479e+00 -8.01961760e+00  1.21e-05 4.44e-16  1.70e-04     3s
  14   1.61266954e+00 -3.07596459e+00  5.93e-06 4.44e-16  7.33e-05     3s
  15   1.21146397e+00 -1.41249767e+00  4.10e-06 4.44e-16  4.10e-05     3s
  16   7.89193447e-01 -2.00225323e-01  2.29e-06 4.44e-16  1.55e-05     3s
  17   4.92106645e-01  9.08977373e-02  1.05e-06 4.44e-16  6.28e-06     3s
  18   3.58695232e-01  1.73864707e-01  5.37e-07 4.44e-16  2.89e-06     3s
  19   3.34988730e-01  1.92047291e-01  4.31e-07 2.22e-16  2.24e-06     3s
  20   3.07267860e-01  2.07649118e-01  3.05e-07 4.44e-16  1.56e-06     3s
  21   2.90617777e-01  2.16934274e-01  2.28e-07 4.44e-16  1.15e-06     3s
  22   2.70713752e-01  2.22055677e-01  1.38e-07 4.44e-16  7.62e-07     3s
  23   2.61269055e-01  2.32383753e-01  9.36e-08 4.44e-16  4.52e-07     3s
  24   2.50056695e-01  2.34305683e-01  4.94e-08 4.44e-16  2.47e-07     4s
  25   2.44340494e-01  2.37585865e-01  1.81e-08 2.22e-16  1.06e-07     4s
  26   2.43492064e-01  2.38810826e-01  1.36e-08 4.44e-16  7.33e-08     4s
  27   2.42316351e-01  2.39924761e-01  7.57e-09 4.44e-16  3.74e-08     4s
  28   2.41717383e-01  2.40220642e-01  4.31e-09 2.22e-16  2.34e-08     4s
  29   2.41162060e-01  2.40620808e-01  1.64e-09 4.44e-16  8.47e-09     4s
  30   2.40993171e-01  2.40727541e-01  5.59e-10 4.44e-16  4.16e-09     4s
  31   2.40921103e-01  2.40868345e-01  4.24e-10 2.08e-14  8.25e-10     4s
  32   2.40905853e-01  2.40889322e-01  1.41e-10 1.87e-14  2.59e-10     4s
  33   2.40902617e-01  2.40897866e-01  8.69e-11 1.42e-14  7.43e-11     4s
  34   2.40902239e-01  2.40901536e-01  2.81e-10 1.14e-14  1.10e-11     4s

Barrier solved model in 34 iterations and 3.73 seconds (3.59 work units)
Optimal objective 2.40902239e-01

Extra simplex iterations after uncrush: 3

Root relaxation: objective 2.409022e-01, 4276 iterations, 2.52 seconds (2.68 work units)
Total elapsed time = 5.01s

    Nodes    |    Current Node    |     Objective Bounds      |     Work
 Expl Unexpl |  Obj  Depth IntInf | Incumbent    BestBd   Gap | It/Node Time

     0     0    0.24090    0  167    4.38547    0.24090  94.5%     -    8s
H    0     0                       3.6823292    0.24090  93.5%     -    9s
H    0     0                       3.5718765    0.30003  91.6%     -   24s
H    0     0                       1.9479566    0.30003  84.6%     -   24s
     0     0    0.30003    0  270    1.94796    0.30003  84.6%     -   25s
H    0     0                       1.7686921    0.30003  83.0%     -   26s
     0     0    0.30233    0  259    1.76869    0.30233  82.9%     -   27s
     0     0    0.32094    0  301    1.76869    0.32094  81.9%     -   28s
H    0     0                       1.7256275    0.32094  81.4%     -   30s
H    0     0                       1.6148512    0.32159  80.1%     -   31s
     0     0    0.32159    0  279    1.61485    0.32159  80.1%     -   31s
     0     0    0.32710    0  284    1.61485    0.32710  79.7%     -   34s
     0     0    0.32849    0  265    1.61485    0.32849  79.7%     -   36s
     0     0    0.32956    0  269    1.61485    0.32956  79.6%     -   38s
     0     0    0.33000    0  275    1.61485    0.33000  79.6%     -   39s
     0     0    0.33027    0  276    1.61485    0.33027  79.5%     -   40s
H    0     0                       1.5872609    0.33027  79.2%     -   44s
     0     0    0.33027    0  277    1.58726    0.33027  79.2%     -   45s
     0     0    0.33030    0  277    1.58726    0.33030  79.2%     -   45s
     0     0    0.33030    0  278    1.58726    0.33030  79.2%     -   46s
     0     0    0.33031    0  276    1.58726    0.33031  79.2%     -   47s
     0     0    0.33032    0  279    1.58726    0.33032  79.2%     -   48s
     0     0    0.33062    0  281    1.58726    0.33062  79.2%     -   49s
     0     0    0.33083    0  270    1.58726    0.33083  79.2%     -   50s
     0     0    0.33083    0  279    1.58726    0.33083  79.2%     -   51s
     0     0    0.33083    0  279    1.58726    0.33083  79.2%     -   51s
     0     0    0.33085    0  283    1.58726    0.33085  79.2%     -   51s
     0     0    0.33085    0  274    1.58726    0.33085  79.2%     -   52s
H    0     0                       1.0663220    0.33096  69.0%     -   53s
     0     0    0.33096    0  280    1.06632    0.33096  69.0%     -   53s
     0     0    0.33102    0  280    1.06632    0.33102  69.0%     -   54s
     0     0    0.33104    0  286    1.06632    0.33104  69.0%     -   54s
     0     0    0.33104    0  229    1.06632    0.33104  69.0%     -   64s
     0     2    0.33104    0  229    1.06632    0.33104  69.0%     -   69s
     1     4    0.92381    1  202    1.06632    0.33104  69.0%  9270   77s
     3     8    0.93511    2  175    1.06632    0.33112  68.9%  4274   80s
     7    14    0.93673    3  178    1.06632    0.33141  68.9%  2881   87s
    15    28    1.00813    4  162    1.06632    0.33194  68.9%  2871   91s
    29    41     cutoff    5         1.06632    0.33268  68.8%  2358  100s
    89    96    0.33443    7  253    1.06632    0.33412  68.7%  1909  108s
H   91    96                       1.0663219    0.33412  68.7%  1871  108s
H   96    96                       0.7447798    0.33412  55.1%  1892  108s
   121   100    0.33683    8  217    0.74478    0.33412  55.1%  1847  112s
   153   106    0.44598    9  221    0.74478    0.33412  55.1%  1558  116s
   185   123    0.44639   10  215    0.74478    0.33412  55.1%  1451  120s
H  229   150                       0.7365327    0.33412  54.6%  1319  183s
H  230   150                       0.7324579    0.33412  54.4%  1314  183s
H  243   150                       0.7150397    0.33412  53.3%  1343  183s
H  252   150                       0.7138493    0.33412  53.2%  1310  183s
   262   175    0.44672   12  177    0.71385    0.33412  53.2%  1293  190s
H  265   175                       0.6887091    0.33412  51.5%  1278  190s
   300   222    0.44679   13  174    0.68871    0.33412  51.5%  1241  198s
H  359   248                       0.4650956    0.33412  28.2%  1157  260s
H  360   248                       0.4430925    0.33412  24.6%  1154  260s
H  362   248                       0.4411219    0.33412  24.3%  1160  260s
H  363   248                       0.4385569    0.33412  23.8%  1157  260s
   391   184     cutoff   16         0.43856    0.33412  23.8%  1168  267s
   475   164    0.36882   16  131    0.43856    0.33412  23.8%  1052  277s
   522   163     cutoff   17         0.43856    0.33710  23.1%  1196  290s
   581   155    0.36661   20   85    0.43856    0.33710  23.1%  1268  301s
   642   134     cutoff   22         0.43856    0.33710  23.1%  1344  311s
   695   119     cutoff   21         0.43856    0.33710  23.1%  1530  325s
   743    84     cutoff   21         0.43856    0.33710  23.1%  1645  334s
   820    71    0.37381   26   73    0.43856    0.33710  23.1%  1570  343s
   895    44     cutoff   29         0.43856    0.33720  23.1%  1530  353s
   963    40     cutoff   32         0.43856    0.33720  23.1%  1539  363s
  1016    18    0.38491   41   73    0.43856    0.33720  23.1%  1553  371s
  1064    16     cutoff   42         0.43856    0.34260  21.9%  1563  378s
  1094    11    0.39141   45   82    0.43856    0.34260  21.9%  1566  385s
  1120     2     cutoff   46         0.43856    0.34260  21.9%  1561  393s
  1136     0     cutoff    9         0.43856    0.41416  5.56%  1552  396s

Cutting planes:
  Learned: 3
  Gomory: 22
  Cover: 203
  Implied bound: 1681
  Clique: 117
  MIR: 259
  StrongCG: 6
  Flow cover: 163
  Zero half: 9
  RLT: 32
  Relax-and-lift: 96
  BQP: 5
  PSD: 8

Explored 1138 nodes (1808376 simplex iterations) in 396.77 seconds (815.26 work units)
Thread count was 32 (of 128 available processors)

Solution count 10: 0.438557 0.441122 0.443093 ... 0.74478

Optimal solution found (tolerance 5.00e-03)
Best objective 4.385568750005e-01, best bound 4.385568750005e-01, gap 0.0000%


*********************************************
*********************************************


Set parameter LogFile to value "/work/07346/ashukla/ls6/Norta_Results/norta_sm_16_15/80M"
Gurobi Optimizer version 10.0.2 build v10.0.2rc0 (linux64)

CPU model: AMD EPYC 7763 64-Core Processor, instruction set [SSE2|AVX|AVX2]
Thread count: 128 physical cores, 128 logical processors, using up to 32 threads

Optimize a model with 211659 rows, 77908 columns and 589688 nonzeros
Model fingerprint: 0x525aef42
Variable types: 55968 continuous, 21940 integer (21578 binary)
Coefficient statistics:
  Matrix range     [1e-03, 1e+05]
  Objective range  [6e-02, 6e-02]
  Bounds range     [1e+00, 3e+00]
  RHS range        [1e-02, 8e+07]

MIP start from previous solve produced solution with objective 0.438557 (0.71s)
Loaded MIP start from previous solve with objective 0.438557

Presolve removed 181604 rows and 51555 columns
Presolve time: 1.91s
Presolved: 30055 rows, 26353 columns, 112810 nonzeros
Variable types: 22843 continuous, 3510 integer (3451 binary)
Root barrier log...

Ordering time: 0.25s

Barrier statistics:
 Dense cols : 36
 AA' NZ     : 3.100e+05
 Factor NZ  : 2.403e+06 (roughly 40 MB of memory)
 Factor Ops : 8.789e+08 (less than 1 second per iteration)
 Threads    : 32

                  Objective                Residual
Iter       Primal          Dual         Primal    Dual     Compl     Time
   0  -6.82307837e+04 -2.34707129e+05  3.44e+02 1.68e-01  7.31e+01     3s
   1  -2.22032480e+04 -2.00887689e+05  1.13e+02 3.28e-01  2.53e+01     3s
   2  -6.85415345e+02 -1.03236147e+05  4.55e+00 2.42e-14  2.53e+00     3s
   3   9.96623454e+01 -2.76335243e+04  5.02e-01 8.47e-15  5.30e-01     3s
   4   1.39936183e+02 -2.89168451e+03  1.65e-01 1.89e-15  5.79e-02     3s
   5   9.69017990e+01 -9.16393983e+02  2.31e-02 1.33e-15  1.82e-02     3s
   6   4.25289616e+01 -3.35738055e+02  7.33e-03 1.78e-15  6.73e-03     3s
   7   2.27548118e+01 -1.37080029e+02  3.10e-03 8.88e-16  2.84e-03     3s
   8   9.00618783e+00 -6.35545638e+01  8.71e-04 6.66e-16  1.28e-03     3s
   9   3.40532291e+00 -1.95797390e+01  2.22e-04 4.44e-16  4.06e-04     3s
  10   5.40645081e-01 -4.61840206e+00  1.26e-05 4.44e-16  9.09e-05     3s
  11   1.18917524e-01 -1.31836944e+00  2.34e-06 4.44e-16  2.53e-05     3s
  12   2.17206191e-02 -9.54994116e-02  3.05e-07 4.44e-16  2.06e-06     3s
  13   2.86941959e-03 -1.13777795e-02  3.99e-08 4.44e-16  2.51e-07     3s
  14   2.01400821e-04 -7.21341155e-04  2.66e-09 8.88e-16  1.63e-08     3s
  15   2.87006344e-07 -4.97176245e-06  1.25e-11 4.44e-16  9.26e-11     3s
  16   4.41343673e-09 -1.48907020e-09  3.23e-10 8.88e-16  1.04e-13     3s

Barrier solved model in 16 iterations and 3.36 seconds (3.13 work units)
Optimal objective 4.41343673e-09


Root relaxation: objective 1.023182e-12, 4064 iterations, 1.25 seconds (1.09 work units)
Total elapsed time = 8.24s

    Nodes    |    Current Node    |     Objective Bounds      |     Work
 Expl Unexpl |  Obj  Depth IntInf | Incumbent    BestBd   Gap | It/Node Time

     0     0    0.00000    0   13    0.43856    0.00000   100%     -    8s
     0     0    0.00000    0  100    0.43856    0.00000   100%     -   15s
     0     0    0.00000    0   78    0.43856    0.00000   100%     -   18s
     0     0    0.00000    0   11    0.43856    0.00000   100%     -   23s
     0     0    0.00000    0   13    0.43856    0.00000   100%     -   25s
     0     0    0.00000    0   12    0.43856    0.00000   100%     -   26s
     0     0    0.00000    0   13    0.43856    0.00000   100%     -   28s
     0     0    0.00000    0   10    0.43856    0.00000   100%     -   30s
     0     0    0.00000    0   16    0.43856    0.00000   100%     -   30s
     0     0    0.00000    0    9    0.43856    0.00000   100%     -   32s
H    0     0                       0.4065370    0.00000   100%     -   33s
     0     0    0.00000    0   10    0.40654    0.00000   100%     -   34s
     0     0    0.00000    0    6    0.40654    0.00000   100%     -   34s
     0     0    0.00000    0    6    0.40654    0.00000   100%     -   34s
     0     0    0.00000    0    6    0.40654    0.00000   100%     -   35s
H    0     0                       0.1229733    0.00000   100%     -   35s
     0     0    0.00000    0    6    0.12297    0.00000   100%     -   35s
     0     0    0.00000    0    6    0.12297    0.00000   100%     -   36s
     0     0    0.00000    0    6    0.12297    0.00000   100%     -   36s
     0     0    0.00000    0    6    0.12297    0.00000   100%     -   36s
     0     0    0.00000    0    6    0.12297    0.00000   100%     -   37s
     0     2    0.00000    0    6    0.12297    0.00000   100%     -   37s
     1     4    0.00000    1   49    0.12297    0.00000   100%  7163   44s
     3     8    0.00262    2   65    0.12297    0.00000   100%  4416   50s
     7    11 infeasible    3         0.12297    0.00000   100%  2087   61s
H   15    18                       0.0362011    0.00000   100%  3340   65s
    26    16    0.00000    5   24    0.03620    0.00000   100%  2599   83s
*   45    20               6       0.0000000    0.00000  0.00%  2260   84s

Cutting planes:
  Learned: 1
  Cover: 20
  Implied bound: 494
  Clique: 5
  MIR: 109
  Flow cover: 5
  RLT: 1
  Relax-and-lift: 9

Explored 60 nodes (151995 simplex iterations) in 84.91 seconds (136.83 work units)
Thread count was 32 (of 128 available processors)

Solution count 5: 5.68434e-13 0.0362011 0.122973 ... 0.438557

Optimal solution found (tolerance 5.00e-03)
Best objective 5.684341886081e-13, best bound 5.684341886081e-13, gap 0.0000%


*********************************************
*********************************************


