Set parameter TokenServer to value "license02.tacc.utexas.edu"
Set parameter LogFile to value "/work/07346/ashukla/ls6/Norta_Results/norta_sm_16_5/0M"
Set parameter MIPGap to value 0.005
Set parameter TimeLimit to value 32400
Set parameter Method to value 2
Gurobi Optimizer version 10.0.2 build v10.0.2rc0 (linux64)

CPU model: AMD EPYC 7763 64-Core Processor, instruction set [SSE2|AVX|AVX2]
Thread count: 128 physical cores, 128 logical processors, using up to 32 threads

Optimize a model with 211803 rows, 77908 columns and 590120 nonzeros
Model fingerprint: 0x2dbc197d
Variable types: 55968 continuous, 21940 integer (21578 binary)
Coefficient statistics:
  Matrix range     [1e-03, 1e+05]
  Objective range  [6e-02, 6e-02]
  Bounds range     [1e+00, 3e+00]
  RHS range        [1e-02, 2e+04]
Presolve removed 210921 rows and 76724 columns
Presolve time: 1.62s
Presolved: 882 rows, 1184 columns, 4022 nonzeros
Variable types: 1036 continuous, 148 integer (148 binary)
Found heuristic solution: objective 67.6724448
Root barrier log...

Ordering time: 0.00s

Barrier statistics:
 AA' NZ     : 4.685e+03
 Factor NZ  : 2.126e+04 (roughly 1 MB of memory)
 Factor Ops : 1.015e+06 (less than 1 second per iteration)
 Threads    : 1

                  Objective                Residual
Iter       Primal          Dual         Primal    Dual     Compl     Time
   0  -1.93448959e+03 -8.20945114e+03  1.57e+02 2.05e-01  3.52e+01     2s
   1  -3.25165302e+01 -4.37835961e+03  7.09e+00 3.26e-02  3.42e+00     2s
   2   4.86911631e+01 -5.03636003e+02  6.48e-01 7.43e-05  3.29e-01     2s
   3   5.38268674e+01 -8.62958606e+00  5.53e-02 1.11e-15  3.26e-02     2s
   4   4.92610582e+01  3.17127572e+01  1.36e-03 8.88e-16  8.65e-03     2s
   5   4.66111121e+01  4.18955349e+01  8.73e-05 8.88e-16  2.32e-03     2s
   6   4.59879831e+01  4.43419330e+01  2.24e-05 4.80e-16  8.09e-04     2s
   7   4.58104332e+01  4.50823929e+01  6.51e-06 4.44e-16  3.58e-04     2s
   8   4.57679687e+01  4.54969384e+01  3.83e-06 2.22e-16  1.33e-04     2s
   9   4.57375857e+01  4.56076923e+01  1.24e-06 2.22e-16  6.38e-05     2s
  10   4.57224387e+01  4.57006738e+01  5.11e-07 2.22e-16  1.07e-05     2s
  11   4.57127355e+01  4.57115677e+01  2.56e-10 2.22e-16  5.74e-07     2s
  12   4.57125002e+01  4.57124984e+01  4.91e-10 2.64e-16  8.91e-10     2s
  13   4.57124996e+01  4.57124996e+01  1.09e-09 2.22e-16  8.96e-13     2s

Barrier solved model in 13 iterations and 1.72 seconds (1.80 work units)
Optimal objective 4.57124996e+01


Root relaxation: objective 4.571250e+01, 23 iterations, 0.02 seconds (0.02 work units)

    Nodes    |    Current Node    |     Objective Bounds      |     Work
 Expl Unexpl |  Obj  Depth IntInf | Incumbent    BestBd   Gap | It/Node Time

     0     0   45.71250    0    3   67.67244   45.71250  32.5%     -    1s
H    0     0                      45.8040822   45.71250  0.20%     -    1s

Explored 1 nodes (23 simplex iterations) in 1.74 seconds (1.81 work units)
Thread count was 32 (of 128 available processors)

Solution count 2: 45.8041 67.6724 

Optimal solution found (tolerance 5.00e-03)
Best objective 4.580408217422e+01, best bound 4.571249962298e+01, gap 0.1999%


*********************************************
*********************************************


Set parameter LogFile to value "/work/07346/ashukla/ls6/Norta_Results/norta_sm_16_5/20M"
Gurobi Optimizer version 10.0.2 build v10.0.2rc0 (linux64)

CPU model: AMD EPYC 7763 64-Core Processor, instruction set [SSE2|AVX|AVX2]
Thread count: 128 physical cores, 128 logical processors, using up to 32 threads

Optimize a model with 211803 rows, 77908 columns and 590120 nonzeros
Model fingerprint: 0xa176a802
Variable types: 55968 continuous, 21940 integer (21578 binary)
Coefficient statistics:
  Matrix range     [1e-03, 1e+05]
  Objective range  [6e-02, 6e-02]
  Bounds range     [1e+00, 3e+00]
  RHS range        [1e-02, 2e+07]

MIP start from previous solve produced solution with objective 45.8041 (0.61s)
MIP start from previous solve produced solution with objective 45.8041 (0.62s)
Loaded MIP start from previous solve with objective 45.8041

Presolve removed 176432 rows and 50655 columns
Presolve time: 1.74s
Presolved: 35371 rows, 27253 columns, 127990 nonzeros
Variable types: 23595 continuous, 3658 integer (3593 binary)
Root barrier log...

Ordering time: 0.30s

Barrier statistics:
 Dense cols : 67
 AA' NZ     : 3.868e+05
 Factor NZ  : 3.237e+06 (roughly 50 MB of memory)
 Factor Ops : 1.472e+09 (less than 1 second per iteration)
 Threads    : 32

                  Objective                Residual
Iter       Primal          Dual         Primal    Dual     Compl     Time
   0  -6.01487530e+05 -2.81831237e+05  2.85e+04 1.68e-01  6.34e+02     3s
   1  -3.48785428e+05 -3.07933272e+05  1.62e+04 4.44e-01  3.65e+02     3s
   2  -1.17694299e+05 -3.72955670e+05  5.25e+03 2.65e-13  1.32e+02     3s
   3  -1.44717072e+04 -3.07120872e+05  6.28e+02 4.86e-13  2.00e+01     3s
   4  -2.73346584e+03 -1.35130214e+05  1.23e+02 7.85e-14  4.60e+00     3s
   5  -1.14387378e+03 -8.44207440e+04  5.92e+01 3.75e-14  2.27e+00     3s
   6  -5.56772716e+02 -4.18372734e+04  3.24e+01 1.33e-14  1.04e+00     3s
   7  -8.75283661e+01 -1.83365245e+04  1.13e+01 7.46e-15  3.83e-01     3s
   8   9.23176720e+01 -3.18529492e+03  1.80e+00 2.90e-15  6.19e-02     3s
   9   8.18725080e+01 -3.34499963e+02  1.55e-02 2.03e-15  6.66e-03     3s
  10   3.80088681e+01 -1.21720567e+02  3.38e-03 8.88e-16  2.50e-03     3s
  11   2.65282277e+01 -6.63313044e+01  1.64e-03 4.44e-16  1.45e-03     3s
  12   2.23261259e+01 -3.90946641e+01  1.14e-03 4.44e-16  9.60e-04     3s
  13   1.97000291e+01 -1.89733442e+01  8.42e-04 4.44e-16  6.05e-04     3s
  14   1.63468502e+01 -8.02902998e+00  5.00e-04 4.44e-16  3.81e-04     3s
  15   1.47879120e+01 -4.78252070e+00  3.52e-04 4.44e-16  3.05e-04     3s
  16   1.30090039e+01  6.26242107e-01  1.95e-04 4.44e-16  1.93e-04     3s
  17   1.21646659e+01  5.45471294e+00  1.23e-04 4.44e-16  1.05e-04     3s
  18   1.12894935e+01  7.40682423e+00  5.47e-05 2.22e-16  6.05e-05     3s
  19   1.10721273e+01  8.80773907e+00  3.96e-05 4.44e-16  3.53e-05     3s
  20   1.08644308e+01  9.09710789e+00  2.56e-05 4.44e-16  2.75e-05     3s
  21   1.07718405e+01  9.54298106e+00  1.95e-05 4.44e-16  1.92e-05     3s
  22   1.06766770e+01  9.76270516e+00  1.34e-05 4.44e-16  1.42e-05     3s
  23   1.05939427e+01  1.01299703e+01  7.75e-06 4.44e-16  7.24e-06     3s
  24   1.05357076e+01  1.02963063e+01  4.01e-06 4.44e-16  3.73e-06     3s
  25   1.05098198e+01  1.03665364e+01  2.44e-06 4.44e-16  2.23e-06     3s
  26   1.04970190e+01  1.03917785e+01  1.69e-06 2.22e-16  1.64e-06     3s
  27   1.04909662e+01  1.04337538e+01  1.33e-06 4.93e-16  8.95e-07     3s
  28   1.04810620e+01  1.04482970e+01  7.67e-07 4.44e-16  5.12e-07     4s
  29   1.04764881e+01  1.04579780e+01  5.16e-07 4.44e-16  2.90e-07     4s
  30   1.04733538e+01  1.04611807e+01  3.41e-07 2.22e-16  1.91e-07     4s
  31   1.04726313e+01  1.04618549e+01  3.00e-07 2.01e-15  1.69e-07     4s
  32   1.04705000e+01  1.04635063e+01  1.76e-07 4.44e-16  1.09e-07     4s
  33   1.04696007e+01  1.04650137e+01  1.25e-07 8.27e-16  7.18e-08     4s
  34   1.04687966e+01  1.04661439e+01  7.90e-08 1.57e-15  4.16e-08     4s
  35   1.04679211e+01  1.04665159e+01  2.87e-08 1.59e-15  2.19e-08     4s
  36   1.04676505e+01  1.04668649e+01  1.40e-08 9.03e-16  1.23e-08     4s
  37   1.04674449e+01  1.04673073e+01  3.01e-09 4.98e-15  2.15e-09     4s
  38   1.04673880e+01  1.04673484e+01  8.12e-10 4.38e-12  6.15e-10     4s
  39   1.04673835e+01  1.04673791e+01  2.24e-09 8.49e-13  6.79e-11     4s
  40   1.04673830e+01  1.04673810e+01  9.60e-10 3.29e-13  3.17e-11     4s

Barrier solved model in 40 iterations and 3.79 seconds (3.65 work units)
Optimal objective 1.04673830e+01


Root simplex log...

Iteration    Objective       Primal Inf.    Dual Inf.      Time
    5595    1.0467383e+01   0.000000e+00   0.000000e+00      5s
    5595    1.0467383e+01   0.000000e+00   0.000000e+00      5s

Root relaxation: objective 1.046738e+01, 5595 iterations, 2.67 seconds (3.52 work units)

    Nodes    |    Current Node    |     Objective Bounds      |     Work
 Expl Unexpl |  Obj  Depth IntInf | Incumbent    BestBd   Gap | It/Node Time

     0     0   10.46738    0  595   45.80408   10.46738  77.1%     -    9s
H    0     0                      24.3391307   10.46738  57.0%     -   11s
H    0     0                      23.9638035   11.50419  52.0%     -   25s
     0     0   11.50419    0  509   23.96380   11.50419  52.0%     -   25s
     0     0   11.58589    0  462   23.96380   11.58589  51.7%     -   33s
H    0     0                      19.7156908   11.58825  41.2%     -   34s
     0     0   11.59918    0  463   19.71569   11.59918  41.2%     -   35s
     0     0   11.59918    0  462   19.71569   11.59918  41.2%     -   35s
     0     0   11.65901    0  680   19.71569   11.65901  40.9%     -   41s
     0     0   11.67489    0  611   19.71569   11.67489  40.8%     -   46s
     0     0   11.67628    0  584   19.71569   11.67628  40.8%     -   47s
     0     0   11.67662    0  586   19.71569   11.67662  40.8%     -   47s
     0     0   11.67686    0  589   19.71569   11.67686  40.8%     -   47s
     0     0   11.74489    0  589   19.71569   11.74489  40.4%     -   47s
     0     0   11.74489    0  569   19.71569   11.74489  40.4%     -   52s
     0     0   11.75083    0  560   19.71569   11.75083  40.4%     -   56s
     0     0   11.75094    0  567   19.71569   11.75094  40.4%     -   57s
     0     0   11.76420    0  477   19.71569   11.76420  40.3%     -   60s
     0     0   11.76430    0  472   19.71569   11.76430  40.3%     -   60s
     0     0   11.76979    0  561   19.71569   11.76979  40.3%     -   62s
     0     0   11.77028    0  563   19.71569   11.77028  40.3%     -   63s
     0     0   11.77042    0  566   19.71569   11.77042  40.3%     -   63s
     0     0   11.77066    0  565   19.71569   11.77066  40.3%     -   64s
     0     0   11.77066    0  564   19.71569   11.77066  40.3%     -   64s
     0     0   11.77254    0  553   19.71569   11.77254  40.3%     -   65s
     0     0   11.77270    0  553   19.71569   11.77270  40.3%     -   66s
     0     0   11.77270    0  556   19.71569   11.77270  40.3%     -   66s
     0     0   11.77270    0  466   19.71569   11.77270  40.3%     -   70s
     0     2   11.77270    0  460   19.71569   11.77270  40.3%     -   79s
     1     4   12.54423    1  492   19.71569   11.77270  40.3%  4070   83s
     3     8   13.65246    2  676   19.71569   11.80805  40.1%  3665   89s
     7    16   13.66925    3  677   19.71569   11.90743  39.6%  3392   98s
    15    32   14.23159    4  727   19.71569   11.91258  39.6%  3559  111s
    31    64   14.32836    5  750   19.71569   11.92402  39.5%  3851  154s
H   34    64                      19.3096246   11.92402  38.2%  4258  154s
H   35    64                      18.6663059   11.92402  36.1%  5382  154s
H   39    64                      17.4527780   11.92402  31.7%  5893  154s
H   49    64                      16.3781676   11.96885  26.9%  7708  154s
    63    96   14.33781    6  771   16.37817   11.96885  26.9%  6771  181s
H   95   128                      16.3781676   11.96885  26.9%  4946  190s
H   96   128                      16.3620780   11.96885  26.9%  4901  190s
H  104   128                      16.3604545   11.96885  26.8%  4650  190s
H  113   128                      15.7866874   11.96885  24.2%  4453  190s
   127   158   14.35412    8  786   15.78669   11.96885  24.2%  4094  196s
H  159   186                      15.7130922   11.96885  23.8%  3504  228s
H  160   186                      15.6444982   11.96885  23.5%  3485  228s
H  161   186                      15.6389480   11.96885  23.5%  3470  228s
H  178   186                      15.4626537   11.96885  22.6%  3316  229s
   191   239   14.40608   10  738   15.46265   11.96885  22.6%  3133  236s
   250   285   14.48325   12  715   15.46265   11.96885  22.6%  2638  245s
   300   333   14.52894   13  715   15.46265   11.96885  22.6%  2465  251s
   352   382   14.53483   14  687   15.46265   11.96885  22.6%  2336  257s
   403   438   14.57835   16  669   15.46265   11.96885  22.6%  2272  264s
   461   496   14.97729   17  614   15.46265   11.96885  22.6%  2158  272s
   521   556   14.71792   18  681   15.46265   11.96885  22.6%  2065  277s
   583   612   14.74314   20  622   15.46265   11.96885  22.6%  1976  286s
   649   670   15.00753   21  505   15.46265   11.96885  22.6%  1945  296s
   719   737   14.85860   22  499   15.46265   11.96885  22.6%  1884  320s
   804   806   14.88505   26  483   15.46265   11.96885  22.6%  1864  327s
   896   863   15.01076   29  390   15.46265   11.96885  22.6%  1820  340s
   985   924   14.98305   31  559   15.46265   11.96885  22.6%  1796  347s
  1072  1004   15.14038   34  479   15.46265   11.96885  22.6%  1775  358s
  1172  1086   15.17862   35  470   15.46265   11.96885  22.6%  1733  368s
  1279  1108   15.24494   36  445   15.46265   11.96885  22.6%  1691  455s
H 1280  1108                      15.3012978   11.96885  21.8%  1690  455s
H 1281  1108                      14.9645017   11.96885  20.0%  1689  455s
H 1285  1108                      14.8983814   11.96885  19.7%  1687  455s
  1318  1111     cutoff   36        14.89838   11.98589  19.5%  1677  616s
H 1321  1111                      13.9219765   11.98589  13.9%  1673  616s
H 1331  1111                      13.6857896   12.00416  12.3%  1683  616s
  1374  1170   13.67027    7  515   13.68579   12.00416  12.3%  1701  627s
  1521  1295     cutoff    8        13.68579   12.00416  12.3%  1676  637s
  1668  1470   13.09563   29  183   13.68579   12.00416  12.3%  1651  645s
  1869  1681   13.40063   40  165   13.68579   12.00416  12.3%  1573  653s
  2107  1834   13.55918   52  192   13.68579   12.00830  12.3%  1474  664s
H 2352  1750                      13.6740118   12.00830  12.2%  1411  753s
H 2362  1750                      13.6715673   12.00830  12.2%  1412  753s
H 2371  1750                      13.6509592   12.00830  12.0%  1416  753s
  2397  1839   12.08972   10  436   13.65096   12.00830  12.0%  1410  762s
  2587  1867   12.34957   17  395   13.65096   12.00830  12.0%  1403  772s
  2743  1889   12.77524   20  345   13.65096   12.00830  12.0%  1406  781s
  2924  1531   12.66957   18  466   13.65096   12.00830  12.0%  1396 1004s
  2926  1532   13.39342   41  625   13.65096   12.00830  12.0%  1395 1017s
  2927  1533   13.37507   15  496   13.65096   12.00830  12.0%  1395 1038s
  2928  1534   12.93694   33  512   13.65096   12.00830  12.0%  1394 1044s
  2929  1534   13.30999   44  630   13.65096   12.00830  12.0%  1394 1046s
H 2930  1458                      13.6467313   12.00830  12.0%  1393 1065s
  2933  1460   12.88123   19  479   13.64673   12.00830  12.0%  1392 1080s
  2935  1461   13.21290   59  441   13.64673   12.00830  12.0%  1391 1088s
  2937  1463   13.21020   32  496   13.64673   12.00830  12.0%  1390 1091s
  2938  1463   13.27760   36  474   13.64673   12.00830  12.0%  1389 1098s
  2940  1465   12.85151   35  487   13.64673   12.00830  12.0%  1388 1100s
  2941  1465   13.05877   53  475   13.64673   12.00830  12.0%  1388 1107s
  2943  1467   12.40172   14  481   13.64673   12.00830  12.0%  1387 1116s
  2945  1468   12.48684   17  464   13.64673   12.01113  12.0%  1386 1126s
  2948  1470   13.26933   35  469   13.64673   12.01967  11.9%  1385 1137s
  2950  1471   13.45598   31  459   13.64673   12.02262  11.9%  1384 1143s
  2952  1473   12.96001   29  461   13.64673   12.03897  11.8%  1383 1151s
  2954  1474   12.60953   30  466   13.64673   12.03897  11.8%  1382 1155s
  2955  1475   12.75514   13  466   13.64673   12.03897  11.8%  1381 1160s
  2957  1479   12.97876   15  592   13.64673   12.03897  11.8%  1409 1171s
  2959  1480     cutoff   16        13.64673   12.03897  11.8%  1415 1188s
  2963  1485   12.03897   17  420   13.64673   12.03897  11.8%  1415 1196s
  2969  1491   12.03897   18  578   13.64673   12.03897  11.8%  1422 1222s
  2981  1507   12.03897   19  525   13.64673   12.03897  11.8%  1447 1250s
  3001  1530   12.31221   20  481   13.64673   12.03897  11.8%  1502 1263s
H 3005  1454                      13.6467307   12.03897  11.8%  1503 1263s
H 3013  1381                      13.6467162   12.03897  11.8%  1515 1263s
  3033  1401   12.48744   21  617   13.64672   12.03897  11.8%  1537 1276s
  3065  1414   13.08745   21  587   13.64672   12.03897  11.8%  1565 1286s
  3097  1431   12.52363   22  570   13.64672   12.03897  11.8%  1582 1295s
  3129  1451   12.53153   23  526   13.64672   12.03897  11.8%  1593 1302s
H 3135  1382                      13.6467161   12.03897  11.8%  1594 1302s
H 3136  1317                      13.6467157   12.03897  11.8%  1593 1302s
  3161  1342   12.53536   24  479   13.64672   12.03897  11.8%  1602 1310s
  3198  1360   12.72341   26  476   13.64672   12.03897  11.8%  1611 1326s
  3234  1378   12.65562   26  413   13.64672   12.03897  11.8%  1625 1333s
  3271  1397   12.89981   27  469   13.64672   12.03897  11.8%  1630 1342s
  3313  1424   12.81710   27  443   13.64672   12.03897  11.8%  1636 1354s
  3365  1441   12.82926   28  437   13.64672   12.03897  11.8%  1639 1364s
  3404  1470   12.83314   30  399   13.64672   12.03897  11.8%  1641 1374s
  3456  1497   12.86441   32  404   13.64672   12.03897  11.8%  1644 1382s
  3518  1504   13.09324   33  387   13.64672   12.03897  11.8%  1643 1393s
H 3583  1428                      13.6337767   12.03897  11.7%  1645 1542s
H 3584  1371                      13.6302306   12.03897  11.7%  1646 1542s
H 3586  1315                      13.6282220   12.03897  11.7%  1647 1542s
H 3593  1261                      13.6282212   12.03897  11.7%  1647 1542s
H 3615  1205                      13.6282204   12.03897  11.7%  1651 1542s
  3622  1238   13.13683   32  449   13.62822   12.03897  11.7%  1654 1551s
H 3639  1186                      13.6282204   12.03897  11.7%  1654 1551s
  3682  1214   13.34349   32  430   13.62822   12.03897  11.7%  1655 1583s
  3759  1206   13.33115   33  442   13.62822   12.03897  11.7%  1663 1725s
H 3764  1160                      13.6282203   12.03897  11.7%  1663 1725s
H 3772  1115                      13.4685539   12.03897  10.6%  1664 1725s
  3796  1112   13.14778   34  391   13.46855   12.03897  10.6%  1665 1739s
  3886  1103     cutoff   34        13.46855   12.03897  10.6%  1674 1754s
  3958  1117     cutoff   36        13.46855   12.03897  10.6%  1692 1772s
  4037  1142   13.46490   38  342   13.46855   12.03897  10.6%  1704 1784s
  4118  1160     cutoff   39        13.46855   12.03897  10.6%  1715 1803s
  4202  1180   12.80161   28  410   13.46855   12.03897  10.6%  1725 1815s
  4297  1185   12.88379   30  368   13.46855   12.03897  10.6%  1723 1828s
  4397  1195   13.37194   32  323   13.46855   12.03897  10.6%  1725 1844s
  4504  1202 infeasible   36        13.46855   12.03897  10.6%  1736 1857s
  4616  1215   13.11788   31  321   13.46855   12.03897  10.6%  1742 1873s
  4725  1227   13.32140   34  337   13.46855   12.03897  10.6%  1753 1890s
  4845  1217     cutoff   34        13.46855   12.08740  10.3%  1756 1907s
H 4847  1175                      13.4685539   12.08740  10.3%  1757 1907s
  4912  1216   12.83124   23  397   13.46855   12.08740  10.3%  1764 1926s
  5049  1226   13.03641   26  332   13.46855   12.08740  10.3%  1770 1940s
  5178  1249   13.23538   30  315   13.46855   12.08740  10.3%  1771 1957s
  5336  1308   13.41252   34  341   13.46855   12.23096  9.19%  1769 1976s
  5489  1405   12.33123   22  541   13.46855   12.23096  9.19%  1772 1989s
  5680  1463   12.55108   26  408   13.46855   12.23096  9.19%  1755 2009s
  5881  1480   12.82039   31  468   13.46855   12.23096  9.19%  1751 2038s
H 5932  1480                      13.4685539   12.23096  9.19%  1759 2038s
H 5959  1480                      13.4685539   12.23096  9.19%  1760 2038s
  5985  1518     cutoff   34        13.46855   12.23096  9.19%  1762 2062s
  6134  1589   13.43962   38  389   13.46855   12.23096  9.19%  1769 2081s
  6304  1642     cutoff   37        13.46855   12.27198  8.88%  1775 2099s
  6472  1719   13.22395   34  288   13.46855   12.27198  8.88%  1784 2116s
  6666  1773   13.22744   35  269   13.46855   12.29019  8.75%  1784 2137s
  6905  1820     cutoff   31        13.46855   12.33131  8.44%  1780 2159s
H 7087  1851                      13.4540233   12.33131  8.34%  1790 2198s
H 7088  1810                      13.4182083   12.33131  8.10%  1791 2198s
  7202  1885   13.14712   22  401   13.41821   12.33131  8.10%  1798 2222s
  7395  1968   13.21266   23  275   13.41821   12.33131  8.10%  1814 2245s
  7656  2022     cutoff   24        13.41821   12.33131  8.10%  1814 2492s
  7922  2105   13.31456   25  320   13.41821   12.33131  8.10%  1839 2516s
  8243  2126     cutoff   28        13.41821   12.33131  8.10%  1838 2555s
H 8269  2126                      13.4182083   12.33131  8.10%  1842 2555s
  8440  2186   13.40797   28  227   13.41821   12.33131  8.10%  1852 2594s
  8723  2244     cutoff   28        13.41821   12.58454  6.21%  1867 2629s
  9039  2338   12.97916   34  481   13.41821   12.59310  6.15%  1867 2658s
  9346  2472   13.37357   40  466   13.41821   12.59559  6.13%  1878 2695s
  9640  2584   13.28322   33  265   13.41821   12.62744  5.89%  1881 2790s
 10022  2715   12.88402   29  511   13.41821   12.65042  5.72%  1889 2840s
 10416  2751   13.31301   32  255   13.41821   12.68154  5.49%  1895 2904s
 10786  2860   12.92578   31  393   13.41821   12.70287  5.33%  1911 2937s
 11194  2966   13.32570   40  202   13.41821   12.70480  5.32%  1909 2983s
 11678  3054   13.13620   29  618   13.41821   12.72813  5.14%  1914 3018s
 12207  3194     cutoff   28        13.41821   12.73450  5.10%  1916 3062s
 12749  3287     cutoff   37        13.41821   12.76743  4.85%  1919 3158s
 13247  3368   12.89779   26  439   13.41821   12.77948  4.76%  1922 3226s
 13760  3483   13.15628   30  371   13.41821   12.78084  4.75%  1935 3276s
 14313  3609   13.40277   35  472   13.41821   12.79545  4.64%  1941 3338s
 14857  3745   13.14963   33  388   13.41821   12.82202  4.44%  1953 3396s
 15459  3887   13.05940   37  450   13.41821   12.84074  4.30%  1962 3440s
 16234  3940     cutoff   35        13.41821   12.85273  4.21%  1959 3490s
 16857  3983   13.20737   26  438   13.41821   12.87165  4.07%  1973 3535s
 17504  4097   13.15041   30  297   13.41821   12.88427  3.98%  1981 3593s
 18273  4201   13.18201   28  478   13.41821   12.89898  3.87%  1980 3656s
 19002  4315   13.41762   36  322   13.41821   12.91301  3.77%  1984 3719s
 19769  4439     cutoff   33        13.41821   12.93126  3.63%  1984 3774s
 20693  4571   13.37133   32  283   13.41821   12.95222  3.47%  1976 3840s
 21604  4573   13.29635   33  571   13.41821   12.95600  3.44%  1971 4000s
 21665  4719   13.29635   34  513   13.41821   12.96589  3.37%  1974 4062s
 22586  4778   13.27495   30  352   13.41821   12.98301  3.24%  1974 4195s
 23499  4912     cutoff   36        13.41821   12.99646  3.14%  1974 4263s
 24513  4903   13.33875   41  302   13.41821   13.01645  2.99%  1969 4336s
 25513  4900   13.28340   32  477   13.41821   13.03128  2.88%  1972 4442s
 26440  4880     cutoff   38        13.41821   13.04709  2.77%  1981 4511s
 27494  4964     cutoff   29        13.41821   13.06437  2.64%  1984 4594s
 28669  4981   13.32233   40  155   13.41821   13.07711  2.54%  1981 4678s
 29842  4963   13.40508   32  331   13.41821   13.09143  2.44%  1979 4838s
 30987  4921     cutoff   33        13.41821   13.10477  2.34%  1989 4947s
 32225  4870   13.20181   30  380   13.41821   13.11985  2.22%  1994 5036s
 33647  4709   13.26865   31  451   13.41821   13.13615  2.10%  1994 5132s
 35122  4621   13.30069   38  423   13.41821   13.15219  1.98%  1992 5225s
 36625  4408     cutoff   28        13.41821   13.16960  1.85%  1990 5313s
 38115  4220     cutoff   30        13.41821   13.18721  1.72%  1990 5406s
 39722  3938   13.27521   32  270   13.41821   13.20706  1.57%  1992 5505s
 41396  3540     cutoff   31        13.41821   13.22811  1.42%  1994 5640s
 43046  3095   13.38894   37  346   13.41821   13.24809  1.27%  2000 5753s
 45019  2465     cutoff   39        13.41821   13.27095  1.10%  1995 5863s
 47050  1661     cutoff   50        13.41821   13.29399  0.93%  1990 5984s
 49324   303     cutoff   46        13.41821   13.32338  0.71%  1982 6118s

Cutting planes:
  Learned: 8
  Gomory: 42
  Cover: 114
  Implied bound: 997
  Projected implied bound: 50
  Clique: 31
  MIR: 1245
  StrongCG: 1
  Flow cover: 2892
  Inf proof: 2
  Zero half: 13
  RLT: 96
  Relax-and-lift: 164
  BQP: 16
  PSD: 3

Explored 51969 nodes (101693460 simplex iterations) in 6122.05 seconds (14723.20 work units)
Thread count was 32 (of 128 available processors)

Solution count 10: 13.4182 13.454 13.4686 ... 13.6282

Optimal solution found (tolerance 5.00e-03)
Best objective 1.341820829921e+01, best bound 1.335953878883e+01, gap 0.4372%


*********************************************
*********************************************


Set parameter LogFile to value "/work/07346/ashukla/ls6/Norta_Results/norta_sm_16_5/40M"
Gurobi Optimizer version 10.0.2 build v10.0.2rc0 (linux64)

CPU model: AMD EPYC 7763 64-Core Processor, instruction set [SSE2|AVX|AVX2]
Thread count: 128 physical cores, 128 logical processors, using up to 32 threads

Optimize a model with 211803 rows, 77908 columns and 590120 nonzeros
Model fingerprint: 0xebc8d03e
Variable types: 55968 continuous, 21940 integer (21578 binary)
Coefficient statistics:
  Matrix range     [1e-03, 1e+05]
  Objective range  [6e-02, 6e-02]
  Bounds range     [1e+00, 3e+00]
  RHS range        [1e-02, 4e+07]

MIP start from previous solve produced solution with objective 13.4182 (0.67s)
MIP start from previous solve produced solution with objective 13.4182 (0.67s)
Loaded MIP start from previous solve with objective 13.4182

Presolve removed 176432 rows and 50655 columns
Presolve time: 1.71s
Presolved: 35371 rows, 27253 columns, 127990 nonzeros
Variable types: 23595 continuous, 3658 integer (3593 binary)
Root barrier log...

Ordering time: 0.31s

Barrier statistics:
 Dense cols : 67
 AA' NZ     : 3.868e+05
 Factor NZ  : 3.237e+06 (roughly 50 MB of memory)
 Factor Ops : 1.472e+09 (less than 1 second per iteration)
 Threads    : 32

                  Objective                Residual
Iter       Primal          Dual         Primal    Dual     Compl     Time
   0  -4.60685636e+05 -2.81831303e+05  2.17e+04 1.68e-01  4.87e+02     3s
   1  -2.57234574e+05 -3.05428138e+05  1.18e+04 5.19e-01  2.74e+02     3s
   2  -7.92627570e+04 -3.67068728e+05  2.80e+03 1.27e-13  9.12e+01     3s
   3  -1.35571176e+04 -2.40506750e+05  7.20e+01 4.42e-13  1.73e+01     3s
   4  -1.50993757e+03 -1.30985259e+05  9.08e+00 5.66e-14  3.49e+00     3s
   5  -6.52859893e+01 -1.00578174e+05  1.45e+00 5.00e-14  1.76e+00     3s
   6   1.16522318e+02 -3.70394900e+04  4.04e-01 1.48e-14  6.06e-01     3s
   7   1.54336660e+02 -5.09530732e+03  1.98e-02 1.78e-15  8.18e-02     3s
   8   1.19727919e+02 -1.36200020e+03  8.72e-03 6.66e-16  2.31e-02     3s
   9   4.22380395e+01 -1.53693553e+02  4.48e-04 4.44e-16  3.04e-03     3s
  10   2.09539329e+01 -5.54982054e+01  1.82e-04 4.44e-16  1.19e-03     3s
  11   1.35337281e+01 -1.88429162e+01  9.91e-05 4.44e-16  5.02e-04     3s
  12   1.02850140e+01 -7.04333011e+00  6.56e-05 4.44e-16  2.69e-04     3s
  13   7.75808868e+00 -2.18136748e+00  4.11e-05 4.44e-16  1.54e-04     3s
  14   6.40126250e+00  1.54463824e+00  2.83e-05 4.44e-16  7.54e-05     3s
  15   5.34833021e+00  2.49527849e+00  1.85e-05 4.44e-16  4.43e-05     3s
  16   4.53873961e+00  2.86937832e+00  1.11e-05 4.44e-16  2.59e-05     3s
  17   4.10974125e+00  3.16082076e+00  7.29e-06 4.44e-16  1.47e-05     3s
  18   3.84085065e+00  3.20058487e+00  4.77e-06 4.44e-16  9.95e-06     3s
  19   3.80787522e+00  3.22850656e+00  4.44e-06 4.44e-16  9.00e-06     3s
  20   3.67280892e+00  3.29004921e+00  3.11e-06 4.44e-16  5.95e-06     3s
  21   3.50854197e+00  3.30833506e+00  1.49e-06 4.44e-16  3.11e-06     3s
  22   3.45720346e+00  3.32533457e+00  1.01e-06 4.44e-16  2.05e-06     3s
  23   3.43427293e+00  3.33323741e+00  7.78e-07 4.44e-16  1.57e-06     3s
  24   3.41180442e+00  3.33636771e+00  5.58e-07 4.44e-16  1.17e-06     3s
  25   3.38632861e+00  3.34449560e+00  3.00e-07 4.44e-16  6.50e-07     3s
  26   3.38007696e+00  3.35009829e+00  2.35e-07 4.44e-16  4.66e-07     4s
  27   3.37519660e+00  3.35197442e+00  1.85e-07 4.44e-16  3.61e-07     4s
  28   3.36758092e+00  3.35318942e+00  1.06e-07 2.22e-16  2.24e-07     4s
  29   3.36431170e+00  3.35418041e+00  7.23e-08 2.36e-16  1.57e-07     4s
  30   3.36198163e+00  3.35536197e+00  5.06e-08 4.44e-16  1.03e-07     4s
  31   3.36018133e+00  3.35615914e+00  3.23e-08 2.22e-16  6.25e-08     4s
  32   3.35903502e+00  3.35650400e+00  2.01e-08 2.22e-16  3.93e-08     4s
  33   3.35811792e+00  3.35666242e+00  1.05e-08 2.22e-16  2.26e-08     4s
  34   3.35810469e+00  3.35669895e+00  1.03e-08 2.22e-16  2.18e-08     4s
  35   3.35736338e+00  3.35693187e+00  2.58e-09 4.44e-16  6.70e-09     4s
  36   3.35713685e+00  3.35706775e+00  1.70e-09 4.71e-14  1.07e-09     4s
  37   3.35709804e+00  3.35708967e+00  5.09e-10 5.54e-14  1.30e-10     4s
  38   3.35709224e+00  3.35709102e+00  2.63e-09 2.08e-13  1.89e-11     4s

Barrier solved model in 38 iterations and 3.77 seconds (3.66 work units)
Optimal objective 3.35709224e+00


Root simplex log...

Iteration    Objective       Primal Inf.    Dual Inf.      Time
    7434    3.3570914e+00   0.000000e+00   5.475756e-05      5s
    7463    3.3570914e+00   0.000000e+00   0.000000e+00      5s
    7464    3.3570914e+00   0.000000e+00   0.000000e+00      5s
Extra simplex iterations after uncrush: 1

Root relaxation: objective 3.357091e+00, 7464 iterations, 2.71 seconds (3.55 work units)

    Nodes    |    Current Node    |     Objective Bounds      |     Work
 Expl Unexpl |  Obj  Depth IntInf | Incumbent    BestBd   Gap | It/Node Time

     0     0    3.35709    0  326   13.41821    3.35709  75.0%     -    9s
H    0     0                       8.7689371    3.92182  55.3%     -   37s
H    0     0                       7.8266505    3.92182  49.9%     -   37s
H    0     0                       6.6328101    3.92182  40.9%     -   37s
     0     0    3.92450    0  432    6.63281    3.92450  40.8%     -   37s
     0     0    3.92688    0  460    6.63281    3.92688  40.8%     -   43s
     0     0    3.96727    0  454    6.63281    3.96727  40.2%     -   48s
     0     0    3.97392    0  455    6.63281    3.97392  40.1%     -   54s
     0     0    3.98540    0  484    6.63281    3.98540  39.9%     -   58s
     0     0    3.98720    0  465    6.63281    3.98720  39.9%     -   62s
     0     0    3.99455    0  459    6.63281    3.99455  39.8%     -   64s
     0     0    3.99464    0  459    6.63281    3.99464  39.8%     -   64s
     0     0    3.99473    0  444    6.63281    3.99473  39.8%     -   64s
     0     0    3.99474    0  444    6.63281    3.99474  39.8%     -   66s
     0     0    3.99564    0  415    6.63281    3.99564  39.8%     -   67s
     0     0    3.99564    0  415    6.63281    3.99564  39.8%     -   68s
     0     0    3.99588    0  419    6.63281    3.99588  39.8%     -   69s
H    0     0                       6.5650089    3.99588  39.1%     -   70s
     0     0    3.99589    0  450    6.56501    3.99589  39.1%     -   71s
     0     0    3.99651    0  418    6.56501    3.99651  39.1%     -   72s
     0     0    3.99651    0  343    6.56501    3.99651  39.1%     -   76s
H    0     0                       6.5181688    3.99651  38.7%     -   79s
H    0     2                       6.5181688    3.99651  38.7%     -   85s
     0     2    3.99651    0  335    6.51817    3.99651  38.7%     -   85s
     1     4    4.00307    1  419    6.51817    3.99651  38.7%  4974   91s
     3     8    4.18476    2  518    6.51817    4.00307  38.6%  5741   99s
     7    16    5.08329    3  456    6.51817    4.00387  38.6%  4424  106s
    15    32    5.11348    4  499    6.51817    4.02703  38.2%  3913  112s
    31    64    5.16196    5  578    6.51817    4.02905  38.2%  4440  210s
H   34    64                       6.2916381    4.02905  36.0%  4256  210s
H   37    64                       5.7784850    4.02905  30.3%  4974  210s
H   48    64                       5.4970688    4.02941  26.7%  6537  210s
H   52    64                       5.2697456    4.02941  23.5%  6501  210s
    63    72    5.17411    6  562    5.26975    4.02941  23.5%  6122  236s
   103   100    5.17599    6  550    5.26975    4.03033  23.5%  4304  248s
H  120   100                       4.9345221    4.03033  18.3%  4055  248s
   135   128     cutoff    7         4.93452    4.03033  18.3%  3803  257s
H  169   156                       4.7246900    4.03033  14.7%  3510  274s
H  174   156                       4.6927255    4.03033  14.1%  3492  274s
   201   191    4.60812    8  440    4.69273    4.03033  14.1%  3232  282s
   256   224    4.61864    9  458    4.69273    4.03033  14.1%  2783  289s
   308   263    4.63333   10  441    4.69273    4.03033  14.1%  2610  296s
   356   313     cutoff   11         4.69273    4.03033  14.1%  2495  305s
   421   350     cutoff    9         4.69273    4.03033  14.1%  2302  313s
   475   403    4.33461   13  289    4.69273    4.03033  14.1%  2180  323s
   542   457    4.36431   14  223    4.69273    4.03033  14.1%  2082  329s
H  616   481                       4.5185162    4.03033  10.8%  1987  462s
H  617   481                       4.4507581    4.03033  9.45%  1984  462s
   649   412     cutoff   16         4.45076    4.03033  9.45%  1961  470s
   766   439     cutoff   15         4.45076    4.03033  9.45%  1871  480s
   834   502     cutoff   15         4.45076    4.03033  9.45%  1900  491s
   942   560     cutoff   15         4.45076    4.03033  9.45%  1836  499s
  1055   619    4.22402   14  378    4.45076    4.03033  9.45%  1753  527s
H 1101   619                       4.4400969    4.03033  9.23%  1766  527s
  1164   639    4.33744   15  415    4.44010    4.03033  9.23%  1723  537s
  1284   687    4.36436   16  425    4.44010    4.03033  9.23%  1706  548s
  1411   701     cutoff   18         4.44010    4.03033  9.23%  1667  563s
  1527   682     cutoff   16         4.44010    4.09172  7.85%  1684  573s
  1631   705    4.22401    8  295    4.44010    4.09172  7.85%  1706  584s
  1722   689    4.31813   12  268    4.44010    4.09172  7.85%  1740  597s
  1819   700     cutoff   15         4.44010    4.13867  6.79%  1800  606s
  1911   732     cutoff   22         4.44010    4.13996  6.76%  1832  617s
  2037   788    4.31134   24  132    4.44010    4.13996  6.76%  1839  631s
  2220   783     cutoff   36         4.44010    4.13996  6.76%  1810  647s
  2361   767     cutoff   15         4.44010    4.15655  6.39%  1794  659s
  2523   756    4.42463    9  388    4.44010    4.15655  6.39%  1802  676s
  2688   711    4.36768    9  447    4.44010    4.15655  6.39%  1821  703s
  2787   700     cutoff   10         4.44010    4.22606  4.82%  1839  727s
  2985   663    4.40564   18  302    4.44010    4.23113  4.71%  1852  746s
  3190   617    4.42610   19  312    4.44010    4.23113  4.71%  1849  763s
  3455   528     cutoff   19         4.44010    4.26584  3.92%  1836  775s
  3693   399     cutoff   16         4.44010    4.31954  2.72%  1835  788s
  3975   179     cutoff   20         4.44010    4.31954  2.72%  1826  801s
  4262    11     cutoff   36         4.44010    4.38396  1.26%  1791  813s
  4445     0     cutoff    8         4.44010    4.40960  0.69%  1739  821s

Cutting planes:
  Learned: 4
  Gomory: 46
  Cover: 167
  Implied bound: 1682
  Clique: 67
  MIR: 446
  StrongCG: 3
  Flow cover: 242
  Zero half: 9
  RLT: 97
  Relax-and-lift: 95
  BQP: 9
  PSD: 2

Explored 4456 nodes (7791774 simplex iterations) in 821.90 seconds (1862.10 work units)
Thread count was 32 (of 128 available processors)

Solution count 10: 4.4401 4.45076 4.51852 ... 6.29164

Optimal solution found (tolerance 5.00e-03)
Best objective 4.440096875001e+00, best bound 4.440096875001e+00, gap 0.0000%


*********************************************
*********************************************


Set parameter LogFile to value "/work/07346/ashukla/ls6/Norta_Results/norta_sm_16_5/60M"
Gurobi Optimizer version 10.0.2 build v10.0.2rc0 (linux64)

CPU model: AMD EPYC 7763 64-Core Processor, instruction set [SSE2|AVX|AVX2]
Thread count: 128 physical cores, 128 logical processors, using up to 32 threads

Optimize a model with 211803 rows, 77908 columns and 590120 nonzeros
Model fingerprint: 0x4b1c31b5
Variable types: 55968 continuous, 21940 integer (21578 binary)
Coefficient statistics:
  Matrix range     [1e-03, 1e+05]
  Objective range  [6e-02, 6e-02]
  Bounds range     [1e+00, 3e+00]
  RHS range        [1e-02, 6e+07]

MIP start from previous solve produced solution with objective 4.4401 (0.72s)
MIP start from previous solve produced solution with objective 4.4401 (0.73s)
Loaded MIP start from previous solve with objective 4.4401

Presolve removed 176432 rows and 50655 columns
Presolve time: 1.80s
Presolved: 35371 rows, 27253 columns, 127990 nonzeros
Variable types: 23595 continuous, 3658 integer (3593 binary)
Root barrier log...

Ordering time: 0.31s

Barrier statistics:
 Dense cols : 67
 AA' NZ     : 3.868e+05
 Factor NZ  : 3.237e+06 (roughly 50 MB of memory)
 Factor Ops : 1.472e+09 (less than 1 second per iteration)
 Threads    : 32

                  Objective                Residual
Iter       Primal          Dual         Primal    Dual     Compl     Time
   0  -4.25192476e+05 -2.81831376e+05  2.00e+04 1.68e-01  4.50e+02     3s
   1  -2.34070883e+05 -2.92735587e+05  1.05e+04 5.27e-01  2.49e+02     3s
   2  -1.03759250e+05 -3.63220441e+05  3.17e+03 3.49e-13  1.14e+02     3s
   3  -1.18007246e+04 -2.56704804e+05  6.29e+01 8.40e-14  1.57e+01     3s
   4  -1.42521049e+03 -1.37455707e+05  8.62e+00 3.28e-14  3.47e+00     3s
   5  -5.64376605e+01 -1.03091927e+05  1.40e+00 2.14e-14  1.78e+00     3s
   6   9.76142129e+01 -5.36371720e+04  5.26e-01 1.14e-14  8.79e-01     3s
   7   1.58730534e+02 -6.22715855e+03  3.25e-02 2.11e-15  9.98e-02     3s
   8   9.97006452e+01 -1.11181194e+03  4.84e-03 1.11e-15  1.88e-02     3s
   9   3.68215208e+01 -2.05975583e+02  3.55e-04 4.44e-16  3.76e-03     3s
  10   1.74899421e+01 -8.55537597e+01  1.04e-04 6.66e-16  1.60e-03     3s
  11   9.37302904e+00 -4.06270743e+01  4.71e-05 4.44e-16  7.75e-04     3s
  12   4.62192349e+00 -1.70043476e+01  1.89e-05 4.44e-16  3.35e-04     3s
  13   4.16999236e+00 -6.68643966e+00  1.67e-05 4.44e-16  1.68e-04     3s
  14   3.12858542e+00 -2.90019479e+00  1.23e-05 4.44e-16  9.35e-05     3s
  15   2.41101347e+00 -1.23165062e+00  9.08e-06 4.44e-16  5.65e-05     3s
  16   1.54025097e+00 -5.10359377e-01  5.39e-06 4.44e-16  3.18e-05     3s
  17   9.76389359e-01 -1.12304945e-01  3.16e-06 4.44e-16  1.69e-05     3s
  18   6.90713478e-01  9.14876203e-02  1.92e-06 4.44e-16  9.30e-06     3s
  19   5.90487520e-01  1.26904633e-01  1.48e-06 4.44e-16  7.19e-06     4s
  20   5.57752789e-01  1.46571781e-01  1.33e-06 4.44e-16  6.38e-06     4s
  21   5.18390399e-01  1.77227234e-01  1.16e-06 4.44e-16  5.29e-06     4s
  22   4.89814096e-01  1.98299086e-01  1.04e-06 2.22e-16  4.52e-06     4s
  23   4.37511369e-01  2.04738474e-01  8.18e-07 2.22e-16  3.61e-06     4s
  24   4.05654379e-01  2.33323770e-01  6.80e-07 4.44e-16  2.67e-06     4s
  25   3.80733199e-01  2.38859874e-01  5.77e-07 4.44e-16  2.20e-06     4s
  26   3.10584331e-01  2.45814073e-01  2.29e-07 4.44e-16  1.00e-06     4s
  27   3.00960237e-01  2.48993293e-01  1.88e-07 4.44e-16  8.06e-07     4s
  28   2.90632774e-01  2.50989756e-01  1.37e-07 4.44e-16  6.15e-07     4s
  29   2.80849823e-01  2.53103195e-01  8.95e-08 4.44e-16  4.30e-07     4s
  30   2.76522856e-01  2.55762377e-01  6.83e-08 4.44e-16  3.22e-07     4s
  31   2.72308786e-01  2.59141358e-01  4.78e-08 2.22e-16  2.04e-07     4s
  32   2.70302444e-01  2.59981818e-01  3.87e-08 4.44e-16  1.60e-07     4s
  33   2.68151346e-01  2.60633952e-01  2.82e-08 4.44e-16  1.17e-07     4s
  34   2.66393958e-01  2.60751859e-01  2.05e-08 4.44e-16  8.75e-08     4s
  35   2.65637377e-01  2.61401159e-01  1.66e-08 4.44e-16  6.57e-08     4s
  36   2.64582115e-01  2.61833278e-01  1.12e-08 4.44e-16  4.27e-08     4s
  37   2.63599347e-01  2.62184100e-01  6.50e-09 4.44e-16  2.20e-08     4s
  38   2.63239863e-01  2.62210493e-01  4.50e-09 1.76e-14  1.60e-08     4s
  39   2.63039766e-01  2.62251174e-01  3.42e-09 7.50e-14  1.22e-08     4s
  40   2.62791788e-01  2.62333277e-01  2.05e-09 1.14e-14  7.12e-09     4s
  41   2.62487237e-01  2.62365143e-01  3.88e-10 4.71e-14  1.89e-09     4s
  42   2.62462537e-01  2.62393282e-01  2.61e-10 1.45e-14  1.07e-09     4s
  43   2.62447060e-01  2.62404894e-01  1.88e-10 5.76e-15  6.54e-10     4s
  44   2.62429344e-01  2.62408962e-01  9.27e-11 4.37e-15  3.16e-10     4s
  45   2.62416030e-01  2.62410812e-01  2.95e-10 2.89e-14  8.10e-11     4s
  46   2.62412209e-01  2.62411990e-01  1.61e-09 2.56e-14  3.40e-12     4s

Barrier solved model in 46 iterations and 4.15 seconds (3.94 work units)
Optimal objective 2.62412209e-01


Root simplex log...

Iteration    Objective       Primal Inf.    Dual Inf.      Time
    4391    2.6241225e-01   0.000000e+00   7.472924e-05      5s
    4396    2.6241225e-01   0.000000e+00   0.000000e+00      5s
Extra simplex iterations after uncrush: 5

Root relaxation: objective 2.624123e-01, 4396 iterations, 2.48 seconds (2.39 work units)

    Nodes    |    Current Node    |     Objective Bounds      |     Work
 Expl Unexpl |  Obj  Depth IntInf | Incumbent    BestBd   Gap | It/Node Time

     0     0    0.26241    0  221    4.44010    0.26241  94.1%     -    8s
H    0     0                       2.8478399    0.33268  88.3%     -   23s
H    0     0                       2.1049262    0.33268  84.2%     -   23s
     0     0    0.33268    0  273    2.10493    0.33268  84.2%     -   23s
H    0     0                       2.0703492    0.33268  83.9%     -   25s
     0     0    0.33315    0  285    2.07035    0.33315  83.9%     -   27s
     0     0    0.33728    0  285    2.07035    0.33728  83.7%     -   28s
H    0     0                       2.0478780    0.33728  83.5%     -   31s
     0     0    0.33803    0  278    2.04788    0.33803  83.5%     -   31s
     0     0    0.34014    0  275    2.04788    0.34014  83.4%     -   33s
     0     0    0.34014    0  275    2.04788    0.34014  83.4%     -   36s
     0     0    0.34014    0  275    2.04788    0.34014  83.4%     -   37s
     0     0    0.34014    0  274    2.04788    0.34014  83.4%     -   37s
     0     0    0.34014    0  274    2.04788    0.34014  83.4%     -   38s
     0     0    0.34014    0  220    2.04788    0.34014  83.4%     -   42s
     0     2    0.34014    0  218    2.04788    0.34014  83.4%     -   48s
     1     4    0.63576    1  196    2.04788    0.34014  83.4%  3819   52s
     3     8    1.52987    2  195    2.04788    0.34097  83.4%  3345   59s
     7    16    1.53311    3  192    2.04788    0.34195  83.3%  2870   62s
    15    32    1.71193    4  181    2.04788    0.34261  83.3%  2393   67s
    31    64    1.88277    5  188    2.04788    0.34274  83.3%  2392   76s
H   34    64                       2.0478780    0.34274  83.3%  2251   76s
H   47    64                       2.0234099    0.34274  83.1%  2571   76s
    63    96    1.88290    6  193    2.02341    0.34371  83.0%  2350   91s
    95   126    1.88472    7  189    2.02341    0.34371  83.0%  2083  101s
   127   158    1.88581    8  181    2.02341    0.34371  83.0%  1913  108s
   159   187     cutoff    8         2.02341    0.34371  83.0%  1761  118s
H  160   187                       2.0234069    0.34371  83.0%  1750  118s
H  162   187                       1.9972774    0.34371  82.8%  1765  118s
   191   218    1.88972    9  170    1.99728    0.34371  82.8%  1937  133s
H  194   218                       1.6179015    0.34371  78.8%  1921  133s
H  200   218                       1.4049942    0.34371  75.5%  1911  133s
H  210   218                       1.0890730    0.34371  68.4%  1936  133s
   223   200     cutoff   10         1.08907    0.34371  68.4%  1890  192s
H  227   200                       1.0589983    0.34371  67.5%  1856  192s
H  228   200                       1.0475079    0.34371  67.2%  1850  192s
H  230   200                       1.0402564    0.34371  67.0%  1895  192s
H  237   200                       0.9098362    0.34371  62.2%  1847  192s
H  247   200                       0.8962587    0.34371  61.7%  1792  192s
   271   204     cutoff   10         0.89626    0.34417  61.6%  1686  324s
H  272   204                       0.5040463    0.34417  31.7%  1680  324s
H  281   204                       0.4871825    0.35063  28.0%  1691  324s
H  297   204                       0.4544644    0.35063  22.8%  1711  324s
   315   204     cutoff   10         0.45446    0.35063  22.8%  1716  325s
   321   120    0.40724    7  154    0.45446    0.35063  22.8%  1757  330s
   413    67    0.35257    7  233    0.45446    0.35257  22.4%  1439  337s
   493    67     cutoff    8         0.45446    0.35257  22.4%  1311  352s
   555    91    0.36141    9  300    0.45446    0.35600  21.7%  1252  359s
   640   155    0.36323   10  226    0.45446    0.36141  20.5%  1182  364s
   772   135    0.39504   11  248    0.45446    0.36141  20.5%  1069  373s
   878   149    0.41215   12  250    0.45446    0.36141  20.5%  1050  376s
   987   166     cutoff   13         0.45446    0.36141  20.5%  1029  381s
  1113   199    0.40205   11  209    0.45446    0.36141  20.5%  1006  385s
  1385   212     cutoff   15         0.45446    0.36141  20.5%   999  395s
  1452   231     cutoff   14         0.45446    0.36141  20.5%  1004  403s
  1584   183     cutoff   13         0.45446    0.36141  20.5%  1033  414s
  1692   126    0.42336   19  165    0.45446    0.36141  20.5%  1076  420s
  1797    88    0.43635   20  153    0.45446    0.36141  20.5%  1098  427s
  1891    44     cutoff   21         0.45446    0.36141  20.5%  1129  432s
  1969    12     cutoff   36         0.45446    0.39238  13.7%  1132  440s
  2021     6    0.45163   28   33    0.45446    0.39707  12.6%  1140  446s
  2035     9    0.41531   11  103    0.45446    0.40741  10.4%  1143  452s
  2044    12    0.42780   12   48    0.45446    0.41602  8.46%  1147  460s
  2085     0     cutoff   22         0.45446    0.44871  1.27%  1156  466s

Cutting planes:
  Learned: 1
  Gomory: 14
  Cover: 176
  Implied bound: 955
  Clique: 55
  MIR: 268
  StrongCG: 2
  Flow cover: 134
  Zero half: 6
  RLT: 19
  Relax-and-lift: 70
  BQP: 7
  PSD: 8

Explored 2094 nodes (2444216 simplex iterations) in 466.22 seconds (1075.94 work units)
Thread count was 32 (of 128 available processors)

Solution count 10: 0.454464 0.487183 0.504046 ... 1.40499

Optimal solution found (tolerance 5.00e-03)
Best objective 4.544643750004e-01, best bound 4.544643750004e-01, gap 0.0000%


*********************************************
*********************************************


Set parameter LogFile to value "/work/07346/ashukla/ls6/Norta_Results/norta_sm_16_5/80M"
Gurobi Optimizer version 10.0.2 build v10.0.2rc0 (linux64)

CPU model: AMD EPYC 7763 64-Core Processor, instruction set [SSE2|AVX|AVX2]
Thread count: 128 physical cores, 128 logical processors, using up to 32 threads

Optimize a model with 211803 rows, 77908 columns and 590120 nonzeros
Model fingerprint: 0x98dfd643
Variable types: 55968 continuous, 21940 integer (21578 binary)
Coefficient statistics:
  Matrix range     [1e-03, 1e+05]
  Objective range  [6e-02, 6e-02]
  Bounds range     [1e+00, 3e+00]
  RHS range        [1e-02, 8e+07]

MIP start from previous solve produced solution with objective 0.454464 (0.74s)
Loaded MIP start from previous solve with objective 0.454464

Presolve removed 181071 rows and 51439 columns
Presolve time: 1.94s
Presolved: 30732 rows, 26469 columns, 114796 nonzeros
Variable types: 22967 continuous, 3502 integer (3444 binary)
Root barrier log...

Ordering time: 0.26s

Barrier statistics:
 Dense cols : 43
 AA' NZ     : 3.088e+05
 Factor NZ  : 2.355e+06 (roughly 40 MB of memory)
 Factor Ops : 8.308e+08 (less than 1 second per iteration)
 Threads    : 32

                  Objective                Residual
Iter       Primal          Dual         Primal    Dual     Compl     Time
   0  -6.82591054e+04 -2.42823690e+05  3.45e+02 1.68e-01  7.40e+01     3s
   1  -2.47946473e+04 -2.08778117e+05  1.26e+02 3.88e-01  2.81e+01     3s
   2  -2.22187315e+03 -1.16618215e+05  1.23e+01 1.70e-14  4.01e+00     3s
   3  -1.46381913e+02 -7.81237797e+04  1.75e+00 1.17e-14  1.59e+00     3s
   4   8.37747527e+01 -5.58768007e+04  5.22e-01 9.54e-15  1.02e+00     3s
   5   1.28372483e+02 -6.41498067e+03  2.36e-01 1.36e-15  1.21e-01     3s
   6   1.06672710e+02 -1.86096085e+03  2.74e-02 1.33e-15  3.44e-02     3s
   7   6.34243518e+01 -5.96675202e+02  9.82e-03 8.88e-16  1.15e-02     3s
   8   1.98931636e+01 -1.69819934e+02  2.32e-03 8.88e-16  3.29e-03     3s
   9   9.15134868e+00 -8.34984364e+01  8.62e-04 6.66e-16  1.60e-03     3s
  10   1.61755933e+00 -1.45666116e+01  2.18e-05 4.44e-16  2.79e-04     3s
  11   2.46636401e-01 -1.56503708e+00  1.02e-06 4.44e-16  3.12e-05     3s
  12   3.48313805e-02 -1.78688731e-01  9.93e-08 4.44e-16  3.68e-06     3s
  13   5.47242253e-03 -2.70767879e-02  1.50e-08 4.44e-16  5.61e-07     3s
  14   5.45062458e-04 -1.62665878e-03  1.47e-09 4.44e-16  3.75e-08     3s
  15   1.34364219e-05 -2.04601851e-05  3.52e-11 4.44e-16  5.85e-10     3s
  16   1.34503466e-08 -2.04594244e-08  5.74e-12 8.68e-16  5.85e-13     3s

Barrier solved model in 16 iterations and 3.42 seconds (3.16 work units)
Optimal objective 1.34503466e-08


Root relaxation: objective 1.023182e-12, 4583 iterations, 1.37 seconds (1.21 work units)
Total elapsed time = 9.80s
Total elapsed time = 10.29s

    Nodes    |    Current Node    |     Objective Bounds      |     Work
 Expl Unexpl |  Obj  Depth IntInf | Incumbent    BestBd   Gap | It/Node Time

     0     0    0.00000    0   15    0.45446    0.00000   100%     -   11s
H    0     0                       0.4336299    0.00000   100%     -   11s
     0     0    0.00000    0   81    0.43363    0.00000   100%     -   15s
H    0     0                       0.3969401    0.00000   100%     -   17s
     0     0    0.00000    0   79    0.39694    0.00000   100%     -   18s
H    0     0                       0.3931225    0.00000   100%     -   21s
     0     0    0.00000    0   13    0.39312    0.00000   100%     -   22s
     0     0    0.00000    0   14    0.39312    0.00000   100%     -   24s
     0     0    0.00000    0   12    0.39312    0.00000   100%     -   26s
     0     0    0.00000    0   12    0.39312    0.00000   100%     -   28s
     0     0    0.00000    0   15    0.39312    0.00000   100%     -   32s
H    0     0                       0.1385440    0.00000   100%     -   33s
     0     0    0.00000    0   15    0.13854    0.00000   100%     -   33s
     0     0    0.00000    0   11    0.13854    0.00000   100%     -   35s
     0     0    0.00000    0   11    0.13854    0.00000   100%     -   36s
     0     0    0.00000    0   11    0.13854    0.00000   100%     -   37s
     0     0    0.00000    0   11    0.13854    0.00000   100%     -   38s
     0     0    0.00000    0   10    0.13854    0.00000   100%     -   39s
     0     0    0.00000    0   10    0.13854    0.00000   100%     -   40s
     0     0    0.00000    0    5    0.13854    0.00000   100%     -   40s
     0     0    0.00000    0    5    0.13854    0.00000   100%     -   41s
     0     0    0.00000    0    5    0.13854    0.00000   100%     -   41s
     0     0    0.00000    0    5    0.13854    0.00000   100%     -   42s
H    0     0                       0.0397229    0.00000   100%     -   42s
     0     2    0.00000    0    5    0.03972    0.00000   100%     -   43s
     1     4    0.00002    1   61    0.03972    0.00000   100%  3927   46s
     7     8     cutoff    3         0.03972    0.00000   100%   911   53s
*   15    14               4       0.0000000    0.00000  0.00%  1402   60s

Cutting planes:
  Learned: 1
  Cover: 14
  Implied bound: 163
  MIR: 36
  RLT: 5
  Relax-and-lift: 2
  PSD: 1

Explored 23 nodes (82154 simplex iterations) in 60.45 seconds (91.30 work units)
Thread count was 32 (of 128 available processors)

Solution count 7: 5.68434e-13 0.0397229 0.138544 ... 0.454464

Optimal solution found (tolerance 5.00e-03)
Best objective 5.684341886081e-13, best bound 5.684341886081e-13, gap 0.0000%


*********************************************
*********************************************


