Set parameter TokenServer to value "license02.tacc.utexas.edu"
Set parameter LogFile to value "/work/07346/ashukla/ls6/Norta_Results/norta_sm_16_20/0M"
Set parameter MIPGap to value 0.005
Set parameter TimeLimit to value 32400
Set parameter Method to value 2
Gurobi Optimizer version 10.0.2 build v10.0.2rc0 (linux64)

CPU model: AMD EPYC 7763 64-Core Processor, instruction set [SSE2|AVX|AVX2]
Thread count: 128 physical cores, 128 logical processors, using up to 32 threads

Optimize a model with 211659 rows, 77908 columns and 589688 nonzeros
Model fingerprint: 0x4f8b2bce
Variable types: 55968 continuous, 21940 integer (21578 binary)
Coefficient statistics:
  Matrix range     [1e-03, 1e+05]
  Objective range  [6e-02, 6e-02]
  Bounds range     [1e+00, 3e+00]
  RHS range        [1e-02, 2e+04]
Presolve removed 210818 rows and 76764 columns
Presolve time: 1.40s
Presolved: 841 rows, 1144 columns, 3898 nonzeros
Variable types: 1007 continuous, 137 integer (137 binary)
Found heuristic solution: objective 68.0969786
Root barrier log...

Ordering time: 0.00s

Barrier statistics:
 AA' NZ     : 4.625e+03
 Factor NZ  : 1.995e+04 (roughly 1 MB of memory)
 Factor Ops : 8.993e+05 (less than 1 second per iteration)
 Threads    : 1

                  Objective                Residual
Iter       Primal          Dual         Primal    Dual     Compl     Time
   0  -6.80620630e+02 -7.11562567e+03  6.62e+01 1.68e-01  1.68e+01     1s
   1   1.48982523e+01 -2.36130256e+03  3.82e+00 8.88e-16  1.81e+00     1s
   2   5.25859342e+01 -2.33574173e+02  4.14e-01 8.88e-16  1.73e-01     1s
   3   5.37241769e+01  1.71423756e+01  1.07e-02 8.88e-16  1.89e-02     1s
   4   4.86062915e+01  4.04732117e+01  8.43e-04 6.66e-16  4.15e-03     1s
   5   4.73903629e+01  4.50006220e+01  3.13e-04 2.22e-16  1.22e-03     1s
   6   4.68454193e+01  4.58291016e+01  9.94e-05 1.33e-16  5.19e-04     1s
   7   4.67029593e+01  4.63286859e+01  5.04e-05 2.22e-16  1.91e-04     1s
   8   4.66526693e+01  4.64743886e+01  3.02e-05 2.22e-16  9.11e-05     1s
   9   4.66040477e+01  4.65161543e+01  1.20e-05 2.22e-16  4.49e-05     1s
  10   4.65742663e+01  4.65533489e+01  1.47e-06 2.22e-16  1.07e-05     1s
  11   4.65718968e+01  4.65593713e+01  7.68e-07 2.22e-16  6.39e-06     2s
  12   4.65694507e+01  4.65685987e+01  2.10e-08 2.22e-16  4.34e-07     2s
  13   4.65692535e+01  4.65692179e+01  3.07e-09 2.22e-16  1.81e-08     2s
  14   4.65692299e+01  4.65692298e+01  8.84e-09 4.44e-16  4.56e-11     2s

Barrier solved model in 14 iterations and 1.50 seconds (1.70 work units)
Optimal objective 4.65692299e+01


Root relaxation: objective 4.656923e+01, 10 iterations, 0.02 seconds (0.01 work units)

    Nodes    |    Current Node    |     Objective Bounds      |     Work
 Expl Unexpl |  Obj  Depth IntInf | Incumbent    BestBd   Gap | It/Node Time

     0     0   46.56923    0    2   68.09698   46.56923  31.6%     -    1s
H    0     0                      46.5705321   46.56923  0.00%     -    1s

Explored 1 nodes (10 simplex iterations) in 1.52 seconds (1.71 work units)
Thread count was 32 (of 128 available processors)

Solution count 2: 46.5705 68.097 

Optimal solution found (tolerance 5.00e-03)
Best objective 4.657053213879e+01, best bound 4.656922985834e+01, gap 0.0028%


*********************************************
*********************************************


Set parameter LogFile to value "/work/07346/ashukla/ls6/Norta_Results/norta_sm_16_20/20M"
Gurobi Optimizer version 10.0.2 build v10.0.2rc0 (linux64)

CPU model: AMD EPYC 7763 64-Core Processor, instruction set [SSE2|AVX|AVX2]
Thread count: 128 physical cores, 128 logical processors, using up to 32 threads

Optimize a model with 211659 rows, 77908 columns and 589688 nonzeros
Model fingerprint: 0x7d171cf8
Variable types: 55968 continuous, 21940 integer (21578 binary)
Coefficient statistics:
  Matrix range     [1e-03, 1e+05]
  Objective range  [6e-02, 6e-02]
  Bounds range     [1e+00, 3e+00]
  RHS range        [1e-02, 2e+07]

MIP start from previous solve produced solution with objective 46.5705 (0.58s)
MIP start from previous solve produced solution with objective 46.5705 (0.59s)
Loaded MIP start from previous solve with objective 46.5705

Presolve removed 175959 rows and 50649 columns
Presolve time: 1.60s
Presolved: 35700 rows, 27259 columns, 128950 nonzeros
Variable types: 23590 continuous, 3669 integer (3605 binary)
Root barrier log...

Ordering time: 0.33s

Barrier statistics:
 Dense cols : 62
 AA' NZ     : 4.294e+05
 Factor NZ  : 3.602e+06 (roughly 50 MB of memory)
 Factor Ops : 1.829e+09 (less than 1 second per iteration)
 Threads    : 32

                  Objective                Residual
Iter       Primal          Dual         Primal    Dual     Compl     Time
   0  -9.81570995e+05 -2.87219102e+05  5.21e+04 1.68e-01  1.03e+03     3s
   1  -5.99421250e+05 -3.23725462e+05  3.14e+04 3.76e-01  6.21e+02     3s
   2  -1.19974737e+05 -3.85557125e+05  5.69e+03 8.80e-14  1.35e+02     3s
   3  -2.20117555e+04 -2.71244055e+05  9.72e+02 2.34e-13  2.64e+01     3s
   4  -3.95347878e+03 -1.71250976e+05  1.85e+02 9.29e-14  6.38e+00     3s
   5  -1.64720075e+03 -9.28502586e+04  5.51e+01 1.26e-14  2.76e+00     3s
   6  -6.01771809e+02 -6.12136857e+04  2.88e+01 8.57e-15  1.42e+00     3s
   7  -2.97775412e+02 -3.53019494e+04  1.76e+01 6.04e-15  7.73e-01     3s
   8   5.11964538e+01 -6.35358048e+03  2.32e+00 4.54e-15  1.29e-01     3s
   9   1.13833834e+02 -7.67760796e+02  3.88e-02 5.95e-15  1.43e-02     3s
  10   5.21137873e+01 -1.96945217e+02  2.85e-03 2.36e-15  3.86e-03     3s
  11   3.67944763e+01 -8.97208503e+01  1.44e-03 1.07e-15  1.96e-03     3s
  12   2.78875320e+01 -6.76295624e+01  8.40e-04 8.01e-16  1.48e-03     3s
  13   2.41941275e+01 -2.98863619e+01  6.37e-04 4.44e-16  8.37e-04     3s
  14   1.81544641e+01 -2.15049433e+01  3.22e-04 4.44e-16  6.13e-04     3s
  15   1.60500717e+01 -1.34455316e+01  2.23e-04 4.44e-16  4.56e-04     3s
  16   1.46765620e+01 -1.94860810e+00  1.66e-04 4.44e-16  2.57e-04     3s
  17   1.34956281e+01  4.59961248e+00  1.23e-04 4.44e-16  1.38e-04     3s
  18   1.20622741e+01  5.65035227e+00  7.23e-05 4.44e-16  9.92e-05     3s
  19   1.15566796e+01  6.54067056e+00  5.36e-05 2.22e-16  7.76e-05     3s
  20   1.14084128e+01  6.66093147e+00  4.84e-05 4.44e-16  7.34e-05     3s
  21   1.08112643e+01  8.49364701e+00  2.75e-05 2.22e-16  3.59e-05     3s
  22   1.05516176e+01  8.96456284e+00  1.82e-05 2.22e-16  2.45e-05     3s
  23   1.03273316e+01  9.31779730e+00  1.07e-05 2.22e-16  1.56e-05     3s
  24   1.01989624e+01  9.45289418e+00  6.43e-06 2.22e-16  1.15e-05     3s
  25   1.00947362e+01  9.66408380e+00  3.07e-06 4.44e-16  6.65e-06     3s
  26   1.00612323e+01  9.78119126e+00  2.02e-06 4.44e-16  4.32e-06     3s
  27   1.00445126e+01  9.87777089e+00  1.47e-06 4.44e-16  2.58e-06     3s
  28   1.00200493e+01  9.93996248e+00  7.34e-07 2.22e-16  1.24e-06     3s
  29   1.00073215e+01  9.96817241e+00  3.71e-07 4.44e-16  6.05e-07     3s
  30   1.00026993e+01  9.97964168e+00  2.45e-07 4.44e-16  3.57e-07     3s
  31   9.99938544e+00  9.98386301e+00  1.55e-07 4.44e-16  2.40e-07     3s
  32   9.99735994e+00  9.98890874e+00  9.84e-08 4.44e-16  1.31e-07     3s
  33   9.99599042e+00  9.99110970e+00  6.23e-08 6.74e-16  7.55e-08     3s
  34   9.99524508e+00  9.99190615e+00  4.27e-08 4.44e-16  5.17e-08     4s
  35   9.99466461e+00  9.99247655e+00  2.88e-08 4.44e-16  3.39e-08     4s
  36   9.99404875e+00  9.99319117e+00  1.21e-08 1.28e-15  1.33e-08     4s
  37   9.99381600e+00  9.99332480e+00  5.92e-09 1.12e-15  7.60e-09     4s
  38   9.99372073e+00  9.99344591e+00  3.37e-09 9.69e-13  4.25e-09     4s
  39   9.99364663e+00  9.99351121e+00  1.45e-09 1.35e-12  2.09e-09     4s
  40   9.99359930e+00  9.99355959e+00  1.12e-09 3.06e-14  6.13e-10     4s
  41   9.99359068e+00  9.99358338e+00  5.84e-10 6.41e-13  1.12e-10     4s
  42   9.99358990e+00  9.99358831e+00  1.54e-09 4.01e-12  2.45e-11     4s

Barrier solved model in 42 iterations and 3.68 seconds (3.77 work units)
Optimal objective 9.99358990e+00


Root relaxation: objective 9.993590e+00, 7025 iterations, 2.69 seconds (3.31 work units)
Total elapsed time = 8.05s

    Nodes    |    Current Node    |     Objective Bounds      |     Work
 Expl Unexpl |  Obj  Depth IntInf | Incumbent    BestBd   Gap | It/Node Time

     0     0    9.99359    0  496   46.57053    9.99359  78.5%     -    8s
H    0     0                      24.8411242    9.99359  59.8%     -   10s
H    0     0                      24.8411242    9.99359  59.8%     -   11s
     0     0   11.25011    0  578   24.84112   11.25011  54.7%     -   20s
H    0     0                      16.3946861   11.25011  31.4%     -   22s
H    0     0                      15.6351894   11.25011  28.0%     -   23s
     0     0   11.32372    0  508   15.63519   11.32372  27.6%     -   26s
     0     0   11.32683    0  518   15.63519   11.32683  27.6%     -   27s
     0     0   11.32784    0  527   15.63519   11.32784  27.5%     -   27s
     0     0   11.32785    0  527   15.63519   11.32785  27.5%     -   27s
     0     0   11.44830    0  554   15.63519   11.44830  26.8%     -   33s
     0     0   11.46625    0  561   15.63519   11.46625  26.7%     -   37s
     0     0   11.46666    0  561   15.63519   11.46666  26.7%     -   37s
     0     0   11.46671    0  561   15.63519   11.46671  26.7%     -   37s
H    0     0                      15.5945927   11.46671  26.5%     -   39s
     0     0   11.57472    0  552   15.59459   11.57472  25.8%     -   42s
H    0     0                      15.4571996   11.57472  25.1%     -   44s
     0     0   11.59213    0  587   15.45720   11.59213  25.0%     -   45s
     0     0   11.59213    0  587   15.45720   11.59213  25.0%     -   45s
     0     0   11.60671    0  815   15.45720   11.60671  24.9%     -   49s
     0     0   11.61147    0  669   15.45720   11.61147  24.9%     -   53s
     0     0   11.61185    0  671   15.45720   11.61185  24.9%     -   53s
     0     0   11.61235    0  672   15.45720   11.61235  24.9%     -   54s
     0     0   11.61236    0  672   15.45720   11.61236  24.9%     -   54s
     0     0   11.61256    0  668   15.45720   11.61256  24.9%     -   54s
     0     0   11.61256    0  668   15.45720   11.61256  24.9%     -   57s
     0     0   11.61264    0  667   15.45720   11.61264  24.9%     -   57s
     0     0   11.61264    0  667   15.45720   11.61264  24.9%     -   57s
     0     0   11.61264    0  667   15.45720   11.61264  24.9%     -   58s
     0     0   11.61264    0  563   15.45720   11.61264  24.9%     -   61s
     0     0   11.61264    0  567   15.45720   11.61264  24.9%     -   61s
     0     0   11.61264    0  554   15.45720   11.61264  24.9%     -   63s
     0     0   11.61264    0  554   15.45720   11.61264  24.9%     -   66s
     0     2   11.61264    0  554   15.45720   11.61264  24.9%     -   73s
     1     4   11.64180    1  684   15.45720   11.61264  24.9%  3443   76s
     3     8   12.16050    2  728   15.45720   11.64898  24.6%  3945   81s
     7    16   12.55523    3  723   15.45720   11.79407  23.7%  3740   86s
    15    32   12.80789    4  775   15.45720   11.80239  23.6%  3270   93s
    31    64   12.85991    5  787   15.45720   11.81629  23.6%  3382  106s
H   32    64                      15.4571996   11.81629  23.6%  3277  106s
H   39    64                      15.4560968   11.81629  23.5%  3024  106s
    63    96   13.03398    6  807   15.45610   11.82440  23.5%  3284  161s
H   67    96                      15.0669069   11.82440  21.5%  3302  161s
    95   128   13.09797    6  856   15.06691   11.82440  21.5%  3993  173s
   127   160   13.06466    7  811   15.06691   11.82440  21.5%  3422  185s
   159   192   13.09626    8  777   15.06691   11.82440  21.5%  3236  204s
H  160   192                      15.0277324   11.82440  21.3%  3216  204s
H  168   192                      15.0086376   11.82440  21.2%  3144  204s
H  174   192                      14.9954016   11.82440  21.1%  3124  204s
   191   227   13.09964    9  741   14.99540   11.82440  21.1%  3011  216s
   226   259   13.20489   10  647   14.99540   11.82440  21.1%  2862  224s
H  230   259                      14.9381887   11.82440  20.8%  2847  224s
H  242   259                      14.8641339   11.82440  20.5%  2811  224s
H  243   259                      14.7087309   11.82440  19.6%  2801  224s
   258   303   13.21650   11  556   14.70873   11.82440  19.6%  2733  231s
   302   355   13.25605   12  663   14.70873   11.82440  19.6%  2511  240s
   354   410   13.25883   13  632   14.70873   11.82440  19.6%  2318  251s
   411   460   13.32677   15  586   14.70873   11.82440  19.6%  2185  260s
   463   512   13.38184   17  551   14.70873   11.82440  19.6%  2100  277s
   517   568   13.38840   17  541   14.70873   11.82440  19.6%  2049  286s
   577   633   13.63972   19  549   14.70873   11.82440  19.6%  2002  296s
   647   700   13.80644   20  557   14.70873   11.82440  19.6%  1916  306s
   721   783   13.81520   21  520   14.70873   11.82440  19.6%  1852  313s
   808   860   13.86539   23  511   14.70873   11.82440  19.6%  1765  319s
   899   922   13.94074   26  423   14.70873   11.82440  19.6%  1700  325s
   989  1007   14.19949   28  390   14.70873   11.82440  19.6%  1659  332s
  1091  1081   14.38352   29  340   14.70873   11.82440  19.6%  1603  340s
  1189  1169   14.44465   30  340   14.70873   11.82440  19.6%  1572  347s
  1290  1224   14.46349   31  340   14.70873   11.82440  19.6%  1538  356s
H 1291  1224                      14.6683724   11.82440  19.4%  1537  356s
H 1293  1224                      14.6074632   11.82440  19.1%  1538  356s
H 1312  1224                      14.5404755   11.82440  18.7%  1537  356s
  1358  1310     cutoff   32        14.54048   11.82440  18.7%  1515  365s
  1467  1403     cutoff   31        14.54048   11.82942  18.6%  1500  373s
  1587  1500   13.68864    7  533   14.54048   11.82942  18.6%  1485  382s
  1711  1595   12.04999    7  627   14.54048   11.82942  18.6%  1463  392s
  1826  1721   12.56734    8  643   14.54048   11.82942  18.6%  1452  400s
  1969  1750   12.60457    9  627   14.54048   11.82942  18.6%  1418  550s
H 1970  1750                      14.5343758   11.82942  18.6%  1417  550s
H 1971  1750                      14.0045937   11.82942  15.5%  1419  550s
H 1972  1750                      13.8426063   11.82942  14.5%  1418  550s
H 1973  1750                      13.7738063   11.82942  14.1%  1418  550s
H 1977  1750                      13.7408721   11.82942  13.9%  1419  550s
H 1984  1750                      13.5206984   11.82942  12.5%  1423  550s
H 1994  1750                      13.5185900   11.82942  12.5%  1423  550s
H 2002  1708                      13.5185900   11.82942  12.5%  1425  654s
H 2016  1708                      13.5185899   11.82942  12.5%  1425  654s
H 2034  1708                      13.4903209   11.82942  12.3%  1426  654s
H 2035  1708                      13.4442261   11.82942  12.0%  1428  654s
  2100  1769   12.06679    8  606   13.44423   11.82942  12.0%  1415  663s
  2213  1805   13.28475   12  517   13.44423   11.82942  12.0%  1443  673s
  2331  1796   13.36453   13  521   13.44423   11.82942  12.0%  1463  683s
  2453  1774   13.38868   14  427   13.44423   11.82942  12.0%  1481  697s
  2586  1762     cutoff   15        13.44423   11.82942  12.0%  1503  710s
  2724  1775   12.76793   21  384   13.44423   11.82942  12.0%  1519  722s
  2859  1792   13.06515   26  303   13.44423   11.82942  12.0%  1528  739s
  3009  1400   13.25136   20  554   13.44423   11.82942  12.0%  1537 1045s
  3011  1401   13.34421   16  487   13.44423   11.82942  12.0%  1536 1058s
  3012  1402   12.52177   15  555   13.44423   11.82942  12.0%  1535 1084s
  3013  1403   13.25173   56  689   13.44423   11.82942  12.0%  1535 1089s
  3014  1403   13.22806   21  657   13.44423   11.82942  12.0%  1534 1092s
  3016  1405   13.29524   28  600   13.44423   11.82942  12.0%  1533 1095s
  3018  1406   13.06418    8  463   13.44423   11.82942  12.0%  1532 1108s
  3019  1407   13.34075   21  479   13.44423   11.82942  12.0%  1532 1110s
  3020  1407   12.96248   18  613   13.44423   11.82942  12.0%  1531 1122s
  3021  1408   12.54488   17  625   13.44423   11.82942  12.0%  1531 1125s
  3022  1409   12.84277    7  612   13.44423   11.82942  12.0%  1530 1132s
  3025  1411   13.14932   19  471   13.44423   11.82942  12.0%  1529 1150s
  3027  1412   13.28377   10  491   13.44423   11.82942  12.0%  1528 1162s
  3029  1413   12.43869   12  544   13.44423   11.82942  12.0%  1527 1174s
  3030  1414   13.21955   26  636   13.44423   11.82942  12.0%  1526 1176s
  3031  1415   12.85348   25  499   13.44423   11.82942  12.0%  1526 1182s
  3033  1416   13.44271   34  508   13.44423   11.82942  12.0%  1525 1193s
  3035  1417   12.33379    9  590   13.44423   11.84653  11.9%  1524 1199s
  3036  1418   12.90700   36  584   13.44423   11.84653  11.9%  1523 1204s
  3037  1419   13.02124   19  584   13.44423   11.84653  11.9%  1523 1213s
  3038  1422   12.15879   13  547   13.44423   11.84653  11.9%  36.0 1221s
  3040  1426   12.24819   14  688   13.44423   11.84653  11.9%  37.7 1229s
  3044  1432   12.73181   15  692   13.44423   11.84653  11.9%  42.5 1238s
  3052  1444   12.75589   16  656   13.44423   11.84854  11.9%  53.7 1245s
  3068  1462   13.05648   17  711   13.44423   11.86201  11.8%  71.5 1260s
  3098  1482   13.09066   18  662   13.44423   11.97475  10.9%   124 1266s
  3130  1504   13.09304   19  657   13.44423   11.97475  10.9%   156 1275s
  3162  1519     cutoff   19        13.44423   11.97475  10.9%   183 1287s
  3194  1540   13.13838   20  655   13.44423   11.97475  10.9%   207 1293s
  3226  1563     cutoff   20        13.44423   11.97475  10.9%   230 1298s
  3261  1581   13.25368   21  624   13.44423   11.97475  10.9%   252 1310s
H 3273  1505                      13.4442261   11.97475  10.9%   259 1310s
H 3282  1434                      13.4442260   11.97475  10.9%   267 1310s
H 3289  1368                      13.4425557   11.97475  10.9%   272 1310s
  3293  1388     cutoff   21        13.44256   11.97475  10.9%   276 1321s
  3325  1402   13.34740   22  671   13.44256   11.97475  10.9%   298 1330s
  3362  1416     cutoff   22        13.44256   11.97475  10.9%   327 1338s
  3404  1432     cutoff   23        13.44256   11.97475  10.9%   353 1347s
  3446  1444   13.35720   23  662   13.44256   11.97475  10.9%   378 1355s
  3482  1469   13.37708   24  704   13.44256   11.97475  10.9%   398 1364s
  3531  1494     cutoff   24        13.44256   11.97475  10.9%   420 1377s
  3589  1506   13.40184   25  611   13.44256   11.97475  10.9%   442 1388s
  3654  1493     cutoff   26        13.44256   11.97475  10.9%   465 1539s
H 3657  1431                      13.4425557   11.97475  10.9%   466 1539s
H 3669  1368                      13.4312788   11.97475  10.8%   474 1539s
H 3691  1336                      13.4288269   11.97475  10.8%   482 1556s
H 3692  1283                      13.4285312   11.97475  10.8%   482 1556s
H 3734  1219                      13.4285301   11.97475  10.8%   495 1556s
  3769  1243   12.82237   29  306   13.42853   11.97475  10.8%   508 1566s
H 3850  1178                      13.4028692   11.97475  10.7%   537 1649s
H 3852  1132                      13.3961577   11.97475  10.6%   537 1649s
H 3856  1089                      13.2531588   11.97475  9.65%   539 1649s
H 3860  1046                      13.2473013   11.97475  9.61%   540 1649s
H 3874  1004                      13.2205110   11.97475  9.42%   545 1649s
H 3893   960                      13.2021710   11.97475  9.30%   553 1649s
  3894   975   12.91414   33  417   13.20217   11.97475  9.30%   555 1663s
  3986   972   13.00237   38  279   13.20217   11.97475  9.30%   583 1687s
  4068   993     cutoff   41        13.20217   12.04176  8.79%   615 1701s
  4172   999   12.73517   25  301   13.20217   12.14547  8.00%   641 1710s
  4278  1011   12.94933   27  304   13.20217   12.14547  8.00%   661 1720s
  4379  1007   13.00284   30  304   13.20217   12.14547  8.00%   680 1745s
  4509  1016     cutoff   32        13.20217   12.14579  8.00%   707 1758s
  4630  1028   12.60945   21  308   13.20217   12.14579  8.00%   732 1767s
  4755  1000   12.95808   25  499   13.20217   12.14579  8.00%   750 1816s
  4880   969     cutoff   29        13.20217   12.15969  7.90%   781 1835s
  5006   943   12.45810   22  325   13.20217   12.15969  7.90%   817 1910s
  5048   973   12.46547   23  325   13.20217   12.15969  7.90%   828 1923s
  5181  1042   12.77451   26  272   13.20217   12.15969  7.90%   855 1937s
  5342  1079   12.94403   29  275   13.20217   12.15969  7.90%   882 1952s
  5510  1174   12.96030   30  285   13.20217   12.15969  7.90%   906 1967s
  5693  1231   13.19865   38  168   13.20217   12.25915  7.14%   928 1984s
  5875  1307   12.36833   24  289   13.20217   12.25915  7.14%   950 2002s
  6072  1352   12.84504   30  314   13.20217   12.26771  7.08%   970 2020s
  6274  1425   12.96877   24  349   13.20217   12.34320  6.51%   991 2039s
  6471  1505   13.18516   30  316   13.20217   12.35453  6.42%  1014 2062s
  6677  1575   12.80834   25  330   13.20217   12.35453  6.42%  1034 2077s
  6920  1670     cutoff   33        13.20217   12.36833  6.32%  1052 2094s
  7179  1764   13.01608   27  351   13.20217   12.36833  6.32%  1068 2113s
  7404  1811     cutoff   30        13.20217   12.48576  5.43%  1085 2130s
  7659  1843   12.59811   26  315   13.20217   12.48576  5.43%  1103 2155s
  7896  1915   13.01233   32  335   13.20217   12.48576  5.43%  1127 2173s
  8144  2012     cutoff   37        13.20217   12.49864  5.33%  1149 2192s
  8460  2118   12.66403   25  315   13.20217   12.50726  5.26%  1163 2210s
  8778  2259   12.90824   34  229   13.20217   12.51991  5.17%  1178 2230s
  9161  2311   12.93547   22  267   13.20217   12.55284  4.92%  1184 2256s
  9476  2391     cutoff   28        13.20217   12.57448  4.75%  1209 2279s
  9793  2514     cutoff   45        13.20217   12.58120  4.70%  1231 2358s
 10206  2603     cutoff   36        13.20217   12.59352  4.61%  1249 2382s
 10579  2701   12.89704   30  384   13.20217   12.60081  4.56%  1266 2431s
 10949  2744   12.81987   23  273   13.20217   12.60585  4.52%  1286 2457s
 11274  2849     cutoff   30        13.20217   12.63778  4.27%  1311 2485s
 11682  2913   13.14076   27  313   13.20217   12.63781  4.27%  1330 2515s
 12139  2983   12.85818   29  438   13.20217   12.63810  4.27%  1346 2552s
 12584  3082   12.93300   27  341   13.20217   12.63810  4.27%  1360 2580s
 13037  3192   13.11756   36  417   13.20217   12.67858  3.97%  1374 2611s
 13541  3302   13.18540   31  249   13.20217   12.69519  3.84%  1384 2653s
 14097  3447   13.19017   32  250   13.20217   12.70094  3.80%  1395 2696s
 14658  3523   13.09372   25  328   13.20217   12.71879  3.66%  1407 2734s
 15260  3554     cutoff   30        13.20217   12.74046  3.50%  1416 2777s
 15809  3585     cutoff   29        13.20217   12.75190  3.41%  1432 2869s
 16355  3643   13.12556   36  320   13.20217   12.76543  3.31%  1456 2916s
 16952  3635     cutoff   36        13.20217   12.77269  3.25%  1470 3075s
H16984  3635                      13.2021710   12.77269  3.25%  1473 3075s
H17001  3635                      13.2021710   12.77269  3.25%  1475 3075s
 17022  3672   13.06690   27  390   13.20217   12.77576  3.23%  1476 3113s
 17697  3708     cutoff   40        13.20217   12.79378  3.09%  1483 3157s
 18384  3763     cutoff   34        13.20217   12.80670  3.00%  1495 3241s
 18813  3810     cutoff   29        13.20217   12.81674  2.92%  1497 3310s
 19582  3877     cutoff   32        13.20217   12.82894  2.83%  1508 3356s
 20389  3890     cutoff   34        13.20217   12.84555  2.70%  1515 3405s
 21203  3895     cutoff   33        13.20217   12.86124  2.58%  1525 3508s
 22076  3910     cutoff   32        13.20217   12.87691  2.46%  1533 3577s
 22953  3875   13.12824   36  376   13.20217   12.88457  2.41%  1542 3647s
 23868  3773     cutoff   37        13.20217   12.90148  2.28%  1553 3777s
 24859  3719     cutoff   29        13.20217   12.91627  2.17%  1561 3833s
 25904  3731     cutoff   30        13.20217   12.93177  2.05%  1569 3898s
 27063  3705   13.18753   32  179   13.20217   12.94244  1.97%  1571 3973s
 28384  3598   13.16440   24  358   13.20217   12.96047  1.83%  1569 4041s
 29573  3417     cutoff   35        13.20217   12.97906  1.69%  1576 4119s
 30876  3167     cutoff   33        13.20217   12.99678  1.56%  1577 4185s
 32172  2997     cutoff   40        13.20217   13.01029  1.45%  1580 4257s
 33828  2648     cutoff   36        13.20217   13.03359  1.28%  1575 4329s
 35387  2307     cutoff   36        13.20217   13.04712  1.17%  1575 4410s
 37178  1777   13.13440   38  151   13.20217   13.07067  1.00%  1565 4486s
 39142  1011     cutoff   33        13.20217   13.09864  0.78%  1554 4566s
 41647     0   13.19825   42   33   13.20217   13.12457  0.59%  1523 4626s

Cutting planes:
  Learned: 14
  Gomory: 44
  Cover: 119
  Implied bound: 1101
  Projected implied bound: 41
  Clique: 60
  MIR: 1017
  StrongCG: 9
  Flow cover: 2289
  Zero half: 7
  RLT: 86
  Relax-and-lift: 156
  BQP: 7
  PSD: 3

Explored 43903 nodes (69932369 simplex iterations) in 4629.99 seconds (10881.32 work units)
Thread count was 32 (of 128 available processors)

Solution count 10: 13.2022 13.2022 13.2205 ... 13.4288

Optimal solution found (tolerance 5.00e-03)
Best objective 1.320217096218e+01, best bound 1.320217096218e+01, gap 0.0000%


*********************************************
*********************************************


Set parameter LogFile to value "/work/07346/ashukla/ls6/Norta_Results/norta_sm_16_20/40M"
Gurobi Optimizer version 10.0.2 build v10.0.2rc0 (linux64)

CPU model: AMD EPYC 7763 64-Core Processor, instruction set [SSE2|AVX|AVX2]
Thread count: 128 physical cores, 128 logical processors, using up to 32 threads

Optimize a model with 211659 rows, 77908 columns and 589688 nonzeros
Model fingerprint: 0x2f9c78ab
Variable types: 55968 continuous, 21940 integer (21578 binary)
Coefficient statistics:
  Matrix range     [1e-03, 1e+05]
  Objective range  [6e-02, 6e-02]
  Bounds range     [1e+00, 3e+00]
  RHS range        [1e-02, 4e+07]

MIP start from previous solve produced solution with objective 13.2022 (0.66s)
MIP start from previous solve produced solution with objective 13.2022 (0.66s)
Loaded MIP start from previous solve with objective 13.2022

Presolve removed 175959 rows and 50649 columns
Presolve time: 1.63s
Presolved: 35700 rows, 27259 columns, 128950 nonzeros
Variable types: 23590 continuous, 3669 integer (3605 binary)
Root barrier log...

Ordering time: 0.35s

Barrier statistics:
 Dense cols : 62
 AA' NZ     : 4.294e+05
 Factor NZ  : 3.602e+06 (roughly 50 MB of memory)
 Factor Ops : 1.829e+09 (less than 1 second per iteration)
 Threads    : 32

                  Objective                Residual
Iter       Primal          Dual         Primal    Dual     Compl     Time
   0  -7.20991924e+05 -2.87219357e+05  3.82e+04 1.68e-01  7.58e+02     3s
   1  -4.28660727e+05 -3.14946334e+05  2.23e+04 4.69e-01  4.48e+02     3s
   2  -1.45085013e+05 -3.89095631e+05  5.91e+03 1.85e-13  1.62e+02     3s
   3  -2.17693782e+04 -2.86002512e+05  1.15e+02 1.20e-13  2.66e+01     3s
   4  -5.80832258e+03 -1.73238124e+05  3.17e+01 2.82e-14  8.07e+00     3s
   5  -1.10574592e+03 -9.82062952e+04  6.95e+00 1.31e-14  2.49e+00     3s
   6  -3.99424012e+01 -6.34846627e+04  1.27e+00 9.35e-15  1.12e+00     3s
   7   1.30850714e+01 -9.10411567e+03  9.02e+00 3.04e-15  1.80e-01     3s
   8   1.26100582e+02 -1.26235325e+03  5.20e-02 1.78e-15  2.25e-02     3s
   9   5.55805099e+01 -1.52452883e+02  1.89e-03 3.33e-15  3.22e-03     3s
  10   1.52446029e+01 -6.10420337e+01  1.00e-04 1.11e-15  1.18e-03     3s
  11   1.00580230e+01 -2.07171077e+01  4.98e-05 6.66e-16  4.74e-04     3s
  12   8.01822148e+00 -6.31508061e+00  3.27e-05 4.44e-16  2.21e-04     3s
  13   6.64493726e+00 -1.67139603e+00  2.30e-05 4.44e-16  1.28e-04     3s
  14   5.46734217e+00  1.13058798e+00  1.49e-05 2.22e-16  6.69e-05     3s
  15   4.42198477e+00  2.08970531e+00  7.87e-06 2.22e-16  3.60e-05     3s
  16   3.96278758e+00  2.58028453e+00  4.73e-06 4.44e-16  2.13e-05     3s
  17   3.77443765e+00  2.93052979e+00  3.52e-06 2.22e-16  1.30e-05     3s
  18   3.51435621e+00  3.05762654e+00  1.83e-06 4.44e-16  7.04e-06     3s
  19   3.46189083e+00  3.10088508e+00  1.44e-06 4.44e-16  5.57e-06     3s
  20   3.43439201e+00  3.13873222e+00  1.24e-06 4.44e-16  4.56e-06     3s
  21   3.39485308e+00  3.19140373e+00  9.37e-07 4.44e-16  3.14e-06     3s
  22   3.34437369e+00  3.23839396e+00  5.70e-07 4.44e-16  1.64e-06     3s
  23   3.31683918e+00  3.24670772e+00  3.68e-07 4.44e-16  1.08e-06     3s
  24   3.29891666e+00  3.24776121e+00  2.49e-07 4.44e-16  7.89e-07     3s
  25   3.28645713e+00  3.25826237e+00  1.59e-07 4.44e-16  4.35e-07     4s
  26   3.27857959e+00  3.26073358e+00  1.02e-07 4.44e-16  2.75e-07     4s
  27   3.27600502e+00  3.26204280e+00  8.17e-08 4.44e-16  2.15e-07     4s
  28   3.27289353e+00  3.26337892e+00  5.67e-08 4.44e-16  1.47e-07     4s
  29   3.26956244e+00  3.26458277e+00  3.00e-08 4.44e-16  7.69e-08     4s
  30   3.26727013e+00  3.26548422e+00  1.14e-08 4.44e-16  2.76e-08     4s
  31   3.26643394e+00  3.26566277e+00  4.96e-09 4.46e-15  1.19e-08     4s
  32   3.26594645e+00  3.26574680e+00  1.24e-09 5.51e-14  3.08e-09     4s
  33   3.26580119e+00  3.26577522e+00  3.61e-10 7.64e-15  4.01e-10     4s
  34   3.26578796e+00  3.26578175e+00  1.26e-09 1.17e-13  9.58e-11     4s
  35   3.26578436e+00  3.26578253e+00  4.36e-09 1.81e-13  2.84e-11     4s

Barrier solved model in 35 iterations and 3.76 seconds (3.67 work units)
Optimal objective 3.26578436e+00


Root simplex log...

Iteration    Objective       Primal Inf.    Dual Inf.      Time
    7813    3.2657830e+00   0.000000e+00   0.000000e+00      5s

Root relaxation: objective 3.265783e+00, 7813 iterations, 2.67 seconds (2.82 work units)

    Nodes    |    Current Node    |     Objective Bounds      |     Work
 Expl Unexpl |  Obj  Depth IntInf | Incumbent    BestBd   Gap | It/Node Time

     0     0    3.26578    0  356   13.20217    3.26578  75.3%     -    8s
H    0     0                       9.5262289    3.83264  59.8%     -   28s
     0     0    3.83264    0  420    9.52623    3.83264  59.8%     -   29s
H    0     0                       8.3474901    3.83264  54.1%     -   31s
     0     0    3.84371    0  381    8.34749    3.84371  54.0%     -   32s
H    0     0                       7.2104313    3.86805  46.4%     -   40s
     0     0    3.86805    0  422    7.21043    3.86805  46.4%     -   40s
     0     0    3.87486    0  419    7.21043    3.87486  46.3%     -   43s
     0     0    3.87577    0  421    7.21043    3.87577  46.2%     -   44s
     0     0    3.87579    0  421    7.21043    3.87579  46.2%     -   44s
     0     0    3.89842    0  407    7.21043    3.89842  45.9%     -   49s
H    0     0                       7.0951497    3.89842  45.1%     -   51s
     0     0    3.89932    0  426    7.09515    3.89932  45.0%     -   51s
     0     0    3.89934    0  424    7.09515    3.89934  45.0%     -   52s
     0     0    3.90385    0  392    7.09515    3.90385  45.0%     -   57s
H    0     0                       6.2372301    3.90385  37.4%     -   59s
     0     0    3.90645    0  418    6.23723    3.90645  37.4%     -   64s
     0     0    3.90645    0  415    6.23723    3.90645  37.4%     -   64s
     0     0    3.90903    0  437    6.23723    3.90903  37.3%     -   67s
     0     0    3.90903    0  435    6.23723    3.90903  37.3%     -   69s
     0     0    3.90905    0  431    6.23723    3.90905  37.3%     -   69s
     0     0    3.90915    0  396    6.23723    3.90915  37.3%     -   70s
     0     0    3.90917    0  394    6.23723    3.90917  37.3%     -   71s
     0     0    3.90917    0  394    6.23723    3.90917  37.3%     -   73s
     0     0    3.90917    0  395    6.23723    3.90917  37.3%     -   73s
     0     0    3.90917    0  318    6.23723    3.90917  37.3%     -   80s
H    0     0                       5.6978452    3.90917  31.4%     -   84s
     0     2    3.90917    0  318    5.69785    3.90917  31.4%     -   89s
     1     4    4.00466    1  408    5.69785    3.90917  31.4%  7954   96s
     3     8    4.23704    2  412    5.69785    3.90957  31.4%  5469  102s
     7    16    5.11608    3  334    5.69785    3.91962  31.2%  5297  108s
    15    32    5.16706    4  304    5.69785    3.92640  31.1%  4302  116s
    31    62    5.16916    5  302    5.69785    3.94814  30.7%  4546  141s
H   44    62                       5.4416348    3.94814  27.4%  4798  141s
    63    94    5.24809    6  286    5.44163    3.95063  27.4%  4220  166s
H   95   126                       5.4416348    3.95063  27.4%  3412  174s
H   98   126                       5.4416348    3.95063  27.4%  3365  174s
H   99   126                       5.4416348    3.95063  27.4%  3336  174s
H  108   126                       5.3836460    3.95063  26.6%  3224  174s
H  119   126                       5.3668206    3.95063  26.4%  3058  174s
   127   153    5.26258    8  317    5.36682    3.95063  26.4%  2975  182s
   159   181    5.27303    9  323    5.36682    3.95063  26.4%  2770  189s
H  160   181                       5.3081757    3.95063  25.6%  2753  189s
H  168   181                       5.3036450    3.95063  25.5%  2700  189s
   191   220    5.27885    9  319    5.30365    3.95063  25.5%  2522  193s
   239   262    5.27773   10  333    5.30365    3.95063  25.5%  2268  198s
   285   308     cutoff   11         5.30365    3.95063  25.5%  2121  202s
   333   364     cutoff   11         5.30365    3.95063  25.5%  1977  206s
   450   449    4.69386   12  244    5.30365    3.95063  25.5%  1707  299s
H  466   449                       5.2194990    3.95063  24.3%  1694  299s
   485   504    4.73251   13  249    5.21950    3.95063  24.3%  1674  304s
   571   571    5.08116   16  166    5.21950    3.95063  24.3%  1584  313s
   646   640    5.08660   17  152    5.21950    3.95063  24.3%  1574  318s
   718   716    5.11201   18  101    5.21950    3.95063  24.3%  1561  324s
H  801   746                       4.6102517    3.95063  14.3%  1512  450s
H  807   746                       4.5422260    3.95063  13.0%  1513  450s
H  810   746                       4.4707169    3.95063  11.6%  1508  450s
   833   695     cutoff   21         4.47072    3.97508  11.1%  1509  463s
   966   731    4.04245    7  232    4.47072    3.98252  10.9%  1482  473s
  1036   749    4.04437    8  208    4.47072    3.98252  10.9%  1528  498s
  1068   777    4.07280    9  277    4.47072    3.98252  10.9%  1577  513s
  1147   792    4.12137   10  294    4.47072    3.98252  10.9%  1605  523s
  1241   831    4.12364   11  292    4.47072    3.98252  10.9%  1599  533s
  1321   891     cutoff   13         4.47072    3.98252  10.9%  1625  580s
  1432   946     cutoff   12         4.47072    3.98252  10.9%  1642  588s
  1556  1018    4.36046   12  232    4.47072    3.98252  10.9%  1606  599s
  1692  1052     cutoff   15         4.47072    3.98252  10.9%  1596  609s
  1818  1070     cutoff   14         4.47072    3.98252  10.9%  1587  624s
  1868  1158     cutoff   14         4.47072    3.98252  10.9%  1608  637s
  2019  1299    4.38503   20  175    4.47072    3.98252  10.9%  1579  645s
  2214  1364     cutoff   25         4.47072    4.00625  10.4%  1523  658s
* 2256  1364              66       4.4338525    4.00625  9.64%  1528  658s
  2401  1425    4.22039   13  247    4.43385    4.00625  9.64%  1494  668s
  2565  1529    4.33477   15  219    4.43385    4.00625  9.64%  1483  682s
  2737  1618     cutoff   22         4.43385    4.04242  8.83%  1470  697s
H 2916   928                       4.3876713    4.04242  7.87%  1463  815s
  2917   907    4.37170   21  318    4.38767    4.04242  7.87%  1463  846s
  2919   908    4.35653   39  393    4.38767    4.04242  7.87%  1462  856s
  2920   909    4.33070   35  272    4.38767    4.04242  7.87%  1461  892s
  2921   910    4.26655   35  280    4.38767    4.04242  7.87%  1461  896s
  2923   911    4.22700   12  245    4.38767    4.04242  7.87%  1460  907s
  2925   912    4.27093   18  245    4.38767    4.04242  7.87%  1459  920s
  2927   914    4.24187   13  274    4.38767    4.04242  7.87%  1458  928s
  2928   914    4.38173   30  276    4.38767    4.04242  7.87%  1457  930s
  2929   915    4.25771   26  278    4.38767    4.04242  7.87%  1457  939s
  2930   916    4.21882   17  282    4.38767    4.04242  7.87%  1456  940s
  2931   916    4.29290   23  245    4.38767    4.04242  7.87%  1456  945s
  2932   917    4.37959   23  245    4.38767    4.04242  7.87%  1455  951s
  2933   918    4.24580   14  245    4.38767    4.04242  7.87%  1455  955s
  2934   921    4.04242   10  249    4.38767    4.04242  7.87%  27.2  966s
  2936   925    4.04242   11  417    4.38767    4.04242  7.87%  32.6  978s
  2940   931    4.35735   12  484    4.38767    4.04242  7.87%  44.1  991s
  2948   936     cutoff   13         4.38767    4.04242  7.87%  62.3 1029s
  2964   939    4.04242   14  306    4.38767    4.04242  7.87%   100 1042s
  2987   943    4.04242   15  322    4.38767    4.04242  7.87%   132 1052s
  3019   937     cutoff   16         4.38767    4.04242  7.87%   178 1072s
  3051   940    4.11698   17  531    4.38767    4.10684  6.40%   222 1080s
  3083   944    4.12839   18  500    4.38767    4.11698  6.17%   248 1090s
  3115   954    4.13170   19  393    4.38767    4.11698  6.17%   272 1124s
  3153   973    4.13268   20  410    4.38767    4.11698  6.17%   301 1133s
  3197   984    4.23940   21  352    4.38767    4.11698  6.17%   326 1141s
  3242   986    4.15961   21  535    4.38767    4.11698  6.17%   350 1188s
H 3243   938                       4.3541331    4.11698  5.45%   350 1188s
H 3252   892                       4.3444356    4.11698  5.24%   354 1188s
  3275   885    4.17643   22  491    4.34444    4.11698  5.24%   367 1197s
  3334   869     cutoff   23         4.34444    4.11698  5.24%   389 1205s
  3396   838     cutoff   22         4.34444    4.11698  5.24%   411 1213s
  3451   815     cutoff   22         4.34444    4.11698  5.24%   440 1223s
  3511   786     cutoff   25         4.34444    4.11698  5.24%   470 1322s
  3551   788    4.32419   26  275    4.34444    4.11698  5.24%   495 1335s
  3622   774    4.33375   27  380    4.34444    4.11698  5.24%   525 1348s
  3706   737    4.33442   30  339    4.34444    4.11698  5.24%   550 1359s
  3797   695     cutoff   29         4.34444    4.12839  4.97%   577 1372s
  3891   651     cutoff   25         4.34444    4.20093  3.30%   611 1385s
  4004   596    4.25857   26   90    4.34444    4.20093  3.30%   639 1396s
  4125   520     cutoff   27         4.34444    4.20697  3.16%   671 1404s
  4266   446    4.34313   21  458    4.34444    4.22090  2.84%   693 1463s
  4378   388     cutoff   22         4.34444    4.23193  2.59%   725 1475s
  4476   337    4.26810   29  105    4.34444    4.24174  2.36%   746 1483s
  4565   292    4.32611   32   89    4.34444    4.25883  1.97%   753 1488s
  4622   268     cutoff   38         4.34444    4.28276  1.42%   755 1494s
  4640   261     cutoff   22         4.34444    4.30373  0.94%   757 1499s
  4644   262     cutoff   24         4.34444    4.30377  0.94%   758 1503s
  4650   260     cutoff   28         4.34444    4.30492  0.91%   758 1508s
  4662   251     cutoff   33         4.34444    4.31372  0.71%   759 1510s

Cutting planes:
  Learned: 8
  Gomory: 51
  Cover: 149
  Implied bound: 626
  Projected implied bound: 20
  Clique: 95
  MIR: 384
  StrongCG: 9
  Flow cover: 890
  Zero half: 17
  Mod-K: 1
  RLT: 59
  Relax-and-lift: 121
  BQP: 27
  PSD: 7

Explored 4667 nodes (7873220 simplex iterations) in 1510.98 seconds (3214.48 work units)
Thread count was 32 (of 128 available processors)

Solution count 10: 4.34444 4.35413 4.38767 ... 5.30818

Optimal solution found (tolerance 5.00e-03)
Best objective 4.344435625001e+00, best bound 4.344435625001e+00, gap 0.0000%


*********************************************
*********************************************


Set parameter LogFile to value "/work/07346/ashukla/ls6/Norta_Results/norta_sm_16_20/60M"
Gurobi Optimizer version 10.0.2 build v10.0.2rc0 (linux64)

CPU model: AMD EPYC 7763 64-Core Processor, instruction set [SSE2|AVX|AVX2]
Thread count: 128 physical cores, 128 logical processors, using up to 32 threads

Optimize a model with 211659 rows, 77908 columns and 589688 nonzeros
Model fingerprint: 0x3c1bb9ab
Variable types: 55968 continuous, 21940 integer (21578 binary)
Coefficient statistics:
  Matrix range     [1e-03, 1e+05]
  Objective range  [6e-02, 6e-02]
  Bounds range     [1e+00, 3e+00]
  RHS range        [1e-02, 6e+07]

MIP start from previous solve produced solution with objective 4.34444 (0.65s)
MIP start from previous solve produced solution with objective 4.34444 (0.66s)
Loaded MIP start from previous solve with objective 4.34444

Presolve removed 175959 rows and 50649 columns
Presolve time: 1.60s
Presolved: 35700 rows, 27259 columns, 128950 nonzeros
Variable types: 23590 continuous, 3669 integer (3605 binary)
Root barrier log...

Ordering time: 0.32s

Barrier statistics:
 Dense cols : 62
 AA' NZ     : 4.294e+05
 Factor NZ  : 3.602e+06 (roughly 50 MB of memory)
 Factor Ops : 1.829e+09 (less than 1 second per iteration)
 Threads    : 32

                  Objective                Residual
Iter       Primal          Dual         Primal    Dual     Compl     Time
   0  -1.03217099e+06 -2.87220048e+05  5.46e+04 1.68e-01  1.08e+03     3s
   1  -6.31186824e+05 -3.06723056e+05  3.25e+04 5.02e-01  6.55e+02     3s
   2  -3.07528647e+05 -4.21364724e+05  1.33e+04 2.18e-13  3.42e+02     3s
   3  -2.36110236e+04 -3.68631543e+05  1.25e+02 2.85e-13  3.10e+01     3s
   4  -9.64355837e+03 -1.71231858e+05  5.17e+01 6.10e-14  1.16e+01     3s
   5  -1.56596299e+03 -1.00681888e+05  9.35e+00 3.75e-14  2.91e+00     3s
   6   1.78843494e+01 -4.65956236e+04  9.68e-01 1.51e-14  8.18e-01     3s
   7   1.52731919e+02 -6.13934768e+03  1.09e-01 3.51e-15  1.01e-01     3s
   8   1.04582828e+02 -1.07913902e+03  1.05e-02 1.33e-15  1.84e-02     3s
   9   3.46209454e+01 -1.50681075e+02  5.13e-04 6.66e-16  2.86e-03     3s
  10   1.10272770e+01 -6.08425831e+01  1.24e-04 4.44e-16  1.11e-03     3s
  11   5.05062780e+00 -3.64357770e+01  4.60e-05 2.22e-16  6.39e-04     3s
  12   4.40978087e+00 -2.88278181e+01  3.78e-05 2.22e-16  5.12e-04     3s
  13   3.05124178e+00 -1.04782269e+01  2.33e-05 2.22e-16  2.08e-04     3s
  14   1.80575325e+00 -3.70736423e+00  1.19e-05 4.44e-16  8.50e-05     3s
  15   1.28745805e+00 -1.45506889e+00  7.69e-06 2.22e-16  4.23e-05     3s
  16   8.86338896e-01 -4.43033270e-01  4.72e-06 4.44e-16  2.05e-05     3s
  17   5.02490844e-01  7.26589120e-02  1.81e-06 4.44e-16  6.63e-06     3s
  18   3.71822093e-01  1.81193901e-01  8.51e-07 4.44e-16  2.94e-06     3s
  19   3.28427326e-01  2.12065753e-01  5.43e-07 4.44e-16  1.80e-06     3s
  20   3.11128144e-01  2.23920853e-01  4.16e-07 4.44e-16  1.35e-06     3s
  21   2.92746100e-01  2.32052054e-01  2.81e-07 4.44e-16  9.36e-07     3s
  22   2.76508577e-01  2.38758537e-01  1.63e-07 4.44e-16  5.82e-07     3s
  23   2.69508199e-01  2.43863557e-01  1.10e-07 4.44e-16  3.96e-07     3s
  24   2.63077799e-01  2.47810515e-01  6.32e-08 4.44e-16  2.35e-07     3s
  25   2.57951121e-01  2.50638722e-01  2.64e-08 4.44e-16  1.13e-07     3s
  26   2.56200631e-01  2.52023141e-01  1.40e-08 4.44e-16  6.44e-08     3s
  27   2.55504078e-01  2.52691850e-01  9.09e-09 4.44e-16  4.34e-08     3s
  28   2.55044355e-01  2.53385888e-01  5.92e-09 4.44e-16  2.56e-08     3s
  29   2.54708925e-01  2.53806451e-01  3.67e-09 4.44e-16  1.39e-08     3s
  30   2.54385218e-01  2.54016923e-01  1.47e-09 4.44e-16  5.68e-09     4s
  31   2.54306504e-01  2.54105882e-01  9.30e-10 3.28e-13  3.09e-09     4s
  32   2.54206231e-01  2.54147715e-01  6.85e-10 7.10e-14  9.03e-10     4s
  33   2.54178321e-01  2.54158614e-01  7.02e-10 2.72e-14  3.04e-10     4s
  34   2.54169911e-01  2.54163856e-01  1.07e-08 5.09e-14  9.34e-11     4s
  35   2.54165115e-01  2.54164719e-01  1.02e-09 5.07e-14  6.11e-12     4s

Barrier solved model in 35 iterations and 3.65 seconds (3.74 work units)
Optimal objective 2.54165115e-01


Root simplex log...

Iteration    Objective       Primal Inf.    Dual Inf.      Time
    7501    2.5416486e-01   0.000000e+00   3.519771e-05      5s
    7523    2.5416484e-01   0.000000e+00   0.000000e+00      5s
    7528    2.5416484e-01   0.000000e+00   0.000000e+00      5s
Extra simplex iterations after uncrush: 5

Root relaxation: objective 2.541648e-01, 7528 iterations, 2.87 seconds (3.28 work units)

    Nodes    |    Current Node    |     Objective Bounds      |     Work
 Expl Unexpl |  Obj  Depth IntInf | Incumbent    BestBd   Gap | It/Node Time

     0     0    0.25416    0  253    4.34444    0.25416  94.1%     -    8s
H    0     0                       2.9628664    0.25416  91.4%     -   10s
H    0     0                       2.8971643    0.30849  89.4%     -   22s
H    0     0                       2.1213010    0.30849  85.5%     -   22s
     0     0    0.31276    0  247    2.12130    0.31276  85.3%     -   22s
H    0     0                       1.9082952    0.31276  83.6%     -   24s
     0     0    0.31276    0  246    1.90830    0.31276  83.6%     -   24s
     0     0    0.31562    0  270    1.90830    0.31562  83.5%     -   27s
     0     0    0.31562    0  261    1.90830    0.31562  83.5%     -   28s
     0     0    0.31894    0  260    1.90830    0.31894  83.3%     -   32s
     0     0    0.31957    0  249    1.90830    0.31957  83.3%     -   38s
     0     0    0.31971    0  254    1.90830    0.31971  83.2%     -   39s
     0     0    0.31998    0  240    1.90830    0.31998  83.2%     -   41s
     0     0    0.32008    0  241    1.90830    0.32008  83.2%     -   41s
     0     0    0.32009    0  250    1.90830    0.32009  83.2%     -   44s
     0     0    0.32022    0  253    1.90830    0.32022  83.2%     -   45s
     0     0    0.32023    0  252    1.90830    0.32023  83.2%     -   45s
     0     0    0.32024    0  261    1.90830    0.32024  83.2%     -   46s
     0     0    0.32024    0  261    1.90830    0.32024  83.2%     -   47s
     0     0    0.32025    0  257    1.90830    0.32025  83.2%     -   48s
H    0     0                       1.8271084    0.32025  82.5%     -   50s
     0     0    0.32025    0  257    1.82711    0.32025  82.5%     -   50s
     0     0    0.32044    0  252    1.82711    0.32044  82.5%     -   51s
     0     0    0.32044    0  252    1.82711    0.32044  82.5%     -   51s
     0     0    0.32044    0  259    1.82711    0.32044  82.5%     -   52s
     0     0    0.32045    0  249    1.82711    0.32045  82.5%     -   52s
     0     0    0.32045    0  254    1.82711    0.32045  82.5%     -   53s
     0     0    0.32045    0  222    1.82711    0.32045  82.5%     -   58s
     0     2    0.32045    0  222    1.82711    0.32045  82.5%     -   65s
     3     8    0.65791    2  173    1.82711    0.32132  82.4%  3444   73s
     7    16    0.89906    3  189    1.82711    0.32179  82.4%  2765   79s
    15    30    1.06590    4  256    1.82711    0.32233  82.4%  2826   87s
    31    54    1.07636    5  257    1.82711    0.32234  82.4%  2660   97s
H   47    54                       1.7853292    0.32237  81.9%  2846   97s
H   57    54                       1.5244434    0.32237  78.9%  2481   97s
    61    73    1.09018    6  268    1.52444    0.32237  78.9%  2556  102s
    95   103    1.13261    7  319    1.52444    0.32238  78.9%  2133  116s
H   96   103                       1.4447271    0.32238  77.7%  2111  116s
H  114   103                       1.4408311    0.32245  77.6%  2400  116s
H  114   103                       1.4105364    0.32245  77.1%  2400  116s
   127   125    1.11162    7  238    1.41054    0.32245  77.1%  2526  128s
H  159   150                       1.4105364    0.32245  77.1%  2727  136s
H  162   150                       1.4105364    0.32245  77.1%  2748  136s
H  167   150                       1.4105363    0.32245  77.1%  2715  136s
H  176   150                       1.4105363    0.32245  77.1%  2705  136s
H  179   150                       1.2559598    0.32245  74.3%  2712  136s
   191   170    1.13671    8  177    1.25596    0.32245  74.3%  2649  144s
H  229   196                       0.5559084    0.32245  42.0%  2507  319s
H  231   196                       0.4906797    0.32245  34.3%  2501  319s
   263   161     cutoff   10         0.49068    0.32245  34.3%  2401  324s
   320   157     cutoff   10         0.49068    0.32522  33.7%  2069  334s
   382   154    0.34746    8  135    0.49068    0.32522  33.7%  2117  345s
   432   167    0.34756    9  133    0.49068    0.32522  33.7%  2120  351s
   488   188     cutoff   11         0.49068    0.32522  33.7%  2134  358s
   557   232    0.37039   10   77    0.49068    0.32522  33.7%  2057  366s
   630   289    0.38146   12  120    0.49068    0.32522  33.7%  1960  375s
   718   364    0.39565   16  111    0.49068    0.32522  33.7%  1863  381s
   831   424    0.40686   21   91    0.49068    0.32522  33.7%  1710  389s
   961   471    0.41453   27   79    0.49068    0.32522  33.7%  1588  395s
  1091   540     cutoff   34         0.49068    0.32522  33.7%  1500  403s
  1238   538     cutoff   35         0.49068    0.32522  33.7%  1435  419s
H 1239   538                       0.4902091    0.32522  33.7%  1433  419s
H 1244   538                       0.4557300    0.32522  28.6%  1434  419s
H 1245   538                       0.4514231    0.32522  28.0%  1438  419s
  1284   505     cutoff   34         0.45142    0.33507  25.8%  1447  441s
  1399   510    0.34398   10  122    0.45142    0.33507  25.8%  1469  453s
  1508   499     cutoff   11         0.45142    0.33507  25.8%  1490  464s
  1612   494    0.33720   10  137    0.45142    0.33720  25.3%  1497  472s
  1744   484    0.34343   11  230    0.45142    0.34018  24.6%  1497  481s
  1883   492     cutoff   11         0.45142    0.34018  24.6%  1491  493s
  2027   477    0.35747   14  219    0.45142    0.34018  24.6%  1483  519s
  2164   404    0.36430   15  187    0.45142    0.34018  24.6%  1509  527s
  2353   352     cutoff   15         0.45142    0.34018  24.6%  1481  556s
  2532   300    0.38910   17  212    0.45142    0.34018  24.6%  1457  566s
* 2542   300              42       0.4431300    0.34018  23.2%  1457  566s
* 2838   300              43       0.4350188    0.34018  21.8%  1343  566s
  2856    39     cutoff   18         0.43502    0.34804  20.0%  1340  573s
  3112     9     cutoff    8         0.43502    0.34804  20.0%  1239  603s
  3148    25    0.37115   10  134    0.43502    0.34804  20.0%  1237  608s
  3172    11    0.39063   11   86    0.43502    0.34804  20.0%  1235  614s
  3202     0     cutoff   12         0.43502    0.40394  7.14%  1238  626s

Cutting planes:
  Learned: 7
  Gomory: 5
  Cover: 179
  Implied bound: 1395
  Clique: 91
  MIR: 275
  StrongCG: 1
  Flow cover: 141
  Zero half: 4
  RLT: 51
  Relax-and-lift: 100
  BQP: 6
  PSD: 1

Explored 3218 nodes (4027136 simplex iterations) in 626.35 seconds (1382.56 work units)
Thread count was 32 (of 128 available processors)

Solution count 10: 0.435019 0.44313 0.451423 ... 1.41054

Optimal solution found (tolerance 5.00e-03)
Best objective 4.350187500004e-01, best bound 4.350187500004e-01, gap 0.0000%


*********************************************
*********************************************


Set parameter LogFile to value "/work/07346/ashukla/ls6/Norta_Results/norta_sm_16_20/80M"
Gurobi Optimizer version 10.0.2 build v10.0.2rc0 (linux64)

CPU model: AMD EPYC 7763 64-Core Processor, instruction set [SSE2|AVX|AVX2]
Thread count: 128 physical cores, 128 logical processors, using up to 32 threads

Optimize a model with 211659 rows, 77908 columns and 589688 nonzeros
Model fingerprint: 0xb896af11
Variable types: 55968 continuous, 21940 integer (21578 binary)
Coefficient statistics:
  Matrix range     [1e-03, 1e+05]
  Objective range  [6e-02, 6e-02]
  Bounds range     [1e+00, 3e+00]
  RHS range        [1e-02, 8e+07]

MIP start from previous solve produced solution with objective 0.435019 (0.70s)
Loaded MIP start from previous solve with objective 0.435019

Presolve removed 181442 rows and 51550 columns
Presolve time: 1.90s
Presolved: 30217 rows, 26358 columns, 113408 nonzeros
Variable types: 22862 continuous, 3496 integer (3442 binary)
Root barrier log...

Ordering time: 0.25s

Barrier statistics:
 Dense cols : 44
 AA' NZ     : 3.029e+05
 Factor NZ  : 2.370e+06 (roughly 40 MB of memory)
 Factor Ops : 8.689e+08 (less than 1 second per iteration)
 Threads    : 32

                  Objective                Residual
Iter       Primal          Dual         Primal    Dual     Compl     Time
   0  -6.81502167e+04 -2.36930448e+05  3.44e+02 1.68e-01  7.32e+01     3s
   1  -2.40347146e+04 -2.03371216e+05  1.22e+02 3.66e-01  2.71e+01     3s
   2  -8.59299960e+02 -1.10949497e+05  5.44e+00 1.04e-13  2.81e+00     3s
   3   7.62311944e+01 -3.15326660e+04  6.29e-01 2.80e-14  6.07e-01     3s
   4   1.48096731e+02 -2.77138445e+03  1.03e-01 1.78e-15  5.39e-02     3s
   5   1.00766436e+02 -8.51965923e+02  1.67e-02 8.88e-16  1.69e-02     3s
   6   5.20364049e+01 -3.23980682e+02  5.54e-03 8.88e-16  6.62e-03     3s
   7   2.46883837e+01 -1.31991128e+02  2.26e-03 4.44e-16  2.75e-03     3s
   8   9.15819839e+00 -3.33878033e+01  6.31e-04 4.44e-16  7.48e-04     3s
   9   1.94814724e+00 -1.16965846e+01  9.78e-05 4.44e-16  2.39e-04     3s
  10   3.01704939e-01 -1.94962580e+00  9.40e-06 4.44e-16  3.94e-05     3s
  11   4.51894587e-02 -5.02155894e-01  1.01e-06 4.44e-16  9.56e-06     3s
  12   7.50677799e-03 -3.85959244e-02  1.27e-07 4.44e-16  8.06e-07     3s
  13   8.86021851e-04 -4.09319306e-03  1.48e-08 4.44e-16  8.71e-08     3s
  14   8.53158108e-05 -1.49749552e-04  1.35e-09 4.44e-16  4.11e-09     3s
  15   3.77780793e-08 -1.13227486e-07  1.17e-11 1.40e-15  2.64e-12     3s

Barrier solved model in 15 iterations and 3.35 seconds (3.14 work units)
Optimal objective 3.77780793e-08


Root relaxation: objective 1.023182e-12, 4739 iterations, 1.36 seconds (1.18 work units)
Total elapsed time = 8.91s

    Nodes    |    Current Node    |     Objective Bounds      |     Work
 Expl Unexpl |  Obj  Depth IntInf | Incumbent    BestBd   Gap | It/Node Time

     0     0    0.00000    0   15    0.43502    0.00000   100%     -   10s
     0     0    0.00000    0   59    0.43502    0.00000   100%     -   12s
     0     0    0.00000    0   37    0.43502    0.00000   100%     -   13s
     0     0    0.00000    0   17    0.43502    0.00000   100%     -   16s
     0     0    0.00000    0   17    0.43502    0.00000   100%     -   16s
     0     0    0.00000    0   16    0.43502    0.00000   100%     -   17s
     0     0    0.00000    0   16    0.43502    0.00000   100%     -   18s
     0     0    0.00000    0   16    0.43502    0.00000   100%     -   19s
     0     0    0.00000    0   16    0.43502    0.00000   100%     -   19s
     0     0    0.00000    0   16    0.43502    0.00000   100%     -   20s
     0     0    0.00000    0   16    0.43502    0.00000   100%     -   20s
     0     0    0.00000    0   15    0.43502    0.00000   100%     -   21s
     0     0    0.00000    0   15    0.43502    0.00000   100%     -   23s
     0     2    0.00000    0   15    0.43502    0.00000   100%     -   26s
     1     4    0.00016    1   67    0.43502    0.00000   100%  6902   31s
     3     8    0.14603    2  208    0.43502    0.00000   100%  7176   42s
     7    14     cutoff    3         0.43502    0.00000   100%  5683   48s
*   15    24               4       0.0000000    0.00000  0.00%  3490   56s

Cutting planes:
  Learned: 2
  Gomory: 2
  Cover: 44
  Implied bound: 509
  Clique: 4
  MIR: 162
  Flow cover: 3
  RLT: 5
  Relax-and-lift: 13
  PSD: 1

Explored 29 nodes (124297 simplex iterations) in 56.82 seconds (119.10 work units)
Thread count was 32 (of 128 available processors)

Solution count 2: 5.68434e-13 0.435019 

Optimal solution found (tolerance 5.00e-03)
Best objective 5.684341886081e-13, best bound 5.684341886081e-13, gap 0.0000%


*********************************************
*********************************************


