Set parameter TokenServer to value "license02.tacc.utexas.edu"
Set parameter LogFile to value "/work/07346/ashukla/ls6/Norta_Results/norta_sm_16_21/0M"
Set parameter MIPGap to value 0.005
Set parameter TimeLimit to value 32400
Set parameter Method to value 2
Gurobi Optimizer version 10.0.2 build v10.0.2rc0 (linux64)

CPU model: AMD EPYC 7763 64-Core Processor, instruction set [SSE2|AVX|AVX2]
Thread count: 128 physical cores, 128 logical processors, using up to 32 threads

Optimize a model with 211739 rows, 77908 columns and 589928 nonzeros
Model fingerprint: 0x8558c606
Variable types: 55968 continuous, 21940 integer (21578 binary)
Coefficient statistics:
  Matrix range     [1e-03, 1e+05]
  Objective range  [6e-02, 6e-02]
  Bounds range     [1e+00, 3e+00]
  RHS range        [1e-02, 2e+04]
Presolve removed 210859 rows and 76728 columns
Presolve time: 1.61s
Presolved: 880 rows, 1180 columns, 3999 nonzeros
Variable types: 1031 continuous, 149 integer (149 binary)
Found heuristic solution: objective 64.3915687
Root barrier log...

Ordering time: 0.00s

Barrier statistics:
 AA' NZ     : 4.586e+03
 Factor NZ  : 2.110e+04 (roughly 1 MB of memory)
 Factor Ops : 1.014e+06 (less than 1 second per iteration)
 Threads    : 1

                  Objective                Residual
Iter       Primal          Dual         Primal    Dual     Compl     Time
   0  -1.74767744e+03 -7.94345263e+03  1.55e+02 2.00e-01  3.48e+01     2s
   1  -6.03241172e+01 -4.25208147e+03  9.90e+00 3.44e-02  3.88e+00     2s
   2   4.63906012e+01 -5.23006714e+02  6.48e-01 8.22e-15  3.45e-01     2s
   3   5.08373895e+01 -8.82783935e+00  5.95e-02 3.55e-15  3.19e-02     2s
   4   4.58184320e+01  3.67923561e+01  4.55e-04 2.11e-15  4.54e-03     2s
   5   4.35169015e+01  4.10994537e+01  1.07e-04 2.78e-16  1.21e-03     2s
   6   4.28819107e+01  4.19608332e+01  3.39e-05 2.22e-16  4.63e-04     2s
   7   4.26842434e+01  4.22802698e+01  1.36e-05 2.22e-16  2.03e-04     2s
   8   4.26371029e+01  4.23390533e+01  7.43e-06 2.22e-16  1.50e-04     2s
   9   4.25867725e+01  4.24566908e+01  2.49e-06 4.44e-16  6.53e-05     2s
  10   4.25672568e+01  4.25484097e+01  9.98e-07 4.44e-16  9.47e-06     2s
  11   4.25541921e+01  4.25529910e+01  2.40e-08 2.22e-16  6.03e-07     2s
  12   4.25536225e+01  4.25535448e+01  7.29e-11 2.22e-16  3.90e-08     2s
  13   4.25536207e+01  4.25536179e+01  1.20e-10 4.44e-16  1.42e-09     2s
  14   4.25536205e+01  4.25536205e+01  4.42e-10 4.44e-16  1.42e-12     2s

Barrier solved model in 14 iterations and 1.71 seconds (1.80 work units)
Optimal objective 4.25536205e+01


Root relaxation: objective 4.255362e+01, 9 iterations, 0.02 seconds (0.02 work units)

    Nodes    |    Current Node    |     Objective Bounds      |     Work
 Expl Unexpl |  Obj  Depth IntInf | Incumbent    BestBd   Gap | It/Node Time

     0     0   42.55362    0    2   64.39157   42.55362  33.9%     -    1s
H    0     0                      42.5539662   42.55362  0.00%     -    1s

Explored 1 nodes (9 simplex iterations) in 1.74 seconds (1.81 work units)
Thread count was 32 (of 128 available processors)

Solution count 2: 42.554 64.3916 

Optimal solution found (tolerance 5.00e-03)
Best objective 4.255396621849e+01, best bound 4.255362051635e+01, gap 0.0008%


*********************************************
*********************************************


Set parameter LogFile to value "/work/07346/ashukla/ls6/Norta_Results/norta_sm_16_21/20M"
Gurobi Optimizer version 10.0.2 build v10.0.2rc0 (linux64)

CPU model: AMD EPYC 7763 64-Core Processor, instruction set [SSE2|AVX|AVX2]
Thread count: 128 physical cores, 128 logical processors, using up to 32 threads

Optimize a model with 211739 rows, 77908 columns and 589928 nonzeros
Model fingerprint: 0xdc2f385b
Variable types: 55968 continuous, 21940 integer (21578 binary)
Coefficient statistics:
  Matrix range     [1e-03, 1e+05]
  Objective range  [6e-02, 6e-02]
  Bounds range     [1e+00, 3e+00]
  RHS range        [1e-02, 2e+07]

MIP start from previous solve produced solution with objective 42.554 (0.62s)
MIP start from previous solve produced solution with objective 42.554 (0.62s)
Loaded MIP start from previous solve with objective 42.554

Presolve removed 177073 rows and 50735 columns
Presolve time: 1.71s
Presolved: 34666 rows, 27173 columns, 125981 nonzeros
Variable types: 23525 continuous, 3648 integer (3584 binary)
Root barrier log...

Ordering time: 0.31s

Barrier statistics:
 Dense cols : 55
 AA' NZ     : 4.048e+05
 Factor NZ  : 3.264e+06 (roughly 50 MB of memory)
 Factor Ops : 1.437e+09 (less than 1 second per iteration)
 Threads    : 32

                  Objective                Residual
Iter       Primal          Dual         Primal    Dual     Compl     Time
   0  -9.56655679e+05 -2.83516403e+05  5.01e+04 1.68e-01  9.98e+02     3s
   1  -5.81953467e+05 -3.15918758e+05  3.01e+04 2.84e-01  6.01e+02     3s
   2  -1.39253873e+05 -3.74354061e+05  6.22e+03 1.16e-13  1.55e+02     3s
   3  -6.20178893e+03 -3.05625027e+05  1.60e+02 6.32e-14  1.15e+01     3s
   4  -1.72469042e+03 -1.21094770e+05  9.49e+01 2.21e-14  3.44e+00     3s
   5  -7.90903818e+02 -6.98196094e+04  4.29e+01 1.07e-14  1.71e+00     3s
   6  -1.55411175e+02 -3.78216462e+04  1.37e+01 4.58e-15  7.58e-01     3s
   7   1.50820875e+01 -1.02689876e+04  5.29e+00 2.19e-15  2.04e-01     3s
   8   1.19336573e+02 -1.28588420e+03  5.39e-02 1.80e-15  2.34e-02     3s
   9   5.93803173e+01 -1.81595936e+02  3.24e-03 1.07e-14  3.83e-03     3s
  10   3.39077029e+01 -8.53881125e+01  1.37e-03 4.66e-15  1.89e-03     3s
  11   2.56035804e+01 -6.11563003e+01  8.36e-04 3.77e-15  1.37e-03     3s
  12   2.12281347e+01 -3.52342224e+01  5.82e-04 2.22e-15  8.93e-04     3s
  13   1.71203482e+01 -1.72405760e+01  3.57e-04 1.55e-15  5.44e-04     3s
  14   1.52495176e+01 -4.25208278e+00  2.66e-04 1.11e-15  3.09e-04     3s
  15   1.35099600e+01  3.37790735e-01  1.83e-04 6.66e-16  2.09e-04     3s
  16   1.21122287e+01  5.16944565e+00  1.19e-04 2.22e-16  1.10e-04     3s
  17   1.09069493e+01  6.49027447e+00  7.06e-05 4.44e-16  7.00e-05     3s
  18   1.02492208e+01  7.67182677e+00  3.98e-05 4.44e-16  4.08e-05     3s
  19   9.91640346e+00  8.65086655e+00  2.50e-05 4.44e-16  2.01e-05     3s
  20   9.81380380e+00  8.79153099e+00  2.05e-05 4.44e-16  1.62e-05     3s
  21   9.61098328e+00  9.04830771e+00  1.16e-05 4.44e-16  8.94e-06     3s
  22   9.47445387e+00  9.22176514e+00  5.61e-06 4.44e-16  4.02e-06     3s
  23   9.42510941e+00  9.26246691e+00  3.51e-06 4.44e-16  2.58e-06     3s
  24   9.41290916e+00  9.28139992e+00  3.04e-06 4.44e-16  2.09e-06     3s
  25   9.40115556e+00  9.29005748e+00  2.54e-06 4.44e-16  1.77e-06     3s
  26   9.38059837e+00  9.31435525e+00  1.69e-06 4.44e-16  1.05e-06     3s
  27   9.36371599e+00  9.32822462e+00  9.41e-07 4.44e-16  5.65e-07     3s
  28   9.35501715e+00  9.33473141e+00  5.95e-07 4.44e-16  3.23e-07     3s
  29   9.35021782e+00  9.33661246e+00  3.74e-07 4.44e-16  2.17e-07     3s
  30   9.34836494e+00  9.33784262e+00  2.88e-07 4.44e-16  1.68e-07     3s
  31   9.34640994e+00  9.34018962e+00  2.01e-07 4.55e-16  9.92e-08     4s
  32   9.34402055e+00  9.34088217e+00  9.21e-08 4.44e-16  5.00e-08     4s
  33   9.34307384e+00  9.34142051e+00  4.94e-08 4.44e-16  2.64e-08     4s
  34   9.34234582e+00  9.34172731e+00  1.69e-08 4.44e-16  9.85e-09     4s
  35   9.34204311e+00  9.34185200e+00  3.65e-09 1.24e-14  3.03e-09     4s
  36   9.34197247e+00  9.34194900e+00  6.31e-10 1.04e-14  3.74e-10     4s
  37   9.34195815e+00  9.34195446e+00  1.32e-10 3.68e-14  5.85e-11     4s

Barrier solved model in 37 iterations and 3.65 seconds (3.51 work units)
Optimal objective 9.34195815e+00


Root simplex log...

Iteration    Objective       Primal Inf.    Dual Inf.      Time
    6933    9.3419568e+00   0.000000e+00   0.000000e+00      5s

Root relaxation: objective 9.341957e+00, 6933 iterations, 2.68 seconds (3.44 work units)

    Nodes    |    Current Node    |     Objective Bounds      |     Work
 Expl Unexpl |  Obj  Depth IntInf | Incumbent    BestBd   Gap | It/Node Time

     0     0    9.34196    0  517   42.55397    9.34196  78.0%     -    9s
H    0     0                      24.5206773    9.34196  61.9%     -   10s
H    0     0                      15.7576020   10.57023  32.9%     -   23s
     0     0   10.57023    0  711   15.75760   10.57023  32.9%     -   24s
H    0     0                      15.6857874   10.57023  32.6%     -   25s
     0     0   10.63537    0  637   15.68579   10.63537  32.2%     -   27s
     0     0   10.64311    0  693   15.68579   10.64311  32.1%     -   29s
     0     0   10.64329    0  693   15.68579   10.64329  32.1%     -   30s
     0     0   10.81470    0  737   15.68579   10.81470  31.1%     -   37s
     0     0   10.84016    0  722   15.68579   10.84016  30.9%     -   40s
     0     0   10.84259    0  714   15.68579   10.84259  30.9%     -   42s
     0     0   10.84259    0  713   15.68579   10.84259  30.9%     -   42s
     0     0   10.90877    0  723   15.68579   10.90877  30.5%     -   51s
     0     0   10.91535    0  711   15.68579   10.91535  30.4%     -   56s
     0     0   10.91606    0  737   15.68579   10.91606  30.4%     -   57s
     0     0   10.91622    0  737   15.68579   10.91622  30.4%     -   57s
     0     0   10.93067    0  755   15.68579   10.93067  30.3%     -   61s
H    0     0                      15.6360265   10.93067  30.1%     -   63s
     0     0   10.93238    0  822   15.63603   10.93238  30.1%     -   63s
     0     0   10.93261    0  819   15.63603   10.93261  30.1%     -   64s
     0     0   10.93496    0  572   15.63603   10.93496  30.1%     -   64s
H    0     0                      15.6298551   10.93496  30.0%     -   66s
     0     0   10.93595    0  629   15.62986   10.93595  30.0%     -   66s
     0     0   10.93596    0  629   15.62986   10.93596  30.0%     -   66s
     0     0   10.93772    0  631   15.62986   10.93772  30.0%     -   67s
H    0     0                      15.6012369   10.93772  29.9%     -   69s
     0     0   10.94457    0  626   15.60124   10.94457  29.8%     -   69s
     0     0   10.94508    0  613   15.60124   10.94508  29.8%     -   69s
     0     0   10.94508    0  613   15.60124   10.94508  29.8%     -   69s
     0     0   10.94510    0  629   15.60124   10.94510  29.8%     -   70s
     0     0   10.94510    0  629   15.60124   10.94510  29.8%     -   72s
     0     0   10.94511    0  614   15.60124   10.94511  29.8%     -   72s
H    0     0                      15.5786230   10.94511  29.7%     -   76s
     0     0   10.94511    0  615   15.57862   10.94511  29.7%     -   76s
     0     0   10.94511    0  615   15.57862   10.94511  29.7%     -   77s
H    0     0                      14.6042183   10.94511  25.1%     -   78s
     0     0   10.94512    0  526   14.60422   10.94512  25.1%     -   82s
     0     0   10.94512    0  526   14.60422   10.94512  25.1%     -   82s
     0     0   10.94512    0  528   14.60422   10.94512  25.1%     -   83s
     0     0   10.94512    0  528   14.60422   10.94512  25.1%     -   85s
     0     2   10.94512    0  519   14.60422   10.94512  25.1%     -   92s
     1     4   10.98016    1  648   14.60422   10.94512  25.1%  3960   95s
     7    16   11.00186    3  628   14.60422   10.95416  25.0%  2482  104s
    15    32   11.49189    4  682   14.60422   10.97022  24.9%  3152  113s
    31    64   11.58659    5  778   14.60422   11.03854  24.4%  3265  121s
H   44    64                      14.6042182   11.03854  24.4%  2889  121s
H   50    64                      14.5128409   11.05339  23.8%  2782  121s
    63    96   11.67626    6  618   14.51284   11.05339  23.8%  2982  157s
    95   128   11.81888    6  601   14.51284   11.05339  23.8%  2687  167s
H  114   128                      14.3703361   11.05339  23.1%  2428  167s
   127   160   11.67745    7  780   14.37034   11.05339  23.1%  2248  173s
   159   192   11.72128    8  777   14.37034   11.05339  23.1%  2085  186s
H  161   192                      14.3108234   11.05339  22.8%  2061  186s
H  175   192                      14.0743768   11.05339  21.5%  2015  186s
   191   235   11.80906    8  615   14.07438   11.05339  21.5%  1977  192s
   234   275   11.79101    9  742   14.07438   11.05339  21.5%  1957  197s
   274   319   11.84605    9  719   14.07438   11.05339  21.5%  1908  202s
   318   363   11.83866   10  777   14.07438   11.05339  21.5%  1809  208s
   364   410   11.85312   11  528   14.07438   11.05339  21.5%  1751  215s
H  383   410                      13.8994925   11.05339  20.5%  1756  215s
H  384   410                      13.6253729   11.05339  18.9%  1753  215s
   411   467   11.86900   12  687   13.62537   11.05339  18.9%  1692  220s
H  524   555                      13.1864597   11.05339  16.2%  1575  347s
H  525   555                      12.9144248   11.05339  14.4%  1574  347s
H  526   555                      12.7062612   11.05339  13.0%  1571  347s
H  529   555                      12.2331701   11.05339  9.64%  1576  347s
   556   580   11.91055   15  337   12.23317   11.05339  9.64%  1545  352s
   649   647   11.98401   17  447   12.23317   11.05339  9.64%  1472  359s
   739   721   12.01426   18  416   12.23317   11.05339  9.64%  1413  366s
   839   796   12.10545   19  302   12.23317   11.05339  9.64%  1375  374s
   934   861   12.18196   20  232   12.23317   11.05339  9.64%  1340  380s
  1034   923     cutoff   21        12.23317   11.05339  9.64%  1319  385s
  1125   989   11.59717   19  229   12.23317   11.05339  9.64%  1316  394s
  1229  1056   11.63121   20  196   12.23317   11.05339  9.64%  1312  400s
H 1324  1078                      12.1883059   11.05339  9.31%  1326  504s
H 1325  1078                      12.1387054   11.05339  8.94%  1325  504s
  1360  1165   11.76440   25  219   12.13871   11.05339  8.94%  1350  510s
  1486  1193   11.89427   33  173   12.13871   11.05339  8.94%  1328  520s
  1568  1219     cutoff   34        12.13871   11.05339  8.94%  1373  534s
  1658  1239     cutoff   34        12.13871   11.05339  8.94%  1409  551s
  1761  1298   11.68711   11  412   12.13871   11.05339  8.94%  1432  562s
  1869  1362   11.70106   12  395   12.13871   11.05339  8.94%  1448  570s
  1986  1408   11.87842   15  267   12.13871   11.05339  8.94%  1453  579s
  2088  1461   12.00157   16  266   12.13871   11.05339  8.94%  1474  585s
  2212  1507   12.02300   16  247   12.13871   11.05339  8.94%  1475  598s
  2334  1517     cutoff   18        12.13871   11.05339  8.94%  1486  621s
H 2337  1517                      12.1387045   11.05339  8.94%  1488  621s
  2380  1587     cutoff   21        12.13870   11.08099  8.71%  1491  633s
  2533  1617   11.67624    7  758   12.13870   11.08099  8.71%  1497  642s
  2689  1689   12.07210    9  503   12.13870   11.08099  8.71%  1507  654s
  2837  1770     cutoff   10        12.13870   11.08099  8.71%  1525  667s
  2989  1813   11.78593    9  757   12.13870   11.08099  8.71%  1539  678s
  3125  1829   12.03385   11  605   12.13870   11.08099  8.71%  1566  690s
  3283  1887   12.11686   12  577   12.13870   11.08099  8.71%  1585  700s
  3459  1915   11.83966   11  521   12.13870   11.08099  8.71%  1592  723s
H 3460  1915                      12.1387043   11.08099  8.71%  1591  723s
  3499  2026     cutoff   12        12.13870   11.08099  8.71%  1601  734s
  3739  2116   11.99163   12  470   12.13870   11.08099  8.71%  1577  745s
  3948  2182     cutoff   13        12.13870   11.15905  8.07%  1580  759s
  4161  2240   11.81819    7  787   12.13870   11.28246  7.05%  1588  775s
  4346  2325   11.91885    9  559   12.13870   11.28246  7.05%  1610  787s
  4544  2339     cutoff   11        12.13870   11.28246  7.05%  1621  824s
H 4546  2339                      12.1385230   11.28246  7.05%  1621  824s
H 4576  2339                      12.1385230   11.28246  7.05%  1625  824s
  4592  2412   11.99471    9  642   12.13852   11.28246  7.05%  1629  839s
  4806  2471     cutoff   12        12.13852   11.28246  7.05%  1638  855s
  5045  2570   11.94830   15  260   12.13852   11.29282  6.97%  1637  869s
  5310  2683   11.54077   15  147   12.13852   11.29282  6.97%  1637  883s
  5574  2796   11.93965   25  129   12.13852   11.31498  6.78%  1636  900s
  5908  2797   11.49238   10  528   12.13852   11.32422  6.71%  1622 1247s
  5910  2798   11.96215   16  494   12.13852   11.32422  6.71%  1621 1257s
  5911  2799   11.86311   21  530   12.13852   11.32422  6.71%  1621 1283s
  5912  2800   12.01303   26  711   12.13852   11.32422  6.71%  1621 1289s
  5913  2800   11.65884   16  642   12.13852   11.32422  6.71%  1621 1292s
  5915  2802   12.01103   17  503   12.13852   11.32422  6.71%  1620 1309s
  5916  2802   11.69203   16  504   12.13852   11.32422  6.71%  1620 1310s
  5917  2803   11.93055   23  449   12.13852   11.32422  6.71%  1619 1323s
  5918  2804   11.63462   14  527   12.13852   11.32422  6.71%  1619 1325s
  5919  2804   11.72094   18  589   12.13852   11.32422  6.71%  1619 1334s
  5920  2805   11.75662   14  487   12.13852   11.32422  6.71%  1619 1335s
  5921  2806   11.83761   18  481   12.13852   11.32422  6.71%  1618 1347s
  5923  2807   11.48254   17  593   12.13852   11.32422  6.71%  1618 1360s
  5925  2808   12.08867   11  452   12.13852   11.32422  6.71%  1617 1368s
  5926  2809   11.88635   15  452   12.13852   11.32422  6.71%  1617 1375s
  5928  2813   11.32422   13  575   12.13852   11.32422  6.71%  15.3 1387s
  5930  2817   11.42794   14  618   12.13852   11.32422  6.71%  16.5 1392s
  5934  2819   11.43487   15  491   12.13852   11.32422  6.71%  17.5 1401s
  5942  2827   11.61357   16  528   12.13852   11.32422  6.71%  24.7 1412s
  5954  2841   11.77552   17  526   12.13852   11.32422  6.71%  30.3 1419s
  5976  2856   11.84733   18  617   12.13852   11.32422  6.71%  40.6 1428s
  6008  2871   11.88189   19  512   12.13852   11.32422  6.71%  57.5 1436s
  6040  2874   11.94152   19  516   12.13852   11.32422  6.71%  69.4 1443s
  6072  2888   11.88919   20  504   12.13852   11.32422  6.71%  83.0 1448s
  6104  2903     cutoff   20        12.13852   11.32422  6.71%  90.9 1455s
  6138  2916   11.92844   21  496   12.13852   11.32422  6.71%   101 1461s
  6174  2928     cutoff   21        12.13852   11.32422  6.71%   111 1468s
  6210  2938   12.02392   22  607   12.13852   11.32422  6.71%   122 1478s
  6247  2949     cutoff   22        12.13852   11.32422  6.71%   135 1488s
  6292  2956   12.07099   23  516   12.13852   11.32422  6.71%   147 1499s
  6336  2940     cutoff   23        12.13852   11.32422  6.71%   158 1616s
H 6337  2799                      12.1381528   11.32422  6.71%   158 1616s
H 6339  2664                      12.1367386   11.32422  6.69%   158 1616s
  6371  2663   12.08234   24  513   12.13674   11.32422  6.69%   166 1626s
  6418  2680     cutoff   25        12.13674   11.32422  6.69%   182 1633s
  6480  2674   11.84172   30  137   12.13674   11.32422  6.69%   196 1645s
  6534  2684   11.92317   31  136   12.13674   11.32422  6.69%   211 1651s
H 6605  2538                      12.1367386   11.32422  6.69%   222 1775s
H 6607  2416                      12.1367382   11.32422  6.69%   222 1775s
H 6608  2301                      12.1367235   11.32422  6.69%   222 1775s
H 6647  2180                      12.1367233   11.32422  6.69%   231 1775s
  6649  2194   12.03052   33  112   12.13672   11.32422  6.69%   232 1810s
  6737  2185   12.06268   34  126   12.13672   11.32422  6.69%   251 1817s
  6830  2199   11.59374   20  135   12.13672   11.32422  6.69%   268 1830s
  6930  2194   11.59721   21  136   12.13672   11.32422  6.69%   283 1844s
  7033  2192   11.69878   24  202   12.13672   11.32422  6.69%   297 1852s
  7144  2187   11.87058   29  205   12.13672   11.32422  6.69%   312 1865s
  7257  2201   11.96581   33  202   12.13672   11.32422  6.69%   329 1875s
  7373  2202   12.05198   37  155   12.13672   11.32422  6.69%   342 1891s
  7477  2202     cutoff   42        12.13672   11.32422  6.69%   362 1904s
  7611  2186   11.48890   21  271   12.13672   11.32422  6.69%   381 1913s
  7757  2158   12.06462   24  162   12.13672   11.32422  6.69%   398 2027s
H 7760  2053                      12.1350489   11.32422  6.68%   398 2027s
  7791  2111   12.08913   25  145   12.13505   11.32422  6.68%   405 2060s
  7975  2082     cutoff   25        12.13505   11.39418  6.11%   422 2073s
  8120  2112   11.55805   23  197   12.13505   11.39418  6.11%   437 2084s
  8298  2086   11.87744   26  167   12.13505   11.39418  6.11%   455 2095s
  8505  2062   11.83018   26  144   12.13505   11.39418  6.11%   474 2109s
  8691  2054   11.97637   29  162   12.13505   11.39418  6.11%   494 2123s
  8923  2000     cutoff   33        12.13505   11.47377  5.45%   514 2178s
  9119  1983   12.12713   24  304   12.13505   11.47377  5.45%   542 2193s
  9327  1957     cutoff   31        12.13505   11.59323  4.46%   561 2210s
  9551  1919   11.89631   36  160   12.13505   11.59323  4.46%   581 2230s
  9780  1894     cutoff   42        12.13505   11.61515  4.28%   603 2247s
 10000  1891   12.04887   28  157   12.13505   11.65405  3.96%   627 2265s
 10234  1879   11.79712   27  291   12.13505   11.69466  3.63%   653 2279s
 10508  1819   12.01018   29  279   12.13505   11.69466  3.63%   672 2296s
 10790  1756     cutoff   31        12.13505   11.70154  3.57%   694 2332s
 11067  1708 infeasible   36        12.13505   11.70557  3.54%   720 2362s
 11407  1628     cutoff   35        12.13505   11.72652  3.37%   745 2379s
 11760  1560   11.87596   32  167   12.13505   11.77711  2.95%   767 2400s
 12107  1602   11.99151   30  192   12.13505   11.79260  2.82%   786 2433s
 12493  1670   11.82616   28  112   12.13505   11.81503  2.64%   806 2459s
 12848  1675   12.04969   29   63   12.13505   11.82616  2.55%   831 2485s
 13221  1709   12.08073   29  137   12.13505   11.83394  2.48%   855 2506s
 13604  1738   12.12921   35  224   12.13505   11.84043  2.43%   876 2526s
 14008  1751     cutoff   35        12.13505   11.85966  2.27%   897 2547s
 14445  1771   12.00587   28  188   12.13505   11.86253  2.25%   918 2573s
 14996  1745   11.89754   27  218   12.13505   11.88577  2.05%   932 2622s
 15471  1670   12.11464   28  215   12.13505   11.88577  2.05%   953 2644s
 15923  1667     cutoff   29        12.13505   11.89562  1.97%   975 2670s
 16435  1617     cutoff   32        12.13505   11.91936  1.78%   994 2704s
 16969  1586     cutoff   31        12.13505   11.92815  1.70%  1011 2741s
 17581  1586   12.02940   31   65   12.13505   11.93946  1.61%  1030 2767s
 18284  1505   12.04017   34  102   12.13505   11.94935  1.53%  1043 2796s
 18936  1422   11.99655   28   93   12.13505   11.96269  1.42%  1060 2823s
 19586  1300   12.05244   32   99   12.13505   11.97684  1.30%  1077 2868s
 20265  1189     cutoff   35        12.13505   11.98884  1.20%  1095 2901s
 21008  1166     cutoff   30        12.13505   12.00169  1.10%  1114 3033s
H21010  1166                      12.1350489   12.00169  1.10%  1114 3033s
H21023  1166                      12.1348540   12.00169  1.10%  1115 3033s
H21024  1166                      12.1295637   12.00169  1.05%  1115 3033s
H21092  1166                      12.1295635   12.00169  1.05%  1119 3033s
 21094  1012   12.12269   29  129   12.12956   12.00320  1.04%  1119 3067s
 21917   808   12.05596   42   49   12.12956   12.02113  0.89%  1134 3102s
 23034   357     cutoff   49        12.12956   12.04369  0.71%  1139 3134s

Cutting planes:
  Learned: 10
  Gomory: 56
  Cover: 99
  Implied bound: 708
  Projected implied bound: 57
  Clique: 40
  MIR: 734
  StrongCG: 5
  Flow cover: 1455
  Zero half: 11
  RLT: 84
  Relax-and-lift: 170
  BQP: 23
  PSD: 7

Explored 24472 nodes (37374620 simplex iterations) in 3134.33 seconds (7030.98 work units)
Thread count was 32 (of 128 available processors)

Solution count 10: 12.1296 12.1296 12.1349 ... 12.1367

Optimal solution found (tolerance 5.00e-03)
Best objective 1.212956348971e+01, best bound 1.206941259067e+01, gap 0.4959%


*********************************************
*********************************************


Set parameter LogFile to value "/work/07346/ashukla/ls6/Norta_Results/norta_sm_16_21/40M"
Gurobi Optimizer version 10.0.2 build v10.0.2rc0 (linux64)

CPU model: AMD EPYC 7763 64-Core Processor, instruction set [SSE2|AVX|AVX2]
Thread count: 128 physical cores, 128 logical processors, using up to 32 threads

Optimize a model with 211739 rows, 77908 columns and 589928 nonzeros
Model fingerprint: 0x58af44d5
Variable types: 55968 continuous, 21940 integer (21578 binary)
Coefficient statistics:
  Matrix range     [1e-03, 1e+05]
  Objective range  [6e-02, 6e-02]
  Bounds range     [1e+00, 3e+00]
  RHS range        [1e-02, 4e+07]

MIP start from previous solve produced solution with objective 12.1296 (0.71s)
MIP start from previous solve produced solution with objective 12.1296 (0.72s)
Loaded MIP start from previous solve with objective 12.1296

Presolve removed 177073 rows and 50735 columns
Presolve time: 1.70s
Presolved: 34666 rows, 27173 columns, 125981 nonzeros
Variable types: 23525 continuous, 3648 integer (3584 binary)
Root barrier log...

Ordering time: 0.33s

Barrier statistics:
 Dense cols : 55
 AA' NZ     : 4.048e+05
 Factor NZ  : 3.264e+06 (roughly 50 MB of memory)
 Factor Ops : 1.437e+09 (less than 1 second per iteration)
 Threads    : 32

                  Objective                Residual
Iter       Primal          Dual         Primal    Dual     Compl     Time
   0  -7.12291220e+05 -2.83516717e+05  3.72e+04 1.68e-01  7.44e+02     3s
   1  -4.22130574e+05 -3.09887891e+05  2.17e+04 4.22e-01  4.38e+02     3s
   2  -1.29318242e+05 -3.68192444e+05  4.97e+03 1.10e-13  1.43e+02     3s
   3  -7.83956747e+03 -2.98387746e+05  4.19e+01 7.56e-14  1.30e+01     3s
   4  -1.32161629e+03 -1.33643424e+05  8.07e+00 3.13e-14  3.38e+00     3s
   5  -4.43359662e+02 -6.88121961e+04  3.44e+00 1.46e-14  1.47e+00     3s
   6   1.23485317e+02 -2.21888584e+04  3.28e-01 4.64e-15  3.73e-01     3s
   7   1.47766668e+02 -3.52387138e+03  2.22e-02 2.22e-15  5.83e-02     3s
   8   8.12245147e+01 -6.51845802e+02  1.27e-03 8.88e-16  1.16e-02     3s
   9   4.03005180e+01 -1.57486444e+02  3.90e-04 4.44e-16  3.12e-03     3s
  10   1.94086053e+01 -6.03042801e+01  1.44e-04 4.44e-16  1.26e-03     3s
  11   1.25575951e+01 -2.31912755e+01  7.77e-05 2.78e-16  5.64e-04     3s
  12   9.02613208e+00 -6.65694042e+00  4.73e-05 2.22e-16  2.47e-04     3s
  13   6.69979896e+00 -1.54812470e+00  2.92e-05 4.44e-16  1.30e-04     3s
  14   4.77234091e+00  9.71002788e-01  1.48e-05 2.22e-16  6.00e-05     3s
  15   4.53154469e+00  1.29921738e+00  1.31e-05 2.22e-16  5.10e-05     3s
  16   3.82350008e+00  1.78411547e+00  7.84e-06 4.44e-16  3.22e-05     3s
  17   3.39328649e+00  2.29643504e+00  4.76e-06 4.44e-16  1.73e-05     3s
  18   3.15128505e+00  2.56939715e+00  2.89e-06 4.44e-16  9.18e-06     3s
  19   2.98365862e+00  2.63321121e+00  1.66e-06 4.44e-16  5.53e-06     3s
  20   2.94106635e+00  2.65198923e+00  1.34e-06 4.44e-16  4.56e-06     3s
  21   2.87874772e+00  2.68475043e+00  8.67e-07 4.44e-16  3.06e-06     3s
  22   2.83236920e+00  2.69340895e+00  5.19e-07 4.44e-16  2.19e-06     3s
  23   2.82477617e+00  2.70130281e+00  4.61e-07 4.44e-16  1.95e-06     4s
  24   2.80573518e+00  2.71797012e+00  3.22e-07 4.44e-16  1.38e-06     4s
  25   2.78888081e+00  2.72808478e+00  1.97e-07 4.44e-16  9.59e-07     4s
  26   2.78613746e+00  2.73804095e+00  1.79e-07 4.44e-16  7.59e-07     4s
  27   2.77984796e+00  2.74395565e+00  1.36e-07 4.44e-16  5.66e-07     4s
  28   2.77597761e+00  2.74652938e+00  1.08e-07 4.44e-16  4.65e-07     4s
  29   2.76928918e+00  2.75297379e+00  5.47e-08 4.44e-16  2.57e-07     4s
  30   2.76590984e+00  2.75687324e+00  2.85e-08 4.44e-16  1.43e-07     4s
  31   2.76463474e+00  2.75910751e+00  1.85e-08 4.44e-16  8.72e-08     4s
  32   2.76372414e+00  2.76050987e+00  1.16e-08 4.44e-16  5.07e-08     4s
  33   2.76285538e+00  2.76144390e+00  5.02e-09 4.44e-16  2.23e-08     4s
  34   2.76268481e+00  2.76186047e+00  3.75e-09 4.44e-16  1.30e-08     4s
  35   2.76229076e+00  2.76203740e+00  8.65e-10 1.52e-15  4.00e-09     4s
  36   2.76225265e+00  2.76210337e+00  6.30e-10 1.83e-14  2.35e-09     4s
  37   2.76217476e+00  2.76215978e+00  6.64e-11 5.17e-13  2.36e-10     4s
  38   2.76217246e+00  2.76217161e+00  1.23e-10 7.65e-14  1.34e-11     4s

Barrier solved model in 38 iterations and 3.82 seconds (3.62 work units)
Optimal objective 2.76217246e+00

Extra simplex iterations after uncrush: 1

Root relaxation: objective 2.762172e+00, 6626 iterations, 2.44 seconds (2.83 work units)
Total elapsed time = 8.32s

    Nodes    |    Current Node    |     Objective Bounds      |     Work
 Expl Unexpl |  Obj  Depth IntInf | Incumbent    BestBd   Gap | It/Node Time

     0     0    2.76217    0  284   12.12956    2.76217  77.2%     -   10s
H    0     0                      12.1136452    2.76217  77.2%     -   11s
H    0     0                       6.3349565    3.35646  47.0%     -   31s
     0     0    3.35646    0  375    6.33496    3.35646  47.0%     -   31s
H    0     0                       6.2517409    3.35646  46.3%     -   35s
H    0     0                       5.7429851    3.38554  41.0%     -   36s
     0     0    3.38554    0  349    5.74299    3.38554  41.0%     -   36s
     0     0    3.44254    0  417    5.74299    3.44254  40.1%     -   45s
     0     0    3.44393    0  426    5.74299    3.44393  40.0%     -   48s
     0     0    3.44394    0  426    5.74299    3.44394  40.0%     -   49s
     0     0    3.48186    0  322    5.74299    3.48186  39.4%     -   53s
     0     0    3.48463    0  353    5.74299    3.48463  39.3%     -   57s
     0     0    3.48479    0  350    5.74299    3.48479  39.3%     -   57s
     0     0    3.48479    0  350    5.74299    3.48479  39.3%     -   57s
     0     0    3.49291    0  369    5.74299    3.49291  39.2%     -   60s
H    0     0                       5.7429850    3.49459  39.2%     -   63s
     0     0    3.49459    0  376    5.74299    3.49459  39.2%     -   63s
     0     0    3.49462    0  324    5.74299    3.49462  39.1%     -   64s
     0     0    3.49468    0  358    5.74299    3.49468  39.1%     -   64s
H    0     0                       5.6693071    3.49468  38.4%     -   66s
     0     0    3.49471    0  346    5.66931    3.49471  38.4%     -   67s
     0     0    3.49472    0  354    5.66931    3.49472  38.4%     -   67s
     0     0    3.49472    0  354    5.66931    3.49472  38.4%     -   68s
     0     0    3.49472    0  353    5.66931    3.49472  38.4%     -   68s
     0     0    3.49472    0  353    5.66931    3.49472  38.4%     -   70s
     0     0    3.49490    0  346    5.66931    3.49490  38.4%     -   75s
H    0     0                       5.6508328    3.49490  38.2%     -   77s
     0     0    3.49500    0  349    5.65083    3.49500  38.2%     -   78s
     0     0    3.49515    0  295    5.65083    3.49515  38.1%     -   79s
H    0     0                       5.5954543    3.49515  37.5%     -   82s
     0     0    3.49515    0  303    5.59545    3.49515  37.5%     -   82s
     0     0    3.49515    0  293    5.59545    3.49515  37.5%     -   83s
     0     0    3.49515    0  276    5.59545    3.49515  37.5%     -   86s
H    0     0                       5.5609797    3.49515  37.1%     -   93s
     0     2    3.49515    0  274    5.56098    3.49515  37.1%     -   96s
     1     4    3.77125    1  299    5.56098    3.49515  37.1%  9707  105s
     7    16    3.79652    3  228    5.56098    3.50138  37.0%  3561  122s
    15    32    3.84584    4  110    5.56098    3.50322  37.0%  3916  128s
H   31    63                       5.3675783    3.51036  34.6%  3665  166s
H   42    63                       5.0112622    3.51036  30.0%  5984  166s
H   53    63                       4.6660486    3.51176  24.7%  5234  166s
    63    93    4.10634    6  430    4.66605    3.51176  24.7%  4991  197s
    95   125    4.10659    7  454    4.66605    3.51176  24.7%  4237  205s
   127   157    4.10666    8  451    4.66605    3.51176  24.7%  3589  217s
   159   189    4.10710    9  401    4.66605    3.51176  24.7%  3293  227s
H  161   189                       4.6660486    3.51176  24.7%  3255  227s
H  165   189                       4.6483088    3.51176  24.5%  3246  227s
H  168   189                       4.6465686    3.51176  24.4%  3207  227s
H  175   189                       4.6452347    3.51176  24.4%  3199  227s
H  189   189                       4.6391489    3.51176  24.3%  3048  227s
   191   237    4.15268   10  333    4.63915    3.51176  24.3%  3042  237s
H  242   267                       4.6342826    3.51176  24.2%  2563  337s
H  243   267                       4.6189481    3.51176  24.0%  2567  337s
H  244   267                       4.6013264    3.51176  23.7%  2558  337s
H  246   267                       4.5953209    3.51176  23.6%  2540  337s
H  262   267                       4.5837654    3.51176  23.4%  2431  337s
   274   314    4.15276   11  371    4.58377    3.51176  23.4%  2390  346s
H  329   342                       4.4951434    3.51176  21.9%  2202  480s
H  330   342                       4.0835483    3.51176  14.0%  2199  480s
H  338   342                       3.8810359    3.51176  9.51%  2184  480s
H  342   342                       3.8687520    3.51176  9.23%  2194  480s
   363   307     cutoff   13         3.86875    3.51176  9.23%  2143  486s
   459   352     cutoff   13         3.86875    3.51856  9.05%  1795  507s
   531   414    3.75011    7   25    3.86875    3.51856  9.05%  1897  515s
   620   466    3.75910   11   49    3.86875    3.51856  9.05%  1795  531s
   714   535     cutoff   15         3.86875    3.51856  9.05%  1724  540s
   821   575     cutoff   13         3.86875    3.51856  9.05%  1651  553s
   927   636    3.76669   37   73    3.86875    3.51856  9.05%  1627  566s
  1042   702     cutoff   43         3.86875    3.54192  8.45%  1564  581s
  1184   763    3.78627    7  157    3.86875    3.54192  8.45%  1505  593s
  1332   816    3.80187   10  224    3.86875    3.54192  8.45%  1464  603s
  1460   827     cutoff   16         3.86875    3.54192  8.45%  1454  627s
H 1464   827                       3.8644687    3.54192  8.35%  1454  627s
H 1465   827                       3.8624685    3.54192  8.30%  1455  627s
  1500   819     cutoff   14         3.86247    3.54523  8.21%  1475  639s
* 1574   819              38       3.8595975    3.54523  8.15%  1539  639s
  1589   818    3.77105    7   35    3.85960    3.54523  8.15%  1539  648s
  1665   816    3.78447   16   68    3.85960    3.54523  8.15%  1589  660s
  1763   823     cutoff   25         3.85960    3.55172  7.98%  1625  673s
  1865   809     cutoff   13         3.85960    3.55172  7.98%  1664  686s
  1984   801    3.70764   11  372    3.85960    3.55172  7.98%  1694  695s
  2077   810    3.85300   13  238    3.85960    3.55172  7.98%  1751  707s
  2162   804    3.85400   14  230    3.85960    3.55172  7.98%  1809  716s
  2250   803    3.74952   15  266    3.85960    3.55172  7.98%  1867  728s
  2345   792     cutoff   18         3.85960    3.55172  7.98%  1927  739s
  2433   771     cutoff   16         3.85960    3.57074  7.48%  1974  752s
  2528   753    3.67428   12  224    3.85960    3.61174  6.42%  2023  769s
  2636   730     cutoff   19         3.85960    3.61262  6.40%  2083  791s
  2709   690    3.78598   22  283    3.85960    3.61262  6.40%  2134  815s
  2828   674     cutoff   23         3.85960    3.65344  5.34%  2199  829s
  2960   631     cutoff   23         3.85960    3.67723  4.73%  2237  840s
  3086   565     cutoff   16         3.85960    3.68423  4.54%  2266  854s
  3231   556    3.73232   16  199    3.85960    3.70196  4.08%  2295  866s
  3498   500     cutoff   21         3.85960    3.72512  3.48%  2248  878s
  3767   400     cutoff   19         3.85960    3.73875  3.13%  2203  894s
  4116   204     cutoff   15         3.85960    3.75604  2.68%  2140  906s
  4447    19     cutoff   17         3.85960    3.81617  1.13%  2083  973s

Cutting planes:
  Learned: 4
  Gomory: 52
  Cover: 251
  Implied bound: 1734
  Clique: 54
  MIR: 517
  StrongCG: 2
  Flow cover: 240
  Inf proof: 1
  Zero half: 9
  RLT: 90
  Relax-and-lift: 194
  BQP: 10
  PSD: 5

Explored 4657 nodes (9470272 simplex iterations) in 973.87 seconds (2128.29 work units)
Thread count was 32 (of 128 available processors)

Solution count 10: 3.8596 3.86247 3.86447 ... 4.60133

Optimal solution found (tolerance 5.00e-03)
Best objective 3.859597500001e+00, best bound 3.855746611925e+00, gap 0.0998%


*********************************************
*********************************************


Set parameter LogFile to value "/work/07346/ashukla/ls6/Norta_Results/norta_sm_16_21/60M"
Gurobi Optimizer version 10.0.2 build v10.0.2rc0 (linux64)

CPU model: AMD EPYC 7763 64-Core Processor, instruction set [SSE2|AVX|AVX2]
Thread count: 128 physical cores, 128 logical processors, using up to 32 threads

Optimize a model with 211739 rows, 77908 columns and 589928 nonzeros
Model fingerprint: 0x2003dd1e
Variable types: 55968 continuous, 21940 integer (21578 binary)
Coefficient statistics:
  Matrix range     [1e-03, 1e+05]
  Objective range  [6e-02, 6e-02]
  Bounds range     [1e+00, 3e+00]
  RHS range        [1e-02, 6e+07]

MIP start from previous solve produced solution with objective 3.8596 (0.71s)
MIP start from previous solve produced solution with objective 3.8596 (0.72s)
Loaded MIP start from previous solve with objective 3.8596

Presolve removed 177073 rows and 50735 columns
Presolve time: 1.71s
Presolved: 34666 rows, 27173 columns, 125981 nonzeros
Variable types: 23525 continuous, 3648 integer (3584 binary)
Root barrier log...

Ordering time: 0.31s

Barrier statistics:
 Dense cols : 55
 AA' NZ     : 4.048e+05
 Factor NZ  : 3.264e+06 (roughly 50 MB of memory)
 Factor Ops : 1.437e+09 (less than 1 second per iteration)
 Threads    : 32

                  Objective                Residual
Iter       Primal          Dual         Primal    Dual     Compl     Time
   0  -9.64250265e+05 -2.83517364e+05  5.03e+04 1.68e-01  1.01e+03     3s
   1  -5.86024693e+05 -3.08062411e+05  2.98e+04 4.64e-01  6.11e+02     3s
   2  -2.22150756e+05 -4.04496801e+05  8.12e+03 2.64e-13  2.49e+02     3s
   3  -1.73062541e+04 -3.43550978e+05  9.07e+01 1.22e-13  2.40e+01     3s
   4  -3.42376271e+03 -1.59544088e+05  1.89e+01 5.83e-14  5.71e+00     3s
   5  -8.04241666e+02 -9.18577131e+04  5.29e+00 2.90e-14  2.17e+00     3s
   6   8.85717875e+01 -5.23508600e+04  5.56e-01 1.30e-14  8.83e-01     3s
   7   1.60803492e+02 -5.63812949e+03  2.61e-02 1.76e-15  9.21e-02     3s
   8   1.00299544e+02 -1.24189053e+03  3.41e-03 3.11e-15  2.12e-02     3s
   9   3.70973261e+01 -1.88173607e+02  3.39e-04 4.44e-16  3.55e-03     3s
  10   1.63242057e+01 -7.51451120e+01  9.72e-05 4.44e-16  1.44e-03     3s
  11   6.26132319e+00 -3.08182810e+01  2.86e-05 2.22e-16  5.84e-04     3s
  12   3.11349334e+00 -1.14719791e+01  1.16e-05 4.44e-16  2.30e-04     3s
  13   3.02498905e+00 -7.93830656e+00  1.12e-05 2.22e-16  1.73e-04     3s
  14   1.98146165e+00 -3.25220451e+00  6.88e-06 4.44e-16  8.25e-05     3s
  15   1.39851079e+00 -1.37008296e+00  4.59e-06 4.44e-16  4.36e-05     3s
  16   9.67030931e-01 -5.66414023e-01  3.00e-06 4.44e-16  2.42e-05     3s
  17   5.32719336e-01 -7.03916050e-02  1.38e-06 4.44e-16  9.51e-06     3s
  18   3.37919919e-01  5.22799351e-02  6.70e-07 4.44e-16  4.50e-06     3s
  19   2.99393848e-01  7.12431893e-02  5.30e-07 4.44e-16  3.60e-06     3s
  20   2.60067357e-01  1.03506789e-01  3.85e-07 4.44e-16  2.47e-06     3s
  21   2.13140798e-01  1.18711858e-01  2.16e-07 4.44e-16  1.49e-06     4s
  22   1.96547991e-01  1.35068788e-01  1.63e-07 4.44e-16  9.69e-07     4s
  23   1.83993112e-01  1.36801697e-01  1.17e-07 4.44e-16  7.44e-07     4s
  24   1.76203928e-01  1.42012621e-01  8.96e-08 4.44e-16  5.39e-07     4s
  25   1.69926600e-01  1.43717384e-01  6.55e-08 4.44e-16  4.13e-07     4s
  26   1.64369937e-01  1.48364153e-01  4.43e-08 4.44e-16  2.52e-07     4s
  27   1.58491949e-01  1.50494139e-01  2.33e-08 4.44e-16  1.26e-07     4s
  28   1.55705985e-01  1.50897387e-01  1.36e-08 4.44e-16  7.58e-08     4s
  29   1.55370000e-01  1.51051415e-01  1.20e-08 4.44e-16  6.81e-08     4s
  30   1.54946904e-01  1.51285636e-01  1.02e-08 4.44e-16  5.77e-08     4s
  31   1.54800913e-01  1.51454116e-01  9.56e-09 4.44e-16  5.28e-08     4s
  32   1.54072868e-01  1.51899316e-01  6.28e-09 4.44e-16  3.43e-08     4s
  33   1.53079883e-01  1.52275815e-01  1.82e-09 4.44e-16  1.27e-08     4s
  34   1.52871813e-01  1.52420395e-01  9.41e-10 4.44e-16  7.12e-09     4s
  35   1.52811438e-01  1.52545771e-01  6.86e-10 1.71e-13  4.19e-09     4s
  36   1.52734038e-01  1.52605280e-01  3.64e-10 1.88e-14  2.03e-09     4s
  37   1.52655824e-01  1.52637844e-01  2.12e-10 7.58e-14  2.83e-10     4s
  38   1.52647779e-01  1.52643080e-01  1.14e-10 7.11e-14  7.41e-11     4s
  39   1.52647149e-01  1.52643502e-01  6.34e-08 5.12e-14  5.75e-11     4s

Barrier solved model in 39 iterations and 3.98 seconds (3.66 work units)
Optimal objective 1.52647149e-01


Restart crossover...


Root crossover log...

       0 PPushes remaining with PInf 4.5587352e+03                 6s

  Push phase complete: Pinf 4.5587352e+03, Dinf 1.2341472e+01      6s


Root simplex log...

Iteration    Objective       Primal Inf.    Dual Inf.      Time
    7337    1.5266370e-01   0.000000e+00   1.234147e+01      6s
    7925    1.5264582e-01   0.000000e+00   0.000000e+00      7s
    7931    1.5264582e-01   0.000000e+00   0.000000e+00      7s
Extra simplex iterations after uncrush: 6

Root relaxation: objective 1.526458e-01, 7931 iterations, 4.26 seconds (5.14 work units)
Total elapsed time = 10.14s

    Nodes    |    Current Node    |     Objective Bounds      |     Work
 Expl Unexpl |  Obj  Depth IntInf | Incumbent    BestBd   Gap | It/Node Time

     0     0    0.15265    0  143    3.85960    0.15265  96.0%     -   10s
H    0     0                       3.1885490    0.15265  95.2%     -   13s
     0     0    0.18398    0  239    3.18855    0.18398  94.2%     -   19s
H    0     0                       2.5257542    0.18398  92.7%     -   22s
H    0     0                       2.4422050    0.18417  92.5%     -   23s
     0     0    0.18417    0  239    2.44220    0.18417  92.5%     -   23s
H    0     0                       1.4425206    0.19741  86.3%     -   28s
     0     0    0.19741    0  227    1.44252    0.19741  86.3%     -   28s
H    0     0                       1.3701357    0.19741  85.6%     -   30s
     0     0    0.19760    0  262    1.37014    0.19760  85.6%     -   30s
     0     0    0.20212    0  260    1.37014    0.20212  85.2%     -   32s
     0     0    0.20245    0  267    1.37014    0.20245  85.2%     -   33s
     0     0    0.20253    0  266    1.37014    0.20253  85.2%     -   35s
     0     0    0.20255    0  266    1.37014    0.20255  85.2%     -   35s
     0     0    0.20287    0  267    1.37014    0.20287  85.2%     -   36s
     0     0    0.20308    0  271    1.37014    0.20308  85.2%     -   36s
     0     0    0.20367    0  250    1.37014    0.20367  85.1%     -   37s
     0     0    0.20367    0  249    1.37014    0.20367  85.1%     -   37s
H    0     0                       1.3697212    0.20367  85.1%     -   41s
     0     0    0.20378    0  237    1.36972    0.20378  85.1%     -   41s
     0     0    0.20378    0  238    1.36972    0.20378  85.1%     -   42s
H    0     0                       1.3510002    0.20378  84.9%     -   44s
     0     0    0.20378    0  237    1.35100    0.20378  84.9%     -   44s
     0     0    0.20394    0  241    1.35100    0.20394  84.9%     -   45s
     0     0    0.20394    0  240    1.35100    0.20394  84.9%     -   45s
     0     0    0.20394    0  241    1.35100    0.20394  84.9%     -   46s
     0     0    0.20394    0  241    1.35100    0.20394  84.9%     -   46s
     0     0    0.20406    0  250    1.35100    0.20406  84.9%     -   46s
     0     0    0.20406    0  250    1.35100    0.20406  84.9%     -   46s
     0     0    0.20408    0  254    1.35100    0.20408  84.9%     -   47s
     0     0    0.20408    0  254    1.35100    0.20408  84.9%     -   47s
     0     0    0.20408    0  254    1.35100    0.20408  84.9%     -   47s
     0     0    0.20408    0  214    1.35100    0.20408  84.9%     -   55s
     0     2    0.20408    0  214    1.35100    0.20408  84.9%     -   61s
     3     8    0.31331    2  154    1.35100    0.20521  84.8%  1454   67s
     7    16    0.52553    3  160    1.35100    0.20530  84.8%  1495   70s
H   31    64                       1.3508689    0.20564  84.8%  1638   81s
H   48    64                       1.3350916    0.20615  84.6%  2193   81s
H   51    64                       0.6637839    0.20615  68.9%  2086   81s
    63    51    0.61569    6  157    0.66378    0.20615  68.9%  1798   89s
   109    74     cutoff    6         0.66378    0.20643  68.9%  1271   99s
H  115    74                       0.6585780    0.20643  68.7%  1310   99s
   141    96     cutoff    7         0.65858    0.20693  68.6%  1389  108s
H  173   122                       0.6585780    0.20789  68.4%  1380  116s
H  176   122                       0.6585780    0.20789  68.4%  1380  116s
H  200   122                       0.6585779    0.20789  68.4%  1414  116s
   205   161    0.26514   10   46    0.65858    0.20789  68.4%  1388  123s
H  248   188                       0.6567082    0.20789  68.3%  1277  164s
H  249   188                       0.6277777    0.20789  66.9%  1272  164s
H  256   188                       0.5950313    0.20789  65.1%  1251  164s
   280   219    0.26530   12   45    0.59503    0.20789  65.1%  1229  166s
H  334   242                       0.3278663    0.20789  36.6%  1096  229s
H  335   242                       0.3260888    0.20789  36.2%  1094  229s
H  337   242                       0.3251363    0.20789  36.1%  1095  229s
H  339   242                       0.2907750    0.20789  28.5%  1090  229s
   370   164    0.27281   15   41    0.29078    0.20789  28.5%  1075  231s
   462   127    0.27750   15  100    0.29078    0.20789  28.5%   876  236s
   531   105     cutoff   16         0.29078    0.20796  28.5%   860  240s
   603   102     cutoff    9         0.29078    0.20796  28.5%   834  246s
   713    94    0.22218   11  157    0.29078    0.20796  28.5%   901  255s
   766    75    0.24717   11  246    0.29078    0.20796  28.5%   946  262s
   812    64     cutoff   12         0.29078    0.20796  28.5%  1001  267s
   854    36    0.23833   15  127    0.29078    0.20796  28.5%  1057  271s
   896    20    0.24751   16  109    0.29078    0.20796  28.5%  1073  277s
   940     5     cutoff   18         0.29078    0.20796  28.5%  1098  283s
   946     2     cutoff   18         0.29078    0.20796  28.5%  1106  287s
   949     0     cutoff    6         0.29078    0.26523  8.79%  1112  290s

Cutting planes:
  Gomory: 7
  Cover: 227
  Implied bound: 1105
  Clique: 42
  MIR: 249
  StrongCG: 7
  Flow cover: 109
  Zero half: 3
  RLT: 25
  Relax-and-lift: 183
  BQP: 11
  PSD: 7

Explored 951 nodes (1092645 simplex iterations) in 290.52 seconds (546.58 work units)
Thread count was 32 (of 128 available processors)

Solution count 10: 0.290775 0.325136 0.326089 ... 0.658578

Optimal solution found (tolerance 5.00e-03)
Best objective 2.907750000005e-01, best bound 2.907750000005e-01, gap 0.0000%


*********************************************
*********************************************


Set parameter LogFile to value "/work/07346/ashukla/ls6/Norta_Results/norta_sm_16_21/80M"
Gurobi Optimizer version 10.0.2 build v10.0.2rc0 (linux64)

CPU model: AMD EPYC 7763 64-Core Processor, instruction set [SSE2|AVX|AVX2]
Thread count: 128 physical cores, 128 logical processors, using up to 32 threads

Optimize a model with 211739 rows, 77908 columns and 589928 nonzeros
Model fingerprint: 0xc051455e
Variable types: 55968 continuous, 21940 integer (21578 binary)
Coefficient statistics:
  Matrix range     [1e-03, 1e+05]
  Objective range  [6e-02, 6e-02]
  Bounds range     [1e+00, 3e+00]
  RHS range        [1e-02, 8e+07]

MIP start from previous solve produced solution with objective 0.290775 (0.77s)
Loaded MIP start from previous solve with objective 0.290775

Presolve removed 183746 rows and 51838 columns
Presolve time: 1.94s
Presolved: 27993 rows, 26070 columns, 106994 nonzeros
Variable types: 22633 continuous, 3437 integer (3387 binary)
Root barrier log...

Ordering time: 0.21s

Barrier statistics:
 Dense cols : 31
 AA' NZ     : 2.630e+05
 Factor NZ  : 1.933e+06 (roughly 33 MB of memory)
 Factor Ops : 5.600e+08 (less than 1 second per iteration)
 Threads    : 32

                  Objective                Residual
Iter       Primal          Dual         Primal    Dual     Compl     Time
   0  -6.88117878e+04 -2.25534390e+05  3.42e+02 1.68e-01  7.33e+01     3s
   1  -2.42284485e+04 -1.92894321e+05  1.21e+02 3.86e-01  2.72e+01     3s
   2  -7.48535667e+02 -1.04131138e+05  4.78e+00 2.16e-14  2.71e+00     3s
   3  -4.64836269e+00 -4.83924877e+04  1.00e+00 3.18e-14  1.01e+00     3s
   4   1.42750110e+02 -9.54103646e+03  1.42e-01 4.71e-15  1.86e-01     3s
   5   1.20789386e+02 -2.09227295e+03  5.43e-03 1.78e-15  4.11e-02     3s
   6   7.04039457e+01 -7.05689591e+02  1.61e-03 6.66e-16  1.44e-02     3s
   7   3.63532542e+01 -2.40901509e+02  6.55e-04 4.44e-16  5.15e-03     3s
   8   1.50025050e+01 -6.85639285e+01  2.08e-04 4.44e-16  1.55e-03     3s
   9   5.57951287e+00 -2.66655166e+01  6.48e-05 2.22e-16  5.98e-04     3s
  10   9.35647531e-01 -7.41391482e+00  6.53e-06 4.44e-16  1.55e-04     3s
  11   1.17895975e-01 -8.57033382e-01  4.56e-07 4.44e-16  1.81e-05     3s
  12   2.05016061e-02 -1.11079607e-01  6.07e-08 4.44e-16  2.44e-06     3s
  13   3.70367696e-03 -2.61310465e-02  1.05e-08 4.44e-16  5.53e-07     3s
  14   3.35153613e-04 -9.73041513e-04  9.26e-10 4.44e-16  2.43e-08     3s
  15   4.32050797e-06 -4.68493710e-06  1.46e-11 4.44e-16  1.67e-10     3s
  16   7.61701813e-12 -3.92219590e-12  4.90e-12 4.44e-16  4.61e-16     3s

Barrier solved model in 16 iterations and 3.39 seconds (3.02 work units)
Optimal objective 7.61701813e-12


Root relaxation: objective 1.023182e-12, 2384 iterations, 1.10 seconds (0.90 work units)
Total elapsed time = 8.40s

    Nodes    |    Current Node    |     Objective Bounds      |     Work
 Expl Unexpl |  Obj  Depth IntInf | Incumbent    BestBd   Gap | It/Node Time

     0     0    0.00000    0   15    0.29078    0.00000   100%     -    9s
     0     0    0.00000    0   84    0.29078    0.00000   100%     -   13s
H    0     0                       0.2619715    0.00000   100%     -   15s
     0     0    0.00000    0   83    0.26197    0.00000   100%     -   16s
     0     0    0.00000    0   13    0.26197    0.00000   100%     -   20s
     0     0    0.00000    0   10    0.26197    0.00000   100%     -   22s
     0     0    0.00000    0    8    0.26197    0.00000   100%     -   22s
     0     0    0.00000    0    8    0.26197    0.00000   100%     -   23s
     0     0    0.00000    0    8    0.26197    0.00000   100%     -   23s
     0     0    0.00000    0    8    0.26197    0.00000   100%     -   23s
     0     0    0.00000    0    8    0.26197    0.00000   100%     -   23s
     0     0    0.00000    0    8    0.26197    0.00000   100%     -   24s
     0     0    0.00000    0    8    0.26197    0.00000   100%     -   24s
     0     0    0.00000    0    8    0.26197    0.00000   100%     -   24s
     0     0    0.00000    0    8    0.26197    0.00000   100%     -   24s
     0     0    0.00000    0    8    0.26197    0.00000   100%     -   24s
     0     0    0.00000    0    8    0.26197    0.00000   100%     -   25s
     0     0    0.00000    0    8    0.26197    0.00000   100%     -   25s
     0     2    0.00000    0    8    0.26197    0.00000   100%     -   26s
     1     4    0.00096    1   72    0.26197    0.00000   100% 10875   34s
     3     6     cutoff    2         0.26197    0.00000   100%  8661   45s
    13    23    0.00000    4    2    0.26197    0.00000   100%  3099   54s
    25    43    0.00000    5    1    0.26197    0.00000   100%  2500   56s
*   48    56               6       0.0000000    0.00000  0.00%  1796   65s

Cutting planes:
  Learned: 2
  Cover: 34
  Implied bound: 458
  Clique: 15
  MIR: 165
  Flow cover: 14
  RLT: 11
  Relax-and-lift: 14
  PSD: 2

Explored 80 nodes (156161 simplex iterations) in 65.64 seconds (132.21 work units)
Thread count was 32 (of 128 available processors)

Solution count 3: 5.68434e-13 0.261971 0.290775 

Optimal solution found (tolerance 5.00e-03)
Best objective 5.684341886081e-13, best bound 5.684341886081e-13, gap 0.0000%


*********************************************
*********************************************


