Set parameter TokenServer to value "license02.tacc.utexas.edu"
Set parameter LogFile to value "/work/07346/ashukla/ls6/Norta_Results/norta_sm_16_29/0M"
Set parameter MIPGap to value 0.005
Set parameter TimeLimit to value 32400
Set parameter Method to value 2
Gurobi Optimizer version 10.0.2 build v10.0.2rc0 (linux64)

CPU model: AMD EPYC 7763 64-Core Processor, instruction set [SSE2|AVX|AVX2]
Thread count: 128 physical cores, 128 logical processors, using up to 32 threads

Optimize a model with 211771 rows, 77908 columns and 590024 nonzeros
Model fingerprint: 0x8470e2b2
Variable types: 55968 continuous, 21940 integer (21578 binary)
Coefficient statistics:
  Matrix range     [1e-03, 1e+05]
  Objective range  [6e-02, 6e-02]
  Bounds range     [1e+00, 3e+00]
  RHS range        [1e-02, 2e+04]
Presolve removed 210906 rows and 76737 columns
Presolve time: 1.56s
Presolved: 865 rows, 1171 columns, 3968 nonzeros
Variable types: 1021 continuous, 150 integer (150 binary)
Found heuristic solution: objective 68.0759433
Root barrier log...

Ordering time: 0.00s

Barrier statistics:
 AA' NZ     : 4.649e+03
 Factor NZ  : 2.038e+04 (roughly 1 MB of memory)
 Factor Ops : 9.410e+05 (less than 1 second per iteration)
 Threads    : 1

                  Objective                Residual
Iter       Primal          Dual         Primal    Dual     Compl     Time
   0  -1.32792014e+03 -7.19981237e+03  1.16e+02 1.68e-01  2.67e+01     2s
   1   2.24502719e+00 -3.41627499e+03  4.67e+00 5.68e-02  2.55e+00     2s
   2   5.36537877e+01 -3.65051721e+02  3.10e-01 1.03e-03  2.37e-01     2s
   3   5.37738927e+01 -1.21731105e+00  2.13e-02 4.04e-05  2.86e-02     2s
   4   4.86592224e+01  3.91772760e+01  2.03e-04 1.11e-15  4.82e-03     2s
   5   4.71160636e+01  4.42383547e+01  6.34e-05 2.22e-16  1.46e-03     2s
   6   4.66865234e+01  4.52123638e+01  3.13e-05 1.11e-16  7.50e-04     2s
   7   4.63776333e+01  4.57201575e+01  8.54e-06 1.11e-16  3.34e-04     2s
   8   4.63337819e+01  4.61213427e+01  5.91e-06 2.22e-16  1.08e-04     2s
   9   4.62863243e+01  4.61958216e+01  2.85e-06 2.52e-16  4.60e-05     2s
  10   4.62640249e+01  4.62160631e+01  1.11e-06 4.44e-16  2.44e-05     2s
  11   4.62474396e+01  4.62342122e+01  4.54e-08 2.22e-16  6.73e-06     2s
  12   4.62453021e+01  4.62429833e+01  5.60e-10 2.22e-16  1.18e-06     2s
  13   4.62448552e+01  4.62446340e+01  3.16e-11 2.22e-16  1.12e-07     2s
  14   4.62448494e+01  4.62448437e+01  6.99e-12 4.44e-16  2.86e-09     2s
  15   4.62448483e+01  4.62448483e+01  9.05e-12 4.44e-16  2.86e-12     2s

Barrier solved model in 15 iterations and 1.68 seconds (1.74 work units)
Optimal objective 4.62448483e+01


Root relaxation: objective 4.624485e+01, 6 iterations, 0.02 seconds (0.02 work units)

    Nodes    |    Current Node    |     Objective Bounds      |     Work
 Expl Unexpl |  Obj  Depth IntInf | Incumbent    BestBd   Gap | It/Node Time

     0     0   46.24485    0    4   68.07594   46.24485  32.1%     -    1s
H    0     0                      46.3885869   46.24485  0.31%     -    1s

Explored 1 nodes (6 simplex iterations) in 1.70 seconds (1.75 work units)
Thread count was 32 (of 128 available processors)

Solution count 2: 46.3886 68.0759 

Optimal solution found (tolerance 5.00e-03)
Best objective 4.638858685634e+01, best bound 4.624484833423e+01, gap 0.3099%


*********************************************
*********************************************


Set parameter LogFile to value "/work/07346/ashukla/ls6/Norta_Results/norta_sm_16_29/20M"
Gurobi Optimizer version 10.0.2 build v10.0.2rc0 (linux64)

CPU model: AMD EPYC 7763 64-Core Processor, instruction set [SSE2|AVX|AVX2]
Thread count: 128 physical cores, 128 logical processors, using up to 32 threads

Optimize a model with 211771 rows, 77908 columns and 590024 nonzeros
Model fingerprint: 0x4f9983c2
Variable types: 55968 continuous, 21940 integer (21578 binary)
Coefficient statistics:
  Matrix range     [1e-03, 1e+05]
  Objective range  [6e-02, 6e-02]
  Bounds range     [1e+00, 3e+00]
  RHS range        [1e-02, 2e+07]

MIP start from previous solve produced solution with objective 46.3886 (0.60s)
MIP start from previous solve produced solution with objective 46.3886 (0.61s)
Loaded MIP start from previous solve with objective 46.3886

Presolve removed 176118 rows and 50677 columns
Presolve time: 1.78s
Presolved: 35653 rows, 27231 columns, 128829 nonzeros
Variable types: 23591 continuous, 3640 integer (3576 binary)
Root barrier log...

Ordering time: 0.31s

Barrier statistics:
 Dense cols : 62
 AA' NZ     : 4.132e+05
 Factor NZ  : 3.539e+06 (roughly 50 MB of memory)
 Factor Ops : 1.890e+09 (less than 1 second per iteration)
 Threads    : 32

                  Objective                Residual
Iter       Primal          Dual         Primal    Dual     Compl     Time
   0  -9.70781919e+05 -2.88399083e+05  5.21e+04 1.68e-01  1.02e+03     3s
   1  -5.89618714e+05 -3.21533941e+05  3.13e+04 2.85e-01  6.14e+02     3s
   2  -2.01646046e+05 -3.91998941e+05  9.51e+03 9.56e-14  2.24e+02     3s
   3  -1.56446054e+04 -3.13588242e+05  7.18e+02 2.54e-13  2.11e+01     3s
   4  -3.59214914e+03 -1.61685473e+05  1.79e+02 3.50e-14  5.83e+00     3s
   5  -7.71932582e+02 -7.89597975e+04  4.90e+01 1.24e-14  1.89e+00     3s
   6  -3.41809830e+02 -3.26759422e+04  2.73e+01 4.75e-15  7.58e-01     3s
   7  -3.94441749e+00 -7.62106485e+03  8.55e+00 2.69e-15  1.65e-01     3s
   8   9.32371117e+01 -2.70248622e+03  1.91e+00 3.94e-15  5.25e-02     3s
   9   8.85055576e+01 -6.96350127e+02  2.56e-02 2.66e-15  1.25e-02     3s
  10   5.19212404e+01 -1.94271005e+02  8.63e-03 3.55e-15  3.87e-03     3s
  11   3.27995840e+01 -8.82856065e+01  3.94e-03 1.55e-15  1.90e-03     3s
  12   2.42309583e+01 -5.27032473e+01  2.23e-03 6.66e-16  1.20e-03     3s
  13   1.97809494e+01 -3.47794329e+01  1.40e-03 4.44e-16  8.50e-04     3s
  14   1.66618406e+01 -1.31455561e+01  8.69e-04 4.44e-16  4.65e-04     3s
  15   1.51622028e+01 -5.76058742e+00  6.42e-04 4.44e-16  3.26e-04     3s
  16   1.33259596e+01  3.96386440e-01  3.85e-04 4.44e-16  2.02e-04     3s
  17   1.20007286e+01  5.58286137e+00  2.21e-04 4.44e-16  1.00e-04     3s
  18   1.14023737e+01  7.79931213e+00  1.52e-04 4.44e-16  5.64e-05     3s
  19   1.11799249e+01  8.14643546e+00  1.28e-04 4.44e-16  4.75e-05     3s
  20   1.09593575e+01  8.27738470e+00  1.03e-04 4.44e-16  4.19e-05     3s
  21   1.06451768e+01  8.68425121e+00  6.82e-05 4.44e-16  3.06e-05     3s
  22   1.05738794e+01  9.04801085e+00  6.04e-05 4.44e-16  2.39e-05     3s
  23   1.04544750e+01  9.34431036e+00  4.79e-05 4.44e-16  1.74e-05     3s
  24   1.02110519e+01  9.55576563e+00  2.11e-05 4.44e-16  1.02e-05     3s
  25   1.01758032e+01  9.81429070e+00  1.76e-05 4.44e-16  5.68e-06     3s
  26   1.01119925e+01  9.85697175e+00  1.12e-05 4.44e-16  4.00e-06     3s
  27   1.00905738e+01  9.91171957e+00  8.91e-06 4.44e-16  2.81e-06     4s
  28   1.00664773e+01  9.94584387e+00  6.27e-06 4.44e-16  1.90e-06     4s
  29   1.00437288e+01  9.95631969e+00  3.94e-06 4.44e-16  1.37e-06     4s
  30   1.00301338e+01  9.97608193e+00  2.37e-06 4.44e-16  8.47e-07     4s
  31   1.00222636e+01  9.98889894e+00  1.51e-06 2.22e-16  5.23e-07     4s
  32   1.00188657e+01  9.99546449e+00  1.13e-06 4.44e-16  3.67e-07     4s
  33   1.00139763e+01  1.00007522e+01  5.78e-07 4.44e-16  2.07e-07     4s
  34   1.00124597e+01  1.00024716e+01  4.04e-07 4.44e-16  1.56e-07     4s
  35   1.00108977e+01  1.00066657e+01  2.33e-07 4.44e-16  6.66e-08     4s
  36   1.00096366e+01  1.00077742e+01  9.25e-08 4.44e-16  2.93e-08     4s
  37   1.00090652e+01  1.00079917e+01  3.14e-08 3.07e-16  1.67e-08     4s
  38   1.00089692e+01  1.00084506e+01  2.14e-08 4.44e-16  8.12e-09     4s
  39   1.00087919e+01  1.00086958e+01  3.46e-09 4.44e-16  1.50e-09     4s
  40   1.00087621e+01  1.00087435e+01  6.87e-10 1.42e-14  2.91e-10     4s
  41   1.00087556e+01  1.00087543e+01  3.78e-10 4.09e-15  2.07e-11     4s

Barrier solved model in 41 iterations and 3.81 seconds (3.76 work units)
Optimal objective 1.00087556e+01


Root simplex log...

Iteration    Objective       Primal Inf.    Dual Inf.      Time
    7468    1.0008755e+01   0.000000e+00   9.079224e-05      5s
    7505    1.0008755e+01   0.000000e+00   0.000000e+00      5s
    7505    1.0008755e+01   0.000000e+00   0.000000e+00      5s

Root relaxation: objective 1.000875e+01, 7505 iterations, 2.70 seconds (3.44 work units)

    Nodes    |    Current Node    |     Objective Bounds      |     Work
 Expl Unexpl |  Obj  Depth IntInf | Incumbent    BestBd   Gap | It/Node Time

     0     0   10.00875    0  513   46.38859   10.00875  78.4%     -    9s
H    0     0                      20.3506685   10.00875  50.8%     -   11s
     0     0   10.94185    0  668   20.35067   10.94185  46.2%     -   26s
H    0     0                      19.4578366   10.94185  43.8%     -   28s
     0     0   10.99725    0  530   19.45784   10.99725  43.5%     -   29s
     0     0   10.99736    0  527   19.45784   10.99736  43.5%     -   29s
     0     0   11.16774    0  564   19.45784   11.16774  42.6%     -   35s
H    0     0                      17.3218032   11.17504  35.5%     -   39s
     0     0   11.17504    0  605   17.32180   11.17504  35.5%     -   39s
     0     0   11.17823    0  587   17.32180   11.17823  35.5%     -   40s
     0     0   11.17824    0  590   17.32180   11.17824  35.5%     -   40s
     0     0   11.22138    0  549   17.32180   11.22138  35.2%     -   44s
H    0     0                      16.0661778   11.22138  30.2%     -   46s
     0     0   11.22828    0  668   16.06618   11.22828  30.1%     -   47s
     0     0   11.22833    0  667   16.06618   11.22833  30.1%     -   48s
     0     0   11.23462    0  612   16.06618   11.23462  30.1%     -   50s
     0     0   11.23496    0  662   16.06618   11.23496  30.1%     -   51s
     0     0   11.23510    0  537   16.06618   11.23510  30.1%     -   51s
     0     0   11.24342    0  505   16.06618   11.24342  30.0%     -   55s
     0     0   11.24384    0  502   16.06618   11.24384  30.0%     -   59s
     0     0   11.24461    0  507   16.06618   11.24461  30.0%     -   59s
     0     0   11.24517    0  509   16.06618   11.24517  30.0%     -   59s
     0     0   11.24517    0  507   16.06618   11.24517  30.0%     -   60s
     0     0   11.25326    0  499   16.06618   11.25326  30.0%     -   61s
     0     0   11.25373    0  507   16.06618   11.25373  30.0%     -   62s
     0     0   11.25411    0  509   16.06618   11.25411  30.0%     -   63s
     0     0   11.25411    0  509   16.06618   11.25411  30.0%     -   63s
     0     0   11.25474    0  499   16.06618   11.25474  29.9%     -   63s
     0     0   11.25483    0  466   16.06618   11.25483  29.9%     -   65s
     0     0   11.25868    0  692   16.06618   11.25868  29.9%     -   67s
     0     0   11.26074    0  485   16.06618   11.26074  29.9%     -   67s
     0     0   11.26080    0  696   16.06618   11.26080  29.9%     -   67s
     0     0   11.26116    0  695   16.06618   11.26116  29.9%     -   68s
     0     0   11.26121    0  695   16.06618   11.26121  29.9%     -   70s
     0     0   11.26121    0  697   16.06618   11.26121  29.9%     -   70s
H    0     0                      15.9856381   11.26132  29.6%     -   73s
     0     0   11.26132    0  694   15.98564   11.26132  29.6%     -   73s
     0     0   11.26133    0  697   15.98564   11.26133  29.6%     -   74s
     0     0   11.26133    0  600   15.98564   11.26133  29.6%     -   78s
     0     2   11.26133    0  595   15.98564   11.26133  29.6%     -   82s
     1     4   11.77828    1  553   15.98564   11.29148  29.4%  4363   87s
     3     8   11.84301    2  475   15.98564   11.40158  28.7%  2647   91s
     7    16   11.90563    3  599   15.98564   11.40846  28.6%  2466  103s
    15    32   11.98369    4  595   15.98564   11.41043  28.6%  3494  114s
    31    64   12.05226    5  708   15.98564   11.47529  28.2%  3687  139s
    63    96   12.06128    6  612   15.98564   11.48327  28.2%  4303  170s
H   95   128                      15.9856380   11.48327  28.2%  3310  178s
H   99   128                      15.9498668   11.48327  28.0%  3220  178s
H  103   128                      15.8268719   11.48327  27.4%  3130  178s
   127   160   12.08653    8  514   15.82687   11.48327  27.4%  2750  184s
H  159   192                      15.8252317   11.48327  27.4%  2470  205s
H  160   192                      15.6636744   11.48327  26.7%  2459  205s
H  163   192                      15.6492370   11.48327  26.6%  2443  205s
H  168   192                      15.4023121   11.48327  25.4%  2396  205s
   191   247   12.09377   10  552   15.40231   11.48327  25.4%  2218  211s
   297   348   12.12355   13  511   15.40231   11.48327  25.4%  1810  222s
   347   408   12.22736   14  504   15.40231   11.48327  25.4%  1758  228s
   407   468   12.17198   15  366   15.40231   11.48327  25.4%  1645  239s
   467   519   12.18819   16  416   15.40231   11.48327  25.4%  1612  249s
   518   579   12.46735   17  442   15.40231   11.48327  25.4%  1664  256s
   578   640   12.63511   17  397   15.40231   11.48327  25.4%  1646  263s
   641   706   12.55552   18  537   15.40231   11.48327  25.4%  1613  268s
   707   777   12.51803   18  442   15.40231   11.48327  25.4%  1577  275s
   882   931   12.67267   21  419   15.40231   11.48327  25.4%  1437  284s
   958   996   12.78318   23  406   15.40231   11.48327  25.4%  1420  292s
*  972   996              48      13.8294380   11.48327  17.0%  1418  292s
  1040  1002   12.89788   24  400   13.82944   11.48327  17.0%  1399  298s
  1146  1066   13.01605   28  363   13.82944   11.48327  17.0%  1371  305s
  1214  1118   13.28225   33  490   13.82944   11.48327  17.0%  1399  312s
  1268  1189   13.30836   34  493   13.82944   11.48327  17.0%  1407  319s
  1345  1270   13.56311   36  334   13.82944   11.48327  17.0%  1427  329s
  1432  1366     cutoff   37        13.82944   11.48327  17.0%  1439  335s
  1540  1463   12.81940   17  312   13.82944   11.48327  17.0%  1429  345s
  1653  1568   13.17817   20  279   13.82944   11.48327  17.0%  1414  352s
  1788  1671   13.20711   23  266   13.82944   11.48327  17.0%  1387  358s
  1943  1777   13.48926   32  155   13.82944   11.48327  17.0%  1344  366s
  2093  1822     cutoff   38        13.82944   11.51408  16.7%  1333  377s
  2231  1858   11.79842    7  507   13.82944   11.51408  16.7%  1334  384s
  2365  1817   11.86967    9  542   13.82944   11.51408  16.7%  1340  394s
H 2392  1817                      13.7097300   11.51408  16.0%  1346  394s
H 2430  1817                      13.5987036   11.51408  15.3%  1349  394s
  2451  1855   11.94274   10  548   13.59870   11.51408  15.3%  1345  454s
H 2582  1855                      12.9848977   11.51408  11.3%  1347  454s
H 2595  1855                      12.7756192   11.51408  9.87%  1342  454s
  2598  1799   11.97764   12  521   12.77562   11.51408  9.87%  1344  463s
  2769  1858   12.25607   15  532   12.77562   11.51408  9.87%  1343  471s
  2916  1092   12.52681   19  600   12.77562   11.51408  9.87%  1346  749s
  2918  1093   12.46003   15  527   12.77562   11.51408  9.87%  1345  760s
  2919  1094   11.84895   13  418   12.77562   11.51408  9.87%  1345  788s
  2920  1095   12.13769   23  469   12.77562   11.51408  9.87%  1345  794s
  2921  1095   12.44105   13  450   12.77562   11.51408  9.87%  1344  796s
  2923  1097   12.36711   15  428   12.77562   11.51408  9.87%  1343  810s
  2926  1099   12.20879   19  466   12.77562   11.51408  9.87%  1342  822s
  2928  1100   12.28985   26  471   12.77562   11.51408  9.87%  1341  828s
  2930  1101   12.33792   17  468   12.77562   11.51408  9.87%  1340  839s
  2931  1102   12.29313   21  466   12.77562   11.51408  9.87%  1339  840s
  2932  1103   12.75575   19  481   12.77562   11.51408  9.87%  1339  848s
  2933  1103   12.61671   11  476   12.77562   11.51408  9.87%  1339  856s
  2934  1104   12.74754   18  476   12.77562   11.51408  9.87%  1338  863s
  2935  1108   11.51408   15  542   12.77562   11.51408  9.87%  1363  870s
  2941  1114     cutoff   17        12.77562   11.51408  9.87%  1369  890s
  2949  1123   11.51408   18  400   12.77562   11.51408  9.87%  1379  903s
  2961  1143   12.01204   19  414   12.77562   11.51408  9.87%  1388  918s
  2985  1159     cutoff   20        12.77562   11.51408  9.87%  1415  931s
  3017  1176   12.06234   21  411   12.77562   11.51408  9.87%  1447  941s
  3049  1194   12.18807   22  358   12.77562   11.51408  9.87%  1460  949s
  3081  1205   12.33163   23  366   12.77562   11.51408  9.87%  1471  963s
H 3093  1145                      12.7756192   11.51408  9.87%  1480  963s
H 3101  1089                      12.7756126   11.51408  9.87%  1485  963s
  3113  1115   12.50333   24  366   12.77561   11.51408  9.87%  1491  969s
H 3148  1078                      12.7742841   11.51408  9.87%  1495 1033s
H 3151  1030                      12.6789709   11.51408  9.19%  1496 1033s
H 3152   983                      12.6789014   11.51408  9.19%  1496 1033s
H 3154   940                      12.6789013   11.51408  9.19%  1499 1033s
H 3157   899                      12.6737612   11.51408  9.15%  1499 1033s
H 3162   858                      12.6731581   11.51408  9.15%  1501 1033s
H 3179   815                      12.6731570   11.51408  9.15%  1504 1033s
  3183   829   12.53095   26  279   12.67316   11.51408  9.15%  1506 1039s
  3221   842   12.55470   27  257   12.67316   11.51408  9.15%  1508 1046s
  3262   854   12.58297   29  150   12.67316   11.51408  9.15%  1518 1155s
H 3274   815                      12.6731570   11.51408  9.15%  1522 1155s
  3294   849   12.62725   30  294   12.67316   11.51408  9.15%  1531 1174s
  3351   869     cutoff   31        12.67316   11.51408  9.15%  1545 1181s
  3406   894     cutoff   30        12.67316   11.51408  9.15%  1557 1188s
  3471   913   12.13217   28  323   12.67316   11.51408  9.15%  1564 1198s
  3537   925   12.14942   29  295   12.67316   11.51408  9.15%  1576 1209s
  3614   931   12.26330   32  308   12.67316   11.51408  9.15%  1576 1221s
  3697   930   12.35850   36  272   12.67316   11.51408  9.15%  1586 1230s
  3767   937   12.40889   38  328   12.67316   11.51408  9.15%  1600 1239s
  3844   946   12.41861   40  313   12.67316   11.51408  9.15%  1611 1251s
  3921   941   12.51023   42  326   12.67316   11.51408  9.15%  1625 1261s
  3997   944   12.51925   44  257   12.67316   11.51408  9.15%  1637 1271s
  4079   967   12.56990   47  309   12.67316   11.51408  9.15%  1646 1280s
  4166   963     cutoff   51        12.67316   11.51408  9.15%  1652 1294s
  4251   965   12.37775   21  557   12.67316   11.51408  9.15%  1670 1303s
  4346   935   12.50389   23  483   12.67316   11.51408  9.15%  1680 1414s
H 4373   893                      12.6731570   11.51408  9.15%  1689 1414s
  4390   915   12.56665   24  450   12.67316   11.51408  9.15%  1694 1434s
  4491   912     cutoff   26        12.67316   11.51408  9.15%  1707 1446s
  4596   933     cutoff   25        12.67316   11.55035  8.86%  1718 1461s
  4726   943   12.19552   22  460   12.67316   11.55035  8.86%  1722 1474s
  4859   959     cutoff   25        12.67316   11.55035  8.86%  1724 1487s
  4999   991     cutoff   25        12.67316   11.55257  8.84%  1724 1503s
  5160  1061   12.02394   22  502   12.67316   11.55257  8.84%  1717 1517s
  5301  1124     cutoff   25        12.67316   11.55257  8.84%  1718 1531s
  5455  1187   12.19819   25  565   12.67316   11.55257  8.84%  1717 1548s
  5622  1251   12.34404   29  414   12.67316   11.55257  8.84%  1718 1564s
  5800  1343   12.62600   33  511   12.67316   11.64443  8.12%  1710 1579s
  5996  1427   12.17536   22  435   12.67316   11.65965  8.00%  1703 1602s
  6201  1496   12.28101   23  409   12.67316   11.65965  8.00%  1700 1616s
  6369  1535   12.45863   25  408   12.67316   11.65965  8.00%  1706 1644s
  6545  1638   12.66273   30  499   12.67316   11.71150  7.59%  1718 1660s
  6774  1701   12.19363   25  490   12.67316   11.71150  7.59%  1710 1677s
  6994  1782   12.59632   29  373   12.67316   11.71150  7.59%  1715 1693s
  7246  1856   12.35676   29  353   12.67316   11.71150  7.59%  1714 1713s
  7493  1993     cutoff   35        12.67316   11.90006  6.10%  1719 1732s
  7759  2092   12.39003   26  486   12.67316   11.90006  6.10%  1717 1750s
  8068  2181     cutoff   34        12.67316   11.95375  5.68%  1711 1768s
  8361  2308   12.32211   32  247   12.67316   11.97891  5.48%  1712 1790s
  8678  2412   12.61689   45  212   12.67316   11.99013  5.39%  1704 1812s
  9005  2507   12.20620   31  353   12.67316   11.99013  5.39%  1709 1849s
  9311  2594     cutoff   38        12.67316   12.00930  5.24%  1713 1871s
  9622  2707   12.42399   31  245   12.67316   12.00930  5.24%  1725 1899s
  9984  2752   12.65432   39  147   12.67316   12.00930  5.24%  1732 1948s
 10223  2834     cutoff   40        12.67316   12.04615  4.95%  1737 1974s
 10571  2997     cutoff   41        12.67316   12.05201  4.90%  1741 1999s
 11029  3134   12.64220   32  426   12.67316   12.06257  4.82%  1735 2031s
 11476  3229   12.29663   36  212   12.67316   12.08350  4.65%  1730 2065s
 11928  3263   12.50081   27  249   12.67316   12.09848  4.53%  1733 2176s
 12022  3395     cutoff   28        12.67316   12.09862  4.53%  1734 2205s
 12533  3470   12.46837   36  259   12.67316   12.11484  4.41%  1725 2262s
 13017  3544     cutoff   34        12.67316   12.12248  4.35%  1741 2297s
 13466  3611     cutoff   25        12.67316   12.12530  4.32%  1747 2365s
 14002  3775     cutoff   32        12.67316   12.14637  4.16%  1755 2400s
 14585  3917   12.42534   27  365   12.67316   12.15047  4.12%  1754 2435s
 15176  4024     cutoff   33        12.67316   12.16865  3.98%  1756 2473s
 15854  4118     cutoff   37        12.67316   12.17492  3.93%  1758 2511s
 16445  4229   12.53705   32  286   12.67316   12.19275  3.79%  1764 2549s
 17122  4340   12.49619   36  488   12.67316   12.20492  3.69%  1766 2593s
 17882  4351   12.60407   35  285   12.67316   12.21157  3.64%  1762 2710s
 17935  4453   12.43269   36  216   12.67316   12.21327  3.63%  1763 2761s
 18685  4514   12.52573   30  210   12.67316   12.23315  3.47%  1759 2809s
 19383  4562     cutoff   27        12.67316   12.24632  3.37%  1770 2871s
 20190  4663   12.42336   29  308   12.67316   12.26059  3.26%  1774 2916s
 21061  4739     cutoff   41        12.67316   12.27441  3.15%  1773 2965s
 21953  4779   12.62503   30  312   12.67316   12.28931  3.03%  1772 3015s
 22823  4797     cutoff   41        12.67316   12.30228  2.93%  1774 3065s
 23742  4772     cutoff   32        12.67316   12.31712  2.81%  1776 3127s
 24689  4734     cutoff   41        12.67316   12.33294  2.68%  1780 3193s
 25653  4676   12.57150   37  350   12.67316   12.34383  2.60%  1784 3258s
 26652  4560     cutoff   32        12.67316   12.36065  2.47%  1790 3317s
 27645  4416   12.66646   39  249   12.67316   12.37246  2.37%  1795 3376s
 28670  4287     cutoff   32        12.67316   12.39210  2.22%  1801 3447s
 29875  4057   12.60438   36  367   12.67316   12.41704  2.02%  1801 3511s
 31075  3742     cutoff   34        12.67316   12.43752  1.86%  1803 3589s
 32221  3374     cutoff   50        12.67316   12.45788  1.70%  1809 3659s
 33516  2971     cutoff   34        12.67316   12.47750  1.54%  1812 3741s
 34840  2448     cutoff   30        12.67316   12.49611  1.40%  1816 3844s
 36197  1821     cutoff   38        12.67316   12.51589  1.24%  1820 3951s
 37698  1057     cutoff   34        12.67316   12.53974  1.05%  1822 4028s
 39382    34     cutoff   42        12.67316   12.57834  0.75%  1818 4109s
 39564    34     cutoff   52        12.67316   12.57985  0.74%  1815 4110s

Cutting planes:
  Learned: 10
  Gomory: 27
  Cover: 198
  Implied bound: 1188
  Projected implied bound: 51
  Clique: 78
  MIR: 1048
  StrongCG: 8
  Flow cover: 2143
  Zero half: 21
  RLT: 106
  Relax-and-lift: 210
  BQP: 14
  PSD: 5

Explored 41254 nodes (74323952 simplex iterations) in 4113.12 seconds (10033.82 work units)
Thread count was 32 (of 128 available processors)

Solution count 10: 12.6732 12.6732 12.6732 ... 12.7756

Optimal solution found (tolerance 5.00e-03)
Best objective 1.267315713953e+01, best bound 1.261172775896e+01, gap 0.4847%


*********************************************
*********************************************


Set parameter LogFile to value "/work/07346/ashukla/ls6/Norta_Results/norta_sm_16_29/40M"
Gurobi Optimizer version 10.0.2 build v10.0.2rc0 (linux64)

CPU model: AMD EPYC 7763 64-Core Processor, instruction set [SSE2|AVX|AVX2]
Thread count: 128 physical cores, 128 logical processors, using up to 32 threads

Optimize a model with 211771 rows, 77908 columns and 590024 nonzeros
Model fingerprint: 0xd5f7d3d4
Variable types: 55968 continuous, 21940 integer (21578 binary)
Coefficient statistics:
  Matrix range     [1e-03, 1e+05]
  Objective range  [6e-02, 6e-02]
  Bounds range     [1e+00, 3e+00]
  RHS range        [1e-02, 4e+07]

MIP start from previous solve produced solution with objective 12.6732 (0.69s)
MIP start from previous solve produced solution with objective 12.6732 (0.69s)
Loaded MIP start from previous solve with objective 12.6732

Presolve removed 176118 rows and 50677 columns
Presolve time: 1.80s
Presolved: 35653 rows, 27231 columns, 128829 nonzeros
Variable types: 23591 continuous, 3640 integer (3576 binary)
Root barrier log...

Ordering time: 0.30s

Barrier statistics:
 Dense cols : 62
 AA' NZ     : 4.132e+05
 Factor NZ  : 3.539e+06 (roughly 50 MB of memory)
 Factor Ops : 1.890e+09 (less than 1 second per iteration)
 Threads    : 32

                  Objective                Residual
Iter       Primal          Dual         Primal    Dual     Compl     Time
   0  -6.46187113e+05 -2.88399136e+05  3.46e+04 1.68e-01  6.82e+02     3s
   1  -3.78031157e+05 -3.15021735e+05  1.99e+04 4.20e-01  3.95e+02     3s
   2  -1.30922760e+05 -3.73646959e+05  5.49e+03 1.44e-13  1.46e+02     3s
   3  -1.10074488e+04 -2.73505231e+05  5.86e+01 1.08e-13  1.54e+01     3s
   4  -3.40306813e+03 -1.71975497e+05  1.89e+01 6.28e-14  5.79e+00     3s
   5  -1.71258456e+03 -9.79276352e+04  1.01e+01 2.63e-14  2.86e+00     3s
   6  -5.18687315e+01 -5.55618898e+04  1.32e+00 1.39e-14  9.92e-01     3s
   7  -9.90167864e-01 -1.06350376e+04  1.05e+01 3.87e-15  2.09e-01     3s
   8   1.28848020e+02 -1.34702279e+03  3.71e-01 1.55e-15  2.37e-02     3s
   9   5.72582438e+01 -1.67089218e+02  2.43e-03 2.22e-15  3.48e-03     3s
  10   2.43506196e+01 -4.71060170e+01  8.12e-04 8.88e-16  1.11e-03     3s
  11   1.48766756e+01 -1.89301404e+01  4.17e-04 4.44e-16  5.24e-04     3s
  12   1.16667933e+01 -5.83842379e+00  2.95e-04 4.44e-16  2.72e-04     3s
  13   9.32528716e+00 -1.92631385e+00  2.13e-04 4.44e-16  1.75e-04     3s
  14   6.21091793e+00  1.77007436e+00  1.04e-04 4.44e-16  6.91e-05     3s
  15   5.11881167e+00  2.34532133e+00  6.69e-05 4.44e-16  4.31e-05     3s
  16   4.24441732e+00  2.70805768e+00  3.77e-05 4.44e-16  2.39e-05     3s
  17   3.64134708e+00  2.84189405e+00  1.76e-05 2.22e-16  1.24e-05     3s
  18   3.44474900e+00  2.99558677e+00  1.07e-05 4.44e-16  6.98e-06     3s
  19   3.31458274e+00  3.03680472e+00  5.99e-06 2.22e-16  4.32e-06     4s
  20   3.26852543e+00  3.06804224e+00  4.38e-06 2.22e-16  3.12e-06     4s
  21   3.21225679e+00  3.09198135e+00  2.43e-06 2.22e-16  1.87e-06     4s
  22   3.18318441e+00  3.11513707e+00  1.45e-06 2.22e-16  1.06e-06     4s
  23   3.16523502e+00  3.12917539e+00  8.31e-07 4.44e-16  5.61e-07     4s
  24   3.15425228e+00  3.13397661e+00  4.92e-07 4.44e-16  3.15e-07     4s
  25   3.15107336e+00  3.13701828e+00  3.74e-07 4.44e-16  2.19e-07     4s
  26   3.14784122e+00  3.13875647e+00  2.55e-07 4.44e-16  1.42e-07     4s
  27   3.14552980e+00  3.13965630e+00  1.69e-07 4.44e-16  9.15e-08     4s
  28   3.14244367e+00  3.14009213e+00  5.70e-08 4.44e-16  3.66e-08     4s
  29   3.14150518e+00  3.14050914e+00  2.33e-08 4.44e-16  1.55e-08     4s
  30   3.14094223e+00  3.14078559e+00  8.09e-09 4.44e-16  2.43e-09     4s
  31   3.14084370e+00  3.14083409e+00  2.31e-09 8.09e-14  1.50e-10     4s
  32   3.14083627e+00  3.14083598e+00  1.82e-09 5.18e-14  4.52e-12     4s

Barrier solved model in 32 iterations and 3.82 seconds (3.64 work units)
Optimal objective 3.14083627e+00


Root relaxation: objective 3.140836e+00, 4150 iterations, 2.00 seconds (1.96 work units)
Total elapsed time = 7.84s

    Nodes    |    Current Node    |     Objective Bounds      |     Work
 Expl Unexpl |  Obj  Depth IntInf | Incumbent    BestBd   Gap | It/Node Time

     0     0    3.14084    0  313   12.67316    3.14084  75.2%     -    8s
H    0     0                      10.8108831    3.14084  70.9%     -   10s
H    0     0                      10.1996818    3.74020  63.3%     -   35s
H    0     0                       9.9187727    3.74020  62.3%     -   35s
H    0     0                       6.4411622    3.74020  41.9%     -   35s
     0     0    3.76446    0  405    6.44116    3.76446  41.6%     -   35s
     0     0    3.80127    0  409    6.44116    3.80127  41.0%     -   45s
     0     0    3.86238    0  402    6.44116    3.86238  40.0%     -   51s
     0     0    3.87034    0  415    6.44116    3.87034  39.9%     -   55s
     0     0    3.87048    0  411    6.44116    3.87048  39.9%     -   55s
     0     0    3.87048    0  411    6.44116    3.87048  39.9%     -   55s
     0     0    3.88358    0  362    6.44116    3.88358  39.7%     -   62s
H    0     0                       5.8671657    3.88358  33.8%     -   64s
H    0     0                       5.7677126    3.88588  32.6%     -   66s
     0     0    3.88588    0  373    5.76771    3.88588  32.6%     -   66s
     0     0    3.88588    0  371    5.76771    3.88588  32.6%     -   67s
H    0     0                       5.7633183    3.88880  32.5%     -   72s
     0     0    3.88880    0  361    5.76332    3.88880  32.5%     -   73s
H    0     0                       5.7318791    3.88880  32.2%     -   75s
     0     0    3.88884    0  341    5.73188    3.88884  32.2%     -   76s
     0     0    3.88894    0  336    5.73188    3.88894  32.2%     -   77s
     0     0    3.88894    0  337    5.73188    3.88894  32.2%     -   80s
     0     0    3.88894    0  337    5.73188    3.88894  32.2%     -   80s
     0     0    3.88901    0  373    5.73188    3.88901  32.2%     -   82s
     0     0    3.88903    0  374    5.73188    3.88903  32.2%     -   85s
H    0     0                       5.3045257    3.88903  26.7%     -   85s
     0     0    3.88903    0  372    5.30453    3.88903  26.7%     -   85s
     0     0    3.88903    0  298    5.30453    3.88903  26.7%     -   89s
     0     2    3.88903    0  298    5.30453    3.88903  26.7%     -   96s
     1     4    4.13920    1  285    5.30453    3.88903  26.7%  8271  102s
     3     8    4.16044    2  331    5.30453    3.89322  26.6%  5150  114s
     7    16    5.05047    3  311    5.30453    3.89344  26.6%  5653  120s
    15    32    5.06587    4  264    5.30453    3.89790  26.5%  4800  129s
    31    55    5.08508    5  247    5.30453    3.89951  26.5%  4024  200s
H   50    55                       5.0311683    3.90003  22.5%  6363  200s
    63    54     cutoff    6         5.03117    3.90003  22.5%  5511  220s
   102    82    4.05219    7  295    5.03117    3.90003  22.5%  4082  230s
H  106    82                       5.0220158    3.90003  22.3%  4039  230s
H  108    82                       4.9768429    3.90003  21.6%  4044  230s
H  114    82                       4.9470955    3.90003  21.2%  4022  230s
   134   110    4.05354    8  301    4.94710    3.90003  21.2%  4158  242s
H  166   142                       4.9181828    3.90003  20.7%  3874  256s
H  168   142                       4.9025186    3.90003  20.4%  3834  256s
H  172   142                       4.9017748    3.90003  20.4%  3837  256s
H  177   142                       4.8781943    3.90003  20.1%  3754  256s
H  200   142                       4.8779576    3.90003  20.0%  3552  256s
   202   163    4.09671   10  373    4.87796    3.90003  20.0%  3548  272s
   246   201    4.11454   11  344    4.87796    3.90003  20.0%  3335  280s
   295   250    4.13789   12  321    4.87796    3.90003  20.0%  3044  287s
   347   310    4.14042   13  310    4.87796    3.90003  20.0%  2802  294s
   416   374    4.28837   15  303    4.87796    3.90003  20.0%  2513  301s
   485   425    4.31752   18  302    4.87796    3.90003  20.0%  2324  306s
H  555   449                       4.5616165    3.90003  14.5%  2182  423s
H  568   449                       4.5502171    3.90003  14.3%  2153  423s
H  580   449                       4.4265509    3.90003  11.9%  2142  423s
   591   370     cutoff   21         4.42655    3.90003  11.9%  2150  484s
H  613   370                       4.4141815    3.90003  11.6%  2081  484s
H  646   370                       4.4138111    3.90003  11.6%  2010  484s
   693   371     cutoff   19         4.41381    3.90003  11.6%  1980  494s
   740   386    4.13986   14  409    4.41381    3.90003  11.6%  2065  504s
   797   431    4.14674   15  398    4.41381    3.90003  11.6%  2088  511s
   878   471    4.16879   17  329    4.41381    3.90003  11.6%  2032  523s
   966   511    4.19051   22  273    4.41381    3.90003  11.6%  2010  546s
  1064   560    4.21126   24  276    4.41381    3.90003  11.6%  1982  555s
  1173   562    4.30277   28  230    4.41381    3.90003  11.6%  1907  566s
  1267   536     cutoff   30         4.41381    3.90003  11.6%  1911  578s
  1339   535     cutoff   29         4.41381    3.91638  11.3%  1944  589s
  1396   548    4.02650    7  150    4.41381    3.91638  11.3%  2000  601s
  1468   583    4.08048   13  151    4.41381    3.91638  11.3%  2035  613s
  1553   625     cutoff   23         4.41381    4.02493  8.81%  2055  625s
H 1655   642                       4.4033506    4.02493  8.59%  2047  644s
  1713   708    4.14808    8  149    4.40335    4.02493  8.59%  2044  656s
  1855   752    4.31886   16   98    4.40335    4.02493  8.59%  2000  675s
  2024   791     cutoff   24         4.40335    4.04136  8.22%  1947  687s
  2185   869     cutoff    8         4.40335    4.04136  8.22%  1929  698s
  2395   979    4.22294   11  282    4.40335    4.04136  8.22%  1882  710s
  2616  1107     cutoff   14         4.40335    4.04136  8.22%  1834  725s
  2884  1140    4.32114   14  293    4.40335    4.04136  8.22%  1773  748s
  3018  1269     cutoff   15         4.40335    4.04136  8.22%  1749  766s
  3292  1431     cutoff   17         4.40335    4.08226  7.29%  1713  783s
  3631  1556    4.22137   13  158    4.40335    4.08226  7.29%  1641  889s
  3967  1642    4.36225   22  157    4.40335    4.10087  6.87%  1624  902s
H 4206  1642                       4.3820619    4.10087  6.42%  1608  902s
  4258  1708    4.24505   11  295    4.38206    4.10087  6.42%  1600  918s
  4531  1771    4.27330   16  269    4.38206    4.10087  6.42%  1585  937s
  4819  1729     cutoff   24         4.38206    4.15434  5.20%  1570  953s
  5089  1684     cutoff   14         4.38206    4.15434  5.20%  1565  967s
  5372  1653     cutoff   13         4.38206    4.17955  4.62%  1562 1094s
  5440  1694     cutoff   31         4.38206    4.19347  4.30%  1573 1108s
  5754  1640     cutoff   18         4.38206    4.20978  3.93%  1562 1132s
  6034  1667     cutoff   17         4.38206    4.22454  3.59%  1574 1150s
  6346  1695    4.33583   32   85    4.38206    4.22778  3.52%  1570 1167s
* 6765  1695              77       4.3771043    4.22778  3.41%  1538 1167s
  6830  1714    4.30568   16  374    4.37710    4.22778  3.41%  1533 1183s
  7327  1676     cutoff   20         4.37710    4.23101  3.34%  1502 1201s
  7883  1697     cutoff   36         4.37710    4.25934  2.69%  1472 1226s
  8540  1786     cutoff   18         4.37710    4.26772  2.50%  1434 1246s
  9361  1773    4.29592   26   62    4.37710    4.27870  2.25%  1381 1268s
* 9387  1773              52       4.3769417    4.27870  2.24%  1378 1268s
 10170  1836    4.37583   31   15    4.37694    4.28514  2.10%  1341 1294s
*10516  1715              29       4.3323500    4.29147  0.94%  1325 1294s
 11127   825     cutoff   19         4.33235    4.29511  0.86%  1290 1313s
*11176   825              31       4.3316125    4.29547  0.83%  1287 1313s
*11204   825              30       4.3281044    4.29547  0.75%  1285 1313s

Cutting planes:
  Learned: 9
  Gomory: 43
  Cover: 274
  Implied bound: 1823
  Clique: 111
  MIR: 462
  StrongCG: 1
  Flow cover: 245
  Inf proof: 1
  Zero half: 8
  RLT: 92
  Relax-and-lift: 140
  BQP: 10
  PSD: 5

Explored 12326 nodes (15089932 simplex iterations) in 1314.14 seconds (2919.82 work units)
Thread count was 32 (of 128 available processors)

Solution count 10: 4.3281 4.33161 4.33235 ... 4.42655

Optimal solution found (tolerance 5.00e-03)
Best objective 4.328104375001e+00, best bound 4.308527847332e+00, gap 0.4523%


*********************************************
*********************************************


Set parameter LogFile to value "/work/07346/ashukla/ls6/Norta_Results/norta_sm_16_29/60M"
Gurobi Optimizer version 10.0.2 build v10.0.2rc0 (linux64)

CPU model: AMD EPYC 7763 64-Core Processor, instruction set [SSE2|AVX|AVX2]
Thread count: 128 physical cores, 128 logical processors, using up to 32 threads

Optimize a model with 211771 rows, 77908 columns and 590024 nonzeros
Model fingerprint: 0xccf653ea
Variable types: 55968 continuous, 21940 integer (21578 binary)
Coefficient statistics:
  Matrix range     [1e-03, 1e+05]
  Objective range  [6e-02, 6e-02]
  Bounds range     [1e+00, 3e+00]
  RHS range        [1e-02, 6e+07]

MIP start from previous solve produced solution with objective 4.3281 (0.70s)
MIP start from previous solve produced solution with objective 4.3281 (0.70s)
Loaded MIP start from previous solve with objective 4.3281

Presolve removed 176118 rows and 50677 columns
Presolve time: 1.78s
Presolved: 35653 rows, 27231 columns, 128829 nonzeros
Variable types: 23591 continuous, 3640 integer (3576 binary)
Root barrier log...

Ordering time: 0.32s

Barrier statistics:
 Dense cols : 62
 AA' NZ     : 4.132e+05
 Factor NZ  : 3.539e+06 (roughly 50 MB of memory)
 Factor Ops : 1.890e+09 (less than 1 second per iteration)
 Threads    : 32

                  Objective                Residual
Iter       Primal          Dual         Primal    Dual     Compl     Time
   0  -9.14350413e+05 -2.88399734e+05  4.88e+04 1.68e-01  9.62e+02     3s
   1  -5.51962993e+05 -3.13729419e+05  2.88e+04 4.66e-01  5.80e+02     3s
   2  -2.30192607e+05 -4.15089473e+05  9.16e+03 9.49e-14  2.59e+02     3s
   3  -9.18434256e+03 -3.39015192e+05  4.93e+01 2.34e-13  1.51e+01     3s
   4  -3.02771761e+03 -1.73112351e+05  1.71e+01 9.07e-14  5.48e+00     3s
   5  -1.80240012e+03 -1.34201563e+05  1.06e+01 6.18e-14  3.64e+00     3s
   6  -7.80828089e+01 -8.13655056e+04  1.49e+00 2.76e-14  1.43e+00     3s
   7   1.46255211e+02 -1.85789937e+04  2.02e-01 6.74e-15  3.00e-01     3s
   8   1.33631062e+02 -2.85951046e+03  1.70e-02 2.22e-15  4.64e-02     3s
   9   5.99923893e+01 -3.17801753e+02  1.10e-04 7.77e-16  5.82e-03     3s
  10   2.43093983e+01 -1.32939572e+02  2.98e-05 8.88e-16  2.42e-03     3s
  11   1.01045859e+01 -5.82529500e+01  9.50e-06 5.55e-16  1.05e-03     3s
  12   4.11153814e+00 -3.02388720e+01  2.66e-06 4.44e-16  5.29e-04     3s
  13   3.82368212e+00 -1.73853916e+01  2.43e-06 4.44e-16  3.27e-04     3s
  14   2.46707797e+00 -6.58447853e+00  1.38e-06 4.44e-16  1.39e-04     3s
  15   1.67729633e+00 -2.83957581e+00  8.55e-07 4.44e-16  6.96e-05     3s
  16   1.07646101e+00 -1.04510340e+00  4.89e-07 4.44e-16  3.27e-05     3s
  17   7.43141289e-01 -8.29973930e-02  2.96e-07 4.44e-16  1.27e-05     3s
  18   5.09300438e-01  8.40674055e-02  1.62e-07 4.44e-16  6.55e-06     3s
  19   4.20475206e-01  1.34268035e-01  1.11e-07 4.44e-16  4.41e-06     4s
  20   3.81025015e-01  1.56541056e-01  8.80e-08 4.44e-16  3.46e-06     4s
  21   3.49957680e-01  1.73373400e-01  6.98e-08 2.22e-16  2.72e-06     4s
  22   2.92933235e-01  2.01959653e-01  3.68e-08 4.44e-16  1.40e-06     4s
  23   2.71762321e-01  2.14241511e-01  2.53e-08 4.44e-16  8.86e-07     4s
  24   2.54367329e-01  2.20262576e-01  1.63e-08 4.44e-16  5.26e-07     4s
  25   2.48218625e-01  2.22674701e-01  1.24e-08 4.44e-16  3.94e-07     4s
  26   2.44022134e-01  2.24826319e-01  9.70e-09 4.44e-16  2.96e-07     4s
  27   2.38732603e-01  2.26536087e-01  6.29e-09 2.22e-16  1.88e-07     4s
  28   2.35271390e-01  2.26701019e-01  4.42e-09 4.44e-16  1.32e-07     4s
  29   2.33210646e-01  2.27467996e-01  3.01e-09 4.44e-16  8.85e-08     4s
  30   2.30804112e-01  2.27926274e-01  1.52e-09 4.44e-16  4.44e-08     4s
  31   2.29748826e-01  2.28405922e-01  7.44e-10 2.22e-16  2.07e-08     4s
  32   2.29104803e-01  2.28604207e-01  4.30e-10 6.52e-15  7.71e-09     4s
  33   2.28957438e-01  2.28713762e-01  2.29e-10 3.01e-15  3.76e-09     4s
  34   2.28882553e-01  2.28751274e-01  3.46e-10 1.77e-13  2.02e-09     4s
  35   2.28868855e-01  2.28784320e-01  3.42e-10 1.36e-13  1.30e-09     4s
  36   2.28828242e-01  2.28786057e-01  9.68e-11 1.28e-13  6.50e-10     4s
  37   2.28821457e-01  2.28800115e-01  8.72e-11 6.03e-14  3.29e-10     4s
  38   2.28818007e-01  2.28802532e-01  2.09e-10 4.96e-14  2.38e-10     4s
  39   2.28814167e-01  2.28810788e-01  1.31e-10 3.05e-14  5.21e-11     4s
  40   2.28813346e-01  2.28812323e-01  7.01e-09 2.41e-14  1.58e-11     4s

Barrier solved model in 40 iterations and 4.04 seconds (3.91 work units)
Optimal objective 2.28813346e-01


Root crossover log...

       0 PPushes remaining with PInf 1.0654489e+01                 5s

  Push phase complete: Pinf 1.0654489e+01, Dinf 6.4732016e-01      5s


Root simplex log...

Iteration    Objective       Primal Inf.    Dual Inf.      Time
    6918    2.2881185e-01   0.000000e+00   6.473202e-01      5s
    7494    2.2881349e-01   0.000000e+00   0.000000e+00      6s
    7499    2.2881349e-01   0.000000e+00   0.000000e+00      6s
Extra simplex iterations after uncrush: 5

Root relaxation: objective 2.288135e-01, 7499 iterations, 3.43 seconds (4.61 work units)
Total elapsed time = 10.23s

    Nodes    |    Current Node    |     Objective Bounds      |     Work
 Expl Unexpl |  Obj  Depth IntInf | Incumbent    BestBd   Gap | It/Node Time

     0     0    0.22881    0  192    4.32810    0.22881  94.7%     -   10s
H    0     0                       3.1868512    0.22881  92.8%     -   11s
H    0     0                       2.7949772    0.30478  89.1%     -   36s
H    0     0                       1.6358575    0.30478  81.4%     -   36s
     0     0    0.31097    0  228    1.63586    0.31097  81.0%     -   36s
H    0     0                       1.6041276    0.31097  80.6%     -   39s
     0     0    0.31154    0  230    1.60413    0.31154  80.6%     -   44s
     0     0    0.32477    0  236    1.60413    0.32477  79.8%     -   47s
     0     0    0.32478    0  235    1.60413    0.32478  79.8%     -   47s
     0     0    0.32662    0  260    1.60413    0.32662  79.6%     -   49s
     0     0    0.32700    0  256    1.60413    0.32700  79.6%     -   51s
H    0     0                       1.4780037    0.32700  77.9%     -   54s
     0     0    0.32700    0  255    1.47800    0.32700  77.9%     -   54s
     0     0    0.32700    0  256    1.47800    0.32700  77.9%     -   55s
     0     0    0.32702    0  255    1.47800    0.32702  77.9%     -   56s
     0     0    0.32702    0  256    1.47800    0.32702  77.9%     -   57s
     0     0    0.32704    0  262    1.47800    0.32704  77.9%     -   60s
     0     0    0.32704    0  260    1.47800    0.32704  77.9%     -   65s
     0     0    0.32704    0  261    1.47800    0.32704  77.9%     -   65s
     0     0    0.32704    0  230    1.47800    0.32704  77.9%     -   70s
     0     2    0.32704    0  229    1.47800    0.32704  77.9%     -   76s
     3     8    0.57827    2  165    1.47800    0.32826  77.8%  2763   85s
     7    16    0.79919    3  149    1.47800    0.32843  77.8%  2539   90s
    15    26    0.80980    4  140    1.47800    0.32883  77.8%  2150   97s
    31    50    1.14168    5  156    1.47800    0.32960  77.7%  3008  104s
H   32    50                       1.4548956    0.32960  77.3%  2914  104s
H   38    50                       0.6493595    0.32967  49.2%  2883  104s
    57    34     cutoff    6         0.64936    0.32967  49.2%  2765  109s
    97    43    0.33247    7  143    0.64936    0.33247  48.8%  2033  116s
H  108    43                       0.6492213    0.33247  48.8%  2053  116s
H  126    43                       0.5759419    0.33247  42.3%  2059  116s
   129    44     cutoff    8         0.57594    0.33247  42.3%  2077  120s
H  174    53                       0.5759418    0.33285  42.2%  1858  124s
   196    81    0.33438   10  170    0.57594    0.33285  42.2%  1686  128s
H  237   104                       0.5733769    0.33285  41.9%  1528  137s
H  239   104                       0.5733769    0.33285  41.9%  1529  137s
   270   130    0.42595   12  167    0.57338    0.33285  41.9%  1513  143s
H  285   130                       0.5714100    0.33285  41.7%  1499  143s
H  294   130                       0.5502919    0.33285  39.5%  1468  143s
   309   129    0.42595   13  166    0.55029    0.33285  39.5%  1418  150s
   361   126    0.42720   15  163    0.55029    0.33285  39.5%  1401  166s
   412   157    0.42987   16  176    0.55029    0.33285  39.5%  1468  176s
   462   174     cutoff   17         0.55029    0.33285  39.5%  1540  184s
   510   194    0.52106   17  151    0.55029    0.33285  39.5%  1588  197s
   548   260     cutoff   18         0.55029    0.33285  39.5%  1635  209s
   630   278     cutoff   18         0.55029    0.33285  39.5%  1556  243s
H  633   278                       0.5502919    0.33285  39.5%  1555  243s
H  648   278                       0.5502919    0.33285  39.5%  1570  243s
   667   305     cutoff   17         0.55029    0.33759  38.7%  1554  250s
H  672   305                       0.4898352    0.33759  31.1%  1551  250s
   728   296    0.41810   11  158    0.48984    0.33759  31.1%  1514  270s
   829   338    0.42923   12  197    0.48984    0.33759  31.1%  1494  277s
H  834   338                       0.4395300    0.33759  23.2%  1490  277s
   936   241     cutoff   11         0.43953    0.33759  23.2%  1423  294s
H  976   241                       0.4369650    0.33759  22.7%  1429  294s
  1046   207     cutoff   13         0.43697    0.34411  21.2%  1399  302s
  1142   161     cutoff   11         0.43697    0.36035  17.5%  1394  311s
  1264   101    0.37477   18  143    0.43697    0.36116  17.3%  1366  322s
* 1340   101              25       0.4315931    0.36116  16.3%  1351  322s
  1384    27     cutoff   19         0.43159    0.36116  16.3%  1315  329s
  1458     5    0.40951   25   80    0.43159    0.36116  16.3%  1278  332s
  1490     2     cutoff   27         0.43159    0.40146  6.98%  1259  337s
  1495     0     cutoff   13         0.43159    0.40146  6.98%  1265  342s

Cutting planes:
  Learned: 2
  Gomory: 23
  Cover: 180
  Implied bound: 1056
  Clique: 128
  MIR: 232
  StrongCG: 4
  Flow cover: 117
  Zero half: 3
  RLT: 26
  Relax-and-lift: 104
  BQP: 9
  PSD: 7

Explored 1497 nodes (1940362 simplex iterations) in 342.43 seconds (618.46 work units)
Thread count was 32 (of 128 available processors)

Solution count 10: 0.431593 0.436965 0.43953 ... 0.573377

Optimal solution found (tolerance 5.00e-03)
Best objective 4.315931250005e-01, best bound 4.315931250005e-01, gap 0.0000%


*********************************************
*********************************************


Set parameter LogFile to value "/work/07346/ashukla/ls6/Norta_Results/norta_sm_16_29/80M"
Gurobi Optimizer version 10.0.2 build v10.0.2rc0 (linux64)

CPU model: AMD EPYC 7763 64-Core Processor, instruction set [SSE2|AVX|AVX2]
Thread count: 128 physical cores, 128 logical processors, using up to 32 threads

Optimize a model with 211771 rows, 77908 columns and 590024 nonzeros
Model fingerprint: 0x8eaa895c
Variable types: 55968 continuous, 21940 integer (21578 binary)
Coefficient statistics:
  Matrix range     [1e-03, 1e+05]
  Objective range  [6e-02, 6e-02]
  Bounds range     [1e+00, 3e+00]
  RHS range        [1e-02, 8e+07]

MIP start from previous solve produced solution with objective 0.431593 (0.74s)
MIP start from previous solve produced solution with objective 0.431593 (0.75s)
Loaded MIP start from previous solve with objective 0.431593

Presolve removed 181870 rows and 51588 columns
Presolve time: 1.92s
Presolved: 29901 rows, 26320 columns, 112469 nonzeros
Variable types: 22844 continuous, 3476 integer (3421 binary)
Root barrier log...

Ordering time: 0.23s

Barrier statistics:
 Dense cols : 44
 AA' NZ     : 2.913e+05
 Factor NZ  : 2.259e+06 (roughly 40 MB of memory)
 Factor Ops : 7.533e+08 (less than 1 second per iteration)
 Threads    : 32

                  Objective                Residual
Iter       Primal          Dual         Primal    Dual     Compl     Time
   0  -6.80877821e+04 -2.34437215e+05  3.43e+02 1.68e-01  7.36e+01     3s
   1  -2.29994024e+04 -2.02372293e+05  1.17e+02 3.31e-01  2.64e+01     3s
   2  -9.19643953e+02 -1.33987908e+05  5.75e+00 9.90e-03  3.34e+00     3s
   3   8.12333413e+01 -4.59111888e+04  6.10e-01 1.55e-03  8.77e-01     3s
   4   1.56370039e+02 -4.24200793e+03  7.50e-02 6.10e-06  8.03e-02     3s
   5   1.09626034e+02 -1.31347656e+03  1.13e-02 1.33e-15  2.54e-02     3s
   6   6.23279756e+01 -5.45310243e+02  4.21e-03 6.66e-16  1.08e-02     3s
   7   3.39727374e+01 -2.08859951e+02  1.84e-03 4.44e-16  4.31e-03     3s
   8   1.38389336e+01 -7.37424888e+01  5.17e-04 4.44e-16  1.55e-03     3s
   9   5.50840266e+00 -2.77234962e+01  1.58e-04 4.44e-16  5.89e-04     3s
  10   6.67011463e-01 -7.46300641e+00  4.88e-06 4.44e-16  1.44e-04     3s
  11   1.03248535e-01 -8.15191686e-01  4.73e-07 4.44e-16  1.62e-05     3s
  12   1.77602573e-02 -8.67246932e-02  7.05e-08 4.44e-16  1.85e-06     3s
  13   2.62158865e-03 -1.02735647e-02  1.04e-08 4.44e-16  2.28e-07     3s
  14   1.62380731e-04 -5.25061240e-04  6.14e-10 4.44e-16  1.21e-08     3s
  15   2.58027399e-07 -6.94624646e-07  7.52e-12 4.44e-16  1.68e-11     3s

Barrier solved model in 15 iterations and 3.36 seconds (3.07 work units)
Optimal objective 2.58027399e-07


Restart crossover...


Root relaxation: objective 1.023182e-12, 5385 iterations, 2.10 seconds (2.77 work units)
Total elapsed time = 9.70s
Total elapsed time = 10.24s

    Nodes    |    Current Node    |     Objective Bounds      |     Work
 Expl Unexpl |  Obj  Depth IntInf | Incumbent    BestBd   Gap | It/Node Time

     0     0    0.00000    0   13    0.43159    0.00000   100%     -   10s
     0     0    0.00000    0   28    0.43159    0.00000   100%     -   11s
     0     0    0.00000    0   28    0.43159    0.00000   100%     -   13s
     0     0    0.00000    0    9    0.43159    0.00000   100%     -   15s
     0     0    0.00000    0    9    0.43159    0.00000   100%     -   16s
     0     0    0.00000    0   10    0.43159    0.00000   100%     -   18s
H    0     0                       0.1898726    0.00000   100%     -   19s
     0     0    0.00000    0   10    0.18987    0.00000   100%     -   20s
     0     0    0.00000    0    9    0.18987    0.00000   100%     -   20s
     0     0    0.00000    0    9    0.18987    0.00000   100%     -   20s
     0     0    0.00000    0    9    0.18987    0.00000   100%     -   20s
     0     0    0.00000    0    9    0.18987    0.00000   100%     -   21s
     0     0    0.00000    0    9    0.18987    0.00000   100%     -   21s
     0     0    0.00000    0    9    0.18987    0.00000   100%     -   21s
     0     0    0.00000    0    9    0.18987    0.00000   100%     -   22s
     0     2    0.00000    0    9    0.18987    0.00000   100%     -   23s
     1     4    0.00005    1   98    0.18987    0.00000   100% 10343   31s
     3     8    0.00329    2  127    0.18987    0.00000   100%  5661   37s
     7    13 infeasible    3         0.18987    0.00000   100%  3471   47s
    15    21    0.00000    4   10    0.18987    0.00000   100%  3660   52s
H   28    35                       0.0726697    0.00000   100%  2846   70s
H   31    35                       0.0337984    0.00000   100%  2797   70s
    80    30     cutoff    7         0.03380    0.00000   100%  2604   76s
H   81    30                       0.0000000    0.00000  0.00%  2572   76s

Cutting planes:
  Learned: 1
  Cover: 45
  Implied bound: 257
  Clique: 5
  MIR: 61
  Flow cover: 2
  RLT: 4
  Relax-and-lift: 7
  BQP: 1

Explored 101 nodes (252136 simplex iterations) in 77.03 seconds (145.18 work units)
Thread count was 32 (of 128 available processors)

Solution count 5: 5.68434e-13 0.0337984 0.0726697 ... 0.431593

Optimal solution found (tolerance 5.00e-03)
Best objective 5.684341886081e-13, best bound 5.684341886081e-13, gap 0.0000%


*********************************************
*********************************************


