Set parameter TokenServer to value "license02.tacc.utexas.edu"
Set parameter LogFile to value "/work/07346/ashukla/ls6/Norta_Results/norta_sm_16_10/0M"
Set parameter MIPGap to value 0.005
Set parameter TimeLimit to value 32400
Set parameter Method to value 2
Gurobi Optimizer version 10.0.2 build v10.0.2rc0 (linux64)

CPU model: AMD EPYC 7763 64-Core Processor, instruction set [SSE2|AVX|AVX2]
Thread count: 128 physical cores, 128 logical processors, using up to 32 threads

Optimize a model with 211771 rows, 77908 columns and 590024 nonzeros
Model fingerprint: 0x12283161
Variable types: 55968 continuous, 21940 integer (21578 binary)
Coefficient statistics:
  Matrix range     [1e-03, 1e+05]
  Objective range  [6e-02, 6e-02]
  Bounds range     [1e+00, 3e+00]
  RHS range        [1e-02, 2e+04]
Presolve removed 210894 rows and 76728 columns
Presolve time: 1.60s
Presolved: 877 rows, 1180 columns, 4003 nonzeros
Variable types: 1027 continuous, 153 integer (153 binary)
Found heuristic solution: objective 67.3441489
Root barrier log...

Ordering time: 0.00s

Barrier statistics:
 AA' NZ     : 4.633e+03
 Factor NZ  : 2.108e+04 (roughly 1 MB of memory)
 Factor Ops : 1.020e+06 (less than 1 second per iteration)
 Threads    : 1

                  Objective                Residual
Iter       Primal          Dual         Primal    Dual     Compl     Time
   0  -1.17849315e+03 -7.25168517e+03  1.04e+02 1.68e-01  2.44e+01     2s
   1   4.91670906e+00 -3.98853062e+03  4.41e+00 1.24e-01  2.82e+00     2s
   2   5.28771468e+01 -4.04896045e+02  3.08e-01 2.88e-03  2.57e-01     2s
   3   5.30969381e+01  4.34094854e+00  2.36e-02 1.57e-04  2.54e-02     2s
   4   4.79053213e+01  4.05652158e+01  9.62e-05 6.66e-16  3.73e-03     2s
   5   4.60128640e+01  4.35903735e+01  1.96e-05 4.44e-16  1.23e-03     2s
   6   4.57604747e+01  4.45889980e+01  9.90e-06 2.22e-16  5.96e-04     2s
   7   4.56395427e+01  4.50824381e+01  5.52e-06 2.22e-16  2.83e-04     2s
   8   4.55461025e+01  4.52940107e+01  2.61e-06 2.22e-16  1.28e-04     2s
   9   4.55216926e+01  4.53735383e+01  1.53e-06 2.31e-16  7.53e-05     2s
  10   4.54828623e+01  4.54501851e+01  1.23e-07 2.22e-16  1.66e-05     2s
  11   4.54759650e+01  4.54710176e+01  3.20e-09 2.22e-16  2.51e-06     2s
  12   4.54754838e+01  4.54742570e+01  1.66e-10 2.22e-16  6.23e-07     2s
  13   4.54754389e+01  4.54752361e+01  4.37e-11 2.22e-16  1.03e-07     2s
  14   4.54754354e+01  4.54754278e+01  8.16e-11 2.22e-16  3.87e-09     2s
  15   4.54754338e+01  4.54754338e+01  1.21e-10 2.22e-16  4.48e-12     2s

Barrier solved model in 15 iterations and 1.71 seconds (1.77 work units)
Optimal objective 4.54754338e+01


Root relaxation: objective 4.547543e+01, 9 iterations, 0.02 seconds (0.02 work units)

    Nodes    |    Current Node    |     Objective Bounds      |     Work
 Expl Unexpl |  Obj  Depth IntInf | Incumbent    BestBd   Gap | It/Node Time

     0     0   45.47543    0    4   67.34415   45.47543  32.5%     -    1s
H    0     0                      45.5078440   45.47543  0.07%     -    1s

Explored 1 nodes (9 simplex iterations) in 1.73 seconds (1.78 work units)
Thread count was 32 (of 128 available processors)

Solution count 2: 45.5078 67.3441 

Optimal solution found (tolerance 5.00e-03)
Best objective 4.550784395955e+01, best bound 4.547543380390e+01, gap 0.0712%


*********************************************
*********************************************


Set parameter LogFile to value "/work/07346/ashukla/ls6/Norta_Results/norta_sm_16_10/20M"
Gurobi Optimizer version 10.0.2 build v10.0.2rc0 (linux64)

CPU model: AMD EPYC 7763 64-Core Processor, instruction set [SSE2|AVX|AVX2]
Thread count: 128 physical cores, 128 logical processors, using up to 32 threads

Optimize a model with 211771 rows, 77908 columns and 590024 nonzeros
Model fingerprint: 0x215d52be
Variable types: 55968 continuous, 21940 integer (21578 binary)
Coefficient statistics:
  Matrix range     [1e-03, 1e+05]
  Objective range  [6e-02, 6e-02]
  Bounds range     [1e+00, 3e+00]
  RHS range        [1e-02, 2e+07]

MIP start from previous solve produced solution with objective 45.5078 (0.61s)
MIP start from previous solve produced solution with objective 45.5078 (0.62s)
Loaded MIP start from previous solve with objective 45.5078

Presolve removed 176544 rows and 50704 columns
Presolve time: 1.77s
Presolved: 35227 rows, 27204 columns, 127562 nonzeros
Variable types: 23544 continuous, 3660 integer (3596 binary)
Root barrier log...

Ordering time: 0.32s

Barrier statistics:
 Dense cols : 60
 AA' NZ     : 4.123e+05
 Factor NZ  : 3.477e+06 (roughly 50 MB of memory)
 Factor Ops : 1.780e+09 (less than 1 second per iteration)
 Threads    : 32

                  Objective                Residual
Iter       Primal          Dual         Primal    Dual     Compl     Time
   0  -9.78678272e+05 -2.85551280e+05  5.21e+04 1.68e-01  1.03e+03     3s
   1  -5.99532902e+05 -3.18905223e+05  3.15e+04 3.89e-01  6.23e+02     3s
   2  -2.13352128e+05 -3.89834516e+05  9.59e+03 1.20e-13  2.37e+02     3s
   3  -9.57960739e+03 -3.11575380e+05  3.68e+02 6.94e-14  1.49e+01     3s
   4  -3.40407026e+03 -1.36399184e+05  1.59e+02 4.95e-14  5.11e+00     3s
   5  -1.49323903e+03 -8.85590489e+04  7.76e+01 2.19e-14  2.57e+00     3s
   6  -9.78257891e+02 -6.94883847e+04  5.30e+01 1.73e-14  1.82e+00     3s
   7  -4.88532384e+02 -3.34192155e+04  2.97e+01 7.85e-15  8.35e-01     3s
   8  -1.00292481e+01 -1.18514625e+04  7.13e+00 2.24e-15  2.41e-01     3s
   9   1.21335206e+02 -1.20515447e+03  7.17e-02 2.35e-15  2.23e-02     3s
  10   7.01819467e+01 -2.14401034e+02  1.38e-02 1.43e-15  4.57e-03     3s
  11   4.56805224e+01 -9.94770627e+01  6.69e-03 7.12e-16  2.32e-03     3s
  12   2.96362481e+01 -5.36410334e+01  3.31e-03 4.44e-16  1.32e-03     3s
  13   2.28769805e+01 -3.05891152e+01  2.03e-03 4.44e-16  8.47e-04     3s
  14   1.79281222e+01 -1.76880254e+01  1.13e-03 2.47e-16  5.62e-04     3s
  15   1.64529328e+01 -7.23257425e+00  8.90e-04 4.44e-16  3.75e-04     3s
  16   1.42117121e+01  5.69309221e-01  5.60e-04 2.41e-16  2.16e-04     3s
  17   1.32586917e+01  4.33753358e+00  4.40e-04 2.22e-16  1.42e-04     3s
  18   1.26441977e+01  6.82118415e+00  3.47e-04 4.44e-16  9.28e-05     3s
  19   1.21769422e+01  7.80738614e+00  2.82e-04 4.44e-16  6.98e-05     3s
  20   1.17151504e+01  8.30034659e+00  2.18e-04 4.44e-16  5.45e-05     3s
  21   1.12200317e+01  8.36632392e+00  1.55e-04 4.44e-16  4.54e-05     3s
  22   1.08900056e+01  9.31703347e+00  1.08e-04 4.44e-16  2.52e-05     3s
  23   1.05218936e+01  9.61386733e+00  5.39e-05 4.44e-16  1.45e-05     3s
  24   1.03476618e+01  9.78711102e+00  2.89e-05 1.41e-15  8.91e-06     3s
  25   1.02826777e+01  9.93504889e+00  1.97e-05 4.44e-16  5.53e-06     3s
  26   1.02281094e+01  1.00241729e+01  1.22e-05 3.05e-16  3.25e-06     3s
  27   1.01962073e+01  1.00724335e+01  7.77e-06 4.61e-16  1.98e-06     4s
  28   1.01732976e+01  1.00987176e+01  4.72e-06 6.28e-16  1.19e-06     4s
  29   1.01613174e+01  1.01106352e+01  3.07e-06 2.22e-16  8.08e-07     4s
  30   1.01526767e+01  1.01225083e+01  1.95e-06 4.50e-16  4.82e-07     4s
  31   1.01459828e+01  1.01297508e+01  1.05e-06 4.62e-16  2.59e-07     4s
  32   1.01429102e+01  1.01321393e+01  6.23e-07 4.44e-16  1.72e-07     4s
  33   1.01409396e+01  1.01347478e+01  3.55e-07 6.58e-16  9.86e-08     4s
  34   1.01397337e+01  1.01366016e+01  1.97e-07 4.44e-16  5.00e-08     4s
  35   1.01390282e+01  1.01375291e+01  1.05e-07 4.44e-16  2.40e-08     4s
  36   1.01385875e+01  1.01377940e+01  4.97e-08 4.44e-16  1.27e-08     4s
  37   1.01384447e+01  1.01379469e+01  3.11e-08 4.44e-16  7.94e-09     4s
  38   1.01382603e+01  1.01381255e+01  7.85e-09 1.36e-13  2.15e-09     4s
  39   1.01382074e+01  1.01381902e+01  1.37e-09 5.60e-14  2.76e-10     4s
  40   1.01381980e+01  1.01381946e+01  5.40e-10 2.20e-13  5.44e-11     4s

Barrier solved model in 40 iterations and 3.81 seconds (3.73 work units)
Optimal objective 1.01381980e+01


Root simplex log...

Iteration    Objective       Primal Inf.    Dual Inf.      Time
    5583    1.0138196e+01   0.000000e+00   0.000000e+00      5s
Extra simplex iterations after uncrush: 1

Root relaxation: objective 1.013820e+01, 5583 iterations, 2.60 seconds (2.99 work units)

    Nodes    |    Current Node    |     Objective Bounds      |     Work
 Expl Unexpl |  Obj  Depth IntInf | Incumbent    BestBd   Gap | It/Node Time

     0     0   10.13820    0  570   45.50784   10.13820  77.7%     -    9s
H    0     0                      25.4996423   10.13820  60.2%     -   11s
     0     0   11.22379    0  498   25.49964   11.22379  56.0%     -   21s
H    0     0                      16.8297420   11.22379  33.3%     -   22s
     0     0   11.29491    0  518   16.82974   11.29491  32.9%     -   25s
     0     0   11.30753    0  492   16.82974   11.30753  32.8%     -   26s
     0     0   11.30906    0  491   16.82974   11.30906  32.8%     -   27s
     0     0   11.30920    0  493   16.82974   11.30920  32.8%     -   27s
     0     0   11.45965    0  699   16.82974   11.45965  31.9%     -   34s
H    0     0                      16.1561678   11.47751  29.0%     -   37s
     0     0   11.47751    0  454   16.15617   11.47751  29.0%     -   37s
     0     0   11.48081    0  467   16.15617   11.48081  28.9%     -   38s
     0     0   11.48128    0  466   16.15617   11.48128  28.9%     -   39s
     0     0   11.48128    0  466   16.15617   11.48128  28.9%     -   39s
     0     0   11.52835    0  669   16.15617   11.52835  28.6%     -   44s
     0     0   11.53152    0  687   16.15617   11.53152  28.6%     -   50s
     0     0   11.53185    0  687   16.15617   11.53185  28.6%     -   51s
     0     0   11.53185    0  687   16.15617   11.53185  28.6%     -   51s
     0     0   11.53724    0  467   16.15617   11.53724  28.6%     -   54s
     0     0   11.53931    0  463   16.15617   11.53931  28.6%     -   54s
     0     0   11.53966    0  468   16.15617   11.53966  28.6%     -   54s
     0     0   11.53987    0  468   16.15617   11.53987  28.6%     -   55s
     0     0   11.54347    0  460   16.15617   11.54347  28.6%     -   56s
     0     0   11.54360    0  463   16.15617   11.54360  28.5%     -   58s
     0     0   11.54550    0  583   16.15617   11.54550  28.5%     -   59s
     0     0   11.54551    0  586   16.15617   11.54551  28.5%     -   60s
     0     0   11.54571    0  582   16.15617   11.54571  28.5%     -   60s
     0     0   11.54578    0  585   16.15617   11.54578  28.5%     -   62s
     0     0   11.54753    0  589   16.15617   11.54753  28.5%     -   63s
     0     0   11.54753    0  461   16.15617   11.54753  28.5%     -   67s
     0     2   11.54753    0  459   16.15617   11.54753  28.5%     -   75s
     1     4   12.12114    1  427   16.15617   11.55800  28.5%  7064   82s
     3     8   13.80002    2  590   16.15617   11.58878  28.3%  5152   92s
     7    16   14.06969    3  589   16.15617   11.65025  27.9%  3843   97s
    15    32   14.17232    4  589   16.15617   11.65342  27.9%  2659  105s
    31    64   14.18158    5  610   16.15617   11.66675  27.8%  2950  111s
    63    96   14.39870    6  579   16.15617   11.68299  27.7%  2227  142s
    95   128   14.39166    6  593   16.15617   11.68586  27.7%  1863  150s
H   96   128                      16.1197372   11.68586  27.5%  1844  150s
H  108   128                      16.1160086   11.68586  27.5%  1784  150s
H  113   128                      16.1074385   11.69341  27.4%  1743  150s
   127   160   14.39948    7  571   16.10744   11.69341  27.4%  1660  156s
H  159   192                      16.0647798   11.69341  27.2%  1571  183s
H  161   192                      15.9056272   11.69341  26.5%  1567  183s
H  172   192                      15.8284889   11.69341  26.1%  1547  183s
   191   235   14.43130    8  656   15.82849   11.69341  26.1%  1519  187s
   234   274   14.42530    9  676   15.82849   11.69341  26.1%  1446  193s
H  274   306                      15.0373999   11.69341  22.2%  1425  209s
H  276   306                      14.9256909   11.69341  21.7%  1425  209s
H  278   306                      14.9228308   11.69341  21.6%  1422  209s
H  281   306                      14.8634260   11.69341  21.3%  1423  209s
H  290   306                      14.6869864   11.69341  20.4%  1445  209s
H  292   306                      14.6110229   11.69341  20.0%  1440  209s
   306   331   14.51077   11  691   14.61102   11.69341  20.0%  1427  213s
   351   372   14.53403   11  772   14.61102   11.69341  20.0%  1382  220s
   402   413   14.52049   12  556   14.61102   11.69341  20.0%  1378  228s
   451   456     cutoff   12        14.61102   11.69341  20.0%  1445  234s
   500   500     cutoff   13        14.61102   11.69341  20.0%  1458  244s
   558   558   12.72336   14  518   14.61102   11.69341  20.0%  1470  250s
   622   621   12.78153   16  418   14.61102   11.69341  20.0%  1471  271s
   691   694   12.81299   19  467   14.61102   11.69341  20.0%  1485  280s
   770   788   12.85118   22  404   14.61102   11.69341  20.0%  1476  287s
   872   885   12.93108   27  376   14.61102   11.69341  20.0%  1411  294s
   977   985   13.02794   33  354   14.61102   11.69341  20.0%  1367  300s
  1090  1078   13.19608   36  350   14.61102   11.69341  20.0%  1313  308s
  1206  1170   13.24055   41  460   14.61102   11.69341  20.0%  1281  315s
H 1328  1202                      14.4279772   11.69341  19.0%  1247  357s
H 1343  1202                      14.4110169   11.69341  18.9%  1251  357s
  1376  1243   13.34275   46  325   14.41102   11.69341  18.9%  1263  366s
  1464  1333   13.76986   51  387   14.41102   11.69341  18.9%  1292  377s
  1569  1400   14.05134   57  340   14.41102   11.69341  18.9%  1309  389s
* 1635  1400             104      14.3749751   11.69341  18.7%  1306  389s
  1672  1492   14.12141   62  367   14.37498   11.69341  18.7%  1326  398s
* 1734  1492             104      14.3749743   11.69341  18.7%  1325  398s
  1786  1603   14.31882   73  160   14.37497   11.70302  18.6%  1329  405s
  1911  1732   11.92763    9  354   14.37497   11.70302  18.6%  1330  414s
  2070  1865   11.94782   10  301   14.37497   11.70302  18.6%  1308  422s
  2225  1914   12.14690   13  275   14.37497   11.70302  18.6%  1298  429s
  2420  2014   12.26341   19  178   14.37497   11.70302  18.6%  1268  442s
  2597  2114   12.54455   23  199   14.37497   11.70302  18.6%  1261  458s
  2745  2215   12.87392   32  210   14.37497   11.70302  18.6%  1276  469s
H 2887  1956                      14.1361544   11.70302  17.2%  1287  685s
  2888  1949   13.70851   33  461   14.13615   11.70302  17.2%  1287  707s
  2890  1950   12.15719   16  564   14.13615   11.70302  17.2%  1286  717s
  2891  1951   12.17059   19  443   14.13615   11.70302  17.2%  1285  743s
  2892  1952   14.08759   56  512   14.13615   11.70302  17.2%  1285  749s
  2893  1952   12.69279   12  622   14.13615   11.70302  17.2%  1284  751s
  2895  1954   12.00655   10  464   14.13615   11.70302  17.2%  1284  764s
  2897  1955   14.03810   29  471   14.13615   11.70302  17.2%  1283  765s
  2898  1956   13.79142   21  451   14.13615   11.70302  17.2%  1282  777s
  2899  1956   13.74392   47  459   14.13615   11.70302  17.2%  1282  780s
  2901  1958   12.87062   32  457   14.13615   11.70302  17.2%  1281  788s
  2903  1959   12.46713    8  455   14.13615   11.70302  17.2%  1280  794s
  2904  1960   14.00956   47  458   14.13615   11.70302  17.2%  1280  795s
  2905  1960   12.42273   16  383   14.13615   11.70302  17.2%  1279  802s
  2907  1962   12.90137   40  393   14.13615   11.70302  17.2%  1278  815s
  2909  1963   13.27449   14  397   14.13615   11.70302  17.2%  1277  822s
  2912  1965   12.90511   18  377   14.13615   11.70302  17.2%  1276  829s
  2913  1966   12.84827   22  377   14.13615   11.70302  17.2%  1276  837s
  2914  1966   12.37142    6  377   14.13615   11.70302  17.2%  1275  844s
  2915  1970   12.14355   12  459   14.13615   11.70302  17.2%  28.7  860s
  2917  1973   12.62090   13  468   14.13615   11.70302  17.2%  30.2  867s
  2921  1980   12.66054   14  463   14.13615   11.70302  17.2%  33.3  879s
  2929  1993   13.29295   15  488   14.13615   11.70302  17.2%  44.8  890s
  2945  2020   13.38509   16  487   14.13615   11.70302  17.2%  63.4  902s
  2977  2041   13.39190   17  553   14.13615   11.70302  17.2%   111  911s
  3009  2061   14.08112   17  768   14.13615   11.70302  17.2%   130  919s
  3041  2082   13.46796   18  537   14.13615   11.70302  17.2%   146  923s
H 3073  2004                      14.1353020   11.70302  17.2%   159  936s
H 3079  1908                      14.1327388   11.70302  17.2%   165  936s
H 3086  1817                      14.1317924   11.70302  17.2%   169  936s
H 3104  1726                      14.1293737   11.70302  17.2%   176  936s
  3105  1758   13.47252   19  537   14.12937   11.70302  17.2%   177  943s
  3137  1777   13.64993   19  586   14.12937   11.70302  17.2%   189  959s
  3169  1803   13.47386   20  536   14.12937   11.70302  17.2%   209  965s
  3206  1829   13.49118   21  566   14.12937   11.70302  17.2%   224  971s
  3244  1854   13.50835   21  619   14.12937   11.70302  17.2%   242  975s
  3284  1875   13.59353   22  605   14.12937   11.70302  17.2%   257  985s
  3326  1882   13.59480   22  638   14.12937   11.70302  17.2%   277  999s
H 3343  1796                      14.0960869   11.70302  17.0%   283  999s
H 3349  1717                      13.5324229   11.70302  13.5%   285  999s
  3359  1719     cutoff   23        13.53242   11.70302  13.5%   289 1010s
  3418  1732     cutoff   23        13.53242   11.70302  13.5%   314 1020s
  3473  1755     cutoff   22        13.53242   11.72293  13.4%   338 1029s
  3528  1778   11.93561   18  403   13.53242   11.72293  13.4%   363 1035s
  3589  1804   11.95252   20  323   13.53242   11.72293  13.4%   383 1045s
  3658  1813   12.09133   23  286   13.53242   11.72293  13.4%   409 1056s
  3721  1823   12.10467   25  502   13.53242   11.72293  13.4%   439 1069s
  3791  1825   12.40165   28  203   13.53242   11.72293  13.4%   467 1080s
  3860  1844   12.52654   30  191   13.53242   11.72293  13.4%   496 1089s
  3925  1879   12.57594   32  243   13.53242   11.72293  13.4%   520 1100s
  3991  1898   12.83192   34  181   13.53242   11.72293  13.4%   547 1109s
  4047  1930   12.87858   36  157   13.53242   11.72293  13.4%   567 1117s
  4120  1959   12.91061   39  123   13.53242   11.72293  13.4%   586 1126s
H 4211  1881                      12.8557693   11.72293  8.81%   607 1181s
H 4212  1812                      12.8490654   11.72293  8.76%   607 1181s
  4246  1755     cutoff   46        12.84907   11.74093  8.62%   619 1197s
  4397  1726   11.77733   20  489   12.84907   11.74093  8.62%   636 1388s
H 4402  1658                      12.8490444   11.74093  8.62%   637 1388s
  4438  1713   11.78058   21  428   12.84904   11.74093  8.62%   648 1400s
  4539  1760   11.84079   23  399   12.84904   11.74093  8.62%   669 1409s
  4660  1755   11.98889   27  323   12.84904   11.74093  8.62%   688 1422s
  4769  1775   12.01076   30  331   12.84904   11.74093  8.62%   709 1435s
  4888  1786   12.45882   36  315   12.84904   11.74093  8.62%   735 1447s
  5020  1773   12.51464   37  320   12.84904   11.74093  8.62%   761 1460s
  5137  1804     cutoff   41        12.84904   11.77733  8.34%   794 1474s
  5279  1786   11.99767   20  586   12.84904   11.77733  8.34%   821 1490s
  5425  1760   12.48527   24  455   12.84904   11.77733  8.34%   849 1538s
  5467  1805   12.50214   25  453   12.84904   11.77733  8.34%   859 1551s
  5615  1796   12.74805   29  360   12.84904   11.77733  8.34%   881 1566s
  5781  1770   12.68999   37  252   12.84904   11.77733  8.34%   905 1581s
  5945  1754   12.77586   39  246   12.84904   11.78058  8.32%   930 1596s
  6115  1738   12.56292   22  393   12.84904   11.78058  8.32%   957 1616s
  6269  1753   12.57715   23  394   12.84904   11.78058  8.32%   983 1642s
  6454  1756     cutoff   25        12.84904   11.78058  8.32%  1010 1660s
  6657  1737   12.80738   24  362   12.84904   11.78058  8.32%  1035 1689s
H 6676  1737                      12.8490444   11.78058  8.32%  1037 1689s
  6769  1733   12.78973   24  344   12.84904   11.78058  8.32%  1051 1707s
  7005  1753   12.80392   25  343   12.84904   11.83152  7.92%  1075 1732s
  7232  1754   12.10516   23  262   12.84904   11.83152  7.92%  1102 1752s
  7486  1750   12.55066   27  233   12.84904   11.83152  7.92%  1126 1772s
  7749  1709   12.83949   37  192   12.84904   11.83152  7.92%  1153 1876s
H 7783  1709                      12.8490444   11.83152  7.92%  1164 1877s
  7803  1763     cutoff   38        12.84904   11.87143  7.61%  1169 1899s
  8100  1711   12.10521   25  193   12.84904   12.09197  5.89%  1196 1920s
  8373  1761     cutoff   26        12.84904   12.09197  5.89%  1228 1945s
  8685  1749   12.45034   29  234   12.84904   12.09197  5.89%  1248 1969s
  8961  1803 infeasible   30        12.84904   12.09197  5.89%  1264 1998s
  9277  1830     cutoff   35        12.84904   12.10521  5.79%  1287 2041s
  9581  1913   12.34152   27  219   12.84904   12.14303  5.49%  1315 2070s
  9961  2014     cutoff   42        12.84904   12.23655  4.77%  1334 2101s
 10303  2137   12.60893   32  198   12.84904   12.26184  4.57%  1360 2140s
 10762  2157   12.59477   36  391   12.84904   12.27072  4.50%  1372 2184s
 11184  2215   12.69556   28  347   12.84904   12.29574  4.31%  1382 2234s
 11652  2268   12.75703   25  321   12.84904   12.30367  4.24%  1396 2325s
H11761  2267                      12.8455944   12.30367  4.22%  1398 2325s
 11826  2311     cutoff   26        12.84559   12.30367  4.22%  1401 2360s
H11827  2308                      12.8404558   12.30367  4.18%  1401 2360s
H11852  2308                      12.8404554   12.30367  4.18%  1404 2360s
 12160  2336   12.73377   28  400   12.84046   12.31240  4.11%  1411 2406s
 12580  2412     cutoff   30        12.84046   12.33604  3.93%  1439 2443s
 13067  2492   12.69766   27  288   12.84046   12.34535  3.86%  1457 2485s
 13518  2569   12.61127   36  286   12.84046   12.35575  3.77%  1467 2520s
 14050  2614   12.82682   30  410   12.84046   12.37691  3.61%  1485 2579s
 14549  2702   12.80687   19  598   12.84046   12.38194  3.57%  1503 2627s
 15132  2775   12.59871   33  190   12.84046   12.40209  3.41%  1516 2668s
 15729  2852   12.53015   26  352   12.84046   12.41896  3.28%  1534 2711s
 16430  2892   12.60938   28  409   12.84046   12.42976  3.20%  1544 2756s
 17055  2998     cutoff   27        12.84046   12.44437  3.08%  1560 2824s
 17809  3010     cutoff   35        12.84046   12.45483  3.00%  1564 2870s
 18475  3024     cutoff   29        12.84046   12.47115  2.88%  1576 2922s
 19193  3058   12.67184   28  331   12.84046   12.48075  2.80%  1589 2998s
 19629  3034   12.81041   34  210   12.84046   12.49201  2.71%  1596 3076s
 20400  3007   12.69236   32  453   12.84046   12.50151  2.64%  1610 3135s
 21195  2967     cutoff   29        12.84046   12.51576  2.53%  1625 3189s
 22023  2933     cutoff   29        12.84046   12.53350  2.39%  1637 3264s
 22910  2865   12.75045   27  222   12.84046   12.55146  2.25%  1650 3378s
 23794  2761     cutoff   27        12.84046   12.55914  2.19%  1661 3447s
 24784  2693     cutoff   37        12.84046   12.57660  2.05%  1672 3517s
 25878  2678     cutoff   39        12.84046   12.59294  1.93%  1679 3661s
H25911  2678                      12.8404554   12.59424  1.92%  1680 3661s
H25941  2678                      12.8404554   12.59424  1.92%  1681 3661s
 25956  2514   12.67541   30  231   12.84046   12.59471  1.91%  1681 3731s
 26907  2322   12.76294   33  224   12.84046   12.61204  1.78%  1690 3800s
 27947  2117     cutoff   36        12.84046   12.62946  1.64%  1704 3877s
 29055  1754     cutoff   26        12.84046   12.64647  1.51%  1708 3956s
 30200  1370     cutoff   28        12.84046   12.67997  1.25%  1722 4041s
 31449   754     cutoff   45        12.84046   12.70696  1.04%  1739 4150s
 32903    44     cutoff   37        12.84046   12.74527  0.74%  1742 4252s
*33919    44              65      12.8400116   12.75427  0.67%  1735 4252s
*33971    44              66      12.8394528   12.75427  0.66%  1733 4252s

Cutting planes:
  Learned: 11
  Gomory: 56
  Cover: 139
  Implied bound: 977
  Projected implied bound: 72
  Clique: 57
  MIR: 1036
  StrongCG: 6
  Flow cover: 2175
  Inf proof: 1
  Zero half: 14
  RLT: 101
  Relax-and-lift: 194
  BQP: 20
  PSD: 4

Explored 34292 nodes (63020531 simplex iterations) in 4255.37 seconds (10114.05 work units)
Thread count was 32 (of 128 available processors)

Solution count 10: 12.8395 12.8395 12.84 ... 12.8491

Optimal solution found (tolerance 5.00e-03)
Best objective 1.283945277989e+01, best bound 1.279467117369e+01, gap 0.3488%


*********************************************
*********************************************


Set parameter LogFile to value "/work/07346/ashukla/ls6/Norta_Results/norta_sm_16_10/40M"
Gurobi Optimizer version 10.0.2 build v10.0.2rc0 (linux64)

CPU model: AMD EPYC 7763 64-Core Processor, instruction set [SSE2|AVX|AVX2]
Thread count: 128 physical cores, 128 logical processors, using up to 32 threads

Optimize a model with 211771 rows, 77908 columns and 590024 nonzeros
Model fingerprint: 0x62690d03
Variable types: 55968 continuous, 21940 integer (21578 binary)
Coefficient statistics:
  Matrix range     [1e-03, 1e+05]
  Objective range  [6e-02, 6e-02]
  Bounds range     [1e+00, 3e+00]
  RHS range        [1e-02, 4e+07]

MIP start from previous solve produced solution with objective 12.8395 (0.69s)
MIP start from previous solve produced solution with objective 12.8395 (0.69s)
Loaded MIP start from previous solve with objective 12.8395

Presolve removed 176544 rows and 50704 columns
Presolve time: 1.77s
Presolved: 35227 rows, 27204 columns, 127562 nonzeros
Variable types: 23544 continuous, 3660 integer (3596 binary)
Root barrier log...

Ordering time: 0.32s

Barrier statistics:
 Dense cols : 60
 AA' NZ     : 4.123e+05
 Factor NZ  : 3.477e+06 (roughly 50 MB of memory)
 Factor Ops : 1.780e+09 (less than 1 second per iteration)
 Threads    : 32

                  Objective                Residual
Iter       Primal          Dual         Primal    Dual     Compl     Time
   0  -6.89147962e+05 -2.85551591e+05  3.66e+04 1.68e-01  7.24e+02     3s
   1  -4.09319978e+05 -3.11190324e+05  2.13e+04 4.88e-01  4.28e+02     3s
   2  -1.46029806e+05 -3.84932827e+05  5.90e+03 2.34e-13  1.63e+02     3s
   3  -1.13466040e+04 -2.95211162e+05  6.02e+01 1.94e-13  1.64e+01     3s
   4  -2.66764783e+03 -1.65010117e+05  1.51e+01 3.58e-14  5.07e+00     3s
   5  -7.84017300e+02 -8.44680850e+04  5.22e+00 9.88e-15  1.98e+00     3s
   6   7.56663426e+01 -4.18333611e+04  6.44e-01 5.62e-15  7.11e-01     3s
   7   1.60591709e+02 -5.45361680e+03  2.18e-02 2.66e-15  8.81e-02     3s
   8   9.52514665e+01 -1.03591279e+03  2.22e-03 1.33e-15  1.76e-02     3s
   9   3.14729150e+01 -1.51413767e+02  1.18e-04 8.88e-16  2.85e-03     3s
  10   1.28604182e+01 -6.17554172e+01  2.45e-05 6.66e-16  1.16e-03     3s
  11   8.11662819e+00 -2.51634709e+01  1.02e-05 4.44e-16  5.18e-04     3s
  12   6.63584846e+00 -1.04449098e+01  6.72e-06 4.44e-16  2.66e-04     3s
  13   5.72472792e+00 -3.74447834e+00  4.80e-06 4.44e-16  1.47e-04     3s
  14   4.37328768e+00 -1.58557305e-01  2.16e-06 4.44e-16  7.06e-05     3s
  15   3.85441904e+00  1.22554195e+00  1.24e-06 2.22e-16  4.09e-05     3s
  16   3.61204420e+00  2.08029021e+00  8.11e-07 4.44e-16  2.39e-05     3s
  17   3.40993452e+00  2.67222916e+00  4.69e-07 4.44e-16  1.15e-05     3s
  18   3.23842712e+00  2.89743818e+00  1.65e-07 4.44e-16  5.31e-06     3s
  19   3.21882451e+00  3.00010221e+00  1.32e-07 4.44e-16  3.41e-06     3s
  20   3.17955806e+00  3.06582004e+00  6.57e-08 4.53e-16  1.77e-06     3s
  21   3.16147091e+00  3.09440034e+00  3.54e-08 4.44e-16  1.04e-06     4s
  22   3.15196729e+00  3.11874576e+00  2.03e-08 4.44e-16  5.17e-07     4s
  23   3.14856089e+00  3.12323759e+00  1.51e-08 4.44e-16  3.94e-07     4s
  24   3.14579965e+00  3.12818205e+00  1.10e-08 4.44e-16  2.74e-07     4s
  25   3.14287622e+00  3.13276194e+00  6.44e-09 6.18e-16  1.58e-07     4s
  26   3.14142162e+00  3.13340791e+00  4.14e-09 4.44e-16  1.25e-07     4s
  27   3.14040138e+00  3.13615288e+00  2.53e-09 5.95e-16  6.62e-08     4s
  28   3.13944101e+00  3.13702414e+00  1.03e-09 4.44e-16  3.76e-08     4s
  29   3.13899307e+00  3.13771350e+00  3.47e-10 4.44e-16  1.99e-08     4s
  30   3.13881615e+00  3.13808116e+00  1.69e-10 4.44e-16  1.14e-08     4s
  31   3.13880704e+00  3.13832840e+00  1.19e-10 3.33e-15  7.45e-09     4s
  32   3.13879053e+00  3.13853958e+00  9.19e-11 3.65e-15  3.91e-09     4s
  33   3.13875568e+00  3.13865849e+00  4.05e-10 4.31e-13  1.51e-09     4s
  34   3.13874501e+00  3.13871666e+00  1.71e-10 1.30e-13  4.42e-10     4s
  35   3.13874243e+00  3.13873617e+00  5.39e-10 3.64e-14  9.76e-11     4s
  36   3.13874120e+00  3.13873913e+00  3.76e-10 2.77e-14  3.22e-11     4s

Barrier solved model in 36 iterations and 3.87 seconds (3.70 work units)
Optimal objective 3.13874120e+00


Root crossover log...

  Push phase complete: Pinf 3.8715845e+00, Dinf 3.0661878e-02      5s


Root simplex log...

Iteration    Objective       Primal Inf.    Dual Inf.      Time
    6979    3.1387407e+00   0.000000e+00   3.066188e-02      5s
    7179    3.1387407e+00   0.000000e+00   0.000000e+00      5s
    7181    3.1387407e+00   0.000000e+00   0.000000e+00      5s
Extra simplex iterations after uncrush: 2

Root relaxation: objective 3.138741e+00, 7181 iterations, 2.79 seconds (3.05 work units)
Total elapsed time = 10.01s

    Nodes    |    Current Node    |     Objective Bounds      |     Work
 Expl Unexpl |  Obj  Depth IntInf | Incumbent    BestBd   Gap | It/Node Time

     0     0    3.13874    0  356   12.83945    3.13874  75.6%     -   10s
H    0     0                       9.3245073    3.13874  66.3%     -   12s
H    0     0                       6.1610214    3.70730  39.8%     -   31s
     0     0    3.72851    0  369    6.16102    3.72851  39.5%     -   31s
H    0     0                       5.8707184    3.75098  36.1%     -   39s
     0     0    3.75098    0  323    5.87072    3.75098  36.1%     -   39s
     0     0    3.80509    0  363    5.87072    3.80509  35.2%     -   46s
     0     0    3.81217    0  390    5.87072    3.81217  35.1%     -   52s
     0     0    3.81328    0  393    5.87072    3.81328  35.0%     -   52s
     0     0    3.81329    0  394    5.87072    3.81329  35.0%     -   52s
     0     0    3.82522    0  316    5.87072    3.82522  34.8%     -   57s
     0     0    3.83512    0  408    5.87072    3.83512  34.7%     -   64s
     0     0    3.83543    0  356    5.87072    3.83543  34.7%     -   65s
     0     0    3.83563    0  358    5.87072    3.83563  34.7%     -   65s
     0     0    3.83563    0  358    5.87072    3.83563  34.7%     -   66s
     0     0    3.84026    0  316    5.87072    3.84026  34.6%     -   68s
     0     0    3.84060    0  313    5.87072    3.84060  34.6%     -   71s
     0     0    3.84060    0  313    5.87072    3.84060  34.6%     -   71s
     0     0    3.84079    0  379    5.87072    3.84079  34.6%     -   71s
     0     0    3.84087    0  381    5.87072    3.84087  34.6%     -   74s
     0     0    3.84198    0  384    5.87072    3.84198  34.6%     -   75s
     0     0    3.84229    0  331    5.87072    3.84229  34.6%     -   76s
     0     0    3.84352    0  326    5.87072    3.84352  34.5%     -   76s
     0     0    3.84352    0  355    5.87072    3.84352  34.5%     -   76s
     0     0    3.84353    0  374    5.87072    3.84353  34.5%     -   77s
     0     0    3.84357    0  357    5.87072    3.84357  34.5%     -   79s
     0     0    3.84357    0  386    5.87072    3.84357  34.5%     -   80s
     0     0    3.84357    0  313    5.87072    3.84357  34.5%     -   84s
H    0     0                       5.7383172    3.84357  33.0%     -   88s
     0     2    3.84357    0  310    5.73832    3.84357  33.0%     -   93s
     1     4    3.84584    1  274    5.73832    3.84584  33.0%  3640  101s
     3     8    4.12408    2  269    5.73832    3.84584  33.0%  6743  108s
     7    16    4.17343    3  304    5.73832    3.84866  32.9%  4375  113s
    15    32    4.25805    4  303    5.73832    3.85495  32.8%  4344  122s
    31    64    4.39563    5  206    5.73832    3.85904  32.7%  4542  176s
H   32    64                       5.7383172    3.85904  32.7%  4400  176s
H   33    64                       5.7383172    3.85904  32.7%  4402  176s
H   36    64                       5.7383172    3.85904  32.7%  5400  176s
H   39    64                       5.7298115    3.85904  32.6%  6605  176s
H   41    64                       5.6409991    3.85904  31.6%  7213  176s
H   50    64                       5.3557815    3.85991  27.9%  7301  176s
    63    96    4.41874    6  226    5.35578    3.85991  27.9%  6374  197s
    95   128    4.53160    6  291    5.35578    3.85991  27.9%  5299  205s
   127   160    4.45098    7  287    5.35578    3.85991  27.9%  4475  211s
   159   192    4.53956    7  121    5.35578    3.85991  27.9%  4076  230s
H  165   192                       5.3557815    3.85991  27.9%  4066  230s
H  173   192                       5.2056813    3.85991  25.9%  4080  230s
   191   227    4.49734    8  393    5.20568    3.85991  25.9%  4270  239s
H  209   227                       4.9871924    3.85991  22.6%  4093  239s
H  226   258                       4.8410735    3.85991  20.3%  3922  346s
H  228   258                       4.7709975    3.85991  19.1%  3918  346s
H  229   258                       4.7090772    3.85991  18.0%  3922  346s
H  231   258                       4.6033722    3.85991  16.2%  3912  346s
H  259   286                       4.6033722    3.85991  16.2%  3754  469s
H  260   286                       4.5636680    3.85991  15.4%  3746  469s
H  261   286                       4.5472701    3.85991  15.1%  3741  469s
H  263   286                       4.3482740    3.85991  11.2%  3731  469s
H  275   286                       4.3192245    3.85991  10.6%  3652  469s
H  281   286                       4.2979531    3.85991  10.2%  3660  469s
H  290   286                       4.2815723    3.85991  9.85%  3573  469s
   293   270     cutoff   11         4.28157    3.85991  9.85%  3546  479s
   351   282     cutoff   10         4.28157    3.86485  9.73%  3126  491s
   418   292    3.96435    7  402    4.28157    3.88656  9.23%  3039  504s
   475   313    4.10692    8  146    4.28157    3.88656  9.23%  3070  514s
   534   366    4.15835   10  242    4.28157    3.88656  9.23%  3048  522s
   616   408     cutoff   14         4.28157    3.88656  9.23%  2915  532s
   703   398     cutoff   13         4.28157    3.92736  8.27%  2762  543s
   793   433    4.05382    9  283    4.28157    3.92736  8.27%  2748  555s
   872   466    4.08220   10  307    4.28157    3.92736  8.27%  2697  570s
   983   507    4.09748   11  294    4.28157    3.92736  8.27%  2581  580s
  1108   538     cutoff   13         4.28157    3.92736  8.27%  2451  591s
  1226   545    4.12611   12  299    4.28157    3.92736  8.27%  2373  602s
H 1353   557                       4.2813755    3.92736  8.27%  2303  622s
  1396   628    4.14688   14  247    4.28138    3.92736  8.27%  2317  633s
  1546   697    4.18107   16  233    4.28138    3.92736  8.27%  2227  647s
  1714   741     cutoff   18         4.28138    3.92736  8.27%  2144  657s
  1893   796     cutoff   16         4.28138    3.96435  7.40%  2057  670s
  2084   851    4.15033   10  126    4.28138    3.96435  7.40%  1977  693s
  2286   896    4.21668   18   83    4.28138    3.96435  7.40%  1923  706s
* 2334   896              74       4.2809400    3.96435  7.40%  1902  706s
  2515   901     cutoff   27         4.28094    3.97704  7.10%  1855  721s
  2707   915    4.07027    9  433    4.28094    3.97704  7.10%  1831  732s
  2883   970     cutoff   10         4.28094    3.97704  7.10%  1822  743s
  3074   966    4.06062   10  310    4.28094    3.97704  7.10%  1794  764s
  3263   978    4.20485   11  307    4.28094    3.97704  7.10%  1799  778s
* 3345   978              52       4.2596137    3.97704  6.63%  1798  778s
  3479   925     cutoff   12         4.25961    4.03381  5.30%  1774  814s
  3665   878    4.18127   10  230    4.25961    4.04249  5.10%  1789  830s
  3826   809     cutoff   13         4.25961    4.15054  2.56%  1813  849s
  4042   751     cutoff   11         4.25961    4.18541  1.74%  1820  874s
  4364   671     cutoff   20         4.25961    4.20341  1.32%  1795  956s
H 4412   671                       4.2573556    4.20732  1.18%  1806  956s
  4527   409     cutoff   12         4.25736    4.21036  1.10%  1788  976s
* 4932   409              60       4.2544922    4.21688  0.88%  1695  976s
  5292    43    4.25376   45   15    4.25449    4.23021  0.57%  1621  982s
H 5320    43                       4.2539137    4.23036  0.55%  1613  982s
H 5340    43                       4.2539134    4.23036  0.55%  1607  982s

Cutting planes:
  Learned: 13
  Gomory: 24
  Cover: 251
  Implied bound: 1737
  Clique: 65
  MIR: 494
  StrongCG: 5
  Flow cover: 173
  Zero half: 5
  Mod-K: 2
  RLT: 58
  Relax-and-lift: 150
  BQP: 9
  PSD: 2

Explored 5878 nodes (8756668 simplex iterations) in 982.73 seconds (2244.24 work units)
Thread count was 32 (of 128 available processors)

Solution count 10: 4.25391 4.25391 4.25449 ... 4.31922

Optimal solution found (tolerance 5.00e-03)
Best objective 4.253913374552e+00, best bound 4.243531341477e+00, gap 0.2441%


*********************************************
*********************************************


Set parameter LogFile to value "/work/07346/ashukla/ls6/Norta_Results/norta_sm_16_10/60M"
Gurobi Optimizer version 10.0.2 build v10.0.2rc0 (linux64)

CPU model: AMD EPYC 7763 64-Core Processor, instruction set [SSE2|AVX|AVX2]
Thread count: 128 physical cores, 128 logical processors, using up to 32 threads

Optimize a model with 211771 rows, 77908 columns and 590024 nonzeros
Model fingerprint: 0x3e06df5c
Variable types: 55968 continuous, 21940 integer (21578 binary)
Coefficient statistics:
  Matrix range     [1e-03, 1e+05]
  Objective range  [6e-02, 6e-02]
  Bounds range     [1e+00, 3e+00]
  RHS range        [1e-02, 6e+07]

MIP start from previous solve produced solution with objective 4.25391 (0.72s)
MIP start from previous solve produced solution with objective 4.25391 (0.73s)
Loaded MIP start from previous solve with objective 4.25391

Presolve removed 176544 rows and 50704 columns
Presolve time: 1.80s
Presolved: 35227 rows, 27204 columns, 127562 nonzeros
Variable types: 23544 continuous, 3660 integer (3596 binary)
Root barrier log...

Ordering time: 0.32s

Barrier statistics:
 Dense cols : 60
 AA' NZ     : 4.123e+05
 Factor NZ  : 3.477e+06 (roughly 50 MB of memory)
 Factor Ops : 1.780e+09 (less than 1 second per iteration)
 Threads    : 32

                  Objective                Residual
Iter       Primal          Dual         Primal    Dual     Compl     Time
   0  -1.03797595e+06 -2.85552366e+05  5.50e+04 1.68e-01  1.09e+03     3s
   1  -6.37355589e+05 -3.03791844e+05  3.29e+04 5.72e-01  6.62e+02     3s
   2  -4.01991544e+05 -3.89555895e+05  1.69e+04 1.17e-13  4.28e+02     3s
   3  -9.37966486e+03 -3.44990652e+05  5.02e+01 1.07e-13  1.52e+01     3s
   4  -1.26294167e+03 -1.35564117e+05  7.78e+00 3.35e-14  3.27e+00     3s
   5   1.16022091e+02 -9.51919034e+04  5.10e-01 1.95e-14  1.55e+00     3s
   6   1.78462475e+02 -1.00086893e+04  4.47e-02 8.72e-15  1.60e-01     3s
   7   1.33975996e+02 -4.65139953e+03  8.04e-03 4.00e-15  7.47e-02     3s
   8   1.11188565e+02 -1.46948318e+03  3.97e-03 8.88e-16  2.47e-02     3s
   9   7.01862871e+01 -6.64748834e+02  1.56e-03 8.88e-16  1.15e-02     3s
  10   3.94126822e+01 -2.32664816e+02  6.18e-04 8.88e-16  4.24e-03     3s
  11   2.36762716e+01 -1.20341697e+02  2.97e-04 4.44e-16  2.24e-03     3s
  12   1.29694758e+01 -5.39886870e+01  1.42e-04 4.44e-16  1.04e-03     3s
  13   4.49015355e+00 -2.89023461e+01  3.98e-05 4.44e-16  5.20e-04     3s
  14   3.81617129e+00 -9.65036621e+00  3.27e-05 4.44e-16  2.10e-04     3s
  15   2.59915895e+00 -4.63568177e+00  2.08e-05 4.44e-16  1.13e-04     3s
  16   1.35339224e+00 -1.33853691e+00  9.66e-06 4.44e-16  4.20e-05     3s
  17   1.03794924e+00 -7.24494139e-01  6.95e-06 4.44e-16  2.75e-05     3s
  18   7.16952758e-01 -3.16303390e-02  4.23e-06 4.44e-16  1.17e-05     4s
  19   5.49436080e-01  7.48289421e-02  2.84e-06 4.44e-16  7.41e-06     4s
  20   5.15472535e-01  1.03797648e-01  2.56e-06 4.44e-16  6.43e-06     4s
  21   4.13790713e-01  1.53923025e-01  1.71e-06 4.44e-16  4.06e-06     4s
  22   3.30959337e-01  1.69510304e-01  1.02e-06 4.44e-16  2.52e-06     4s
  23   2.80658379e-01  1.82901205e-01  5.93e-07 4.44e-16  1.53e-06     4s
  24   2.45448036e-01  1.96019192e-01  2.94e-07 4.44e-16  7.71e-07     4s
  25   2.31415897e-01  2.02139953e-01  1.82e-07 4.44e-16  4.57e-07     4s
  26   2.21265079e-01  2.06171053e-01  9.59e-08 4.44e-16  2.36e-07     4s
  27   2.18585653e-01  2.06935530e-01  7.30e-08 4.44e-16  1.82e-07     4s
  28   2.17835660e-01  2.07602116e-01  6.66e-08 4.44e-16  1.60e-07     4s
  29   2.17050238e-01  2.07837164e-01  5.98e-08 4.44e-16  1.44e-07     4s
  30   2.15204097e-01  2.08383318e-01  4.50e-08 4.44e-16  1.06e-07     4s
  31   2.13167592e-01  2.09186697e-01  2.70e-08 4.44e-16  6.22e-08     4s
  32   2.10810269e-01  2.09625867e-01  6.57e-09 2.22e-16  1.85e-08     4s
  33   2.10547728e-01  2.09794693e-01  4.30e-09 4.44e-16  1.18e-08     4s
  34   2.10341805e-01  2.09887075e-01  2.54e-09 4.44e-16  7.10e-09     4s
  35   2.10266774e-01  2.09940629e-01  1.94e-09 6.94e-14  5.09e-09     4s
  36   2.10171743e-01  2.10004960e-01  1.12e-09 3.86e-13  2.60e-09     4s
  37   2.10102436e-01  2.10022562e-01  1.20e-09 2.45e-13  1.25e-09     4s
  38   2.10064971e-01  2.10036818e-01  6.46e-10 2.28e-13  4.40e-10     4s
  39   2.10046945e-01  2.10039194e-01  1.01e-10 1.42e-13  1.21e-10     4s
  40   2.10044481e-01  2.10040605e-01  2.01e-10 9.09e-14  6.04e-11     4s
  41   2.10043446e-01  2.10042769e-01  1.41e-09 4.77e-14  1.05e-11     4s

Barrier solved model in 41 iterations and 4.07 seconds (3.84 work units)
Optimal objective 2.10043446e-01


Root crossover log...

       0 PPushes remaining with PInf 5.8876637e-02                 5s

  Push phase complete: Pinf 5.8876637e-02, Dinf 4.6275609e-01      5s


Root simplex log...

Iteration    Objective       Primal Inf.    Dual Inf.      Time
    6965    2.1024489e-01   0.000000e+00   4.627561e-01      5s
    7226    2.1004327e-01   0.000000e+00   0.000000e+00      5s
    7233    2.1004327e-01   0.000000e+00   0.000000e+00      6s
Extra simplex iterations after uncrush: 7

Root relaxation: objective 2.100433e-01, 7233 iterations, 2.96 seconds (3.39 work units)

    Nodes    |    Current Node    |     Objective Bounds      |     Work
 Expl Unexpl |  Obj  Depth IntInf | Incumbent    BestBd   Gap | It/Node Time

     0     0    0.21004    0  159    4.25391    0.21004  95.1%     -    9s
H    0     0                       2.3676663    0.27659  88.3%     -   21s
H    0     0                       1.9535942    0.27659  85.8%     -   21s
     0     0    0.27659    0  242    1.95359    0.27659  85.8%     -   21s
H    0     0                       1.9285270    0.27659  85.7%     -   23s
     0     0    0.27666    0  261    1.92853    0.27666  85.7%     -   24s
     0     0    0.29052    0  302    1.92853    0.29052  84.9%     -   28s
H    0     0                       1.7271767    0.29052  83.2%     -   31s
     0     0    0.29156    0  277    1.72718    0.29156  83.1%     -   32s
     0     0    0.29440    0  276    1.72718    0.29440  83.0%     -   34s
H    0     0                       1.7043839    0.29440  82.7%     -   37s
     0     0    0.29507    0  278    1.70438    0.29507  82.7%     -   38s
     0     0    0.29560    0  276    1.70438    0.29560  82.7%     -   40s
     0     0    0.29561    0  276    1.70438    0.29561  82.7%     -   40s
     0     0    0.29572    0  279    1.70438    0.29572  82.6%     -   41s
     0     0    0.29572    0  279    1.70438    0.29572  82.6%     -   43s
     0     0    0.29591    0  278    1.70438    0.29591  82.6%     -   43s
     0     0    0.29591    0  280    1.70438    0.29591  82.6%     -   48s
     0     0    0.29595    0  277    1.70438    0.29595  82.6%     -   48s
     0     0    0.29595    0  277    1.70438    0.29595  82.6%     -   49s
     0     0    0.29620    0  277    1.70438    0.29620  82.6%     -   49s
     0     0    0.29621    0  279    1.70438    0.29621  82.6%     -   50s
     0     0    0.29623    0  282    1.70438    0.29623  82.6%     -   50s
     0     0    0.29623    0  282    1.70438    0.29623  82.6%     -   50s
     0     0    0.29631    0  272    1.70438    0.29631  82.6%     -   51s
     0     0    0.29635    0  270    1.70438    0.29635  82.6%     -   51s
     0     0    0.29648    0  274    1.70438    0.29648  82.6%     -   52s
     0     0    0.29651    0  269    1.70438    0.29651  82.6%     -   52s
     0     0    0.29661    0  281    1.70438    0.29661  82.6%     -   53s
     0     0    0.29661    0  281    1.70438    0.29661  82.6%     -   53s
     0     0    0.29662    0  282    1.70438    0.29662  82.6%     -   53s
     0     0    0.29663    0  286    1.70438    0.29663  82.6%     -   53s
     0     0    0.29663    0  287    1.70438    0.29663  82.6%     -   54s
     0     0    0.29663    0  218    1.70438    0.29663  82.6%     -   60s
     0     2    0.29663    0  218    1.70438    0.29663  82.6%     -   67s
     1     4    0.58909    1  180    1.70438    0.29663  82.6%  4052   71s
     7    15    0.71506    3  180    1.70438    0.29800  82.5%  1988   79s
    15    29    0.78737    4  166    1.70438    0.29838  82.5%  2523   85s
    30    58    0.90293    5  162    1.70438    0.29868  82.5%  2955   97s
H   31    58                       1.7043839    0.29868  82.5%  2860   97s
H   34    58                       1.7012280    0.29868  82.4%  2781   97s
H   40    58                       1.6377555    0.29868  81.8%  2903   97s
H   41    58                       1.6099641    0.29868  81.4%  2889   97s
H   46    58                       1.5472766    0.29890  80.7%  2767   97s
H   48    58                       0.8418148    0.29890  64.5%  2695   97s
H   49    58                       0.8210450    0.29890  63.6%  2722   97s
    59    47     cutoff    6         0.82105    0.29890  63.6%  2622  102s
    97    70    0.36371    7   35    0.82105    0.29890  63.6%  1964  107s
H   98    70                       0.7241894    0.29890  58.7%  1944  107s
   129    74    0.36684    8   77    0.72419    0.29890  58.7%  1784  112s
H  161    88                       0.7241894    0.29890  58.7%  1582  119s
H  162    88                       0.7241894    0.29890  58.7%  1588  119s
H  164    88                       0.7241893    0.29890  58.7%  1611  119s
H  172    88                       0.7233915    0.29890  58.7%  1604  119s
   195   111    0.42950    9   85    0.72339    0.29890  58.7%  1526  124s
H  199   111                       0.7140092    0.29890  58.1%  1530  124s
H  212   111                       0.7140091    0.29890  58.1%  1517  124s
H  216   111                       0.7065221    0.29890  57.7%  1505  124s
H  217   111                       0.6983719    0.29890  57.2%  1500  124s
H  227   133                       0.6877839    0.29890  56.5%  1514  180s
H  237   133                       0.6875559    0.29890  56.5%  1475  180s
H  241   133                       0.6874878    0.29890  56.5%  1464  180s
H  246   133                       0.6874765    0.29890  56.5%  1479  180s
H  251   133                       0.6871754    0.29890  56.5%  1459  180s
H  262   155                       0.4195275    0.29890  28.8%  1411  273s
H  264   155                       0.4000313    0.29890  25.3%  1408  273s
   296   111     cutoff    9         0.40003    0.29890  25.3%  1377  278s
   358    87     cutoff   11         0.40003    0.30472  23.8%  1223  288s
   424    94    0.38445    7  169    0.40003    0.30780  23.1%  1241  292s
   475   110     cutoff    8         0.40003    0.31919  20.2%  1305  300s
   529   106    0.33910   17  111    0.40003    0.31919  20.2%  1351  305s
   602    92     cutoff   19         0.40003    0.32443  18.9%  1368  311s
   664    61    0.36695   15  139    0.40003    0.32443  18.9%  1386  317s
   731    35     cutoff   16         0.40003    0.33071  17.3%  1417  342s
   795    25    0.37887    9  188    0.40003    0.33071  17.3%  1474  368s
   834    10     cutoff   10         0.40003    0.33071  17.3%  1509  372s
   858     7    0.35450   17  206    0.40003    0.33071  17.3%  1527  376s
   877     0     cutoff   20         0.40003    0.37338  6.66%  1532  383s

Cutting planes:
  Learned: 2
  Gomory: 12
  Cover: 159
  Implied bound: 727
  Clique: 88
  MIR: 294
  StrongCG: 5
  Flow cover: 115
  Zero half: 3
  RLT: 36
  Relax-and-lift: 103
  BQP: 7
  PSD: 4

Explored 883 nodes (1395841 simplex iterations) in 383.51 seconds (738.65 work units)
Thread count was 32 (of 128 available processors)

Solution count 10: 0.400031 0.419528 0.687175 ... 0.714009

Optimal solution found (tolerance 5.00e-03)
Best objective 4.000312500005e-01, best bound 4.000312500005e-01, gap 0.0000%


*********************************************
*********************************************


Set parameter LogFile to value "/work/07346/ashukla/ls6/Norta_Results/norta_sm_16_10/80M"
Gurobi Optimizer version 10.0.2 build v10.0.2rc0 (linux64)

CPU model: AMD EPYC 7763 64-Core Processor, instruction set [SSE2|AVX|AVX2]
Thread count: 128 physical cores, 128 logical processors, using up to 32 threads

Optimize a model with 211771 rows, 77908 columns and 590024 nonzeros
Model fingerprint: 0x1e0c3a12
Variable types: 55968 continuous, 21940 integer (21578 binary)
Coefficient statistics:
  Matrix range     [1e-03, 1e+05]
  Objective range  [6e-02, 6e-02]
  Bounds range     [1e+00, 3e+00]
  RHS range        [1e-02, 8e+07]

MIP start from previous solve produced solution with objective 0.400031 (0.75s)
Loaded MIP start from previous solve with objective 0.400031

Presolve removed 182218 rows and 51634 columns
Presolve time: 2.05s
Presolved: 29553 rows, 26274 columns, 111479 nonzeros
Variable types: 22789 continuous, 3485 integer (3427 binary)
Root barrier log...

Ordering time: 0.25s

Barrier statistics:
 Dense cols : 38
 AA' NZ     : 2.945e+05
 Factor NZ  : 2.347e+06 (roughly 40 MB of memory)
 Factor Ops : 8.704e+08 (less than 1 second per iteration)
 Threads    : 32

                  Objective                Residual
Iter       Primal          Dual         Primal    Dual     Compl     Time
   0  -6.86520955e+04 -2.34085971e+05  3.44e+02 1.68e-01  7.37e+01     3s
   1  -2.36498613e+04 -1.99019126e+05  1.19e+02 3.13e-01  2.65e+01     3s
   2  -6.27930028e+02 -1.06142096e+05  4.24e+00 5.51e-14  2.57e+00     3s
   3   5.65291926e+01 -3.28760114e+04  7.20e-01 1.05e-14  6.50e-01     3s
   4   1.46998270e+02 -3.63501572e+03  1.02e-01 1.78e-15  7.05e-02     3s
   5   1.03464400e+02 -1.03398013e+03  1.43e-02 1.11e-15  2.05e-02     3s
   6   4.68115599e+01 -4.13415249e+02  4.86e-03 1.11e-15  8.24e-03     3s
   7   2.20858755e+01 -1.53981481e+02  1.88e-03 4.44e-16  3.15e-03     3s
   8   7.72086261e+00 -6.65253190e+01  3.76e-04 4.44e-16  1.32e-03     3s
   9   3.19148268e+00 -2.29199188e+01  9.70e-05 4.44e-16  4.65e-04     3s
  10   5.32510839e-01 -5.39531337e+00  4.28e-06 4.44e-16  1.05e-04     3s
  11   7.78892656e-02 -5.02028143e-01  4.40e-07 4.44e-16  1.03e-05     3s
  12   1.12037149e-02 -3.26747740e-02  5.21e-08 4.44e-16  7.81e-07     3s
  13   1.36905976e-03 -3.35899672e-03  6.42e-09 4.44e-16  8.42e-08     3s
  14   8.69337624e-05 -1.38115144e-04  3.93e-10 4.44e-16  4.01e-09     3s
  15   3.09680104e-08 -4.97788619e-08  8.60e-12 7.25e-16  1.44e-12     4s

Barrier solved model in 15 iterations and 3.51 seconds (3.19 work units)
Optimal objective 3.09680104e-08


Root relaxation: objective 1.023182e-12, 4446 iterations, 1.27 seconds (1.14 work units)
Total elapsed time = 9.27s
Total elapsed time = 10.21s

    Nodes    |    Current Node    |     Objective Bounds      |     Work
 Expl Unexpl |  Obj  Depth IntInf | Incumbent    BestBd   Gap | It/Node Time

     0     0    0.00000    0   15    0.40003    0.00000   100%     -   10s
     0     0    0.00000    0   64    0.40003    0.00000   100%     -   14s
     0     0    0.00000    0   52    0.40003    0.00000   100%     -   16s
H    0     0                       0.1230063    0.00000   100%     -   19s
     0     0    0.00000    0   16    0.12301    0.00000   100%     -   20s
     0     0    0.00000    0   15    0.12301    0.00000   100%     -   21s
     0     0    0.00000    0   12    0.12301    0.00000   100%     -   22s
     0     0    0.00000    0   14    0.12301    0.00000   100%     -   25s
     0     0    0.00000    0   12    0.12301    0.00000   100%     -   26s
     0     0    0.00000    0   12    0.12301    0.00000   100%     -   26s
     0     0    0.00000    0   10    0.12301    0.00000   100%     -   27s
     0     0    0.00000    0   10    0.12301    0.00000   100%     -   28s
     0     0    0.00000    0    9    0.12301    0.00000   100%     -   29s
     0     0    0.00000    0   12    0.12301    0.00000   100%     -   29s
     0     0    0.00000    0    7    0.12301    0.00000   100%     -   30s
     0     0    0.00000    0   16    0.12301    0.00000   100%     -   31s
     0     0    0.00000    0    5    0.12301    0.00000   100%     -   32s
     0     0    0.00000    0    5    0.12301    0.00000   100%     -   32s
     0     0    0.00000    0    5    0.12301    0.00000   100%     -   32s
H    0     0                       0.0350347    0.00000   100%     -   32s
     0     0    0.00000    0    5    0.03503    0.00000   100%     -   32s
     0     0    0.00000    0    5    0.03503    0.00000   100%     -   32s
     0     0    0.00000    0    5    0.03503    0.00000   100%     -   36s
     0     2    0.00000    0    5    0.03503    0.00000   100%     -   37s
*    2     2               1       0.0000000    0.00000  0.00%  69.0   37s

Cutting planes:
  Learned: 1
  Cover: 7
  Implied bound: 89
  Clique: 6
  MIR: 32
  RLT: 3
  Relax-and-lift: 6

Explored 3 nodes (38167 simplex iterations) in 37.84 seconds (50.00 work units)
Thread count was 32 (of 128 available processors)

Solution count 4: 5.68434e-13 0.0350347 0.123006 0.400031 

Optimal solution found (tolerance 5.00e-03)
Best objective 5.684341886081e-13, best bound 5.684341886081e-13, gap 0.0000%


*********************************************
*********************************************


