Set parameter TokenServer to value "license02.tacc.utexas.edu"
Set parameter LogFile to value "/work/07346/ashukla/ls6/Norta_Results/norta_sm_16_27/0M"
Set parameter MIPGap to value 0.005
Set parameter TimeLimit to value 32400
Set parameter Method to value 2
Gurobi Optimizer version 10.0.2 build v10.0.2rc0 (linux64)

CPU model: AMD EPYC 7763 64-Core Processor, instruction set [SSE2|AVX|AVX2]
Thread count: 128 physical cores, 128 logical processors, using up to 32 threads

Optimize a model with 211739 rows, 77908 columns and 589928 nonzeros
Model fingerprint: 0x96742555
Variable types: 55968 continuous, 21940 integer (21578 binary)
Coefficient statistics:
  Matrix range     [1e-03, 1e+05]
  Objective range  [6e-02, 6e-02]
  Bounds range     [1e+00, 3e+00]
  RHS range        [1e-02, 2e+04]
Presolve removed 210854 rows and 76719 columns
Presolve time: 1.71s
Presolved: 885 rows, 1189 columns, 4026 nonzeros
Variable types: 1040 continuous, 149 integer (149 binary)
Found heuristic solution: objective 65.6853911
Root barrier log...

Ordering time: 0.00s

Barrier statistics:
 AA' NZ     : 4.613e+03
 Factor NZ  : 2.121e+04 (roughly 1 MB of memory)
 Factor Ops : 1.016e+06 (less than 1 second per iteration)
 Threads    : 1

                  Objective                Residual
Iter       Primal          Dual         Primal    Dual     Compl     Time
   0  -1.28382684e+03 -8.28243173e+03  1.08e+02 1.68e-01  2.56e+01     2s
   1  -2.77875845e+01 -4.31288307e+03  6.63e+00 1.19e-01  3.32e+00     2s
   2   4.76243580e+01 -4.73906640e+02  5.66e-01 2.01e-03  3.07e-01     2s
   3   5.12777401e+01 -8.12024841e-01  3.35e-02 5.54e-05  2.69e-02     2s
   4   4.64367151e+01  3.94047885e+01  7.33e-05 1.33e-15  3.50e-03     2s
   5   4.43460893e+01  4.22523773e+01  1.71e-05 4.44e-16  1.04e-03     2s
   6   4.41132368e+01  4.30430069e+01  1.00e-05 2.22e-16  5.32e-04     2s
   7   4.38196597e+01  4.33981886e+01  1.86e-06 2.22e-16  2.10e-04     2s
   8   4.38159239e+01  4.35147777e+01  1.49e-06 2.22e-16  1.50e-04     2s
   9   4.37748434e+01  4.36184308e+01  5.80e-07 2.22e-16  7.78e-05     2s
  10   4.37571153e+01  4.37369337e+01  1.75e-07 4.44e-16  1.00e-05     2s
  11   4.37488576e+01  4.37466194e+01  6.77e-09 2.22e-16  1.11e-06     2s
  12   4.37483752e+01  4.37482781e+01  1.02e-09 2.22e-16  4.83e-08     2s
  13   4.37483617e+01  4.37483615e+01  2.17e-10 4.44e-16  8.47e-11     2s

Barrier solved model in 13 iterations and 1.81 seconds (1.88 work units)
Optimal objective 4.37483617e+01


Root relaxation: objective 4.374836e+01, 8 iterations, 0.02 seconds (0.01 work units)

    Nodes    |    Current Node    |     Objective Bounds      |     Work
 Expl Unexpl |  Obj  Depth IntInf | Incumbent    BestBd   Gap | It/Node Time

     0     0   43.74836    0    2   65.68539   43.74836  33.4%     -    1s
H    0     0                      43.7495649   43.74836  0.00%     -    1s

Explored 1 nodes (8 simplex iterations) in 1.84 seconds (1.89 work units)
Thread count was 32 (of 128 available processors)

Solution count 2: 43.7496 65.6854 

Optimal solution found (tolerance 5.00e-03)
Best objective 4.374956487093e+01, best bound 4.374836164420e+01, gap 0.0028%


*********************************************
*********************************************


Set parameter LogFile to value "/work/07346/ashukla/ls6/Norta_Results/norta_sm_16_27/20M"
Gurobi Optimizer version 10.0.2 build v10.0.2rc0 (linux64)

CPU model: AMD EPYC 7763 64-Core Processor, instruction set [SSE2|AVX|AVX2]
Thread count: 128 physical cores, 128 logical processors, using up to 32 threads

Optimize a model with 211739 rows, 77908 columns and 589928 nonzeros
Model fingerprint: 0x8a7d8f59
Variable types: 55968 continuous, 21940 integer (21578 binary)
Coefficient statistics:
  Matrix range     [1e-03, 1e+05]
  Objective range  [6e-02, 6e-02]
  Bounds range     [1e+00, 3e+00]
  RHS range        [1e-02, 2e+07]

MIP start from previous solve produced solution with objective 43.7496 (0.61s)
MIP start from previous solve produced solution with objective 43.7496 (0.62s)
Loaded MIP start from previous solve with objective 43.7496

Presolve removed 176994 rows and 50739 columns
Presolve time: 1.78s
Presolved: 34745 rows, 27169 columns, 126225 nonzeros
Variable types: 23545 continuous, 3624 integer (3560 binary)
Root barrier log...

Ordering time: 0.31s

Barrier statistics:
 Dense cols : 57
 AA' NZ     : 3.856e+05
 Factor NZ  : 3.108e+06 (roughly 50 MB of memory)
 Factor Ops : 1.329e+09 (less than 1 second per iteration)
 Threads    : 32

                  Objective                Residual
Iter       Primal          Dual         Primal    Dual     Compl     Time
   0  -9.07665205e+05 -2.81485508e+05  4.71e+04 1.68e-01  9.44e+02     3s
   1  -5.73528542e+05 -3.11610057e+05  2.95e+04 2.90e-01  5.90e+02     3s
   2  -1.37477500e+05 -3.76483320e+05  5.98e+03 3.13e-13  1.54e+02     3s
   3  -2.31021717e+04 -2.86283415e+05  8.60e+02 2.46e-13  2.83e+01     3s
   4  -6.53198290e+03 -1.48367619e+05  2.47e+02 8.58e-14  8.25e+00     3s
   5  -2.13532498e+03 -9.45951872e+04  1.05e+02 4.58e-14  3.26e+00     3s
   6  -1.14383028e+03 -7.14746662e+04  5.39e+01 2.51e-14  2.02e+00     3s
   7  -4.37861256e+02 -3.48891904e+04  2.21e+01 8.16e-15  8.52e-01     3s
   8   1.42041398e+01 -1.02009938e+04  3.29e+00 4.34e-15  2.08e-01     3s
   9   1.23107816e+02 -1.26615582e+03  3.29e-02 8.52e-15  2.26e-02     3s
  10   6.53144107e+01 -2.25217575e+02  5.38e-03 2.89e-14  4.63e-03     3s
  11   3.95434460e+01 -9.85060358e+01  2.63e-03 1.22e-14  2.19e-03     3s
  12   2.78216317e+01 -3.91778115e+01  1.53e-03 5.77e-15  1.07e-03     3s
  13   2.22237282e+01 -2.73199072e+01  1.05e-03 4.44e-15  7.87e-04     3s
  14   1.70348279e+01 -1.01518660e+01  6.00e-04 2.44e-15  4.32e-04     3s
  15   1.58043436e+01 -5.41878670e+00  5.02e-04 1.55e-15  3.37e-04     3s
  16   1.29227540e+01  5.76318151e-01  2.92e-04 1.11e-15  1.96e-04     3s
  17   1.15562093e+01  5.08613504e+00  1.96e-04 4.44e-16  1.03e-04     3s
  18   1.06760222e+01  7.09714715e+00  1.38e-04 2.22e-16  5.72e-05     3s
  19   1.04074035e+01  7.44771767e+00  1.18e-04 4.44e-16  4.73e-05     3s
  20   9.82025466e+00  7.87065073e+00  7.51e-05 4.44e-16  3.12e-05     3s
  21   9.60645576e+00  8.17502939e+00  5.94e-05 4.44e-16  2.29e-05     3s
  22   9.44445948e+00  8.38017443e+00  4.77e-05 4.44e-16  1.71e-05     3s
  23   9.07703372e+00  8.45887061e+00  2.19e-05 4.44e-16  9.87e-06     3s
  24   8.98601110e+00  8.49160310e+00  1.50e-05 4.44e-16  7.88e-06     3s
  25   8.91084494e+00  8.62690477e+00  9.62e-06 4.44e-16  4.53e-06     3s
  26   8.84108464e+00  8.69437923e+00  5.03e-06 2.22e-16  2.34e-06     3s
  27   8.81872652e+00  8.72247146e+00  3.36e-06 4.44e-16  1.54e-06     3s
  28   8.80422456e+00  8.74224430e+00  2.30e-06 2.22e-16  9.90e-07     3s
  29   8.79447955e+00  8.75165143e+00  1.58e-06 4.44e-16  6.84e-07     3s
  30   8.78751070e+00  8.76352991e+00  1.09e-06 4.44e-16  3.84e-07     3s
  31   8.78220159e+00  8.76457808e+00  7.04e-07 4.44e-16  2.82e-07     3s
  32   8.77776346e+00  8.76790010e+00  3.83e-07 4.44e-16  1.58e-07     4s
  33   8.77633178e+00  8.76894296e+00  2.80e-07 2.22e-16  1.18e-07     4s
  34   8.77400134e+00  8.77109939e+00  1.21e-07 4.89e-16  4.64e-08     4s
  35   8.77316760e+00  8.77177801e+00  5.88e-08 4.44e-16  2.22e-08     4s
  36   8.77267443e+00  8.77216972e+00  2.22e-08 1.26e-15  8.08e-09     4s
  37   8.77251482e+00  8.77226973e+00  1.07e-08 5.19e-14  3.93e-09     4s
  38   8.77241172e+00  8.77234226e+00  3.33e-09 9.11e-14  1.11e-09     4s
  39   8.77237719e+00  8.77235761e+00  9.83e-10 5.44e-14  3.14e-10     4s
  40   8.77236442e+00  8.77236221e+00  1.29e-09 1.49e-13  3.54e-11     4s

Barrier solved model in 40 iterations and 3.66 seconds (3.60 work units)
Optimal objective 8.77236442e+00


Root simplex log...

Iteration    Objective       Primal Inf.    Dual Inf.      Time
    7317    8.7723627e+00   0.000000e+00   0.000000e+00      5s

Root relaxation: objective 8.772363e+00, 7317 iterations, 2.58 seconds (3.81 work units)

    Nodes    |    Current Node    |     Objective Bounds      |     Work
 Expl Unexpl |  Obj  Depth IntInf | Incumbent    BestBd   Gap | It/Node Time

     0     0    8.77236    0  465   43.74956    8.77236  79.9%     -    8s
H    0     0                      23.4166286    8.77236  62.5%     -   10s
H    0     0                      23.4166284    8.77236  62.5%     -   10s
     0     0    9.67849    0  569   23.41663    9.67849  58.7%     -   23s
H    0     0                      14.4737205    9.67849  33.1%     -   26s
H    0     0                      14.2147541    9.73383  31.5%     -   27s
     0     0    9.73383    0  540   14.21475    9.73383  31.5%     -   27s
     0     0    9.73384    0  540   14.21475    9.73384  31.5%     -   27s
     0     0    9.85091    0  517   14.21475    9.85091  30.7%     -   35s
     0     0    9.85595    0  564   14.21475    9.85595  30.7%     -   38s
     0     0    9.86281    0  574   14.21475    9.86281  30.6%     -   39s
     0     0    9.86284    0  576   14.21475    9.86284  30.6%     -   39s
     0     0    9.89834    0  495   14.21475    9.89834  30.4%     -   47s
     0     0    9.90056    0  580   14.21475    9.90056  30.4%     -   53s
     0     0    9.90069    0  497   14.21475    9.90069  30.3%     -   53s
     0     0    9.90653    0  701   14.21475    9.90653  30.3%     -   56s
     0     0    9.90739    0  512   14.21475    9.90739  30.3%     -   59s
     0     0    9.90775    0  510   14.21475    9.90775  30.3%     -   60s
     0     0    9.90775    0  510   14.21475    9.90775  30.3%     -   60s
     0     0    9.90959    0  751   14.21475    9.90959  30.3%     -   62s
     0     0    9.91021    0  646   14.21475    9.91021  30.3%     -   63s
     0     0    9.91034    0  642   14.21475    9.91034  30.3%     -   63s
     0     0    9.91082    0  622   14.21475    9.91082  30.3%     -   64s
     0     0    9.91096    0  622   14.21475    9.91096  30.3%     -   65s
     0     0    9.91099    0  618   14.21475    9.91099  30.3%     -   65s
H    0     0                      12.5392919    9.91107  21.0%     -   66s
     0     0    9.91107    0  543   12.53929    9.91107  21.0%     -   66s
     0     0    9.91108    0  516   12.53929    9.91108  21.0%     -   67s
     0     0    9.91109    0  516   12.53929    9.91109  21.0%     -   67s
     0     0    9.91109    0  516   12.53929    9.91109  21.0%     -   68s
     0     0    9.91109    0  516   12.53929    9.91109  21.0%     -   70s
     0     0    9.91109    0  444   12.53929    9.91109  21.0%     -   74s
     0     2    9.91109    0  444   12.53929    9.91109  21.0%     -   80s
     1     4   10.38204    1  533   12.53929    9.91761  20.9% 10950   90s
     3     8   12.04029    2  548   12.53929    9.98871  20.3%  7138  102s
     7    16   12.12557    3  467   12.53929    9.99211  20.3%  5521  114s
    15    28     cutoff    4        12.53929   10.00405  20.2%  5291  124s
    31    52   10.44054    5  178   12.53929   10.02042  20.1%  4176  153s
H   38    52                      12.5392918   10.02042  20.1%  5349  153s
    59    84   10.46097    6  350   12.53929   10.02060  20.1%  5403  170s
    91   116   10.46887    7  334   12.53929   10.02103  20.1%  4315  179s
   123   142   10.47524    8  358   12.53929   10.02103  20.1%  3872  186s
   155   172   10.47902    9  418   12.53929   10.02103  20.1%  3561  195s
H  156   172                      12.5173330   10.02103  19.9%  3538  195s
   187   206   10.56002   10  427   12.51733   10.02103  19.9%  3243  207s
   229   244   12.28987   11  393   12.51733   10.02103  19.9%  3023  217s
H  275   271                      12.4287010   10.02103  19.4%  2824  312s
H  277   271                      12.4030515   10.02103  19.2%  2810  312s
H  279   271                      12.3464960   10.02103  18.8%  2796  312s
H  282   271                      12.3105112   10.02103  18.6%  2779  312s
H  285   271                      12.2355717   10.02103  18.1%  2771  312s
H  286   271                      11.9936468   10.02103  16.4%  2770  312s
H  288   271                      11.8539955   10.02103  15.5%  2766  312s
H  294   271                      11.5515646   10.02103  13.2%  2721  312s
   307   250     cutoff   13        11.55156   10.02103  13.2%  2691  316s
H  364   260                      11.3077167   10.02103  11.4%  2363  437s
H  398   260                      11.2581309   10.02103  11.0%  2320  437s
   412   309   10.71654   15  160   11.25813   10.02103  11.0%  2296  445s
   478   361     cutoff   17        11.25813   10.02103  11.0%  2239  454s
   545   418   10.60371   15  200   11.25813   10.02103  11.0%  2152  466s
   614   472   10.65577   16  267   11.25813   10.02103  11.0%  2082  472s
   699   535   11.18979   17  295   11.25813   10.02103  11.0%  2047  478s
   774   586   10.78369   17  325   11.25813   10.02103  11.0%  2013  485s
   845   646     cutoff   17        11.25813   10.02103  11.0%  2032  495s
   922   728   10.70375   18  301   11.25813   10.02103  11.0%  2016  502s
  1023   829   10.78055   19  395   11.25813   10.02103  11.0%  1982  510s
  1153   903   10.76178   21  473   11.25813   10.02103  11.0%  1881  519s
  1286   952   11.24410   25  258   11.25813   10.15550  9.79%  1831  528s
H 1399   972                      11.2576389   10.15550  9.79%  1821  549s
H 1401   972                      11.2575564   10.15550  9.79%  1822  549s
H 1415   972                      11.2575554   10.15550  9.79%  1827  549s
  1439  1032   10.52616    9  182   11.25756   10.15550  9.79%  1832  558s
  1565  1103   10.58851   12  240   11.25756   10.15550  9.79%  1814  566s
  1698  1167   10.95015   17  264   11.25756   10.15550  9.79%  1780  574s
  1854  1204   11.01652   18  239   11.25756   10.15550  9.79%  1727  589s
  2000  1221     cutoff   23        11.25756   10.15550  9.79%  1717  603s
  2099  1295   11.09760   21  275   11.25756   10.15550  9.79%  1736  615s
  2253  1392     cutoff   26        11.25756   10.19606  9.43%  1716  625s
H 2456  1422                      11.2574629   10.25866  8.87%  1667  645s
H 2460  1422                      11.2574620   10.25866  8.87%  1669  645s
H 2461  1422                      11.2574589   10.25866  8.87%  1669  645s
H 2462  1422                      11.2574584   10.25866  8.87%  1670  645s
H 2466  1422                      11.2574578   10.25866  8.87%  1670  645s
  2498  1515   10.30494   10  255   11.25746   10.25866  8.87%  1668  656s
  2695  1601     cutoff   14        11.25746   10.25866  8.87%  1643  686s
  2914  1719   10.56728   13  263   11.25746   10.25866  8.87%  1631  705s
  3101  1860   11.09372   17  382   11.25746   10.25866  8.87%  1605  717s
H 3341  1765                      11.2574570   10.25866  8.87%  1565 1008s
  3342  1766   11.01482   28  444   11.25746   10.25866  8.87%  1564 1041s
  3344  1767   10.56929   10  443   11.25746   10.25866  8.87%  1563 1050s
  3345  1768   10.81088   16  606   11.25746   10.25866  8.87%  1563 1077s
  3346  1769   10.84140   13  560   11.25746   10.25866  8.87%  1562 1083s
  3347  1769   11.07157   38  594   11.25746   10.25866  8.87%  1562 1086s
  3349  1771   11.14735   24  427   11.25746   10.25866  8.87%  1561 1090s
  3350  1771   10.78780   21  395   11.25746   10.25866  8.87%  1560 1102s
  3352  1773   11.05653   19  401   11.25746   10.25866  8.87%  1559 1115s
  3354  1774   11.08619   32  495   11.25746   10.25866  8.87%  1559 1122s
  3356  1775   10.97549   20  394   11.25746   10.25866  8.87%  1558 1129s
  3357  1776   11.08549   21  394   11.25746   10.25866  8.87%  1557 1134s
  3358  1777   10.69401   14  394   11.25746   10.25866  8.87%  1557 1139s
  3359  1780   10.39281   16  509   11.25746   10.25866  8.87%  21.4 1154s
  3361  1784   10.83063   17  514   11.25746   10.25866  8.87%  23.0 1166s
  3365  1788   11.03994   18  609   11.25746   10.25866  8.87%  30.8 1177s
  3373  1790     cutoff   19        11.25746   10.25866  8.87%  47.7 1196s
  3387  1799   10.47055   20  309   11.25746   10.25866  8.87%  66.9 1218s
  3405  1813     cutoff   21        11.25746   10.25866  8.87%   101 1232s
  3437  1828   10.25866   22  397   11.25746   10.25866  8.87%   147 1240s
  3469  1845   10.31976   23  353   11.25746   10.25866  8.87%   173 1247s
  3501  1861   10.41754   23  310   11.25746   10.31976  8.33%   194 1254s
  3533  1880   10.42806   24  337   11.25746   10.31976  8.33%   209 1262s
  3566  1899   10.34079   24  465   11.25746   10.31976  8.33%   232 1269s
H 3603  1819                      11.2574566   10.31976  8.33%   251 1280s
  3636  1823   10.58061   26  416   11.25746   10.31976  8.33%   269 1287s
  3670  1835   10.63272   27  406   11.25746   10.31976  8.33%   283 1294s
  3717  1831   10.64497   28  367   11.25746   10.31976  8.33%   302 1303s
  3753  1843   10.65675   29  291   11.25746   10.31976  8.33%   324 1309s
  3802  1849   10.66628   31  274   11.25746   10.31976  8.33%   347 1316s
  3861  1850   11.09658   34  196   11.25746   10.31976  8.33%   367 1322s
  3922  1856   11.16657   37  184   11.25746   10.31976  8.33%   387 1329s
  3982  1844   11.21178   40  194   11.25746   10.31976  8.33%   408 1438s
H 3983  1759                      11.2379594   10.31976  8.17%   408 1438s
H 3986  1677                      11.1651681   10.31976  7.57%   409 1438s
  4024  1672     cutoff   41        11.16517   10.34079  7.38%   419 1448s
  4110  1666   11.06956   27  174   11.16517   10.34079  7.38%   439 1458s
  4190  1657   11.08825   28  150   11.16517   10.34079  7.38%   469 1579s
H 4206  1576                      11.1341026   10.34079  7.13%   472 1579s
  4227  1616   11.08840   29  115   11.13410   10.34079  7.13%   482 1599s
  4325  1619   11.11848   31  142   11.13410   10.38554  6.72%   505 1615s
  4419  1619   10.65040   26  533   11.13410   10.38554  6.72%   531 1625s
  4505  1653   10.43767   26  369   11.13410   10.38554  6.72%   555 1636s
  4602  1674   10.82580   28  318   11.13410   10.38554  6.72%   574 1645s
  4714  1682   10.93359   29  474   11.13410   10.38554  6.72%   590 1657s
  4841  1697     cutoff   29        11.13410   10.38554  6.72%   607 1667s
  4966  1710   10.99420   31  430   11.13410   10.38554  6.72%   621 1678s
  5094  1719     cutoff   33        11.13410   10.38554  6.72%   638 1694s
  5229  1724     cutoff   33        11.13410   10.38554  6.72%   660 1707s
H 5230  1651                      11.1340155   10.38554  6.72%   660 1707s
H 5236  1580                      11.1339964   10.38554  6.72%   660 1707s
H 5244  1512                      11.1339962   10.38554  6.72%   660 1707s
  5340  1532   11.09472   36  333   11.13400   10.44562  6.18%   673 1716s
  5498  1517   10.46815   27  543   11.13400   10.44562  6.18%   687 1730s
  5657  1524   10.75343   29  425   11.13400   10.44562  6.18%   707 1739s
  5832  1526   10.92910   33  383   11.13400   10.44562  6.18%   720 1749s
  6009  1492   11.09792   37  250   11.13400   10.46815  5.98%   735 1762s
  6188  1474   10.83380   28  402   11.13400   10.46815  5.98%   751 1775s
H 6387  1383                      11.1337425   10.46815  5.98%   769 1790s
H 6390  1323                      11.1326328   10.46815  5.97%   769 1790s
H 6402  1262                      11.1325908   10.46815  5.97%   769 1790s
H 6424  1216                      11.1325783   10.46815  5.97%   771 1790s
  6531  1280   11.02550   31  436   11.13258   10.46815  5.97%   787 1802s
  6736  1396     cutoff   32        11.13258   10.46815  5.97%   806 1815s
  6998  1440   10.99061   33  332   11.13258   10.46815  5.97%   818 1836s
  7251  1499   11.07474   36  294   11.13258   10.46815  5.97%   838 1850s
  7521  1522     cutoff   39        11.13258   10.49827  5.70%   852 1868s
H 7522  1522                      11.1325783   10.49827  5.70%   852 1868s
H 7559  1522                      11.1325783   10.49827  5.70%   853 1868s
H 7608  1522                      11.1325782   10.49827  5.70%   858 1868s
  7720  1562   10.54940   33  347   11.13258   10.49827  5.70%   870 1883s
  7953  1632   10.78814   42  341   11.13258   10.49827  5.70%   896 1904s
  8022  1632   10.95184   44  227   11.13258   10.49827  5.70%   899 1905s
  8202  1688     cutoff   47        11.13258   10.52217  5.48%   915 1920s
  8503  1751     cutoff   43        11.13258   10.60165  4.77%   936 1936s
  8808  1726   11.05589   42  274   11.13258   10.70658  3.83%   954 1956s
H 8924  1726                      11.1325782   10.70658  3.83%   967 1956s
  9016  1739   11.06939   38  200   11.13258   10.73673  3.56%   977 1983s
  9296  1749     cutoff   40        11.13258   10.77063  3.25%  1000 2006s
  9606  1784   11.12941   30  225   11.13258   10.77356  3.22%  1028 2024s
  9899  1824     cutoff   39        11.13258   10.77876  3.18%  1042 2046s
 10268  1876   10.95727   35  329   11.13258   10.79489  3.03%  1061 2068s
 10619  1877     cutoff   39        11.13258   10.79489  3.03%  1073 2086s
 11010  1902     cutoff   41        11.13258   10.79489  3.03%  1091 2107s
 11464  1939     cutoff   47        11.13258   10.83465  2.68%  1105 2132s
 11888  1903   11.03497   39  348   11.13258   10.84315  2.60%  1124 2153s
*12270  1903              58      11.1325781   10.84315  2.60%  1139 2153s
 12284  1905     cutoff   43        11.13258   10.86116  2.44%  1139 2176s
 12739  1891   11.03773   34  376   11.13258   10.87506  2.31%  1155 2203s
 13216  1893     cutoff   34        11.13258   10.88311  2.24%  1168 2237s
 13718  1870     cutoff   36        11.13258   10.89885  2.10%  1184 2266s
 14260  1835     cutoff   45        11.13258   10.90900  2.01%  1193 2295s
H14584  1800                      11.1206821   10.91285  1.87%  1199 2295s
*14589  1796              65      11.1197788   10.91285  1.86%  1198 2295s
 14806  1699   11.06716   39  167   11.11978   10.91901  1.81%  1206 2322s
 15302  1582     cutoff   38        11.11978   10.93621  1.65%  1225 2349s
 15863  1434     cutoff   34        11.11978   10.95204  1.51%  1239 2378s
 16399  1252     cutoff   34        11.11978   10.96315  1.41%  1258 2411s
 16993  1046   11.05686   42  107   11.11978   10.98024  1.25%  1277 2442s
 17605   765   11.10994   29  354   11.11978   10.99962  1.08%  1297 2475s
 18264   356     cutoff   37        11.11978   11.02084  0.89%  1316 2513s
*18362   356              51      11.1057138   11.02199  0.75%  1317 2513s
 19029    17   11.06648   37  108   11.10571   11.04440  0.55%  1329 2538s
*19145    17              51      11.0950375   11.04945  0.41%  1329 2538s

Cutting planes:
  Learned: 14
  Gomory: 38
  Cover: 119
  Implied bound: 952
  Projected implied bound: 27
  Clique: 32
  MIR: 756
  StrongCG: 5
  Flow cover: 1515
  Zero half: 8
  RLT: 56
  Relax-and-lift: 130
  BQP: 12
  PSD: 8

Explored 19635 nodes (31134287 simplex iterations) in 2538.99 seconds (5853.01 work units)
Thread count was 32 (of 128 available processors)

Solution count 10: 11.095 11.1057 11.1198 ... 11.1326

Optimal solution found (tolerance 5.00e-03)
Best objective 1.109503750000e+01, best bound 1.107718600356e+01, gap 0.1609%


*********************************************
*********************************************


Set parameter LogFile to value "/work/07346/ashukla/ls6/Norta_Results/norta_sm_16_27/40M"
Gurobi Optimizer version 10.0.2 build v10.0.2rc0 (linux64)

CPU model: AMD EPYC 7763 64-Core Processor, instruction set [SSE2|AVX|AVX2]
Thread count: 128 physical cores, 128 logical processors, using up to 32 threads

Optimize a model with 211739 rows, 77908 columns and 589928 nonzeros
Model fingerprint: 0x3e5fc160
Variable types: 55968 continuous, 21940 integer (21578 binary)
Coefficient statistics:
  Matrix range     [1e-03, 1e+05]
  Objective range  [6e-02, 6e-02]
  Bounds range     [1e+00, 3e+00]
  RHS range        [1e-02, 4e+07]

MIP start from previous solve produced solution with objective 11.095 (0.72s)
MIP start from previous solve produced solution with objective 11.095 (0.73s)
Loaded MIP start from previous solve with objective 11.095

Presolve removed 176994 rows and 50739 columns
Presolve time: 1.88s
Presolved: 34745 rows, 27169 columns, 126225 nonzeros
Variable types: 23545 continuous, 3624 integer (3560 binary)
Root barrier log...

Ordering time: 0.32s

Barrier statistics:
 Dense cols : 57
 AA' NZ     : 3.856e+05
 Factor NZ  : 3.108e+06 (roughly 50 MB of memory)
 Factor Ops : 1.329e+09 (less than 1 second per iteration)
 Threads    : 32

                  Objective                Residual
Iter       Primal          Dual         Primal    Dual     Compl     Time
   0  -6.23744132e+05 -2.81485711e+05  3.23e+04 1.68e-01  6.51e+02     3s
   1  -3.80424791e+05 -3.05534328e+05  1.94e+04 3.77e-01  3.92e+02     3s
   2  -9.05912624e+04 -3.61519619e+05  2.24e+03 9.83e-14  1.02e+02     3s
   3  -8.42784356e+03 -2.81222373e+05  4.46e+01 2.99e-13  1.32e+01     3s
   4  -1.40135297e+03 -1.28706281e+05  8.42e+00 2.40e-14  3.36e+00     3s
   5  -7.46067256e+01 -6.96333665e+04  1.48e+00 1.54e-14  1.27e+00     3s
   6   1.56396001e+02 -7.91060530e+03  1.35e-01 2.68e-15  1.33e-01     3s
   7   1.34491385e+02 -1.92788747e+03  2.04e-02 2.66e-15  3.28e-02     3s
   8   6.51870524e+01 -6.54985934e+02  1.48e-03 8.88e-16  1.14e-02     3s
   9   2.62551324e+01 -1.50257008e+02  9.02e-05 4.44e-16  2.78e-03     3s
  10   1.63932187e+01 -4.94399275e+01  4.55e-05 4.44e-16  1.04e-03     3s
  11   9.87403709e+00 -1.63468766e+01  2.06e-05 4.44e-16  4.13e-04     3s
  12   7.56540216e+00 -7.38536547e+00  1.36e-05 4.44e-16  2.35e-04     3s
  13   5.88384282e+00 -3.06967274e+00  8.96e-06 4.44e-16  1.41e-04     3s
  14   3.76598783e+00  1.65940894e-01  3.43e-06 4.44e-16  5.67e-05     4s
  15   3.18421148e+00  1.23170954e+00  1.97e-06 4.44e-16  3.07e-05     4s
  16   3.02331404e+00  1.51283445e+00  1.57e-06 4.44e-16  2.38e-05     4s
  17   2.84284011e+00  1.62918236e+00  1.12e-06 4.44e-16  1.91e-05     4s
  18   2.62956403e+00  1.97798173e+00  6.00e-07 4.44e-16  1.03e-05     4s
  19   2.54791163e+00  2.13894958e+00  3.98e-07 4.44e-16  6.44e-06     4s
  20   2.49865338e+00  2.23906189e+00  2.77e-07 4.44e-16  4.09e-06     4s
  21   2.47514858e+00  2.30767270e+00  2.21e-07 4.44e-16  2.64e-06     4s
  22   2.42116135e+00  2.33850122e+00  9.47e-08 4.44e-16  1.30e-06     4s
  23   2.41040328e+00  2.35184388e+00  6.66e-08 4.44e-16  9.22e-07     4s
  24   2.39911730e+00  2.36860716e+00  3.77e-08 4.44e-16  4.81e-07     4s
  25   2.39191621e+00  2.37923589e+00  2.00e-08 4.44e-16  2.00e-07     4s
  26   2.38867419e+00  2.38130433e+00  1.16e-08 4.44e-16  1.16e-07     4s
  27   2.38622540e+00  2.38261490e+00  4.99e-09 2.22e-16  5.69e-08     4s
  28   2.38551015e+00  2.38348851e+00  3.07e-09 4.44e-16  3.18e-08     4s
  29   2.38463024e+00  2.38374804e+00  7.30e-10 4.44e-16  1.39e-08     4s
  30   2.38442019e+00  2.38429509e+00  5.48e-10 8.34e-16  1.97e-09     4s
  31   2.38435331e+00  2.38433153e+00  1.28e-09 7.11e-14  3.43e-10     4s
  32   2.38434335e+00  2.38434117e+00  1.13e-09 1.15e-13  3.44e-11     4s

Barrier solved model in 32 iterations and 3.94 seconds (3.48 work units)
Optimal objective 2.38434335e+00


Restart crossover...


Root crossover log...

       0 PPushes remaining with PInf 1.2478968e+01                 6s

  Push phase complete: Pinf 1.2478968e+01, Dinf 6.4442010e-01      6s


Root simplex log...

Iteration    Objective       Primal Inf.    Dual Inf.      Time
    7517    2.3844379e+00   0.000000e+00   6.444201e-01      6s
    8000    2.3843415e+00   0.000000e+00   0.000000e+00      7s
    8003    2.3843415e+00   0.000000e+00   0.000000e+00      7s
Extra simplex iterations after uncrush: 3

Root relaxation: objective 2.384342e+00, 8003 iterations, 4.02 seconds (5.22 work units)
Total elapsed time = 10.25s

    Nodes    |    Current Node    |     Objective Bounds      |     Work
 Expl Unexpl |  Obj  Depth IntInf | Incumbent    BestBd   Gap | It/Node Time

     0     0    2.38434    0  262   11.09504    2.38434  78.5%     -   10s
H    0     0                       6.4338309    2.38434  62.9%     -   11s
H    0     0                       6.4338302    2.38434  62.9%     -   12s
H    0     0                       5.7412406    2.84567  50.4%     -   28s
     0     0    2.84567    0  307    5.74124    2.84567  50.4%     -   28s
H    0     0                       5.1806458    2.84567  45.1%     -   31s
     0     0    2.87602    0  329    5.18065    2.87602  44.5%     -   34s
     0     0    2.95425    0  331    5.18065    2.95425  43.0%     -   40s
     0     0    2.96417    0  274    5.18065    2.96417  42.8%     -   46s
     0     0    2.97862    0  315    5.18065    2.97862  42.5%     -   54s
     0     0    2.98358    0  313    5.18065    2.98358  42.4%     -   62s
     0     0    2.99506    0  301    5.18065    2.99506  42.2%     -   70s
     0     0    2.99834    0  318    5.18065    2.99834  42.1%     -   75s
     0     0    3.00311    0  317    5.18065    3.00311  42.0%     -   78s
H    0     0                       4.5249129    3.00311  33.6%     -   80s
H    0     0                       4.1630612    3.00313  27.9%     -   80s
     0     0    3.00313    0  307    4.16306    3.00313  27.9%     -   80s
     0     0    3.00731    0  328    4.16306    3.00731  27.8%     -   82s
     0     0    3.00735    0  376    4.16306    3.00735  27.8%     -   84s
     0     0    3.01144    0  329    4.16306    3.01144  27.7%     -   85s
     0     0    3.01211    0  327    4.16306    3.01211  27.6%     -   90s
H    0     0                       3.6307412    3.01244  17.0%     -   92s
H    0     0                       3.6306201    3.01244  17.0%     -   92s
     0     0    3.01244    0  373    3.63062    3.01244  17.0%     -   92s
     0     0    3.01245    0  324    3.63062    3.01245  17.0%     -   92s
     0     0    3.01311    0  328    3.63062    3.01311  17.0%     -   94s
     0     0    3.01319    0  321    3.63062    3.01319  17.0%     -   96s
     0     0    3.01372    0  312    3.63062    3.01372  17.0%     -   97s
     0     0    3.01552    0  304    3.63062    3.01552  16.9%     -  104s
     0     0    3.01557    0  299    3.63062    3.01557  16.9%     -  104s
     0     0    3.01602    0  368    3.63062    3.01602  16.9%     -  105s
     0     0    3.01605    0  319    3.63062    3.01605  16.9%     -  108s
     0     0    3.01646    0  345    3.63062    3.01646  16.9%     -  110s
     0     0    3.01646    0  345    3.63062    3.01646  16.9%     -  113s
     0     0    3.01650    0  337    3.63062    3.01650  16.9%     -  114s
     0     0    3.01650    0  216    3.63062    3.01650  16.9%     -  118s
     0     2    3.01650    0  214    3.63062    3.01650  16.9%     -  124s
     1     4    3.02054    1  227    3.63062    3.01650  16.9%  5806  129s
     3     8    3.19269    2  288    3.63062    3.02054  16.8%  5167  136s
     7    15    3.36244    3  353    3.63062    3.02077  16.8%  4136  144s
    15    29    3.42772    4  406    3.63062    3.02204  16.8%  4121  153s
    30    50     cutoff    5         3.63062    3.02896  16.6%  4766  189s
    59    74    3.22066    6  257    3.63062    3.02934  16.6%  4286  208s
    91   103    3.22121    7  253    3.63062    3.03094  16.5%  3955  223s
   123   133    3.22199    8  249    3.63062    3.03146  16.5%  3679  242s
   155   163    3.22478    9  253    3.63062    3.03146  16.5%  3261  247s
   187   205    3.23046   10  198    3.63062    3.03146  16.5%  2911  259s
H  233   236                       3.5550771    3.03146  14.7%  2585  362s
H  235   236                       3.4694893    3.03146  12.6%  2570  362s
H  244   236                       3.4682052    3.03146  12.6%  2527  362s
H  248   236                       3.4661444    3.03146  12.5%  2502  362s
   266   254    3.25973   12  200    3.46614    3.03146  12.5%  2401  370s
   304   294    3.26041   14  172    3.46614    3.03146  12.5%  2353  377s
H  362   318                       3.3587594    3.03146  9.74%  2190  498s
H  364   318                       3.3412056    3.03146  9.27%  2181  498s
H  366   318                       3.3190938    3.03146  8.67%  2175  498s
   397   314    3.26249   17  207    3.31909    3.03146  8.67%  2132  504s
   475   330    3.26570   19  213    3.31909    3.03146  8.67%  1965  513s
   540   357    3.30518   21  257    3.31909    3.03267  8.63%  2001  520s
   617   393    3.22538    9  153    3.31909    3.03267  8.63%  1985  525s
   699   394    3.23139   10  168    3.31909    3.03267  8.63%  1931  533s
   794   406    3.23355   11  149    3.31909    3.03267  8.63%  1906  540s
   886   418     cutoff   13         3.31909    3.03267  8.63%  1904  547s
   972   445     cutoff   13         3.31909    3.03275  8.63%  1912  554s
  1073   490    3.03449    8  170    3.31909    3.03449  8.57%  1884  562s
  1192   527    3.14124   10  358    3.31909    3.04570  8.24%  1843  569s
  1317   527    3.05820   10  172    3.31909    3.04570  8.24%  1800  575s
  1439   507    3.16758   11  168    3.31909    3.04570  8.24%  1781  588s
  1505   499     cutoff   10         3.31909    3.04570  8.24%  1836  595s
  1591   505    3.19435   12  210    3.31909    3.04570  8.24%  1873  604s
  1686   492     cutoff   14         3.31909    3.04570  8.24%  1907  614s
  1783   472    3.27742   14  186    3.31909    3.04570  8.24%  1937  632s
  1867   453     cutoff   15         3.31909    3.04911  8.13%  1992  641s
  1949   435    3.08055    7  226    3.31909    3.04911  8.13%  2045  649s
  2041   421     cutoff    9         3.31909    3.04911  8.13%  2089  660s
  2113   392    3.27147    9  244    3.31909    3.04911  8.13%  2159  670s
  2199   372     cutoff   10         3.31909    3.05061  8.09%  2204  679s
  2293   380    3.23896   11  102    3.31909    3.05061  8.09%  2236  690s
  2422   364     cutoff   23         3.31909    3.10759  6.37%  2246  699s
  2560   332     cutoff   13         3.31909    3.13163  5.65%  2249  708s
* 2591   332              22       3.3118450    3.18909  3.71%  2257  708s
  2733   215     cutoff   11         3.31185    3.18909  3.71%  2232  729s
  2972    60     cutoff   13         3.31185    3.21087  3.05%  2176  741s
  3219     0     cutoff   23         3.31185    3.28959  0.67%  2086  745s

Cutting planes:
  Learned: 1
  Gomory: 29
  Cover: 213
  Implied bound: 1517
  Clique: 71
  MIR: 521
  StrongCG: 3
  Flow cover: 258
  Zero half: 9
  RLT: 59
  Relax-and-lift: 130
  BQP: 5
  PSD: 2

Explored 3325 nodes (6837244 simplex iterations) in 745.63 seconds (1724.80 work units)
Thread count was 32 (of 128 available processors)

Solution count 10: 3.31185 3.31909 3.34121 ... 3.63074

Optimal solution found (tolerance 5.00e-03)
Best objective 3.311845000001e+00, best bound 3.311845000001e+00, gap 0.0000%


*********************************************
*********************************************


Set parameter LogFile to value "/work/07346/ashukla/ls6/Norta_Results/norta_sm_16_27/60M"
Gurobi Optimizer version 10.0.2 build v10.0.2rc0 (linux64)

CPU model: AMD EPYC 7763 64-Core Processor, instruction set [SSE2|AVX|AVX2]
Thread count: 128 physical cores, 128 logical processors, using up to 32 threads

Optimize a model with 211739 rows, 77908 columns and 589928 nonzeros
Model fingerprint: 0x3054431b
Variable types: 55968 continuous, 21940 integer (21578 binary)
Coefficient statistics:
  Matrix range     [1e-03, 1e+05]
  Objective range  [6e-02, 6e-02]
  Bounds range     [1e+00, 3e+00]
  RHS range        [1e-02, 6e+07]

MIP start from previous solve produced solution with objective 3.31185 (0.72s)
MIP start from previous solve produced solution with objective 3.31185 (0.73s)
Loaded MIP start from previous solve with objective 3.31185

Presolve removed 176994 rows and 50739 columns
Presolve time: 1.84s
Presolved: 34745 rows, 27169 columns, 126225 nonzeros
Variable types: 23545 continuous, 3624 integer (3560 binary)
Root barrier log...

Ordering time: 0.32s

Barrier statistics:
 Dense cols : 57
 AA' NZ     : 3.856e+05
 Factor NZ  : 3.108e+06 (roughly 50 MB of memory)
 Factor Ops : 1.329e+09 (less than 1 second per iteration)
 Threads    : 32

                  Objective                Residual
Iter       Primal          Dual         Primal    Dual     Compl     Time
   0  -1.11301679e+06 -2.81486539e+05  5.75e+04 1.68e-01  1.16e+03     3s
   1  -7.12438220e+05 -3.08215540e+05  3.61e+04 4.27e-01  7.36e+02     3s
   2  -2.16186021e+05 -4.01036708e+05  8.44e+03 2.88e-13  2.42e+02     3s
   3  -2.35260597e+04 -3.20071969e+05  1.23e+02 4.17e-13  2.98e+01     3s
   4  -4.59455093e+03 -1.61040957e+05  2.49e+01 1.48e-13  6.85e+00     3s
   5  -9.43928421e+02 -8.61167636e+04  6.01e+00 2.53e-14  2.18e+00     3s
   6   8.33914243e+01 -2.87318877e+04  5.80e-01 9.74e-15  5.01e-01     3s
   7   1.57264344e+02 -4.12815254e+03  2.16e-02 1.22e-15  6.81e-02     3s
   8   9.78481229e+01 -8.04501164e+02  2.83e-03 3.77e-15  1.42e-02     3s
   9   3.23274678e+01 -1.48530364e+02  7.43e-05 4.44e-16  2.85e-03     3s
  10   1.13309300e+01 -7.48024989e+01  1.50e-05 4.44e-16  1.36e-03     3s
  11   4.82023111e+00 -2.39911064e+01  4.41e-06 4.44e-16  4.54e-04     3s
  12   1.74204017e+00 -8.75617748e+00  1.16e-06 4.44e-16  1.65e-04     3s
  13   1.71575877e+00 -5.26047713e+00  1.14e-06 4.44e-16  1.10e-04     3s
  14   9.80058314e-01 -2.34154875e+00  5.84e-07 4.44e-16  5.23e-05     3s
  15   6.77295856e-01 -7.86493491e-01  3.77e-07 4.44e-16  2.30e-05     3s
  16   3.97296398e-01 -2.18697693e-01  1.98e-07 4.44e-16  9.70e-06     3s
  17   2.21144301e-01 -2.71298920e-02  9.01e-08 4.44e-16  3.91e-06     4s
  18   1.39093597e-01  2.08004926e-02  3.84e-08 4.44e-16  1.86e-06     4s
  19   1.26595087e-01  3.90608153e-02  3.10e-08 4.44e-16  1.38e-06     4s
  20   1.15642462e-01  5.08928439e-02  2.46e-08 4.44e-16  1.02e-06     4s
  21   1.02059546e-01  5.93306572e-02  1.66e-08 4.44e-16  6.73e-07     4s
  22   8.99314186e-02  6.57416685e-02  9.41e-09 4.44e-16  3.81e-07     4s
  23   8.23705521e-02  6.98485947e-02  5.46e-09 4.44e-16  1.97e-07     4s
  24   8.09914778e-02  7.12310393e-02  4.58e-09 2.22e-16  1.54e-07     4s
  25   7.87896028e-02  7.23623776e-02  3.14e-09 4.44e-16  1.01e-07     4s
  26   7.60529998e-02  7.30538945e-02  1.48e-09 2.22e-16  4.72e-08     4s
  27   7.46071560e-02  7.35064529e-02  5.00e-10 4.44e-16  1.73e-08     4s
  28   7.41654475e-02  7.36599367e-02  6.18e-10 4.44e-16  7.96e-09     4s
  29   7.40044471e-02  7.37267205e-02  3.80e-10 3.84e-15  4.37e-09     4s
  30   7.38945815e-02  7.37899257e-02  1.47e-10 5.60e-15  1.65e-09     4s
  31   7.38671631e-02  7.38111010e-02  6.33e-11 3.53e-15  8.83e-10     4s
  32   7.38503975e-02  7.38254639e-02  1.26e-11 4.01e-15  3.93e-10     4s
  33   7.38472465e-02  7.38412424e-02  1.92e-10 3.80e-15  9.45e-11     4s
  34   7.38458989e-02  7.38449560e-02  1.05e-08 1.88e-14  1.48e-11     4s

Barrier solved model in 34 iterations and 3.94 seconds (3.64 work units)
Optimal objective 7.38458989e-02


Root crossover log...

       0 PPushes remaining with PInf 0.0000000e+00                 5s

  Push phase complete: Pinf 0.0000000e+00, Dinf 2.3147550e-01      5s


Root simplex log...

Iteration    Objective       Primal Inf.    Dual Inf.      Time
    6658    7.3845615e-02   0.000000e+00   2.314755e-01      5s
    7145    7.3845615e-02   0.000000e+00   0.000000e+00      6s
    7151    7.3845615e-02   0.000000e+00   0.000000e+00      6s
Extra simplex iterations after uncrush: 6

Root relaxation: objective 7.384562e-02, 7151 iterations, 3.02 seconds (3.46 work units)

    Nodes    |    Current Node    |     Objective Bounds      |     Work
 Expl Unexpl |  Obj  Depth IntInf | Incumbent    BestBd   Gap | It/Node Time

     0     0    0.07385    0  111    3.31185    0.07385  97.8%     -    9s
H    0     0                       1.6010267    0.07385  95.4%     -   11s
H    0     0                       1.6010258    0.07385  95.4%     -   12s
     0     0    0.08114    0  160    1.60103    0.08114  94.9%     -   20s
H    0     0                       1.3045612    0.08114  93.8%     -   23s
     0     0    0.08115    0  159    1.30456    0.08115  93.8%     -   23s
     0     0    0.08325    0  148    1.30456    0.08325  93.6%     -   27s
     0     0    0.08331    0  147    1.30456    0.08331  93.6%     -   28s
     0     0    0.08607    0  167    1.30456    0.08607  93.4%     -   33s
H    0     0                       1.3039940    0.08607  93.4%     -   37s
     0     0    0.08619    0  165    1.30399    0.08619  93.4%     -   38s
     0     0    0.08896    0  189    1.30399    0.08896  93.2%     -   42s
H    0     0                       0.8052030    0.08902  88.9%     -   44s
     0     0    0.08902    0  195    0.80520    0.08902  88.9%     -   44s
     0     0    0.09006    0  169    0.80520    0.09006  88.8%     -   46s
     0     0    0.09007    0  166    0.80520    0.09007  88.8%     -   48s
     0     0    0.09068    0  185    0.80520    0.09068  88.7%     -   50s
     0     0    0.09073    0  192    0.80520    0.09073  88.7%     -   51s
     0     0    0.09150    0  185    0.80520    0.09150  88.6%     -   54s
H    0     0                       0.7336488    0.09160  87.5%     -   57s
     0     0    0.09160    0  188    0.73365    0.09160  87.5%     -   57s
     0     0    0.09188    0  201    0.73365    0.09188  87.5%     -   59s
     0     0    0.09195    0  197    0.73365    0.09195  87.5%     -   60s
     0     0    0.09214    0  199    0.73365    0.09214  87.4%     -   61s
     0     0    0.09215    0  200    0.73365    0.09215  87.4%     -   62s
     0     0    0.09218    0  208    0.73365    0.09218  87.4%     -   63s
     0     0    0.09223    0  206    0.73365    0.09223  87.4%     -   64s
     0     0    0.09237    0  207    0.73365    0.09237  87.4%     -   64s
     0     0    0.09238    0  208    0.73365    0.09238  87.4%     -   66s
     0     0    0.09238    0  208    0.73365    0.09238  87.4%     -   66s
     0     0    0.09238    0  208    0.73365    0.09238  87.4%     -   67s
     0     0    0.09238    0  217    0.73365    0.09238  87.4%     -   69s
     0     0    0.09239    0  221    0.73365    0.09239  87.4%     -   70s
     0     0    0.09239    0  181    0.73365    0.09239  87.4%     -   76s
H    0     0                       0.7335058    0.09239  87.4%     -   80s
     0     2    0.09239    0  181    0.73351    0.09239  87.4%     -   82s
     1     4    0.56972    1  125    0.73351    0.09239  87.4%  5700   86s
     3     7    0.60405    2  108    0.73351    0.09244  87.4%  2308   90s
    14    16     cutoff    4         0.73351    0.09329  87.3%  2118   99s
    26    30    0.09700    5  190    0.73351    0.09349  87.3%  2365  107s
    42    58    0.28047    6  161    0.73351    0.09700  86.8%  2459  114s
    72    86    0.28742    7  355    0.73351    0.09771  86.7%  2208  136s
H   88    86                       0.6903843    0.09771  85.8%  2313  136s
H   89    86                       0.6307417    0.09771  84.5%  2307  136s
   104    93    0.28879    8  437    0.63074    0.09771  84.5%  2496  147s
   136   101    0.28950    9  358    0.63074    0.10140  83.9%  2128  150s
H  137   101                       0.6307417    0.10140  83.9%  2113  150s
H  149   101                       0.6295960    0.10140  83.9%  1970  150s
H  160   101                       0.6226572    0.10329  83.4%  1900  150s
   168   119    0.29073   10  356    0.62266    0.10329  83.4%  1846  156s
H  212   145                       0.6137266    0.10396  83.1%  1580  172s
H  215   145                       0.6137255    0.10396  83.1%  1613  172s
H  218   145                       0.6136084    0.10396  83.1%  1604  172s
H  229   145                       0.6134258    0.10789  82.4%  1602  172s
H  230   145                       0.6134129    0.10789  82.4%  1601  172s
H  243   145                       0.6129991    0.10789  82.4%  1557  172s
   244   167    0.56857   12  280    0.61300    0.10789  82.4%  1572  178s
H  262   167                       0.5245329    0.10789  79.4%  1527  178s
   280   181     cutoff   13         0.52453    0.10789  79.4%  1490  188s
   336   220     cutoff   12         0.52453    0.10859  79.3%  1346  197s
   394   278    0.11436    8  303    0.52453    0.10859  79.3%  1353  202s
   457   327    0.11663    9  250    0.52453    0.10859  79.3%  1313  208s
   515   390    0.11808   10  239    0.52453    0.10859  79.3%  1281  212s
H  585   422                       0.1617694    0.10859  32.9%  1240  287s
H  611   422                       0.1588331    0.10859  31.6%  1251  287s
   617   322    0.12247   12  220    0.15883    0.10859  31.6%  1247  291s
   739   261     cutoff   10         0.15883    0.11157  29.8%  1094  297s
   838   196     cutoff   18         0.15883    0.12049  24.1%  1064  308s
   980    98    0.14065   19  179    0.15883    0.13106  17.5%   985  316s
  1114    19    0.15465   20  250    0.15883    0.13752  13.4%   940  325s
  1197     1    0.15491   21  233    0.15883    0.13752  13.4%   916  330s

Cutting planes:
  Learned: 3
  Gomory: 6
  Cover: 137
  Implied bound: 1129
  Clique: 79
  MIR: 220
  StrongCG: 4
  Flow cover: 106
  Zero half: 5
  RLT: 11
  Relax-and-lift: 60
  BQP: 3
  PSD: 2

Explored 1218 nodes (1158207 simplex iterations) in 331.60 seconds (712.11 work units)
Thread count was 32 (of 128 available processors)

Solution count 10: 0.158833 0.161769 0.524533 ... 0.622657

Optimal solution found (tolerance 5.00e-03)
Best objective 1.588331250005e-01, best bound 1.588331250005e-01, gap 0.0000%


*********************************************
*********************************************


Set parameter LogFile to value "/work/07346/ashukla/ls6/Norta_Results/norta_sm_16_27/80M"
Gurobi Optimizer version 10.0.2 build v10.0.2rc0 (linux64)

CPU model: AMD EPYC 7763 64-Core Processor, instruction set [SSE2|AVX|AVX2]
Thread count: 128 physical cores, 128 logical processors, using up to 32 threads

Optimize a model with 211739 rows, 77908 columns and 589928 nonzeros
Model fingerprint: 0xce1378d5
Variable types: 55968 continuous, 21940 integer (21578 binary)
Coefficient statistics:
  Matrix range     [1e-03, 1e+05]
  Objective range  [6e-02, 6e-02]
  Bounds range     [1e+00, 3e+00]
  RHS range        [1e-02, 8e+07]

MIP start from previous solve produced solution with objective 0.158833 (0.78s)
Loaded MIP start from previous solve with objective 0.158833

Presolve removed 186693 rows and 52328 columns
Presolve time: 2.06s
Presolved: 25046 rows, 25580 columns, 98630 nonzeros
Variable types: 22221 continuous, 3359 integer (3321 binary)
Root barrier log...

Ordering time: 0.16s

Barrier statistics:
 Dense cols : 21
 AA' NZ     : 1.930e+05
 Factor NZ  : 1.166e+06 (roughly 26 MB of memory)
 Factor Ops : 1.746e+08 (less than 1 second per iteration)
 Threads    : 32

                  Objective                Residual
Iter       Primal          Dual         Primal    Dual     Compl     Time
   0  -6.90549873e+04 -2.10428049e+05  3.38e+02 1.68e-01  7.24e+01     3s
   1  -2.41114261e+04 -1.73917082e+05  1.19e+02 3.12e-01  2.63e+01     3s
   2  -3.56523746e+03 -9.20207193e+04  1.84e+01 2.11e-14  4.86e+00     3s
   3  -1.45821218e+02 -5.52160119e+04  1.59e+00 1.04e-14  1.32e+00     3s
   4   1.12392749e+02 -3.85745807e+04  2.38e-01 7.45e-15  8.06e-01     3s
   5   1.35060155e+02 -3.42411959e+03  3.67e-02 2.00e-15  7.26e-02     3s
   6   8.17750748e+01 -1.36223490e+03  8.91e-03 8.88e-16  2.92e-02     3s
   7   4.32476773e+01 -5.98508836e+02  4.06e-03 4.44e-16  1.30e-02     3s
   8   1.10951292e+01 -8.89684571e+01  7.38e-04 4.44e-16  2.02e-03     3s
   9   2.85507508e+00 -3.88971519e+01  1.43e-04 4.44e-16  8.43e-04     3s
  10   4.12195293e-01 -7.98733261e+00  5.93e-06 4.44e-16  1.69e-04     3s
  11   1.01129113e-01 -2.05619736e+00  8.25e-07 4.44e-16  4.35e-05     3s
  12   1.71421618e-02 -1.19426896e-01  9.24e-08 4.44e-16  2.75e-06     3s
  13   1.22101084e-03 -6.29875456e-03  5.39e-09 4.44e-16  1.52e-07     3s
  14   4.29316025e-05 -1.98137611e-04  1.55e-10 4.44e-16  4.86e-09     3s
  15   1.24259998e-07 -5.11080941e-07  1.20e-11 4.46e-15  1.28e-11     3s

Barrier solved model in 15 iterations and 3.33 seconds (3.01 work units)
Optimal objective 1.24259998e-07


Root relaxation: objective 1.023182e-12, 2445 iterations, 0.91 seconds (0.81 work units)
Total elapsed time = 6.58s

    Nodes    |    Current Node    |     Objective Bounds      |     Work
 Expl Unexpl |  Obj  Depth IntInf | Incumbent    BestBd   Gap | It/Node Time

     0     0    0.00000    0   16    0.15883    0.00000   100%     -    7s
     0     0    0.00000    0   26    0.15883    0.00000   100%     -    8s
     0     0    0.00000    0   24    0.15883    0.00000   100%     -    9s
     0     0    0.00000    0   10    0.15883    0.00000   100%     -   10s
     0     0    0.00000    0   10    0.15883    0.00000   100%     -   11s
     0     0    0.00000    0    9    0.15883    0.00000   100%     -   12s
     0     0    0.00000    0    9    0.15883    0.00000   100%     -   12s
     0     0    0.00000    0    9    0.15883    0.00000   100%     -   12s
     0     0    0.00000    0    9    0.15883    0.00000   100%     -   13s
     0     0    0.00000    0    9    0.15883    0.00000   100%     -   13s
     0     2    0.00000    0    9    0.15883    0.00000   100%     -   14s
     1     4    0.00002    1   75    0.15883    0.00000   100%  3964   17s
     3     8    0.00995    2   62    0.15883    0.00000   100%  2589   23s
     7    13    0.05899    3   62    0.15883    0.00000   100%  3057   25s
H    9    13                       0.0445684    0.00000   100%  2537   25s
*   11    13               3       0.0000000    0.00000  0.00%  2521   25s

Cutting planes:
  Cover: 1
  Implied bound: 33
  MIR: 46
  RLT: 4
  Relax-and-lift: 13
  BQP: 1

Explored 15 nodes (46708 simplex iterations) in 25.86 seconds (46.91 work units)
Thread count was 32 (of 128 available processors)

Solution count 3: 5.68434e-13 0.0445684 0.158833 

Optimal solution found (tolerance 5.00e-03)
Best objective 5.684341886081e-13, best bound 5.684341886081e-13, gap 0.0000%


*********************************************
*********************************************


