Set parameter TokenServer to value "license02.tacc.utexas.edu"
Set parameter LogFile to value "/work/07346/ashukla/ls6/Norta_Results/norta_sm_16_16/0M"
Set parameter MIPGap to value 0.005
Set parameter TimeLimit to value 32400
Set parameter Method to value 2
Gurobi Optimizer version 10.0.2 build v10.0.2rc0 (linux64)

CPU model: AMD EPYC 7763 64-Core Processor, instruction set [SSE2|AVX|AVX2]
Thread count: 128 physical cores, 128 logical processors, using up to 32 threads

Optimize a model with 211803 rows, 77908 columns and 590120 nonzeros
Model fingerprint: 0x604cae30
Variable types: 55968 continuous, 21940 integer (21578 binary)
Coefficient statistics:
  Matrix range     [1e-03, 1e+05]
  Objective range  [6e-02, 6e-02]
  Bounds range     [1e+00, 3e+00]
  RHS range        [1e-02, 2e+04]
Presolve removed 210921 rows and 76724 columns
Presolve time: 1.46s
Presolved: 882 rows, 1184 columns, 4022 nonzeros
Variable types: 1036 continuous, 148 integer (148 binary)
Found heuristic solution: objective 67.8951966
Root barrier log...

Ordering time: 0.00s

Barrier statistics:
 AA' NZ     : 4.685e+03
 Factor NZ  : 2.126e+04 (roughly 1 MB of memory)
 Factor Ops : 1.015e+06 (less than 1 second per iteration)
 Threads    : 1

                  Objective                Residual
Iter       Primal          Dual         Primal    Dual     Compl     Time
   0  -1.93426694e+03 -8.20923296e+03  1.57e+02 2.05e-01  3.52e+01     2s
   1  -3.22938058e+01 -4.37806544e+03  7.09e+00 3.25e-02  3.42e+00     2s
   2   4.89139209e+01 -5.03409823e+02  6.48e-01 7.40e-05  3.29e-01     2s
   3   5.40496030e+01 -8.40613348e+00  5.53e-02 8.88e-16  3.26e-02     2s
   4   4.94837823e+01  3.19358776e+01  1.36e-03 1.55e-15  8.65e-03     2s
   5   4.68338294e+01  4.21184711e+01  8.73e-05 4.44e-16  2.32e-03     2s
   6   4.62107272e+01  4.45647283e+01  2.24e-05 2.22e-16  8.09e-04     2s
   7   4.60331822e+01  4.53052094e+01  6.50e-06 4.44e-16  3.58e-04     2s
   8   4.59907184e+01  4.57197079e+01  3.83e-06 2.22e-16  1.33e-04     2s
   9   4.59603402e+01  4.58304552e+01  1.24e-06 2.22e-16  6.38e-05     2s
  10   4.59451914e+01  4.59234252e+01  5.11e-07 4.44e-16  1.07e-05     2s
  11   4.59354872e+01  4.59343193e+01  3.05e-10 4.44e-16  5.74e-07     2s
  12   4.59352520e+01  4.59352502e+01  1.23e-09 2.22e-16  8.92e-10     2s
  13   4.59352514e+01  4.59352514e+01  5.26e-10 2.22e-16  8.96e-13     2s

Barrier solved model in 13 iterations and 1.56 seconds (1.78 work units)
Optimal objective 4.59352514e+01


Root relaxation: objective 4.593525e+01, 23 iterations, 0.02 seconds (0.02 work units)

    Nodes    |    Current Node    |     Objective Bounds      |     Work
 Expl Unexpl |  Obj  Depth IntInf | Incumbent    BestBd   Gap | It/Node Time

     0     0   45.93525    0    3   67.89520   45.93525  32.3%     -    1s
H    0     0                      46.0268339   45.93525  0.20%     -    1s

Explored 1 nodes (23 simplex iterations) in 1.59 seconds (1.79 work units)
Thread count was 32 (of 128 available processors)

Solution count 2: 46.0268 67.8952 

Optimal solution found (tolerance 5.00e-03)
Best objective 4.602683392841e+01, best bound 4.593525137717e+01, gap 0.1990%


*********************************************
*********************************************


Set parameter LogFile to value "/work/07346/ashukla/ls6/Norta_Results/norta_sm_16_16/20M"
Gurobi Optimizer version 10.0.2 build v10.0.2rc0 (linux64)

CPU model: AMD EPYC 7763 64-Core Processor, instruction set [SSE2|AVX|AVX2]
Thread count: 128 physical cores, 128 logical processors, using up to 32 threads

Optimize a model with 211803 rows, 77908 columns and 590120 nonzeros
Model fingerprint: 0xd1fbf164
Variable types: 55968 continuous, 21940 integer (21578 binary)
Coefficient statistics:
  Matrix range     [1e-03, 1e+05]
  Objective range  [6e-02, 6e-02]
  Bounds range     [1e+00, 3e+00]
  RHS range        [1e-02, 2e+07]

MIP start from previous solve produced solution with objective 46.0268 (0.59s)
MIP start from previous solve produced solution with objective 46.0268 (0.59s)
Loaded MIP start from previous solve with objective 46.0268

Presolve removed 176365 rows and 50626 columns
Presolve time: 1.68s
Presolved: 35438 rows, 27282 columns, 128184 nonzeros
Variable types: 23649 continuous, 3633 integer (3571 binary)
Root barrier log...

Ordering time: 0.30s

Barrier statistics:
 Dense cols : 47
 AA' NZ     : 4.207e+05
 Factor NZ  : 3.412e+06 (roughly 50 MB of memory)
 Factor Ops : 1.751e+09 (less than 1 second per iteration)
 Threads    : 32

                  Objective                Residual
Iter       Primal          Dual         Primal    Dual     Compl     Time
   0  -5.94266461e+05 -2.82689198e+05  2.85e+04 1.68e-01  6.25e+02     3s
   1  -3.51794106e+05 -3.08307727e+05  1.66e+04 4.38e-01  3.67e+02     3s
   2  -1.12019494e+05 -3.81427629e+05  4.91e+03 1.30e-13  1.28e+02     3s
   3  -6.47687710e+03 -2.94164129e+05  3.26e+02 1.52e-13  1.15e+01     3s
   4  -2.52232789e+03 -1.37453028e+05  1.33e+02 3.18e-14  4.38e+00     3s
   5  -1.52121386e+03 -6.35420227e+04  8.41e+01 1.03e-14  2.03e+00     3s
   6  -5.26002750e+02 -3.36683852e+04  3.51e+01 4.79e-15  8.60e-01     3s
   7  -6.41415284e+01 -1.83602210e+04  1.16e+01 2.44e-14  3.72e-01     3s
   8   1.07680556e+02 -2.93380711e+03  1.84e+00 4.00e-15  5.39e-02     3s
   9   7.96018986e+01 -3.22490447e+02  6.85e-03 1.33e-15  6.30e-03     3s
  10   3.74873364e+01 -1.07663632e+02  1.73e-03 7.99e-15  2.26e-03     3s
  11   2.61690624e+01 -6.19104918e+01  8.54e-04 4.66e-15  1.37e-03     3s
  12   2.33402584e+01 -4.13604294e+01  6.81e-04 2.66e-15  1.00e-03     3s
  13   2.09059035e+01 -2.79391632e+01  5.39e-04 1.78e-15  7.58e-04     3s
  14   1.65962074e+01 -1.72387186e+01  2.99e-04 1.33e-15  5.25e-04     3s
  15   1.47317940e+01 -1.07777628e+01  2.00e-04 1.11e-15  3.95e-04     3s
  16   1.31507159e+01  8.09434244e-01  1.28e-04 6.66e-16  1.92e-04     3s
  17   1.21103719e+01  6.65912859e+00  8.40e-05 7.14e-16  8.48e-05     3s
  18   1.14654060e+01  7.57367228e+00  5.89e-05 5.70e-16  6.05e-05     3s
  19   1.11144318e+01  8.46230122e+00  4.60e-05 8.32e-16  4.13e-05     3s
  20   1.07114060e+01  8.76586960e+00  2.99e-05 6.74e-16  3.02e-05     3s
  21   1.05446555e+01  9.23182266e+00  2.35e-05 9.43e-16  2.04e-05     3s
  22   1.03747578e+01  9.38387761e+00  1.74e-05 5.02e-16  1.54e-05     3s
  23   1.02472127e+01  9.47682632e+00  1.29e-05 4.44e-16  1.20e-05     3s
  24   1.02028233e+01  9.56453989e+00  1.12e-05 4.44e-16  9.93e-06     3s
  25   1.01465069e+01  9.70341654e+00  9.01e-06 2.22e-16  6.90e-06     3s
  26   1.00699652e+01  9.76863902e+00  6.05e-06 4.44e-16  4.69e-06     3s
  27   1.00308430e+01  9.80648109e+00  4.51e-06 4.44e-16  3.49e-06     3s
  28   9.99135395e+00  9.84211593e+00  2.87e-06 4.44e-16  2.32e-06     3s
  29   9.97359077e+00  9.85589568e+00  2.24e-06 4.44e-16  1.83e-06     3s
  30   9.96218317e+00  9.87105957e+00  1.78e-06 4.50e-16  1.42e-06     3s
  31   9.94961051e+00  9.89360798e+00  1.28e-06 1.62e-15  8.73e-07     3s
  32   9.93830386e+00  9.89948655e+00  8.73e-07 1.13e-15  6.05e-07     3s
  33   9.92923664e+00  9.90908266e+00  4.95e-07 1.82e-15  3.14e-07     4s
  34   9.92752858e+00  9.91076537e+00  4.27e-07 1.18e-15  2.62e-07     4s
  35   9.92392113e+00  9.91247627e+00  2.81e-07 9.54e-16  1.79e-07     4s
  36   9.92263335e+00  9.91326631e+00  2.27e-07 7.89e-16  1.46e-07     4s
  37   9.91966731e+00  9.91403901e+00  1.05e-07 6.66e-16  8.76e-08     4s
  38   9.91867576e+00  9.91542235e+00  6.53e-08 4.44e-16  5.07e-08     4s
  39   9.91851687e+00  9.91569075e+00  5.94e-08 3.16e-16  4.40e-08     4s
  40   9.91808130e+00  9.91625164e+00  4.19e-08 4.44e-16  2.85e-08     4s
  41   9.91763405e+00  9.91666553e+00  2.41e-08 4.44e-16  1.51e-08     4s
  42   9.91714282e+00  9.91690151e+00  4.69e-09 4.44e-16  3.76e-09     4s
  43   9.91706466e+00  9.91695558e+00  1.77e-09 9.54e-16  1.70e-09     4s
  44   9.91705183e+00  9.91696808e+00  1.31e-09 7.47e-16  1.30e-09     4s
  45   9.91701627e+00  9.91701057e+00  7.89e-10 6.58e-15  8.81e-11     4s
  46   9.91701537e+00  9.91701466e+00  9.51e-09 1.38e-14  1.10e-11     4s

Barrier solved model in 46 iterations and 3.79 seconds (3.94 work units)
Optimal objective 9.91701537e+00


Root relaxation: objective 9.917015e+00, 4432 iterations, 2.03 seconds (2.02 work units)
Total elapsed time = 7.26s

    Nodes    |    Current Node    |     Objective Bounds      |     Work
 Expl Unexpl |  Obj  Depth IntInf | Incumbent    BestBd   Gap | It/Node Time

     0     0    9.91702    0  405   46.02683    9.91702  78.5%     -    8s
H    0     0                      20.5280684    9.91702  51.7%     -   10s
H    0     0                      20.5280683    9.91702  51.7%     -   10s
H    0     0                      20.5280683    9.92202  51.7%     -   10s
     0     0   10.93958    0  519   20.52807   10.93958  46.7%     -   26s
H    0     0                      19.2274424   10.99891  42.8%     -   31s
     0     0   10.99891    0  685   19.22744   10.99891  42.8%     -   31s
     0     0   10.99897    0  534   19.22744   10.99897  42.8%     -   31s
     0     0   11.09788    0  619   19.22744   11.09788  42.3%     -   37s
     0     0   11.10810    0  673   19.22744   11.10810  42.2%     -   40s
     0     0   11.10932    0  670   19.22744   11.10932  42.2%     -   41s
     0     0   11.10934    0  668   19.22744   11.10934  42.2%     -   41s
     0     0   11.16326    0  787   19.22744   11.16326  41.9%     -   47s
     0     0   11.17108    0  751   19.22744   11.17108  41.9%     -   52s
     0     0   11.17137    0  738   19.22744   11.17137  41.9%     -   52s
     0     0   11.17139    0  738   19.22744   11.17139  41.9%     -   52s
     0     0   11.18573    0  701   19.22744   11.18573  41.8%     -   55s
     0     0   11.18942    0  725   19.22744   11.18942  41.8%     -   56s
     0     0   11.19011    0  792   19.22744   11.19011  41.8%     -   57s
     0     0   11.19014    0  723   19.22744   11.19014  41.8%     -   57s
     0     0   11.19195    0  697   19.22744   11.19195  41.8%     -   58s
     0     0   11.19360    0  727   19.22744   11.19360  41.8%     -   62s
     0     0   11.19373    0  683   19.22744   11.19373  41.8%     -   62s
     0     0   11.19382    0  685   19.22744   11.19382  41.8%     -   63s
     0     0   11.19382    0  685   19.22744   11.19382  41.8%     -   63s
     0     0   11.19459    0  729   19.22744   11.19459  41.8%     -   64s
     0     0   11.19480    0  732   19.22744   11.19480  41.8%     -   66s
     0     0   11.19544    0  703   19.22744   11.19544  41.8%     -   67s
     0     0   11.19544    0  514   19.22744   11.19544  41.8%     -   74s
     0     2   11.19544    0  514   19.22744   11.19544  41.8%     -   79s
     1     4   11.62430    1  593   19.22744   11.19544  41.8%  4841   82s
     3     8   11.71489    2  676   19.22744   11.33571  41.0%  4425   87s
     7    16   12.37351    3  700   19.22744   11.36442  40.9%  3212   92s
    15    32   12.95454    4  739   19.22744   11.36830  40.9%  3004  106s
    31    64   12.98580    5  737   19.22744   11.37471  40.8%  3664  117s
H   33    64                      18.9124105   11.37471  39.9%  3612  117s
H   42    64                      18.6031245   11.37471  38.9%  3703  117s
H   43    64                      18.0577124   11.37471  37.0%  3713  117s
H   44    64                      17.2470217   11.37471  34.0%  3679  117s
H   47    64                      16.1040502   11.37471  29.4%  3583  117s
    63    96   13.00190    6  655   16.10405   11.40843  29.2%  3100  148s
    95   128   13.01204    7  550   16.10405   11.41053  29.1%  2866  156s
H   96   128                      16.1040502   11.41053  29.1%  2836  156s
H  101   128                      16.1040502   11.41053  29.1%  2792  156s
H  102   128                      16.0344757   11.41053  28.8%  2787  156s
H  121   128                      16.0280060   11.41053  28.8%  2483  156s
H  159   192                      15.8952118   11.41053  28.2%  2066  192s
H  160   192                      15.7142277   11.41053  27.4%  2055  192s
H  163   192                      15.2312021   11.41053  25.1%  2055  192s
   191   231   13.41095    9  432   15.23120   11.41053  25.1%  1923  198s
   230   271   13.20779   10  218   15.23120   11.41053  25.1%  1898  207s
   270   318   13.19695   10  362   15.23120   11.41053  25.1%  1889  215s
   317   371   13.20012   11  339   15.23120   11.41053  25.1%  1797  220s
   370   426   13.22872   13  350   15.23120   11.41053  25.1%  1700  227s
   425   471   13.23969   15  323   15.23120   11.41053  25.1%  1688  234s
   472   515   13.32055   16  368   15.23120   11.41053  25.1%  1732  245s
   518   559   13.36099   17  284   15.23120   11.41053  25.1%  1740  255s
   562   610   13.82658   17  350   15.23120   11.41053  25.1%  1783  276s
   617   666   13.87538   18  250   15.23120   11.41053  25.1%  1854  300s
   676   736   13.65974   19  220   15.23120   11.41053  25.1%  1861  309s
   756   817   13.68143   21  217   15.23120   11.41053  25.1%  1817  319s
   850   900   13.78405   25  297   15.23120   11.41053  25.1%  1733  328s
   941   978   13.81528   26  287   15.23120   11.41053  25.1%  1682  337s
  1033  1063   13.82131   27  287   15.23120   11.41053  25.1%  1630  347s
H 1055  1063                      13.8247735   11.41053  17.5%  1611  347s
  1125  1099     cutoff   30        13.82477   11.41196  17.5%  1561  359s
  1258  1182   12.83090    7  373   13.82477   11.41196  17.5%  1538  371s
  1354  1263   13.38252   10  382   13.82477   11.41196  17.5%  1570  383s
  1445  1368   13.70319   13  261   13.82477   11.41196  17.5%  1602  390s
  1562  1456     cutoff   15        13.82477   11.41196  17.5%  1567  400s
  1677  1513   13.77652   15  245   13.82477   11.41196  17.5%  1547  408s
  1782  1603     cutoff   16        13.82477   11.41212  17.5%  1531  420s
  1912  1713   11.63160    8  227   13.82477   11.41212  17.5%  1527  431s
  2050  1856   11.95871   10  438   13.82477   11.41212  17.5%  1505  440s
H 2224  1758                      13.8159921   11.41212  17.4%  1456  529s
H 2225  1758                      13.7899690   11.41212  17.2%  1457  529s
H 2228  1758                      13.7418099   11.41212  17.0%  1456  529s
H 2237  1758                      13.6605323   11.41212  16.5%  1455  529s
H 2274  1745                      13.3362122   11.41212  14.4%  1460  702s
H 2275  1745                      13.0537280   11.41212  12.6%  1460  702s
H 2287  1745                      13.0197324   11.41212  12.3%  1456  702s
H 2295  1745                      12.9668802   11.41212  12.0%  1463  702s
H 2296  1745                      12.7242228   11.41212  10.3%  1463  702s
H 2315  1745                      12.6563903   11.41212  9.83%  1465  702s
  2327  1740   12.19193   13  189   12.65639   11.41212  9.83%  1468  717s
  2477  1775     cutoff   16        12.65639   11.41212  9.83%  1502  733s
  2586  1810   12.49272   15  185   12.65639   11.41212  9.83%  1550  744s
  2718  1776   12.59697   19  159   12.65639   11.41212  9.83%  1573  757s
  2855  1755     cutoff   18        12.65639   11.42842  9.70%  1600  772s
  2982  1725   11.88743   11   84   12.65639   11.42842  9.70%  1632  861s
H 2983  1725                      12.6442704   11.42842  9.62%  1632  861s
H 2992  1725                      12.6433334   11.42842  9.61%  1633  861s
H 3003  1725                      12.6418225   11.42842  9.60%  1636  861s
H 3028  1725                      12.6334716   11.42842  9.54%  1644  861s
  3033  1767   11.90833   12  150   12.63347   11.42842  9.54%  1644  880s
  3213  1728   12.28576   23  317   12.63347   11.42842  9.54%  1664  895s
  3362  1774     cutoff   28        12.63347   11.43473  9.49%  1700  911s
  3515  1771   12.40610   11  109   12.63347   11.43473  9.49%  1729  926s
  3664  1796   12.43265   18  220   12.63347   11.43473  9.49%  1755  942s
  3876  1761   12.60731   22  199   12.63347   11.50992  8.89%  1762  958s
  4052  1797   11.75749   10  348   12.63347   11.50992  8.89%  1785  976s
  4252  1735   11.84285   12  187   12.63347   11.50992  8.89%  1785  997s
  4455  1760     cutoff   20        12.63347   11.50992  8.89%  1802 1030s
  4640  1760     cutoff   23        12.63347   11.53433  8.70%  1828 1046s
  4830  1753   11.86907   13  335   12.63347   11.53433  8.70%  1841 1067s
  5051  1870   12.35429   15  285   12.63347   11.53433  8.70%  1854 1088s
  5336  1942     cutoff   17        12.63347   11.53433  8.70%  1842 1110s
* 5487  1848              56      12.5586367   11.53433  8.16%  1852 1110s
  5571  1911     cutoff   16        12.55864   11.56097  7.94%  1863 1128s
  5831  1912   12.06694   17  514   12.55864   11.80660  5.99%  1871 1478s
  5833  1913   12.14744   12  447   12.55864   11.80660  5.99%  1870 1488s
  5834  1914   12.18319   15  475   12.55864   11.80660  5.99%  1870 1514s
  5835  1915   11.90833   11  524   12.55864   11.80660  5.99%  1870 1519s
  5836  1915   12.31833   21  611   12.55864   11.80660  5.99%  1870 1522s
  5838  1917   12.32673   17  500   12.55864   11.80660  5.99%  1869 1535s
  5840  1918   12.36757   14  532   12.55864   11.80660  5.99%  1868 1550s
  5842  1919   12.27383   21  536   12.55864   11.80660  5.99%  1868 1557s
  5843  1920   11.92592   14  535   12.55864   11.80660  5.99%  1867 1565s
  5844  1921   12.04870    9  535   12.55864   11.80660  5.99%  1867 1574s
  5845  1924   11.80660   14  590   12.55864   11.80660  5.99%  14.0 1587s
  5847  1928   11.89441   15  645   12.55864   11.80660  5.99%  15.1 1592s
  5851  1933   12.43541   16  684   12.55864   11.80660  5.99%  17.8 1600s
  5859  1946   12.44302   17  694   12.55864   11.80660  5.99%  23.9 1608s
  5874  1958     cutoff   18        12.55864   11.80660  5.99%  35.1 1618s
  5904  1967   11.80660   19  500   12.55864   11.80660  5.99%  59.2 1629s
  5936  1974   11.80660   20  503   12.55864   11.80660  5.99%  76.1 1637s
  5968  1977   11.80660   20  496   12.55864   11.80660  5.99%  88.4 1643s
  6000  1997   11.80660   21  308   12.55864   11.80660  5.99%   101 1654s
  6032  2011   12.15097   21  424   12.55864   11.80660  5.99%   112 1665s
  6066  2021   11.80660   21  403   12.55864   11.80660  5.99%   127 1676s
  6104  2027   11.83700   22  412   12.55864   11.80660  5.99%   144 1688s
  6141  2041   11.95366   23  427   12.55864   11.80660  5.99%   160 1697s
  6179  2051   11.96508   23  424   12.55864   11.80660  5.99%   173 1708s
  6218  2063   11.98403   24  411   12.55864   11.80660  5.99%   188 1721s
  6260  2065   11.99215   25  389   12.55864   11.80660  5.99%   206 1729s
  6309  2066   12.09262   27  225   12.55864   11.80660  5.99%   220 1737s
H 6353  1960                      12.5211335   11.80660  5.71%   232 1817s
H 6356  1868                      12.5210753   11.80660  5.71%   233 1817s
H 6362  1779                      12.5208977   11.80660  5.70%   237 1817s
H 6366  1695                      12.5208492   11.80660  5.70%   238 1817s
  6388  1703   12.25450   29  211   12.52085   11.80660  5.70%   244 1823s
  6445  1700     cutoff   33        12.52085   11.80660  5.70%   256 1829s
  6512  1683   12.33619   33  169   12.52085   11.80660  5.70%   271 1842s
  6576  1664   12.34018   34  153   12.52085   11.80660  5.70%   287 1851s
  6651  1636   12.34733   36  150   12.52085   11.80660  5.70%   303 1954s
H 6652  1557                      12.5206073   11.80660  5.70%   303 1954s
H 6656  1482                      12.5094277   11.80660  5.62%   306 1954s
H 6691  1399                      12.5093310   11.80660  5.62%   318 1954s
  6695  1409   12.35877   37  225   12.50933   11.80660  5.62%   321 1963s
  6787  1397   12.39116   40  217   12.50933   11.80660  5.62%   340 1973s
  6876  1387     cutoff   43        12.50933   11.80660  5.62%   355 1982s
  6974  1388   11.85434   22  314   12.50933   11.80660  5.62%   374 1995s
  7078  1374   11.89901   23  421   12.50933   11.80660  5.62%   391 2017s
  7184  1355   12.11153   25  274   12.50933   11.80660  5.62%   411 2026s
  7285  1367   12.15970   26  329   12.50933   11.80660  5.62%   431 2040s
  7418  1341   12.29273   29  367   12.50933   11.80660  5.62%   450 2051s
  7549  1355   12.39084   33  453   12.50933   11.80660  5.62%   470 2061s
  7688  1332     cutoff   37        12.50933   11.80660  5.62%   487 2074s
  7818  1309   12.29230   23  301   12.50933   11.80660  5.62%   510 2093s
* 7880  1221              75      12.5092096   11.80660  5.62%   517 2093s
  7930  1253   12.39355   24  337   12.50921   11.80660  5.62%   519 2110s
  8097  1230     cutoff   26        12.50921   11.80660  5.62%   536 2126s
  8268  1183     cutoff   25        12.50921   11.80660  5.62%   560 2137s
  8421  1161   12.30596   25  245   12.50921   11.80660  5.62%   583 2150s
  8601  1127   12.48319   28  260   12.50921   11.80660  5.62%   605 2166s
  8765  1087   12.41380   37  157   12.50921   11.80660  5.62%   629 2184s
  8974  1021     cutoff   40        12.50921   11.98236  4.21%   654 2205s
H 8984   954                      12.5092096   11.99487  4.11%   656 2205s
  9106   912     cutoff   20        12.50921   11.99487  4.11%   666 2223s
  9326   853   12.23326   29   91   12.50921   11.99487  4.11%   684 2241s
  9564   770   12.25432   34  225   12.50921   11.99487  4.11%   706 2259s
  9765   753     cutoff   39        12.50921   12.15970  2.79%   731 2278s
  9957   708     cutoff   23        12.50921   12.18849  2.56%   759 2301s
 10155   711   12.21931   29  293   12.50921   12.19160  2.54%   787 2336s
 10322   704     cutoff   32        12.50921   12.21931  2.32%   812 2362s
 10595   678   12.38650   23  261   12.50921   12.25006  2.07%   842 2383s
 10887   611     cutoff   28        12.50921   12.28646  1.78%   866 2402s
 11179   501     cutoff   22        12.50921   12.30801  1.61%   891 2420s
 11509   380   12.38645   21  212   12.50921   12.34319  1.33%   918 2440s
 11824   179     cutoff   37        12.50921   12.37247  1.09%   948 2459s
 12172    55     cutoff   39        12.50921   12.40346  0.85%   971 2478s
*12357    55              67      12.5092085   12.43181  0.62%   977 2478s

Cutting planes:
  Learned: 14
  Gomory: 33
  Cover: 153
  Implied bound: 1180
  Projected implied bound: 70
  Clique: 113
  MIR: 603
  StrongCG: 1
  Flow cover: 903
  Inf proof: 1
  Zero half: 9
  RLT: 133
  Relax-and-lift: 183
  BQP: 15
  PSD: 13

Explored 12474 nodes (23127579 simplex iterations) in 2478.55 seconds (5771.50 work units)
Thread count was 32 (of 128 available processors)

Solution count 10: 12.5092 12.5092 12.5092 ... 12.5211

Optimal solution found (tolerance 5.00e-03)
Best objective 1.250920852954e+01, best bound 1.245516530768e+01, gap 0.4320%


*********************************************
*********************************************


Set parameter LogFile to value "/work/07346/ashukla/ls6/Norta_Results/norta_sm_16_16/40M"
Gurobi Optimizer version 10.0.2 build v10.0.2rc0 (linux64)

CPU model: AMD EPYC 7763 64-Core Processor, instruction set [SSE2|AVX|AVX2]
Thread count: 128 physical cores, 128 logical processors, using up to 32 threads

Optimize a model with 211803 rows, 77908 columns and 590120 nonzeros
Model fingerprint: 0x8abc96ad
Variable types: 55968 continuous, 21940 integer (21578 binary)
Coefficient statistics:
  Matrix range     [1e-03, 1e+05]
  Objective range  [6e-02, 6e-02]
  Bounds range     [1e+00, 3e+00]
  RHS range        [1e-02, 4e+07]

MIP start from previous solve produced solution with objective 12.5092 (0.68s)
MIP start from previous solve produced solution with objective 12.5092 (0.69s)
Loaded MIP start from previous solve with objective 12.5092

Presolve removed 176365 rows and 50626 columns
Presolve time: 1.72s
Presolved: 35438 rows, 27282 columns, 128184 nonzeros
Variable types: 23649 continuous, 3633 integer (3571 binary)
Root barrier log...

Ordering time: 0.32s

Barrier statistics:
 Dense cols : 47
 AA' NZ     : 4.207e+05
 Factor NZ  : 3.412e+06 (roughly 50 MB of memory)
 Factor Ops : 1.751e+09 (less than 1 second per iteration)
 Threads    : 32

                  Objective                Residual
Iter       Primal          Dual         Primal    Dual     Compl     Time
   0  -4.49917293e+05 -2.82689309e+05  2.15e+04 1.68e-01  4.75e+02     3s
   1  -2.60007990e+05 -3.01193240e+05  1.21e+04 5.16e-01  2.74e+02     3s
   2  -1.09821030e+05 -3.49829624e+05  3.95e+03 1.32e-13  1.19e+02     3s
   3  -5.88718154e+03 -2.87699688e+05  3.18e+01 8.38e-14  1.05e+01     3s
   4  -1.44423082e+03 -1.31690694e+05  8.71e+00 6.46e-14  3.34e+00     3s
   5  -2.30864822e+02 -4.76444198e+04  2.31e+00 2.62e-14  9.52e-01     3s
   6   1.26221645e+02 -1.31091450e+04  2.62e-01 5.25e-15  2.18e-01     3s
   7   1.31238661e+02 -2.03351393e+03  3.08e-02 4.22e-15  3.40e-02     3s
   8   6.13023220e+01 -3.73801035e+02  3.20e-03 1.11e-15  6.75e-03     3s
   9   1.81012332e+01 -6.78530044e+01  2.26e-04 4.44e-16  1.33e-03     3s
  10   9.00526266e+00 -1.60913526e+01  6.32e-05 4.44e-16  3.88e-04     3s
  11   6.71084473e+00 -4.92170990e+00  3.67e-05 4.44e-16  1.80e-04     3s
  12   5.50362518e+00 -8.18747515e-01  2.42e-05 4.44e-16  9.78e-05     3s
  13   4.61534772e+00  9.99466433e-01  1.54e-05 4.44e-16  5.60e-05     3s
  14   4.18487261e+00  2.06460127e+00  1.12e-05 4.44e-16  3.28e-05     3s
  15   3.92492121e+00  2.21486534e+00  8.68e-06 4.44e-16  2.65e-05     3s
  16   3.73168131e+00  2.58627852e+00  7.02e-06 4.44e-16  1.77e-05     3s
  17   3.44997177e+00  2.67337870e+00  4.19e-06 4.44e-16  1.20e-05     3s
  18   3.19635426e+00  2.89067546e+00  1.53e-06 4.44e-16  4.73e-06     3s
  19   3.13833772e+00  2.92884113e+00  9.67e-07 4.44e-16  3.24e-06     3s
  20   3.10680674e+00  2.94904612e+00  6.37e-07 4.44e-16  2.44e-06     3s
  21   3.09116466e+00  2.98876381e+00  4.74e-07 4.44e-16  1.59e-06     3s
  22   3.07697708e+00  3.01350699e+00  3.31e-07 4.44e-16  9.83e-07     4s
  23   3.06403286e+00  3.02629326e+00  2.04e-07 4.44e-16  5.84e-07     4s
  24   3.05722654e+00  3.02950430e+00  1.36e-07 4.44e-16  4.29e-07     4s
  25   3.05215590e+00  3.03757835e+00  8.75e-08 6.55e-16  2.26e-07     4s
  26   3.04971387e+00  3.03988353e+00  6.34e-08 5.10e-16  1.52e-07     4s
  27   3.04670081e+00  3.04096912e+00  3.34e-08 4.44e-16  8.88e-08     4s
  28   3.04446118e+00  3.04262920e+00  1.12e-08 4.44e-16  2.84e-08     4s
  29   3.04373600e+00  3.04287215e+00  4.24e-09 2.22e-16  1.34e-08     4s
  30   3.04358666e+00  3.04306054e+00  2.84e-09 4.44e-16  8.15e-09     4s
  31   3.04353148e+00  3.04310277e+00  2.33e-09 1.01e-13  6.64e-09     4s
  32   3.04344904e+00  3.04317562e+00  1.57e-09 7.23e-13  4.23e-09     4s
  33   3.04331271e+00  3.04325949e+00  1.65e-09 1.47e-13  8.24e-10     4s
  34   3.04328110e+00  3.04327503e+00  4.67e-10 2.79e-14  9.39e-11     4s
  35   3.04327849e+00  3.04327786e+00  2.26e-09 2.09e-14  9.77e-12     4s

Barrier solved model in 35 iterations and 3.84 seconds (3.71 work units)
Optimal objective 3.04327849e+00

Extra simplex iterations after uncrush: 1

Root relaxation: objective 3.043278e+00, 4345 iterations, 2.15 seconds (2.02 work units)
Total elapsed time = 7.13s

    Nodes    |    Current Node    |     Objective Bounds      |     Work
 Expl Unexpl |  Obj  Depth IntInf | Incumbent    BestBd   Gap | It/Node Time

     0     0    3.04328    0  304   12.50921    3.04328  75.7%     -    7s
H    0     0                       9.1601309    3.04328  66.8%     -    9s
H    0     0                       9.1601305    3.04328  66.8%     -    9s
H    0     0                       7.0744620    3.58904  49.3%     -   25s
     0     0    3.58904    0  353    7.07446    3.58904  49.3%     -   25s
H    0     0                       6.6118590    3.65235  44.8%     -   30s
     0     0    3.65235    0  403    6.61186    3.65235  44.8%     -   31s
     0     0    3.73352    0  398    6.61186    3.73352  43.5%     -   35s
     0     0    3.73717    0  391    6.61186    3.73717  43.5%     -   37s
     0     0    3.73769    0  391    6.61186    3.73769  43.5%     -   37s
     0     0    3.73769    0  390    6.61186    3.73769  43.5%     -   37s
H    0     0                       6.1999260    3.75826  39.4%     -   41s
     0     0    3.75826    0  443    6.19993    3.75826  39.4%     -   41s
     0     0    3.76236    0  396    6.19993    3.76236  39.3%     -   45s
     0     0    3.76251    0  401    6.19993    3.76251  39.3%     -   45s
     0     0    3.76251    0  401    6.19993    3.76251  39.3%     -   45s
     0     0    3.76345    0  425    6.19993    3.76345  39.3%     -   47s
     0     0    3.76422    0  436    6.19993    3.76422  39.3%     -   50s
     0     0    3.76423    0  435    6.19993    3.76423  39.3%     -   50s
     0     0    3.76462    0  433    6.19993    3.76462  39.3%     -   50s
     0     0    3.76462    0  434    6.19993    3.76462  39.3%     -   52s
     0     0    3.76479    0  434    6.19993    3.76479  39.3%     -   53s
H    0     0                       6.1976838    3.76479  39.3%     -   56s
     0     0    3.76489    0  438    6.19768    3.76489  39.3%     -   56s
     0     0    3.76569    0  447    6.19768    3.76569  39.2%     -   58s
     0     0    3.76569    0  318    6.19768    3.76569  39.2%     -   62s
     0     2    3.76569    0  318    6.19768    3.76569  39.2%     -   73s
     1     4    3.77107    1  298    6.19768    3.76569  39.2%  3535   75s
     3     8    3.88131    2  310    6.19768    3.76660  39.2%  2732   82s
     7    16    3.97396    3  323    6.19768    3.77427  39.1%  3581   87s
    15    32    4.26845    4  351    6.19768    3.78349  39.0%  3478   93s
H   31    64                       6.1937710    3.78370  38.9%  3319  103s
H   39    64                       6.0790067    3.78370  37.8%  3435  103s
H   49    64                       5.9413469    3.78568  36.3%  3415  103s
    63    96    4.45821    6  387    5.94135    3.78568  36.3%  3110  134s
    95   128    4.48988    7  346    5.94135    3.78568  36.3%  2720  145s
H  113   128                       5.9227627    3.78568  36.1%  2584  145s
   127   160    4.51147    7  367    5.92276    3.78568  36.1%  2487  151s
H  159   192                       5.8904825    3.78568  35.7%  2543  165s
H  160   192                       5.8903404    3.78568  35.7%  2531  165s
H  161   192                       5.8843660    3.78568  35.7%  2516  165s
H  166   192                       5.8293528    3.78568  35.1%  2485  165s
   191   236    4.49463    9  346    5.82935    3.78568  35.1%  2309  170s
H  235   268                       4.1248963    3.78568  8.22%  2164  338s
   267   244     cutoff   12         4.12490    3.78568  8.22%  2102  343s
   324   242     cutoff   12         4.12490    3.78583  8.22%  1833  356s
   392   250    3.82765    7  129    4.12490    3.80288  7.81%  1919  376s
H  410   250                       4.1248962    3.80288  7.81%  1963  376s
   428   290    3.83899    8  226    4.12490    3.80288  7.81%  2039  381s
   490   338    4.07108    7  168    4.12490    3.80288  7.81%  2040  391s
   567   389    4.03108    9  136    4.12490    3.80288  7.81%  2017  402s
   652   447    4.08850   10  158    4.12490    3.80288  7.81%  1980  416s
   752   521    4.05622   10  105    4.12490    3.80288  7.81%  1901  428s
   866   540     cutoff   11         4.12490    3.80288  7.81%  1796  438s
   974   578    4.07584   13  108    4.12490    3.80288  7.81%  1761  449s
  1091   659    4.10313   14   88    4.12490    3.80288  7.81%  1707  457s
  1221   791     cutoff   17         4.12490    3.80288  7.81%  1641  469s
  1394   941    4.10292   22   98    4.12490    3.82214  7.34%  1526  476s
  1610   956    3.88738   11  140    4.12490    3.82214  7.34%  1388  487s
  1653  1117     cutoff   12         4.12490    3.82214  7.34%  1390  496s
  1911  1134    4.04674   12  119    4.12490    3.82214  7.34%  1254  503s
  2076  1128    4.11402   15   87    4.12490    3.82214  7.34%  1242  513s
  2161  1107     cutoff   17         4.12490    3.82214  7.34%  1293  523s
  2240  1072     cutoff   15         4.12490    3.82214  7.34%  1361  535s
  2311  1056    4.07996   46  111    4.12490    3.87453  6.07%  1446  546s
  2393  1026     cutoff   27         4.12490    3.90013  5.45%  1497  571s
  2465   994     cutoff   28         4.12490    3.90415  5.35%  1560  581s
  2553   969     cutoff   19         4.12490    3.90887  5.24%  1605  597s
  2638   941     cutoff   21         4.12490    3.90887  5.24%  1656  608s
  2727   900     cutoff   43         4.12490    3.92284  4.90%  1702  618s
  2863   863    4.09636   28  155    4.12490    3.97397  3.66%  1716  631s
  2976   827     cutoff   39         4.12490    3.97397  3.66%  1749  639s
  3125   804     cutoff   25         4.12490    3.97403  3.66%  1760  648s
  3273   777     cutoff   50         4.12490    3.98996  3.27%  1774  659s
  3429   754     cutoff   33         4.12490    4.00334  2.95%  1795  670s
  3626   688     cutoff   30         4.12490    4.00905  2.81%  1795  682s
  3815   656     cutoff   41         4.12490    4.02726  2.37%  1807  708s
  3899   569     cutoff   21         4.12490    4.03484  2.18%  1816  719s
  4070   466     cutoff   25         4.12490    4.04718  1.88%  1835  735s
  4281   330     cutoff   40         4.12490    4.05573  1.68%  1837  749s
  4523   156     cutoff   16         4.12490    4.06590  1.43%  1827  776s
  4781    11     cutoff    9         4.12490    4.08454  0.98%  1816  787s

Cutting planes:
  Learned: 7
  Gomory: 42
  Cover: 186
  Implied bound: 1529
  Clique: 121
  MIR: 703
  StrongCG: 8
  Flow cover: 226
  Zero half: 8
  RLT: 72
  Relax-and-lift: 161
  BQP: 11
  PSD: 3

Explored 4965 nodes (8905452 simplex iterations) in 788.10 seconds (1780.75 work units)
Thread count was 32 (of 128 available processors)

Solution count 10: 4.1249 4.1249 5.82935 ... 6.19377

Optimal solution found (tolerance 5.00e-03)
Best objective 4.124896248874e+00, best bound 4.124896248874e+00, gap 0.0000%


*********************************************
*********************************************


Set parameter LogFile to value "/work/07346/ashukla/ls6/Norta_Results/norta_sm_16_16/60M"
Gurobi Optimizer version 10.0.2 build v10.0.2rc0 (linux64)

CPU model: AMD EPYC 7763 64-Core Processor, instruction set [SSE2|AVX|AVX2]
Thread count: 128 physical cores, 128 logical processors, using up to 32 threads

Optimize a model with 211803 rows, 77908 columns and 590120 nonzeros
Model fingerprint: 0x434ec266
Variable types: 55968 continuous, 21940 integer (21578 binary)
Coefficient statistics:
  Matrix range     [1e-03, 1e+05]
  Objective range  [6e-02, 6e-02]
  Bounds range     [1e+00, 3e+00]
  RHS range        [1e-02, 6e+07]

MIP start from previous solve produced solution with objective 4.1249 (0.67s)
MIP start from previous solve produced solution with objective 4.1249 (0.68s)
Loaded MIP start from previous solve with objective 4.1249

Presolve removed 176365 rows and 50626 columns
Presolve time: 1.62s
Presolved: 35438 rows, 27282 columns, 128184 nonzeros
Variable types: 23649 continuous, 3633 integer (3571 binary)
Root barrier log...

Ordering time: 0.31s

Barrier statistics:
 Dense cols : 47
 AA' NZ     : 4.207e+05
 Factor NZ  : 3.412e+06 (roughly 50 MB of memory)
 Factor Ops : 1.751e+09 (less than 1 second per iteration)
 Threads    : 32

                  Objective                Residual
Iter       Primal          Dual         Primal    Dual     Compl     Time
   0  -4.19467720e+05 -2.82689447e+05  2.00e+04 1.68e-01  4.43e+02     3s
   1  -2.40509612e+05 -2.93284302e+05  1.10e+04 5.51e-01  2.54e+02     3s
   2  -1.24544461e+05 -3.65474798e+05  3.90e+03 8.89e-13  1.35e+02     3s
   3  -6.13839581e+03 -2.67836456e+05  3.31e+01 2.44e-13  1.03e+01     3s
   4  -3.66893228e+02 -1.64086005e+05  3.08e+00 1.59e-13  3.02e+00     3s
   5  -1.10922879e+01 -1.02399173e+05  1.19e+00 6.59e-14  1.73e+00     3s
   6   1.60482848e+02 -6.57976899e+04  1.76e-01 4.25e-14  1.04e+00     3s
   7   1.59544141e+02 -8.70581985e+03  9.49e-03 2.16e-14  1.37e-01     3s
   8   1.02566141e+02 -1.28189696e+03  3.16e-04 4.35e-15  2.14e-02     3s
   9   4.27713907e+01 -2.98904863e+02  6.06e-05 8.88e-16  5.28e-03     3s
  10   2.43895255e+01 -1.36882231e+02  2.68e-05 8.88e-16  2.49e-03     3s
  11   1.19237461e+01 -7.41843465e+01  9.76e-06 8.88e-16  1.33e-03     3s
  12   6.95577777e+00 -4.82878022e+01  4.50e-06 5.55e-16  8.54e-04     3s
  13   3.07608617e+00 -2.01587093e+01  1.20e-06 4.44e-16  3.59e-04     3s
  14   2.92430639e+00 -9.92638264e+00  1.12e-06 4.44e-16  1.99e-04     3s
  15   1.77802529e+00 -4.02167202e+00  6.16e-07 4.44e-16  8.96e-05     3s
  16   1.31854612e+00 -1.71483190e+00  4.28e-07 4.44e-16  4.69e-05     3s
  17   7.71334220e-01 -3.69748310e-01  2.12e-07 4.44e-16  1.76e-05     3s
  18   4.74209366e-01 -1.23855678e-02  9.62e-08 4.44e-16  7.52e-06     3s
  19   3.76444356e-01  7.51882173e-02  6.04e-08 4.44e-16  4.66e-06     3s
  20   3.26113134e-01  1.31676189e-01  4.19e-08 2.22e-16  3.00e-06     3s
  21   2.84619999e-01  1.64525221e-01  2.65e-08 2.22e-16  1.86e-06     3s
  22   2.63284399e-01  1.81122712e-01  1.88e-08 4.44e-16  1.27e-06     3s
  23   2.43320599e-01  1.91343660e-01  1.12e-08 4.44e-16  8.03e-07     3s
  24   2.33296215e-01  2.00263384e-01  7.60e-09 4.44e-16  5.10e-07     3s
  25   2.26566714e-01  2.04630535e-01  5.34e-09 4.44e-16  3.39e-07     3s
  26   2.21905422e-01  2.07662044e-01  3.42e-09 4.44e-16  2.20e-07     3s
  27   2.21680212e-01  2.07938496e-01  3.32e-09 4.44e-16  2.12e-07     3s
  28   2.18812868e-01  2.09377366e-01  2.13e-09 4.44e-16  1.46e-07     3s
  29   2.17361992e-01  2.11039686e-01  1.56e-09 2.22e-16  9.77e-08     3s
  30   2.15209060e-01  2.12122137e-01  6.82e-10 4.44e-16  4.77e-08     3s
  31   2.14205267e-01  2.12780123e-01  2.62e-10 4.44e-16  2.20e-08     3s
  32   2.13889749e-01  2.13235463e-01  1.34e-10 4.44e-16  1.01e-08     4s
  33   2.13722518e-01  2.13434161e-01  9.81e-11 4.44e-16  4.46e-09     4s
  34   2.13630117e-01  2.13495457e-01  8.33e-11 2.12e-14  2.08e-09     4s
  35   2.13562012e-01  2.13538610e-01  2.62e-10 1.02e-13  3.62e-10     4s
  36   2.13555727e-01  2.13555063e-01  1.57e-10 1.12e-14  1.03e-11     4s

Barrier solved model in 36 iterations and 3.59 seconds (3.74 work units)
Optimal objective 2.13555727e-01

Extra simplex iterations after uncrush: 2

Root relaxation: objective 2.135554e-01, 6056 iterations, 2.22 seconds (2.38 work units)
Total elapsed time = 7.32s

    Nodes    |    Current Node    |     Objective Bounds      |     Work
 Expl Unexpl |  Obj  Depth IntInf | Incumbent    BestBd   Gap | It/Node Time

     0     0    0.21356    0  182    4.12490    0.21356  94.8%     -    8s
H    0     0                       3.3848282    0.30541  91.0%     -   27s
H    0     0                       2.5469648    0.30541  88.0%     -   27s
     0     0    0.30541    0  234    2.54696    0.30541  88.0%     -   27s
H    0     0                       2.1852542    0.30541  86.0%     -   30s
     0     0    0.31003    0  211    2.18525    0.31003  85.8%     -   30s
     0     0    0.31161    0  227    2.18525    0.31161  85.7%     -   33s
     0     0    0.31180    0  218    2.18525    0.31180  85.7%     -   34s
     0     0    0.31384    0  210    2.18525    0.31384  85.6%     -   36s
H    0     0                       2.0769311    0.31384  84.9%     -   38s
     0     0    0.31456    0  210    2.07693    0.31456  84.9%     -   39s
     0     0    0.31491    0  233    2.07693    0.31491  84.8%     -   41s
     0     0    0.31500    0  230    2.07693    0.31500  84.8%     -   45s
     0     0    0.31507    0  234    2.07693    0.31507  84.8%     -   46s
     0     0    0.31514    0  237    2.07693    0.31514  84.8%     -   48s
     0     0    0.31526    0  247    2.07693    0.31526  84.8%     -   49s
     0     0    0.31531    0  240    2.07693    0.31531  84.8%     -   50s
     0     0    0.31564    0  245    2.07693    0.31564  84.8%     -   50s
     0     0    0.31564    0  245    2.07693    0.31564  84.8%     -   53s
     0     0    0.31569    0  239    2.07693    0.31569  84.8%     -   54s
     0     0    0.31569    0  241    2.07693    0.31569  84.8%     -   55s
     0     0    0.31569    0  243    2.07693    0.31569  84.8%     -   55s
     0     0    0.31569    0  243    2.07693    0.31569  84.8%     -   55s
     0     0    0.31575    0  239    2.07693    0.31575  84.8%     -   56s
     0     0    0.31575    0  239    2.07693    0.31575  84.8%     -   63s
     0     2    0.31575    0  239    2.07693    0.31575  84.8%     -   77s
     1     4    0.74573    1  241    2.07693    0.31575  84.8% 14032   84s
     3     8    0.78742    2  239    2.07693    0.31607  84.8%  5898   90s
     7    14    0.85875    3  180    2.07693    0.31724  84.7%  4685   99s
    15    24    0.88964    4  173    2.07693    0.31783  84.7%  3844  108s
    29    46    0.91982    5  169    2.07693    0.31858  84.7%  3500  114s
H   35    46                       2.0769311    0.31863  84.7%  3137  114s
H   36    46                       2.0760227    0.31863  84.7%  3069  114s
    53    71    0.93422    6  142    2.07602    0.31863  84.7%  2664  121s
    85   103    1.09238    7  325    2.07602    0.32178  84.5%  2846  139s
H   88   103                       2.0409850    0.32178  84.2%  2751  139s
H   95   103                       1.0128031    0.32185  68.2%  2618  139s
   117   100    0.97679    7   45    1.01280    0.32185  68.2%  2339  152s
   149    98    0.97718    8   63    1.01280    0.32185  68.2%  2312  169s
H  151    98                       1.0128031    0.32185  68.2%  2282  169s
H  153    98                       1.0128031    0.32185  68.2%  2295  169s
   181   107     cutoff    8         1.01280    0.32185  68.2%  2249  179s
H  193   107                       1.0035486    0.32185  67.9%  2318  179s
   222   125     cutoff    8         1.00355    0.33763  66.4%  2150  200s
H  223   125                       0.9990891    0.33763  66.2%  2140  200s
H  242   125                       0.9965873    0.33763  66.1%  2295  200s
   255   158    0.34368    9  254    0.99659    0.34333  65.5%  2283  212s
   300   187    0.35702   10  263    0.99659    0.34365  65.5%  2260  222s
H  326   187                       0.9882891    0.34499  65.1%  2258  222s
   345   209    0.38363   11  275    0.98829    0.34499  65.1%  2239  232s
   386   237    0.87686   11  279    0.98829    0.34499  65.1%  2210  243s
   430   255     cutoff   12         0.98829    0.34499  65.1%  2304  263s
   469   275     cutoff   12         0.98829    0.34499  65.1%  2448  328s
H  470   275                       0.4785489    0.34499  27.9%  2442  328s
H  472   275                       0.4785475    0.34499  27.9%  2450  328s
H  483   275                       0.4732222    0.34499  27.1%  2468  328s
   503   178     cutoff   10         0.47322    0.35132  25.8%  2428  343s
   614   108     cutoff   18         0.47322    0.35502  25.0%  2122  353s
   702    86     cutoff   20         0.47322    0.35502  25.0%  1978  360s
   802   156    0.40089   22  203    0.47322    0.35502  25.0%  1784  365s
   934   217    0.40536   23  201    0.47322    0.35502  25.0%  1624  371s
*  980   217              24       0.4627088    0.35502  23.3%  1578  371s
  1106   262    0.45303   25  198    0.46271    0.35502  23.3%  1444  378s
* 1150   262              29       0.4480669    0.35502  20.8%  1413  378s
  1299   234     cutoff   26         0.44807    0.35502  20.8%  1290  382s
* 1383   234              20       0.4337731    0.35502  18.2%  1245  382s
* 1426   234              17       0.4321238    0.35502  17.8%  1220  382s
  1516    88     cutoff   24         0.43212    0.35502  17.8%  1169  385s
* 1557    88              27       0.4272131    0.35502  16.9%  1147  385s
* 1630    88              23       0.4265381    0.35502  16.8%  1102  385s
  1743    27    0.40382   25   17    0.42654    0.35502  16.8%  1043  391s
* 1796    27              22       0.4236844    0.35502  16.2%  1023  391s
  1853    12     cutoff   32         0.42368    0.40320  4.84%   995  395s

Cutting planes:
  Learned: 7
  Gomory: 31
  Cover: 221
  Implied bound: 1445
  Clique: 130
  MIR: 333
  StrongCG: 2
  Flow cover: 189
  Zero half: 7
  RLT: 33
  Relax-and-lift: 113
  BQP: 9
  PSD: 14

Explored 1916 nodes (1910164 simplex iterations) in 397.22 seconds (873.59 work units)
Thread count was 32 (of 128 available processors)

Solution count 10: 0.423684 0.426538 0.427213 ... 0.478549

Optimal solution found (tolerance 5.00e-03)
Best objective 4.236843750004e-01, best bound 4.236843750004e-01, gap 0.0000%


*********************************************
*********************************************


Set parameter LogFile to value "/work/07346/ashukla/ls6/Norta_Results/norta_sm_16_16/80M"
Gurobi Optimizer version 10.0.2 build v10.0.2rc0 (linux64)

CPU model: AMD EPYC 7763 64-Core Processor, instruction set [SSE2|AVX|AVX2]
Thread count: 128 physical cores, 128 logical processors, using up to 32 threads

Optimize a model with 211803 rows, 77908 columns and 590120 nonzeros
Model fingerprint: 0xe1299e3b
Variable types: 55968 continuous, 21940 integer (21578 binary)
Coefficient statistics:
  Matrix range     [1e-03, 1e+05]
  Objective range  [6e-02, 6e-02]
  Bounds range     [1e+00, 3e+00]
  RHS range        [1e-02, 8e+07]

MIP start from previous solve produced solution with objective 0.423684 (0.73s)
Loaded MIP start from previous solve with objective 0.423684

Presolve removed 182204 rows and 51577 columns
Presolve time: 1.95s
Presolved: 29599 rows, 26331 columns, 111516 nonzeros
Variable types: 22869 continuous, 3462 integer (3411 binary)
Root barrier log...

Ordering time: 0.23s

Barrier statistics:
 Dense cols : 32
 AA' NZ     : 2.905e+05
 Factor NZ  : 2.072e+06 (roughly 35 MB of memory)
 Factor Ops : 6.417e+08 (less than 1 second per iteration)
 Threads    : 32

                  Objective                Residual
Iter       Primal          Dual         Primal    Dual     Compl     Time
   0  -6.85752566e+04 -2.35246869e+05  3.43e+02 1.68e-01  7.35e+01     3s
   1  -2.66321597e+04 -2.04025272e+05  1.34e+02 3.01e-01  2.98e+01     3s
   2  -5.58518973e+03 -1.20223847e+05  2.90e+01 1.03e-13  6.99e+00     3s
   3  -3.62956065e+02 -8.45581363e+04  2.84e+00 5.11e-14  1.92e+00     3s
   4   3.09328198e+01 -5.40728898e+04  7.92e-01 1.44e-14  1.05e+00     3s
   5   1.09972356e+02 -6.10889848e+03  3.30e-01 5.27e-15  1.22e-01     3s
   6   9.84408881e+01 -8.68761345e+02  2.73e-02 1.78e-15  1.76e-02     3s
   7   3.93389199e+01 -3.40072475e+02  8.42e-03 7.11e-15  6.82e-03     3s
   8   1.51316496e+01 -1.06778874e+02  1.75e-03 2.66e-15  2.18e-03     3s
   9   6.04773076e+00 -3.09100093e+01  4.99e-04 6.66e-16  6.59e-04     3s
  10   6.82045490e-01 -6.93133058e+00  1.25e-05 4.44e-16  1.35e-04     3s
  11   9.95486231e-02 -1.40551519e+00  1.02e-06 4.44e-16  2.67e-05     3s
  12   2.05955122e-02 -7.51426049e-02  1.17e-07 4.44e-16  1.70e-06     3s
  13   2.30167683e-03 -1.02654789e-02  1.25e-08 8.88e-16  2.23e-07     3s
  14   2.31294592e-04 -6.59265123e-04  1.20e-09 4.44e-16  1.58e-08     3s
  15   3.76145977e-07 -7.12090127e-07  1.62e-11 8.88e-16  1.93e-11     3s
  16   1.24123858e-08 -2.61570676e-09  2.00e-09 4.44e-16  2.67e-13     3s

Barrier solved model in 16 iterations and 3.39 seconds (3.21 work units)
Optimal objective 1.24123858e-08


Root relaxation: objective 1.023182e-12, 2527 iterations, 1.18 seconds (0.95 work units)
Total elapsed time = 8.11s

    Nodes    |    Current Node    |     Objective Bounds      |     Work
 Expl Unexpl |  Obj  Depth IntInf | Incumbent    BestBd   Gap | It/Node Time

     0     0    0.00000    0   10    0.42368    0.00000   100%     -    9s
     0     0    0.00000    0   11    0.42368    0.00000   100%     -   12s
     0     0    0.00000    0   10    0.42368    0.00000   100%     -   14s
     0     0    0.00000    0    8    0.42368    0.00000   100%     -   15s
     0     0    0.00000    0    8    0.42368    0.00000   100%     -   18s
     0     0    0.00000    0    8    0.42368    0.00000   100%     -   18s
     0     0    0.00000    0    8    0.42368    0.00000   100%     -   19s
     0     0    0.00000    0    8    0.42368    0.00000   100%     -   19s
     0     0    0.00000    0    8    0.42368    0.00000   100%     -   19s
     0     0    0.00000    0    8    0.42368    0.00000   100%     -   19s
     0     0    0.00000    0    8    0.42368    0.00000   100%     -   19s
     0     0    0.00000    0    8    0.42368    0.00000   100%     -   20s
     0     0    0.00000    0    8    0.42368    0.00000   100%     -   20s
     0     0    0.00000    0    8    0.42368    0.00000   100%     -   21s
     0     2    0.00000    0    8    0.42368    0.00000   100%     -   21s
     1     4    0.00877    1  119    0.42368    0.00000   100% 13548   31s
     3     8    0.23332    2  127    0.42368    0.00000   100%  8151   38s
     7    11     cutoff    3         0.42368    0.00000   100%  6890   57s
H   15    21                       0.0574170    0.00000   100%  6842   72s
H   18    21                       0.0289757    0.00000   100%  6955   72s
    26     8    0.01188    5   33    0.02898    0.00000   100%  6110   76s
*   44     9               6       0.0000000    0.00000  0.00%  3914   78s

Cutting planes:
  Learned: 4
  Cover: 9
  Implied bound: 138
  MIR: 67
  StrongCG: 1
  RLT: 2
  Relax-and-lift: 6

Explored 51 nodes (197692 simplex iterations) in 78.17 seconds (183.44 work units)
Thread count was 32 (of 128 available processors)

Solution count 4: 5.68434e-13 0.0289757 0.057417 0.423684 

Optimal solution found (tolerance 5.00e-03)
Best objective 5.684341886081e-13, best bound 5.684341886081e-13, gap 0.0000%


*********************************************
*********************************************


