Set parameter TokenServer to value "license02.tacc.utexas.edu"
Set parameter LogFile to value "/work/07346/ashukla/ls6/Norta_Results/norta_sm_16_11/0M"
Set parameter MIPGap to value 0.005
Set parameter TimeLimit to value 32400
Set parameter Method to value 2
Gurobi Optimizer version 10.0.2 build v10.0.2rc0 (linux64)

CPU model: AMD EPYC 7763 64-Core Processor, instruction set [SSE2|AVX|AVX2]
Thread count: 128 physical cores, 128 logical processors, using up to 32 threads

Optimize a model with 211739 rows, 77908 columns and 589928 nonzeros
Model fingerprint: 0x6c41e58b
Variable types: 55968 continuous, 21940 integer (21578 binary)
Coefficient statistics:
  Matrix range     [1e-03, 1e+05]
  Objective range  [6e-02, 6e-02]
  Bounds range     [1e+00, 3e+00]
  RHS range        [1e-02, 2e+04]
Presolve removed 210859 rows and 76728 columns
Presolve time: 1.63s
Presolved: 880 rows, 1180 columns, 3999 nonzeros
Variable types: 1031 continuous, 149 integer (149 binary)
Found heuristic solution: objective 68.7512116
Root barrier log...

Ordering time: 0.00s

Barrier statistics:
 AA' NZ     : 4.586e+03
 Factor NZ  : 2.110e+04 (roughly 1 MB of memory)
 Factor Ops : 1.014e+06 (less than 1 second per iteration)
 Threads    : 1

                  Objective                Residual
Iter       Primal          Dual         Primal    Dual     Compl     Time
   0  -1.81463848e+03 -7.93439524e+03  1.55e+02 2.00e-01  3.48e+01     2s
   1  -6.09440851e+01 -4.24510812e+03  9.94e+00 3.43e-02  3.89e+00     2s
   2   5.04724035e+01 -5.18654444e+02  6.47e-01 3.33e-15  3.45e-01     2s
   3   5.51661729e+01 -5.04423378e+00  5.93e-02 2.83e-15  3.22e-02     2s
   4   5.00209804e+01  4.09826317e+01  6.03e-04 1.22e-15  4.55e-03     2s
   5   4.77062928e+01  4.58236499e+01  1.29e-04 6.66e-16  9.47e-04     2s
   6   4.72724783e+01  4.65371214e+01  5.73e-05 4.44e-16  3.70e-04     2s
   7   4.70607411e+01  4.67290412e+01  2.39e-05 2.22e-16  1.67e-04     2s
   8   4.69886874e+01  4.68596593e+01  1.19e-05 2.22e-16  6.49e-05     2s
   9   4.69329289e+01  4.68964044e+01  3.09e-06 2.22e-16  1.84e-05     2s
  10   4.69164286e+01  4.69090513e+01  4.45e-07 2.22e-16  3.71e-06     2s
  11   4.69133029e+01  4.69131079e+01  1.60e-10 2.22e-16  9.79e-08     2s
  12   4.69132644e+01  4.69132409e+01  4.18e-10 4.44e-16  1.18e-08     2s
  13   4.69132635e+01  4.69132633e+01  6.43e-10 2.22e-16  1.24e-10     2s
  14   4.69132634e+01  4.69132634e+01  3.99e-11 1.86e-14  1.25e-13     2s

Barrier solved model in 14 iterations and 1.73 seconds (1.81 work units)
Optimal objective 4.69132634e+01


Root relaxation: objective 4.691326e+01, 10 iterations, 0.02 seconds (0.02 work units)

    Nodes    |    Current Node    |     Objective Bounds      |     Work
 Expl Unexpl |  Obj  Depth IntInf | Incumbent    BestBd   Gap | It/Node Time

     0     0   46.91326    0    2   68.75121   46.91326  31.8%     -    1s
H    0     0                      46.9143569   46.91326  0.00%     -    1s

Explored 1 nodes (10 simplex iterations) in 1.75 seconds (1.82 work units)
Thread count was 32 (of 128 available processors)

Solution count 2: 46.9144 68.7512 

Optimal solution found (tolerance 5.00e-03)
Best objective 4.691435688896e+01, best bound 4.691326342599e+01, gap 0.0023%


*********************************************
*********************************************


Set parameter LogFile to value "/work/07346/ashukla/ls6/Norta_Results/norta_sm_16_11/20M"
Gurobi Optimizer version 10.0.2 build v10.0.2rc0 (linux64)

CPU model: AMD EPYC 7763 64-Core Processor, instruction set [SSE2|AVX|AVX2]
Thread count: 128 physical cores, 128 logical processors, using up to 32 threads

Optimize a model with 211739 rows, 77908 columns and 589928 nonzeros
Model fingerprint: 0x294d4c9c
Variable types: 55968 continuous, 21940 integer (21578 binary)
Coefficient statistics:
  Matrix range     [1e-03, 1e+05]
  Objective range  [6e-02, 6e-02]
  Bounds range     [1e+00, 3e+00]
  RHS range        [1e-02, 2e+07]

MIP start from previous solve produced solution with objective 46.9144 (0.60s)
MIP start from previous solve produced solution with objective 46.9144 (0.61s)
Loaded MIP start from previous solve with objective 46.9144

Presolve removed 176064 rows and 50614 columns
Presolve time: 1.78s
Presolved: 35675 rows, 27294 columns, 128867 nonzeros
Variable types: 23633 continuous, 3661 integer (3598 binary)
Root barrier log...

Ordering time: 0.31s

Barrier statistics:
 Dense cols : 56
 AA' NZ     : 4.340e+05
 Factor NZ  : 3.663e+06 (roughly 50 MB of memory)
 Factor Ops : 1.950e+09 (less than 1 second per iteration)
 Threads    : 32

                  Objective                Residual
Iter       Primal          Dual         Primal    Dual     Compl     Time
   0  -9.84739243e+05 -2.91092256e+05  5.25e+04 1.68e-01  1.04e+03     3s
   1  -6.04262913e+05 -3.24913049e+05  3.19e+04 2.68e-01  6.30e+02     3s
   2  -1.47986017e+05 -3.96666552e+05  6.60e+03 1.93e-13  1.67e+02     3s
   3  -1.77625312e+04 -2.86879287e+05  7.12e+02 1.74e-13  2.27e+01     3s
   4  -4.26687719e+03 -1.37094342e+05  2.17e+02 5.84e-14  5.96e+00     3s
   5  -1.88974538e+03 -8.61380092e+04  8.49e+01 1.42e-14  2.84e+00     3s
   6  -1.33579915e+03 -6.67291991e+04  6.76e+01 1.28e-14  2.02e+00     3s
   7  -5.80328384e+02 -2.91883444e+04  3.22e+01 2.59e-15  7.93e-01     3s
   8  -3.28347080e+01 -1.05344568e+04  7.39e+00 3.09e-15  2.25e-01     3s
   9   1.28904810e+02 -1.88620314e+03  4.02e-02 2.25e-15  3.22e-02     3s
  10   8.48000699e+01 -3.06768438e+02  4.43e-03 1.11e-15  6.07e-03     3s
  11   5.12544422e+01 -1.22577986e+02  1.75e-03 8.88e-16  2.69e-03     3s
  12   3.36860453e+01 -7.81499315e+01  8.40e-04 4.44e-16  1.73e-03     3s
  13   2.32655162e+01 -6.08384885e+01  4.10e-04 4.44e-16  1.30e-03     3s
  14   1.84302699e+01 -3.96670059e+01  2.27e-04 4.44e-16  8.96e-04     3s
  15   1.67372501e+01 -1.37504070e+01  1.72e-04 4.44e-16  4.70e-04     3s
  16   1.48109972e+01 -6.65943100e+00  1.12e-04 2.22e-16  3.31e-04     3s
  17   1.32480242e+01 -1.36664567e+00  6.85e-05 4.44e-16  2.25e-04     3s
  18   1.26876791e+01  3.49365044e+00  5.47e-05 4.44e-16  1.42e-04     3s
  19   1.18985416e+01  6.44574656e+00  3.64e-05 4.44e-16  8.42e-05     3s
  20   1.14711144e+01  7.52340624e+00  2.69e-05 4.44e-16  6.09e-05     3s
  21   1.13283568e+01  8.33647402e+00  2.31e-05 4.44e-16  4.62e-05     3s
  22   1.09906769e+01  9.33599527e+00  1.54e-05 4.44e-16  2.56e-05     3s
  23   1.07165645e+01  9.82998284e+00  9.60e-06 4.44e-16  1.37e-05     3s
  24   1.05058552e+01  1.00193871e+01  5.00e-06 4.44e-16  7.52e-06     3s
  25   1.04311058e+01  1.00525500e+01  3.42e-06 4.44e-16  5.85e-06     4s
  26   1.03782292e+01  1.01250500e+01  2.30e-06 4.44e-16  3.91e-06     4s
  27   1.03565477e+01  1.01493016e+01  1.84e-06 4.44e-16  3.20e-06     4s
  28   1.03246798e+01  1.02015469e+01  1.18e-06 2.22e-16  1.90e-06     4s
  29   1.02968420e+01  1.02273747e+01  5.78e-07 4.44e-16  1.07e-06     4s
  30   1.02886663e+01  1.02477863e+01  4.00e-07 3.19e-16  6.32e-07     4s
  31   1.02798914e+01  1.02608215e+01  2.11e-07 4.44e-16  2.95e-07     4s
  32   1.02764526e+01  1.02638110e+01  1.38e-07 2.22e-16  1.95e-07     4s
  33   1.02740188e+01  1.02671250e+01  8.80e-08 4.44e-16  1.07e-07     4s
  34   1.02712000e+01  1.02687330e+01  3.02e-08 4.44e-16  3.82e-08     4s
  35   1.02702487e+01  1.02692528e+01  1.03e-08 1.03e-15  1.54e-08     4s
  36   1.02698653e+01  1.02695082e+01  2.48e-09 4.44e-16  5.51e-09     4s
  37   1.02698041e+01  1.02697028e+01  1.27e-09 1.81e-14  1.57e-09     4s
  38   1.02697603e+01  1.02697296e+01  5.67e-10 2.28e-14  4.74e-10     4s
  39   1.02697410e+01  1.02697393e+01  5.70e-09 1.97e-13  2.65e-11     4s

Barrier solved model in 39 iterations and 3.83 seconds (3.72 work units)
Optimal objective 1.02697410e+01


Root relaxation: objective 1.026974e+01, 5017 iterations, 2.24 seconds (2.59 work units)
Total elapsed time = 7.97s

    Nodes    |    Current Node    |     Objective Bounds      |     Work
 Expl Unexpl |  Obj  Depth IntInf | Incumbent    BestBd   Gap | It/Node Time

     0     0   10.26974    0  578   46.91436   10.26974  78.1%     -    9s
H    0     0                      23.9166276   10.26974  57.1%     -   11s
H    0     0                      23.9166275   10.27284  57.0%     -   11s
     0     0   11.35972    0  484   23.91663   11.35972  52.5%     -   22s
H    0     0                      17.8943098   11.35972  36.5%     -   24s
     0     0   11.38781    0  511   17.89431   11.38781  36.4%     -   26s
     0     0   11.40663    0  541   17.89431   11.40663  36.3%     -   30s
     0     0   11.40847    0  534   17.89431   11.40847  36.2%     -   31s
     0     0   11.40856    0  516   17.89431   11.40856  36.2%     -   31s
     0     0   11.53401    0  617   17.89431   11.53401  35.5%     -   39s
     0     0   11.54428    0  616   17.89431   11.54428  35.5%     -   43s
     0     0   11.65484    0  529   17.89431   11.65484  34.9%     -   44s
     0     0   11.65484    0  529   17.89431   11.65484  34.9%     -   44s
     0     0   11.65484    0  700   17.89431   11.65484  34.9%     -   49s
     0     0   11.65484    0  569   17.89431   11.65484  34.9%     -   53s
     0     0   11.65484    0  651   17.89431   11.65484  34.9%     -   55s
     0     0   11.65484    0  574   17.89431   11.65484  34.9%     -   55s
     0     0   11.65484    0  627   17.89431   11.65484  34.9%     -   58s
     0     0   11.65484    0  635   17.89431   11.65484  34.9%     -   61s
     0     0   11.65484    0  603   17.89431   11.65484  34.9%     -   62s
     0     0   11.65484    0  613   17.89431   11.65484  34.9%     -   62s
     0     0   11.65484    0  523   17.89431   11.65484  34.9%     -   63s
     0     0   11.65484    0  523   17.89431   11.65484  34.9%     -   65s
     0     0   11.65484    0  529   17.89431   11.65484  34.9%     -   66s
     0     0   11.65484    0  529   17.89431   11.65484  34.9%     -   66s
     0     0   11.65484    0  529   17.89431   11.65484  34.9%     -   67s
     0     0   11.65484    0  529   17.89431   11.65484  34.9%     -   67s
     0     0   11.65484    0  529   17.89431   11.65484  34.9%     -   67s
     0     0   11.65484    0  434   17.89431   11.65484  34.9%     -   71s
     0     2   11.65484    0  434   17.89431   11.65484  34.9%     -   77s
     1     4   12.19191    1  553   17.89431   11.65484  34.9%  9257   85s
     7    16   13.04428    3  525   17.89431   11.72080  34.5%  2776   93s
    15    32   13.41082    4  694   17.89431   11.72412  34.5%  2506  102s
    31    64   13.98268    5  661   17.89431   11.73219  34.4%  2581  110s
H   47    64                      16.8197351   11.73219  30.2%  2981  110s
    63    96   14.38505    6  690   16.81974   11.74157  30.2%  2679  142s
H   95   128                      16.7903601   11.74157  30.1%  2521  147s
H   99   128                      16.6572281   11.74157  29.5%  2467  147s
H  113   128                      16.2064976   11.74157  27.6%  2214  147s
   127   160   14.18416    7  651   16.20650   11.74157  27.6%  2044  152s
H  159   192                      16.0379565   11.74157  26.8%  1836  177s
H  161   192                      16.0085713   11.74157  26.7%  1828  177s
H  162   192                      15.9771069   11.74157  26.5%  1817  177s
H  164   192                      15.8630345   11.74157  26.0%  1799  177s
   191   240   14.22218    8  646   15.86303   11.74157  26.0%  1733  182s
   239   273   14.21774    9  651   15.86303   11.74157  26.0%  1690  190s
   272   323   14.30581   10  651   15.86303   11.74157  26.0%  1755  197s
   322   364   14.65011   10  378   15.86303   11.74157  26.0%  1771  203s
   365   405   14.38948   11  615   15.86303   11.74157  26.0%  1807  209s
   408   459   14.61320   11  525   15.86303   11.74157  26.0%  1840  215s
   462   504   14.44948   12  668   15.86303   11.74157  26.0%  1826  223s
   509   555   14.48289   13  566   15.86303   11.74157  26.0%  1811  359s
H  512   555                      14.5617759   11.74157  19.4%  1810  359s
   562   607   14.52101   14  576   14.56178   11.74157  19.4%  1798  369s
   630   659   14.53017   15  579   14.56178   11.74157  19.4%  1776  378s
   694   724     cutoff   16        14.56178   11.74157  19.4%  1775  385s
   770   778     cutoff   15        14.56178   11.74157  19.4%  1746  393s
   842   844   13.31336   23  520   14.56178   11.74157  19.4%  1736  401s
   927   901   13.46120   25  380   14.56178   11.74157  19.4%  1712  410s
  1010   950   13.55034   26  372   14.56178   11.74157  19.4%  1696  419s
  1079  1012   13.71137   28  368   14.56178   11.74157  19.4%  1734  428s
  1162  1077   13.84432   32  301   14.56178   11.74157  19.4%  1746  437s
  1235  1157   14.20172   35  171   14.56178   11.74157  19.4%  1768  445s
  1331  1259   14.31916   37  167   14.56178   11.74157  19.4%  1745  455s
  1447  1343     cutoff   45        14.56178   11.74394  19.4%  1708  463s
H 1561  1368                      14.5617274   11.74394  19.4%  1677  547s
H 1563  1368                      14.5617274   11.74394  19.4%  1680  547s
H 1565  1368                      14.5617274   11.74394  19.4%  1684  547s
H 1567  1368                      14.5617273   11.74394  19.4%  1684  547s
  1600  1390   11.94484    8  525   14.56173   11.74394  19.4%  1703  632s
H 1603  1390                      14.5617216   11.74394  19.4%  1701  632s
H 1613  1390                      14.4278376   11.74394  18.6%  1698  632s
H 1640  1408                      14.2610730   11.74394  17.7%  1702 1039s
H 1642  1408                      14.1852072   11.74394  17.2%  1701 1039s
H 1645  1408                      13.9984125   11.74394  16.1%  1699 1039s
H 1646  1408                      13.7327913   11.74394  14.5%  1699 1039s
H 1666  1408                      13.6583691   11.74394  14.0%  1705 1039s
  1686  1465   12.26643   10  518   13.65837   11.74394  14.0%  1708 1050s
  1829  1533   12.50194   13  559   13.65837   11.74394  14.0%  1716 1062s
  1935  1599   12.55722   14  580   13.65837   11.74394  14.0%  1748 1074s
  2066  1667   12.83109   17  461   13.65837   11.74394  14.0%  1748 1091s
  2196  1730   13.39633   22  429   13.65837   11.74394  14.0%  1759 1103s
  2351  1763     cutoff   27        13.65837   11.77731  13.8%  1751 1119s
* 2440  1763              66      13.5652517   11.77731  13.2%  1772 1119s
  2496  1798   11.89774    9  511   13.56525   11.77731  13.2%  1781 1137s
  2627  1885   11.93633   11  353   13.56525   11.77731  13.2%  1822 1153s
  2779  1929   12.19111   13  383   13.56525   11.77731  13.2%  1847 1167s
  2939  1678   13.25123   32  434   13.56525   11.77731  13.2%  1860 1482s
  2941  1679   12.44329   12  583   13.56525   11.77731  13.2%  1859 1494s
  2942  1680   12.67602   19  397   13.56525   11.77731  13.2%  1858 1516s
  2943  1681   12.78612   12  579   13.56525   11.77731  13.2%  1857 1523s
  2944  1681   12.34493   20  509   13.56525   11.77731  13.2%  1857 1526s
  2946  1683   13.18291   22  622   13.56525   11.77731  13.2%  1856 1530s
  2947  1683   12.80419   19  581   13.56525   11.77731  13.2%  1855 1545s
  2949  1685   13.34896   39  583   13.56525   11.77731  13.2%  1854 1560s
  2951  1686   12.46326   10  559   13.56525   11.79979  13.0%  1852 1570s
  2955  1689   13.50254   20  554   13.56525   11.82266  12.8%  1850 1582s
  2958  1691   13.15668   18  562   13.56525   11.82266  12.8%  1848 1592s
  2960  1692   12.93577   21  547   13.56525   11.82266  12.8%  1847 1601s
  2963  1694   13.52334   15  549   13.56525   11.82330  12.8%  1845 1610s
  2965  1695   12.87654   15  548   13.56525   11.82330  12.8%  1844 1620s
  2967  1697   13.19025   19  551   13.56525   11.86612  12.5%  1842 1627s
  2968  1697   13.14400   28  551   13.56525   11.86612  12.5%  1842 1632s
  2969  1698   13.26353   20  551   13.56525   11.86612  12.5%  1841 1636s
  2970  1702   11.86612   12  700   13.56525   11.86612  12.5%  1879 1650s
  2972  1705   11.86612   13  663   13.56525   11.86612  12.5%  1881 1662s
  2976  1712   11.89219   14  527   13.56525   11.86612  12.5%  1887 1674s
  2984  1725   12.33275   15  674   13.56525   11.87982  12.4%  1902 1702s
  3000  1749   12.59461   16  700   13.56525   11.89571  12.3%  1915 1715s
  3032  1766   12.70828   17  689   13.56525   11.96359  11.8%  1942 1725s
  3064  1781   12.86776   18  543   13.56525   11.96359  11.8%  1977 1734s
  3096  1801   12.77328   18  686   13.56525   11.96359  11.8%  1989 1749s
  3128  1820   12.95524   19  719   13.56525   11.96359  11.8%  2002 1762s
  3160  1838   13.05661   19  441   13.56525   11.96359  11.8%  2008 1773s
H 3197  1763                      13.5652378   11.96359  11.8%  2012 1919s
H 3206  1679                      13.5047548   11.96359  11.4%  2017 1919s
H 3221  1597                      13.4448553   11.96359  11.0%  2018 1919s
  3230  1617   13.18147   20  477   13.44486   11.96359  11.0%  2020 1928s
H 3250  1537                      13.4446361   11.96359  11.0%  2015 1928s
  3276  1559   13.16321   21  451   13.44464   11.96359  11.0%  2012 1936s
  3324  1564   13.19942   22  495   13.44464   11.96359  11.0%  2011 2078s
H 3332  1491                      13.4446326   11.96359  11.0%  2011 2078s
H 3339  1423                      13.3341998   11.96359  10.3%  2012 2078s
H 3348  1357                      13.3341995   11.96359  10.3%  2012 2078s
  3360  1376     cutoff   22        13.33420   11.96359  10.3%  2013 2093s
  3422  1389   13.31788   23  492   13.33420   11.96359  10.3%  2018 2100s
  3491  1407   13.26766   24  546   13.33420   11.96359  10.3%  2008 2116s
  3569  1402 infeasible   27        13.33420   11.96359  10.3%  2004 2137s
  3641  1407   12.94682   22  294   13.33420   11.96359  10.3%  2003 2148s
  3719  1413   13.03373   24  283   13.33420   11.96359  10.3%  2001 2163s
  3794  1421   13.28201   28  225   13.33420   11.96359  10.3%  2003 2172s
  3876  1426   13.09158   28  303   13.33420   11.96359  10.3%  1999 2187s
  3955  1436   13.22790   32  230   13.33420   11.96359  10.3%  2005 2201s
  4033  1445   13.27784   34  153   13.33420   11.96359  10.3%  2009 2217s
  4127  1442   13.31691   40  122   13.33420   12.04873  9.64%  2007 2234s
  4212  1453   12.25152   18  536   13.33420   12.04873  9.64%  2010 2251s
  4303  1466   12.46981   20  510   13.33420   12.04873  9.64%  2008 2264s
  4395  1448   12.61950   22  484   13.33420   12.04873  9.64%  2007 2326s
H 4424  1379                      13.3341994   12.04873  9.64%  2011 2326s
  4438  1412   12.66716   23  453   13.33420   12.04873  9.64%  2012 2340s
  4551  1433   12.82081   26  510   13.33420   12.04873  9.64%  2012 2353s
  4674  1451   12.96619   29  415   13.33420   12.04873  9.64%  2006 2365s
  4812  1467   13.17608   34  441   13.33420   12.04873  9.64%  1993 2379s
  4947  1486     cutoff   35        13.33420   12.18711  8.60%  1978 2393s
  5072  1505   12.58580   22  449   13.33420   12.18711  8.60%  1975 2409s
  5206  1519   12.64179   23  421   13.33420   12.18711  8.60%  1969 2426s
  5357  1525   12.77941   27  407   13.33420   12.18711  8.60%  1961 2444s
  5519  1544   12.99683   31  341   13.33420   12.18711  8.60%  1947 2473s
  5682  1501   13.20188   36  308   13.33420   12.18711  8.60%  1941 2543s
  5731  1550     cutoff   37        13.33420   12.19910  8.51%  1946 2565s
  5893  1554   12.30799   19  503   13.33420   12.19910  8.51%  1943 2594s
  6064  1547   12.40698   20  474   13.33420   12.19910  8.51%  1941 2613s
  6239  1567   13.06784   24  653   13.33420   12.19910  8.51%  1941 2633s
  6445  1617     cutoff   30        13.33420   12.21209  8.42%  1935 2652s
  6663  1691   12.48931   21  500   13.33420   12.21209  8.42%  1929 2695s
  6850  1796   12.53508   22  463   13.33420   12.21209  8.42%  1948 2719s
  7112  1872   12.60570   23  497   13.33420   12.21209  8.42%  1938 2742s
  7365  1944     cutoff   26        13.33420   12.53872  5.97%  1932 2766s
  7670  2067   12.83287   21  454   13.33420   12.53872  5.97%  1916 2799s
  7994  2214   13.27347   25  265   13.33420   12.60969  5.43%  1900 2820s
  8310  2260   13.10660   25  310   13.33420   12.61067  5.43%  1890 2851s
  8649  2408   13.30661   31  274   13.33420   12.61767  5.37%  1878 2875s
  9014  2506   13.23527   30  404   13.33420   12.63804  5.22%  1862 2942s
  9298  2671   13.17874   25  330   13.33420   12.63904  5.21%  1868 2974s
  9646  2785     cutoff   29        13.33420   12.64179  5.19%  1861 3003s
 10039  2929   13.06194   28  199   13.33420   12.67022  4.98%  1852 3030s
 10491  3064   13.22801   24  531   13.33420   12.69513  4.79%  1838 3064s
 10919  3273   13.00170   26  422   13.33420   12.69972  4.76%  1830 3095s
 11428  3443   13.12979   22  412   13.33420   12.70377  4.73%  1818 3128s
 11860  3658     cutoff   26        13.33420   12.71140  4.67%  1811 3169s
 12404  3858 infeasible   31        13.33420   12.72466  4.57%  1799 3235s
 12899  4018   13.15725   36  349   13.33420   12.73555  4.49%  1805 3272s
 13461  4160   12.95884   32  328   13.33420   12.74570  4.41%  1797 3323s
 14048  4359     cutoff   35        13.33420   12.75712  4.33%  1791 3362s
 14650  4503   12.97566   35  402   13.33420   12.76483  4.27%  1783 3400s
 15235  4661   13.30782   29  368   13.33420   12.77793  4.17%  1776 3444s
 15849  4841     cutoff   33        13.33420   12.79181  4.07%  1777 3487s
 16494  5095     cutoff   35        13.33420   12.80149  4.00%  1780 3600s
 17279  5198   13.32336   29  279   13.33420   12.80831  3.94%  1774 3662s
 17993  5213   13.10142   28  348   13.33420   12.81993  3.86%  1773 3801s
H18011  5213                      13.3341994   12.81993  3.86%  1773 3801s
H18029  5213                      13.3341992   12.81993  3.86%  1773 3801s
H18030  5213                      13.3341991   12.81993  3.86%  1773 3801s
 18042  5393   13.13964   29  247   13.33420   12.82255  3.84%  1774 3846s
 18814  5548     cutoff   39        13.33420   12.83189  3.77%  1772 3893s
 19594  5643   12.87579   34  183   13.33420   12.83820  3.72%  1771 3966s
H19638  5643                      13.3341988   12.83820  3.72%  1769 3966s
 19937  5839   13.03916   35  305   13.33420   12.83947  3.71%  1772 4033s
 20771  5973     cutoff   26        13.33420   12.85322  3.61%  1768 4105s
 21325  6125     cutoff   37        13.33420   12.85735  3.58%  1764 4173s
 22197  6329     cutoff   21        13.33420   12.86849  3.49%  1765 4235s
 23173  6460   13.11359   31  477   13.33420   12.88304  3.38%  1762 4293s
 24084  6537     cutoff   32        13.33420   12.89442  3.30%  1769 4350s
 24967  6660     cutoff   35        13.33420   12.90194  3.24%  1775 4411s
 25972  6826   13.28989   31  209   13.33420   12.91271  3.16%  1776 4484s
 27067  6989     cutoff   31        13.33420   12.92342  3.08%  1774 4548s
 28177  7116   13.25905   31  334   13.33420   12.93362  3.00%  1774 4620s
 29306  7218   13.30792   37  202   13.33420   12.94386  2.93%  1775 4712s
 30691  7329     cutoff   27        13.33420   12.95546  2.84%  1782 4831s
 31817  7358   13.08533   26  290   13.33420   12.96570  2.76%  1787 4908s
 33008  7327   13.19217   32  342   13.33420   12.97489  2.69%  1792 4985s
 34227  7350     cutoff   34        13.33420   12.98817  2.60%  1797 5068s
 35560  7311     cutoff   33        13.33420   13.00160  2.49%  1801 5152s
 36872  7233   13.20429   29  551   13.33420   13.01693  2.38%  1804 5238s
 38217  7159     cutoff   34        13.33420   13.02670  2.31%  1811 5332s
 39695  6988   13.31893   29  347   13.33420   13.04252  2.19%  1818 5465s
 41196  6880     cutoff   35        13.33420   13.05847  2.07%  1828 5571s
 42762  6625     cutoff   30        13.33420   13.07012  1.98%  1833 5695s
 44465  6331     cutoff   25        13.33420   13.08608  1.86%  1836 5810s
 46184  5978     cutoff   26        13.33420   13.10275  1.74%  1842 5917s
 47962  5562     cutoff   33        13.33420   13.11777  1.62%  1848 6037s
 49802  5004     cutoff   27        13.33420   13.13085  1.53%  1855 6154s
 51640  4297     cutoff   34        13.33420   13.14847  1.39%  1864 6295s
 53646  3429     cutoff   38        13.33420   13.17190  1.22%  1871 6424s
 55882  2314   13.30861   36  268   13.33420   13.19415  1.05%  1873 6582s
 58424   697     cutoff   31        13.33420   13.22032  0.85%  1871 6712s
 61091     0     cutoff   41        13.33420   13.26207  0.54%  1865 6770s

Cutting planes:
  Learned: 16
  Gomory: 28
  Cover: 151
  Implied bound: 1079
  Projected implied bound: 49
  Clique: 57
  MIR: 1112
  StrongCG: 5
  Flow cover: 2541
  Inf proof: 2
  Zero half: 10
  Mod-K: 1
  RLT: 78
  Relax-and-lift: 157
  BQP: 24
  PSD: 5

Explored 62050 nodes (115229228 simplex iterations) in 6773.59 seconds (17729.76 work units)
Thread count was 32 (of 128 available processors)

Solution count 10: 13.3342 13.3342 13.3342 ... 13.4449

Optimal solution found (tolerance 5.00e-03)
Best objective 1.333419878725e+01, best bound 1.333419878725e+01, gap 0.0000%


*********************************************
*********************************************


Set parameter LogFile to value "/work/07346/ashukla/ls6/Norta_Results/norta_sm_16_11/40M"
Gurobi Optimizer version 10.0.2 build v10.0.2rc0 (linux64)

CPU model: AMD EPYC 7763 64-Core Processor, instruction set [SSE2|AVX|AVX2]
Thread count: 128 physical cores, 128 logical processors, using up to 32 threads

Optimize a model with 211739 rows, 77908 columns and 589928 nonzeros
Model fingerprint: 0x2374460d
Variable types: 55968 continuous, 21940 integer (21578 binary)
Coefficient statistics:
  Matrix range     [1e-03, 1e+05]
  Objective range  [6e-02, 6e-02]
  Bounds range     [1e+00, 3e+00]
  RHS range        [1e-02, 4e+07]

MIP start from previous solve produced solution with objective 13.3342 (0.70s)
MIP start from previous solve produced solution with objective 13.3342 (0.71s)
Loaded MIP start from previous solve with objective 13.3342

Presolve removed 176064 rows and 50614 columns
Presolve time: 1.75s
Presolved: 35675 rows, 27294 columns, 128867 nonzeros
Variable types: 23633 continuous, 3661 integer (3598 binary)
Root barrier log...

Ordering time: 0.32s

Barrier statistics:
 Dense cols : 56
 AA' NZ     : 4.340e+05
 Factor NZ  : 3.663e+06 (roughly 50 MB of memory)
 Factor Ops : 1.950e+09 (less than 1 second per iteration)
 Threads    : 32

                  Objective                Residual
Iter       Primal          Dual         Primal    Dual     Compl     Time
   0  -6.86961188e+05 -2.91092483e+05  3.65e+04 1.68e-01  7.25e+02     3s
   1  -4.08883713e+05 -3.19259695e+05  2.14e+04 3.83e-01  4.27e+02     3s
   2  -1.24776492e+05 -3.83055654e+05  2.83e+03 1.50e-13  1.41e+02     3s
   3  -2.02670062e+04 -2.92172586e+05  1.07e+02 1.04e-13  2.55e+01     3s
   4  -4.64803593e+03 -1.62233291e+05  2.55e+01 1.05e-13  6.81e+00     3s
   5  -1.14497402e+03 -1.09239847e+05  7.14e+00 8.58e-14  2.73e+00     3s
   6  -1.72764651e+02 -6.17012007e+04  1.98e+00 5.35e-14  1.16e+00     3s
   7   1.00146411e+02 -2.39024042e+04  2.77e+00 1.26e-14  3.98e-01     3s
   8   1.49587716e+02 -1.77492021e+03  1.09e-02 2.44e-15  2.98e-02     3s
   9   6.09826778e+01 -2.76869984e+02  2.24e-04 6.66e-16  5.20e-03     3s
  10   2.93168683e+01 -1.15064333e+02  8.92e-05 8.88e-16  2.22e-03     3s
  11   1.51703981e+01 -4.84507570e+01  3.28e-05 4.44e-16  9.80e-04     3s
  12   8.82404600e+00 -1.47992282e+01  1.29e-05 4.44e-16  3.64e-04     3s
  13   7.05204943e+00 -5.38369334e+00  8.34e-06 4.44e-16  1.91e-04     3s
  14   5.30231701e+00  8.85812237e-01  4.24e-06 4.44e-16  6.80e-05     3s
  15   4.62302801e+00  1.74275571e+00  2.77e-06 4.44e-16  4.44e-05     3s
  16   4.13772456e+00  2.34369465e+00  1.71e-06 4.44e-16  2.76e-05     3s
  17   3.84704926e+00  2.90951543e+00  1.07e-06 4.44e-16  1.44e-05     3s
  18   3.65241941e+00  3.08635363e+00  6.78e-07 4.44e-16  8.72e-06     3s
  19   3.54380202e+00  3.17675356e+00  4.29e-07 4.44e-16  5.65e-06     3s
  20   3.51353750e+00  3.21746527e+00  3.62e-07 4.44e-16  4.56e-06     3s
  21   3.45861741e+00  3.26760071e+00  2.41e-07 4.44e-16  2.94e-06     3s
  22   3.43416985e+00  3.29919129e+00  1.92e-07 4.44e-16  2.08e-06     4s
  23   3.39803023e+00  3.32519041e+00  1.15e-07 4.44e-16  1.12e-06     4s
  24   3.37442628e+00  3.33461342e+00  5.88e-08 4.44e-16  6.13e-07     4s
  25   3.36726095e+00  3.33929377e+00  4.18e-08 4.44e-16  4.31e-07     4s
  26   3.36019350e+00  3.34247259e+00  2.52e-08 2.22e-16  2.73e-07     4s
  27   3.35869524e+00  3.34407649e+00  2.16e-08 4.44e-16  2.25e-07     4s
  28   3.35326831e+00  3.34661965e+00  8.94e-09 2.22e-16  1.02e-07     4s
  29   3.35142625e+00  3.34836092e+00  4.66e-09 4.44e-16  4.72e-08     4s
  30   3.35036699e+00  3.34862372e+00  2.21e-09 4.44e-16  2.68e-08     4s
  31   3.34976121e+00  3.34907430e+00  1.00e-09 4.44e-16  1.06e-08     4s
  32   3.34942129e+00  3.34925610e+00  1.91e-10 4.44e-16  2.54e-09     4s
  33   3.34938365e+00  3.34937350e+00  1.35e-10 3.69e-15  1.56e-10     4s
  34   3.34938059e+00  3.34938045e+00  1.90e-10 7.52e-15  2.16e-12     4s

Barrier solved model in 34 iterations and 3.80 seconds (3.70 work units)
Optimal objective 3.34938059e+00


Root relaxation: objective 3.349381e+00, 4026 iterations, 1.91 seconds (1.87 work units)
Total elapsed time = 7.37s

    Nodes    |    Current Node    |     Objective Bounds      |     Work
 Expl Unexpl |  Obj  Depth IntInf | Incumbent    BestBd   Gap | It/Node Time

     0     0    3.34938    0  391   13.33420    3.34938  74.9%     -    8s
H    0     0                       6.5633180    3.96317  39.6%     -   32s
     0     0    3.96317    0  485    6.56332    3.96317  39.6%     -   32s
     0     0    4.00675    0  521    6.56332    4.00675  39.0%     -   41s
     0     0    4.02620    0  515    6.56332    4.02620  38.7%     -   43s
     0     0    4.03085    0  538    6.56332    4.03085  38.6%     -   46s
     0     0    4.03204    0  545    6.56332    4.03204  38.6%     -   47s
     0     0    4.03209    0  524    6.56332    4.03209  38.6%     -   49s
     0     0    4.03901    0  528    6.56332    4.03901  38.5%     -   51s
     0     0    4.04774    0  443    6.56332    4.04774  38.3%     -   56s
     0     0    4.04851    0  443    6.56332    4.04851  38.3%     -   56s
     0     0    4.05129    0  438    6.56332    4.05129  38.3%     -   58s
     0     0    4.05160    0  441    6.56332    4.05160  38.3%     -   61s
     0     0    4.05162    0  440    6.56332    4.05162  38.3%     -   61s
     0     0    4.05328    0  442    6.56332    4.05328  38.2%     -   62s
     0     0    4.05328    0  428    6.56332    4.05328  38.2%     -   64s
     0     0    4.05550    0  438    6.56332    4.05550  38.2%     -   65s
     0     0    4.05623    0  437    6.56332    4.05623  38.2%     -   65s
     0     0    4.05625    0  432    6.56332    4.05625  38.2%     -   65s
     0     0    4.05626    0  435    6.56332    4.05626  38.2%     -   66s
     0     0    4.05626    0  435    6.56332    4.05626  38.2%     -   66s
     0     0    4.05663    0  419    6.56332    4.05663  38.2%     -   67s
     0     0    4.05698    0  429    6.56332    4.05698  38.2%     -   67s
     0     0    4.05698    0  429    6.56332    4.05698  38.2%     -   67s
     0     0    4.05698    0  311    6.56332    4.05698  38.2%     -   71s
     0     2    4.05698    0  311    6.56332    4.05698  38.2%     -   77s
     1     4    4.18679    1  387    6.56332    4.05698  38.2%  6431   82s
     3     8    4.25007    2  541    6.56332    4.05929  38.2%  5174   90s
     7    16    5.58821    3  628    6.56332    4.05977  38.1%  4735  104s
    15    32    5.68003    4  616    6.56332    4.06238  38.1%  4370  112s
    31    64    6.23829    5  786    6.56332    4.06565  38.1%  4270  170s
H   33    64                       6.5557977    4.06565  38.0%  4609  170s
H   51    64                       6.5543258    4.07262  37.9%  8014  170s
    63    96    6.24669    6  702    6.55433    4.07262  37.9%  7244  211s
    95   128    6.24692    7  713    6.55433    4.07564  37.8%  5796  220s
H  103   128                       6.4876530    4.07564  37.2%  5472  220s
H  121   128                       6.4766434    4.07664  37.1%  4935  220s
   127   160    6.24820    8  636    6.47664    4.07664  37.1%  4746  228s
H  159   192                       6.4216553    4.07664  36.5%  4250  252s
H  161   192                       6.4022539    4.07664  36.3%  4257  252s
H  162   192                       6.3746669    4.07664  36.0%  4241  252s
H  164   192                       6.3705658    4.07664  36.0%  4224  252s
H  165   192                       6.3633152    4.07664  35.9%  4246  252s
H  170   192                       6.3452589    4.07664  35.8%  4214  252s
H  171   192                       6.3171101    4.07664  35.5%  4199  252s
H  177   192                       6.2860370    4.07664  35.1%  4153  252s
   191   223     cutoff   10         6.28604    4.07664  35.1%  4064  261s
   228   251     cutoff   10         6.28604    4.07664  35.1%  3987  414s
H  229   251                       5.1808090    4.07664  21.3%  3969  414s
H  231   251                       5.1287509    4.07664  20.5%  3942  414s
H  232   251                       4.9357284    4.07664  17.4%  3925  414s
H  234   251                       4.8860400    4.07664  16.6%  3935  414s
H  236   251                       4.5230481    4.07664  9.87%  3917  414s
   260   213     cutoff    9         4.52305    4.07851  9.83%  3810  431s
   314   211    4.23756    9  344    4.52305    4.07851  9.83%  3294  440s
   372   231    4.26079   10  323    4.52305    4.07851  9.83%  3176  448s
   422   264     cutoff   11         4.52305    4.07851  9.83%  3227  458s
   482   301    4.30899   10  195    4.52305    4.07851  9.83%  3169  466s
   545   344    4.31493   11  170    4.52305    4.07851  9.83%  3105  477s
   615   394    4.34481   13  235    4.52305    4.07851  9.83%  3017  486s
   690   454    4.37012   14  226    4.52305    4.07851  9.83%  2942  496s
   777   481    4.39277   17  154    4.52305    4.07851  9.83%  2860  516s
H  820   481                       4.5107650    4.07851  9.58%  2843  516s
   824   483    4.40275   18  165    4.51077    4.07851  9.58%  2841  530s
   889   462     cutoff   19         4.51077    4.07851  9.58%  2970  544s
   957   442     cutoff   14         4.51077    4.07851  9.58%  3110  558s
  1031   433    4.38424   10  122    4.51077    4.07851  9.58%  3206  574s
  1090   436    4.42103   11  127    4.51077    4.07851  9.58%  3322  588s
  1161   447    4.50923   12   54    4.51077    4.17829  7.37%  3355  604s
  1263   450    4.33141   10  112    4.51077    4.17829  7.37%  3379  618s
  1349   454    4.42637   12  156    4.51077    4.17829  7.37%  3393  634s
  1461   464     cutoff   15         4.51077    4.18216  7.28%  3369  663s
  1591   483    4.42978   26  113    4.51077    4.18216  7.28%  3333  681s
  1728   494    4.45611   35   89    4.51077    4.18216  7.28%  3244  696s
  1890   462    4.48893   40   79    4.51077    4.22659  6.30%  3140  715s
  2001   453    4.41297   22  289    4.51077    4.22659  6.30%  3149  730s
  2098   439     cutoff   26         4.51077    4.27199  5.29%  3181  750s
  2212   426     cutoff   23         4.51077    4.27199  5.29%  3209  766s
H 2327   426                       4.5029538    4.27199  5.13%  3178  766s
* 2339   426              28       4.4987519    4.27199  5.04%  3170  766s
  2363   349     cutoff   19         4.49875    4.30273  4.36%  3166  781s
  2511   263     cutoff   22         4.49875    4.32114  3.95%  3150  796s
  2657   111    4.47775   15  249    4.49875    4.39376  2.33%  3138  811s
* 2834   111              26       4.4960256    4.39376  2.27%  3050  811s
  2912     4     cutoff   16         4.49603    4.42546  1.57%  3007  823s
  3033     2    4.42547   11  463    4.49603    4.42547  1.57%  2913  833s
  3037     0     cutoff   12         4.49603    4.49603  0.00%  2913  836s

Cutting planes:
  Learned: 8
  Gomory: 35
  Cover: 182
  Implied bound: 1851
  Clique: 80
  MIR: 496
  StrongCG: 4
  Flow cover: 181
  Zero half: 10
  RLT: 85
  Relax-and-lift: 118
  BQP: 14
  PSD: 9

Explored 3039 nodes (8899804 simplex iterations) in 837.04 seconds (1871.65 work units)
Thread count was 32 (of 128 available processors)

Solution count 10: 4.49603 4.49875 4.50295 ... 6.28604

Optimal solution found (tolerance 5.00e-03)
Best objective 4.496025625001e+00, best bound 4.496025625001e+00, gap 0.0000%


*********************************************
*********************************************


Set parameter LogFile to value "/work/07346/ashukla/ls6/Norta_Results/norta_sm_16_11/60M"
Gurobi Optimizer version 10.0.2 build v10.0.2rc0 (linux64)

CPU model: AMD EPYC 7763 64-Core Processor, instruction set [SSE2|AVX|AVX2]
Thread count: 128 physical cores, 128 logical processors, using up to 32 threads

Optimize a model with 211739 rows, 77908 columns and 589928 nonzeros
Model fingerprint: 0x3f2308a6
Variable types: 55968 continuous, 21940 integer (21578 binary)
Coefficient statistics:
  Matrix range     [1e-03, 1e+05]
  Objective range  [6e-02, 6e-02]
  Bounds range     [1e+00, 3e+00]
  RHS range        [1e-02, 6e+07]

MIP start from previous solve produced solution with objective 4.49603 (0.72s)
MIP start from previous solve produced solution with objective 4.49603 (0.73s)
Loaded MIP start from previous solve with objective 4.49603

Presolve removed 176064 rows and 50614 columns
Presolve time: 1.81s
Presolved: 35675 rows, 27294 columns, 128867 nonzeros
Variable types: 23633 continuous, 3661 integer (3598 binary)
Root barrier log...

Ordering time: 0.32s

Barrier statistics:
 Dense cols : 56
 AA' NZ     : 4.340e+05
 Factor NZ  : 3.663e+06 (roughly 50 MB of memory)
 Factor Ops : 1.950e+09 (less than 1 second per iteration)
 Threads    : 32

                  Objective                Residual
Iter       Primal          Dual         Primal    Dual     Compl     Time
   0  -9.14559618e+05 -2.91093124e+05  4.85e+04 1.68e-01  9.63e+02     3s
   1  -5.57817419e+05 -3.17854681e+05  2.89e+04 4.48e-01  5.86e+02     3s
   2  -2.05847255e+05 -4.14116821e+05  7.46e+03 1.64e-13  2.32e+02     3s
   3  -1.05103262e+04 -3.47157382e+05  5.62e+01 2.05e-13  1.67e+01     3s
   4  -3.55084726e+03 -1.49246839e+05  1.98e+01 6.15e-14  5.47e+00     3s
   5  -2.91150778e+02 -7.79606441e+04  2.65e+00 1.76e-14  1.53e+00     3s
   6   7.41937854e+01 -3.81154156e+04  6.30e-01 8.03e-15  6.41e-01     3s
   7   1.55477677e+02 -4.62567807e+03  1.98e-02 2.71e-15  7.41e-02     3s
   8   8.98212663e+01 -7.91096431e+02  1.88e-03 8.88e-16  1.36e-02     3s
   9   2.85035321e+01 -1.64210744e+02  5.49e-05 4.44e-16  2.97e-03     3s
  10   1.03606180e+01 -6.50963870e+01  9.43e-06 4.44e-16  1.16e-03     3s
  11   4.45521007e+00 -2.60460971e+01  2.91e-06 4.44e-16  4.70e-04     3s
  12   4.39288746e+00 -1.70354120e+01  2.81e-06 4.44e-16  3.30e-04     3s
  13   3.27055175e+00 -7.87475247e+00  1.96e-06 4.44e-16  1.72e-04     3s
  14   1.99321856e+00 -2.52856381e+00  1.06e-06 4.44e-16  6.96e-05     4s
  15   1.48529002e+00 -1.34396682e+00  7.36e-07 4.44e-16  4.36e-05     4s
  16   9.14502059e-01 -2.38437057e-01  3.99e-07 4.44e-16  1.77e-05     4s
  17   6.31294426e-01  1.82617347e-01  2.16e-07 4.44e-16  6.91e-06     4s
  18   5.02472612e-01  2.23122873e-01  1.38e-07 4.44e-16  4.30e-06     4s
  19   4.38777509e-01  2.48887205e-01  9.56e-08 4.44e-16  2.92e-06     4s
  20   3.89884673e-01  2.60191643e-01  6.28e-08 2.22e-16  2.00e-06     4s
  21   3.59989298e-01  2.72047317e-01  4.30e-08 4.44e-16  1.35e-06     4s
  22   3.45951278e-01  2.79767770e-01  3.42e-08 4.44e-16  1.02e-06     4s
  23   3.24744726e-01  2.86101518e-01  2.00e-08 4.44e-16  5.95e-07     4s
  24   3.10817956e-01  2.88112834e-01  1.07e-08 4.44e-16  3.50e-07     4s
  25   3.07525147e-01  2.89412469e-01  8.51e-09 2.22e-16  2.79e-07     4s
  26   3.04132661e-01  2.91593990e-01  6.28e-09 4.44e-16  1.93e-07     4s
  27   3.02019444e-01  2.92309428e-01  4.88e-09 2.22e-16  1.49e-07     4s
  28   2.99340664e-01  2.93439715e-01  3.20e-09 2.22e-16  9.09e-08     4s
  29   2.96057452e-01  2.93994011e-01  9.57e-10 4.44e-16  3.18e-08     4s
  30   2.95540847e-01  2.94245180e-01  6.04e-10 4.44e-16  1.99e-08     4s
  31   2.95227570e-01  2.94480942e-01  3.91e-10 4.44e-16  1.15e-08     4s
  32   2.94878756e-01  2.94604241e-01  1.57e-10 1.03e-13  4.23e-09     4s
  33   2.94646221e-01  2.94632914e-01  3.11e-10 9.76e-14  2.05e-10     4s
  34   2.94644688e-01  2.94637522e-01  1.98e-09 5.91e-14  1.10e-10     4s
  35   2.94642811e-01  2.94642730e-01  6.40e-10 9.78e-15  1.25e-12     4s

Barrier solved model in 35 iterations and 4.09 seconds (3.74 work units)
Optimal objective 2.94642811e-01

Extra simplex iterations after uncrush: 2

Root relaxation: objective 2.946428e-01, 3105 iterations, 2.16 seconds (1.83 work units)
Total elapsed time = 8.11s

    Nodes    |    Current Node    |     Objective Bounds      |     Work
 Expl Unexpl |  Obj  Depth IntInf | Incumbent    BestBd   Gap | It/Node Time

     0     0    0.29464    0  160    4.49603    0.29464  93.4%     -    9s
H    0     0                       3.5427500    0.29464  91.7%     -   11s
H    0     0                       3.5427499    0.29464  91.7%     -   11s
H    0     0                       3.5427499    0.29464  91.7%     -   11s
H    0     0                       3.4620990    0.38522  88.9%     -   29s
     0     0    0.38522    0  289    3.46210    0.38522  88.9%     -   29s
H    0     0                       2.4892329    0.38522  84.5%     -   31s
     0     0    0.38522    0  298    2.48923    0.38522  84.5%     -   34s
     0     0    0.39460    0  349    2.48923    0.39460  84.1%     -   38s
     0     0    0.39683    0  328    2.48923    0.39683  84.1%     -   40s
     0     0    0.40042    0  316    2.48923    0.40042  83.9%     -   43s
H    0     0                       2.4172519    0.40042  83.4%     -   45s
     0     0    0.40056    0  308    2.41725    0.40056  83.4%     -   46s
     0     0    0.40093    0  318    2.41725    0.40093  83.4%     -   48s
     0     0    0.40094    0  320    2.41725    0.40094  83.4%     -   49s
     0     0    0.40094    0  314    2.41725    0.40094  83.4%     -   49s
H    0     0                       2.4133193    0.40094  83.4%     -   52s
     0     0    0.40094    0  314    2.41332    0.40094  83.4%     -   52s
     0     0    0.40094    0  315    2.41332    0.40094  83.4%     -   52s
     0     0    0.40097    0  314    2.41332    0.40097  83.4%     -   53s
     0     0    0.40126    0  262    2.41332    0.40126  83.4%     -   57s
H    0     0                       2.3721769    0.40126  83.1%     -   59s
     0     0    0.40131    0  278    2.37218    0.40131  83.1%     -   60s
     0     0    0.40143    0  276    2.37218    0.40143  83.1%     -   61s
     0     0    0.40167    0  288    2.37218    0.40167  83.1%     -   63s
     0     0    0.40177    0  282    2.37218    0.40177  83.1%     -   64s
H    0     0                       2.3010934    0.40177  82.5%     -   67s
     0     0    0.40177    0  282    2.30109    0.40177  82.5%     -   67s
     0     0    0.40178    0  292    2.30109    0.40178  82.5%     -   67s
H    0     0                       2.2972763    0.40178  82.5%     -   70s
H    0     0                       1.4764530    0.40178  72.8%     -   70s
     0     0    0.40178    0  291    1.47645    0.40178  72.8%     -   70s
     0     0    0.40186    0  287    1.47645    0.40186  72.8%     -   70s
     0     0    0.40186    0  238    1.47645    0.40186  72.8%     -   74s
     0     2    0.40186    0  238    1.47645    0.40186  72.8%     -   81s
     1     4    0.52825    1  230    1.47645    0.40186  72.8%  3892   85s
     3     8    0.61367    2  220    1.47645    0.40303  72.7%  2962   93s
     7    14    0.78281    3  192    1.47645    0.40303  72.7%  3413  100s
    15    24    0.82497    4  187    1.47645    0.40323  72.7%  3849  109s
    29    38    0.97105    5  244    1.47645    0.40358  72.7%  4757  142s
    53    64     cutoff    6         1.47645    0.40412  72.6%  5265  151s
H   85    94                       1.1037465    0.40461  63.3%  4266  159s
H   92    94                       1.0500195    0.40461  61.5%  4084  159s
   117   108    0.90325    8  146    1.05002    0.40461  61.5%  3687  164s
H  124   108                       1.0064636    0.40461  59.8%  3531  164s
   149   124    0.90342    9  145    1.00646    0.40461  59.8%  3034  175s
H  153   124                       1.0064635    0.40461  59.8%  3026  175s
H  156   124                       1.0038559    0.40461  59.7%  3027  175s
   181   148    0.90445   10  124    1.00386    0.40461  59.7%  2876  184s
H  227   172                       1.0036553    0.40461  59.7%  2694  265s
H  228   172                       1.0002746    0.40461  59.6%  2682  265s
H  229   172                       0.9967312    0.40461  59.4%  2698  265s
H  230   172                       0.9949672    0.40461  59.3%  2687  265s
H  231   172                       0.9947871    0.40461  59.3%  2677  265s
H  233   172                       0.9915224    0.40461  59.2%  2667  265s
H  234   172                       0.9831936    0.40461  58.8%  2672  265s
   259   196    0.90559   12   88    0.98319    0.40461  58.8%  2781  273s
H  302   221                       0.9678036    0.40461  58.2%  2683  382s
H  303   221                       0.5542994    0.40461  27.0%  2677  382s
H  333   221                       0.5306538    0.40461  23.8%  2619  382s
   335   102     cutoff   13         0.53065    0.40490  23.7%  2614  391s
   426    34    0.47123    8  100    0.53065    0.40965  22.8%  2147  397s
   508    30     cutoff    9         0.53065    0.40965  22.8%  1872  405s
   536    40    0.42603   11  245    0.53065    0.40965  22.8%  1843  411s
   577    42     cutoff   12         0.53065    0.40965  22.8%  1786  418s
H  604    42                       0.5195681    0.40965  21.2%  1763  418s
*  617    42              16       0.5085769    0.40965  19.5%  1740  418s
   634    19    0.44713   14  111    0.50858    0.40965  19.5%  1702  422s
   660    21    0.45610   15  108    0.50858    0.40965  19.5%  1698  428s
   676    31    0.46687   16  109    0.50858    0.40965  19.5%  1705  434s
   708    45    0.48543   17  108    0.50858    0.40965  19.5%  1663  438s
   752    46     cutoff   18         0.50858    0.40965  19.5%  1633  442s
   808    39    0.45891   24  149    0.50858    0.40965  19.5%  1591  446s
   850    58    0.46007   25  176    0.50858    0.40965  19.5%  1582  450s
   930    74     cutoff   27         0.50858    0.40965  19.5%  1509  455s
  1016    73    0.46946   27  186    0.50858    0.40965  19.5%  1447  460s
  1237    36     cutoff   30         0.50858    0.46183  9.19%  1293  466s
  1322    27     cutoff   36         0.50858    0.46822  7.93%  1242  477s
  1442     3     cutoff   57         0.50858    0.49805  2.07%  1191  481s

Cutting planes:
  Learned: 4
  Gomory: 18
  Cover: 189
  Implied bound: 1486
  Clique: 120
  MIR: 377
  StrongCG: 3
  Flow cover: 156
  Zero half: 4
  RLT: 38
  Relax-and-lift: 145
  BQP: 7
  PSD: 4

Explored 1459 nodes (1777258 simplex iterations) in 482.19 seconds (913.84 work units)
Thread count was 32 (of 128 available processors)

Solution count 10: 0.508577 0.519568 0.530654 ... 0.996731

Optimal solution found (tolerance 5.00e-03)
Best objective 5.085768750004e-01, best bound 5.085768750004e-01, gap 0.0000%


*********************************************
*********************************************


Set parameter LogFile to value "/work/07346/ashukla/ls6/Norta_Results/norta_sm_16_11/80M"
Gurobi Optimizer version 10.0.2 build v10.0.2rc0 (linux64)

CPU model: AMD EPYC 7763 64-Core Processor, instruction set [SSE2|AVX|AVX2]
Thread count: 128 physical cores, 128 logical processors, using up to 32 threads

Optimize a model with 211739 rows, 77908 columns and 589928 nonzeros
Model fingerprint: 0x967c7dbe
Variable types: 55968 continuous, 21940 integer (21578 binary)
Coefficient statistics:
  Matrix range     [1e-03, 1e+05]
  Objective range  [6e-02, 6e-02]
  Bounds range     [1e+00, 3e+00]
  RHS range        [1e-02, 8e+07]

MIP start from previous solve produced solution with objective 0.508577 (0.73s)
MIP start from previous solve produced solution with objective 0.508577 (0.74s)
Loaded MIP start from previous solve with objective 0.508577

Presolve removed 180433 rows and 51356 columns
Presolve time: 1.94s
Presolved: 31306 rows, 26552 columns, 116436 nonzeros
Variable types: 23035 continuous, 3517 integer (3458 binary)
Root barrier log...

Ordering time: 0.25s

Barrier statistics:
 Dense cols : 45
 AA' NZ     : 3.323e+05
 Factor NZ  : 2.643e+06 (roughly 40 MB of memory)
 Factor Ops : 1.088e+09 (less than 1 second per iteration)
 Threads    : 32

                  Objective                Residual
Iter       Primal          Dual         Primal    Dual     Compl     Time
   0  -6.77961321e+04 -2.46009209e+05  3.45e+02 1.68e-01  7.40e+01     3s
   1  -2.47556934e+04 -2.13809947e+05  1.27e+02 4.07e-01  2.84e+01     3s
   2  -4.21388434e+03 -1.33734407e+05  2.25e+01 9.59e-14  5.97e+00     3s
   3  -3.17266639e+02 -9.45258818e+04  2.66e+00 5.55e-14  1.99e+00     3s
   4  -6.39663052e+00 -5.14622060e+04  1.03e+00 4.48e-14  9.81e-01     3s
   5   6.59914227e+01 -1.43268848e+04  6.04e-01 1.22e-14  2.75e-01     3s
   6   1.28348221e+02 -1.45825614e+03  3.56e-02 2.53e-15  2.77e-02     3s
   7   7.42847677e+01 -4.82026201e+02  1.13e-02 4.66e-15  9.58e-03     3s
   8   2.38664016e+01 -1.44914409e+02  1.41e-03 2.89e-15  2.88e-03     3s
   9   5.66204254e+00 -3.44160382e+01  8.21e-05 1.11e-15  6.81e-04     3s
  10   9.08887908e-01 -7.73265698e+00  2.15e-06 4.44e-16  1.47e-04     3s
  11   2.14264195e-01 -2.98648142e+00  3.46e-07 4.44e-16  5.43e-05     3s
  12   6.40101763e-02 -1.05273552e+00  5.90e-08 4.44e-16  1.90e-05     3s
  13   1.71416583e-02 -1.49106023e-01  1.33e-08 4.44e-16  2.82e-06     3s
  14   2.20067081e-03 -7.91274346e-03  1.52e-09 4.44e-16  1.72e-07     3s
  15   2.92167232e-04 -4.11901686e-04  1.92e-10 4.44e-16  1.20e-08     3s
  16   2.95433665e-07 -4.25222140e-07  1.48e-11 4.44e-16  1.22e-11     3s

Barrier solved model in 16 iterations and 3.45 seconds (3.22 work units)
Optimal objective 2.95433665e-07


Restart crossover...


Root relaxation: objective 1.023182e-12, 5695 iterations, 1.92 seconds (2.37 work units)
Total elapsed time = 9.96s
Total elapsed time = 10.74s

    Nodes    |    Current Node    |     Objective Bounds      |     Work
 Expl Unexpl |  Obj  Depth IntInf | Incumbent    BestBd   Gap | It/Node Time

     0     0    0.00000    0   19    0.50858    0.00000   100%     -   11s
H    0     0                       0.2782924    0.00000   100%     -   18s
     0     0    0.00000    0   58    0.27829    0.00000   100%     -   18s
     0     0    0.00000    0   52    0.27829    0.00000   100%     -   20s
H    0     0                       0.2428673    0.00000   100%     -   25s
     0     0    0.00000    0    9    0.24287    0.00000   100%     -   27s
     0     0    0.00000    0   15    0.24287    0.00000   100%     -   28s
     0     0    0.00000    0    9    0.24287    0.00000   100%     -   29s
     0     0    0.00000    0    9    0.24287    0.00000   100%     -   30s
     0     0    0.00000    0    9    0.24287    0.00000   100%     -   30s
     0     0    0.00000    0    9    0.24287    0.00000   100%     -   30s
     0     0    0.00000    0    9    0.24287    0.00000   100%     -   31s
     0     0    0.00000    0    9    0.24287    0.00000   100%     -   31s
     0     0    0.00000    0    9    0.24287    0.00000   100%     -   31s
     0     0    0.00000    0    9    0.24287    0.00000   100%     -   31s
     0     0    0.00000    0    9    0.24287    0.00000   100%     -   31s
     0     0    0.00000    0    9    0.24287    0.00000   100%     -   32s
     0     2    0.00000    0    9    0.24287    0.00000   100%     -   33s
     1     4    0.00145    1   77    0.24287    0.00000   100% 15395   46s
     3     6 infeasible    2         0.24287    0.00000   100%  6529   56s
H    7    10                       0.0786214    0.00000   100%  5952   74s
    13     8    0.00001    4   43    0.07862    0.00000   100%  6389   82s
    23    15    0.00105    5   46    0.07862    0.00000   100%  4882   88s
    31    19    0.04381    6   72    0.07862    0.00000   100%  4239   93s
H   32    19                       0.0745014    0.00000   100%  4107   94s
H   35    19                       0.0044948    0.00000   100%  3890   94s
    46     6     cutoff    7         0.00449    0.00000   100%  3430   96s
H   50     6                       0.0000000    0.00000  0.00%  3219   96s

Cutting planes:
  Learned: 2
  Cover: 20
  Implied bound: 564
  Clique: 18
  MIR: 120
  StrongCG: 1
  Flow cover: 15
  RLT: 5
  Relax-and-lift: 43
  PSD: 1

Explored 61 nodes (212599 simplex iterations) in 96.84 seconds (187.44 work units)
Thread count was 32 (of 128 available processors)

Solution count 7: 5.68434e-13 0.00449482 0.0745014 ... 0.508577

Optimal solution found (tolerance 5.00e-03)
Best objective 5.684341886081e-13, best bound 5.684341886081e-13, gap 0.0000%


*********************************************
*********************************************


