Set parameter TokenServer to value "license02.tacc.utexas.edu"
Set parameter LogFile to value "/work/07346/ashukla/ls6/Norta_Results/norta_sm_16_0/0M"
Set parameter MIPGap to value 0.005
Set parameter TimeLimit to value 32400
Set parameter Method to value 2
Gurobi Optimizer version 10.0.2 build v10.0.2rc0 (linux64)

CPU model: AMD EPYC 7763 64-Core Processor, instruction set [SSE2|AVX|AVX2]
Thread count: 128 physical cores, 128 logical processors, using up to 32 threads

Optimize a model with 211707 rows, 77908 columns and 589832 nonzeros
Model fingerprint: 0xb4259a86
Variable types: 55968 continuous, 21940 integer (21578 binary)
Coefficient statistics:
  Matrix range     [1e-03, 1e+05]
  Objective range  [6e-02, 6e-02]
  Bounds range     [1e+00, 3e+00]
  RHS range        [1e-02, 2e+04]
Presolve removed 210825 rows and 76724 columns
Presolve time: 1.41s
Presolved: 882 rows, 1184 columns, 4022 nonzeros
Variable types: 1036 continuous, 148 integer (148 binary)
Found heuristic solution: objective 65.5921693
Root barrier log...

Ordering time: 0.00s

Barrier statistics:
 AA' NZ     : 4.685e+03
 Factor NZ  : 2.126e+04 (roughly 1 MB of memory)
 Factor Ops : 1.015e+06 (less than 1 second per iteration)
 Threads    : 1

                  Objective                Residual
Iter       Primal          Dual         Primal    Dual     Compl     Time
   0  -1.88103961e+03 -8.21153673e+03  1.57e+02 2.05e-01  3.52e+01     2s
   1  -3.20854123e+01 -4.38036948e+03  7.09e+00 3.25e-02  3.42e+00     2s
   2   4.68403622e+01 -5.05713019e+02  6.48e-01 7.41e-05  3.29e-01     2s
   3   5.17661668e+01 -1.07092567e+01  5.53e-02 1.11e-15  3.26e-02     2s
   4   4.71812375e+01  2.96328143e+01  1.36e-03 1.33e-15  8.65e-03     2s
   5   4.45308360e+01  3.98154301e+01  8.73e-05 4.44e-16  2.32e-03     2s
   6   4.39077086e+01  4.22616976e+01  2.24e-05 2.22e-16  8.09e-04     2s
   7   4.37301575e+01  4.30021777e+01  6.50e-06 4.44e-16  3.58e-04     2s
   8   4.36876926e+01  4.34166795e+01  3.83e-06 2.22e-16  1.33e-04     2s
   9   4.36573132e+01  4.35274272e+01  1.24e-06 2.22e-16  6.38e-05     2s
  10   4.36421644e+01  4.36203980e+01  5.11e-07 4.44e-16  1.07e-05     2s
  11   4.36324600e+01  4.36312921e+01  2.73e-10 2.22e-16  5.74e-07     2s
  12   4.36322248e+01  4.36322230e+01  2.82e-10 2.22e-16  8.92e-10     2s
  13   4.36322242e+01  4.36322242e+01  1.10e-09 4.44e-16  8.96e-13     2s

Barrier solved model in 13 iterations and 1.51 seconds (1.71 work units)
Optimal objective 4.36322242e+01


Root relaxation: objective 4.363222e+01, 21 iterations, 0.02 seconds (0.02 work units)

    Nodes    |    Current Node    |     Objective Bounds      |     Work
 Expl Unexpl |  Obj  Depth IntInf | Incumbent    BestBd   Gap | It/Node Time

     0     0   43.63222    0    3   65.59217   43.63222  33.5%     -    1s
H    0     0                      43.6837084   43.63222  0.12%     -    1s

Explored 1 nodes (21 simplex iterations) in 1.53 seconds (1.72 work units)
Thread count was 32 (of 128 available processors)

Solution count 2: 43.6837 65.5922 

Optimal solution found (tolerance 5.00e-03)
Best objective 4.368370835016e+01, best bound 4.363222416436e+01, gap 0.1179%


*********************************************
*********************************************


Set parameter LogFile to value "/work/07346/ashukla/ls6/Norta_Results/norta_sm_16_0/20M"
Gurobi Optimizer version 10.0.2 build v10.0.2rc0 (linux64)

CPU model: AMD EPYC 7763 64-Core Processor, instruction set [SSE2|AVX|AVX2]
Thread count: 128 physical cores, 128 logical processors, using up to 32 threads

Optimize a model with 211707 rows, 77908 columns and 589832 nonzeros
Model fingerprint: 0x6dd87a07
Variable types: 55968 continuous, 21940 integer (21578 binary)
Coefficient statistics:
  Matrix range     [1e-03, 1e+05]
  Objective range  [6e-02, 6e-02]
  Bounds range     [1e+00, 3e+00]
  RHS range        [1e-02, 2e+07]

MIP start from previous solve produced solution with objective 43.6837 (0.56s)
MIP start from previous solve produced solution with objective 43.6837 (0.57s)
Loaded MIP start from previous solve with objective 43.6837

Presolve removed 176723 rows and 50741 columns
Presolve time: 1.58s
Presolved: 34984 rows, 27167 columns, 126857 nonzeros
Variable types: 23539 continuous, 3628 integer (3565 binary)
Root barrier log...

Ordering time: 0.31s

Barrier statistics:
 Dense cols : 60
 AA' NZ     : 3.876e+05
 Factor NZ  : 3.289e+06 (roughly 50 MB of memory)
 Factor Ops : 1.579e+09 (less than 1 second per iteration)
 Threads    : 32

                  Objective                Residual
Iter       Primal          Dual         Primal    Dual     Compl     Time
   0  -9.31570074e+05 -2.84062268e+05  4.81e+04 1.68e-01  9.72e+02     3s
   1  -5.83306344e+05 -3.15000663e+05  2.98e+04 2.67e-01  6.02e+02     3s
   2  -1.58044257e+05 -3.78890458e+05  6.54e+03 3.51e-13  1.75e+02     3s
   3  -1.50157609e+04 -3.18552486e+05  4.25e+02 2.01e-13  2.08e+01     3s
   4  -3.79572407e+03 -1.37994387e+05  1.15e+02 3.26e-14  5.57e+00     3s
   5  -1.45656697e+03 -9.04308090e+04  8.70e+00 1.47e-14  2.61e+00     3s
   6  -5.13055948e+02 -4.94687502e+04  3.73e+00 6.98e-15  1.16e+00     3s
   7  -1.01974207e+02 -1.56910583e+04  1.50e+00 2.39e-15  3.41e-01     3s
   8   8.94591818e+01 -3.75268311e+03  3.36e-01 1.55e-15  7.25e-02     3s
   9   8.30118381e+01 -3.72604697e+02  1.30e-02 1.49e-14  7.30e-03     3s
  10   3.60615971e+01 -1.20530071e+02  2.20e-03 4.00e-15  2.47e-03     3s
  11   2.49467263e+01 -7.98779409e+01  1.09e-03 2.66e-15  1.65e-03     3s
  12   2.05986153e+01 -4.01883376e+01  7.21e-04 1.50e-15  9.55e-04     3s
  13   1.77793890e+01 -1.86685127e+01  5.19e-04 8.60e-16  5.73e-04     3s
  14   1.45495231e+01 -5.86765403e+00  3.02e-04 4.44e-16  3.21e-04     3s
  15   1.34830369e+01  6.56377943e-01  2.43e-04 4.44e-16  2.02e-04     3s
  16   1.27059065e+01  3.58760690e+00  1.97e-04 4.44e-16  1.44e-04     3s
  17   1.14083208e+01  5.38271405e+00  1.25e-04 4.44e-16  9.49e-05     3s
  18   1.07572841e+01  7.01040672e+00  9.06e-05 4.44e-16  5.91e-05     3s
  19   1.02916865e+01  7.81756055e+00  6.66e-05 2.22e-16  3.91e-05     3s
  20   9.99836648e+00  8.02647431e+00  5.06e-05 4.44e-16  3.11e-05     3s
  21   9.80824127e+00  8.32812310e+00  4.03e-05 2.22e-16  2.34e-05     3s
  22   9.49758669e+00  8.51919910e+00  2.32e-05 4.44e-16  1.54e-05     3s
  23   9.34609303e+00  8.74057521e+00  1.59e-05 4.44e-16  9.56e-06     3s
  24   9.26097522e+00  8.83914240e+00  1.13e-05 2.22e-16  6.66e-06     3s
  25   9.25444372e+00  8.85928889e+00  1.09e-05 4.44e-16  6.24e-06     3s
  26   9.15322645e+00  8.90394459e+00  5.55e-06 4.44e-16  3.93e-06     3s
  27   9.11176185e+00  8.95642952e+00  3.38e-06 4.44e-16  2.45e-06     3s
  28   9.08032117e+00  8.99355806e+00  1.77e-06 4.44e-16  1.37e-06     3s
  29   9.06906164e+00  9.01692602e+00  1.20e-06 4.44e-16  8.22e-07     3s
  30   9.06459915e+00  9.02659404e+00  9.79e-07 4.44e-16  6.00e-07     3s
  31   9.05920913e+00  9.03196642e+00  7.09e-07 4.44e-16  4.30e-07     3s
  32   9.05557822e+00  9.03422512e+00  5.26e-07 4.44e-16  3.37e-07     3s
  33   9.05245200e+00  9.04006515e+00  3.70e-07 2.22e-16  1.96e-07     3s
  34   9.04986920e+00  9.04255794e+00  2.41e-07 4.44e-16  1.16e-07     3s
  35   9.04796561e+00  9.04338266e+00  1.46e-07 4.44e-16  7.25e-08     3s
  36   9.04626652e+00  9.04413884e+00  6.11e-08 4.44e-16  3.36e-08     3s
  37   9.04598582e+00  9.04450521e+00  4.75e-08 4.44e-16  2.34e-08     3s
  38   9.04519289e+00  9.04483235e+00  8.91e-09 1.13e-15  5.69e-09     3s
  39   9.04504895e+00  9.04496032e+00  2.25e-09 7.28e-15  1.40e-09     4s
  40   9.04501297e+00  9.04499142e+00  6.51e-10 1.12e-14  3.41e-10     4s
  41   9.04500242e+00  9.04499395e+00  1.63e-09 3.87e-14  1.33e-10     4s
  42   9.04499844e+00  9.04499803e+00  9.15e-10 1.26e-15  6.52e-12     4s

Barrier solved model in 42 iterations and 3.58 seconds (3.66 work units)
Optimal objective 9.04499844e+00

Extra simplex iterations after uncrush: 1

Root relaxation: objective 9.044998e+00, 4267 iterations, 2.10 seconds (2.17 work units)
Total elapsed time = 6.88s

    Nodes    |    Current Node    |     Objective Bounds      |     Work
 Expl Unexpl |  Obj  Depth IntInf | Incumbent    BestBd   Gap | It/Node Time

     0     0    9.04500    0  468   43.68371    9.04500  79.3%     -    7s
H    0     0                      43.6837083    9.04500  79.3%     -    9s
H    0     0                      18.2381539   10.09152  44.7%     -   22s
H    0     0                      14.3878697   10.09152  29.9%     -   22s
     0     0   10.09152    0  583   14.38787   10.09152  29.9%     -   22s
     0     0   10.13714    0  482   14.38787   10.13714  29.5%     -   26s
     0     0   10.16852    0  498   14.38787   10.16852  29.3%     -   26s
     0     0   10.16883    0  649   14.38787   10.16883  29.3%     -   27s
     0     0   10.16887    0  651   14.38787   10.16887  29.3%     -   27s
     0     0   10.24800    0  459   14.38787   10.24800  28.8%     -   31s
     0     0   10.25349    0  456   14.38787   10.25349  28.7%     -   33s
     0     0   10.26001    0  457   14.38787   10.26001  28.7%     -   33s
     0     0   10.26001    0  456   14.38787   10.26001  28.7%     -   34s
     0     0   10.32056    0  464   14.38787   10.32056  28.3%     -   37s
     0     0   10.32435    0  428   14.38787   10.32435  28.2%     -   40s
     0     0   10.32449    0  434   14.38787   10.32449  28.2%     -   40s
     0     0   10.34146    0  409   14.38787   10.34146  28.1%     -   43s
     0     0   10.34372    0  577   14.38787   10.34372  28.1%     -   44s
     0     0   10.34381    0  592   14.38787   10.34381  28.1%     -   44s
     0     0   10.34427    0  578   14.38787   10.34427  28.1%     -   45s
     0     0   10.34865    0  574   14.38787   10.34865  28.1%     -   49s
     0     0   10.34883    0  572   14.38787   10.34883  28.1%     -   49s
     0     0   10.35009    0  572   14.38787   10.35009  28.1%     -   50s
     0     0   10.35024    0  554   14.38787   10.35024  28.1%     -   51s
     0     0   10.35024    0  570   14.38787   10.35024  28.1%     -   51s
     0     0   10.35163    0  565   14.38787   10.35163  28.1%     -   52s
     0     0   10.35194    0  585   14.38787   10.35194  28.1%     -   52s
     0     0   10.35194    0  586   14.38787   10.35194  28.1%     -   52s
     0     0   10.35221    0  444   14.38787   10.35221  28.0%     -   53s
     0     0   10.35260    0  443   14.38787   10.35260  28.0%     -   54s
     0     0   10.35264    0  442   14.38787   10.35264  28.0%     -   54s
     0     0   10.35288    0  424   14.38787   10.35288  28.0%     -   55s
     0     0   10.35288    0  393   14.38787   10.35288  28.0%     -   58s
     0     2   10.35288    0  390   14.38787   10.35288  28.0%     -   63s
     1     4   10.96528    1  413   14.38787   10.35325  28.0%  9685   69s
     3     8   11.00615    2  447   14.38787   10.43171  27.5%  4219   74s
     7    16   11.04789    3  416   14.38787   10.45370  27.3%  3881   79s
    15    32   12.54049    4  466   14.38787   10.46313  27.3%  3734   89s
    31    64   12.86954    5  470   14.38787   10.46817  27.2%  3712  100s
H   37    64                      14.3878697   10.46817  27.2%  3672  100s
H   40    64                      14.1110369   10.46817  25.8%  3761  100s
    63    96   12.93006    6  467   14.11104   10.47047  25.8%  3088  135s
    95   128   12.94406    7  522   14.11104   10.47047  25.8%  2642  145s
H  104   128                      14.0977999   10.47047  25.7%  2604  145s
   127   160   12.98434    8  523   14.09780   10.47047  25.7%  2351  156s
H  159   192                      13.9864750   10.47047  25.1%  2317  184s
H  160   192                      13.9428287   10.47047  24.9%  2325  184s
H  166   192                      13.9400881   10.47047  24.9%  2307  184s
H  169   192                      13.9347514   10.47047  24.9%  2295  184s
H  178   192                      13.9197519   10.47047  24.8%  2262  184s
H  180   192                      13.8807294   10.47047  24.6%  2245  184s
   191   229   12.99593    9  513   13.88073   10.47047  24.6%  2199  189s
   228   273   13.00730   10  524   13.88073   10.47047  24.6%  2020  195s
   272   325   13.02750   11  732   13.88073   10.47047  24.6%  1961  200s
   325   372   13.06877   11  514   13.88073   10.47047  24.6%  1902  206s
   374   417   13.06939   13  686   13.88073   10.47047  24.6%  1848  210s
   421   463   13.07411   14  553   13.88073   10.47047  24.6%  1814  216s
H  469   493                      12.2356181   10.47047  14.4%  1847  363s
H  470   493                      11.7396176   10.47047  10.8%  1850  363s
H  471   493                      11.7360365   10.47047  10.8%  1849  363s
H  473   493                      11.4472470   10.47047  8.53%  1857  363s
H  478   493                      11.4179752   10.47047  8.30%  1855  363s
H  497   493                      11.4066766   10.47047  8.21%  1848  363s
   501   440     cutoff   16        11.40668   10.47047  8.21%  1842  373s
   623   476     cutoff   11        11.40668   10.47047  8.21%  1719  383s
   687   507   10.86830   10  445   11.40668   10.47047  8.21%  1819  394s
   755   548   11.05474   11  365   11.40668   10.47047  8.21%  1884  400s
   833   611   11.05908   12  381   11.40668   10.47047  8.21%  1860  405s
   929   699   10.88548   11  412   11.40668   10.47047  8.21%  1800  411s
  1044   751   11.06719   12  398   11.40668   10.47047  8.21%  1716  417s
  1174   751   11.19919   13  335   11.40668   10.47047  8.21%  1632  427s
  1288   796   11.25984   16  256   11.40668   10.47047  8.21%  1613  434s
  1412   862   11.38960   20  235   11.40668   10.53970  7.60%  1585  442s
  1528   876   10.73006    7  423   11.40668   10.53970  7.60%  1570  506s
  1572   977   10.82783    8  365   11.40668   10.53970  7.60%  1564  512s
  1757  1039   10.88372    9  348   11.40668   10.53970  7.60%  1478  521s
  1919  1073     cutoff   11        11.40668   10.53970  7.60%  1441  530s
  2091  1121   10.96376   10  224   11.40668   10.53970  7.60%  1411  537s
  2245  1184   11.28475   12  249   11.40668   10.53970  7.60%  1399  544s
  2394  1203   11.07414   11  230   11.40668   10.53970  7.60%  1389  552s
  2546  1295   11.12970   13  263   11.40668   10.53970  7.60%  1389  560s
  2713  1350   11.29459   17  248   11.40668   10.53970  7.60%  1384  568s
  2914  1399     cutoff   19        11.40668   10.55922  7.43%  1365  576s
  3109  1528   10.69109   10  494   11.40668   10.55922  7.43%  1362  590s
  3373  1661   10.97656   12  402   11.40668   10.55922  7.43%  1330  601s
  3654  1730   11.17075   15  356   11.40668   10.55922  7.43%  1293  610s
* 3842  1730              62      11.4057466   10.55922  7.42%  1269  610s
  3954  1745     cutoff   22        11.40575   10.55922  7.42%  1260  621s
* 3979  1745              63      11.3772932   10.55922  7.19%  1259  621s
  4201  1757   11.10085   17  271   11.37729   10.55922  7.19%  1249  631s
  4502  1776     cutoff   23        11.37729   10.75227  5.49%  1224  640s
* 4537  1776              54      11.3688298   10.79131  5.08%  1226  640s
  4783  1772   11.35721   11  565   11.36883   10.79131  5.08%  1211  651s
* 4873  1772              64      11.3536875   10.79131  4.95%  1207  651s
  5055  1736     cutoff   11        11.35369   10.79131  4.95%  1205  664s
  5344  1767   11.14502   16  168   11.35369   10.79131  4.95%  1200  674s
  5643  1837   11.19375   23  121   11.35369   10.90297  3.97%  1192  688s
  5964  1955   10.92551   14  356   11.35369   10.90297  3.97%  1188  698s
  6427  1985   11.22314   20  318   11.35369   10.90297  3.97%  1157  711s
  6772  2018     cutoff   20        11.35369   10.96979  3.38%  1156  723s
  7130  2082   11.27722   27  263   11.35369   10.98336  3.26%  1152  736s
  7545  2169   11.24896   20  234   11.35369   11.04209  2.74%  1145  751s
* 7971  2105              68      11.3412335   11.05524  2.52%  1136  751s
  8022  2101   11.23099   18  285   11.34123   11.05622  2.51%  1132  765s
  8549  2142   11.27851   25  176   11.34123   11.06714  2.42%  1118  779s
  9022  2170     cutoff   18        11.34123   11.08172  2.29%  1109  794s
  9577  2154   11.28171   23  289   11.34123   11.08272  2.28%  1096  860s
H 9581  2148                      11.3410438   11.08272  2.28%  1096  860s
H 9667  2141                      11.3396134   11.08272  2.27%  1098  860s
  9668  2183   11.31652   24  252   11.33961   11.09004  2.20%  1099  876s
 10305  2167     cutoff   23        11.33961   11.09766  2.13%  1085 1008s
H10844  1850                      11.2946794   11.10768  1.66%  1093 1053s
 10932  1786     cutoff   25        11.29468   11.11151  1.62%  1096 1069s
 11571  1649     cutoff   14        11.29468   11.12503  1.50%  1090 1086s
 12056  1547     cutoff   18        11.29468   11.13339  1.43%  1098 1108s
 12615  1485   11.21252   31  203   11.29468   11.15266  1.26%  1099 1130s
*13079  1485              43      11.2405976   11.15676  0.75%  1095 1130s
 13314  1177   11.19433   23  118   11.24060   11.16394  0.68%  1091 1157s
*13935  1177              40      11.2399017   11.17304  0.59%  1092 1157s
 13979   594     cutoff   27        11.23990   11.18232  0.51%  1091 1203s

Cutting planes:
  Learned: 7
  Gomory: 44
  Cover: 197
  Implied bound: 1855
  Clique: 57
  MIR: 847
  StrongCG: 6
  Flow cover: 353
  Zero half: 14
  RLT: 77
  Relax-and-lift: 186
  BQP: 5
  PSD: 7

Explored 14727 nodes (16027998 simplex iterations) in 1203.33 seconds (2814.19 work units)
Thread count was 32 (of 128 available processors)

Solution count 10: 11.2399 11.2406 11.2947 ... 11.4057

Optimal solution found (tolerance 5.00e-03)
Best objective 1.123990168666e+01, best bound 1.120612198884e+01, gap 0.3005%


*********************************************
*********************************************


Set parameter LogFile to value "/work/07346/ashukla/ls6/Norta_Results/norta_sm_16_0/40M"
Gurobi Optimizer version 10.0.2 build v10.0.2rc0 (linux64)

CPU model: AMD EPYC 7763 64-Core Processor, instruction set [SSE2|AVX|AVX2]
Thread count: 128 physical cores, 128 logical processors, using up to 32 threads

Optimize a model with 211707 rows, 77908 columns and 589832 nonzeros
Model fingerprint: 0x32f997c0
Variable types: 55968 continuous, 21940 integer (21578 binary)
Coefficient statistics:
  Matrix range     [1e-03, 1e+05]
  Objective range  [6e-02, 6e-02]
  Bounds range     [1e+00, 3e+00]
  RHS range        [1e-02, 4e+07]

MIP start from previous solve produced solution with objective 11.2399 (0.63s)
MIP start from previous solve produced solution with objective 11.2399 (0.64s)
Loaded MIP start from previous solve with objective 11.2399

Presolve removed 176723 rows and 50741 columns
Presolve time: 1.55s
Presolved: 34984 rows, 27167 columns, 126857 nonzeros
Variable types: 23539 continuous, 3628 integer (3565 binary)
Root barrier log...

Ordering time: 0.31s

Barrier statistics:
 Dense cols : 60
 AA' NZ     : 3.876e+05
 Factor NZ  : 3.289e+06 (roughly 50 MB of memory)
 Factor Ops : 1.579e+09 (less than 1 second per iteration)
 Threads    : 32

                  Objective                Residual
Iter       Primal          Dual         Primal    Dual     Compl     Time
   0  -6.66921579e+05 -2.84062451e+05  3.43e+04 1.68e-01  6.98e+02     3s
   1  -4.05132977e+05 -3.09013778e+05  2.05e+04 4.16e-01  4.20e+02     3s
   2  -1.12731716e+05 -3.67877323e+05  3.74e+03 9.41e-14  1.26e+02     3s
   3  -9.72162900e+03 -2.70655885e+05  5.17e+01 1.05e-13  1.43e+01     3s
   4  -2.12692313e+03 -1.22015575e+05  1.22e+01 4.06e-14  3.81e+00     3s
   5  -6.71509636e+02 -7.29848614e+04  4.61e+00 2.16e-14  1.70e+00     3s
   6   7.98742798e+01 -2.62713730e+04  5.74e-01 4.73e-15  4.54e-01     3s
   7   1.51631766e+02 -4.31862632e+03  2.00e-02 1.56e-15  7.04e-02     3s
   8   1.12308674e+02 -7.44270572e+02  5.54e-03 6.66e-16  1.34e-02     3s
   9   4.07817909e+01 -1.62459776e+02  7.98e-04 4.44e-16  3.18e-03     3s
  10   1.56728145e+01 -4.75313108e+01  2.13e-04 5.55e-16  9.89e-04     3s
  11   1.03364375e+01 -1.93475442e+01  1.16e-04 4.44e-16  4.64e-04     3s
  12   8.47723385e+00 -8.20677806e+00  8.68e-05 4.44e-16  2.61e-04     3s
  13   5.84026626e+00 -2.44090643e+00  4.66e-05 4.44e-16  1.30e-04     3s
  14   4.35838705e+00  1.23584267e+00  2.53e-05 8.88e-16  4.89e-05     3s
  15   3.54740019e+00  1.60578936e+00  1.40e-05 8.88e-16  3.04e-05     3s
  16   3.18013233e+00  1.94389306e+00  8.86e-06 4.44e-16  1.94e-05     3s
  17   2.89941349e+00  2.25355626e+00  5.02e-06 4.44e-16  1.01e-05     3s
  18   2.73378684e+00  2.41951177e+00  2.69e-06 4.44e-16  4.93e-06     3s
  19   2.66474875e+00  2.45160595e+00  1.74e-06 4.44e-16  3.34e-06     3s
  20   2.60945712e+00  2.48115343e+00  9.70e-07 4.44e-16  2.01e-06     3s
  21   2.58747091e+00  2.50151512e+00  6.66e-07 2.22e-16  1.35e-06     3s
  22   2.57961655e+00  2.51739952e+00  5.73e-07 4.44e-16  9.75e-07     3s
  23   2.57341059e+00  2.51861426e+00  4.87e-07 4.44e-16  8.59e-07     3s
  24   2.56117635e+00  2.51966132e+00  3.26e-07 4.44e-16  6.50e-07     3s
  25   2.55449860e+00  2.52724964e+00  2.39e-07 4.44e-16  4.27e-07     3s
  26   2.54800804e+00  2.53265830e+00  1.44e-07 4.44e-16  2.41e-07     3s
  27   2.54184038e+00  2.53638225e+00  5.22e-08 4.44e-16  8.56e-08     3s
  28   2.54028213e+00  2.53685092e+00  2.94e-08 2.22e-16  5.38e-08     3s
  29   2.53945396e+00  2.53789439e+00  1.73e-08 4.44e-16  2.45e-08     3s
  30   2.53885815e+00  2.53805399e+00  8.81e-09 3.11e-15  1.26e-08     3s
  31   2.53838764e+00  2.53816367e+00  2.09e-09 7.11e-15  3.51e-09     3s
  32   2.53827893e+00  2.53817165e+00  5.69e-10 8.16e-13  1.68e-09     3s
  33   2.53825053e+00  2.53820522e+00  3.96e-10 2.80e-12  7.09e-10     3s
  34   2.53824334e+00  2.53823003e+00  3.70e-10 3.99e-13  2.08e-10     3s
  35   2.53824178e+00  2.53823297e+00  2.56e-10 1.53e-13  1.38e-10     3s
  36   2.53824054e+00  2.53823626e+00  1.88e-10 1.17e-13  6.71e-11     3s
  37   2.53823850e+00  2.53823696e+00  3.02e-08 2.49e-13  2.41e-11     4s

Barrier solved model in 37 iterations and 3.52 seconds (3.62 work units)
Optimal objective 2.53823850e+00

Extra simplex iterations after uncrush: 1

Root relaxation: objective 2.538238e+00, 7151 iterations, 2.38 seconds (2.68 work units)
Total elapsed time = 7.18s

    Nodes    |    Current Node    |     Objective Bounds      |     Work
 Expl Unexpl |  Obj  Depth IntInf | Incumbent    BestBd   Gap | It/Node Time

     0     0    2.53824    0  256   11.23990    2.53824  77.4%     -    8s
H    0     0                       7.1813708    2.53824  64.7%     -   10s
H    0     0                       7.1813707    2.53824  64.7%     -   10s
H    0     0                       7.1378820    3.02220  57.7%     -   24s
H    0     0                       5.1713194    3.02220  41.6%     -   24s
     0     0    3.02220    0  207    5.17132    3.02220  41.6%     -   24s
H    0     0                       5.0716353    3.02220  40.4%     -   27s
     0     0    3.04864    0  316    5.07164    3.04864  39.9%     -   33s
     0     0    3.10519    0  219    5.07164    3.10519  38.8%     -   40s
H    0     0                       4.9631126    3.10519  37.4%     -   43s
     0     0    3.11514    0  249    4.96311    3.11514  37.2%     -   43s
     0     0    3.13780    0  331    4.96311    3.13780  36.8%     -   47s
     0     0    3.13947    0  243    4.96311    3.13947  36.7%     -   52s
     0     0    3.14684    0  206    4.96311    3.14684  36.6%     -   56s
H    0     0                       4.2409891    3.14684  25.8%     -   59s
H    0     0                       4.1082175    3.14800  23.4%     -   60s
     0     0    3.14800    0  211    4.10822    3.14800  23.4%     -   60s
     0     0    3.15172    0  246    4.10822    3.15172  23.3%     -   63s
H    0     0                       3.9975930    3.15181  21.2%     -   66s
     0     0    3.15181    0  245    3.99759    3.15181  21.2%     -   66s
     0     0    3.15227    0  242    3.99759    3.15227  21.1%     -   66s
H    0     0                       3.9653430    3.15227  20.5%     -   67s
H    0     0                       3.9578514    3.15227  20.4%     -   67s
     0     0    3.15227    0  241    3.95785    3.15227  20.4%     -   67s
     0     0    3.15351    0  219    3.95785    3.15351  20.3%     -   69s
     0     0    3.15416    0  212    3.95785    3.15416  20.3%     -   72s
     0     0    3.15418    0  211    3.95785    3.15418  20.3%     -   74s
     0     0    3.15426    0  213    3.95785    3.15426  20.3%     -   77s
     0     0    3.15463    0  217    3.95785    3.15463  20.3%     -   79s
     0     0    3.15463    0  217    3.95785    3.15463  20.3%     -   81s
     0     0    3.15466    0  215    3.95785    3.15466  20.3%     -   82s
     0     0    3.15466    0  154    3.95785    3.15466  20.3%     -   91s
     0     2    3.15466    0  148    3.95785    3.15466  20.3%     -   97s
     1     4    3.15724    1  133    3.95785    3.15466  20.3%  3837  100s
     7    16    3.28863    3  192    3.95785    3.15793  20.2%  3448  110s
    15    32    3.31851    4  152    3.95785    3.15980  20.2%  3386  116s
    31    64    3.34272    5  160    3.95785    3.16185  20.1%  3269  124s
H   53    64                       3.9578514    3.16460  20.0%  3379  124s
H   61    64                       3.7103035    3.16460  14.7%  3361  124s
    63    96    3.34945    6  158    3.71030    3.16460  14.7%  3409  149s
    95   128    3.35600    7  155    3.71030    3.16460  14.7%  3736  155s
   127   158    3.36854    8  160    3.71030    3.16460  14.7%  3300  161s
   159   186    3.37246    9  190    3.71030    3.16460  14.7%  3053  170s
H  161   186                       3.7103035    3.16460  14.7%  3033  170s
H  165   186                       3.7098497    3.16460  14.7%  2991  170s
H  174   186                       3.7085708    3.16460  14.7%  2920  170s
H  175   186                       3.7038400    3.16460  14.6%  2916  170s
H  176   186                       3.7026586    3.16460  14.5%  2902  170s
H  189   186                       3.7005741    3.16460  14.5%  2770  170s
   191   227    3.47386   10  368    3.70057    3.16460  14.5%  2803  182s
   232   258    3.43456   10  119    3.70057    3.16460  14.5%  2515  187s
H  246   258                       3.7001581    3.16460  14.5%  2440  187s
   271   289    3.43481   11  122    3.70016    3.16460  14.5%  2306  199s
   310   326    3.43659   13   87    3.70016    3.16460  14.5%  2537  211s
   353   381    3.44494   15   65    3.70016    3.16460  14.5%  2514  229s
H  408   405                       3.5403548    3.16460  10.6%  2456  338s
H  409   405                       3.5257854    3.16460  10.2%  2455  338s
H  410   405                       3.4664536    3.16460  8.71%  2452  338s
H  416   405                       3.4645850    3.16460  8.66%  2433  338s
H  420   405                       3.4457271    3.16460  8.16%  2423  338s
   441   369     cutoff   19         3.44573    3.16460  8.16%  2365  352s
H  479   369                       3.4457270    3.16460  8.16%  2245  352s
H  480   369                       3.4454272    3.16460  8.15%  2241  352s
   508   381    3.27843   17  209    3.44543    3.16460  8.15%  2168  358s
   573   388    3.29114   19  177    3.44543    3.16460  8.15%  2149  378s
H  574   388                       3.4454130    3.16460  8.15%  2145  378s
H  599   388                       3.4453616    3.16460  8.15%  2197  378s
   615   416     cutoff   20         3.44536    3.16460  8.15%  2222  384s
   683   426    3.39273   19  181    3.44536    3.16460  8.15%  2215  392s
   766   425    3.41810   20  120    3.44536    3.16460  8.15%  2197  400s
   848   435     cutoff   21         3.44536    3.16460  8.15%  2198  408s
   931   459    3.28564   11  248    3.44536    3.16460  8.15%  2206  420s
  1024   475    3.28641   12  250    3.44536    3.16460  8.15%  2163  431s
  1114   507    3.32900   14  243    3.44536    3.16460  8.15%  2197  443s
  1220   527    3.36384   16  251    3.44536    3.16460  8.15%  2196  464s
  1349   526     cutoff   17         3.44536    3.16460  8.15%  2164  478s
  1448   537     cutoff   16         3.44536    3.17866  7.74%  2182  497s
* 1518   537              41       3.4453521    3.18760  7.48%  2167  497s
  1566   552    3.20061    8  313    3.44535    3.18760  7.48%  2189  511s
  1671   566    3.32233    9  174    3.44535    3.18760  7.48%  2220  521s
  1766   573     cutoff   16         3.44535    3.18760  7.48%  2239  534s
  1874   561     cutoff   23         3.44535    3.18774  7.48%  2257  634s
  1994   558     cutoff    9         3.44535    3.19295  7.33%  2327  650s
  2122   542     cutoff   10         3.44535    3.26066  5.36%  2335  661s
  2236   554    3.35706   12  150    3.44535    3.26066  5.36%  2370  680s
  2369   530    3.41140   14  158    3.44535    3.26066  5.36%  2375  692s
  2547   499     cutoff   14         3.44535    3.27794  4.86%  2355  779s
  2618   473    3.39097   12  268    3.44535    3.28407  4.68%  2381  792s
  2809   436     cutoff   14         3.44535    3.30175  4.17%  2361  808s
  2951   376    3.39998   20  208    3.44535    3.32201  3.58%  2384  824s
  3193   258     cutoff   12         3.44535    3.33385  3.24%  2347  842s
* 3299   258              26       3.4437448    3.35382  2.61%  2342  842s
  3402    76     cutoff   14         3.44374    3.35642  2.54%  2336  882s
  3646     2     cutoff   28         3.44374    3.40160  1.22%  2271  900s

Cutting planes:
  Learned: 2
  Gomory: 30
  Cover: 153
  Implied bound: 1231
  Clique: 60
  MIR: 488
  StrongCG: 5
  Flow cover: 224
  Inf proof: 1
  Zero half: 6
  RLT: 53
  Relax-and-lift: 106
  BQP: 5

Explored 3731 nodes (8403740 simplex iterations) in 900.84 seconds (1885.76 work units)
Thread count was 32 (of 128 available processors)

Solution count 10: 3.44374 3.44535 3.44536 ... 3.54035

Optimal solution found (tolerance 5.00e-03)
Best objective 3.443744826596e+00, best bound 3.443744826596e+00, gap 0.0000%


*********************************************
*********************************************


Set parameter LogFile to value "/work/07346/ashukla/ls6/Norta_Results/norta_sm_16_0/60M"
Gurobi Optimizer version 10.0.2 build v10.0.2rc0 (linux64)

CPU model: AMD EPYC 7763 64-Core Processor, instruction set [SSE2|AVX|AVX2]
Thread count: 128 physical cores, 128 logical processors, using up to 32 threads

Optimize a model with 211707 rows, 77908 columns and 589832 nonzeros
Model fingerprint: 0xc2c9726c
Variable types: 55968 continuous, 21940 integer (21578 binary)
Coefficient statistics:
  Matrix range     [1e-03, 1e+05]
  Objective range  [6e-02, 6e-02]
  Bounds range     [1e+00, 3e+00]
  RHS range        [1e-02, 6e+07]

MIP start from previous solve produced solution with objective 3.44374 (0.66s)
MIP start from previous solve produced solution with objective 3.44374 (0.67s)
Loaded MIP start from previous solve with objective 3.44374

Presolve removed 176723 rows and 50741 columns
Presolve time: 1.58s
Presolved: 34984 rows, 27167 columns, 126857 nonzeros
Variable types: 23539 continuous, 3628 integer (3565 binary)
Root barrier log...

Ordering time: 0.31s

Barrier statistics:
 Dense cols : 60
 AA' NZ     : 3.876e+05
 Factor NZ  : 3.289e+06 (roughly 50 MB of memory)
 Factor Ops : 1.579e+09 (less than 1 second per iteration)
 Threads    : 32

                  Objective                Residual
Iter       Primal          Dual         Primal    Dual     Compl     Time
   0  -8.66809894e+05 -2.84063009e+05  4.45e+04 1.68e-01  9.05e+02     3s
   1  -5.39069057e+05 -3.06715964e+05  2.70e+04 4.61e-01  5.62e+02     3s
   2  -1.75063891e+05 -4.03308761e+05  5.90e+03 2.19e-13  1.97e+02     3s
   3  -1.76709017e+04 -3.06474545e+05  9.28e+01 9.67e-14  2.33e+01     3s
   4  -3.47211820e+03 -1.66988063e+05  1.92e+01 7.87e-14  5.89e+00     3s
   5  -7.80527174e+02 -8.24644517e+04  5.18e+00 3.18e-14  1.95e+00     3s
   6   9.59950515e+01 -3.98037649e+04  5.00e-01 1.08e-14  6.68e-01     3s
   7   1.54899096e+02 -4.70266567e+03  2.68e-02 2.29e-15  7.66e-02     3s
   8   9.31945426e+01 -9.69020449e+02  3.80e-03 8.88e-16  1.66e-02     3s
   9   5.20476058e+01 -3.31644435e+02  1.51e-03 4.44e-16  6.01e-03     3s
  10   2.20841358e+01 -1.05322945e+02  4.61e-04 4.44e-16  1.99e-03     3s
  11   8.60088710e+00 -4.06359478e+01  1.35e-04 4.44e-16  7.70e-04     3s
  12   2.24921927e+00 -1.05569682e+01  2.34e-05 4.44e-16  2.00e-04     3s
  13   2.22471647e+00 -6.89553573e+00  2.28e-05 4.44e-16  1.43e-04     3s
  14   1.57546922e+00 -3.00523961e+00  1.53e-05 2.22e-16  7.16e-05     3s
  15   1.15020021e+00 -1.25743366e+00  1.07e-05 4.44e-16  3.77e-05     3s
  16   6.45665313e-01 -2.78643754e-01  5.47e-06 4.44e-16  1.45e-05     3s
  17   2.94820583e-01 -1.03953961e-02  2.16e-06 4.44e-16  4.78e-06     3s
  18   1.92996910e-01  3.71921101e-02  1.12e-06 2.22e-16  2.44e-06     3s
  19   1.51878578e-01  5.74101960e-02  6.96e-07 4.44e-16  1.48e-06     3s
  20   1.43860934e-01  5.98041459e-02  6.15e-07 4.44e-16  1.32e-06     3s
  21   1.34562333e-01  6.47702702e-02  5.18e-07 2.22e-16  1.09e-06     3s
  22   1.19056546e-01  7.46137460e-02  3.56e-07 4.44e-16  6.96e-07     3s
  23   1.04210274e-01  7.83495132e-02  2.07e-07 4.44e-16  4.05e-07     3s
  24   9.62107949e-02  8.10578395e-02  1.31e-07 4.44e-16  2.38e-07     3s
  25   9.26456789e-02  8.19468255e-02  9.45e-08 4.44e-16  1.68e-07     3s
  26   8.78075205e-02  8.26003210e-02  4.42e-08 4.44e-16  8.16e-08     3s
  27   8.59181888e-02  8.29479765e-02  2.55e-08 4.44e-16  4.66e-08     3s
  28   8.42420011e-02  8.32293734e-02  8.89e-09 4.44e-16  1.59e-08     3s
  29   8.38358801e-02  8.33779100e-02  4.19e-09 1.47e-13  7.18e-09     3s
  30   8.36051000e-02  8.34241850e-02  1.56e-09 2.74e-12  2.84e-09     3s
  31   8.35536442e-02  8.34384433e-02  9.77e-10 2.90e-12  1.81e-09     3s
  32   8.35301210e-02  8.34538213e-02  7.18e-10 6.77e-13  1.20e-09     4s
  33   8.34676262e-02  8.34625505e-02  3.94e-10 4.07e-14  7.94e-11     4s
  34   8.34673495e-02  8.34640155e-02  1.82e-08 1.07e-14  5.22e-11     4s

Barrier solved model in 34 iterations and 3.56 seconds (3.59 work units)
Optimal objective 8.34673495e-02


Restart crossover...


Root crossover log...

       0 PPushes remaining with PInf 1.8728087e+01                 5s

  Push phase complete: Pinf 1.8728087e+01, Dinf 4.7944821e-01      5s


Root simplex log...

Iteration    Objective       Primal Inf.    Dual Inf.      Time
    7126    8.3466782e-02   0.000000e+00   4.794482e-01      5s
    7623    8.3465296e-02   0.000000e+00   0.000000e+00      6s
    7628    8.3465296e-02   0.000000e+00   0.000000e+00      6s
Extra simplex iterations after uncrush: 5

Root relaxation: objective 8.346530e-02, 7628 iterations, 3.60 seconds (4.80 work units)

    Nodes    |    Current Node    |     Objective Bounds      |     Work
 Expl Unexpl |  Obj  Depth IntInf | Incumbent    BestBd   Gap | It/Node Time

     0     0    0.08347    0   76    3.44374    0.08347  97.6%     -    9s
H    0     0                       1.2591542    0.08347  93.4%     -   11s
H    0     0                       1.2591529    0.08347  93.4%     -   11s
H    0     0                       1.1249469    0.09543  91.5%     -   20s
     0     0    0.09543    0  107    1.12495    0.09543  91.5%     -   20s
H    0     0                       1.0277319    0.09543  90.7%     -   22s
     0     0    0.09543    0  106    1.02773    0.09543  90.7%     -   22s
     0     0    0.10164    0  130    1.02773    0.10164  90.1%     -   23s
     0     0    0.10219    0  109    1.02773    0.10219  90.1%     -   26s
     0     0    0.10612    0  147    1.02773    0.10612  89.7%     -   29s
H    0     0                       0.9822271    0.10612  89.2%     -   30s
     0     0    0.10704    0  174    0.98223    0.10704  89.1%     -   32s
     0     0    0.11024    0  156    0.98223    0.11024  88.8%     -   36s
     0     0    0.11044    0  167    0.98223    0.11044  88.8%     -   36s
     0     0    0.11044    0  167    0.98223    0.11044  88.8%     -   37s
     0     0    0.11089    0  197    0.98223    0.11089  88.7%     -   39s
     0     0    0.11103    0  197    0.98223    0.11103  88.7%     -   42s
     0     0    0.11121    0  177    0.98223    0.11121  88.7%     -   43s
     0     0    0.11123    0  181    0.98223    0.11123  88.7%     -   43s
     0     0    0.11164    0  190    0.98223    0.11164  88.6%     -   44s
     0     0    0.11164    0  190    0.98223    0.11164  88.6%     -   45s
     0     0    0.11172    0  190    0.98223    0.11172  88.6%     -   46s
     0     0    0.11181    0  188    0.98223    0.11181  88.6%     -   47s
     0     0    0.11182    0  188    0.98223    0.11182  88.6%     -   47s
     0     0    0.11203    0  193    0.98223    0.11203  88.6%     -   49s
H    0     0                       0.5126445    0.11203  78.1%     -   49s
     0     0    0.11212    0  189    0.51264    0.11212  78.1%     -   50s
     0     0    0.11212    0  189    0.51264    0.11212  78.1%     -   51s
     0     0    0.11216    0  188    0.51264    0.11216  78.1%     -   52s
     0     0    0.11216    0  188    0.51264    0.11216  78.1%     -   52s
     0     0    0.11217    0  189    0.51264    0.11217  78.1%     -   52s
     0     0    0.11217    0  189    0.51264    0.11217  78.1%     -   52s
     0     0    0.11217    0  189    0.51264    0.11217  78.1%     -   53s
     0     0    0.11217    0  189    0.51264    0.11217  78.1%     -   53s
     0     0    0.11252    0  131    0.51264    0.11252  78.1%     -   57s
     0     0    0.11262    0  135    0.51264    0.11262  78.0%     -   58s
     0     0    0.11277    0  167    0.51264    0.11277  78.0%     -   59s
     0     0    0.11287    0  169    0.51264    0.11287  78.0%     -   60s
     0     0    0.11304    0  142    0.51264    0.11304  77.9%     -   61s
     0     0    0.11304    0  143    0.51264    0.11304  77.9%     -   62s
     0     0    0.11308    0  167    0.51264    0.11308  77.9%     -   62s
     0     0    0.11308    0  167    0.51264    0.11308  77.9%     -   63s
     0     0    0.11330    0  170    0.51264    0.11330  77.9%     -   64s
     0     0    0.11330    0  170    0.51264    0.11330  77.9%     -   65s
     0     0    0.11330    0  169    0.51264    0.11330  77.9%     -   65s
     0     0    0.11330    0  169    0.51264    0.11330  77.9%     -   65s
     0     0    0.11330    0  150    0.51264    0.11330  77.9%     -   71s
     0     0    0.11330    0  151    0.51264    0.11330  77.9%     -   72s
     0     0    0.11330    0  148    0.51264    0.11330  77.9%     -   75s
     0     0    0.11330    0  148    0.51264    0.11330  77.9%     -   79s
     0     2    0.11330    0  148    0.51264    0.11330  77.9%     -   89s
     1     2     cutoff    1         0.51264    0.11330  77.9% 10338   95s
     5     7    0.45707    3   87    0.51264    0.11351  77.9%  3608  100s
     9    10     cutoff    4         0.51264    0.11362  77.8%  2978  106s
H   26    29                       0.5126445    0.11429  77.7%  1932  116s
H   29    29                       0.5126445    0.11429  77.7%  2368  116s
H   32    29                       0.5126445    0.11429  77.7%  2309  116s
H   37    29                       0.5105830    0.11447  77.6%  2369  116s
    44    53    0.27829    7  222    0.51058    0.11447  77.6%  2116  122s
H   48    53                       0.3128671    0.11447  63.4%  2128  122s
    73    43    0.28348    8  267    0.31287    0.11468  63.3%  2067  136s
   105    45    0.28470    9  240    0.31287    0.12022  61.6%  2170  143s
   137    54     cutoff   10         0.31287    0.12022  61.6%  2039  151s
H  144    54                       0.3128671    0.12022  61.6%  2125  151s
H  145    54                       0.3128671    0.12022  61.6%  2124  151s
   169    73    0.14501   11  136    0.31287    0.12022  61.6%  2163  159s
H  170    73                       0.2024164    0.12022  40.6%  2150  159s
H  209    45                       0.2024164    0.12492  38.3%  2057  164s
   258    45    0.14933   12  146    0.20242    0.12582  37.8%  1755  171s
   296    42     cutoff   13         0.20242    0.12582  37.8%  1687  181s
H  297    42                       0.2024164    0.12582  37.8%  1681  181s
H  317    42                       0.2023606    0.13465  33.5%  1753  181s
   329    69    0.14316   13  160    0.20236    0.13465  33.5%  1762  192s
*  336    69              18       0.1624913    0.13465  17.1%  1735  192s
   391    19     cutoff   14         0.16249    0.13681  15.8%  1649  198s
   442     9    0.14889   15  208    0.16249    0.14634  9.94%  1581  205s
   470     2     cutoff   18         0.16249    0.15200  6.45%  1584  213s
   476     2     cutoff   13         0.16249    0.15596  4.02%  1578  215s

Cutting planes:
  Learned: 3
  Gomory: 1
  Cover: 99
  Implied bound: 1153
  Clique: 1
  MIR: 221
  StrongCG: 5
  Flow cover: 108
  Zero half: 3
  RLT: 20
  Relax-and-lift: 69
  BQP: 5
  PSD: 1

Explored 484 nodes (810736 simplex iterations) in 215.90 seconds (438.02 work units)
Thread count was 32 (of 128 available processors)

Solution count 10: 0.162491 0.202361 0.202416 ... 0.512644

Optimal solution found (tolerance 5.00e-03)
Best objective 1.624912500005e-01, best bound 1.624912500005e-01, gap 0.0000%


*********************************************
*********************************************


Set parameter LogFile to value "/work/07346/ashukla/ls6/Norta_Results/norta_sm_16_0/80M"
Gurobi Optimizer version 10.0.2 build v10.0.2rc0 (linux64)

CPU model: AMD EPYC 7763 64-Core Processor, instruction set [SSE2|AVX|AVX2]
Thread count: 128 physical cores, 128 logical processors, using up to 32 threads

Optimize a model with 211707 rows, 77908 columns and 589832 nonzeros
Model fingerprint: 0x732ed4fa
Variable types: 55968 continuous, 21940 integer (21578 binary)
Coefficient statistics:
  Matrix range     [1e-03, 1e+05]
  Objective range  [6e-02, 6e-02]
  Bounds range     [1e+00, 3e+00]
  RHS range        [1e-02, 8e+07]

MIP start from previous solve produced solution with objective 0.162491 (0.74s)
Loaded MIP start from previous solve with objective 0.162491

Presolve removed 186596 rows and 52354 columns
Presolve time: 1.95s
Presolved: 25111 rows, 25554 columns, 98906 nonzeros
Variable types: 22202 continuous, 3352 integer (3316 binary)
Root barrier log...

Ordering time: 0.17s

Barrier statistics:
 Dense cols : 20
 AA' NZ     : 2.019e+05
 Factor NZ  : 1.263e+06 (roughly 27 MB of memory)
 Factor Ops : 2.243e+08 (less than 1 second per iteration)
 Threads    : 32

                  Objective                Residual
Iter       Primal          Dual         Primal    Dual     Compl     Time
   0  -5.30624397e+04 -2.08233077e+05  2.60e+02 1.68e-01  5.66e+01     3s
   1  -1.78065183e+04 -1.63825092e+05  8.79e+01 3.08e-01  2.00e+01     3s
   2  -2.03396171e+02 -8.23798287e+04  1.98e+00 2.54e-14  1.96e+00     3s
   3   1.37660327e+02 -8.36609022e+03  2.08e-01 7.43e-15  1.82e-01     3s
   4   1.41840534e+02 -1.31064496e+03  1.21e-02 3.11e-15  2.94e-02     3s
   5   8.19631749e+01 -5.77079118e+02  3.61e-03 1.33e-15  1.33e-02     3s
   6   3.89080786e+01 -1.96817828e+02  1.26e-03 8.88e-16  4.73e-03     3s
   7   1.67124279e+01 -8.42147486e+01  4.87e-04 4.44e-16  2.03e-03     3s
   8   3.33285647e+00 -2.61301367e+01  6.12e-05 4.44e-16  5.91e-04     3s
   9   5.92444295e-01 -1.00654860e+01  3.68e-06 4.44e-16  2.14e-04     3s
  10   1.17351077e-01 -1.89160917e+00  3.37e-07 4.44e-16  4.02e-05     3s
  11   2.49433313e-02 -3.20175960e-01  5.80e-08 8.88e-16  6.91e-06     3s
  12   3.53862509e-03 -1.89452291e-02  7.36e-09 4.44e-16  4.50e-07     3s
  13   1.86095339e-04 -3.84293801e-04  3.38e-10 4.44e-16  1.14e-08     3s
  14   1.55504927e-06 -5.88800731e-07  1.34e-11 4.44e-16  4.30e-11     3s
  15   5.45696821e-12 -3.18323146e-12  8.09e-13 4.44e-16  3.78e-16     3s

Barrier solved model in 15 iterations and 3.24 seconds (2.96 work units)
Optimal objective 5.45696821e-12


Root relaxation: objective 1.023182e-12, 2189 iterations, 1.01 seconds (0.82 work units)
Total elapsed time = 6.56s

    Nodes    |    Current Node    |     Objective Bounds      |     Work
 Expl Unexpl |  Obj  Depth IntInf | Incumbent    BestBd   Gap | It/Node Time

     0     0    0.00000    0    8    0.16249    0.00000   100%     -    7s
     0     0    0.00000    0   40    0.16249    0.00000   100%     -    8s
H    0     0                       0.0470837    0.00000   100%     -    9s
     0     0    0.00000    0   40    0.04708    0.00000   100%     -    9s
     0     0    0.00000    0    7    0.04708    0.00000   100%     -   10s
     0     0    0.00000    0    7    0.04708    0.00000   100%     -   10s
     0     0    0.00000    0    5    0.04708    0.00000   100%     -   11s
     0     0    0.00000    0    5    0.04708    0.00000   100%     -   11s
     0     0    0.00000    0   10    0.04708    0.00000   100%     -   12s
     0     0    0.00000    0   10    0.04708    0.00000   100%     -   13s
     0     0    0.00000    0    9    0.04708    0.00000   100%     -   14s
     0     0    0.00000    0    9    0.04708    0.00000   100%     -   14s
     0     0    0.00000    0    2    0.04708    0.00000   100%     -   14s
H    0     0                       0.0000000    0.00000  0.00%     -   14s
     0     0    0.00000    0    2    0.00000    0.00000  0.00%     -   14s

Cutting planes:
  MIR: 21
  Relax-and-lift: 2

Explored 1 nodes (18791 simplex iterations) in 14.92 seconds (18.94 work units)
Thread count was 32 (of 128 available processors)

Solution count 3: 5.68434e-13 0.0470837 0.162491 

Optimal solution found (tolerance 5.00e-03)
Best objective 5.684341886081e-13, best bound 5.684341886081e-13, gap 0.0000%


*********************************************
*********************************************


