Set parameter TokenServer to value "license02.tacc.utexas.edu"
Set parameter LogFile to value "/work/07346/ashukla/ls6/Norta_Results/norta_sm_16_12/0M"
Set parameter MIPGap to value 0.005
Set parameter TimeLimit to value 32400
Set parameter Method to value 2
Gurobi Optimizer version 10.0.2 build v10.0.2rc0 (linux64)

CPU model: AMD EPYC 7763 64-Core Processor, instruction set [SSE2|AVX|AVX2]
Thread count: 128 physical cores, 128 logical processors, using up to 32 threads

Optimize a model with 211803 rows, 77908 columns and 590120 nonzeros
Model fingerprint: 0x0e33f0d6
Variable types: 55968 continuous, 21940 integer (21578 binary)
Coefficient statistics:
  Matrix range     [1e-03, 1e+05]
  Objective range  [6e-02, 6e-02]
  Bounds range     [1e+00, 3e+00]
  RHS range        [1e-02, 2e+04]
Presolve removed 210921 rows and 76724 columns
Presolve time: 1.47s
Presolved: 882 rows, 1184 columns, 4022 nonzeros
Variable types: 1036 continuous, 148 integer (148 binary)
Found heuristic solution: objective 66.1817580
Root barrier log...

Ordering time: 0.00s

Barrier statistics:
 AA' NZ     : 4.685e+03
 Factor NZ  : 2.126e+04 (roughly 1 MB of memory)
 Factor Ops : 1.015e+06 (less than 1 second per iteration)
 Threads    : 1

                  Objective                Residual
Iter       Primal          Dual         Primal    Dual     Compl     Time
   0  -1.97517201e+03 -8.21079175e+03  1.57e+02 2.05e-01  3.52e+01     2s
   1  -3.57747644e+01 -4.37961729e+03  7.09e+00 3.25e-02  3.42e+00     2s
   2   4.70447832e+01 -5.10613628e+02  6.48e-01 1.21e-04  3.32e-01     2s
   3   5.22230468e+01 -4.21949623e+00  5.66e-02 1.11e-15  2.96e-02     2s
   4   4.69561375e+01  3.50302033e+01  1.40e-03 8.88e-16  5.89e-03     2s
   5   4.50033986e+01  4.08265293e+01  2.37e-04 2.48e-16  2.06e-03     2s
   6   4.45048547e+01  4.22439988e+01  5.59e-05 2.59e-16  1.11e-03     2s
   7   4.43445541e+01  4.31840577e+01  1.54e-05 2.22e-16  5.70e-04     2s
   8   4.42909251e+01  4.39445535e+01  7.28e-06 2.22e-16  1.70e-04     2s
   9   4.42697186e+01  4.41268520e+01  4.53e-06 2.22e-16  7.03e-05     2s
  10   4.42498158e+01  4.42265695e+01  1.65e-06 4.44e-16  1.14e-05     2s
  11   4.42374138e+01  4.42362136e+01  4.56e-08 2.22e-16  5.90e-07     2s
  12   4.42369920e+01  4.42369667e+01  2.51e-09 4.44e-16  1.24e-08     2s
  13   4.42369863e+01  4.42369863e+01  5.40e-10 4.44e-16  1.24e-11     2s

Barrier solved model in 13 iterations and 1.57 seconds (1.75 work units)
Optimal objective 4.42369863e+01


Root relaxation: objective 4.423699e+01, 22 iterations, 0.02 seconds (0.02 work units)

    Nodes    |    Current Node    |     Objective Bounds      |     Work
 Expl Unexpl |  Obj  Depth IntInf | Incumbent    BestBd   Gap | It/Node Time

     0     0   44.23699    0    3   66.18176   44.23699  33.2%     -    1s
H    0     0                      44.2884501   44.23699  0.12%     -    1s

Explored 1 nodes (22 simplex iterations) in 1.59 seconds (1.76 work units)
Thread count was 32 (of 128 available processors)

Solution count 2: 44.2885 66.1818 

Optimal solution found (tolerance 5.00e-03)
Best objective 4.428845008475e+01, best bound 4.423698628175e+01, gap 0.1162%


*********************************************
*********************************************


Set parameter LogFile to value "/work/07346/ashukla/ls6/Norta_Results/norta_sm_16_12/20M"
Gurobi Optimizer version 10.0.2 build v10.0.2rc0 (linux64)

CPU model: AMD EPYC 7763 64-Core Processor, instruction set [SSE2|AVX|AVX2]
Thread count: 128 physical cores, 128 logical processors, using up to 32 threads

Optimize a model with 211803 rows, 77908 columns and 590120 nonzeros
Model fingerprint: 0x227a5011
Variable types: 55968 continuous, 21940 integer (21578 binary)
Coefficient statistics:
  Matrix range     [1e-03, 1e+05]
  Objective range  [6e-02, 6e-02]
  Bounds range     [1e+00, 3e+00]
  RHS range        [1e-02, 2e+07]

MIP start from previous solve produced solution with objective 44.2885 (0.58s)
MIP start from previous solve produced solution with objective 44.2885 (0.59s)
Loaded MIP start from previous solve with objective 44.2885

Presolve removed 176748 rows and 50665 columns
Presolve time: 1.67s
Presolved: 35055 rows, 27243 columns, 127099 nonzeros
Variable types: 23573 continuous, 3670 integer (3605 binary)
Root barrier log...

Ordering time: 0.31s

Barrier statistics:
 Dense cols : 53
 AA' NZ     : 4.103e+05
 Factor NZ  : 3.303e+06 (roughly 50 MB of memory)
 Factor Ops : 1.468e+09 (less than 1 second per iteration)
 Threads    : 32

                  Objective                Residual
Iter       Primal          Dual         Primal    Dual     Compl     Time
   0  -1.01088036e+06 -2.87853490e+05  5.41e+04 1.68e-01  1.05e+03     3s
   1  -6.21297758e+05 -3.22241600e+05  3.28e+04 4.01e-01  6.38e+02     3s
   2  -1.62428290e+05 -3.84109697e+05  7.63e+03 3.46e-13  1.78e+02     3s
   3  -2.14474902e+04 -2.80534253e+05  9.62e+02 6.46e-14  2.59e+01     3s
   4  -4.49062852e+03 -1.46638161e+05  2.23e+02 3.78e-14  6.32e+00     3s
   5  -1.97587877e+03 -8.96527262e+04  1.06e+02 1.80e-14  2.96e+00     3s
   6  -9.53959355e+02 -5.05507076e+04  5.73e+01 6.27e-15  1.43e+00     3s
   7  -2.60862044e+02 -2.72564868e+04  2.15e+01 3.98e-15  6.16e-01     3s
   8  -1.43953621e+01 -6.35266051e+03  8.19e+00 1.78e-15  1.43e-01     3s
   9   1.17580848e+02 -1.10182168e+03  3.99e-02 1.19e-15  1.99e-02     3s
  10   5.97993055e+01 -2.29472392e+02  5.72e-03 3.55e-15  4.57e-03     3s
  11   3.54420976e+01 -1.28787919e+02  2.37e-03 2.22e-15  2.58e-03     3s
  12   2.74046932e+01 -6.31269468e+01  1.45e-03 1.33e-15  1.42e-03     3s
  13   2.18540198e+01 -4.72543413e+01  9.16e-04 6.66e-16  1.08e-03     3s
  14   1.70564538e+01 -2.80785514e+01  4.76e-04 4.44e-16  7.07e-04     3s
  15   1.50909001e+01 -1.29683513e+01  3.30e-04 4.44e-16  4.40e-04     3s
  16   1.39229321e+01 -1.50332016e+00  2.54e-04 4.44e-16  2.42e-04     3s
  17   1.22965192e+01  2.94280534e+00  1.52e-04 2.22e-16  1.47e-04     3s
  18   1.14318706e+01  5.67887951e+00  9.97e-05 4.44e-16  9.03e-05     3s
  19   1.10373717e+01  7.20722116e+00  7.53e-05 4.44e-16  6.02e-05     3s
  20   1.06074743e+01  7.78292058e+00  5.03e-05 4.44e-16  4.44e-05     3s
  21   1.04009837e+01  8.19963486e+00  3.86e-05 4.44e-16  3.46e-05     3s
  22   1.00460663e+01  8.59490397e+00  1.83e-05 2.22e-16  2.27e-05     3s
  23   9.91335498e+00  8.83534728e+00  1.11e-05 2.22e-16  1.69e-05     3s
  24   9.85292846e+00  9.33619993e+00  7.99e-06 4.44e-16  8.11e-06     3s
  25   9.77905594e+00  9.46458539e+00  4.02e-06 4.44e-16  4.93e-06     3s
  26   9.74120598e+00  9.54605085e+00  2.23e-06 4.44e-16  3.06e-06     3s
  27   9.72287824e+00  9.60412143e+00  1.39e-06 2.22e-16  1.86e-06     3s
  28   9.71568823e+00  9.63196832e+00  1.06e-06 4.44e-16  1.31e-06     3s
  29   9.70592762e+00  9.65551528e+00  6.23e-07 4.44e-16  7.90e-07     3s
  30   9.70092645e+00  9.67220375e+00  4.06e-07 4.44e-16  4.50e-07     3s
  31   9.69894667e+00  9.67578554e+00  3.24e-07 2.22e-16  3.63e-07     3s
  32   9.69649733e+00  9.68111094e+00  2.18e-07 4.44e-16  2.41e-07     3s
  33   9.69488166e+00  9.68382152e+00  1.48e-07 4.44e-16  1.73e-07     3s
  34   9.69361297e+00  9.68665964e+00  9.43e-08 4.44e-16  1.09e-07     4s
  35   9.69235082e+00  9.68860493e+00  4.08e-08 4.44e-16  5.87e-08     4s
  36   9.69205507e+00  9.68984351e+00  2.91e-08 4.44e-16  3.47e-08     4s
  37   9.69172768e+00  9.69032992e+00  1.58e-08 2.22e-16  2.19e-08     4s
  38   9.69149195e+00  9.69067298e+00  7.04e-09 2.22e-16  1.28e-08     4s
  39   9.69135120e+00  9.69114107e+00  1.89e-09 4.44e-16  3.29e-09     4s
  40   9.69132058e+00  9.69126375e+00  8.36e-10 2.86e-14  8.91e-10     4s
  41   9.69129969e+00  9.69128010e+00  1.96e-09 2.54e-14  3.06e-10     4s
  42   9.69129649e+00  9.69128763e+00  7.96e-10 1.15e-14  1.39e-10     4s
  43   9.69129595e+00  9.69129040e+00  3.90e-09 6.52e-15  8.69e-11     4s
  44   9.69129467e+00  9.69129376e+00  1.01e-08 1.13e-14  1.43e-11     4s

Barrier solved model in 44 iterations and 3.73 seconds (3.77 work units)
Optimal objective 9.69129467e+00


Root relaxation: objective 9.691294e+00, 6922 iterations, 2.63 seconds (3.31 work units)
Total elapsed time = 7.49s

    Nodes    |    Current Node    |     Objective Bounds      |     Work
 Expl Unexpl |  Obj  Depth IntInf | Incumbent    BestBd   Gap | It/Node Time

     0     0    9.69129    0  512   44.28845    9.69129  78.1%     -    8s
H    0     0                      28.5157673    9.69129  66.0%     -    9s
H    0     0                      28.4863923    9.69984  65.9%     -   12s
     0     0   11.03278    0  814   28.48639   11.03278  61.3%     -   24s
H    0     0                      16.9853866   11.03278  35.0%     -   26s
     0     0   11.20866    0  587   16.98539   11.20866  34.0%     -   28s
     0     0   11.21299    0  598   16.98539   11.21299  34.0%     -   29s
     0     0   11.21299    0  598   16.98539   11.21299  34.0%     -   29s
     0     0   11.51337    0  580   16.98539   11.51337  32.2%     -   37s
     0     0   11.55245    0  570   16.98539   11.55245  32.0%     -   40s
     0     0   11.55320    0  574   16.98539   11.55320  32.0%     -   41s
     0     0   11.55321    0  574   16.98539   11.55321  32.0%     -   41s
     0     0   11.69239    0  746   16.98539   11.69239  31.2%     -   49s
     0     0   11.71138    0  760   16.98539   11.71138  31.1%     -   56s
     0     0   11.71446    0  757   16.98539   11.71446  31.0%     -   57s
     0     0   11.71544    0  753   16.98539   11.71544  31.0%     -   57s
     0     0   11.71546    0  751   16.98539   11.71546  31.0%     -   58s
     0     0   11.74645    0  766   16.98539   11.74645  30.8%     -   62s
     0     0   11.75247    0  775   16.98539   11.75247  30.8%     -   66s
     0     0   11.75376    0  802   16.98539   11.75376  30.8%     -   66s
     0     0   11.75378    0  799   16.98539   11.75378  30.8%     -   66s
     0     0   11.77579    0  755   16.98539   11.77579  30.7%     -   69s
     0     0   11.77605    0  754   16.98539   11.77605  30.7%     -   71s
     0     0   11.78643    0  788   16.98539   11.78643  30.6%     -   73s
     0     0   11.78933    0  784   16.98539   11.78933  30.6%     -   74s
     0     0   11.78960    0  774   16.98539   11.78960  30.6%     -   75s
     0     0   11.79702    0  762   16.98539   11.79702  30.5%     -   76s
H    0     0                      16.2362501   11.79702  27.3%     -   79s
H    0     0                      16.1385593   11.80162  26.9%     -   80s
     0     0   11.80162    0  760   16.13856   11.80162  26.9%     -   80s
     0     0   11.80192    0  762   16.13856   11.80192  26.9%     -   80s
     0     0   11.80522    0  764   16.13856   11.80522  26.9%     -   81s
     0     0   11.80737    0  749   16.13856   11.80737  26.8%     -   81s
     0     0   11.80737    0  748   16.13856   11.80737  26.8%     -   82s
     0     0   11.80807    0  747   16.13856   11.80807  26.8%     -   82s
     0     0   11.80837    0  749   16.13856   11.80837  26.8%     -   84s
     0     0   11.80837    0  749   16.13856   11.80837  26.8%     -   84s
     0     0   11.80837    0  632   16.13856   11.80837  26.8%     -   88s
     0     2   11.80837    0  632   16.13856   11.80837  26.8%     -   93s
     3     8   12.12487    2  640   16.13856   11.92473  26.1%  1658   97s
     7    16   12.44959    3  638   16.13856   11.93609  26.0%  2161  104s
    15    32   12.71416    4  639   16.13856   11.95828  25.9%  2446  115s
    31    64   12.83019    5  682   16.13856   11.95846  25.9%  3219  129s
    63    96   12.93249    6  765   16.13856   11.96464  25.9%  3183  159s
H   95   128                      16.1138430   11.96464  25.7%  3068  167s
H  111   128                      16.1051063   11.96464  25.7%  2857  167s
H  115   128                      15.5809892   11.96464  23.2%  2783  167s
   127   160   13.41808    7  742   15.58099   11.96464  23.2%  2713  175s
H  159   192                      15.5559955   11.96464  23.1%  2486  195s
H  160   192                      15.5439154   11.96464  23.0%  2474  195s
H  168   192                      15.5408325   11.96464  23.0%  2413  195s
H  171   192                      15.5009932   11.96464  22.8%  2417  195s
H  187   192                      15.4994300   11.96464  22.8%  2305  195s
H  193   228                      15.4866823   11.96464  22.7%  2273  199s
H  212   228                      15.3126885   11.96464  21.9%  2190  199s
   227   269   13.05614    9  668   15.31269   11.96464  21.9%  2171  206s
H  268   301                      13.8742372   11.96464  13.8%  2143  327s
H  284   301                      13.8694429   11.96464  13.7%  2127  327s
H  289   301                      13.7922982   11.96464  13.3%  2106  327s
   300   336   13.12211   11  721   13.79230   11.96464  13.3%  2088  332s
   350   386   13.20776   11  718   13.79230   11.96464  13.3%  1989  340s
   416   451   13.17750   12  725   13.79230   11.96464  13.3%  1896  346s
   486   520   13.21567   14  603   13.79230   11.96464  13.3%  1792  353s
   569   606   13.24939   16  667   13.79230   11.96464  13.3%  1687  364s
   660   693   13.30795   19  631   13.79230   11.96464  13.3%  1586  369s
   754   774   13.31569   20  620   13.79230   11.96464  13.3%  1500  375s
   851   872   13.34725   23  622   13.79230   11.96464  13.3%  1452  380s
   956   933   13.40147   26  508   13.79230   11.96464  13.3%  1404  386s
  1043   997   13.49938   27  572   13.79230   11.96464  13.3%  1405  394s
  1140  1036     cutoff   27        13.79230   11.96464  13.3%  1396  402s
  1238  1086   13.55574   28  533   13.79230   11.96464  13.3%  1398  410s
H 1313  1114                      13.7647843   11.96464  13.1%  1417  470s
H 1314  1114                      13.7645890   11.96464  13.1%  1417  470s
H 1327  1114                      13.7645890   11.96464  13.1%  1422  470s
  1349  1222   13.64465   30  470   13.76459   11.96464  13.1%  1431  478s
  1491  1323     cutoff   33        13.76459   11.96464  13.1%  1392  487s
  1640  1373     cutoff   32        13.76459   11.96950  13.0%  1349  497s
  1753  1466   13.38242    7  541   13.76459   11.96950  13.0%  1361  511s
  1882  1543   13.44430    8  477   13.76459   11.96950  13.0%  1358  529s
  2022  1668     cutoff   10        13.76459   11.96950  13.0%  1355  539s
  2180  1784   13.45173    9  473   13.76459   11.96950  13.0%  1343  549s
  2360  1834     cutoff   11        13.76459   11.96950  13.0%  1321  562s
  2511  1915     cutoff   46        13.76459   12.03705  12.6%  1327  571s
  2642  1923   13.34845    8  480   13.76459   12.03705  12.6%  1344  683s
H 2646  1922                      13.7600376   12.03705  12.5%  1342  683s
H 2661  1763                      13.5909075   12.03705  11.4%  1344  683s
  2691  1826   13.15096    8  591   13.59091   12.03705  11.4%  1359  692s
  2834  1934   13.19318   10  436   13.59091   12.03705  11.4%  1367  706s
H 2998  1934                      13.5909075   12.03705  11.4%  1368  906s
  2999  1935   12.39730   21  632   13.59091   12.03705  11.4%  1368  932s
  3001  1936   13.05222   33  516   13.59091   12.03705  11.4%  1367  942s
  3002  1937   12.61627   18  620   13.59091   12.03705  11.4%  1367  971s
  3003  1938   13.07792   32  732   13.59091   12.03705  11.4%  1366  980s
  3005  1939   13.33291   36  746   13.59091   12.03705  11.4%  1365  985s
H 3006  1842                      13.5869505   12.03705  11.4%  1365 1001s
  3010  1844   13.34011   31  636   13.58695   12.03705  11.4%  1363 1016s
  3013  1846   12.66534   27  612   13.58695   12.03705  11.4%  1362 1026s
  3016  1848   12.53213    8  610   13.58695   12.03705  11.4%  1360 1037s
  3019  1850   13.11486   21  615   13.58695   12.03705  11.4%  1359 1048s
  3023  1853   12.94681   18  659   13.58695   12.03705  11.4%  1357 1057s
  3026  1855   12.74219   37  637   13.58695   12.03705  11.4%  1356 1066s
  3028  1856   13.38380   35  632   13.58695   12.03705  11.4%  1355 1073s
  3030  1858   12.30728   14  634   13.58695   12.03705  11.4%  1354 1078s
  3031  1858   12.57608   14  634   13.58695   12.03705  11.4%  1353 1083s
  3032  1859   13.18488   33  634   13.58695   12.03705  11.4%  1353 1090s
  3033  1863   12.27926   16  705   13.58695   12.03705  11.4%  1382 1101s
  3035  1866   13.10779   17  727   13.58695   12.03705  11.4%  1383 1108s
  3039  1871     cutoff   18        13.58695   12.03705  11.4%  1385 1115s
  3047  1882   12.03705   19  532   13.58695   12.03705  11.4%  1390 1127s
  3061  1905   12.12500   20  645   13.58695   12.03705  11.4%  1403 1135s
  3089  1919   13.55277   21  586   13.58695   12.11904  10.8%  1437 1156s
  3121  1936     cutoff   22        13.58695   12.11904  10.8%  1451 1166s
H 3122  1843                      13.5869504   12.11904  10.8%  1450 1166s
H 3123  1754                      13.5798596   12.11904  10.8%  1451 1166s
H 3142  1663                      13.5752744   12.11904  10.7%  1455 1166s
  3153  1687     cutoff   22        13.57527   12.11904  10.7%  1455 1171s
  3185  1700   13.41673   24  600   13.57527   12.11904  10.7%  1455 1179s
H 3190  1617                      13.5752744   12.11904  10.7%  1454 1179s
H 3204  1537                      13.5752744   12.11904  10.7%  1454 1179s
H 3210  1463                      13.5576322   12.11904  10.6%  1453 1179s
  3217  1482     cutoff   25        13.55763   12.11904  10.6%  1453 1186s
  3250  1498     cutoff   25        13.55763   12.11904  10.6%  1457 1193s
  3285  1521   12.55133   26  381   13.55763   12.11904  10.6%  1455 1202s
  3325  1535   12.68413   27  359   13.55763   12.11904  10.6%  1456 1365s
H 3326  1466                      13.5202183   12.11904  10.4%  1456 1365s
H 3328  1400                      13.5097453   12.11904  10.3%  1456 1365s
H 3329  1338                      13.4872937   12.11904  10.1%  1455 1365s
H 3334  1277                      13.4595542   12.11904  10.0%  1455 1365s
  3357  1284   12.64697   27  402   13.45955   12.11904  10.0%  1458 1372s
  3397  1314   13.21405   28  406   13.45955   12.11904  10.0%  1460 1382s
  3452  1316   12.69138   28  331   13.45955   12.11904  10.0%  1461 1529s
H 3453  1260                      13.4595542   12.11904  10.0%  1461 1529s
H 3461  1203                      13.4593436   12.11904  10.0%  1461 1529s
H 3466  1151                      13.3606645   12.11904  9.29%  1461 1529s
  3486  1184   13.30525   29  395   13.36066   12.11904  9.29%  1467 1538s
  3554  1206   12.83054   29  354   13.36066   12.11904  9.29%  1468 1548s
  3639  1225   12.73186   28  393   13.36066   12.11904  9.29%  1466 1565s
  3719  1243   12.84510   30  244   13.36066   12.11904  9.29%  1465 1577s
  3802  1233   13.32237   30  400   13.36066   12.11904  9.29%  1459 1584s
  3867  1254   12.92527   31  242   13.36066   12.11904  9.29%  1463 1595s
  3953  1251     cutoff   32        13.36066   12.11904  9.29%  1458 1603s
  4036  1252   13.00365   33  277   13.36066   12.11904  9.29%  1458 1618s
  4129  1264   13.14193   34  242   13.36066   12.11904  9.29%  1454 1630s
  4222  1265   13.32816   35  224   13.36066   12.11904  9.29%  1451 1642s
  4327  1286   13.14600   37  226   13.36066   12.11904  9.29%  1450 1651s
  4428  1295     cutoff   37        13.36066   12.11904  9.29%  1447 1665s
  4540  1263     cutoff   39        13.36066   12.11904  9.29%  1443 1735s
H 4541  1215                      13.3291784   12.11904  9.08%  1443 1735s
H 4542  1169                      13.3220776   12.11904  9.03%  1443 1735s
H 4543  1125                      13.3220604   12.11904  9.03%  1443 1735s
H 4549  1082                      13.3220437   12.11904  9.03%  1443 1735s
H 4554  1042                      13.3220431   12.11904  9.03%  1444 1735s
H 4557  1003                      13.3220370   12.11904  9.03%  1443 1735s
  4586  1024     cutoff   39        13.32204   12.11904  9.03%  1448 1746s
  4709  1037     cutoff   42        13.32204   12.18094  8.57%  1446 1759s
  4820  1048   12.23575   23  456   13.32204   12.18094  8.57%  1445 1769s
  4946  1077   12.39375   25  439   13.32204   12.18094  8.57%  1444 1781s
  5087  1103   12.46925   25  322   13.32204   12.18094  8.57%  1438 1791s
  5231  1188   12.55445   27  248   13.32204   12.18094  8.57%  1431 1805s
  5391  1257   12.66086   32  340   13.32204   12.18094  8.57%  1428 1816s
* 5413  1257              86      13.3173338   12.18094  8.53%  1424 1816s
  5553  1333   12.83172   35  288   13.31733   12.18094  8.53%  1421 1829s
  5729  1418   12.98972   38  302   13.31733   12.18094  8.53%  1417 1844s
  5916  1511   12.85980   40  201   13.31733   12.18094  8.53%  1407 1857s
  6110  1658   13.12134   44  184   13.31733   12.18094  8.53%  1400 1873s
  6326  1822   13.29392   46  202   13.31733   12.18094  8.53%  1396 1886s
  6624  1827     cutoff   47        13.31733   12.18094  8.53%  1378 1978s
H 6625  1780                      13.2840351   12.18094  8.30%  1378 1978s
H 6626  1762                      13.2737756   12.18094  8.23%  1377 1978s
H 6637  1743                      13.2611769   12.18094  8.15%  1378 1978s
H 6648  1743                      13.2515779   12.18094  8.08%  1378 1978s
  6675  1870     cutoff   48        13.25158   12.34985  6.80%  1379 1993s
  6963  1944   12.60939   24  437   13.25158   12.34985  6.80%  1369 2019s
  7231  2045   12.84440   29  430   13.25158   12.34985  6.80%  1378 2041s
  7483  2164   13.23968   40  191   13.25158   12.35715  6.75%  1383 2061s
  7784  2289   12.94635   23  516   13.25158   12.35715  6.75%  1377 2078s
  8095  2391   13.24762   28  307   13.25158   12.35715  6.75%  1370 2119s
  8348  2468     cutoff   29        13.25158   12.43137  6.19%  1377 2142s
  8645  2555   12.72480   23  366   13.25158   12.43137  6.19%  1380 2165s
  8937  2659   13.03864   30  338   13.25158   12.55892  5.23%  1386 2184s
  9263  2787   12.84381   29  347   13.25158   12.58100  5.06%  1388 2203s
  9647  2976     cutoff   38        13.25158   12.61339  4.82%  1381 2232s
 10104  3079   13.16551   35  212   13.25158   12.68356  4.29%  1371 2256s
 10414  3230   13.02347   31  417   13.25158   12.68356  4.29%  1374 2277s
 10776  3301   13.09134   35  441   13.25158   12.68356  4.29%  1381 2308s
 11177  3358   13.23418   40  356   13.25158   12.70282  4.14%  1385 2335s
 11599  3439   12.95719   38  305   13.25158   12.71928  4.02%  1388 2376s
 12048  3547   12.94974   35  408   13.25158   12.72173  4.00%  1390 2402s
 12491  3671   12.98652   29  263   13.25158   12.72242  3.99%  1395 2435s
 12905  3815   12.89649   35  356   13.25158   12.72748  3.96%  1393 2462s
 13361  3931     cutoff   28        13.25158   12.74641  3.81%  1399 2495s
 13837  4080   13.21989   29  379   13.25158   12.75261  3.77%  1407 2526s
 14387  4202   13.14525   43  384   13.25158   12.76549  3.67%  1407 2558s
 14943  4433     cutoff   41        13.25158   12.77268  3.61%  1408 2603s
*15130  4231              91      13.2074532   12.77533  3.27%  1401 2603s
 15570  4298     cutoff   37        13.20745   12.77614  3.27%  1400 2646s
 16082  4420   13.08266   39  184   13.20745   12.79082  3.15%  1401 2685s
 16700  4516     cutoff   41        13.20745   12.79868  3.10%  1404 2720s
 17336  4596     cutoff   41        13.20745   12.80900  3.02%  1409 2757s
H17376  4589                      13.2074059   12.80900  3.02%  1409 2757s
H17429  4589                      13.2074056   12.80900  3.02%  1409 2757s
H17480  4589                      13.2074055   12.80900  3.02%  1409 2757s
 17822  4661   13.16239   23  501   13.20741   12.80983  3.01%  1410 2794s
 18554  4838     cutoff   24        13.20741   12.81899  2.94%  1413 2843s
 19360  5017   13.11450   31  448   13.20741   12.82837  2.87%  1411 2915s
 20197  5140     cutoff   39        13.20741   12.83783  2.80%  1411 2960s
 21031  5273     cutoff   30        13.20741   12.84857  2.72%  1412 3016s
 21815  5316     cutoff   39        13.20741   12.85692  2.65%  1412 3138s
H21816  5314                      13.2072962   12.85692  2.65%  1412 3138s
H21817  5265                      13.2014592   12.85692  2.61%  1412 3138s
H21827  4598                      13.1438950   12.85692  2.18%  1412 3138s
H22090  4597                      13.1437549   12.85692  2.18%  1413 3138s
 22119  4575     cutoff   40        13.14375   12.85770  2.18%  1413 3194s
 22986  4574   12.90999   33  193   13.14375   12.87600  2.04%  1423 3303s
 23958  4579     cutoff   32        13.14375   12.88612  1.96%  1427 3358s
 24886  4580     cutoff   32        13.14375   12.89242  1.91%  1430 3409s
 25878  4536   13.10619   29  357   13.14375   12.91305  1.76%  1435 3480s
 26904  4506   13.06430   39  370   13.14375   12.91844  1.71%  1445 3537s
 27984  4399     cutoff   36        13.14375   12.93053  1.62%  1451 3594s
 29094  4308     cutoff   30        13.14375   12.94039  1.55%  1455 3655s
*29786  4304              85      13.1435382   12.94635  1.50%  1455 3655s
 30356  4166     cutoff   41        13.14354   12.95375  1.44%  1455 3719s
 31652  3998     cutoff   39        13.14354   12.96637  1.35%  1457 3779s
 32981  3751     cutoff   40        13.14354   12.97956  1.25%  1459 3857s
 34207  3424     cutoff   38        13.14354   12.99494  1.13%  1465 3922s
 35554  3036     cutoff   34        13.14354   13.00626  1.04%  1468 3989s
 36932  2512   13.08824   43  146   13.14354   13.02523  0.90%  1474 4062s
 38475  2169     cutoff   43        13.14354   13.04354  0.76%  1479 4217s
H38476  2156                      13.1434311   13.04354  0.76%  1479 4217s
H38612  2156                      13.1434306   13.04451  0.75%  1479 4217s
 39361  1296     cutoff   40        13.14343   13.04831  0.72%  1481 4295s

Cutting planes:
  Learned: 14
  Gomory: 66
  Cover: 187
  Implied bound: 895
  Projected implied bound: 93
  Clique: 27
  MIR: 1059
  StrongCG: 1
  Flow cover: 1975
  Inf proof: 1
  Zero half: 4
  RLT: 90
  Relax-and-lift: 198
  BQP: 26
  PSD: 9

Explored 41062 nodes (61006612 simplex iterations) in 4298.54 seconds (10745.94 work units)
Thread count was 32 (of 128 available processors)

Solution count 10: 13.1434 13.1434 13.1435 ... 13.2074

Optimal solution found (tolerance 5.00e-03)
Best objective 1.314343060591e+01, best bound 1.308206395840e+01, gap 0.4669%


*********************************************
*********************************************


Set parameter LogFile to value "/work/07346/ashukla/ls6/Norta_Results/norta_sm_16_12/40M"
Gurobi Optimizer version 10.0.2 build v10.0.2rc0 (linux64)

CPU model: AMD EPYC 7763 64-Core Processor, instruction set [SSE2|AVX|AVX2]
Thread count: 128 physical cores, 128 logical processors, using up to 32 threads

Optimize a model with 211803 rows, 77908 columns and 590120 nonzeros
Model fingerprint: 0x3a286128
Variable types: 55968 continuous, 21940 integer (21578 binary)
Coefficient statistics:
  Matrix range     [1e-03, 1e+05]
  Objective range  [6e-02, 6e-02]
  Bounds range     [1e+00, 3e+00]
  RHS range        [1e-02, 4e+07]

MIP start from previous solve produced solution with objective 13.1434 (0.65s)
MIP start from previous solve produced solution with objective 13.1434 (0.65s)
Loaded MIP start from previous solve with objective 13.1434

Presolve removed 176748 rows and 50665 columns
Presolve time: 1.67s
Presolved: 35055 rows, 27243 columns, 127099 nonzeros
Variable types: 23573 continuous, 3670 integer (3605 binary)
Root barrier log...

Ordering time: 0.33s

Barrier statistics:
 Dense cols : 53
 AA' NZ     : 4.103e+05
 Factor NZ  : 3.303e+06 (roughly 50 MB of memory)
 Factor Ops : 1.468e+09 (less than 1 second per iteration)
 Threads    : 32

                  Objective                Residual
Iter       Primal          Dual         Primal    Dual     Compl     Time
   0  -6.76319463e+05 -2.87853586e+05  3.61e+04 1.68e-01  7.03e+02     3s
   1  -4.01080185e+05 -3.12939677e+05  2.10e+04 4.88e-01  4.16e+02     3s
   2  -1.15314000e+05 -3.81342422e+05  3.93e+03 1.02e-13  1.29e+02     3s
   3  -1.62560039e+04 -2.63302581e+05  8.49e+01 1.20e-13  2.03e+01     3s
   4  -3.17972220e+03 -1.53355843e+05  1.76e+01 4.28e-14  5.29e+00     3s
   5  -1.37367269e+03 -8.37074706e+04  8.21e+00 1.86e-14  2.37e+00     3s
   6  -1.51420508e+02 -5.08354382e+04  1.81e+00 7.79e-15  9.75e-01     3s
   7   5.76129153e+00 -1.19239892e+04  4.08e+00 1.33e-15  2.30e-01     3s
   8   1.29736597e+02 -1.56993246e+03  3.70e-02 1.55e-15  2.73e-02     3s
   9   5.58528585e+01 -2.10952278e+02  2.15e-03 1.11e-14  4.18e-03     3s
  10   2.23587197e+01 -6.56427705e+01  5.35e-04 3.33e-15  1.38e-03     3s
  11   1.36290303e+01 -2.61557722e+01  2.65e-04 1.33e-15  6.22e-04     3s
  12   9.87823233e+00 -1.40956953e+01  1.63e-04 6.66e-16  3.75e-04     3s
  13   7.56137582e+00 -4.36362909e+00  1.04e-04 4.44e-16  1.87e-04     3s
  14   5.92217409e+00 -1.77252787e-01  6.42e-05 4.44e-16  9.55e-05     3s
  15   4.98464082e+00  8.82882357e-01  4.21e-05 4.44e-16  6.42e-05     3s
  16   4.57664563e+00  1.91311323e+00  3.32e-05 4.44e-16  4.17e-05     3s
  17   4.01637471e+00  2.46453939e+00  2.21e-05 4.44e-16  2.43e-05     3s
  18   3.83066450e+00  2.74556946e+00  1.74e-05 4.44e-16  1.70e-05     3s
  19   3.69846300e+00  2.82038526e+00  1.38e-05 2.22e-16  1.38e-05     3s
  20   3.46191526e+00  2.91596986e+00  7.54e-06 4.44e-16  8.56e-06     3s
  21   3.39204339e+00  2.98845248e+00  5.64e-06 4.44e-16  6.33e-06     3s
  22   3.31974858e+00  3.07550072e+00  3.73e-06 4.44e-16  3.83e-06     3s
  23   3.29625089e+00  3.11747857e+00  3.12e-06 4.44e-16  2.81e-06     3s
  24   3.26247043e+00  3.13192285e+00  2.25e-06 4.44e-16  2.05e-06     3s
  25   3.23438402e+00  3.14908326e+00  1.58e-06 4.44e-16  1.34e-06     3s
  26   3.21069332e+00  3.15650182e+00  9.49e-07 4.44e-16  8.51e-07     3s
  27   3.19278003e+00  3.16777968e+00  4.72e-07 4.44e-16  3.93e-07     3s
  28   3.18515028e+00  3.16952392e+00  2.71e-07 4.44e-16  2.45e-07     3s
  29   3.18351658e+00  3.17205996e+00  2.32e-07 4.44e-16  1.80e-07     3s
  30   3.17709539e+00  3.17322386e+00  6.13e-08 2.22e-16  6.07e-08     4s
  31   3.17571895e+00  3.17409449e+00  2.61e-08 4.44e-16  2.55e-08     4s
  32   3.17531339e+00  3.17430932e+00  1.56e-08 4.44e-16  1.58e-08     4s
  33   3.17492106e+00  3.17449639e+00  5.48e-09 2.95e-14  6.66e-09     4s
  34   3.17480902e+00  3.17458043e+00  2.70e-09 3.56e-13  3.58e-09     4s
  35   3.17470832e+00  3.17467362e+00  6.20e-10 1.55e-12  5.43e-10     4s
  36   3.17469812e+00  3.17469711e+00  3.01e-10 3.50e-13  1.58e-11     4s

Barrier solved model in 36 iterations and 3.63 seconds (3.59 work units)
Optimal objective 3.17469812e+00

Extra simplex iterations after uncrush: 2

Root relaxation: objective 3.174698e+00, 5920 iterations, 2.48 seconds (2.84 work units)
Total elapsed time = 8.64s

    Nodes    |    Current Node    |     Objective Bounds      |     Work
 Expl Unexpl |  Obj  Depth IntInf | Incumbent    BestBd   Gap | It/Node Time

     0     0    3.17470    0  320   13.14343    3.17470  75.8%     -    9s
H    0     0                       7.8576750    3.85323  51.0%     -   24s
     0     0    3.85323    0  394    7.85767    3.85323  51.0%     -   24s
     0     0    3.85564    0  388    7.85767    3.85564  50.9%     -   29s
     0     0    3.85564    0  388    7.85767    3.85564  50.9%     -   29s
     0     0    3.99696    0  380    7.85767    3.99696  49.1%     -   34s
     0     0    4.00785    0  358    7.85767    4.00785  49.0%     -   37s
     0     0    4.01128    0  394    7.85767    4.01128  49.0%     -   38s
     0     0    4.01144    0  401    7.85767    4.01144  48.9%     -   38s
     0     0    4.01148    0  397    7.85767    4.01148  48.9%     -   38s
     0     0    4.07349    0  420    7.85767    4.07349  48.2%     -   47s
H    0     0                       6.7215071    4.07349  39.4%     -   49s
     0     0    4.07588    0  406    6.72151    4.07588  39.4%     -   50s
     0     0    4.07594    0  411    6.72151    4.07594  39.4%     -   51s
     0     0    4.08013    0  469    6.72151    4.08013  39.3%     -   55s
     0     0    4.08213    0  448    6.72151    4.08213  39.3%     -   61s
     0     0    4.08214    0  448    6.72151    4.08214  39.3%     -   61s
     0     0    4.08371    0  478    6.72151    4.08371  39.2%     -   63s
     0     0    4.08376    0  471    6.72151    4.08376  39.2%     -   66s
     0     0    4.08505    0  435    6.72151    4.08505  39.2%     -   68s
     0     0    4.08533    0  423    6.72151    4.08533  39.2%     -   72s
     0     0    4.08540    0  423    6.72151    4.08540  39.2%     -   72s
     0     0    4.08588    0  421    6.72151    4.08588  39.2%     -   73s
     0     0    4.08596    0  415    6.72151    4.08596  39.2%     -   75s
     0     0    4.08596    0  415    6.72151    4.08596  39.2%     -   75s
     0     0    4.08596    0  415    6.72151    4.08596  39.2%     -   76s
     0     0    4.08596    0  415    6.72151    4.08596  39.2%     -   76s
     0     0    4.08596    0  322    6.72151    4.08596  39.2%     -   81s
     0     2    4.08596    0  321    6.72151    4.08596  39.2%     -   87s
     1     4    4.22916    1  399    6.72151    4.08596  39.2%  4678   92s
     3     8    4.35896    2  398    6.72151    4.09573  39.1%  2892   97s
     7    16    4.77030    3  450    6.72151    4.09761  39.0%  2982  103s
    15    32    4.78178    4  418    6.72151    4.10382  38.9%  3039  108s
    31    64    4.78633    5  419    6.72151    4.11191  38.8%  3308  117s
H   32    64                       6.1997633    4.11191  33.7%  3205  117s
H   39    64                       6.1951922    4.11191  33.6%  3280  117s
H   40    64                       5.4410335    4.11191  24.4%  3242  117s
    63    96    4.81466    6  418    5.44103    4.11205  24.4%  3125  146s
    95   124    4.82721    6  441    5.44103    4.11209  24.4%  3416  157s
   127   156    4.83888    7  460    5.44103    4.11209  24.4%  3603  199s
H  159   188                       5.4410335    4.11209  24.4%  4139  217s
H  161   188                       5.3307383    4.11209  22.9%  4144  217s
H  167   188                       5.1364582    4.11209  19.9%  4071  217s
   191   230    4.84955    9  423    5.13646    4.11209  19.9%  3755  224s
   237   277    4.85484   10  431    5.13646    4.11209  19.9%  3343  230s
   288   325    4.87574   11  443    5.13646    4.11209  19.9%  3032  237s
   336   366    4.92526   11  424    5.13646    4.11209  19.9%  2847  245s
H  344   366                       4.7944567    4.11209  14.2%  2830  245s
   377   384     cutoff   12         4.79446    4.11209  14.2%  2694  252s
   455   432     cutoff   12         4.79446    4.14415  13.6%  2355  257s
   517   480    4.15978    7  357    4.79446    4.14415  13.6%  2225  265s
   593   562    4.16885    8  403    4.79446    4.14415  13.6%  2105  276s
   686   638    4.18649    9  351    4.79446    4.14415  13.6%  1946  283s
   784   707    4.19748   11  308    4.79446    4.14415  13.6%  1843  300s
   878   770    4.29657   13  367    4.79446    4.14415  13.6%  1851  315s
   972   842    4.49546   14  367    4.79446    4.14415  13.6%  1828  328s
  1073   929    4.49834   15  345    4.79446    4.14415  13.6%  1792  333s
  1180   993    4.54175   18  214    4.79446    4.14415  13.6%  1724  344s
  1292  1057     cutoff   21         4.79446    4.14415  13.6%  1690  354s
H 1405  1074                       4.7034881    4.14415  11.9%  1669  375s
  1439  1094    4.57951   22  308    4.70349    4.14415  11.9%  1709  386s
  1536  1170    4.58713   23  297    4.70349    4.14415  11.9%  1734  400s
  1645  1288     cutoff   25         4.70349    4.14415  11.9%  1730  413s
  1783  1390    4.65126   24  301    4.70349    4.14415  11.9%  1701  423s
  1934  1401     cutoff   26         4.70349    4.14415  11.9%  1658  491s
H 1936  1401                       4.6646400    4.14415  11.2%  1660  491s
H 1952  1401                       4.6023917    4.14415  10.0%  1661  491s
  1975  1384    4.41872   14  386    4.60239    4.14415  10.0%  1669  647s
H 1978  1384                       4.5869963    4.14415  9.65%  1669  647s
H 2037  1384                       4.5686356    4.14415  9.29%  1671  647s
  2058  1433    4.42829   15  424    4.56864    4.14415  9.29%  1683  723s
  2158  1505    4.46103   17  341    4.56864    4.14415  9.29%  1743  741s
  2287  1532     cutoff   21         4.56864    4.14415  9.29%  1774  755s
  2419  1563     cutoff   20         4.56864    4.14415  9.29%  1794  769s
  2524  1613     cutoff   19         4.56864    4.16163  8.91%  1824  787s
  2641  1620    4.33526    8  311    4.56864    4.16163  8.91%  1846  809s
  2739  1626    4.37504   10  337    4.56864    4.16163  8.91%  1904  825s
  2825  1662    4.43073   13  360    4.56864    4.16163  8.91%  1955  840s
  2954  1668    4.55667   15  233    4.56864    4.16163  8.91%  1973  859s
  3056  1667     cutoff   17         4.56864    4.16698  8.79%  2024  877s
  3167  1658     cutoff    9         4.56864    4.16698  8.79%  2058  896s
  3291  1667    4.50694   12  372    4.56864    4.16698  8.79%  2099  915s
  3391  1693     cutoff   15         4.56864    4.20522  7.95%  2161  933s
  3533  1704    4.26540   10  354    4.56864    4.20522  7.95%  2189  974s
  3682  1691     cutoff   16         4.56864    4.20522  7.95%  2230  996s
  3835  1675     cutoff   16         4.56864    4.26391  6.67%  2253 1015s
  4022  1623     cutoff   27         4.56864    4.26540  6.64%  2263 1032s
  4182  1630     cutoff   11         4.56864    4.32899  5.25%  2298 1051s
  4362  1617    4.51899    9  420    4.56864    4.35007  4.78%  2325 1075s
  4557  1594     cutoff    9         4.56864    4.36014  4.56%  2345 1128s
  4760  1603     cutoff   10         4.56864    4.38069  4.11%  2373 1150s
  4975  1594     cutoff   14         4.56864    4.38631  3.99%  2381 1175s
  5220  1647     cutoff    9         4.56864    4.39885  3.72%  2388 1234s
  5595  1677     cutoff   21         4.56864    4.41575  3.35%  2352 1258s
  5900  1672     cutoff   12         4.56864    4.42539  3.14%  2346 1284s
  6274  1714    4.49560   18  173    4.56864    4.43850  2.85%  2325 1306s
  6724  1679     cutoff   20         4.56864    4.44931  2.61%  2288 1332s
  7165  1681     cutoff   21         4.56864    4.45823  2.42%  2256 1377s
  7651  1633     cutoff   19         4.56864    4.46853  2.19%  2223 1401s
  8167  1580     cutoff   35         4.56864    4.47889  1.96%  2187 1429s
  8737  1483    4.50592   27  134    4.56864    4.48317  1.87%  2143 1460s
  9320  1355    4.55546   15  149    4.56864    4.49591  1.59%  2107 1490s
* 9971  1355              42       4.5666657    4.50204  1.42%  2059 1490s
* 9973  1355              42       4.5666656    4.50204  1.42%  2058 1490s
 10007  1005     cutoff   19         4.56667    4.50954  1.25%  2056 1519s
*10208  1005              26       4.5570025    4.51616  0.90%  2045 1519s
*10741  1005              29       4.5411119    4.52062  0.45%  2008 1519s

Cutting planes:
  Learned: 6
  Gomory: 60
  Cover: 186
  Implied bound: 2073
  Clique: 81
  MIR: 609
  StrongCG: 5
  Flow cover: 273
  Zero half: 10
  Mod-K: 1
  RLT: 94
  Relax-and-lift: 190
  BQP: 7
  PSD: 6

Explored 10777 nodes (21646896 simplex iterations) in 1519.89 seconds (3595.30 work units)
Thread count was 32 (of 128 available processors)

Solution count 10: 4.54111 4.557 4.56667 ... 4.79446

Optimal solution found (tolerance 5.00e-03)
Best objective 4.541111875001e+00, best bound 4.520618417536e+00, gap 0.4513%


*********************************************
*********************************************


Set parameter LogFile to value "/work/07346/ashukla/ls6/Norta_Results/norta_sm_16_12/60M"
Gurobi Optimizer version 10.0.2 build v10.0.2rc0 (linux64)

CPU model: AMD EPYC 7763 64-Core Processor, instruction set [SSE2|AVX|AVX2]
Thread count: 128 physical cores, 128 logical processors, using up to 32 threads

Optimize a model with 211803 rows, 77908 columns and 590120 nonzeros
Model fingerprint: 0x76f21231
Variable types: 55968 continuous, 21940 integer (21578 binary)
Coefficient statistics:
  Matrix range     [1e-03, 1e+05]
  Objective range  [6e-02, 6e-02]
  Bounds range     [1e+00, 3e+00]
  RHS range        [1e-02, 6e+07]

MIP start from previous solve produced solution with objective 4.54111 (0.66s)
MIP start from previous solve produced solution with objective 4.54111 (0.67s)
Loaded MIP start from previous solve with objective 4.54111

Presolve removed 176748 rows and 50665 columns
Presolve time: 1.64s
Presolved: 35055 rows, 27243 columns, 127099 nonzeros
Variable types: 23573 continuous, 3670 integer (3605 binary)
Root barrier log...

Ordering time: 0.31s

Barrier statistics:
 Dense cols : 53
 AA' NZ     : 4.103e+05
 Factor NZ  : 3.303e+06 (roughly 50 MB of memory)
 Factor Ops : 1.468e+09 (less than 1 second per iteration)
 Threads    : 32

                  Objective                Residual
Iter       Primal          Dual         Primal    Dual     Compl     Time
   0  -8.48385665e+05 -2.87854033e+05  4.52e+04 1.68e-01  8.81e+02     3s
   1  -5.13617670e+05 -3.04409752e+05  2.66e+04 5.20e-01  5.29e+02     3s
   2  -2.17504988e+05 -3.80200146e+05  8.87e+03 1.68e-13  2.31e+02     3s
   3  -1.05276721e+04 -3.15002578e+05  5.55e+01 1.48e-13  1.56e+01     3s
   4  -2.47593037e+03 -1.40465698e+05  1.39e+01 2.40e-14  4.34e+00     3s
   5  -1.64782163e+02 -7.22294418e+04  1.93e+00 9.83e-15  1.36e+00     3s
   6   1.21352178e+02 -5.61222217e+04  3.66e-01 7.65e-15  9.14e-01     3s
   7   1.58210253e+02 -6.18402853e+03  3.77e-02 2.04e-15  9.99e-02     3s
   8   1.06817228e+02 -1.40995916e+03  4.66e-03 8.88e-16  2.37e-02     3s
   9   4.57785346e+01 -1.68170528e+02  8.83e-04 6.66e-16  3.34e-03     3s
  10   1.57164795e+01 -6.90543839e+01  1.96e-04 4.44e-16  1.32e-03     3s
  11   5.06529337e+00 -3.20638993e+01  4.75e-05 4.44e-16  5.79e-04     3s
  12   4.72401718e+00 -1.17538771e+01  4.37e-05 4.44e-16  2.57e-04     3s
  13   3.54797034e+00 -6.01409474e+00  3.15e-05 4.44e-16  1.49e-04     3s
  14   2.22498382e+00 -2.84686142e+00  1.88e-05 4.44e-16  7.92e-05     3s
  15   1.47142988e+00 -1.47219069e+00  1.14e-05 4.44e-16  4.60e-05     3s
  16   1.16799878e+00 -3.19306380e-01  8.56e-06 4.44e-16  2.32e-05     3s
  17   7.92867580e-01  6.82147648e-02  5.02e-06 4.44e-16  1.13e-05     3s
  18   5.80954906e-01  1.43566552e-01  3.00e-06 4.44e-16  6.84e-06     3s
  19   5.27152519e-01  1.69524698e-01  2.48e-06 4.44e-16  5.59e-06     3s
  20   4.36433961e-01  2.07622833e-01  1.61e-06 2.22e-16  3.58e-06     3s
  21   3.52765717e-01  2.30024613e-01  8.05e-07 2.22e-16  1.92e-06     3s
  22   3.40309539e-01  2.45873412e-01  6.84e-07 2.22e-16  1.48e-06     3s
  23   3.19177966e-01  2.52849801e-01  4.84e-07 4.44e-16  1.04e-06     3s
  24   3.07497136e-01  2.54484388e-01  3.73e-07 4.44e-16  8.29e-07     3s
  25   2.89481968e-01  2.62105122e-01  2.05e-07 4.44e-16  4.28e-07     3s
  26   2.82983169e-01  2.65480760e-01  1.40e-07 4.44e-16  2.74e-07     3s
  27   2.79707726e-01  2.65980754e-01  1.08e-07 4.44e-16  2.15e-07     4s
  28   2.76988007e-01  2.66642855e-01  8.05e-08 2.22e-16  1.62e-07     4s
  29   2.74507426e-01  2.67422301e-01  5.62e-08 4.44e-16  1.11e-07     4s
  30   2.72176573e-01  2.68158143e-01  3.43e-08 4.44e-16  6.29e-08     4s
  31   2.69843473e-01  2.68344622e-01  1.05e-08 4.44e-16  2.34e-08     4s
  32   2.69436508e-01  2.68505945e-01  6.54e-09 2.22e-16  1.45e-08     4s
  33   2.69334468e-01  2.68635054e-01  5.54e-09 7.46e-14  1.09e-08     4s
  34   2.68873905e-01  2.68689400e-01  1.07e-09 1.70e-12  2.88e-09     4s
  35   2.68782616e-01  2.68741312e-01  6.12e-10 7.11e-13  6.45e-10     4s
  36   2.68759740e-01  2.68755036e-01  1.70e-09 9.96e-14  7.35e-11     4s
  37   2.68757880e-01  2.68756624e-01  3.15e-09 4.98e-14  1.96e-11     4s

Barrier solved model in 37 iterations and 3.75 seconds (3.64 work units)
Optimal objective 2.68757880e-01


Root simplex log...

Iteration    Objective       Primal Inf.    Dual Inf.      Time
    6920    2.6875748e-01   0.000000e+00   2.349860e-02      5s
    7216    2.6875753e-01   0.000000e+00   0.000000e+00      5s
    7221    2.6875753e-01   0.000000e+00   0.000000e+00      5s
Extra simplex iterations after uncrush: 5

Root relaxation: objective 2.687575e-01, 7221 iterations, 3.08 seconds (3.42 work units)

    Nodes    |    Current Node    |     Objective Bounds      |     Work
 Expl Unexpl |  Obj  Depth IntInf | Incumbent    BestBd   Gap | It/Node Time

     0     0    0.26876    0  184    4.54111    0.26876  94.1%     -    9s
H    0     0                       2.1195300    0.35464  83.3%     -   31s
H    0     0                       1.8899927    0.35464  81.2%     -   31s
     0     0    0.35464    0  266    1.88999    0.35464  81.2%     -   31s
H    0     0                       1.8681570    0.35464  81.0%     -   34s
     0     0    0.37669    0  266    1.86816    0.37669  79.8%     -   36s
     0     0    0.37909    0  275    1.86816    0.37909  79.7%     -   42s
     0     0    0.38152    0  274    1.86816    0.38152  79.6%     -   45s
     0     0    0.39137    0  289    1.86816    0.39137  79.1%     -   51s
H    0     0                       1.7138431    0.39137  77.2%     -   55s
     0     0    0.39158    0  292    1.71384    0.39158  77.2%     -   56s
     0     0    0.39396    0  278    1.71384    0.39396  77.0%     -   58s
     0     0    0.39410    0  276    1.71384    0.39410  77.0%     -   60s
     0     0    0.39418    0  276    1.71384    0.39418  77.0%     -   61s
     0     0    0.39418    0  276    1.71384    0.39418  77.0%     -   63s
     0     0    0.39418    0  276    1.71384    0.39418  77.0%     -   64s
     0     0    0.39418    0  276    1.71384    0.39418  77.0%     -   65s
     0     0    0.39418    0  278    1.71384    0.39418  77.0%     -   66s
     0     0    0.39418    0  278    1.71384    0.39418  77.0%     -   67s
     0     0    0.39418    0  235    1.71384    0.39418  77.0%     -   71s
     0     0    0.39423    0  235    1.71384    0.39423  77.0%     -   73s
     0     0    0.39424    0  211    1.71384    0.39424  77.0%     -   75s
     0     0    0.39424    0  211    1.71384    0.39424  77.0%     -   78s
     0     0    0.39445    0  220    1.71384    0.39445  77.0%     -   78s
     0     0    0.39454    0  214    1.71384    0.39454  77.0%     -   79s
     0     0    0.39454    0  213    1.71384    0.39454  77.0%     -   79s
     0     0    0.39454    0  213    1.71384    0.39454  77.0%     -   79s
     0     0    0.39454    0  213    1.71384    0.39454  77.0%     -   80s
     0     0    0.39454    0  212    1.71384    0.39454  77.0%     -   82s
     0     2    0.39454    0  212    1.71384    0.39454  77.0%     -   89s
     1     4    0.39503    1  228    1.71384    0.39454  77.0%   669   91s
     3     8    0.64291    2  196    1.71384    0.39503  77.0%  2834   97s
     7    16    0.64461    3  166    1.71384    0.39575  76.9%  2139  102s
    15    30    0.69102    4  167    1.71384    0.39658  76.9%  2507  110s
    31    60    0.72047    5  175    1.71384    0.39707  76.8%  3093  116s
H   39    60                       1.6569748    0.39707  76.0%  2671  116s
H   47    60                       0.8849939    0.39707  55.1%  2630  116s
    61    76    0.84875    6  159    0.88499    0.39855  55.0%  2659  121s
    95   103     cutoff    7         0.88499    0.39855  55.0%  2104  133s
H  101   103                       0.8849938    0.39855  55.0%  2108  133s
H  111   103                       0.8788125    0.39855  54.6%  2109  133s
H  114   103                       0.7868018    0.39855  49.3%  2130  133s
   127   124     cutoff    7         0.78680    0.39855  49.3%  2110  139s
   159   142    0.76689    8  157    0.78680    0.39855  49.3%  2318  152s
H  160   142                       0.7868017    0.39855  49.3%  2303  152s
H  162   142                       0.7868017    0.39855  49.3%  2359  152s
H  164   142                       0.7862758    0.39855  49.3%  2343  152s
   191   165    0.78050    9  137    0.78628    0.39855  49.3%  2426  158s
   228   197    0.78051   10  122    0.78628    0.39855  49.3%  2428  162s
   269   235    0.78258   12  114    0.78628    0.39855  49.3%  2332  170s
   317   255     cutoff   12         0.78628    0.39855  49.3%  2192  250s
H  321   255                       0.7802994    0.39855  48.9%  2186  250s
H  333   255                       0.7769468    0.39855  48.7%  2182  250s
H  339   255                       0.7491011    0.39855  46.8%  2169  250s
   351   243     cutoff   11         0.74910    0.40463  46.0%  2171  259s
H  382   243                       0.5988733    0.40463  32.4%  2076  259s
   409   243    0.44010    7  183    0.59887    0.40463  32.4%  2068  269s
H  455   243                       0.5930251    0.40463  31.8%  2016  269s
   475   278    0.53834    9  258    0.59303    0.40463  31.8%  1989  276s
   528   332    0.53889   10  172    0.59303    0.40463  31.8%  1931  285s
   600   395 infeasible   12         0.59303    0.40463  31.8%  1886  293s
   673   445    0.54164   11  208    0.59303    0.40463  31.8%  1811  299s
   757   496    0.54211   12  149    0.59303    0.40463  31.8%  1726  308s
   839   541    0.55945   14  178    0.59303    0.40463  31.8%  1670  318s
   936   605     cutoff   15         0.59303    0.40463  31.8%  1612  326s
  1040   631    0.56819   14  172    0.59303    0.40463  31.8%  1547  337s
  1143   643    0.57198   15  172    0.59303    0.40463  31.8%  1526  343s
* 1200   643              53       0.5915881    0.40463  31.6%  1511  343s
* 1201   643              53       0.5915752    0.40463  31.6%  1509  343s
  1226   672    0.57587   17  169    0.59158    0.40463  31.6%  1526  350s
  1318   715     cutoff   18         0.59158    0.40463  31.6%  1526  358s
H 1327   715                       0.5293363    0.40463  23.6%  1531  358s
  1396   634    0.48508   21   85    0.52934    0.40463  23.6%  1516  368s
  1533   625    0.52090   24   89    0.52934    0.41900  20.8%  1495  384s
* 1617   625              38       0.5265881    0.42747  18.8%  1528  384s
H 1626   593                       0.5211100    0.42747  18.0%  1529  492s
H 1628   593                       0.5175694    0.42747  17.4%  1533  492s
H 1638   593                       0.5131694    0.42747  16.7%  1547  492s
  1681   520     cutoff    8         0.51317    0.42747  16.7%  1583  505s
  1809   283    0.44802   12  258    0.51317    0.42747  16.7%  1578  511s
  2082    78    0.45278   13  195    0.51317    0.42747  16.7%  1422  518s
  2324    16     cutoff   14         0.51317    0.42981  16.2%  1292  525s
  2404     9     cutoff   10         0.51317    0.43694  14.9%  1265  530s
  2420     7    0.44093   11  210    0.51317    0.43694  14.9%  1266  536s
  2429     3     cutoff   12         0.51317    0.45055  12.2%  1270  540s
  2440     2    0.47611   15  208    0.51317    0.45980  10.4%  1273  546s
  2445     0    0.50113   16  190    0.51317    0.48104  6.26%  1276  552s

Cutting planes:
  Gomory: 42
  Cover: 175
  Implied bound: 1370
  Clique: 125
  MIR: 308
  StrongCG: 7
  Flow cover: 132
  Zero half: 7
  RLT: 34
  Relax-and-lift: 71
  BQP: 8
  PSD: 4

Explored 2451 nodes (3177298 simplex iterations) in 552.08 seconds (1201.26 work units)
Thread count was 32 (of 128 available processors)

Solution count 10: 0.513169 0.517569 0.52111 ... 0.749101

Optimal solution found (tolerance 5.00e-03)
Best objective 5.131693750005e-01, best bound 5.131693750005e-01, gap 0.0000%


*********************************************
*********************************************


Set parameter LogFile to value "/work/07346/ashukla/ls6/Norta_Results/norta_sm_16_12/80M"
Gurobi Optimizer version 10.0.2 build v10.0.2rc0 (linux64)

CPU model: AMD EPYC 7763 64-Core Processor, instruction set [SSE2|AVX|AVX2]
Thread count: 128 physical cores, 128 logical processors, using up to 32 threads

Optimize a model with 211803 rows, 77908 columns and 590120 nonzeros
Model fingerprint: 0x08ac9613
Variable types: 55968 continuous, 21940 integer (21578 binary)
Coefficient statistics:
  Matrix range     [1e-03, 1e+05]
  Objective range  [6e-02, 6e-02]
  Bounds range     [1e+00, 3e+00]
  RHS range        [1e-02, 8e+07]

MIP start from previous solve produced solution with objective 0.513169 (0.69s)
Loaded MIP start from previous solve with objective 0.513169

Presolve removed 180391 rows and 51295 columns
Presolve time: 1.76s
Presolved: 31412 rows, 26613 columns, 116620 nonzeros
Variable types: 23074 continuous, 3539 integer (3476 binary)
Root barrier log...

Ordering time: 0.26s

Barrier statistics:
 Dense cols : 45
 AA' NZ     : 3.255e+05
 Factor NZ  : 2.569e+06 (roughly 40 MB of memory)
 Factor Ops : 9.838e+08 (less than 1 second per iteration)
 Threads    : 32

                  Objective                Residual
Iter       Primal          Dual         Primal    Dual     Compl     Time
   0  -7.26825588e+04 -2.46307684e+05  3.63e+02 1.68e-01  7.78e+01     3s
   1  -2.64944755e+04 -2.08451837e+05  1.33e+02 3.68e-01  2.95e+01     3s
   2  -8.85676952e+02 -1.19169297e+05  5.54e+00 8.90e-14  2.93e+00     3s
   3   2.96492864e+01 -4.78258090e+04  8.74e-01 3.99e-14  9.02e-01     3s
   4   1.50041854e+02 -4.86677942e+03  1.23e-01 2.03e-15  8.93e-02     3s
   5   1.03817876e+02 -1.42513373e+03  1.74e-02 1.78e-15  2.62e-02     3s
   6   5.82787201e+01 -5.20585789e+02  5.94e-03 8.88e-16  9.89e-03     3s
   7   2.82617234e+01 -2.05719721e+02  2.36e-03 4.44e-16  3.99e-03     3s
   8   1.22641872e+01 -9.62804467e+01  7.45e-04 4.44e-16  1.85e-03     3s
   9   5.29391615e+00 -3.16792551e+01  2.43e-04 4.44e-16  6.30e-04     3s
  10   7.53517244e-01 -6.64756884e+00  7.92e-06 4.44e-16  1.26e-04     3s
  11   1.13376915e-01 -1.66361721e+00  7.01e-07 4.44e-16  3.02e-05     3s
  12   2.52402031e-02 -1.40945154e-01  9.53e-08 4.44e-16  2.82e-06     3s
  13   3.89353782e-03 -1.95165578e-02  1.44e-08 8.88e-16  3.98e-07     3s
  14   3.28068139e-04 -1.14303628e-03  1.17e-09 4.44e-16  2.50e-08     3s
  15   4.82764000e-06 -5.65867123e-06  1.68e-11 4.44e-16  1.78e-10     3s
  16   4.83447593e-09 -5.65790970e-09  3.47e-12 4.44e-16  1.78e-13     3s

Barrier solved model in 16 iterations and 3.19 seconds (3.17 work units)
Optimal objective 4.83447593e-09


Root relaxation: objective 1.023182e-12, 2717 iterations, 1.15 seconds (1.04 work units)
Total elapsed time = 8.35s

    Nodes    |    Current Node    |     Objective Bounds      |     Work
 Expl Unexpl |  Obj  Depth IntInf | Incumbent    BestBd   Gap | It/Node Time

     0     0    0.00000    0   23    0.51317    0.00000   100%     -    9s
     0     0    0.00000    0   70    0.51317    0.00000   100%     -   13s
H    0     0                       0.4923472    0.00000   100%     -   14s
H    0     0                       0.3067774    0.00000   100%     -   14s
     0     0    0.00000    0   70    0.30678    0.00000   100%     -   14s
     0     0    0.00000    0   18    0.30678    0.00000   100%     -   18s
     0     0    0.00000    0   17    0.30678    0.00000   100%     -   19s
     0     0    0.00000    0   13    0.30678    0.00000   100%     -   21s
     0     0    0.00000    0   12    0.30678    0.00000   100%     -   22s
     0     0    0.00000    0   11    0.30678    0.00000   100%     -   23s
     0     0    0.00000    0   11    0.30678    0.00000   100%     -   24s
     0     0    0.00000    0   11    0.30678    0.00000   100%     -   25s
     0     0    0.00000    0   11    0.30678    0.00000   100%     -   26s
     0     0    0.00000    0   11    0.30678    0.00000   100%     -   27s
     0     0    0.00000    0   11    0.30678    0.00000   100%     -   28s
     0     0    0.00000    0   10    0.30678    0.00000   100%     -   29s
     0     0    0.00000    0    9    0.30678    0.00000   100%     -   29s
     0     0    0.00000    0    9    0.30678    0.00000   100%     -   29s
     0     0    0.00000    0    9    0.30678    0.00000   100%     -   30s
     0     0    0.00000    0    9    0.30678    0.00000   100%     -   30s
     0     0    0.00000    0    9    0.30678    0.00000   100%     -   30s
     0     2    0.00000    0    9    0.30678    0.00000   100%     -   31s
     1     4    0.00010    1   40    0.30678    0.00000   100%  7605   38s
     3     8    0.05327    2  122    0.30678    0.00000   100%  6444   46s
     7    16    0.11101    3  116    0.30678    0.00000   100%  4362   51s
    15    30     cutoff    4         0.30678    0.00000   100%  3756   58s
H   17    30                       0.1171848    0.00000   100%  3694   58s
H   25    30                       0.0942872    0.00000   100%  3374   58s
    31    31    0.00000    5    1    0.09429    0.00000   100%  3283   69s
H   35    31                       0.0797425    0.00000   100%  2999   69s
H   47    31                       0.0368925    0.00000   100%  2607   69s
*   55    24               6       0.0000000    0.00000  0.00%  2467   72s

Cutting planes:
  Learned: 1
  Cover: 55
  Implied bound: 762
  Clique: 23
  MIR: 197
  StrongCG: 2
  Flow cover: 11
  RLT: 17
  Relax-and-lift: 53
  BQP: 3
  PSD: 3

Explored 84 nodes (187709 simplex iterations) in 73.02 seconds (142.48 work units)
Thread count was 32 (of 128 available processors)

Solution count 8: 5.68434e-13 0.0368925 0.0797425 ... 0.513169

Optimal solution found (tolerance 5.00e-03)
Best objective 5.684341886081e-13, best bound 5.684341886081e-13, gap 0.0000%


*********************************************
*********************************************


