Set parameter TokenServer to value "license02.tacc.utexas.edu"
Set parameter LogFile to value "/work/07346/ashukla/ls6/Norta_Results/norta_sm_16_28/0M"
Set parameter MIPGap to value 0.005
Set parameter TimeLimit to value 32400
Set parameter Method to value 2
Gurobi Optimizer version 10.0.2 build v10.0.2rc0 (linux64)

CPU model: AMD EPYC 7763 64-Core Processor, instruction set [SSE2|AVX|AVX2]
Thread count: 128 physical cores, 128 logical processors, using up to 32 threads

Optimize a model with 211787 rows, 77908 columns and 590072 nonzeros
Model fingerprint: 0x3a21a27c
Variable types: 55968 continuous, 21940 integer (21578 binary)
Coefficient statistics:
  Matrix range     [1e-03, 1e+05]
  Objective range  [6e-02, 6e-02]
  Bounds range     [1e+00, 3e+00]
  RHS range        [1e-02, 2e+04]
Presolve removed 210924 rows and 76744 columns
Presolve time: 1.62s
Presolved: 863 rows, 1164 columns, 3951 nonzeros
Variable types: 1020 continuous, 144 integer (144 binary)
Found heuristic solution: objective 65.8449604
Root barrier log...

Ordering time: 0.00s

Barrier statistics:
 AA' NZ     : 4.617e+03
 Factor NZ  : 2.043e+04 (roughly 1 MB of memory)
 Factor Ops : 9.672e+05 (less than 1 second per iteration)
 Threads    : 1

                  Objective                Residual
Iter       Primal          Dual         Primal    Dual     Compl     Time
   0  -1.93899515e+03 -8.08199473e+03  1.57e+02 2.05e-01  3.52e+01     2s
   1  -3.38611105e+01 -4.13749355e+03  7.06e+00 1.22e-15  3.31e+00     2s
   2   4.71811642e+01 -4.36559168e+02  6.33e-01 6.66e-16  2.96e-01     2s
   3   5.19639589e+01 -6.43404186e+00  5.46e-02 1.33e-15  3.10e-02     2s
   4   4.75557758e+01  3.24124516e+01  1.34e-03 8.88e-16  7.56e-03     2s
   5   4.49444430e+01  3.99080819e+01  3.20e-05 4.44e-16  2.51e-03     2s
   6   4.44549999e+01  4.28714392e+01  1.25e-05 4.44e-16  7.88e-04     2s
   7   4.42544466e+01  4.33818094e+01  5.25e-06 2.90e-16  4.34e-04     2s
   8   4.41474376e+01  4.37741450e+01  1.39e-06 3.37e-16  1.86e-04     2s
   9   4.41209680e+01  4.40014662e+01  6.67e-07 4.44e-16  5.95e-05     2s
  10   4.41029182e+01  4.40557640e+01  1.24e-07 4.44e-16  2.35e-05     2s
  11   4.40994486e+01  4.40959162e+01  3.92e-08 2.22e-16  1.76e-06     2s
  12   4.40973761e+01  4.40969604e+01  7.91e-09 4.44e-16  2.07e-07     2s
  13   4.40973034e+01  4.40972374e+01  1.65e-09 4.44e-16  3.28e-08     2s
  14   4.40972892e+01  4.40972875e+01  4.45e-10 4.44e-16  8.23e-10     2s
  15   4.40972890e+01  4.40972890e+01  5.83e-10 2.22e-16  8.23e-13     2s

Barrier solved model in 15 iterations and 1.73 seconds (1.82 work units)
Optimal objective 4.40972890e+01


Root relaxation: objective 4.409729e+01, 21 iterations, 0.02 seconds (0.02 work units)

    Nodes    |    Current Node    |     Objective Bounds      |     Work
 Expl Unexpl |  Obj  Depth IntInf | Incumbent    BestBd   Gap | It/Node Time

     0     0   44.09729    0    4   65.84496   44.09729  33.0%     -    1s
H    0     0                      44.2660584   44.09729  0.38%     -    1s

Explored 1 nodes (21 simplex iterations) in 1.75 seconds (1.83 work units)
Thread count was 32 (of 128 available processors)

Solution count 2: 44.2661 65.845 

Optimal solution found (tolerance 5.00e-03)
Best objective 4.426605836516e+01, best bound 4.409728899575e+01, gap 0.3813%


*********************************************
*********************************************


Set parameter LogFile to value "/work/07346/ashukla/ls6/Norta_Results/norta_sm_16_28/20M"
Gurobi Optimizer version 10.0.2 build v10.0.2rc0 (linux64)

CPU model: AMD EPYC 7763 64-Core Processor, instruction set [SSE2|AVX|AVX2]
Thread count: 128 physical cores, 128 logical processors, using up to 32 threads

Optimize a model with 211787 rows, 77908 columns and 590072 nonzeros
Model fingerprint: 0x329a3ae5
Variable types: 55968 continuous, 21940 integer (21578 binary)
Coefficient statistics:
  Matrix range     [1e-03, 1e+05]
  Objective range  [6e-02, 6e-02]
  Bounds range     [1e+00, 3e+00]
  RHS range        [1e-02, 2e+07]

MIP start from previous solve produced solution with objective 44.2661 (0.64s)
MIP start from previous solve produced solution with objective 44.2661 (0.65s)
Loaded MIP start from previous solve with objective 44.2661

Presolve removed 176704 rows and 50679 columns
Presolve time: 1.76s
Presolved: 35083 rows, 27229 columns, 127173 nonzeros
Variable types: 23584 continuous, 3645 integer (3580 binary)
Root barrier log...

Ordering time: 0.31s

Barrier statistics:
 Dense cols : 56
 AA' NZ     : 4.095e+05
 Factor NZ  : 3.151e+06 (roughly 50 MB of memory)
 Factor Ops : 1.265e+09 (less than 1 second per iteration)
 Threads    : 32

                  Objective                Residual
Iter       Primal          Dual         Primal    Dual     Compl     Time
   0  -9.85713364e+05 -2.86422287e+05  5.37e+04 1.68e-01  1.03e+03     3s
   1  -6.08230093e+05 -3.19129812e+05  3.28e+04 2.65e-01  6.29e+02     3s
   2  -1.54210860e+05 -3.84615005e+05  6.86e+03 1.10e-13  1.71e+02     3s
   3  -2.09254850e+04 -3.09414407e+05  8.47e+02 7.35e-14  2.67e+01     3s
   4  -5.15436344e+03 -1.63823408e+05  2.15e+02 8.11e-14  7.33e+00     3s
   5  -1.62261615e+03 -8.62947372e+04  9.47e+01 2.60e-14  2.65e+00     3s
   6  -6.23621869e+02 -3.75371324e+04  4.12e+01 7.78e-15  9.98e-01     3s
   7  -7.62942004e+01 -1.34666790e+04  1.20e+01 2.44e-15  2.96e-01     3s
   8   8.62970879e+01 -3.79695294e+03  2.23e+00 1.97e-15  7.42e-02     3s
   9   8.65884834e+01 -3.72408743e+02  1.19e-02 1.11e-15  7.33e-03     3s
  10   3.73807709e+01 -1.13937086e+02  1.75e-03 1.33e-15  2.37e-03     3s
  11   2.87332581e+01 -5.63377195e+01  1.06e-03 6.66e-16  1.33e-03     3s
  12   2.22577124e+01 -3.12769712e+01  6.20e-04 4.44e-16  8.39e-04     3s
  13   1.97070313e+01 -1.63718178e+01  4.75e-04 4.44e-16  5.65e-04     3s
  14   1.75615362e+01 -5.45965523e+00  3.54e-04 4.44e-16  3.61e-04     3s
  15   1.52626177e+01  3.02476028e-01  2.31e-04 4.44e-16  2.35e-04     3s
  16   1.32271137e+01  4.34256870e+00  1.35e-04 2.22e-16  1.39e-04     3s
  17   1.25661892e+01  5.19602102e+00  1.03e-04 2.22e-16  1.16e-04     3s
  18   1.16794272e+01  7.67374067e+00  6.17e-05 4.44e-16  6.28e-05     3s
  19   1.13083422e+01  8.61170257e+00  4.74e-05 4.44e-16  4.23e-05     3s
  20   1.09559811e+01  9.40506861e+00  3.22e-05 2.22e-16  2.44e-05     3s
  21   1.07146142e+01  9.59420220e+00  2.16e-05 4.44e-16  1.76e-05     3s
  22   1.06183589e+01  9.76860638e+00  1.72e-05 4.44e-16  1.33e-05     3s
  23   1.05008470e+01  9.89353907e+00  1.20e-05 2.22e-16  9.54e-06     3s
  24   1.03960977e+01  1.00062701e+01  7.39e-06 2.22e-16  6.12e-06     3s
  25   1.03662415e+01  1.00975822e+01  6.07e-06 2.22e-16  4.22e-06     3s
  26   1.03065836e+01  1.01564974e+01  3.48e-06 2.22e-16  2.36e-06     3s
  27   1.02760702e+01  1.01758418e+01  2.19e-06 4.44e-16  1.58e-06     3s
  28   1.02591337e+01  1.01947311e+01  1.49e-06 4.44e-16  1.01e-06     4s
  29   1.02477928e+01  1.02077474e+01  1.03e-06 4.44e-16  6.30e-07     4s
  30   1.02381104e+01  1.02170967e+01  6.63e-07 4.44e-16  3.32e-07     4s
  31   1.02320230e+01  1.02204350e+01  3.84e-07 3.94e-16  1.83e-07     4s
  32   1.02277605e+01  1.02213375e+01  1.91e-07 2.29e-16  1.01e-07     4s
  33   1.02273558e+01  1.02214039e+01  1.73e-07 2.22e-16  9.38e-08     4s
  34   1.02257507e+01  1.02216729e+01  1.01e-07 2.22e-16  6.42e-08     4s
  35   1.02253301e+01  1.02222548e+01  8.18e-08 4.44e-16  4.84e-08     4s
  36   1.02242352e+01  1.02225324e+01  3.88e-08 4.56e-16  2.68e-08     4s
  37   1.02238094e+01  1.02231267e+01  1.76e-08 4.44e-16  1.07e-08     4s
  38   1.02237176e+01  1.02232394e+01  1.36e-08 2.87e-14  7.54e-09     4s
  39   1.02236264e+01  1.02233286e+01  8.94e-09 5.48e-13  4.70e-09     4s
  40   1.02235111e+01  1.02234198e+01  4.25e-09 6.46e-14  1.44e-09     4s
  41   1.02234543e+01  1.02234468e+01  4.63e-10 3.69e-15  1.19e-10     4s
  42   1.02234484e+01  1.02234475e+01  8.98e-08 5.82e-14  1.49e-11     4s

Barrier solved model in 42 iterations and 3.79 seconds (3.67 work units)
Optimal objective 1.02234484e+01


Root relaxation: objective 1.022345e+01, 5977 iterations, 2.30 seconds (2.47 work units)
Total elapsed time = 8.01s

    Nodes    |    Current Node    |     Objective Bounds      |     Work
 Expl Unexpl |  Obj  Depth IntInf | Incumbent    BestBd   Gap | It/Node Time

     0     0   10.22345    0  413   44.26606   10.22345  76.9%     -    9s
H    0     0                      24.1074417   10.22345  57.6%     -   11s
H    0     0                      24.1074417   10.22345  57.6%     -   11s
H    0     0                      18.1697845   11.32687  37.7%     -   28s
     0     0   11.32687    0  494   18.16978   11.32687  37.7%     -   28s
H    0     0                      17.1271854   11.32687  33.9%     -   30s
H    0     0                      17.0223670   11.32687  33.5%     -   32s
     0     0   11.41844    0  503   17.02237   11.41844  32.9%     -   35s
     0     0   11.42220    0  504   17.02237   11.42220  32.9%     -   36s
     0     0   11.42220    0  504   17.02237   11.42220  32.9%     -   36s
     0     0   11.66536    0  490   17.02237   11.66536  31.5%     -   46s
H    0     0                      16.2837327   11.66536  28.4%     -   49s
     0     0   11.68060    0  577   16.28373   11.68060  28.3%     -   52s
     0     0   11.69390    0  506   16.28373   11.69390  28.2%     -   55s
     0     0   11.69699    0  490   16.28373   11.69699  28.2%     -   55s
     0     0   11.69715    0  504   16.28373   11.69715  28.2%     -   56s
     0     0   11.76427    0  473   16.28373   11.76427  27.8%     -   61s
H    0     0                      15.6359747   11.76427  24.8%     -   64s
     0     0   11.77479    0  555   15.63597   11.77479  24.7%     -   66s
     0     0   11.77907    0  556   15.63597   11.77907  24.7%     -   70s
     0     0   11.77942    0  554   15.63597   11.77942  24.7%     -   70s
     0     0   11.77943    0  554   15.63597   11.77943  24.7%     -   70s
     0     0   11.79645    0  486   15.63597   11.79645  24.6%     -   74s
     0     0   11.80154    0  523   15.63597   11.80154  24.5%     -   78s
     0     0   11.80255    0  530   15.63597   11.80255  24.5%     -   79s
     0     0   11.80273    0  537   15.63597   11.80273  24.5%     -   80s
     0     0   11.80474    0  523   15.63597   11.80474  24.5%     -   80s
     0     0   11.80475    0  523   15.63597   11.80475  24.5%     -   82s
     0     0   11.80514    0  556   15.63597   11.80514  24.5%     -   82s
     0     0   11.80514    0  556   15.63597   11.80514  24.5%     -   83s
     0     0   11.80593    0  553   15.63597   11.80593  24.5%     -   83s
     0     0   11.80593    0  553   15.63597   11.80593  24.5%     -   86s
     0     0   11.80593    0  553   15.63597   11.80593  24.5%     -   86s
     0     0   11.80593    0  484   15.63597   11.80593  24.5%     -   90s
     0     2   11.80593    0  484   15.63597   11.80593  24.5%     -   99s
     1     4   12.38865    1  662   15.63597   11.81807  24.4%  6733  106s
     3     8   12.77965    2  699   15.63597   11.88858  24.0%  2689  110s
    15    32   14.21548    4  518   15.63597   11.89606  23.9%  1845  123s
    31    64   14.60279    5  561   15.63597   11.91803  23.8%  2646  134s
H   36    64                      15.6308755   11.91803  23.8%  2647  134s
    63    96   14.63023    6  556   15.63088   11.91984  23.7%  2577  165s
H   95   128                      15.6308755   11.91984  23.7%  2436  173s
H   98   128                      15.6308755   11.91984  23.7%  2388  173s
H  100   128                      15.6308755   11.91984  23.7%  2391  173s
H  103   128                      15.6308755   11.91984  23.7%  2337  173s
H  108   128                      15.6012178   11.91984  23.6%  2259  173s
H  118   128                      15.5817346   11.91984  23.5%  2155  173s
   127   160   14.69055    7  497   15.58173   11.91984  23.5%  2102  185s
H  159   192                      15.5083382   11.91984  23.1%  2002  199s
H  163   192                      15.5058901   11.91984  23.1%  1985  199s
H  166   192                      15.4816779   11.91984  23.0%  1984  199s
H  175   192                      15.4684694   11.91984  22.9%  1958  199s
   191   228   14.72140    8  647   15.46847   11.91984  22.9%  1897  205s
H  203   228                      15.4446234   11.91984  22.8%  1871  205s
H  209   228                      15.3634138   11.91984  22.4%  1859  205s
   227   274   14.73095    9  399   15.36341   11.91984  22.4%  1814  212s
H  273   306                      13.9026480   11.91984  14.3%  1733  320s
H  274   306                      13.8467054   11.91984  13.9%  1733  320s
H  275   306                      13.8007567   11.91984  13.6%  1729  320s
H  281   306                      13.7350622   11.91984  13.2%  1729  320s
H  282   306                      13.4845276   11.91984  11.6%  1723  320s
H  301   306                      13.3781662   11.91984  10.9%  1707  320s
   305   333     cutoff   10        13.37817   11.91984  10.9%  1708  328s
   363   381     cutoff   11        13.37817   11.92821  10.8%  1579  337s
   433   439   12.75909    7  336   13.37817   11.92821  10.8%  1535  342s
   497   482   12.81079    9  321   13.37817   11.92821  10.8%  1520  350s
   627   562   12.96939   11  320   13.37817   11.92821  10.8%  1489  362s
   696   620   12.97186   12  324   13.37817   11.92821  10.8%  1486  369s
   768   686   13.00693   13  337   13.37817   11.92821  10.8%  1497  375s
   853   761   13.00669   13  455   13.37817   11.92821  10.8%  1470  383s
   957   785   13.11182   13  405   13.37817   11.92821  10.8%  1427  391s
  1036   793   13.06282   15  302   13.37817   11.92821  10.8%  1457  398s
  1102   818     cutoff   15        13.37817   11.92821  10.8%  1507  412s
  1161   859   13.12592   14  370   13.37817   11.92821  10.8%  1573  419s
  1240   909   13.14774   17  226   13.37817   11.92821  10.8%  1598  427s
  1343   926     cutoff   18        13.37817   11.92821  10.8%  1593  539s
H 1345   926                      13.3773477   11.92821  10.8%  1593  539s
H 1347   926                      13.3773456   11.92821  10.8%  1592  539s
H 1363   926                      13.3773455   11.92821  10.8%  1600  539s
H 1364   926                      13.3773454   11.92821  10.8%  1603  539s
  1381  1010   13.27681   16  285   13.37735   11.92821  10.8%  1610  548s
  1523  1063   13.32131   18  281   13.37735   11.92821  10.8%  1562  562s
  1662  1130     cutoff   17        13.37735   11.92821  10.8%  1547  573s
H 1789  1144                      13.3615672   11.92821  10.7%  1535  686s
H 1790  1144                      13.3560047   11.92821  10.7%  1535  686s
H 1830  1144                      13.3310640   11.92821  10.5%  1543  686s
  1835  1243   13.09529   18  239   13.33106   11.92821  10.5%  1545  698s
  1985  1306     cutoff   23        13.33106   11.96723  10.2%  1531  713s
  2170  1369   12.76696    7  337   13.33106   11.96723  10.2%  1508  727s
  2322  1425   13.06058   12  368   13.33106   11.96723  10.2%  1506  736s
  2445  1473     cutoff   14        13.33106   11.96723  10.2%  1513  748s
  2565  1582   13.10427   13  339   13.33106   11.96723  10.2%  1534  759s
  2732  1718   13.29950   16  330   13.33106   11.96723  10.2%  1522  772s
  2946  1659   13.29259   48  484   13.33106   11.96723  10.2%  1493 1056s
  2948  1660   12.96978   30  415   13.33106   11.96723  10.2%  1492 1066s
  2949  1661   12.67853   11  426   13.33106   11.96723  10.2%  1491 1096s
  2950  1662   12.92478   16  570   13.33106   11.96723  10.2%  1491 1102s
  2951  1662   12.97968   18  549   13.33106   11.96723  10.2%  1490 1105s
  2953  1664   12.57842   23  409   13.33106   11.96723  10.2%  1489 1121s
  2956  1666   13.20235   27  428   13.33106   11.96723  10.2%  1488 1132s
  2958  1667   13.25401   23  430   13.33106   11.96723  10.2%  1487 1141s
  2960  1668   12.64961   17  413   13.33106   11.96723  10.2%  1486 1152s
  2962  1670   12.36054   12  407   13.33106   11.96723  10.2%  1485 1160s
  2964  1671   13.14974   46  405   13.33106   11.96723  10.2%  1484 1168s
  2966  1672   13.22752   29  403   13.33106   11.96723  10.2%  1483 1174s
  2968  1674   12.87257    9  403   13.33106   11.96723  10.2%  1482 1182s
  2970  1675   12.65840   10  403   13.33106   11.96723  10.2%  1481 1186s
  2971  1676   12.89765   24  403   13.33106   11.96723  10.2%  1480 1191s
  2973  1680   12.34679   10  459   13.33106   11.96723  10.2%  31.4 1203s
  2975  1683   13.12971   11  480   13.33106   11.96723  10.2%  33.0 1209s
  2979  1690   13.23307   12  675   13.33106   11.96723  10.2%  37.8 1219s
  2987  1696   13.27332   13  629   13.33106   11.96723  10.2%  50.2 1234s
  3003  1711     cutoff   14        13.33106   11.96723  10.2%  70.6 1253s
H 3017  1621                      13.3308685   11.97802  10.1%  98.6 1253s
H 3023  1539                      13.3308524   11.97802  10.1%   108 1253s
  3028  1563   12.02380   15  272   13.33085   11.97802  10.1%   114 1261s
  3060  1578   12.20095   16  392   13.33085   12.02380  9.80%   156 1274s
  3092  1595   12.22748   17  443   13.33085   12.02380  9.80%   189 1281s
  3124  1615   12.23358   18  334   13.33085   12.02380  9.80%   212 1290s
  3156  1639   12.23579   19  331   13.33085   12.02380  9.80%   236 1300s
H 3165  1560                      13.3308524   12.02380  9.80%   242 1300s
H 3169  1487                      13.3308523   12.02380  9.80%   244 1300s
  3191  1507   12.45517   21  259   13.33085   12.02380  9.80%   253 1309s
  3225  1529   12.45874   22  230   13.33085   12.02380  9.80%   274 1316s
  3267  1548   12.72747   24  276   13.33085   12.02380  9.80%   291 1322s
  3308  1569   12.78780   25  269   13.33085   12.02380  9.80%   313 1331s
H 3355  1511                      13.3281056   12.02380  9.79%   333 1457s
H 3356  1445                      13.3277720   12.02380  9.78%   333 1457s
H 3359  1382                      13.3274424   12.02380  9.78%   334 1457s
H 3361  1323                      13.3266310   12.02380  9.78%   336 1457s
H 3362  1266                      13.3263847   12.02380  9.77%   337 1457s
H 3365  1212                      13.3262303   12.02380  9.77%   337 1457s
  3387  1235   12.94535   29  209   13.32623   12.02380  9.77%   346 1464s
  3433  1257   13.02098   31  209   13.32623   12.02380  9.77%   365 1473s
  3496  1256     cutoff   34        13.32623   12.02380  9.77%   385 1599s
H 3504  1203                      13.3227985   12.02380  9.75%   389 1599s
H 3526  1148                      13.3227761   12.02380  9.75%   395 1599s
  3534  1198   13.14218   35  165   13.32278   12.02380  9.75%   397 1609s
  3619  1212   13.15134   38  147   13.32278   12.02380  9.75%   414 1617s
  3698  1208   13.15359   40  148   13.32278   12.02380  9.75%   431 1625s
  3778  1205     cutoff   43        13.32278   12.02380  9.75%   449 1637s
  3861  1205     cutoff   41        13.32278   12.08941  9.26%   473 1648s
  3942  1208   12.26124   17  268   13.32278   12.08941  9.26%   496 1660s
  4021  1204   12.36234   20  212   13.32278   12.08941  9.26%   517 1672s
  4103  1235   12.55934   21  207   13.32278   12.08941  9.26%   541 1681s
  4197  1262   12.62773   23  189   13.32278   12.08941  9.26%   563 1694s
  4290  1280   12.60961   22  182   13.32278   12.08941  9.26%   582 1705s
  4390  1289   12.79134   24  160   13.32278   12.08941  9.26%   604 1716s
  4491  1319   12.79724   25  148   13.32278   12.08941  9.26%   628 1727s
H 4589  1257                      13.3227723   12.08941  9.26%   647 1860s
H 4591  1214                      13.3227716   12.08941  9.26%   647 1860s
H 4594  1172                      13.3227706   12.08941  9.26%   648 1860s
H 4603  1130                      13.3227697   12.08941  9.26%   651 1860s
  4631  1206   12.81823   29  357   13.32277   12.08941  9.26%   661 1873s
  4754  1224   12.85750   33  183   13.32277   12.08941  9.26%   683 1884s
  4880  1231   13.04849   36  124   13.32277   12.08941  9.26%   703 1898s
  5022  1248   13.07869   36  252   13.32277   12.08941  9.26%   733 1910s
  5177  1282   13.14286   39  127   13.32277   12.08941  9.26%   755 1924s
  5359  1342     cutoff   41        13.32277   12.08941  9.26%   776 1943s
  5546  1378     cutoff   48        13.32277   12.22748  8.22%   797 1957s
  5724  1420   12.48834   19  232   13.32277   12.22748  8.22%   825 1971s
  5877  1551   12.62378   25  286   13.32277   12.22748  8.22%   853 1984s
  6083  1652   12.89620   33  229   13.32277   12.22748  8.22%   871 2001s
  6356  1703     cutoff   38        13.32277   12.22748  8.22%   885 2016s
  6580  1776   13.15833   36  184   13.32277   12.50765  6.12%   909 2033s
  6784  1885   12.67874   19  272   13.32277   12.50765  6.12%   936 2048s
  7026  2001   12.91388   23  192   13.32277   12.51712  6.05%   958 2064s
  7311  2091   12.56251   21  418   13.32277   12.53444  5.92%   974 2080s
  7579  2187   12.76090   29  331   13.32277   12.53444  5.92%   992 2097s
  7865  2312   13.06372   41  151   13.32277   12.53444  5.92%  1012 2117s
  8169  2465     cutoff   46        13.32277   12.58743  5.52%  1031 2148s
  8509  2586     cutoff   25        13.32277   12.59455  5.47%  1047 2172s
  8855  2641     cutoff   30        13.32277   12.66487  4.94%  1065 2190s
  9114  2747   13.04828   22  254   13.32277   12.67713  4.85%  1087 2229s
  9442  2925     cutoff   29        13.32277   12.67847  4.84%  1111 2249s
  9832  3045     cutoff   21        13.32277   12.68716  4.77%  1125 2271s
 10203  3142     cutoff   23        13.32277   12.70099  4.67%  1145 2301s
 10593  3191   13.11357   26  242   13.32277   12.71333  4.57%  1165 2327s
 10996  3256     cutoff   30        13.32277   12.71333  4.57%  1181 2368s
 11434  3365   13.25533   28  249   13.32277   12.73786  4.39%  1199 2403s
 11881  3534   12.93570   20  272   13.32277   12.76628  4.18%  1216 2436s
 12373  3659   12.95108   23  159   13.32277   12.77632  4.10%  1231 2462s
 12840  3767   13.19707   39  220   13.32277   12.77950  4.08%  1247 2496s
 13304  3873   13.07703   37  210   13.32277   12.79920  3.93%  1264 2526s
 13761  4002   13.14590   23  200   13.32277   12.80272  3.90%  1281 2555s
 14302  4125   13.24875   26   69   13.32277   12.80916  3.86%  1296 2585s
 14836  4287   12.95654   30  230   13.32277   12.82674  3.72%  1311 2642s
 15495  4515     cutoff   26        13.32277   12.83245  3.68%  1323 2680s
 16254  4570   13.08589   31  307   13.32277   12.83969  3.63%  1328 2718s
 16855  4698   12.87145   30  211   13.32277   12.84594  3.58%  1344 2757s
 17523  4877   12.93018   32  319   13.32277   12.84947  3.55%  1356 2794s
 18287  4879   13.06828   31  218   13.32277   12.86950  3.40%  1365 2932s
H18306  4879                      13.3227697   12.86950  3.40%  1366 2932s
H18346  4879                      13.3227382   12.86950  3.40%  1369 2932s
 18347  5041   13.20700   32  132   13.32274   12.87006  3.40%  1369 2976s
 19197  5246     cutoff   32        13.32274   12.88107  3.32%  1379 3017s
 20055  5418   13.07363   27  153   13.32274   12.88995  3.25%  1389 3079s
 20954  5543   13.25060   24  207   13.32274   12.90266  3.15%  1401 3124s
 21798  5770     cutoff   34        13.32274   12.90985  3.10%  1412 3175s
*21963  5588              68      13.2878347   12.91048  2.84%  1409 3175s
 22744  5688   13.20630   29  220   13.28783   12.92139  2.76%  1417 3252s
*23140  5116              53      13.2388625   12.92418  2.38%  1418 3252s
 23644  5101   13.23236   27  224   13.23886   12.92711  2.35%  1425 3303s
 24568  5118     cutoff   27        13.23886   12.94344  2.23%  1434 3349s
 25518  5083   13.18859   29  133   13.23886   12.95743  2.13%  1448 3403s
*25639  4809              62      13.2222747   12.95840  2.00%  1447 3403s
*25645  4809              61      13.2222744   12.95840  2.00%  1447 3403s
 26558  4709     cutoff   25        13.22227   12.96887  1.92%  1458 3462s
 27516  4586   13.05048   22  232   13.22227   12.98578  1.79%  1474 3525s
 28504  4459   13.12439   33  220   13.22227   12.99751  1.70%  1490 3582s
 29577  4307   13.16766   24  295   13.22227   13.01377  1.58%  1505 3659s
 30538  4096     cutoff   20        13.22227   13.02555  1.49%  1522 3933s
 31620  3806     cutoff   34        13.22227   13.03285  1.43%  1543 4002s
 32839  3471     cutoff   39        13.22227   13.05904  1.23%  1559 4073s
 34149  3037     cutoff   33        13.22227   13.07497  1.11%  1570 4148s
 35594  2544     cutoff   27        13.22227   13.09822  0.94%  1580 4335s
 37068  1926   13.20824   31  238   13.22227   13.10850  0.86%  1593 4449s
*37669  1028              37      13.1779963   13.11616  0.47%  1597 4449s
*37819  1028              45      13.1563288   13.11679  0.30%  1597 4449s

Cutting planes:
  Learned: 5
  Gomory: 57
  Cover: 134
  Implied bound: 972
  Projected implied bound: 85
  Clique: 87
  MIR: 939
  StrongCG: 6
  Flow cover: 1973
  Inf proof: 1
  Zero half: 21
  RLT: 55
  Relax-and-lift: 144
  BQP: 15
  PSD: 4

Explored 38899 nodes (66505898 simplex iterations) in 4452.22 seconds (10523.36 work units)
Thread count was 32 (of 128 available processors)

Solution count 10: 13.1563 13.1563 13.178 ... 13.3228

Optimal solution found (tolerance 5.00e-03)
Best objective 1.315632875000e+01, best bound 1.313966831473e+01, gap 0.1266%


*********************************************
*********************************************


Set parameter LogFile to value "/work/07346/ashukla/ls6/Norta_Results/norta_sm_16_28/40M"
Gurobi Optimizer version 10.0.2 build v10.0.2rc0 (linux64)

CPU model: AMD EPYC 7763 64-Core Processor, instruction set [SSE2|AVX|AVX2]
Thread count: 128 physical cores, 128 logical processors, using up to 32 threads

Optimize a model with 211787 rows, 77908 columns and 590072 nonzeros
Model fingerprint: 0x8e5bac14
Variable types: 55968 continuous, 21940 integer (21578 binary)
Coefficient statistics:
  Matrix range     [1e-03, 1e+05]
  Objective range  [6e-02, 6e-02]
  Bounds range     [1e+00, 3e+00]
  RHS range        [1e-02, 4e+07]

MIP start from previous solve produced solution with objective 13.1563 (0.69s)
MIP start from previous solve produced solution with objective 13.1563 (0.70s)
Loaded MIP start from previous solve with objective 13.1563

Presolve removed 176704 rows and 50679 columns
Presolve time: 1.72s
Presolved: 35083 rows, 27229 columns, 127173 nonzeros
Variable types: 23584 continuous, 3645 integer (3580 binary)
Root barrier log...

Ordering time: 0.33s

Barrier statistics:
 Dense cols : 56
 AA' NZ     : 4.095e+05
 Factor NZ  : 3.151e+06 (roughly 50 MB of memory)
 Factor Ops : 1.265e+09 (less than 1 second per iteration)
 Threads    : 32

                  Objective                Residual
Iter       Primal          Dual         Primal    Dual     Compl     Time
   0  -7.65533647e+05 -2.86422481e+05  4.16e+04 1.68e-01  8.01e+02     3s
   1  -4.62515887e+05 -3.15102315e+05  2.47e+04 3.89e-01  4.79e+02     3s
   2  -1.17184452e+05 -3.75313946e+05  2.31e+03 9.78e-14  1.31e+02     3s
   3  -1.23759763e+04 -2.90018139e+05  6.55e+01 9.17e-14  1.75e+01     3s
   4  -3.05973651e+03 -1.37036270e+05  1.71e+01 5.86e-14  4.90e+00     3s
   5  -3.41740962e+02 -8.44158755e+04  2.88e+00 2.46e-14  1.70e+00     3s
   6   9.86364031e+01 -2.01437652e+04  4.87e-01 5.68e-15  3.46e-01     3s
   7   1.51612221e+02 -3.34315398e+03  2.02e-02 1.78e-15  5.49e-02     3s
   8   7.95003833e+01 -6.69003721e+02  1.26e-03 8.88e-16  1.17e-02     3s
   9   2.48980951e+01 -1.10435009e+02  1.97e-05 6.66e-16  2.11e-03     3s
  10   1.06945482e+01 -4.57689872e+01  4.33e-06 4.44e-16  8.80e-04     3s
  11   7.67037254e+00 -1.66281218e+01  2.08e-06 4.44e-16  3.79e-04     3s
  12   6.52680607e+00 -5.80936821e+00  1.47e-06 4.44e-16  1.92e-04     3s
  13   5.52604251e+00 -1.74321207e+00  9.94e-07 4.44e-16  1.13e-04     3s
  14   4.81504482e+00  5.92286360e-01  6.68e-07 2.22e-16  6.58e-05     3s
  15   4.25942642e+00  1.92777097e+00  4.17e-07 4.44e-16  3.63e-05     3s
  16   3.86393257e+00  2.66315428e+00  2.40e-07 4.44e-16  1.87e-05     3s
  17   3.65471323e+00  2.91188113e+00  1.46e-07 4.44e-16  1.16e-05     3s
  18   3.53104717e+00  3.12995375e+00  9.15e-08 4.44e-16  6.25e-06     3s
  19   3.40361823e+00  3.20706128e+00  3.45e-08 2.22e-16  3.06e-06     3s
  20   3.35752187e+00  3.28919281e+00  1.42e-08 4.44e-16  1.06e-06     3s
  21   3.33910985e+00  3.30312114e+00  6.47e-09 4.44e-16  5.61e-07     3s
  22   3.33214544e+00  3.31046919e+00  3.67e-09 4.44e-16  3.38e-07     3s
  23   3.32884705e+00  3.31603535e+00  2.35e-09 4.44e-16  2.00e-07     3s
  24   3.32445596e+00  3.31988767e+00  5.97e-10 4.44e-16  7.12e-08     3s
  25   3.32312963e+00  3.32194670e+00  2.42e-10 4.44e-16  1.84e-08     3s
  26   3.32282623e+00  3.32228979e+00  1.15e-09 4.44e-16  8.36e-09     4s
  27   3.32281339e+00  3.32265726e+00  4.51e-10 7.86e-15  2.43e-09     4s
  28   3.32280710e+00  3.32267576e+00  7.74e-10 1.68e-12  2.05e-09     4s
  29   3.32280594e+00  3.32270685e+00  8.67e-10 1.24e-12  1.54e-09     4s
  30   3.32280367e+00  3.32273390e+00  7.19e-10 8.77e-13  1.09e-09     4s
  31   3.32280109e+00  3.32277390e+00  3.64e-10 3.72e-12  4.24e-10     4s
  32   3.32279851e+00  3.32278519e+00  4.00e-10 6.95e-12  2.08e-10     4s
  33   3.32279771e+00  3.32279219e+00  2.09e-09 2.97e-12  8.59e-11     4s
  34   3.32279761e+00  3.32279469e+00  5.75e-09 1.51e-12  4.55e-11     4s

Barrier solved model in 34 iterations and 3.66 seconds (3.54 work units)
Optimal objective 3.32279761e+00

Extra simplex iterations after uncrush: 1

Root relaxation: objective 3.322797e+00, 5467 iterations, 2.07 seconds (2.21 work units)
Total elapsed time = 7.32s

    Nodes    |    Current Node    |     Objective Bounds      |     Work
 Expl Unexpl |  Obj  Depth IntInf | Incumbent    BestBd   Gap | It/Node Time

     0     0    3.32280    0  296   13.15633    3.32280  74.7%     -    8s
H    0     0                       9.8682494    3.95480  59.9%     -   33s
H    0     0                       8.2792205    3.95480  52.2%     -   33s
H    0     0                       7.6118659    3.95480  48.0%     -   33s
     0     0    3.95961    0  383    7.61187    3.95961  48.0%     -   33s
H    0     0                       6.9452007    3.96423  42.9%     -   40s
     0     0    3.96423    0  376    6.94520    3.96423  42.9%     -   40s
     0     0    3.99740    0  427    6.94520    3.99740  42.4%     -   45s
     0     0    4.01522    0  432    6.94520    4.01522  42.2%     -   50s
     0     0    4.01689    0  432    6.94520    4.01689  42.2%     -   53s
     0     0    4.01708    0  435    6.94520    4.01708  42.2%     -   54s
     0     0    4.01708    0  435    6.94520    4.01708  42.2%     -   54s
     0     0    4.03230    0  426    6.94520    4.03230  41.9%     -   58s
H    0     0                       6.5275062    4.03230  38.2%     -   59s
     0     0    4.03701    0  420    6.52751    4.03701  38.2%     -   61s
     0     0    4.03923    0  422    6.52751    4.03923  38.1%     -   61s
     0     0    4.04018    0  421    6.52751    4.04018  38.1%     -   61s
     0     0    4.04018    0  421    6.52751    4.04018  38.1%     -   61s
     0     0    4.04067    0  435    6.52751    4.04067  38.1%     -   63s
     0     0    4.04085    0  424    6.52751    4.04085  38.1%     -   64s
     0     0    4.04086    0  429    6.52751    4.04086  38.1%     -   64s
     0     0    4.04107    0  437    6.52751    4.04107  38.1%     -   65s
     0     0    4.04265    0  382    6.52751    4.04265  38.1%     -   67s
     0     0    4.04270    0  379    6.52751    4.04270  38.1%     -   67s
     0     0    4.04329    0  400    6.52751    4.04329  38.1%     -   68s
     0     0    4.04329    0  400    6.52751    4.04329  38.1%     -   68s
     0     0    4.04419    0  430    6.52751    4.04419  38.0%     -   69s
     0     0    4.04437    0  422    6.52751    4.04437  38.0%     -   73s
     0     0    4.04441    0  429    6.52751    4.04441  38.0%     -   73s
     0     0    4.04512    0  423    6.52751    4.04512  38.0%     -   74s
     0     0    4.04515    0  441    6.52751    4.04515  38.0%     -   75s
     0     0    4.04522    0  444    6.52751    4.04522  38.0%     -   76s
     0     0    4.04572    0  437    6.52751    4.04572  38.0%     -   78s
     0     0    4.04572    0  437    6.52751    4.04572  38.0%     -   78s
     0     0    4.04577    0  440    6.52751    4.04577  38.0%     -   79s
     0     0    4.04577    0  327    6.52751    4.04577  38.0%     -   83s
     0     2    4.04577    0  315    6.52751    4.04577  38.0%     -   88s
     1     4    4.29149    1  485    6.52751    4.04577  38.0%  9857   95s
     3     8    5.28481    2  520    6.52751    4.05649  37.9%  7787  105s
     7    16    5.33858    3  499    6.52751    4.05801  37.8%  5164  110s
    15    32    5.67081    4  610    6.52751    4.05902  37.8%  4170  121s
H   31    64                       6.4931033    4.06577  37.4%  3968  153s
H   34    64                       6.4560577    4.06577  37.0%  4988  153s
H   39    64                       5.4140273    4.06577  24.9%  4648  153s
    63    66     cutoff    6         5.41403    4.07186  24.8%  4070  178s
   105    98    4.15630    7  335    5.41403    4.07186  24.8%  3144  186s
H  113    98                       5.1692664    4.07186  21.2%  3098  186s
   137   130    4.15663    8  328    5.16927    4.07186  21.2%  2877  194s
   169   156    4.15783    9  410    5.16927    4.07186  21.2%  2645  204s
H  171   156                       5.1692663    4.07186  21.2%  2629  204s
H  172   156                       5.0253810    4.07186  19.0%  2623  204s
H  174   156                       5.0156747    4.07186  18.8%  2620  204s
   202   202    4.17840   10  432    5.01567    4.07186  18.8%  2472  208s
   255   241    4.35739   10  367    5.01567    4.07186  18.8%  2143  212s
   302   283    4.18224   11  346    5.01567    4.07186  18.8%  1996  217s
   350   311    4.20889   12  320    5.01567    4.07186  18.8%  1900  224s
H  358   311                       4.9864376    4.07186  18.3%  1918  224s
   391   355    4.21010   13  303    4.98644    4.07186  18.3%  1961  233s
H  443   385                       4.7489740    4.07186  14.3%  1956  338s
H  448   385                       4.7426901    4.07186  14.1%  1962  338s
H  453   385                       4.6829428    4.07186  13.0%  1958  338s
   475   378    4.42598   15  207    4.68294    4.07186  13.0%  1983  461s
H  479   378                       4.6233113    4.07186  11.9%  1966  461s
H  482   378                       4.6217176    4.07186  11.9%  1964  461s
H  500   378                       4.6200201    4.07186  11.9%  1918  461s
H  519   378                       4.6188949    4.07186  11.8%  1886  461s
H  522   378                       4.5815425    4.07186  11.1%  1881  461s
   526   413    4.24939   15  290    4.58154    4.07186  11.1%  1885  469s
   611   477    4.26284   16  297    4.58154    4.07186  11.1%  1806  478s
   709   551    4.25133   16  284    4.58154    4.07186  11.1%  1705  484s
   814   611    4.25730   17  319    4.58154    4.07186  11.1%  1668  492s
   924   654    4.34116   18  286    4.58154    4.07186  11.1%  1646  498s
  1017   685    4.30332   18  186    4.58154    4.07186  11.1%  1626  506s
  1107   709    4.31058   19  163    4.58154    4.07186  11.1%  1633  515s
  1189   711    4.33775   20  159    4.58154    4.07186  11.1%  1658  527s
  1251   723    4.39858   20  148    4.58154    4.07186  11.1%  1719  536s
  1319   746    4.34046   21  145    4.58154    4.07186  11.1%  1769  545s
  1388   767     cutoff   22         4.58154    4.07186  11.1%  1798  552s
  1454   788    4.38046   23  155    4.58154    4.07186  11.1%  1847  561s
  1534   789    4.42091   25  189    4.58154    4.07186  11.1%  1887  595s
  1579   820     cutoff   24         4.58154    4.07186  11.1%  1919  604s
  1663   837    4.49785   26  164    4.58154    4.07186  11.1%  1955  617s
  1754   859    4.49934   27  144    4.58154    4.07186  11.1%  1979  628s
  1857   852     cutoff   29         4.58154    4.07992  10.9%  1997  643s
  1950   868    4.43514    7  291    4.58154    4.07992  10.9%  2037  655s
  2048   881    4.44699    8  281    4.58154    4.07992  10.9%  2063  670s
  2155   879    4.54430   11  292    4.58154    4.07992  10.9%  2080  693s
  2265   898     cutoff   13         4.58154    4.07992  10.9%  2121  706s
  2378   902    4.55242   12  184    4.58154    4.07992  10.9%  2146  718s
  2502   953    4.36875   18  194    4.58154    4.07992  10.9%  2167  733s
  2655   994    4.50988   20  298    4.58154    4.07992  10.9%  2162  745s
  2858  1033     cutoff   21         4.58154    4.12798  9.90%  2131  760s
  3050  1094    4.14495   11  346    4.58154    4.12798  9.90%  2113  773s
* 3238  1094              36       4.5708138    4.12798  9.69%  2091  773s
  3249  1118    4.19629   13  397    4.57081    4.12798  9.69%  2092  787s
  3452  1184    4.19996   14  402    4.57081    4.12798  9.69%  2083  804s
  3677  1201    4.28737   17  367    4.57081    4.12798  9.69%  2074  820s
  3881  1217    4.39668   18  347    4.57081    4.12798  9.69%  2081  833s
  4077  1229    4.48218   20  342    4.57081    4.12798  9.69%  2081  852s
  4283  1230     cutoff   22         4.57081    4.21228  7.84%  2086  885s
  4387  1323    4.49464   12  306    4.57081    4.21228  7.84%  2095  905s
  4686  1358     cutoff   17         4.57081    4.26987  6.58%  2062  943s
  4965  1379    4.39389   17  305    4.57081    4.27990  6.36%  2047  959s
* 5191  1379              36       4.5350763    4.27990  5.63%  2042  959s
  5279  1330    4.47360   18  261    4.53508    4.27990  5.63%  2029 1091s
  5525  1311     cutoff   20         4.53508    4.36035  3.85%  2066 1116s
  5884  1283    4.49295   16  104    4.53508    4.41867  2.57%  2052 1135s
  6235  1209     cutoff   27         4.53508    4.42960  2.33%  2045 1158s
  6563  1077    4.46561   14  156    4.53508    4.43319  2.25%  2039 1183s
  7008   892     cutoff   16         4.53508    4.44846  1.91%  2028 1205s
  7403   631     cutoff   18         4.53508    4.46280  1.59%  2023 1227s
  7851   101     cutoff   13         4.53508    4.49104  0.97%  2020 1247s

Cutting planes:
  Learned: 5
  Gomory: 35
  Cover: 164
  Implied bound: 1555
  Clique: 50
  MIR: 566
  StrongCG: 1
  Flow cover: 290
  Inf proof: 1
  Zero half: 3
  RLT: 62
  Relax-and-lift: 148
  BQP: 10
  PSD: 4

Explored 8439 nodes (16569706 simplex iterations) in 1247.59 seconds (2992.02 work units)
Thread count was 32 (of 128 available processors)

Solution count 10: 4.53508 4.57081 4.58154 ... 4.74897

Optimal solution found (tolerance 5.00e-03)
Best objective 4.535076250001e+00, best bound 4.514955481165e+00, gap 0.4437%


*********************************************
*********************************************


Set parameter LogFile to value "/work/07346/ashukla/ls6/Norta_Results/norta_sm_16_28/60M"
Gurobi Optimizer version 10.0.2 build v10.0.2rc0 (linux64)

CPU model: AMD EPYC 7763 64-Core Processor, instruction set [SSE2|AVX|AVX2]
Thread count: 128 physical cores, 128 logical processors, using up to 32 threads

Optimize a model with 211787 rows, 77908 columns and 590072 nonzeros
Model fingerprint: 0x1914604d
Variable types: 55968 continuous, 21940 integer (21578 binary)
Coefficient statistics:
  Matrix range     [1e-03, 1e+05]
  Objective range  [6e-02, 6e-02]
  Bounds range     [1e+00, 3e+00]
  RHS range        [1e-02, 6e+07]

MIP start from previous solve produced solution with objective 4.53508 (0.71s)
MIP start from previous solve produced solution with objective 4.53508 (0.72s)
Loaded MIP start from previous solve with objective 4.53508

Presolve removed 176704 rows and 50679 columns
Presolve time: 1.72s
Presolved: 35083 rows, 27229 columns, 127173 nonzeros
Variable types: 23584 continuous, 3645 integer (3580 binary)
Root barrier log...

Ordering time: 0.32s

Barrier statistics:
 Dense cols : 56
 AA' NZ     : 4.095e+05
 Factor NZ  : 3.151e+06 (roughly 50 MB of memory)
 Factor Ops : 1.265e+09 (less than 1 second per iteration)
 Threads    : 32

                  Objective                Residual
Iter       Primal          Dual         Primal    Dual     Compl     Time
   0  -9.11202365e+05 -2.86422904e+05  4.94e+04 1.68e-01  9.52e+02     3s
   1  -5.57940137e+05 -3.11833788e+05  2.96e+04 4.48e-01  5.82e+02     3s
   2  -1.57923484e+05 -4.04404267e+05  4.48e+03 1.15e-13  1.78e+02     3s
   3  -3.01296620e+04 -3.60737001e+05  1.57e+02 6.01e-14  3.79e+01     3s
   4  -6.14552710e+03 -1.92421749e+05  3.31e+01 3.55e-14  8.91e+00     3s
   5  -1.22133022e+03 -1.21498352e+05  7.48e+00 1.46e-14  3.03e+00     3s
   6   7.87649143e+00 -5.55830282e+04  1.02e+00 6.00e-15  9.73e-01     3s
   7   1.54406982e+02 -6.92631672e+03  1.07e-01 2.32e-15  1.14e-01     3s
   8   1.08031263e+02 -9.38835409e+02  8.08e-03 3.11e-15  1.64e-02     3s
   9   3.02667719e+01 -1.72870976e+02  4.34e-04 1.11e-15  3.17e-03     3s
  10   1.44729564e+01 -6.91703984e+01  1.42e-04 4.44e-16  1.30e-03     3s
  11   5.25562872e+00 -2.91669337e+01  3.81e-05 4.44e-16  5.37e-04     3s
  12   4.29970904e+00 -9.34447661e+00  2.98e-05 4.44e-16  2.13e-04     3s
  13   3.52902585e+00 -5.39091176e+00  2.37e-05 2.22e-16  1.39e-04     3s
  14   2.48200390e+00 -1.90040782e+00  1.58e-05 4.44e-16  6.84e-05     3s
  15   1.86664523e+00 -7.75946771e-01  1.13e-05 4.44e-16  4.13e-05     3s
  16   1.26482510e+00 -8.98484050e-02  7.37e-06 4.44e-16  2.12e-05     3s
  17   8.91967265e-01  7.59119748e-02  4.57e-06 4.44e-16  1.27e-05     3s
  18   7.33117489e-01  2.12463532e-01  3.51e-06 4.44e-16  8.14e-06     3s
  19   5.50587502e-01  2.34757219e-01  2.23e-06 4.44e-16  4.94e-06     3s
  20   4.48690462e-01  2.55377956e-01  1.39e-06 4.44e-16  3.02e-06     3s
  21   4.13039650e-01  2.59104188e-01  1.10e-06 4.44e-16  2.41e-06     3s
  22   3.63876384e-01  2.63647539e-01  7.01e-07 4.44e-16  1.57e-06     3s
  23   3.26595973e-01  2.67556593e-01  3.94e-07 2.22e-16  9.22e-07     3s
  24   3.11656809e-01  2.70638775e-01  2.88e-07 4.44e-16  6.41e-07     3s
  25   3.04236763e-01  2.71727996e-01  2.22e-07 4.44e-16  5.08e-07     3s
  26   2.91522999e-01  2.73805277e-01  1.11e-07 4.44e-16  2.77e-07     4s
  27   2.88014414e-01  2.74567696e-01  8.75e-08 4.44e-16  2.10e-07     4s
  28   2.85362840e-01  2.74987908e-01  6.23e-08 4.44e-16  1.62e-07     4s
  29   2.82196465e-01  2.76271075e-01  3.28e-08 4.44e-16  9.25e-08     4s
  30   2.80555364e-01  2.77126106e-01  1.79e-08 4.44e-16  5.36e-08     4s
  31   2.80171559e-01  2.77640663e-01  1.47e-08 4.44e-16  3.95e-08     4s
  32   2.79735031e-01  2.77912626e-01  1.06e-08 4.44e-16  2.85e-08     4s
  33   2.79307102e-01  2.78108901e-01  6.59e-09 4.44e-16  1.87e-08     4s
  34   2.79050425e-01  2.78410808e-01  4.26e-09 4.44e-16  9.99e-09     4s
  35   2.78760167e-01  2.78492706e-01  1.61e-09 2.27e-14  4.18e-09     4s
  36   2.78659811e-01  2.78522954e-01  7.02e-10 4.17e-14  2.14e-09     4s
  37   2.78588658e-01  2.78554438e-01  7.01e-10 2.69e-14  5.34e-10     4s
  38   2.78584687e-01  2.78578819e-01  3.58e-10 2.41e-14  9.16e-11     4s
  39   2.78582484e-01  2.78581993e-01  2.36e-10 4.42e-14  7.67e-12     4s

Barrier solved model in 39 iterations and 3.75 seconds (3.64 work units)
Optimal objective 2.78582484e-01


Root simplex log...

Iteration    Objective       Primal Inf.    Dual Inf.      Time
    6131    2.7858253e-01   0.000000e+00   0.000000e+00      5s
    6134    2.7858253e-01   0.000000e+00   0.000000e+00      5s
Extra simplex iterations after uncrush: 3

Root relaxation: objective 2.785825e-01, 6134 iterations, 2.62 seconds (3.26 work units)

    Nodes    |    Current Node    |     Objective Bounds      |     Work
 Expl Unexpl |  Obj  Depth IntInf | Incumbent    BestBd   Gap | It/Node Time

     0     0    0.27858    0  159    4.53508    0.27858  93.9%     -    9s
H    0     0                       4.1926044    0.27858  93.4%     -   10s
H    0     0                       2.0537428    0.35120  82.9%     -   25s
     0     0    0.35120    0  247    2.05374    0.35120  82.9%     -   26s
H    0     0                       1.9015361    0.35120  81.5%     -   27s
H    0     0                       1.8038544    0.35132  80.5%     -   30s
     0     0    0.35175    0  276    1.80385    0.35175  80.5%     -   30s
     0     0    0.35882    0  246    1.80385    0.35882  80.1%     -   32s
     0     0    0.36157    0  242    1.80385    0.36157  80.0%     -   34s
     0     0    0.36316    0  243    1.80385    0.36316  79.9%     -   37s
     0     0    0.36375    0  232    1.80385    0.36375  79.8%     -   39s
     0     0    0.36392    0  241    1.80385    0.36392  79.8%     -   40s
     0     0    0.36397    0  240    1.80385    0.36397  79.8%     -   43s
     0     0    0.36405    0  232    1.80385    0.36405  79.8%     -   43s
     0     0    0.36405    0  232    1.80385    0.36405  79.8%     -   46s
     0     0    0.36411    0  239    1.80385    0.36411  79.8%     -   47s
     0     0    0.36411    0  240    1.80385    0.36411  79.8%     -   48s
     0     0    0.36415    0  242    1.80385    0.36415  79.8%     -   48s
     0     0    0.36416    0  242    1.80385    0.36416  79.8%     -   48s
     0     0    0.36416    0  243    1.80385    0.36416  79.8%     -   49s
     0     0    0.36416    0  187    1.80385    0.36416  79.8%     -   58s
     0     2    0.36416    0  184    1.80385    0.36416  79.8%     -   64s
     1     4    0.48772    1  174    1.80385    0.36416  79.8%  5667   69s
     3     8    0.52621    2  196    1.80385    0.36579  79.7%  3141   73s
     7    16    0.61364    3  212    1.80385    0.36674  79.7%  2766   79s
    15    32    0.84704    4  210    1.80385    0.36736  79.6%  2996   87s
    31    64    0.97673    5  241    1.80385    0.36748  79.6%  3007   96s
    63    95    0.97681    6  210    1.80385    0.36763  79.6%  2829  116s
    95   126    0.97771    7  183    1.80385    0.36785  79.6%  2288  124s
H   96   126                       1.8038543    0.36785  79.6%  2264  124s
H   98   126                       1.7963205    0.36785  79.5%  2236  124s
H  111   126                       1.7958828    0.36785  79.5%  2075  124s
H  122   126                       1.7947608    0.36816  79.5%  2012  124s
   127   156    0.98069    8  270    1.79476    0.36816  79.5%  2001  136s
   159   188    0.98075    9  274    1.79476    0.37171  79.3%  2307  148s
H  161   188                       1.7947608    0.37171  79.3%  2283  148s
H  162   188                       1.7947608    0.37171  79.3%  2271  148s
H  163   188                       1.4472445    0.37171  74.3%  2260  148s
H  167   188                       1.0209253    0.37171  63.6%  2235  148s
   191   185    0.98115   10  271    1.02093    0.37254  63.5%  2107  158s
   237   206    0.98118   11  265    1.02093    0.37254  63.5%  1951  174s
H  280   236                       1.0204618    0.37254  63.5%  1985  237s
H  289   236                       1.0201793    0.37254  63.5%  1958  237s
H  290   236                       1.0197133    0.37254  63.5%  1977  237s
H  291   236                       1.0178595    0.37254  63.4%  1971  237s
H  292   236                       1.0137819    0.37254  63.3%  1985  237s
H  293   236                       1.0133820    0.37254  63.2%  1998  237s
H  305   236                       1.0132233    0.37254  63.2%  2027  237s
H  312   262                       0.6096948    0.37254  38.9%  2008  345s
H  314   262                       0.5939522    0.37254  37.3%  2002  345s
H  315   262                       0.5925910    0.37254  37.1%  2001  345s
H  322   262                       0.5889863    0.37254  36.7%  2005  345s
H  338   262                       0.5042119    0.37254  26.1%  2003  345s
   345   188     cutoff   15         0.50421    0.37254  26.1%  2002  352s
   437   144    0.39357   16  328    0.50421    0.37254  26.1%  1655  360s
   500    69    0.42674   17  124    0.50421    0.37254  26.1%  1679  367s
   590    43    0.48464   18  133    0.50421    0.37254  26.1%  1527  374s
   636    36    0.48773   19  200    0.50421    0.37254  26.1%  1485  382s
   671    29    0.50202   20  132    0.50421    0.37254  26.1%  1479  388s
   702    27     cutoff   21         0.50421    0.37254  26.1%  1519  396s
   725    28    0.41358   24  272    0.50421    0.37254  26.1%  1556  402s
   746    26     cutoff   25         0.50421    0.37254  26.1%  1584  410s
   764    38    0.40623   10  337    0.50421    0.37254  26.1%  1613  420s
   793    53     cutoff   11         0.50421    0.37254  26.1%  1639  431s
   843    73     cutoff   34         0.50421    0.37254  26.1%  1710  438s
   903    87    0.43994   37  238    0.50421    0.37254  26.1%  1687  445s
   967    94    0.47751   39  231    0.50421    0.37254  26.1%  1703  452s
  1039    67     cutoff   41         0.50421    0.39428  21.8%  1704  471s
  1118    32    0.39956    9  172    0.50421    0.39889  20.9%  1728  481s
  1180    29    0.41968   10  166    0.50421    0.41854  17.0%  1745  502s
  1217    53     cutoff   11         0.50421    0.41972  16.8%  1779  509s
  1288   108     cutoff   14         0.50421    0.42285  16.1%  1745  514s
* 1422   108              30       0.4890300    0.43826  10.4%  1647  514s
  1447    80    0.47135   13   88    0.48903    0.43826  10.4%  1624  520s
  1590    25     cutoff   13         0.48903    0.44105  9.81%  1541  525s
  1759    24    0.48027   38   64    0.48903    0.44420  9.17%  1466  531s

Cutting planes:
  Learned: 3
  Gomory: 16
  Cover: 179
  Implied bound: 1251
  Clique: 61
  MIR: 305
  StrongCG: 6
  Flow cover: 161
  Zero half: 3
  RLT: 34
  Relax-and-lift: 110
  BQP: 12
  PSD: 13

Explored 1855 nodes (2665989 simplex iterations) in 534.25 seconds (1124.02 work units)
Thread count was 32 (of 128 available processors)

Solution count 10: 0.48903 0.504212 0.588986 ... 1.01786

Optimal solution found (tolerance 5.00e-03)
Best objective 4.890300000005e-01, best bound 4.885365963643e-01, gap 0.1009%


*********************************************
*********************************************


Set parameter LogFile to value "/work/07346/ashukla/ls6/Norta_Results/norta_sm_16_28/80M"
Gurobi Optimizer version 10.0.2 build v10.0.2rc0 (linux64)

CPU model: AMD EPYC 7763 64-Core Processor, instruction set [SSE2|AVX|AVX2]
Thread count: 128 physical cores, 128 logical processors, using up to 32 threads

Optimize a model with 211787 rows, 77908 columns and 590072 nonzeros
Model fingerprint: 0xb3267bd8
Variable types: 55968 continuous, 21940 integer (21578 binary)
Coefficient statistics:
  Matrix range     [1e-03, 1e+05]
  Objective range  [6e-02, 6e-02]
  Bounds range     [1e+00, 3e+00]
  RHS range        [1e-02, 8e+07]

MIP start from previous solve produced solution with objective 0.48903 (0.74s)
Loaded MIP start from previous solve with objective 0.48903

Presolve removed 180685 rows and 51361 columns
Presolve time: 2.02s
Presolved: 31102 rows, 26547 columns, 115804 nonzeros
Variable types: 23035 continuous, 3512 integer (3449 binary)
Root barrier log...

Ordering time: 0.25s

Barrier statistics:
 Dense cols : 42
 AA' NZ     : 3.338e+05
 Factor NZ  : 2.471e+06 (roughly 40 MB of memory)
 Factor Ops : 8.167e+08 (less than 1 second per iteration)
 Threads    : 32

                  Objective                Residual
Iter       Primal          Dual         Primal    Dual     Compl     Time
   0  -6.88570743e+04 -2.44592064e+05  3.45e+02 1.68e-01  7.41e+01     3s
   1  -2.32225028e+04 -2.10308477e+05  1.17e+02 3.15e-01  2.65e+01     3s
   2  -5.22991363e+02 -1.22281599e+05  3.73e+00 3.64e-14  2.70e+00     3s
   3   7.77607081e+00 -6.48829193e+04  1.00e+00 1.72e-14  1.23e+00     3s
   4   9.99640104e+01 -4.31219742e+04  4.81e-01 1.10e-14  7.84e-01     3s
   5   1.51924047e+02 -9.99823792e+03  8.07e-02 3.27e-15  1.77e-01     3s
   6   1.11337560e+02 -2.95434392e+03  9.60e-03 2.66e-15  5.27e-02     3s
   7   7.11395517e+01 -9.09726553e+02  3.48e-03 8.88e-16  1.68e-02     3s
   8   2.69487340e+01 -2.54499996e+02  6.81e-04 6.66e-16  4.83e-03     3s
   9   1.61834665e+01 -1.23230766e+02  3.27e-04 4.44e-16  2.39e-03     3s
  10   7.13945073e+00 -4.63075038e+01  1.14e-04 4.44e-16  9.16e-04     3s
  11   1.44235877e+00 -9.24150514e+00  8.81e-06 4.44e-16  1.83e-04     3s
  12   2.62653433e-01 -2.37768364e+00  9.72e-07 4.44e-16  4.52e-05     3s
  13   5.24744070e-02 -3.95240265e-01  1.57e-07 8.88e-16  7.67e-06     3s
  14   9.97460284e-03 -6.48063562e-02  2.85e-08 4.44e-16  1.28e-06     3s
  15   1.02026955e-03 -7.91574037e-03  2.80e-09 4.44e-16  1.53e-07     3s
  16   2.05857792e-05 -1.61311499e-05  4.96e-11 4.44e-16  6.29e-10     3s
  17   4.34852154e-11 -2.86661361e-10  5.08e-12 5.63e-16  5.72e-15     4s

Barrier solved model in 17 iterations and 3.50 seconds (3.21 work units)
Optimal objective 4.34852154e-11


Root relaxation: objective 1.023182e-12, 2613 iterations, 1.21 seconds (1.04 work units)
Total elapsed time = 9.02s

    Nodes    |    Current Node    |     Objective Bounds      |     Work
 Expl Unexpl |  Obj  Depth IntInf | Incumbent    BestBd   Gap | It/Node Time

     0     0    0.00000    0   16    0.48903    0.00000   100%     -   10s
     0     0    0.00000    0   55    0.48903    0.00000   100%     -   15s
     0     0    0.00000    0   74    0.48903    0.00000   100%     -   18s
     0     0    0.00000    0   17    0.48903    0.00000   100%     -   21s
     0     0    0.00000    0   16    0.48903    0.00000   100%     -   22s
     0     0    0.00000    0   15    0.48903    0.00000   100%     -   24s
     0     0    0.00000    0   15    0.48903    0.00000   100%     -   26s
     0     0    0.00000    0   15    0.48903    0.00000   100%     -   29s
     0     0    0.00000    0   15    0.48903    0.00000   100%     -   30s
     0     0    0.00000    0   14    0.48903    0.00000   100%     -   33s
     0     0    0.00000    0   11    0.48903    0.00000   100%     -   34s
     0     0    0.00000    0   10    0.48903    0.00000   100%     -   35s
     0     0    0.00000    0   10    0.48903    0.00000   100%     -   35s
H    0     0                       0.3276679    0.00000   100%     -   37s
     0     0    0.00000    0   10    0.32767    0.00000   100%     -   38s
     0     0    0.00000    0   10    0.32767    0.00000   100%     -   38s
     0     0    0.00000    0   10    0.32767    0.00000   100%     -   40s
     0     0    0.00000    0   10    0.32767    0.00000   100%     -   41s
     0     2    0.00000    0   10    0.32767    0.00000   100%     -   45s
     1     4    0.00002    1   61    0.32767    0.00000   100%  9650   52s
     3     8    0.00207    2   99    0.32767    0.00000   100%  4179   59s
     7    12 infeasible    3         0.32767    0.00000   100%  4131   76s
    15    20    0.00000    4    8    0.32767    0.00000   100%  3841   82s
H   27    33                       0.1120890    0.00000   100%  3140  121s
H   28    33                       0.0000000    0.00000  0.00%  3118  121s

Cutting planes:
  Learned: 4
  Gomory: 1
  Cover: 15
  Implied bound: 551
  Clique: 16
  MIR: 123
  StrongCG: 1
  Flow cover: 17
  Zero half: 1
  RLT: 13
  Relax-and-lift: 26
  BQP: 1

Explored 47 nodes (214970 simplex iterations) in 121.24 seconds (206.74 work units)
Thread count was 32 (of 128 available processors)

Solution count 4: 5.68434e-13 0.112089 0.327668 0.48903 

Optimal solution found (tolerance 5.00e-03)
Best objective 5.684341886081e-13, best bound 5.684341886081e-13, gap 0.0000%


*********************************************
*********************************************


