Set parameter TokenServer to value "license02.tacc.utexas.edu"
Set parameter LogFile to value "/work/07346/ashukla/ls6/Norta_Results/norta_sm_16_4/0M"
Set parameter MIPGap to value 0.005
Set parameter TimeLimit to value 32400
Set parameter Method to value 2
Gurobi Optimizer version 10.0.2 build v10.0.2rc0 (linux64)

CPU model: AMD EPYC 7763 64-Core Processor, instruction set [SSE2|AVX|AVX2]
Thread count: 128 physical cores, 128 logical processors, using up to 32 threads

Optimize a model with 211611 rows, 77908 columns and 589544 nonzeros
Model fingerprint: 0x868b11c3
Variable types: 55968 continuous, 21940 integer (21578 binary)
Coefficient statistics:
  Matrix range     [1e-03, 1e+05]
  Objective range  [6e-02, 6e-02]
  Bounds range     [1e+00, 3e+00]
  RHS range        [1e-02, 2e+04]
Presolve removed 210775 rows and 76773 columns
Presolve time: 1.61s
Presolved: 836 rows, 1135 columns, 3874 nonzeros
Variable types: 998 continuous, 137 integer (137 binary)
Found heuristic solution: objective 66.0328637
Root barrier log...

Ordering time: 0.00s

Barrier statistics:
 AA' NZ     : 4.638e+03
 Factor NZ  : 1.954e+04 (roughly 1 MB of memory)
 Factor Ops : 8.487e+05 (less than 1 second per iteration)
 Threads    : 1

                  Objective                Residual
Iter       Primal          Dual         Primal    Dual     Compl     Time
   0  -6.91409347e+02 -7.13868541e+03  6.63e+01 1.68e-01  1.69e+01     2s
   1   1.24298697e+01 -2.34043766e+03  3.82e+00 9.99e-16  1.81e+00     2s
   2   5.21996966e+01 -2.33795790e+02  2.68e-01 2.07e-14  1.65e-01     2s
   3   5.17256936e+01  1.63931369e+01  6.61e-03 2.22e-15  1.83e-02     2s
   4   4.66701730e+01  3.85719927e+01  4.13e-04 3.33e-16  4.17e-03     2s
   5   4.53471888e+01  4.23641729e+01  9.76e-05 4.44e-16  1.53e-03     2s
   6   4.49192981e+01  4.37978536e+01  2.92e-05 2.22e-16  5.77e-04     2s
   7   4.48026711e+01  4.42620803e+01  1.36e-05 2.22e-16  2.78e-04     2s
   8   4.47569201e+01  4.45728038e+01  7.47e-06 2.28e-16  9.47e-05     2s
   9   4.47101129e+01  4.46376259e+01  1.18e-06 2.22e-16  3.73e-05     2s
  10   4.47032232e+01  4.46897637e+01  4.66e-07 4.44e-16  6.93e-06     2s
  11   4.47020182e+01  4.46970805e+01  3.61e-07 2.22e-16  2.54e-06     2s
  12   4.46994062e+01  4.46979982e+01  8.78e-08 2.22e-16  7.25e-07     2s
  13   4.46984789e+01  4.46984138e+01  2.73e-10 2.22e-16  3.34e-08     2s
  14   4.46984575e+01  4.46984568e+01  1.16e-10 2.22e-16  3.33e-10     2s
  15   4.46984573e+01  4.46984573e+01  1.78e-10 4.44e-16  3.33e-13     2s

Barrier solved model in 15 iterations and 1.72 seconds (1.80 work units)
Optimal objective 4.46984573e+01


Root relaxation: objective 4.469846e+01, 8 iterations, 0.02 seconds (0.02 work units)

    Nodes    |    Current Node    |     Objective Bounds      |     Work
 Expl Unexpl |  Obj  Depth IntInf | Incumbent    BestBd   Gap | It/Node Time

     0     0   44.69846    0    2   66.03286   44.69846  32.3%     -    1s
H    0     0                      44.6988925   44.69846  0.00%     -    1s

Explored 1 nodes (8 simplex iterations) in 1.73 seconds (1.81 work units)
Thread count was 32 (of 128 available processors)

Solution count 2: 44.6989 66.0329 

Optimal solution found (tolerance 5.00e-03)
Best objective 4.469889251692e+01, best bound 4.469845726918e+01, gap 0.0010%


*********************************************
*********************************************


Set parameter LogFile to value "/work/07346/ashukla/ls6/Norta_Results/norta_sm_16_4/20M"
Gurobi Optimizer version 10.0.2 build v10.0.2rc0 (linux64)

CPU model: AMD EPYC 7763 64-Core Processor, instruction set [SSE2|AVX|AVX2]
Thread count: 128 physical cores, 128 logical processors, using up to 32 threads

Optimize a model with 211611 rows, 77908 columns and 589544 nonzeros
Model fingerprint: 0x32017ceb
Variable types: 55968 continuous, 21940 integer (21578 binary)
Coefficient statistics:
  Matrix range     [1e-03, 1e+05]
  Objective range  [6e-02, 6e-02]
  Bounds range     [1e+00, 3e+00]
  RHS range        [1e-02, 2e+07]

MIP start from previous solve produced solution with objective 44.6989 (0.61s)
MIP start from previous solve produced solution with objective 44.6989 (0.61s)
Loaded MIP start from previous solve with objective 44.6989

Presolve removed 176534 rows and 50729 columns
Presolve time: 1.79s
Presolved: 35077 rows, 27179 columns, 127174 nonzeros
Variable types: 23554 continuous, 3625 integer (3563 binary)
Root barrier log...

Ordering time: 0.30s

Barrier statistics:
 Dense cols : 63
 AA' NZ     : 3.743e+05
 Factor NZ  : 3.108e+06 (roughly 50 MB of memory)
 Factor Ops : 1.482e+09 (less than 1 second per iteration)
 Threads    : 32

                  Objective                Residual
Iter       Primal          Dual         Primal    Dual     Compl     Time
   0  -9.43834273e+05 -2.81180309e+05  4.78e+04 1.68e-01  9.89e+02     3s
   1  -5.76653054e+05 -3.09274067e+05  2.89e+04 3.01e-01  6.00e+02     3s
   2  -2.78265064e+05 -3.93596686e+05  1.34e+04 1.41e-13  3.08e+02     3s
   3  -2.65890581e+04 -3.33569326e+05  1.38e+03 1.26e-13  3.33e+01     3s
   4  -1.74937427e+03 -1.53296300e+05  9.41e+01 9.07e-14  4.20e+00     3s
   5  -5.87244915e+02 -6.42795753e+04  3.09e+01 3.08e-14  1.50e+00     3s
   6  -5.09927502e+01 -2.21173344e+04  8.32e+00 1.03e-14  4.42e-01     3s
   7   1.28912465e+02 -3.24390270e+03  1.70e-01 3.36e-15  5.82e-02     3s
   8   9.61214527e+01 -8.67257334e+02  1.74e-02 1.11e-15  1.53e-02     3s
   9   5.28028997e+01 -2.40930752e+02  5.52e-03 8.88e-16  4.64e-03     3s
  10   3.14705101e+01 -1.01007002e+02  2.31e-03 6.66e-16  2.09e-03     3s
  11   2.44814195e+01 -6.53864427e+01  1.44e-03 4.44e-16  1.41e-03     3s
  12   2.05650041e+01 -3.17668949e+01  1.01e-03 4.44e-16  8.24e-04     3s
  13   1.68650445e+01 -2.11500825e+01  6.25e-04 4.44e-16  5.98e-04     3s
  14   1.41285186e+01 -9.53968303e+00  3.67e-04 4.44e-16  3.72e-04     3s
  15   1.32744001e+01 -1.35375467e+00  2.89e-04 4.44e-16  2.30e-04     3s
  16   1.17684455e+01  5.12259621e+00  1.65e-04 4.44e-16  1.05e-04     3s
  17   1.09381305e+01  7.39554915e+00  1.02e-04 2.22e-16  5.59e-05     3s
  18   1.06148370e+01  7.92691065e+00  7.82e-05 2.22e-16  4.24e-05     3s
  19   1.03095252e+01  8.48194710e+00  5.56e-05 2.22e-16  2.89e-05     3s
  20   1.01320033e+01  8.89625198e+00  4.27e-05 4.44e-16  1.96e-05     3s
  21   9.92776254e+00  9.10428752e+00  2.89e-05 4.44e-16  1.30e-05     3s
  22   9.82453548e+00  9.19216729e+00  2.11e-05 4.44e-16  1.00e-05     3s
  23   9.69058044e+00  9.33071763e+00  1.17e-05 4.44e-16  5.69e-06     3s
  24   9.63903646e+00  9.40270643e+00  7.56e-06 4.44e-16  3.74e-06     3s
  25   9.59627855e+00  9.44347615e+00  4.32e-06 4.44e-16  2.41e-06     3s
  26   9.57244125e+00  9.47816146e+00  2.55e-06 4.44e-16  1.49e-06     3s
  27   9.56890031e+00  9.49034187e+00  2.25e-06 4.44e-16  1.24e-06     3s
  28   9.55479906e+00  9.50903063e+00  1.21e-06 1.70e-15  7.22e-07     3s
  29   9.54880951e+00  9.51830186e+00  7.69e-07 2.07e-15  4.81e-07     3s
  30   9.54560736e+00  9.52490582e+00  5.36e-07 3.13e-15  3.26e-07     3s
  31   9.54254150e+00  9.53094759e+00  3.11e-07 4.73e-16  1.83e-07     4s
  32   9.53927996e+00  9.53665282e+00  7.17e-08 4.44e-16  4.15e-08     4s
  33   9.53860483e+00  9.53749907e+00  3.14e-08 2.33e-15  1.75e-08     4s
  34   9.53842612e+00  9.53773045e+00  2.09e-08 2.55e-15  1.10e-08     4s
  35   9.53828230e+00  9.53784039e+00  1.24e-08 1.02e-15  6.98e-09     4s
  36   9.53820216e+00  9.53790865e+00  7.82e-09 3.02e-14  4.63e-09     4s
  37   9.53810967e+00  9.53803793e+00  2.52e-09 1.58e-13  1.14e-09     4s
  38   9.53809082e+00  9.53805732e+00  1.64e-09 1.62e-13  5.32e-10     4s
  39   9.53806521e+00  9.53806333e+00  3.02e-09 9.47e-14  2.94e-11     4s

Barrier solved model in 39 iterations and 3.66 seconds (3.60 work units)
Optimal objective 9.53806521e+00


Root simplex log...

Iteration    Objective       Primal Inf.    Dual Inf.      Time
    6268    9.5380646e+00   0.000000e+00   0.000000e+00      5s
    6268    9.5380646e+00   0.000000e+00   0.000000e+00      5s

Root relaxation: objective 9.538065e+00, 6268 iterations, 2.70 seconds (4.37 work units)

    Nodes    |    Current Node    |     Objective Bounds      |     Work
 Expl Unexpl |  Obj  Depth IntInf | Incumbent    BestBd   Gap | It/Node Time

     0     0    9.53806    0  505   44.69889    9.53806  78.7%     -    9s
H    0     0                      27.4034868    9.53806  65.2%     -   12s
     0     0   10.50233    0  636   27.40349   10.50233  61.7%     -   21s
H    0     0                      21.2353635   10.50233  50.5%     -   24s
     0     0   10.52874    0  692   21.23536   10.52874  50.4%     -   26s
H    0     0                      17.7560409   10.52915  40.7%     -   27s
     0     0   10.52915    0  637   17.75604   10.52915  40.7%     -   27s
     0     0   10.52944    0  634   17.75604   10.52944  40.7%     -   27s
     0     0   10.52944    0  636   17.75604   10.52944  40.7%     -   27s
     0     0   10.77269    0  704   17.75604   10.77269  39.3%     -   34s
     0     0   10.78437    0  686   17.75604   10.78437  39.3%     -   38s
     0     0   10.78455    0  684   17.75604   10.78455  39.3%     -   38s
     0     0   10.84554    0  742   17.75604   10.84554  38.9%     -   42s
     0     0   10.84751    0  738   17.75604   10.84751  38.9%     -   46s
     0     0   10.84792    0  732   17.75604   10.84792  38.9%     -   46s
     0     0   10.84812    0  735   17.75604   10.84812  38.9%     -   46s
     0     0   10.88705    0  706   17.75604   10.88705  38.7%     -   50s
     0     0   10.88946    0  714   17.75604   10.88946  38.7%     -   53s
     0     0   10.88993    0  660   17.75604   10.88993  38.7%     -   53s
     0     0   10.88994    0  660   17.75604   10.88994  38.7%     -   53s
     0     0   10.89432    0  779   17.75604   10.89432  38.6%     -   55s
     0     0   10.89445    0  708   17.75604   10.89445  38.6%     -   55s
     0     0   10.89465    0  780   17.75604   10.89465  38.6%     -   56s
     0     0   10.89467    0  780   17.75604   10.89467  38.6%     -   56s
     0     0   10.89528    0  704   17.75604   10.89528  38.6%     -   57s
     0     0   10.89535    0  704   17.75604   10.89535  38.6%     -   57s
     0     0   10.89653    0  741   17.75604   10.89653  38.6%     -   58s
     0     0   10.89653    0  660   17.75604   10.89653  38.6%     -   63s
     0     2   10.89653    0  660   17.75604   10.89653  38.6%     -   66s
     1     4   11.33558    1  685   17.75604   10.89653  38.6%  3694   71s
     7    16   11.91768    3  652   17.75604   11.09063  37.5%  2031   78s
    15    32   12.01165    4  663   17.75604   11.09857  37.5%  2157   84s
    31    64   12.37041    5  601   17.75604   11.10427  37.5%  2719   93s
H   47    64                      16.0950967   11.10427  31.0%  3195   93s
    63    96   12.42249    6  551   16.09510   11.10807  31.0%  2815  117s
    95   128   12.50136    7  548   16.09510   11.10807  31.0%  2823  126s
H   96   128                      15.6144287   11.10807  28.9%  2793  126s
   127   160   12.50469    8  526   15.61443   11.10807  28.9%  2348  133s
H  159   192                      15.1415210   11.10807  26.6%  2158  151s
H  166   192                      15.0598631   11.10807  26.2%  2121  151s
   240   289   12.52193   12  476   15.05986   11.10807  26.2%  1785  161s
   288   328   12.56024   14  456   15.05986   11.10807  26.2%  1725  168s
   327   380   12.57239   15  464   15.05986   11.10807  26.2%  1711  172s
   379   433   12.65414   16  431   15.05986   11.10807  26.2%  1723  177s
   432   488   12.67869   17  430   15.05986   11.10807  26.2%  1682  185s
   487   546   12.68054   17  446   15.05986   11.10807  26.2%  1726  191s
   545   614   12.76138   18  444   15.05986   11.10807  26.2%  1709  197s
   613   689   12.86858   19  429   15.05986   11.10807  26.2%  1660  202s
   688   760   12.79742   19  403   15.05986   11.10807  26.2%  1596  207s
   759   847   13.01046   20  327   15.05986   11.10807  26.2%  1579  214s
   848   955   12.88058   21  431   15.05986   11.10807  26.2%  1528  218s
   956  1028   12.89795   22  445   15.05986   11.10807  26.2%  1448  224s
  1031  1128   13.02852   24  397   15.05986   11.10807  26.2%  1442  231s
  1137  1203   12.99817   25  398   15.05986   11.10807  26.2%  1409  238s
H 1139  1203                      14.5437841   11.10807  23.6%  1408  238s
H 1188  1203                      14.4570511   11.10807  23.2%  1382  238s
  1236  1287   13.04006   27  333   14.45705   11.10807  23.2%  1364  247s
  1376  1394   13.17673   33  295   14.45705   11.10807  23.2%  1306  256s
  1504  1472   13.46947   37  356   14.45705   11.10807  23.2%  1278  267s
  1620  1537   13.40994   38  362   14.45705   11.10807  23.2%  1278  277s
  1706  1629   13.53704   39  351   14.45705   11.10807  23.2%  1303  284s
  1802  1754   13.75868   41  227   14.45705   11.10807  23.2%  1308  292s
  1927  1873   14.37869   45  220   14.45705   11.10807  23.2%  1300  302s
* 2007  1873             115      14.4388967   11.10807  23.1%  1287  302s
* 2008  1873             115      14.4388514   11.10807  23.1%  1286  302s
  2062  1926   14.37236   49  331   14.43885   11.10807  23.1%  1284  310s
H 2064  1866                      14.2945745   11.10807  22.3%  1283  310s
H 2088  1861                      14.2584982   11.10807  22.1%  1282  310s
H 2104  1861                      14.1394770   11.10807  21.4%  1284  310s
H 2115  1861                      13.8259899   11.10807  19.7%  1283  310s
  2158  1880     cutoff   50        13.82599   11.11546  19.6%  1277  320s
  2278  1931   11.80030    7  376   13.82599   11.12115  19.6%  1278  329s
  2421  1995   12.00310   11  407   13.82599   11.12115  19.6%  1264  336s
* 2506  1973             114      13.7990256   11.12115  19.4%  1258  336s
  2568  2053   12.17313   13  343   13.79903   11.12115  19.4%  1258  344s
H 2587  1875                      13.5550749   11.12115  18.0%  1257  344s
  2682  1948   12.41639   14  320   13.55507   11.12115  18.0%  1258  352s
  2803  2063   12.46502   17  347   13.55507   11.12115  18.0%  1269  363s
H 2934  1727                      13.1421997   11.12115  15.4%  1279  501s
  2935  1710   12.87090   33  660   13.14220   11.12115  15.4%  1279  528s
  2937  1711   12.32809   13  485   13.14220   11.12115  15.4%  1278  538s
  2938  1712   12.90804   26  596   13.14220   11.12115  15.4%  1278  566s
  2939  1713   13.00640   38  688   13.14220   11.12115  15.4%  1277  571s
  2941  1714   12.33991    6  697   13.14220   11.12115  15.4%  1276  575s
  2943  1715   12.16504   14  643   13.14220   11.12115  15.4%  1275  588s
  2945  1717   11.71777   17  644   13.14220   11.12115  15.4%  1275  590s
  2946  1717   12.51845   12  671   13.14220   11.12115  15.4%  1274  603s
  2947  1718   11.93693   25  634   13.14220   11.12115  15.4%  1274  605s
  2948  1719   12.11700    8  621   13.14220   11.12115  15.4%  1273  614s
  2949  1719   12.02284   10  641   13.14220   11.12115  15.4%  1273  616s
  2950  1720   11.74556   18  612   13.14220   11.12115  15.4%  1272  631s
  2952  1721   12.27178   26  589   13.14220   11.12115  15.4%  1271  637s
  2954  1723   12.59986   30  478   13.14220   11.12115  15.4%  1271  647s
  2957  1725   11.84247   17  606   13.14220   11.12115  15.4%  1269  650s
  2958  1725   11.76504   20  574   13.14220   11.12115  15.4%  1269  659s
  2959  1726   13.12670   14  581   13.14220   11.12115  15.4%  1268  661s
  2960  1727   12.43472   23  570   13.14220   11.12115  15.4%  1268  669s
  2961  1727   11.63012   16  582   13.14220   11.12115  15.4%  1268  670s
  2962  1728   12.13073   11  460   13.14220   11.12115  15.4%  1267  680s
  2964  1729   12.72298   11  476   13.14220   11.12115  15.4%  1266  692s
  2966  1731   12.34503   20  453   13.14220   11.12115  15.4%  1265  701s
  2967  1731   12.89453   48  453   13.14220   11.12115  15.4%  1265  708s
  2968  1732   11.64511   15  453   13.14220   11.12115  15.4%  1265  711s
  2969  1736   11.50530   10  502   13.14220   11.12115  15.4%  33.1  720s
  2971  1739   12.16078   11  539   13.14220   11.12115  15.4%  35.6  732s
  2975  1746   12.86358   12  534   13.14220   11.12115  15.4%  38.7  742s
  2983  1756     cutoff   13        13.14220   11.13242  15.3%  48.7  751s
  2999  1779   11.34101   14  407   13.14220   11.13553  15.3%  62.9  766s
  3028  1801   11.50201   15  526   13.14220   11.34101  13.7%   101  775s
H 3060  1731                      13.1403669   11.34331  13.7%   134  783s
  3092  1748   11.58837   17  357   13.14037   11.34331  13.7%   156  793s
H 3124  1683                      13.1047767   11.34331  13.4%   181  803s
  3156  1705   11.62674   19  428   13.10478   11.34331  13.4%   198  810s
  3191  1723   11.69745   20  388   13.10478   11.34331  13.4%   214  823s
  3225  1748   11.71067   21  380   13.10478   11.34331  13.4%   235  831s
  3264  1762   11.80435   23  278   13.10478   11.34331  13.4%   250  839s
  3297  1789   12.00982   24  368   13.10478   11.34331  13.4%   265  846s
  3339  1818   12.01783   25  292   13.10478   11.34331  13.4%   281  852s
  3391  1839   12.12740   27  231   13.10478   11.34331  13.4%   294  859s
  3443  1873   12.27525   30  254   13.10478   11.34331  13.4%   309  866s
  3504  1895   12.37203   32  233   13.10478   11.34331  13.4%   323  873s
  3567  1899   12.56047   34  267   13.10478   11.34331  13.4%   339  885s
  3636  1886   12.72835   36  265   13.10478   11.34331  13.4%   356  896s
H 3659  1800                      13.0916659   11.34331  13.4%   364  896s
  3686  1811     cutoff   38        13.09167   11.34331  13.4%   371  905s
  3740  1815   13.01578   37  334   13.09167   11.34331  13.4%   387  914s
H 3795  1738                      12.7688149   11.34331  11.2%   404 1157s
H 3803  1665                      12.5845656   11.34331  9.86%   407 1157s
H 3816  1593                      12.5790315   11.34331  9.82%   411 1157s
  3832  1572     cutoff   39        12.57903   11.39243  9.43%   414 1168s
  3930  1583   11.46957   16  477   12.57903   11.39243  9.43%   432 1180s
  3992  1629   11.48232   17  290   12.57903   11.39243  9.43%   454 1188s
  4071  1648   11.64635   19  377   12.57903   11.39243  9.43%   467 1197s
  4157  1668   11.88884   21  413   12.57903   11.39243  9.43%   481 1208s
  4257  1676   12.13697   23  281   12.57903   11.39243  9.43%   500 1222s
  4359  1686   12.33190   25  321   12.57903   11.39243  9.43%   519 1234s
  4476  1686     cutoff   26        12.57903   11.39243  9.43%   536 1243s
* 4580  1588              64      12.5790311   11.39243  9.43%   551 1243s
  4598  1637   12.51781   25  334   12.57903   11.39243  9.43%   554 1254s
  4722  1648   12.49395   25  236   12.57903   11.39243  9.43%   570 1272s
* 4806  1559              69      12.5627390   11.39243  9.32%   581 1272s
  4867  1581 infeasible   26        12.56274   11.39243  9.32%   595 1302s
* 4941  1498              69      12.5627305   11.39243  9.32%   606 1302s
  5002  1547   12.09940   28  425   12.56273   11.39243  9.32%   618 1317s
  5144  1562     cutoff   32        12.56273   11.39243  9.32%   637 1329s
  5294  1573   12.23008   33  288   12.56273   11.39243  9.32%   653 1341s
  5470  1579     cutoff   39        12.56273   11.53579  8.17%   668 1353s
  5648  1596   12.11373   17  538   12.56273   11.53579  8.17%   689 1365s
  5808  1625   12.29492   19  535   12.56273   11.53579  8.17%   706 1378s
  5985  1589   12.39052   23  377   12.56273   11.53579  8.17%   723 1468s
  6030  1739   12.42619   24  259   12.56273   11.53579  8.17%   734 1482s
  6274  1822   12.40461   23  377   12.56273   11.53579  8.17%   747 1497s
  6599  1831   12.48813   26  303   12.56273   11.53579  8.17%   759 1519s
  6869  1913     cutoff   25        12.56273   11.55721  8.00%   776 1534s
* 7030  1858              76      12.4687864   11.55721  7.31%   784 1534s
  7177  1815   11.56713   18  364   12.46879   11.55721  7.31%   787 1548s
  7463  1911   11.67514   23  431   12.46879   11.55721  7.31%   801 1566s
  7782  2011   12.03727   29  390   12.46879   11.55721  7.31%   820 1672s
  8057  2069     cutoff   35        12.46879   11.59037  7.04%   844 1690s
  8291  2104   11.97492   20  483   12.46879   11.60211  6.95%   858 1777s
H 8304  2104                      12.4687864   11.60211  6.95%   858 1777s
  8363  2225   12.08505   21  433   12.46879   11.60211  6.95%   864 1799s
  8744  2340     cutoff   25        12.46879   11.76366  5.66%   873 1816s
  9115  2469   11.86376   23  230   12.46879   11.80813  5.30%   886 1836s
  9489  2673   12.16899   34  212   12.46879   11.83203  5.11%   901 1856s
  9964  2839   11.92139   23  237   12.46879   11.87376  4.77%   911 1877s
 10405  2985   12.06619   32  255   12.46879   11.87477  4.76%   923 1898s
 10812  3162   12.19525   37  233   12.46879   11.93286  4.30%   928 1921s
*11287  2751             101      12.3782685   11.93286  3.60%   933 1921s
*11289  2750             101      12.3782049   11.93286  3.60%   933 1921s
 11353  2794   12.14534   26  250   12.37820   11.94202  3.52%   930 1953s
 11765  2859     cutoff   28        12.37820   11.95627  3.41%   944 1984s
 12181  2983   12.35003   25  206   12.37820   11.97103  3.29%   967 2013s
 12705  3103     cutoff   23        12.37820   11.98371  3.19%   981 2039s
 13164  3195     cutoff   30        12.37820   11.99417  3.10%  1001 2069s
 13696  3274   12.16240   26  306   12.37820   11.99452  3.10%  1010 2095s
 14274  3363   12.33749   36  168   12.37820   12.01106  2.97%  1022 2122s
 14878  3456   12.28796   25  321   12.37820   12.02789  2.83%  1034 2151s
H14975  3419                      12.3736902   12.03082  2.77%  1033 2151s
 15439  3465     cutoff   24        12.37369   12.03410  2.74%  1047 2203s
*15494  3464              89      12.3735306   12.03410  2.74%  1048 2203s
 15954  3554   12.27389   39  198   12.37353   12.04028  2.69%  1062 2236s
 16627  3670     cutoff   37        12.37353   12.05437  2.58%  1069 2281s
 17293  3757   12.37072   27  237   12.37353   12.06555  2.49%  1081 2319s
 18000  3857   12.19391   26  284   12.37353   12.07468  2.42%  1093 2351s
 18802  3964   12.28229   32  171   12.37353   12.08119  2.36%  1101 2383s
 19600  4024     cutoff   30        12.37353   12.08968  2.29%  1109 2416s
 20366  4116   12.31151   31  129   12.37353   12.09587  2.24%  1122 2453s
 21225  4236   12.16973   25  407   12.37353   12.10563  2.17%  1130 2493s
*22026  3960              55      12.3467702   12.11376  1.89%  1136 2493s
*22027  3960              56      12.3467697   12.11376  1.89%  1136 2493s
 22154  4016     cutoff   47        12.34677   12.11581  1.87%  1136 2535s
 23129  4013     cutoff   43        12.34677   12.12651  1.78%  1142 2664s
 23716  4026   12.24119   36  173   12.34677   12.12971  1.76%  1147 2709s
 24792  3968   12.27753   39   25   12.34677   12.14460  1.64%  1153 2755s
 25794  3923     cutoff   27        12.34677   12.15402  1.56%  1164 2814s
H26732  3896                      12.3449264   12.16137  1.49%  1176 2814s
*26750  3890              69      12.3447737   12.16137  1.49%  1175 2814s
 26818  3819   12.31714   42  116   12.34477   12.16540  1.45%  1175 2869s
 28101  3627     cutoff   31        12.34477   12.17711  1.36%  1180 2929s
 29160  3429     cutoff   19        12.34477   12.18603  1.29%  1198 2984s
 30523  3160     cutoff   31        12.34477   12.20128  1.16%  1208 3055s
 32068  2786     cutoff   29        12.34477   12.22188  1.00%  1209 3111s
 33461  2296     cutoff   42        12.34477   12.23772  0.87%  1216 3163s
 35126  1834     cutoff   30        12.34477   12.25511  0.73%  1219 3226s
 36349   971   12.32892   35   79   12.34477   12.26465  0.65%  1221 3285s
*36866   894              53      12.3401653   12.26784  0.59%  1220 3285s

Cutting planes:
  Learned: 9
  Gomory: 51
  Cover: 107
  Implied bound: 716
  Projected implied bound: 61
  Clique: 42
  MIR: 848
  StrongCG: 1
  Flow cover: 1774
  Inf proof: 4
  Zero half: 9
  RLT: 96
  Relax-and-lift: 126
  BQP: 19
  PSD: 5

Explored 38134 nodes (50401234 simplex iterations) in 3289.11 seconds (7734.45 work units)
Thread count was 32 (of 128 available processors)

Solution count 10: 12.3402 12.3402 12.3448 ... 12.3783

Optimal solution found (tolerance 5.00e-03)
Best objective 1.234016531777e+01, best bound 1.228668079038e+01, gap 0.4334%


*********************************************
*********************************************


Set parameter LogFile to value "/work/07346/ashukla/ls6/Norta_Results/norta_sm_16_4/40M"
Gurobi Optimizer version 10.0.2 build v10.0.2rc0 (linux64)

CPU model: AMD EPYC 7763 64-Core Processor, instruction set [SSE2|AVX|AVX2]
Thread count: 128 physical cores, 128 logical processors, using up to 32 threads

Optimize a model with 211611 rows, 77908 columns and 589544 nonzeros
Model fingerprint: 0x7cc02d1f
Variable types: 55968 continuous, 21940 integer (21578 binary)
Coefficient statistics:
  Matrix range     [1e-03, 1e+05]
  Objective range  [6e-02, 6e-02]
  Bounds range     [1e+00, 3e+00]
  RHS range        [1e-02, 4e+07]

MIP start from previous solve produced solution with objective 12.3402 (0.71s)
MIP start from previous solve produced solution with objective 12.3402 (0.72s)
Loaded MIP start from previous solve with objective 12.3402

Presolve removed 176534 rows and 50729 columns
Presolve time: 1.84s
Presolved: 35077 rows, 27179 columns, 127174 nonzeros
Variable types: 23554 continuous, 3625 integer (3563 binary)
Root barrier log...

Ordering time: 0.31s

Barrier statistics:
 Dense cols : 63
 AA' NZ     : 3.743e+05
 Factor NZ  : 3.108e+06 (roughly 50 MB of memory)
 Factor Ops : 1.482e+09 (less than 1 second per iteration)
 Threads    : 32

                  Objective                Residual
Iter       Primal          Dual         Primal    Dual     Compl     Time
   0  -7.55230138e+05 -2.81180682e+05  3.82e+04 1.68e-01  7.92e+02     3s
   1  -4.52697236e+05 -3.06141122e+05  2.25e+04 3.23e-01  4.72e+02     3s
   2  -2.14206446e+05 -3.84423221e+05  8.21e+03 3.83e-13  2.38e+02     3s
   3  -2.69700041e+04 -3.06955278e+05  1.42e+02 9.89e-14  3.28e+01     3s
   4  -3.84651673e+03 -1.50321233e+05  2.14e+01 1.17e-13  5.97e+00     3s
   5  -8.31584305e+02 -9.80783899e+04  5.51e+00 6.42e-14  2.31e+00     3s
   6   9.08097278e+01 -4.50792590e+04  5.63e-01 2.03e-14  7.60e-01     3s
   7   1.60761081e+02 -5.32475178e+03  2.59e-02 4.75e-15  8.64e-02     3s
   8   9.69248641e+01 -1.10943551e+03  2.01e-03 1.78e-15  1.89e-02     3s
   9   3.37401999e+01 -1.29473050e+02  1.79e-04 6.66e-16  2.55e-03     3s
  10   1.26679263e+01 -4.41408385e+01  4.47e-05 6.66e-16  8.87e-04     3s
  11   9.15017881e+00 -1.79026760e+01  2.67e-05 4.44e-16  4.23e-04     3s
  12   6.71440686e+00 -6.60198794e+00  1.59e-05 4.44e-16  2.08e-04     3s
  13   5.71769516e+00 -1.88913342e+00  1.17e-05 4.44e-16  1.19e-04     3s
  14   3.99891793e+00  7.37604233e-01  4.69e-06 4.44e-16  5.09e-05     3s
  15   3.77230167e+00  1.61073474e+00  3.79e-06 4.44e-16  3.38e-05     4s
  16   3.27450922e+00  1.99166292e+00  1.87e-06 4.44e-16  2.00e-05     4s
  17   3.06892141e+00  2.41431829e+00  1.10e-06 4.44e-16  1.02e-05     4s
  18   2.92388193e+00  2.63482988e+00  5.44e-07 4.44e-16  4.52e-06     4s
  19   2.86219372e+00  2.68324729e+00  3.07e-07 4.44e-16  2.80e-06     4s
  20   2.82476478e+00  2.71888831e+00  1.63e-07 2.22e-16  1.65e-06     4s
  21   2.80724487e+00  2.74279348e+00  9.55e-08 2.22e-16  1.01e-06     4s
  22   2.79680954e+00  2.75851425e+00  5.68e-08 4.44e-16  5.98e-07     4s
  23   2.79435520e+00  2.76243120e+00  4.78e-08 4.44e-16  4.99e-07     4s
  24   2.78986515e+00  2.77292675e+00  3.14e-08 2.22e-16  2.65e-07     4s
  25   2.78573750e+00  2.77632011e+00  1.66e-08 5.97e-16  1.47e-07     4s
  26   2.78435375e+00  2.77803969e+00  1.18e-08 1.29e-15  9.86e-08     4s
  27   2.78348114e+00  2.77867223e+00  8.62e-09 9.48e-16  7.51e-08     4s
  28   2.78302023e+00  2.77989148e+00  6.98e-09 4.44e-16  4.89e-08     4s
  29   2.78200787e+00  2.78065180e+00  3.40e-09 4.44e-16  2.12e-08     4s
  30   2.78139860e+00  2.78094881e+00  1.23e-09 4.44e-16  7.03e-09     4s
  31   2.78112964e+00  2.78101125e+00  2.91e-10 7.23e-14  1.85e-09     4s
  32   2.78106286e+00  2.78104327e+00  3.86e-10 4.18e-14  3.06e-10     4s
  33   2.78104768e+00  2.78104692e+00  1.35e-10 2.70e-15  1.18e-11     4s

Barrier solved model in 33 iterations and 3.97 seconds (3.57 work units)
Optimal objective 2.78104768e+00


Root crossover log...

       0 PPushes remaining with PInf 0.0000000e+00                 5s

  Push phase complete: Pinf 0.0000000e+00, Dinf 6.1976953e-02      5s


Root simplex log...

Iteration    Objective       Primal Inf.    Dual Inf.      Time
    7149    2.7810470e+00   0.000000e+00   6.197695e-02      5s
    7289    2.7810470e+00   0.000000e+00   0.000000e+00      6s
    7291    2.7810470e+00   0.000000e+00   0.000000e+00      6s
Extra simplex iterations after uncrush: 2

Root relaxation: objective 2.781047e+00, 7291 iterations, 2.96 seconds (3.68 work units)

    Nodes    |    Current Node    |     Objective Bounds      |     Work
 Expl Unexpl |  Obj  Depth IntInf | Incumbent    BestBd   Gap | It/Node Time

     0     0    2.78105    0  276   12.34017    2.78105  77.5%     -   10s
H    0     0                       7.1787634    3.35640  53.2%     -   28s
H    0     0                       5.6653808    3.35640  40.8%     -   28s
     0     0    3.35640    0  341    5.66538    3.35640  40.8%     -   28s
H    0     0                       5.6350030    3.38397  39.9%     -   36s
     0     0    3.38397    0  286    5.63500    3.38397  39.9%     -   37s
     0     0    3.50363    0  335    5.63500    3.50363  37.8%     -   43s
     0     0    3.51929    0  366    5.63500    3.51929  37.5%     -   48s
     0     0    3.51969    0  365    5.63500    3.51969  37.5%     -   49s
     0     0    3.51969    0  365    5.63500    3.51969  37.5%     -   49s
     0     0    3.53580    0  323    5.63500    3.53580  37.3%     -   54s
     0     0    3.53663    0  323    5.63500    3.53663  37.2%     -   59s
     0     0    3.53663    0  322    5.63500    3.53663  37.2%     -   59s
     0     0    3.54036    0  282    5.63500    3.54036  37.2%     -   61s
     0     0    3.54110    0  295    5.63500    3.54110  37.2%     -   62s
     0     0    3.54120    0  290    5.63500    3.54120  37.2%     -   62s
     0     0    3.54126    0  291    5.63500    3.54126  37.2%     -   63s
     0     0    3.54126    0  292    5.63500    3.54126  37.2%     -   66s
     0     0    3.54126    0  292    5.63500    3.54126  37.2%     -   66s
     0     0    3.54126    0  184    5.63500    3.54126  37.2%     -   73s
     0     2    3.54126    0  175    5.63500    3.54126  37.2%     -   79s
     1     4    3.80228    1  326    5.63500    3.54126  37.2%  8780   86s
     3     8    3.81265    2  217    5.63500    3.54771  37.0%  6080   91s
     7    16    3.84039    3  267    5.63500    3.54999  37.0%  4945  101s
    15    32    3.86764    4  243    5.63500    3.55054  37.0%  4309  107s
    31    64    3.92514    5  319    5.63500    3.55371  36.9%  3916  121s
H   47    64                       4.7694302    3.55371  25.5%  3614  121s
    63    62    3.93401    6  307    4.76943    3.56006  25.4%  4028  141s
   105    84    4.11587    6  242    4.76943    3.56006  25.4%  3041  149s
H  108    84                       4.7694302    3.56006  25.4%  3006  150s
H  115    84                       4.7677573    3.56006  25.3%  3045  150s
H  131    84                       4.6888838    3.56006  24.1%  2952  150s
   137   112    3.94470    7  297    4.68888    3.56006  24.1%  2937  161s
   169   140    3.94566    8  254    4.68888    3.56006  24.1%  2795  168s
H  170   140                       4.6888838    3.56006  24.1%  2778  168s
H  172   140                       4.6386281    3.56006  23.3%  2762  168s
H  182   140                       4.4077527    3.56006  19.2%  2670  168s
   201   168    3.95290    9  239    4.40775    3.56006  19.2%  2560  175s
H  221   168                       4.3668257    3.56006  18.5%  2428  175s
   242   205    4.01281   10  349    4.36683    3.56006  18.5%  2321  185s
   291   244    4.07759   10  206    4.36683    3.56006  18.5%  2236  194s
H  340   275                       4.3410601    3.56006  18.0%  2134  284s
H  341   275                       4.1369036    3.56006  13.9%  2128  284s
H  372   272                       4.1363155    3.56006  13.9%  2036  374s
H  373   272                       4.0567280    3.56006  12.2%  2033  374s
H  377   272                       4.0163708    3.56006  11.4%  2027  374s
H  379   272                       3.9377330    3.56006  9.59%  2021  374s
H  381   272                       3.9296541    3.56006  9.41%  2011  374s
H  410   272                       3.9175038    3.56006  9.12%  1890  374s
   423   229     cutoff   13         3.91750    3.56006  9.12%  1854  389s
   510   254    3.81383   14  524    3.91750    3.56006  9.12%  1699  399s
   584   295    3.81860   15  515    3.91750    3.56006  9.12%  1708  405s
   678   366    3.84262   17  350    3.91750    3.56006  9.12%  1632  423s
   791   417    3.85100   18  327    3.91750    3.56006  9.12%  1539  436s
   918   463    3.88895   19  288    3.91750    3.56006  9.12%  1477  443s
  1056   507     cutoff   20         3.91750    3.56006  9.12%  1403  451s
  1194   506     cutoff   19         3.91750    3.56006  9.12%  1352  459s
  1338   504    3.88051   19  392    3.91750    3.56006  9.12%  1327  469s
  1464   508     cutoff   21         3.91750    3.57446  8.76%  1321  482s
  1537   526    3.71989    7  229    3.91750    3.57446  8.76%  1342  491s
  1656   561    3.79966    8  225    3.91750    3.57446  8.76%  1356  498s
  1822   576    3.88029   10  169    3.91750    3.57446  8.76%  1328  507s
  1963   614    3.89265   12  178    3.91750    3.57446  8.76%  1335  517s
  2127   646     cutoff   14         3.91750    3.57446  8.76%  1322  528s
  2319   635     cutoff   17         3.91750    3.63664  7.17%  1293  539s
  2483   711    3.69739    8  504    3.91750    3.63664  7.17%  1292  548s
  2726   749    3.71287    9  379    3.91750    3.63664  7.17%  1255  564s
  2968   750    3.73501   10  521    3.91750    3.63664  7.17%  1235  571s
  3165   727    3.78601    9  414    3.91750    3.63664  7.17%  1227  579s
  3331   733    3.86287    8  398    3.91750    3.63664  7.17%  1234  590s
  3513   747    3.89486   10  434    3.91750    3.63664  7.17%  1238  604s
* 3757   747              54       3.9136040    3.63664  7.08%  1227  604s
  3783   706     cutoff   11         3.91360    3.73709  4.51%  1223  615s
  3997   658     cutoff    9         3.91360    3.73709  4.51%  1228  625s
  4259   565     cutoff    9         3.91360    3.74631  4.27%  1217  641s
  4547   471     cutoff   12         3.91360    3.82403  2.29%  1207  654s
  4868   400     cutoff   26         3.91360    3.86357  1.28%  1196  687s
H 4956   400                       3.9136040    3.87379  1.02%  1197  687s
  5036   318    3.90441   23   85    3.91360    3.87647  0.95%  1195  709s
* 5114   318              52       3.9136034    3.87894  0.89%  1183  709s
* 5311   318              55       3.9136029    3.87927  0.88%  1171  709s
  5581   157     cutoff   13         3.91360    3.88151  0.82%  1136  717s
* 5633   157              43       3.9104950    3.88151  0.74%  1129  717s
  6241     0     cutoff   28         3.91050    3.88339  0.69%  1039  720s

Cutting planes:
  Learned: 2
  Gomory: 32
  Cover: 168
  Implied bound: 1163
  Clique: 46
  MIR: 449
  StrongCG: 3
  Flow cover: 207
  Inf proof: 1
  Zero half: 4
  RLT: 41
  Relax-and-lift: 167
  BQP: 8
  PSD: 3

Explored 6395 nodes (6557939 simplex iterations) in 720.23 seconds (1678.13 work units)
Thread count was 32 (of 128 available processors)

Solution count 10: 3.9105 3.9136 3.9136 ... 4.05673

Optimal solution found (tolerance 5.00e-03)
Best objective 3.910495000001e+00, best bound 3.910495000001e+00, gap 0.0000%


*********************************************
*********************************************


Set parameter LogFile to value "/work/07346/ashukla/ls6/Norta_Results/norta_sm_16_4/60M"
Gurobi Optimizer version 10.0.2 build v10.0.2rc0 (linux64)

CPU model: AMD EPYC 7763 64-Core Processor, instruction set [SSE2|AVX|AVX2]
Thread count: 128 physical cores, 128 logical processors, using up to 32 threads

Optimize a model with 211611 rows, 77908 columns and 589544 nonzeros
Model fingerprint: 0x6766bc10
Variable types: 55968 continuous, 21940 integer (21578 binary)
Coefficient statistics:
  Matrix range     [1e-03, 1e+05]
  Objective range  [6e-02, 6e-02]
  Bounds range     [1e+00, 3e+00]
  RHS range        [1e-02, 6e+07]

MIP start from previous solve produced solution with objective 3.9105 (0.74s)
MIP start from previous solve produced solution with objective 3.9105 (0.75s)
Loaded MIP start from previous solve with objective 3.9105

Presolve removed 176534 rows and 50729 columns
Presolve time: 1.83s
Presolved: 35077 rows, 27179 columns, 127174 nonzeros
Variable types: 23554 continuous, 3625 integer (3563 binary)
Root barrier log...

Ordering time: 0.30s

Barrier statistics:
 Dense cols : 63
 AA' NZ     : 3.743e+05
 Factor NZ  : 3.108e+06 (roughly 50 MB of memory)
 Factor Ops : 1.482e+09 (less than 1 second per iteration)
 Threads    : 32

                  Objective                Residual
Iter       Primal          Dual         Primal    Dual     Compl     Time
   0  -7.56499625e+05 -2.81181134e+05  3.81e+04 1.68e-01  7.94e+02     3s
   1  -4.52916922e+05 -3.03059345e+05  2.22e+04 4.30e-01  4.75e+02     3s
   2  -2.25054593e+05 -3.95604882e+05  8.62e+03 1.41e-13  2.52e+02     3s
   3  -3.29491280e+04 -3.27827471e+05  1.74e+02 2.24e-13  3.99e+01     3s
   4  -4.44483178e+03 -1.88685269e+05  2.45e+01 8.68e-14  7.32e+00     3s
   5  -1.06077345e+03 -1.04609934e+05  6.72e+00 2.76e-14  2.60e+00     3s
   6   7.57631656e+01 -4.78586335e+04  6.61e-01 1.27e-14  8.14e-01     3s
   7   1.62341867e+02 -5.96330221e+03  3.57e-02 3.13e-15  9.67e-02     3s
   8   1.01952382e+02 -1.17364993e+03  2.51e-03 1.78e-15  1.99e-02     3s
   9   3.41461532e+01 -1.52570089e+02  1.25e-04 4.61e-16  2.92e-03     3s
  10   1.16417504e+01 -6.13435229e+01  3.10e-05 4.44e-16  1.14e-03     3s
  11   4.94398789e+00 -2.19574979e+01  1.07e-05 4.44e-16  4.20e-04     3s
  12   3.34426202e+00 -1.03884099e+01  6.71e-06 4.44e-16  2.14e-04     3s
  13   3.30651238e+00 -8.56461256e+00  6.63e-06 4.44e-16  1.85e-04     3s
  14   2.16093219e+00 -4.00973427e+00  4.03e-06 4.44e-16  9.64e-05     3s
  15   1.65555089e+00 -1.76415653e+00  2.97e-06 4.44e-16  5.34e-05     3s
  16   9.89291565e-01 -4.53164037e-01  1.62e-06 4.44e-16  2.25e-05     3s
  17   5.50010248e-01 -5.96742877e-02  7.69e-07 4.44e-16  9.52e-06     4s
  18   3.63693622e-01  7.75168031e-02  4.11e-07 4.44e-16  4.47e-06     4s
  19   2.77683075e-01  9.90134021e-02  2.49e-07 4.44e-16  2.79e-06     4s
  20   2.60712903e-01  1.15308012e-01  2.17e-07 4.44e-16  2.27e-06     4s
  21   2.25048567e-01  1.23583934e-01  1.51e-07 4.44e-16  1.59e-06     4s
  22   1.87910176e-01  1.30489617e-01  8.55e-08 4.44e-16  8.97e-07     4s
  23   1.75987328e-01  1.34183241e-01  6.12e-08 4.44e-16  6.53e-07     4s
  24   1.66293053e-01  1.37058106e-01  4.18e-08 4.44e-16  4.57e-07     4s
  25   1.57029257e-01  1.39267132e-01  2.46e-08 4.44e-16  2.77e-07     4s
  26   1.53313965e-01  1.40853673e-01  1.68e-08 4.44e-16  1.95e-07     4s
  27   1.51306017e-01  1.42310318e-01  1.30e-08 4.44e-16  1.41e-07     4s
  28   1.48335898e-01  1.43982396e-01  6.60e-09 4.44e-16  6.80e-08     4s
  29   1.47534969e-01  1.44248543e-01  4.89e-09 4.44e-16  5.13e-08     4s
  30   1.46474696e-01  1.44480820e-01  2.59e-09 4.44e-16  3.11e-08     4s
  31   1.45771792e-01  1.44757928e-01  1.10e-09 4.44e-16  1.58e-08     4s
  32   1.45570739e-01  1.44957116e-01  6.88e-10 4.44e-16  9.58e-09     4s
  33   1.45340292e-01  1.45098935e-01  4.30e-10 5.31e-16  3.77e-09     4s
  34   1.45305082e-01  1.45193323e-01  2.85e-10 1.08e-15  1.75e-09     4s
  35   1.45246927e-01  1.45225519e-01  4.06e-11 2.07e-15  3.34e-10     4s
  36   1.45237206e-01  1.45231455e-01  1.42e-11 5.69e-15  8.98e-11     4s
  37   1.45235256e-01  1.45234403e-01  6.78e-10 1.91e-14  1.33e-11     4s

Barrier solved model in 37 iterations and 3.98 seconds (3.71 work units)
Optimal objective 1.45235256e-01


Root crossover log...

       0 PPushes remaining with PInf 3.0504534e+01                 5s

  Push phase complete: Pinf 3.0504534e+01, Dinf 6.1930333e-01      5s


Root simplex log...

Iteration    Objective       Primal Inf.    Dual Inf.      Time
    6902    1.4523520e-01   0.000000e+00   6.193033e-01      5s
    7226    1.4523488e-01   0.000000e+00   0.000000e+00      6s
    7230    1.4523488e-01   0.000000e+00   0.000000e+00      6s
Extra simplex iterations after uncrush: 4

Root relaxation: objective 1.452349e-01, 7230 iterations, 2.99 seconds (3.32 work units)

    Nodes    |    Current Node    |     Objective Bounds      |     Work
 Expl Unexpl |  Obj  Depth IntInf | Incumbent    BestBd   Gap | It/Node Time

     0     0    0.14523    0  151    3.91050    0.14523  96.3%     -   10s
H    0     0                       1.8600640    0.18452  90.1%     -   20s
H    0     0                       1.7647772    0.18452  89.5%     -   21s
     0     0    0.18452    0  210    1.76478    0.18452  89.5%     -   21s
H    0     0                       1.5655789    0.18587  88.1%     -   24s
     0     0    0.20433    0  222    1.56558    0.20433  86.9%     -   24s
     0     0    0.20685    0  248    1.56558    0.20685  86.8%     -   27s
     0     0    0.20689    0  238    1.56558    0.20689  86.8%     -   30s
     0     0    0.20869    0  229    1.56558    0.20869  86.7%     -   33s
H    0     0                       1.5415412    0.20869  86.5%     -   35s
     0     0    0.20968    0  231    1.54154    0.20968  86.4%     -   36s
     0     0    0.21191    0  272    1.54154    0.21191  86.3%     -   41s
     0     0    0.21215    0  266    1.54154    0.21215  86.2%     -   44s
     0     0    0.21221    0  213    1.54154    0.21221  86.2%     -   44s
     0     0    0.21221    0  213    1.54154    0.21221  86.2%     -   45s
     0     0    0.21223    0  212    1.54154    0.21223  86.2%     -   45s
     0     0    0.21223    0  212    1.54154    0.21223  86.2%     -   45s
     0     0    0.21224    0  211    1.54154    0.21224  86.2%     -   46s
     0     0    0.21245    0  223    1.54154    0.21245  86.2%     -   47s
     0     0    0.21248    0  278    1.54154    0.21248  86.2%     -   48s
     0     0    0.21324    0  206    1.54154    0.21324  86.2%     -   49s
H    0     0                       1.5256952    0.21324  86.0%     -   50s
     0     0    0.21349    0  232    1.52570    0.21349  86.0%     -   51s
     0     0    0.21351    0  225    1.52570    0.21351  86.0%     -   52s
     0     0    0.21351    0  225    1.52570    0.21351  86.0%     -   54s
     0     0    0.21351    0  225    1.52570    0.21351  86.0%     -   55s
     0     0    0.21351    0  225    1.52570    0.21351  86.0%     -   55s
     0     0    0.21401    0  278    1.52570    0.21401  86.0%     -   57s
     0     0    0.21410    0  256    1.52570    0.21410  86.0%     -   58s
     0     0    0.21439    0  275    1.52570    0.21439  85.9%     -   58s
     0     0    0.21442    0  263    1.52570    0.21442  85.9%     -   59s
     0     0    0.21449    0  264    1.52570    0.21449  85.9%     -   60s
     0     0    0.21452    0  228    1.52570    0.21452  85.9%     -   61s
     0     0    0.21453    0  228    1.52570    0.21453  85.9%     -   61s
     0     0    0.21454    0  228    1.52570    0.21454  85.9%     -   61s
     0     0    0.21457    0  224    1.52570    0.21457  85.9%     -   62s
     0     0    0.21457    0  224    1.52570    0.21457  85.9%     -   62s
     0     0    0.21473    0  236    1.52570    0.21473  85.9%     -   63s
     0     0    0.21475    0  230    1.52570    0.21475  85.9%     -   64s
     0     0    0.21476    0  229    1.52570    0.21476  85.9%     -   64s
     0     0    0.21476    0  229    1.52570    0.21476  85.9%     -   64s
     0     0    0.21477    0  229    1.52570    0.21477  85.9%     -   65s
     0     0    0.21477    0  159    1.52570    0.21477  85.9%     -   69s
H    0     0                       1.5163725    0.21477  85.8%     -   76s
     0     2    0.21477    0  159    1.51637    0.21477  85.8%     -   79s
     1     4    0.21963    1  165    1.51637    0.21477  85.8%  3462   82s
     3     8    0.38144    2  153    1.51637    0.21521  85.8%  2235   87s
     7    16    0.69424    3  115    1.51637    0.21551  85.8%  2221   94s
    15    28    0.85013    4  120    1.51637    0.21573  85.8%  2439  103s
    31    48    0.86112    5  107    1.51637    0.21578  85.8%  2726  110s
H   33    48                       1.5161526    0.21578  85.8%  2663  110s
H   37    48                       1.5160394    0.21582  85.8%  2568  110s
H   40    48                       1.5128432    0.21582  85.7%  2614  110s
H   46    48                       1.2739419    0.21582  83.1%  2698  110s
    59    70    0.86804    6  145    1.27394    0.21582  83.1%  2252  123s
H   66    70                       0.8586544    0.21599  74.8%  2363  123s
H   66    70                       0.8586539    0.21599  74.8%  2363  123s
    93    73     cutoff    7         0.85865    0.21599  74.8%  2163  127s
H  100    73                       0.8582568    0.21599  74.8%  2092  127s
   127    80    0.35189    8  190    0.85826    0.21599  74.8%  1913  131s
   157   104    0.23041    9  151    0.85826    0.21599  74.8%  1913  136s
H  158   104                       0.8582567    0.21599  74.8%  1901  136s
H  160   104                       0.7656036    0.21599  71.8%  1907  136s
H  165   104                       0.6341296    0.21599  65.9%  1947  136s
   189   116    0.23679   10  163    0.63413    0.21599  65.9%  1897  140s
H  240   136                       0.6314339    0.21599  65.8%  1590  169s
H  247   136                       0.3675334    0.21599  41.2%  1608  169s
   278   101    0.23729   11  156    0.36753    0.21599  41.2%  1539  171s
H  336    82                       0.3577455    0.21599  39.6%  1309  244s
H  339    82                       0.3514473    0.21599  38.5%  1311  244s
H  340    82                       0.3513774    0.21599  38.5%  1319  244s
H  343    82                       0.3133369    0.21599  31.1%  1322  244s
H  345    82                       0.3097369    0.21599  30.3%  1316  244s
H  368    82                       0.3025256    0.21599  28.6%  1269  244s
   384    60     cutoff   11         0.30253    0.21833  27.8%  1239  248s
   439    80    0.24261    8  159    0.30253    0.21833  27.8%  1211  251s
   578   103    0.25429   10  108    0.30253    0.21833  27.8%  1060  257s
   650   105    0.27313   11  157    0.30253    0.21833  27.8%  1032  262s
   778   114     cutoff   14         0.30253    0.21833  27.8%  1033  268s
   857   114     cutoff   13         0.30253    0.21833  27.8%  1012  270s
  1026    45     cutoff    9         0.30253    0.22192  26.6%  1005  279s
  1091    23    0.22794   10  181    0.30253    0.22353  26.1%  1021  283s
  1141     9    0.23003   11  182    0.30253    0.22353  26.1%  1033  285s
  1168     9    0.26474   12  174    0.30253    0.22353  26.1%  1033  292s
  1174     8     cutoff   13         0.30253    0.22353  26.1%  1051  301s
  1181     3     cutoff   14         0.30253    0.22353  26.1%  1069  308s
  1186     4    0.27745    8   79    0.30253    0.23873  21.1%  1086  310s
  1199     1     cutoff   10         0.30253    0.25643  15.2%  1088  315s
  1217     1    0.27661   19  180    0.30253    0.27661  8.57%  1089  320s

Cutting planes:
  Learned: 3
  Gomory: 9
  Cover: 157
  Implied bound: 1095
  Clique: 71
  MIR: 255
  StrongCG: 7
  Flow cover: 139
  Inf proof: 1
  Zero half: 3
  RLT: 24
  Relax-and-lift: 70
  BQP: 4
  PSD: 2

Explored 1220 nodes (1376935 simplex iterations) in 321.81 seconds (683.62 work units)
Thread count was 32 (of 128 available processors)

Solution count 10: 0.302526 0.309737 0.313337 ... 0.765604

Optimal solution found (tolerance 5.00e-03)
Best objective 3.025256250004e-01, best bound 3.025256250004e-01, gap 0.0000%


*********************************************
*********************************************


Set parameter LogFile to value "/work/07346/ashukla/ls6/Norta_Results/norta_sm_16_4/80M"
Gurobi Optimizer version 10.0.2 build v10.0.2rc0 (linux64)

CPU model: AMD EPYC 7763 64-Core Processor, instruction set [SSE2|AVX|AVX2]
Thread count: 128 physical cores, 128 logical processors, using up to 32 threads

Optimize a model with 211611 rows, 77908 columns and 589544 nonzeros
Model fingerprint: 0xc9ee678f
Variable types: 55968 continuous, 21940 integer (21578 binary)
Coefficient statistics:
  Matrix range     [1e-03, 1e+05]
  Objective range  [6e-02, 6e-02]
  Bounds range     [1e+00, 3e+00]
  RHS range        [1e-02, 8e+07]

MIP start from previous solve produced solution with objective 0.302526 (0.74s)
Loaded MIP start from previous solve with objective 0.302526

Presolve removed 183433 rows and 51873 columns
Presolve time: 2.00s
Presolved: 28178 rows, 26035 columns, 107582 nonzeros
Variable types: 22599 continuous, 3436 integer (3386 binary)
Root barrier log...

Ordering time: 0.24s

Barrier statistics:
 Dense cols : 36
 AA' NZ     : 2.560e+05
 Factor NZ  : 1.827e+06 (roughly 30 MB of memory)
 Factor Ops : 5.039e+08 (less than 1 second per iteration)
 Threads    : 32

                  Objective                Residual
Iter       Primal          Dual         Primal    Dual     Compl     Time
   0  -6.83587665e+04 -2.22632773e+05  3.42e+02 1.68e-01  7.27e+01     3s
   1  -2.47493788e+04 -1.89746732e+05  1.25e+02 3.71e-01  2.74e+01     3s
   2  -8.09420763e+02 -1.02429458e+05  5.12e+00 1.29e-14  2.71e+00     3s
   3  -9.81887762e+01 -5.18615360e+04  1.51e+00 8.74e-15  1.13e+00     3s
   4   1.37442304e+02 -1.20447370e+04  1.95e-01 8.77e-15  2.36e-01     3s
   5   1.28110181e+02 -2.51274434e+03  2.08e-02 1.71e-15  4.92e-02     3s
   6   7.49478011e+01 -8.71590763e+02  5.18e-03 6.66e-16  1.75e-02     3s
   7   3.41695224e+01 -3.62899515e+02  1.74e-03 4.44e-16  7.35e-03     3s
   8   1.05424629e+01 -1.02273263e+02  3.04e-04 4.44e-16  2.09e-03     3s
   9   4.15288116e+00 -3.20004967e+01  7.72e-05 4.44e-16  6.68e-04     3s
  10   6.40171935e-01 -7.15238684e+00  3.83e-06 4.44e-16  1.44e-04     3s
  11   8.57744312e-02 -1.07568907e+00  3.19e-07 4.44e-16  2.15e-05     3s
  12   1.39963377e-02 -6.64846474e-02  3.41e-08 4.44e-16  1.49e-06     3s
  13   1.89205190e-03 -7.32498933e-03  4.52e-09 4.44e-16  1.70e-07     3s
  14   8.27283322e-05 -3.21141315e-04  1.83e-10 8.88e-16  7.46e-09     3s
  15   3.08872927e-08 -6.83031658e-08  1.33e-11 4.44e-16  1.83e-12     3s

Barrier solved model in 15 iterations and 3.40 seconds (3.04 work units)
Optimal objective 3.08872927e-08


Root relaxation: objective 1.023182e-12, 4065 iterations, 1.16 seconds (1.01 work units)
Total elapsed time = 6.79s

    Nodes    |    Current Node    |     Objective Bounds      |     Work
 Expl Unexpl |  Obj  Depth IntInf | Incumbent    BestBd   Gap | It/Node Time

     0     0    0.00000    0   18    0.30253    0.00000   100%     -    7s
H    0     0                       0.2450990    0.00000   100%     -    8s
     0     0    0.00000    0   52    0.24510    0.00000   100%     -    9s
H    0     0                       0.2217565    0.00000   100%     -    9s
H    0     0                       0.2208604    0.00000   100%     -   11s
     0     0    0.00000    0   65    0.22086    0.00000   100%     -   11s
     0     0    0.00000    0    8    0.22086    0.00000   100%     -   14s
     0     0    0.00000    0    8    0.22086    0.00000   100%     -   15s
     0     0    0.00000    0   11    0.22086    0.00000   100%     -   16s
     0     0    0.00000    0   10    0.22086    0.00000   100%     -   17s
     0     0    0.00000    0    8    0.22086    0.00000   100%     -   17s
H    0     0                       0.1216680    0.00000   100%     -   18s
     0     0    0.00000    0    8    0.12167    0.00000   100%     -   18s
     0     0    0.00000    0    8    0.12167    0.00000   100%     -   18s
     0     0    0.00000    0    8    0.12167    0.00000   100%     -   19s
     0     0    0.00000    0    8    0.12167    0.00000   100%     -   19s
     0     0    0.00000    0    8    0.12167    0.00000   100%     -   19s
     0     0    0.00000    0    8    0.12167    0.00000   100%     -   19s
     0     0    0.00000    0    8    0.12167    0.00000   100%     -   20s
     0     2    0.00000    0    8    0.12167    0.00000   100%     -   21s
     1     4    0.00883    1  119    0.12167    0.00000   100%  9460   27s
     3     6 infeasible    2         0.12167    0.00000   100%  3179   30s
    13    17    0.00000    4    3    0.12167    0.00000   100%  2125   39s
*   19    17               4       0.0000000    0.00000  0.00%  2147   39s

Cutting planes:
  Learned: 2
  Gomory: 1
  Cover: 15
  Implied bound: 192
  Clique: 1
  MIR: 115
  RLT: 7
  Relax-and-lift: 2
  BQP: 1

Explored 25 nodes (75018 simplex iterations) in 39.30 seconds (65.56 work units)
Thread count was 32 (of 128 available processors)

Solution count 6: 5.68434e-13 0.121668 0.22086 ... 0.302526

Optimal solution found (tolerance 5.00e-03)
Best objective 5.684341886081e-13, best bound 5.684341886081e-13, gap 0.0000%


*********************************************
*********************************************


