Set parameter TokenServer to value "license02.tacc.utexas.edu"
Set parameter LogFile to value "/work/07346/ashukla/ls6/Norta_Results/norta_sm_16_2/0M"
Set parameter MIPGap to value 0.005
Set parameter TimeLimit to value 32400
Set parameter Method to value 2
Gurobi Optimizer version 10.0.2 build v10.0.2rc0 (linux64)

CPU model: AMD EPYC 7763 64-Core Processor, instruction set [SSE2|AVX|AVX2]
Thread count: 128 physical cores, 128 logical processors, using up to 32 threads

Optimize a model with 211803 rows, 77908 columns and 590120 nonzeros
Model fingerprint: 0x8b91731f
Variable types: 55968 continuous, 21940 integer (21578 binary)
Coefficient statistics:
  Matrix range     [1e-03, 1e+05]
  Objective range  [6e-02, 6e-02]
  Bounds range     [1e+00, 3e+00]
  RHS range        [1e-02, 2e+04]
Presolve removed 210924 rows and 76730 columns
Presolve time: 1.56s
Presolved: 879 rows, 1178 columns, 4004 nonzeros
Variable types: 1030 continuous, 148 integer (148 binary)
Found heuristic solution: objective 68.7163672
Root barrier log...

Ordering time: 0.00s

Barrier statistics:
 AA' NZ     : 4.671e+03
 Factor NZ  : 2.122e+04 (roughly 1 MB of memory)
 Factor Ops : 1.015e+06 (less than 1 second per iteration)
 Threads    : 1

                  Objective                Residual
Iter       Primal          Dual         Primal    Dual     Compl     Time
   0  -1.79441000e+03 -8.03539466e+03  1.55e+02 2.00e-01  3.47e+01     2s
   1  -2.45543582e+01 -4.29827548e+03  7.02e+00 3.46e-02  3.37e+00     2s
   2   5.02256916e+01 -4.95935399e+02  6.76e-01 9.19e-05  3.29e-01     2s
   3   5.49400903e+01 -3.13100433e-01  5.57e-02 1.33e-15  2.91e-02     2s
   4   4.95808479e+01  3.79075713e+01  1.45e-03 6.66e-16  5.79e-03     2s
   5   4.75963501e+01  4.35586356e+01  2.40e-04 4.44e-16  2.00e-03     2s
   6   4.70937184e+01  4.50475322e+01  5.49e-05 2.22e-16  1.01e-03     2s
   7   4.69092621e+01  4.59939318e+01  6.13e-06 4.44e-16  4.52e-04     2s
   8   4.68848956e+01  4.65566560e+01  3.74e-06 4.44e-16  1.62e-04     2s
   9   4.68643731e+01  4.67122979e+01  1.10e-06 2.22e-16  7.51e-05     2s
  10   4.68504583e+01  4.68372022e+01  2.93e-07 2.22e-16  6.55e-06     2s
  11   4.68448142e+01  4.68440073e+01  1.70e-10 3.92e-16  3.98e-07     2s
  12   4.68447136e+01  4.68447006e+01  1.12e-09 4.44e-16  6.44e-09     2s
  13   4.68447090e+01  4.68447090e+01  4.98e-11 4.50e-16  9.90e-15     2s

Barrier solved model in 13 iterations and 1.67 seconds (1.73 work units)
Optimal objective 4.68447090e+01


Root relaxation: objective 4.684471e+01, 21 iterations, 0.02 seconds (0.02 work units)

    Nodes    |    Current Node    |     Objective Bounds      |     Work
 Expl Unexpl |  Obj  Depth IntInf | Incumbent    BestBd   Gap | It/Node Time

     0     0   46.84471    0    3   68.71637   46.84471  31.8%     -    1s
H    0     0                      46.8636771   46.84471  0.04%     -    1s

Explored 1 nodes (21 simplex iterations) in 1.69 seconds (1.74 work units)
Thread count was 32 (of 128 available processors)

Solution count 2: 46.8637 68.7164 

Optimal solution found (tolerance 5.00e-03)
Best objective 4.686367714764e+01, best bound 4.684470902102e+01, gap 0.0405%


*********************************************
*********************************************


Set parameter LogFile to value "/work/07346/ashukla/ls6/Norta_Results/norta_sm_16_2/20M"
Gurobi Optimizer version 10.0.2 build v10.0.2rc0 (linux64)

CPU model: AMD EPYC 7763 64-Core Processor, instruction set [SSE2|AVX|AVX2]
Thread count: 128 physical cores, 128 logical processors, using up to 32 threads

Optimize a model with 211803 rows, 77908 columns and 590120 nonzeros
Model fingerprint: 0x165bf9f9
Variable types: 55968 continuous, 21940 integer (21578 binary)
Coefficient statistics:
  Matrix range     [1e-03, 1e+05]
  Objective range  [6e-02, 6e-02]
  Bounds range     [1e+00, 3e+00]
  RHS range        [1e-02, 2e+07]

MIP start from previous solve produced solution with objective 46.8637 (0.64s)
MIP start from previous solve produced solution with objective 46.8637 (0.64s)
Loaded MIP start from previous solve with objective 46.8637

Presolve removed 175972 rows and 50566 columns
Presolve time: 1.78s
Presolved: 35831 rows, 27342 columns, 129207 nonzeros
Variable types: 23684 continuous, 3658 integer (3594 binary)
Root barrier log...

Ordering time: 0.30s

Barrier statistics:
 Dense cols : 60
 AA' NZ     : 4.038e+05
 Factor NZ  : 3.321e+06 (roughly 50 MB of memory)
 Factor Ops : 1.569e+09 (less than 1 second per iteration)
 Threads    : 32

                  Objective                Residual
Iter       Primal          Dual         Primal    Dual     Compl     Time
   0  -6.13603338e+05 -2.85012892e+05  2.94e+04 1.68e-01  6.50e+02     3s
   1  -3.63306524e+05 -3.09916943e+05  1.71e+04 4.88e-01  3.83e+02     3s
   2  -1.46546128e+05 -3.71313729e+05  6.50e+03 1.24e-13  1.61e+02     3s
   3  -1.00165547e+04 -3.12932929e+05  4.46e+02 4.56e-13  1.53e+01     3s
   4  -2.85215043e+03 -1.43464269e+05  1.28e+02 7.09e-14  4.74e+00     3s
   5  -1.08408370e+03 -8.14919013e+04  5.78e+01 3.52e-14  2.11e+00     3s
   6  -4.67216613e+02 -3.49039027e+04  2.92e+01 1.20e-14  8.38e-01     3s
   7  -9.01793932e+01 -1.54622664e+04  1.13e+01 4.03e-15  3.24e-01     3s
   8   1.32674727e+02 -2.46108188e+03  5.90e-02 5.30e-15  4.16e-02     3s
   9   8.28341903e+01 -4.24969618e+02  2.24e-03 1.33e-15  7.80e-03     3s
  10   5.29267111e+01 -1.35392328e+02  8.30e-04 4.44e-16  2.89e-03     3s
  11   3.59457913e+01 -7.74706347e+01  4.15e-04 4.44e-16  1.74e-03     3s
  12   2.69611364e+01 -4.72158539e+01  2.39e-04 4.44e-16  1.14e-03     3s
  13   2.13436891e+01 -3.27487403e+01  1.46e-04 4.44e-16  8.29e-04     3s
  14   1.76449683e+01 -2.44517008e+01  8.72e-05 4.44e-16  6.45e-04     3s
  15   1.56551412e+01 -1.49751067e+01  5.82e-05 4.44e-16  4.69e-04     3s
  16   1.36556760e+01 -4.39710363e+00  3.01e-05 4.44e-16  2.77e-04     3s
  17   1.26655610e+01  2.89569447e+00  1.92e-05 8.41e-16  1.50e-04     3s
  18   1.20646884e+01  5.48597087e+00  1.32e-05 5.08e-16  1.01e-04     3s
  19   1.15432328e+01  7.11544247e+00  8.10e-06 2.90e-16  6.79e-05     3s
  20   1.14424444e+01  7.85974505e+00  7.01e-06 4.44e-16  5.49e-05     3s
  21   1.12459762e+01  8.60177400e+00  5.25e-06 2.22e-16  4.05e-05     3s
  22   1.10652565e+01  9.16000027e+00  3.59e-06 4.44e-16  2.92e-05     3s
  23   1.08799799e+01  9.55895085e+00  1.85e-06 4.44e-16  2.02e-05     3s
  24   1.07912839e+01  1.00564408e+01  1.09e-06 4.44e-16  1.13e-05     3s
  25   1.07361384e+01  1.02433283e+01  6.67e-07 4.44e-16  7.55e-06     4s
  26   1.07136427e+01  1.03449098e+01  4.88e-07 2.22e-16  5.65e-06     4s
  27   1.06903224e+01  1.04475357e+01  3.07e-07 4.44e-16  3.72e-06     4s
  28   1.06731766e+01  1.05687170e+01  1.79e-07 7.13e-16  1.60e-06     4s
  29   1.06631877e+01  1.05973011e+01  1.06e-07 7.85e-16  1.01e-06     4s
  30   1.06562845e+01  1.06171295e+01  5.79e-08 5.44e-16  6.00e-07     4s
  31   1.06537025e+01  1.06294042e+01  4.05e-08 4.70e-16  3.72e-07     4s
  32   1.06513332e+01  1.06390342e+01  2.46e-08 4.80e-16  1.88e-07     4s
  33   1.06489950e+01  1.06440122e+01  9.32e-09 4.44e-16  7.64e-08     4s
  34   1.06482445e+01  1.06460161e+01  4.46e-09 5.84e-16  3.42e-08     4s
  35   1.06479605e+01  1.06466880e+01  2.63e-09 4.44e-16  1.95e-08     4s
  36   1.06477751e+01  1.06473374e+01  1.48e-09 1.14e-15  6.71e-09     4s
  37   1.06475765e+01  1.06474905e+01  8.38e-10 7.82e-14  1.32e-09     4s
  38   1.06475249e+01  1.06475214e+01  7.80e-10 4.42e-14  5.44e-11     4s

Barrier solved model in 38 iterations and 3.78 seconds (3.68 work units)
Optimal objective 1.06475249e+01


Root relaxation: objective 1.064752e+01, 5203 iterations, 2.35 seconds (2.78 work units)
Total elapsed time = 7.94s

    Nodes    |    Current Node    |     Objective Bounds      |     Work
 Expl Unexpl |  Obj  Depth IntInf | Incumbent    BestBd   Gap | It/Node Time

     0     0   10.64752    0  609   46.86368   10.64752  77.3%     -    8s
H    0     0                      26.6010727   10.64752  60.0%     -   11s
     0     0   11.79726    0  629   26.60107   11.79726  55.7%     -   25s
H    0     0                      19.6868919   11.79726  40.1%     -   27s
H    0     0                      19.6868919   11.79726  40.1%     -   29s
H    0     0                      18.2121307   11.86861  34.8%     -   31s
H    0     0                      18.1964080   11.86861  34.8%     -   31s
     0     0   11.86861    0  591   18.19641   11.86861  34.8%     -   31s
     0     0   11.87181    0  570   18.19641   11.87181  34.8%     -   32s
     0     0   11.87195    0  610   18.19641   11.87195  34.8%     -   32s
     0     0   12.01221    0  795   18.19641   12.01221  34.0%     -   39s
     0     0   12.03979    0  779   18.19641   12.03979  33.8%     -   43s
     0     0   12.04373    0  756   18.19641   12.04373  33.8%     -   43s
     0     0   12.04373    0  755   18.19641   12.04373  33.8%     -   44s
     0     0   12.09687    0  704   18.19641   12.09687  33.5%     -   49s
     0     0   12.09718    0  703   18.19641   12.09718  33.5%     -   54s
     0     0   12.09830    0  703   18.19641   12.09830  33.5%     -   54s
     0     0   12.10060    0  732   18.19641   12.10060  33.5%     -   54s
     0     0   12.10063    0  716   18.19641   12.10063  33.5%     -   55s
     0     0   12.10991    0  569   18.19641   12.10991  33.4%     -   56s
     0     0   12.10996    0  556   18.19641   12.10996  33.4%     -   57s
     0     0   12.11037    0  725   18.19641   12.11037  33.4%     -   58s
     0     0   12.11260    0  721   18.19641   12.11260  33.4%     -   59s
     0     0   12.11266    0  721   18.19641   12.11266  33.4%     -   59s
     0     0   12.11273    0  578   18.19641   12.11273  33.4%     -   60s
     0     0   12.11275    0  531   18.19641   12.11275  33.4%     -   63s
     0     0   12.11275    0  531   18.19641   12.11275  33.4%     -   63s
     0     0   12.11275    0  406   18.19641   12.11275  33.4%     -   70s
     0     2   12.11275    0  406   18.19641   12.11275  33.4%     -   77s
     1     4   12.37643    1  586   18.19641   12.11275  33.4%  5447   81s
     3     8   12.66768    2  574   18.19641   12.28298  32.5%  5013   87s
     7    16   12.75298    3  562   18.19641   12.35006  32.1%  3826   94s
    15    32   12.91541    4  736   18.19641   12.35438  32.1%  4020  101s
    31    64   12.94051    5  571   18.19641   12.40179  31.8%  4803  123s
H   35    64                      17.1307143   12.40179  27.6%  5104  123s
H   43    64                      16.2129243   12.40179  23.5%  5358  123s
    63    96   12.96650    6  495   16.21292   12.42995  23.3%  5255  156s
H   95   128                      16.2129243   12.42995  23.3%  4516  163s
H   97   128                      16.1821552   12.42995  23.2%  4449  163s
   127   160   13.01590    8  482   16.18216   12.42995  23.2%  3937  169s
H  159   192                      16.0936920   12.42995  22.8%  3524  183s
H  163   192                      16.0921193   12.42995  22.8%  3547  183s
H  166   192                      16.0259036   12.42995  22.4%  3540  183s
H  180   192                      16.0239304   12.42995  22.4%  3384  183s
   191   237   13.13270   10  462   16.02393   12.42995  22.4%  3307  189s
   236   272   13.13931   11  461   16.02393   12.42995  22.4%  2972  198s
   271   320   13.15669   13  345   16.02393   12.42995  22.4%  2819  203s
   319   374   13.19816   15  412   16.02393   12.42995  22.4%  2621  210s
   373   445   13.22868   17  450   16.02393   12.42995  22.4%  2440  217s
   444   517   13.25811   19  425   16.02393   12.42995  22.4%  2219  224s
   516   600   13.28539   21  340   16.02393   12.42995  22.4%  2050  230s
   601   686   13.29185   25  273   16.02393   12.42995  22.4%  1862  237s
   689   777   13.69377   29  279   16.02393   12.42995  22.4%  1721  243s
   783   862   13.34051   29  268   16.02393   12.42995  22.4%  1594  254s
   870   929   13.46608   30  198   16.02393   12.42995  22.4%  1579  260s
   949  1013   13.73006   32  211   16.02393   12.42995  22.4%  1542  267s
  1041  1097   13.80543   34  171   16.02393   12.42995  22.4%  1484  271s
H 1053  1097                      15.8145891   12.42995  21.4%  1478  271s
  1131  1187   13.87860   36  197   15.81459   12.42995  21.4%  1416  279s
  1237  1275   14.31637   39  204   15.81459   12.42995  21.4%  1389  284s
  1350  1396   14.15336   40  325   15.81459   12.42995  21.4%  1343  292s
  1494  1499   14.45247   42  310   15.81459   12.42995  21.4%  1280  300s
  1632  1599   14.43531   45  305   15.81459   12.42995  21.4%  1248  312s
  1756  1727   14.68232   48  420   15.81459   12.42995  21.4%  1234  319s
  1902  1893   15.26881   56  265   15.81459   12.42995  21.4%  1194  324s
  2088  2045   15.62216   61  239   15.81459   12.42995  21.4%  1140  330s
  2282  2162   15.68591   67  139   15.81459   12.45586  21.2%  1094  338s
H 2288  1860                      14.8794656   12.45586  16.3%  1095  338s
  2441  1756   13.24638    7  389   14.87947   12.45586  16.3%  1068  353s
H 2457  1756                      14.8627654   12.45586  16.2%  1064  353s
H 2557  1755                      14.4077672   12.45586  13.5%  1086  516s
H 2592  1755                      14.2497752   12.45586  12.6%  1086  516s
H 2606  1734                      14.2466733   12.45586  12.6%  1095  602s
H 2607  1734                      14.1921344   12.45586  12.2%  1095  602s
H 2613  1734                      14.1911402   12.45586  12.2%  1098  602s
H 2621  1734                      14.1801670   12.45586  12.2%  1100  602s
H 2657  1734                      14.1418217   12.45586  11.9%  1099  602s
  2669  1825   12.94098    9  221   14.14182   12.45586  11.9%  1099  614s
  2783  1855   13.08142   12  327   14.14182   12.45586  11.9%  1122  623s
H 2960  1195                      14.1399658   12.45586  11.9%  1115  876s
  2961  1196   13.55498   36  406   14.13997   12.45586  11.9%  1115  904s
  2963  1197   13.58835   29  584   14.13997   12.45586  11.9%  1114  915s
  2964  1198   13.65159   14  524   14.13997   12.45586  11.9%  1114  939s
  2965  1199   13.16459   22  513   14.13997   12.45586  11.9%  1113  946s
  2966  1199   12.92413    9  519   14.13997   12.45586  11.9%  1113  950s
  2968  1201   13.57418   18  483   14.13997   12.45586  11.9%  1112  966s
  2970  1202   13.74193   33  484   14.13997   12.45586  11.9%  1111  983s
  2971  1203   13.51886   31  478   14.13997   12.45586  11.9%  1111  985s
  2972  1203   14.11241   27  444   14.13997   12.45586  11.9%  1111  997s
  2974  1205   13.68484   19  447   14.13997   12.45586  11.9%  1110 1006s
  2976  1206   13.39500   18  443   14.13997   12.45586  11.9%  1109 1013s
  2977  1207   13.39651   17  445   14.13997   12.45586  11.9%  1109 1015s
  2978  1207   13.43331   21  447   14.13997   12.45586  11.9%  1108 1021s
  2979  1208   13.47486   26  447   14.13997   12.45586  11.9%  1108 1027s
  2980  1209   12.91899    9  447   14.13997   12.45586  11.9%  1108 1033s
  2981  1212   12.46221   13  499   14.13997   12.45586  11.9%  28.4 1042s
  2983  1216   13.09310   14  514   14.13997   12.45586  11.9%  31.2 1053s
  2987  1222   13.17423   15  667   14.13997   12.45586  11.9%  38.6 1062s
  2995  1236   13.28768   16  628   14.13997   12.45586  11.9%  56.5 1073s
  3011  1262   13.34260   17  608   14.13997   12.45586  11.9%  77.5 1093s
  3043  1284   13.60014   18  661   14.13997   12.45586  11.9%   146 1109s
  3075  1305   13.67907   18  667   14.13997   12.45586  11.9%   210 1122s
  3107  1326   13.80912   19  627   14.13997   12.45586  11.9%   254 1130s
  3139  1348   13.89673   19  597   14.13997   12.45586  11.9%   292 1140s
H 3171  1308                      14.1398211   12.45586  11.9%   323 1156s
  3203  1327     cutoff   20        14.13982   12.50933  11.5%   361 1171s
  3235  1360   13.84433   21  650   14.13982   12.50933  11.5%   388 1182s
  3282  1381   14.05929   21  369   14.13982   12.50933  11.5%   418 1191s
  3319  1414   14.07099   22  343   14.13982   12.50933  11.5%   434 1199s
  3368  1448     cutoff   23        14.13982   12.50933  11.5%   460 1209s
  3426  1480   14.10333   23  355   14.13982   12.50933  11.5%   481 1216s
  3491  1507   14.10501   24  308   14.13982   12.50933  11.5%   501 1254s
  3561  1529     cutoff   26        14.13982   12.50933  11.5%   531 1285s
  3638  1518 infeasible   27        14.13982   12.50933  11.5%   557 1431s
H 3640  1460                      13.8625885   12.50933  9.76%   557 1431s
H 3651  1401                      13.7218644   12.50933  8.84%   559 1431s
  3673  1359     cutoff   25        13.72186   12.54636  8.57%   568 1552s
H 3674  1306                      13.6924166   12.54636  8.37%   568 1552s
H 3678  1256                      13.6513215   12.55362  8.04%   569 1552s
H 3679  1209                      13.6135009   12.55362  7.79%   569 1552s
  3761  1202   13.17235   19  628   13.61350   12.55362  7.79%   589 1565s
  3838  1204   13.23445   20  575   13.61350   12.55362  7.79%   631 1578s
  3909  1226   13.23727   21  583   13.61350   12.56108  7.73%   674 1590s
  3993  1212   13.45488   22  504   13.61350   12.56108  7.73%   706 1607s
  4068  1219   13.57327   23  322   13.61350   12.56108  7.73%   734 1621s
  4165  1203   13.60109   22  619   13.61350   12.56108  7.73%   763 1635s
  4258  1203   13.58255   24  322   13.61350   12.56108  7.73%   794 1650s
  4352  1208     cutoff   24        13.61350   12.58209  7.58%   828 1663s
  4466  1183   12.99267   20  515   13.61350   12.58209  7.58%   864 1678s
  4556  1197   13.15475   21  472   13.61350   12.58209  7.58%   898 1693s
  4682  1171   13.56779   24  452   13.61350   12.58209  7.58%   923 1729s
H 4685  1125                      13.6131147   12.58209  7.57%   924 1729s
  4756  1142     cutoff   25        13.61311   12.58209  7.57%   941 1745s
  4884  1168     cutoff   24        13.61311   12.58209  7.57%   968 1759s
  5044  1152   13.34610   23  224   13.61311   12.58209  7.57%   988 1775s
  5214  1158   13.55113   28  274   13.61311   12.58209  7.57%  1006 1792s
  5396  1165     cutoff   29        13.61311   12.75551  6.30%  1030 1812s
  5573  1175   13.15740   21  412   13.61311   12.75551  6.30%  1050 1830s
  5760  1193     cutoff   24        13.61311   12.75551  6.30%  1074 1873s
H 5761  1193                      13.6131122   12.75551  6.30%  1073 1873s
H 5791  1193                      13.6131122   12.75551  6.30%  1084 1873s
  5815  1239   13.53556   24  269   13.61311   12.77893  6.13%  1090 1893s
  6018  1274   13.10222   23  519   13.61311   12.77893  6.13%  1110 1910s
  6208  1327   13.60929   25  390   13.61311   12.77893  6.13%  1135 1929s
  6400  1377   13.51870   26  401   13.61311   12.77893  6.13%  1162 1976s
  6602  1432   13.47281   26  389   13.61311   12.98835  4.59%  1193 1999s
  6833  1474   13.08377   24  302   13.61311   12.98835  4.59%  1216 2034s
H 6840  1474                      13.6130030   12.98835  4.59%  1216 2034s
H 6844  1474                      13.6129891   12.98835  4.59%  1216 2034s
  6955  1543   13.37628   31  169   13.61299   13.00828  4.44%  1231 2058s
  7238  1599   13.44071   22  337   13.61299   13.00828  4.44%  1249 2082s
  7529  1645     cutoff   23        13.61299   13.03857  4.22%  1277 2103s
  7885  1664     cutoff   26        13.61299   13.08026  3.91%  1289 2136s
H 7887  1664                      13.6129816   13.08026  3.91%  1289 2136s
H 7973  1664                      13.6129816   13.08026  3.91%  1296 2136s
  8018  1726   13.34094   22  325   13.61298   13.08026  3.91%  1302 2167s
  8368  1750   13.40118   32  344   13.61298   13.09903  3.78%  1325 2190s
  8704  1722   13.57929   32  344   13.61298   13.11429  3.66%  1345 2219s
  9042  1797     cutoff   25        13.61298   13.14371  3.45%  1368 2294s
  9400  1871     cutoff   27        13.61298   13.14802  3.42%  1394 2325s
  9736  1896     cutoff   27        13.61298   13.16749  3.27%  1417 2355s
 10072  1982   13.35368   28  355   13.61298   13.18288  3.16%  1440 2393s
 10503  2010     cutoff   37        13.61298   13.19437  3.08%  1458 2440s
H10504  2010                      13.6129813   13.19437  3.08%  1458 2440s
H10722  2010                      13.6129813   13.20244  3.02%  1468 2440s
 10766  2042     cutoff   34        13.61298   13.20424  3.00%  1470 2474s
 11181  2066   13.48606   33  380   13.61298   13.22177  2.87%  1492 2507s
 11668  2119   13.52662   36  243   13.61298   13.23610  2.77%  1510 2539s
 12173  2105     cutoff   26        13.61298   13.25224  2.65%  1513 2579s
 12716  2104     cutoff   22        13.61298   13.26759  2.54%  1532 2659s
 13225  2053     cutoff   22        13.61298   13.27455  2.49%  1552 2700s
 13710  2028     cutoff   32        13.61298   13.28468  2.41%  1575 2745s
H13723  2028                      13.6129810   13.29106  2.36%  1577 2745s
 14128  1955     cutoff   29        13.61298   13.30237  2.28%  1591 2786s
 14661  1887     cutoff   29        13.61298   13.32182  2.14%  1618 2867s
 15291  1809     cutoff   30        13.61298   13.34140  2.00%  1638 2913s
 15894  1733     cutoff   28        13.61298   13.35434  1.90%  1659 2967s
H16262  1733                      13.6129810   13.36678  1.81%  1662 2967s
 16515  1580     cutoff   23        13.61298   13.37394  1.76%  1664 3013s
 17220  1364     cutoff   28        13.61298   13.39081  1.63%  1677 3096s
 17825  1120     cutoff   27        13.61298   13.41019  1.49%  1708 3144s
 18556   800     cutoff   43        13.61298   13.43954  1.27%  1728 3194s
 19412   417   13.53705   31  391   13.61298   13.46448  1.09%  1742 3256s
 20107    13     cutoff   34        13.61298   13.50373  0.80%  1756 3312s
 20653     0     cutoff   27        13.61298   13.53119  0.60%  1765 3316s

Cutting planes:
  Learned: 8
  Gomory: 48
  Cover: 225
  Implied bound: 904
  Projected implied bound: 44
  Clique: 16
  MIR: 937
  StrongCG: 6
  Flow cover: 2128
  Zero half: 10
  RLT: 109
  Relax-and-lift: 135
  BQP: 19
  PSD: 9

Explored 20666 nodes (39824861 simplex iterations) in 3316.32 seconds (7794.23 work units)
Thread count was 32 (of 128 available processors)

Solution count 10: 13.613 13.613 13.613 ... 13.6131

Optimal solution found (tolerance 5.00e-03)
Best objective 1.361298097605e+01, best bound 1.361298097605e+01, gap 0.0000%


*********************************************
*********************************************


Set parameter LogFile to value "/work/07346/ashukla/ls6/Norta_Results/norta_sm_16_2/40M"
Gurobi Optimizer version 10.0.2 build v10.0.2rc0 (linux64)

CPU model: AMD EPYC 7763 64-Core Processor, instruction set [SSE2|AVX|AVX2]
Thread count: 128 physical cores, 128 logical processors, using up to 32 threads

Optimize a model with 211803 rows, 77908 columns and 590120 nonzeros
Model fingerprint: 0xe9998cd0
Variable types: 55968 continuous, 21940 integer (21578 binary)
Coefficient statistics:
  Matrix range     [1e-03, 1e+05]
  Objective range  [6e-02, 6e-02]
  Bounds range     [1e+00, 3e+00]
  RHS range        [1e-02, 4e+07]

MIP start from previous solve produced solution with objective 13.613 (0.70s)
MIP start from previous solve produced solution with objective 13.613 (0.71s)
Loaded MIP start from previous solve with objective 13.613

Presolve removed 175972 rows and 50566 columns
Presolve time: 1.86s
Presolved: 35831 rows, 27342 columns, 129207 nonzeros
Variable types: 23684 continuous, 3658 integer (3594 binary)
Root barrier log...

Ordering time: 0.31s

Barrier statistics:
 Dense cols : 60
 AA' NZ     : 4.038e+05
 Factor NZ  : 3.321e+06 (roughly 50 MB of memory)
 Factor Ops : 1.569e+09 (less than 1 second per iteration)
 Threads    : 32

                  Objective                Residual
Iter       Primal          Dual         Primal    Dual     Compl     Time
   0  -4.69959015e+05 -2.85013068e+05  2.25e+04 1.68e-01  4.99e+02     3s
   1  -2.70387989e+05 -3.07935778e+05  1.26e+04 5.49e-01  2.89e+02     3s
   2  -6.40496969e+04 -3.81905832e+05  2.51e+03 1.10e-13  7.60e+01     3s
   3  -1.01070220e+04 -2.87067526e+05  5.43e+01 8.33e-14  1.50e+01     3s
   4  -8.45436283e+02 -1.31911938e+05  5.63e+00 4.04e-14  2.92e+00     3s
   5  -4.05419273e+02 -8.19780804e+04  3.29e+00 2.35e-14  1.66e+00     3s
   6   1.30509765e+02 -2.09232118e+04  3.33e-01 4.37e-15  3.43e-01     3s
   7   1.52814058e+02 -3.50614144e+03  2.38e-02 1.55e-15  5.65e-02     3s
   8   7.95029656e+01 -6.63289247e+02  1.30e-03 8.88e-16  1.14e-02     3s
   9   3.15201047e+01 -1.45166023e+02  3.45e-04 4.44e-16  2.71e-03     3s
  10   1.42848993e+01 -4.78171626e+01  8.54e-05 4.44e-16  9.52e-04     3s
  11   8.97833399e+00 -1.36956175e+01  3.73e-05 4.44e-16  3.47e-04     3s
  12   7.03535168e+00 -4.03913252e+00  2.30e-05 4.44e-16  1.70e-04     3s
  13   5.66698429e+00 -2.11763669e-01  1.41e-05 4.44e-16  9.01e-05     3s
  14   4.49278229e+00  1.84441148e+00  6.51e-06 4.44e-16  4.06e-05     4s
  15   4.05454817e+00  2.39484501e+00  3.71e-06 4.44e-16  2.54e-05     4s
  16   3.89190965e+00  2.76391316e+00  2.75e-06 4.44e-16  1.73e-05     4s
  17   3.70815862e+00  3.12875450e+00  1.64e-06 2.22e-16  8.88e-06     4s
  18   3.61502166e+00  3.27964966e+00  1.01e-06 4.44e-16  5.14e-06     4s
  19   3.60351298e+00  3.34609944e+00  9.37e-07 2.22e-16  3.95e-06     4s
  20   3.57413236e+00  3.39213161e+00  7.38e-07 4.44e-16  2.79e-06     4s
  21   3.54631752e+00  3.41091424e+00  5.53e-07 2.22e-16  2.08e-06     4s
  22   3.51301686e+00  3.43086504e+00  3.35e-07 2.22e-16  1.26e-06     4s
  23   3.49316737e+00  3.44214271e+00  2.04e-07 4.44e-16  7.83e-07     4s
  24   3.48760695e+00  3.44803252e+00  1.64e-07 4.44e-16  6.07e-07     4s
  25   3.47694591e+00  3.45565839e+00  9.36e-08 4.44e-16  3.27e-07     4s
  26   3.47395693e+00  3.45828267e+00  7.14e-08 4.44e-16  2.40e-07     4s
  27   3.46866490e+00  3.45969101e+00  3.38e-08 2.22e-16  1.38e-07     4s
  28   3.46817343e+00  3.46046389e+00  3.09e-08 4.44e-16  1.18e-07     4s
  29   3.46556914e+00  3.46309239e+00  1.02e-08 4.44e-16  3.80e-08     4s
  30   3.46451996e+00  3.46394838e+00  2.32e-09 4.44e-16  8.77e-09     4s
  31   3.46438998e+00  3.46404995e+00  1.34e-09 3.38e-14  5.22e-09     4s
  32   3.46434234e+00  3.46411435e+00  9.85e-10 2.78e-15  3.50e-09     4s
  33   3.46428155e+00  3.46415353e+00  5.40e-10 4.02e-13  1.96e-09     4s
  34   3.46424368e+00  3.46417955e+00  2.64e-10 8.79e-13  9.84e-10     4s
  35   3.46421258e+00  3.46419191e+00  1.79e-10 3.99e-13  3.17e-10     4s
  36   3.46420777e+00  3.46419812e+00  3.25e-11 5.57e-13  1.48e-10     4s
  37   3.46420699e+00  3.46420461e+00  1.52e-10 2.71e-14  3.64e-11     4s

Barrier solved model in 37 iterations and 4.12 seconds (3.75 work units)
Optimal objective 3.46420699e+00


Root relaxation: objective 3.464207e+00, 4415 iterations, 2.34 seconds (2.22 work units)
Total elapsed time = 8.56s

    Nodes    |    Current Node    |     Objective Bounds      |     Work
 Expl Unexpl |  Obj  Depth IntInf | Incumbent    BestBd   Gap | It/Node Time

     0     0    3.46421    0  339   13.61298    3.46421  74.6%     -    9s
H    0     0                      10.6928763    4.11377  61.5%     -   34s
H    0     0                       6.9008235    4.11377  40.4%     -   34s
     0     0    4.11377    0  504    6.90082    4.11377  40.4%     -   34s
H    0     0                       6.8547232    4.11377  40.0%     -   38s
     0     0    4.16481    0  518    6.85472    4.16481  39.2%     -   39s
     0     0    4.16481    0  526    6.85472    4.16481  39.2%     -   40s
     0     0    4.19963    0  520    6.85472    4.19963  38.7%     -   47s
     0     0    4.20397    0  547    6.85472    4.20397  38.7%     -   52s
     0     0    4.20443    0  516    6.85472    4.20443  38.7%     -   52s
     0     0    4.20443    0  516    6.85472    4.20443  38.7%     -   52s
     0     0    4.22999    0  498    6.85472    4.22999  38.3%     -   57s
H    0     0                       6.8323561    4.22999  38.1%     -   61s
     0     0    4.23074    0  502    6.83236    4.23074  38.1%     -   62s
     0     0    4.23074    0  501    6.83236    4.23074  38.1%     -   62s
     0     0    4.23523    0  531    6.83236    4.23523  38.0%     -   67s
     0     0    4.23657    0  527    6.83236    4.23657  38.0%     -   69s
     0     0    4.23681    0  536    6.83236    4.23681  38.0%     -   70s
     0     0    4.23686    0  533    6.83236    4.23686  38.0%     -   70s
     0     0    4.23787    0  501    6.83236    4.23787  38.0%     -   74s
     0     0    4.23787    0  500    6.83236    4.23787  38.0%     -   77s
     0     0    4.23787    0  499    6.83236    4.23787  38.0%     -   78s
     0     0    4.23787    0  499    6.83236    4.23787  38.0%     -   78s
     0     0    4.23787    0  498    6.83236    4.23787  38.0%     -   79s
     0     0    4.23787    0  499    6.83236    4.23787  38.0%     -   81s
     0     0    4.23787    0  435    6.83236    4.23787  38.0%     -   85s
     0     0    4.23787    0  437    6.83236    4.23787  38.0%     -   87s
     0     0    4.23787    0  436    6.83236    4.23787  38.0%     -   87s
     0     0    4.23787    0  427    6.83236    4.23787  38.0%     -   91s
     0     2    4.23787    0  427    6.83236    4.23787  38.0%     -   94s
     1     4    4.46140    1  543    6.83236    4.23787  38.0% 10974  105s
     3     8    4.57231    2  533    6.83236    4.25379  37.7%  4493  113s
     7    16    4.81571    3  509    6.83236    4.25501  37.7%  3797  121s
    15    32    4.89829    4  606    6.83236    4.25586  37.7%  3787  137s
    31    64    4.94142    5  652    6.83236    4.25765  37.7%  4321  163s
H   32    64                       6.8323561    4.25765  37.7%  4186  163s
H   33    64                       6.7779844    4.25765  37.2%  4139  163s
H   51    64                       6.7669110    4.25891  37.1%  4287  163s
    63    96    4.96029    6  637    6.76691    4.25891  37.1%  3951  203s
    95   126    4.97933    7  706    6.76691    4.25891  37.1%  4147  215s
   127   158    4.99291    8  688    6.76691    4.25891  37.1%  3764  223s
H  159   190                       6.6830866    4.25891  36.3%  3692  243s
H  160   190                       6.6530359    4.25891  36.0%  3694  243s
H  161   190                       6.6404901    4.25891  35.9%  3672  243s
H  169   190                       6.6349472    4.25891  35.8%  3563  243s
H  173   190                       6.6257308    4.25891  35.7%  3534  243s
H  178   190                       5.8019619    4.25891  26.6%  3490  243s
   191   222    5.02195   10  648    5.80196    4.25891  26.6%  3419  252s
   231   258    5.06277   11  523    5.80196    4.25891  26.6%  3286  268s
   273   294    5.07834   12  504    5.80196    4.25891  26.6%  3206  288s
H  309   326                       4.9072108    4.25891  13.2%  3202  471s
H  317   326                       4.8344732    4.25891  11.9%  3163  471s
   341   315     cutoff   14         4.83447    4.25891  11.9%  3067  572s
H  345   315                       4.8268697    4.25891  11.8%  3032  572s
H  353   315                       4.8266934    4.25891  11.8%  2982  572s
H  367   315                       4.8257719    4.25891  11.7%  2901  572s
H  368   315                       4.8241907    4.25891  11.7%  2898  572s
   394   364    4.36110   14  285    4.82419    4.25891  11.7%  2763  581s
   477   419    4.52244   17  233    4.82419    4.25891  11.7%  2591  591s
   563   492    4.66002   20  199    4.82419    4.25891  11.7%  2427  601s
   662   549    4.70937   22  230    4.82419    4.25891  11.7%  2297  610s
   765   625    4.77363   27  201    4.82419    4.25891  11.7%  2188  624s
   879   668     cutoff   32         4.82419    4.25891  11.7%  2068  636s
   998   722    4.81439   32  175    4.82419    4.25891  11.7%  1992  644s
  1105   761    4.73811   12  371    4.82419    4.25891  11.7%  1967  661s
  1189   798     cutoff   13         4.82419    4.25891  11.7%  2075  674s
  1281   902    4.58078   22  130    4.82419    4.25891  11.7%  2111  691s
H 1401   923                       4.8237600    4.25891  11.7%  2081  783s
H 1402   923                       4.8073062    4.25891  11.4%  2080  783s
H 1403   923                       4.7852463    4.25891  11.0%  2079  783s
H 1409   923                       4.7751156    4.25891  10.8%  2084  783s
H 1421   923                       4.7587900    4.25891  10.5%  2088  783s
  1434   994    4.60245   30   97    4.75879    4.25891  10.5%  2092  799s
  1580  1069    4.69664   34  103    4.75879    4.25891  10.5%  2056  813s
  1745  1175    4.72481   44   75    4.75879    4.25891  10.5%  2001  831s
  1914  1232    4.68513   47   76    4.75879    4.25891  10.5%  1956  847s
  2084  1294    4.69078   54   76    4.75879    4.25891  10.5%  1934  898s
  2251  1298     cutoff   61         4.75879    4.30717  9.49%  1939  917s
  2348  1313    4.47297    8  253    4.75879    4.30717  9.49%  2009  936s
  2462  1301    4.55410   14  141    4.75879    4.30717  9.49%  2085  957s
  2548  1312    4.71724   16  181    4.75879    4.30717  9.49%  2171  975s
  2643  1336     cutoff   20         4.75879    4.30717  9.49%  2246  992s
  2774  1358    4.58989   16  124    4.75879    4.30717  9.49%  2289 1014s
  2939  1408     cutoff   23         4.75879    4.30717  9.49%  2318 1035s
  3129  1514    4.54815   12  265    4.75879    4.30717  9.49%  2324 1060s
  3361  1575    4.58627   14  266    4.75879    4.30717  9.49%  2297 1083s
  3605  1631     cutoff   20         4.75879    4.34334  8.73%  2285 1101s
  3802  1711    4.56441    8  399    4.75879    4.34334  8.73%  2302 1122s
  4052  1693    4.70447   14  297    4.75879    4.34334  8.73%  2293 1142s
  4274  1673     cutoff   17         4.75879    4.34669  8.66%  2302 1168s
  4446  1692    4.63661   12  361    4.75879    4.44287  6.64%  2359 1193s
  4622  1717    4.72392   13  223    4.75879    4.44287  6.64%  2392 1215s
  4851  1681     cutoff   15         4.75879    4.44287  6.64%  2409 1237s
  5079  1713    4.71145   37   67    4.75879    4.46488  6.18%  2437 1261s
  5409  1751    4.60019   16  184    4.75879    4.46488  6.18%  2432 1285s
  5770  1782    4.67556   25  126    4.75879    4.53018  4.80%  2417 1315s
  6156  1824    4.58160   14  392    4.75879    4.53457  4.71%  2403 1340s
H 6369  1761                       4.7403544    4.53457  4.34%  2404 1340s
  6515  1755    4.73314   19  219    4.74035    4.54522  4.12%  2396 1370s
  6869  1751    4.58671   16  328    4.74035    4.55565  3.90%  2391 1400s
  7253  1759     cutoff   19         4.74035    4.56039  3.80%  2389 1430s
  7689  1722     cutoff   31         4.74035    4.59234  3.12%  2379 1460s
  8129  1671    4.72985   21   13    4.74035    4.59976  2.97%  2382 1500s
H 8388  1607                       4.7342781    4.61016  2.62%  2377 1500s
  8599  1554    4.63022   19  190    4.73428    4.61442  2.53%  2379 1540s
  9080  1504     cutoff   16         4.73428    4.62645  2.28%  2374 1571s
  9669  1452     cutoff   15         4.73428    4.63505  2.10%  2348 1603s
 10356  1264     cutoff   10         4.73428    4.64702  1.84%  2304 1636s
 10953  1071     cutoff   18         4.73428    4.65980  1.57%  2291 1672s
*11144  1071              59       4.7230460    4.66189  1.29%  2265 1672s
*11147  1071              57       4.7230456    4.66189  1.29%  2264 1672s
 11857   537     cutoff    8         4.72305    4.67561  1.00%  2219 1704s
*13017   537              56       4.7230403    4.68176  0.87%  2110 1704s
*13018   537              57       4.7230403    4.68176  0.87%  2110 1704s
*13019   537              55       4.7230399    4.68176  0.87%  2110 1704s
*13097   537              62       4.7057700    4.69649  0.20%  2099 1704s

Cutting planes:
  Learned: 7
  Gomory: 53
  Cover: 217
  Implied bound: 1752
  Clique: 81
  MIR: 628
  StrongCG: 3
  Flow cover: 248
  Zero half: 7
  Mod-K: 3
  RLT: 95
  Relax-and-lift: 187
  BQP: 2
  PSD: 2

Explored 13106 nodes (27544697 simplex iterations) in 1704.74 seconds (4118.32 work units)
Thread count was 32 (of 128 available processors)

Solution count 10: 4.70577 4.72304 4.72304 ... 4.77512

Optimal solution found (tolerance 5.00e-03)
Best objective 4.705770000001e+00, best bound 4.696487131628e+00, gap 0.1973%


*********************************************
*********************************************


Set parameter LogFile to value "/work/07346/ashukla/ls6/Norta_Results/norta_sm_16_2/60M"
Gurobi Optimizer version 10.0.2 build v10.0.2rc0 (linux64)

CPU model: AMD EPYC 7763 64-Core Processor, instruction set [SSE2|AVX|AVX2]
Thread count: 128 physical cores, 128 logical processors, using up to 32 threads

Optimize a model with 211803 rows, 77908 columns and 590120 nonzeros
Model fingerprint: 0x61ccfec6
Variable types: 55968 continuous, 21940 integer (21578 binary)
Coefficient statistics:
  Matrix range     [1e-03, 1e+05]
  Objective range  [6e-02, 6e-02]
  Bounds range     [1e+00, 3e+00]
  RHS range        [1e-02, 6e+07]

MIP start from previous solve produced solution with objective 4.70577 (0.70s)
MIP start from previous solve produced solution with objective 4.70577 (0.71s)
Loaded MIP start from previous solve with objective 4.70577

Presolve removed 175972 rows and 50566 columns
Presolve time: 1.76s
Presolved: 35831 rows, 27342 columns, 129207 nonzeros
Variable types: 23684 continuous, 3658 integer (3594 binary)
Root barrier log...

Ordering time: 0.30s

Barrier statistics:
 Dense cols : 60
 AA' NZ     : 4.038e+05
 Factor NZ  : 3.321e+06 (roughly 50 MB of memory)
 Factor Ops : 1.569e+09 (less than 1 second per iteration)
 Threads    : 32

                  Objective                Residual
Iter       Primal          Dual         Primal    Dual     Compl     Time
   0  -4.44469685e+05 -2.85013286e+05  2.12e+04 1.68e-01  4.72e+02     3s
   1  -2.54142991e+05 -2.95909262e+05  1.16e+04 5.55e-01  2.71e+02     3s
   2  -1.28991458e+05 -3.74122855e+05  3.98e+03 2.45e-13  1.41e+02     3s
   3  -1.71108941e+03 -2.74873036e+05  1.03e+01 1.18e-13  6.13e+00     3s
   4  -7.56421956e+01 -1.41847099e+05  1.61e+00 7.03e-14  2.40e+00     3s
   5   1.48004436e+02 -9.42132694e+04  3.09e-01 5.09e-14  1.48e+00     3s
   6   1.73953177e+02 -3.58950901e+04  8.08e-02 1.67e-14  5.57e-01     3s
   7   1.50456602e+02 -1.01949170e+04  8.43e-03 6.46e-15  1.59e-01     3s
   8   1.01938304e+02 -1.38302727e+03  1.91e-04 1.44e-15  2.27e-02     3s
   9   4.39609395e+01 -3.95022742e+02  3.05e-05 8.88e-16  6.72e-03     3s
  10   2.50823175e+01 -1.84833087e+02  1.22e-05 4.44e-16  3.21e-03     3s
  11   1.26913633e+01 -1.10779455e+02  3.99e-06 4.44e-16  1.89e-03     3s
  12   7.61763124e+00 -5.43043252e+01  1.72e-06 4.44e-16  9.48e-04     3s
  13   4.13806099e+00 -2.20561691e+01  6.64e-07 4.44e-16  4.01e-04     3s
  14   3.21641738e+00 -1.38049757e+01  4.81e-07 2.22e-16  2.61e-04     3s
  15   2.85066897e+00 -9.09777630e+00  4.09e-07 4.44e-16  1.83e-04     3s
  16   1.92535538e+00 -3.93486563e+00  2.39e-07 4.44e-16  8.97e-05     3s
  17   1.10591542e+00 -1.31090884e+00  1.11e-07 4.44e-16  3.70e-05     3s
  18   8.65887120e-01 -5.40040770e-01  7.78e-08 4.44e-16  2.15e-05     3s
  19   6.95161815e-01 -1.16867127e-01  5.26e-08 4.44e-16  1.24e-05     3s
  20   6.06432713e-01 -3.80035121e-02  3.94e-08 4.44e-16  9.87e-06     3s
  21   5.50078480e-01  5.71865300e-02  3.13e-08 4.44e-16  7.55e-06     3s
  22   4.96720149e-01  1.73574251e-01  2.41e-08 4.44e-16  4.95e-06     3s
  23   3.98649799e-01  2.23557345e-01  9.61e-09 4.44e-16  2.68e-06     4s
  24   3.67372599e-01  2.69295470e-01  5.17e-09 4.44e-16  1.50e-06     4s
  25   3.62801724e-01  2.83333871e-01  4.51e-09 4.44e-16  1.22e-06     4s
  26   3.47606079e-01  2.98873786e-01  2.33e-09 4.44e-16  7.46e-07     4s
  27   3.41100976e-01  3.05074382e-01  1.49e-09 4.44e-16  5.52e-07     4s
  28   3.39093476e-01  3.13985870e-01  1.19e-09 4.44e-16  3.85e-07     4s
  29   3.36128011e-01  3.20075694e-01  7.52e-10 4.44e-16  2.46e-07     4s
  30   3.34398436e-01  3.22917169e-01  5.09e-10 4.44e-16  1.76e-07     4s
  31   3.34138648e-01  3.23737693e-01  4.73e-10 4.44e-16  1.59e-07     4s
  32   3.33538693e-01  3.24040124e-01  3.91e-10 4.44e-16  1.45e-07     4s
  33   3.33023279e-01  3.25118750e-01  3.16e-10 4.44e-16  1.21e-07     4s
  34   3.32037764e-01  3.25557276e-01  1.82e-10 4.44e-16  9.92e-08     4s
  35   3.31589435e-01  3.28166421e-01  1.20e-10 4.44e-16  5.24e-08     4s
  36   3.31403683e-01  3.28660216e-01  9.53e-11 4.44e-16  4.20e-08     4s
  37   3.31005651e-01  3.29865726e-01  7.96e-11 4.44e-16  1.75e-08     4s
  38   3.30901560e-01  3.30217092e-01  5.58e-11 4.44e-16  1.05e-08     4s
  39   3.30811182e-01  3.30391180e-01  6.69e-10 4.44e-16  6.43e-09     4s
  40   3.30780865e-01  3.30493830e-01  5.09e-10 4.44e-16  4.40e-09     4s
  41   3.30741179e-01  3.30586798e-01  4.25e-10 4.44e-16  2.36e-09     4s
  42   3.30710607e-01  3.30615099e-01  9.30e-10 1.04e-15  1.46e-09     4s
  43   3.30696064e-01  3.30635050e-01  5.04e-10 6.89e-14  9.34e-10     4s
  44   3.30678493e-01  3.30672893e-01  1.90e-10 2.10e-14  8.58e-11     4s
  45   3.30676931e-01  3.30676261e-01  2.09e-10 2.32e-13  1.02e-11     4s

Barrier solved model in 45 iterations and 4.02 seconds (3.98 work units)
Optimal objective 3.30676931e-01


Root crossover log...

       0 PPushes remaining with PInf 2.2493384e+01                 5s

  Push phase complete: Pinf 2.2493384e+01, Dinf 5.7616465e-02      5s


Root simplex log...

Iteration    Objective       Primal Inf.    Dual Inf.      Time
    6466    3.3067787e-01   0.000000e+00   5.761647e-02      5s
    6910    3.3067671e-01   0.000000e+00   0.000000e+00      6s
    6915    3.3067671e-01   0.000000e+00   0.000000e+00      6s
Extra simplex iterations after uncrush: 5

Root relaxation: objective 3.306767e-01, 6915 iterations, 3.41 seconds (4.46 work units)

    Nodes    |    Current Node    |     Objective Bounds      |     Work
 Expl Unexpl |  Obj  Depth IntInf | Incumbent    BestBd   Gap | It/Node Time

     0     0    0.33068    0  250    4.70577    0.33068  93.0%     -   10s
H    0     0                       3.1126612    0.44519  85.7%     -   37s
H    0     0                       2.5781316    0.44519  82.7%     -   37s
     0     0    0.44519    0  305    2.57813    0.44519  82.7%     -   37s
H    0     0                       2.5540945    0.44519  82.6%     -   39s
     0     0    0.45345    0  302    2.55409    0.45345  82.2%     -   42s
     0     0    0.45743    0  305    2.55409    0.45743  82.1%     -   48s
     0     0    0.45808    0  276    2.55409    0.45808  82.1%     -   50s
     0     0    0.45992    0  264    2.55409    0.45992  82.0%     -   51s
H    0     0                       2.4829208    0.45992  81.5%     -   54s
     0     0    0.46146    0  286    2.48292    0.46146  81.4%     -   55s
     0     0    0.46209    0  281    2.48292    0.46209  81.4%     -   57s
     0     0    0.46239    0  276    2.48292    0.46239  81.4%     -   60s
     0     0    0.46239    0  275    2.48292    0.46239  81.4%     -   60s
H    0     0                       2.4662177    0.46239  81.3%     -   63s
H    0     0                       2.4580763    0.46239  81.2%     -   65s
     0     0    0.46239    0  275    2.45808    0.46239  81.2%     -   65s
     0     0    0.46239    0  275    2.45808    0.46239  81.2%     -   65s
     0     0    0.46239    0  274    2.45808    0.46239  81.2%     -   66s
     0     0    0.46246    0  186    2.45808    0.46246  81.2%     -   70s
     0     0    0.46246    0  191    2.45808    0.46246  81.2%     -   73s
     0     0    0.46246    0  190    2.45808    0.46246  81.2%     -   73s
     0     0    0.46246    0  190    2.45808    0.46246  81.2%     -   74s
     0     0    0.46246    0  190    2.45808    0.46246  81.2%     -   74s
     0     0    0.46246    0  190    2.45808    0.46246  81.2%     -   76s
     0     0    0.46246    0  176    2.45808    0.46246  81.2%     -   78s
     0     0    0.46246    0  174    2.45808    0.46246  81.2%     -   80s
     0     2    0.46246    0  169    2.45808    0.46246  81.2%     -   88s
     1     4    0.88650    1  187    2.45808    0.46246  81.2%  7274   94s
     3     8    0.92605    2  189    2.45808    0.46459  81.1%  4406  101s
     7    16    1.81770    3  205    2.45808    0.46568  81.1%  4783  109s
    15    32    1.81962    4  193    2.45808    0.46570  81.1%  3949  115s
    31    61    1.89465    5  196    2.45808    0.46655  81.0%  3606  191s
H   35    61                       2.4580763    0.46655  81.0%  3406  191s
H   37    61                       2.4115384    0.46655  80.7%  5235  191s
    63    93    1.89545    6  199    2.41154    0.46657  80.7%  6900  209s
    95   125    1.89642    7  220    2.41154    0.46657  80.7%  5080  219s
H  101   125                       2.4008682    0.46657  80.6%  4928  219s
H  105   125                       2.3967133    0.46657  80.5%  4846  219s
H  113   125                       1.5550657    0.46657  70.0%  4853  219s
   127   127     cutoff    8         1.55507    0.46657  70.0%  4775  228s
H  161   127                       1.5390032    0.46657  69.7%  4005  241s
H  175   127                       1.5296282    0.46657  69.5%  3752  241s
H  176   127                       1.5259256    0.46657  69.4%  3739  241s
H  177   127                       1.5238715    0.46657  69.4%  3724  241s
H  180   127                       1.5238611    0.46657  69.4%  3672  241s
H  186   127                       1.5210804    0.46657  69.3%  3618  241s
   191   138     cutoff    7         1.52108    0.46778  69.2%  3538  249s
   244   172    0.61143    7  226    1.52108    0.48633  68.0%  3059  258s
   290   215    0.62593    8  399    1.52108    0.48633  68.0%  2979  269s
   337   262    0.62782    9  341    1.52108    0.48633  68.0%  2781  278s
   389   313    0.62896   10  278    1.52108    0.48633  68.0%  2651  284s
H  445   343                       1.5210147    0.48633  68.0%  2470  376s
H  446   343                       1.3525628    0.48633  64.0%  2466  376s
H  463   343                       1.3440131    0.48633  63.8%  2422  376s
H  478   353                       0.6094050    0.48633  20.2%  2387  497s
   522   255     cutoff   13         0.60941    0.49213  19.2%  2242  505s
   647   196     cutoff   14         0.60941    0.49213  19.2%  1867  510s
   920   310     cutoff   16         0.60941    0.49213  19.2%  1441  516s
  1072   280    0.58874   19  101    0.60941    0.49213  19.2%  1316  522s
  1185   265    0.60305   19   97    0.60941    0.49213  19.2%  1323  525s
  1288   238     cutoff   20         0.60941    0.49682  18.5%  1319  530s
* 1368   238              34       0.5965800    0.49682  16.7%  1325  530s
  1536    69    0.55401   14  220    0.59658    0.51030  14.5%  1271  543s
  1633    45     cutoff   15         0.59658    0.51164  14.2%  1236  549s
  1689    30     cutoff   20         0.59658    0.51313  14.0%  1225  554s
  1726    24    0.57102   23  161    0.59658    0.55426  7.09%  1231  558s
  1756    20     cutoff   24         0.59658    0.55629  6.75%  1235  565s
  1785    12    0.57945   25  113    0.59658    0.55629  6.75%  1232  570s
  1824     0     cutoff   29         0.59658    0.59658  0.00%  1234  575s

Cutting planes:
  Learned: 8
  Gomory: 20
  Cover: 236
  Implied bound: 1675
  Clique: 55
  MIR: 360
  StrongCG: 4
  Flow cover: 130
  Zero half: 7
  RLT: 31
  Relax-and-lift: 97
  BQP: 8
  PSD: 3

Explored 1825 nodes (2299870 simplex iterations) in 575.78 seconds (1266.62 work units)
Thread count was 32 (of 128 available processors)

Solution count 10: 0.59658 0.609405 1.34401 ... 1.52963

Optimal solution found (tolerance 5.00e-03)
Best objective 5.965800000004e-01, best bound 5.965800000004e-01, gap 0.0000%


*********************************************
*********************************************


Set parameter LogFile to value "/work/07346/ashukla/ls6/Norta_Results/norta_sm_16_2/80M"
Gurobi Optimizer version 10.0.2 build v10.0.2rc0 (linux64)

CPU model: AMD EPYC 7763 64-Core Processor, instruction set [SSE2|AVX|AVX2]
Thread count: 128 physical cores, 128 logical processors, using up to 32 threads

Optimize a model with 211803 rows, 77908 columns and 590120 nonzeros
Model fingerprint: 0x60147d6f
Variable types: 55968 continuous, 21940 integer (21578 binary)
Coefficient statistics:
  Matrix range     [1e-03, 1e+05]
  Objective range  [6e-02, 6e-02]
  Bounds range     [1e+00, 3e+00]
  RHS range        [1e-02, 8e+07]

MIP start from previous solve produced solution with objective 0.59658 (0.77s)
MIP start from previous solve produced solution with objective 0.59658 (0.78s)
Loaded MIP start from previous solve with objective 0.59658

Presolve removed 179335 rows and 51151 columns
Presolve time: 1.98s
Presolved: 32468 rows, 26757 columns, 119673 nonzeros
Variable types: 23236 continuous, 3521 integer (3468 binary)
Root barrier log...

Ordering time: 0.28s

Barrier statistics:
 Dense cols : 48
 AA' NZ     : 3.349e+05
 Factor NZ  : 2.753e+06 (roughly 40 MB of memory)
 Factor Ops : 1.167e+09 (less than 1 second per iteration)
 Threads    : 32

                  Objective                Residual
Iter       Primal          Dual         Primal    Dual     Compl     Time
   0  -5.47700010e+04 -2.52351910e+05  2.78e+02 1.68e-01  6.06e+01     3s
   1  -1.70453069e+04 -2.03314487e+05  8.75e+01 4.69e-01  2.05e+01     3s
   2  -4.14990049e+02 -9.71707598e+04  3.24e+00 5.40e-14  2.10e+00     3s
   3   1.04837321e+02 -2.96538307e+04  4.95e-01 1.85e-14  5.32e-01     3s
   4   1.55161006e+02 -3.07571040e+03  9.03e-02 1.85e-15  5.57e-02     3s
   5   1.02781814e+02 -9.51035059e+02  1.37e-02 1.33e-15  1.76e-02     3s
   6   4.95300525e+01 -3.21641537e+02  5.02e-03 1.11e-15  6.17e-03     3s
   7   2.65015674e+01 -1.43888420e+02  2.21e-03 6.66e-16  2.83e-03     3s
   8   1.25318521e+01 -6.03145464e+01  9.36e-04 4.44e-16  1.21e-03     3s
   9   1.56668229e+00 -8.24943799e+00  3.49e-05 4.44e-16  1.62e-04     3s
  10   2.72230511e-01 -1.59658282e+00  5.17e-06 4.44e-16  3.09e-05     3s
  11   6.22018535e-02 -4.66791443e-01  1.06e-06 4.44e-16  8.73e-06     3s
  12   1.68808439e-02 -6.25216316e-02  2.78e-07 4.44e-16  1.31e-06     3s
  13   2.91247438e-03 -6.64788919e-03  4.82e-08 4.44e-16  1.58e-07     4s
  14   9.74484639e-05 -1.33139643e-04  1.47e-09 8.88e-16  3.81e-09     4s
  15   2.21365838e-07 -5.57745352e-08  1.97e-11 1.62e-15  4.59e-12     4s

Barrier solved model in 15 iterations and 3.55 seconds (3.27 work units)
Optimal objective 2.21365838e-07


Root relaxation: objective 1.023182e-12, 5494 iterations, 1.55 seconds (1.51 work units)
Total elapsed time = 9.55s
Total elapsed time = 10.19s

    Nodes    |    Current Node    |     Objective Bounds      |     Work
 Expl Unexpl |  Obj  Depth IntInf | Incumbent    BestBd   Gap | It/Node Time

     0     0    0.00000    0    8    0.59658    0.00000   100%     -   10s
H    0     0                       0.4097530    0.00000   100%     -   11s
     0     0    0.00000    0   47    0.40975    0.00000   100%     -   13s
     0     0    0.00000    0   36    0.40975    0.00000   100%     -   16s
     0     0    0.00000    0    7    0.40975    0.00000   100%     -   20s
     0     0    0.00000    0    8    0.40975    0.00000   100%     -   21s
     0     0    0.00000    0   23    0.40975    0.00000   100%     -   23s
     0     0    0.00000    0   29    0.40975    0.00000   100%     -   26s
     0     0    0.00000    0   15    0.40975    0.00000   100%     -   29s
     0     0    0.00000    0   14    0.40975    0.00000   100%     -   29s
     0     0    0.00000    0    5    0.40975    0.00000   100%     -   31s
H    0     0                       0.3932306    0.00000   100%     -   32s
     0     0    0.00000    0    5    0.39323    0.00000   100%     -   32s
     0     0    0.00000    0    5    0.39323    0.00000   100%     -   32s
     0     0    0.00000    0    5    0.39323    0.00000   100%     -   33s
     0     2    0.00000    0    5    0.39323    0.00000   100%     -   34s
     1     4    0.00002    1   74    0.39323    0.00000   100%  7492   39s
     3     8    0.00164    2   82    0.39323    0.00000   100%  4512   45s
     7    16    0.13286    3  143    0.39323    0.00000   100%  3005   66s
    15    20 infeasible    4         0.39323    0.00000   100%  4139   75s
H   17    20                       0.2585661    0.00000   100%  3652   75s
H   19    20                       0.0405270    0.00000   100%  3709   75s
*   23    20               4       0.0000000    0.00000  0.00%  3333   75s

Cutting planes:
  Learned: 4
  Cover: 16
  Implied bound: 173
  MIR: 122
  Flow cover: 11
  RLT: 2
  Relax-and-lift: 18

Explored 31 nodes (135222 simplex iterations) in 75.42 seconds (137.57 work units)
Thread count was 32 (of 128 available processors)

Solution count 6: 5.68434e-13 0.040527 0.258566 ... 0.59658

Optimal solution found (tolerance 5.00e-03)
Best objective 5.684341886081e-13, best bound 5.684341886081e-13, gap 0.0000%


*********************************************
*********************************************


