Set parameter TokenServer to value "license02.tacc.utexas.edu"
Set parameter LogFile to value "/work/07346/ashukla/ls6/Norta_Results/norta_sm_16_3/0M"
Set parameter MIPGap to value 0.005
Set parameter TimeLimit to value 32400
Set parameter Method to value 2
Gurobi Optimizer version 10.0.2 build v10.0.2rc0 (linux64)

CPU model: AMD EPYC 7763 64-Core Processor, instruction set [SSE2|AVX|AVX2]
Thread count: 128 physical cores, 128 logical processors, using up to 32 threads

Optimize a model with 211771 rows, 77908 columns and 590024 nonzeros
Model fingerprint: 0xf3c1cce8
Variable types: 55968 continuous, 21940 integer (21578 binary)
Coefficient statistics:
  Matrix range     [1e-03, 1e+05]
  Objective range  [6e-02, 6e-02]
  Bounds range     [1e+00, 3e+00]
  RHS range        [1e-02, 2e+04]
Presolve removed 210890 rows and 76727 columns
Presolve time: 1.57s
Presolved: 881 rows, 1181 columns, 4011 nonzeros
Variable types: 1033 continuous, 148 integer (148 binary)
Found heuristic solution: objective 65.8472872
Root barrier log...

Ordering time: 0.00s

Barrier statistics:
 AA' NZ     : 4.668e+03
 Factor NZ  : 2.136e+04 (roughly 1 MB of memory)
 Factor Ops : 1.056e+06 (less than 1 second per iteration)
 Threads    : 1

                  Objective                Residual
Iter       Primal          Dual         Primal    Dual     Compl     Time
   0  -1.29950174e+03 -8.37248886e+03  1.08e+02 1.68e-01  2.56e+01     2s
   1  -9.46490808e-01 -4.35408852e+03  4.46e+00 1.19e-01  2.94e+00     2s
   2   4.84999299e+01 -4.22158348e+02  4.99e-01 3.78e-03  2.71e-01     2s
   3   5.13680691e+01  2.54571107e+00  3.64e-02 1.48e-04  2.52e-02     2s
   4   4.62569520e+01  3.63296532e+01  5.54e-04 4.20e-06  4.89e-03     2s
   5   4.45643604e+01  4.10529169e+01  1.09e-04 4.44e-16  1.73e-03     2s
   6   4.41633989e+01  4.29035994e+01  3.63e-05 2.22e-16  6.20e-04     2s
   7   4.40476999e+01  4.34064182e+01  1.84e-05 2.22e-16  3.16e-04     2s
   8   4.39730137e+01  4.37507801e+01  8.63e-06 2.22e-16  1.09e-04     2s
   9   4.39426400e+01  4.38230151e+01  5.10e-06 2.22e-16  5.89e-05     2s
  10   4.39158439e+01  4.38969603e+01  1.52e-06 3.46e-16  9.31e-06     2s
  11   4.39044385e+01  4.39032100e+01  8.73e-10 4.44e-16  6.04e-07     2s
  12   4.39040819e+01  4.39040470e+01  2.76e-09 2.22e-16  1.71e-08     2s
  13   4.39040574e+01  4.39040574e+01  7.29e-09 4.44e-16  1.38e-12     2s

Barrier solved model in 13 iterations and 1.68 seconds (1.76 work units)
Optimal objective 4.39040574e+01


Root relaxation: objective 4.390406e+01, 19 iterations, 0.02 seconds (0.02 work units)

    Nodes    |    Current Node    |     Objective Bounds      |     Work
 Expl Unexpl |  Obj  Depth IntInf | Incumbent    BestBd   Gap | It/Node Time

     0     0   43.90406    0    2   65.84729   43.90406  33.3%     -    1s
H    0     0                      43.9040574   43.90406  0.00%     -    1s
     0     0   43.90406    0    2   43.90406   43.90406  0.00%     -    1s

Explored 1 nodes (19 simplex iterations) in 1.69 seconds (1.76 work units)
Thread count was 32 (of 128 available processors)

Solution count 2: 43.9041 65.8473 

Optimal solution found (tolerance 5.00e-03)
Best objective 4.390405741690e+01, best bound 4.390405741690e+01, gap 0.0000%


*********************************************
*********************************************


Set parameter LogFile to value "/work/07346/ashukla/ls6/Norta_Results/norta_sm_16_3/20M"
Gurobi Optimizer version 10.0.2 build v10.0.2rc0 (linux64)

CPU model: AMD EPYC 7763 64-Core Processor, instruction set [SSE2|AVX|AVX2]
Thread count: 128 physical cores, 128 logical processors, using up to 32 threads

Optimize a model with 211771 rows, 77908 columns and 590024 nonzeros
Model fingerprint: 0xb9615f96
Variable types: 55968 continuous, 21940 integer (21578 binary)
Coefficient statistics:
  Matrix range     [1e-03, 1e+05]
  Objective range  [6e-02, 6e-02]
  Bounds range     [1e+00, 3e+00]
  RHS range        [1e-02, 2e+07]

MIP start from previous solve produced solution with objective 43.9041 (0.61s)
MIP start from previous solve produced solution with objective 43.9041 (0.62s)
Loaded MIP start from previous solve with objective 43.9041

Presolve removed 176759 rows and 50677 columns
Presolve time: 1.76s
Presolved: 35012 rows, 27231 columns, 126878 nonzeros
Variable types: 23563 continuous, 3668 integer (3603 binary)
Root barrier log...

Ordering time: 0.31s

Barrier statistics:
 Dense cols : 58
 AA' NZ     : 4.058e+05
 Factor NZ  : 3.249e+06 (roughly 50 MB of memory)
 Factor Ops : 1.427e+09 (less than 1 second per iteration)
 Threads    : 32

                  Objective                Residual
Iter       Primal          Dual         Primal    Dual     Compl     Time
   0  -9.81342077e+05 -2.87704157e+05  5.25e+04 1.68e-01  1.03e+03     3s
   1  -5.93041275e+05 -3.23166988e+05  3.14e+04 3.21e-01  6.15e+02     3s
   2  -1.83134887e+05 -3.80217401e+05  8.62e+03 1.01e-13  2.02e+02     3s
   3  -9.04898682e+03 -2.93645842e+05  4.34e+02 9.33e-14  1.40e+01     3s
   4  -4.22031085e+03 -1.38763434e+05  2.21e+02 4.87e-14  5.81e+00     3s
   5  -1.61781540e+03 -8.22825480e+04  8.69e+01 1.87e-14  2.51e+00     3s
   6  -7.57907813e+02 -6.27293172e+04  4.49e+01 1.35e-14  1.55e+00     3s
   7  -4.13904069e+02 -3.71027308e+04  2.84e+01 6.21e-15  8.60e-01     3s
   8  -2.05599583e+01 -6.85873481e+03  8.40e+00 1.92e-15  1.57e-01     3s
   9   1.07374391e+02 -1.13548130e+03  1.28e-01 1.33e-15  2.25e-02     3s
  10   6.47775056e+01 -1.71221379e+02  1.89e-02 1.33e-15  3.89e-03     3s
  11   3.89026242e+01 -9.90115070e+01  8.75e-03 8.88e-16  2.23e-03     3s
  12   2.69917001e+01 -5.82377700e+01  4.54e-03 4.44e-16  1.37e-03     3s
  13   2.26762867e+01 -3.79127081e+01  3.20e-03 4.44e-16  9.70e-04     3s
  14   1.80237003e+01 -2.46248982e+01  1.86e-03 4.44e-16  6.79e-04     3s
  15   1.57490365e+01 -1.35981932e+01  1.26e-03 2.22e-16  4.67e-04     3s
  16   1.37135349e+01 -3.46865144e+00  7.60e-04 2.22e-16  2.73e-04     3s
  17   1.19885587e+01  3.42396392e+00  3.97e-04 4.44e-16  1.36e-04     3s
  18   1.16895877e+01  6.72882560e+00  3.29e-04 4.44e-16  7.95e-05     3s
  19   1.12440740e+01  7.37451663e+00  2.48e-04 4.44e-16  6.19e-05     3s
  20   1.08864921e+01  8.26243783e+00  1.85e-04 4.44e-16  4.21e-05     3s
  21   1.05196265e+01  8.66291250e+00  1.21e-04 4.44e-16  2.97e-05     3s
  22   1.03388588e+01  9.35004956e+00  9.14e-05 4.44e-16  1.60e-05     3s
  23   1.02417777e+01  9.41168659e+00  7.67e-05 4.44e-16  1.34e-05     3s
  24   1.01536689e+01  9.49417025e+00  6.14e-05 4.44e-16  1.07e-05     3s
  25   1.00099385e+01  9.65001189e+00  4.02e-05 4.44e-16  5.87e-06     3s
  26   9.92509346e+00  9.68884609e+00  2.59e-05 4.44e-16  3.85e-06     3s
  27   9.85195416e+00  9.72477193e+00  1.10e-05 4.44e-16  2.05e-06     3s
  28   9.83929973e+00  9.74242810e+00  8.55e-06 4.44e-16  1.56e-06     3s
  29   9.82067121e+00  9.75942150e+00  4.98e-06 4.44e-16  9.87e-07     3s
  30   9.80989848e+00  9.77632743e+00  2.94e-06 4.44e-16  5.42e-07     3s
  31   9.80440347e+00  9.78467409e+00  1.89e-06 4.44e-16  3.20e-07     4s
  32   9.80060681e+00  9.79006437e+00  1.20e-06 4.44e-16  1.72e-07     4s
  33   9.79773463e+00  9.79255151e+00  6.74e-07 4.44e-16  8.50e-08     4s
  34   9.79488526e+00  9.79322868e+00  1.59e-07 5.35e-16  2.68e-08     4s
  35   9.79425958e+00  9.79380185e+00  4.74e-08 4.44e-16  7.44e-09     4s
  36   9.79405215e+00  9.79394153e+00  1.23e-08 5.57e-15  1.80e-09     4s
  37   9.79400504e+00  9.79396815e+00  4.34e-09 8.76e-15  6.02e-10     4s
  38   9.79398205e+00  9.79397676e+00  5.91e-09 8.43e-14  8.57e-11     4s
  39   9.79398026e+00  9.79397858e+00  1.72e-08 2.46e-14  2.77e-11     4s

Barrier solved model in 39 iterations and 3.66 seconds (3.54 work units)
Optimal objective 9.79398026e+00


Root relaxation: objective 9.793979e+00, 4751 iterations, 2.10 seconds (2.34 work units)
Total elapsed time = 8.13s

    Nodes    |    Current Node    |     Objective Bounds      |     Work
 Expl Unexpl |  Obj  Depth IntInf | Incumbent    BestBd   Gap | It/Node Time

     0     0    9.79398    0  474   43.90406    9.79398  77.7%     -    9s
H    0     0                      18.3384707   11.00199  40.0%     -   23s
     0     0   11.00696    0  491   18.33847   11.00696  40.0%     -   23s
     0     0   11.09948    0  531   18.33847   11.09948  39.5%     -   30s
     0     0   11.10392    0  526   18.33847   11.10392  39.5%     -   30s
     0     0   11.10392    0  526   18.33847   11.10392  39.5%     -   30s
     0     0   11.42011    0  674   18.33847   11.42011  37.7%     -   39s
     0     0   11.43707    0  809   18.33847   11.43707  37.6%     -   43s
     0     0   11.43896    0  643   18.33847   11.43896  37.6%     -   44s
     0     0   11.43901    0  645   18.33847   11.43901  37.6%     -   44s
H    0     0                      17.3578438   11.53314  33.6%     -   49s
     0     0   11.53314    0  712   17.35784   11.53314  33.6%     -   49s
     0     0   11.54120    0  554   17.35784   11.54120  33.5%     -   53s
     0     0   11.54220    0  553   17.35784   11.54220  33.5%     -   53s
     0     0   11.54223    0  549   17.35784   11.54223  33.5%     -   53s
     0     0   11.56157    0  667   17.35784   11.56157  33.4%     -   57s
     0     0   11.57316    0  685   17.35784   11.57316  33.3%     -   63s
     0     0   11.57433    0  679   17.35784   11.57433  33.3%     -   63s
     0     0   11.57433    0  679   17.35784   11.57433  33.3%     -   63s
     0     0   11.57770    0  509   17.35784   11.57770  33.3%     -   65s
     0     0   11.57975    0  670   17.35784   11.57975  33.3%     -   67s
     0     0   11.57997    0  517   17.35784   11.57997  33.3%     -   68s
     0     0   11.58075    0  553   17.35784   11.58075  33.3%     -   69s
     0     0   11.58115    0  560   17.35784   11.58115  33.3%     -   69s
     0     0   11.58121    0  525   17.35784   11.58121  33.3%     -   70s
     0     0   11.58569    0  549   17.35784   11.58569  33.3%     -   71s
     0     0   11.58595    0  554   17.35784   11.58595  33.3%     -   72s
     0     0   11.58648    0  518   17.35784   11.58648  33.2%     -   72s
     0     0   11.58722    0  519   17.35784   11.58722  33.2%     -   73s
     0     0   11.58722    0  520   17.35784   11.58722  33.2%     -   73s
     0     0   11.58763    0  515   17.35784   11.58763  33.2%     -   73s
     0     0   11.58783    0  516   17.35784   11.58783  33.2%     -   74s
     0     0   11.58822    0  513   17.35784   11.58822  33.2%     -   74s
     0     0   11.58822    0  428   17.35784   11.58822  33.2%     -   79s
     0     2   11.58822    0  428   17.35784   11.58822  33.2%     -   89s
     1     4   12.11979    1  486   17.35784   11.58822  33.2%  4656   94s
     3     8   12.33005    2  496   17.35784   11.72660  32.4%  3083   98s
     7    16   12.46725    3  630   17.35784   11.76115  32.2%  2569  101s
    15    32   12.64290    4  511   17.35784   11.77176  32.2%  2343  109s
    31    64   13.06140    5  525   17.35784   11.79299  32.1%  3459  120s
H   33    64                      16.7302494   11.79299  29.5%  3387  120s
H   39    64                      16.0319874   11.79299  26.4%  3307  120s
H   47    64                      15.8849442   11.79299  25.8%  3222  120s
    63    96   13.21255    6  561   15.88494   11.79874  25.7%  2771  144s
    95   128   13.71712    6  559   15.88494   11.81734  25.6%  2632  148s
   127   160   13.23097    7  485   15.88494   11.82020  25.6%  2340  153s
H  159   192                      15.7413708   11.82121  24.9%  2161  187s
H  163   192                      15.6999849   11.82121  24.7%  2144  187s
H  166   192                      15.6673292   11.82121  24.5%  2144  187s
H  169   192                      15.5167377   11.82121  23.8%  2132  187s
   191   231   13.32482    9  476   15.51674   11.82121  23.8%  2063  192s
   230   273   13.43255    9  564   15.51674   11.82121  23.8%  2023  197s
   272   315   13.33910   10  497   15.51674   11.82121  23.8%  1915  202s
   314   349   13.37406   11  477   15.51674   11.82121  23.8%  1926  208s
H  318   349                      15.3632591   11.82121  23.1%  1920  208s
H  323   349                      15.1751460   11.82121  22.1%  1930  208s
H  333   349                      15.1018578   11.82121  21.7%  1948  208s
H  334   349                      14.9620976   11.82121  21.0%  1946  208s
   348   399   13.45967   12  621   14.96210   11.82121  21.0%  1949  214s
   398   450   13.65700   12  484   14.96210   11.82121  21.0%  1890  220s
   449   506   13.65719   13  670   14.96210   11.82121  21.0%  1830  225s
   505   568   13.51817   13  810   14.96210   11.82121  21.0%  1760  231s
   567   638   13.60316   14  806   14.96210   11.82121  21.0%  1703  244s
   639   707   13.81233   14  812   14.96210   11.82121  21.0%  1622  253s
   710   799   13.63747   15  766   14.96210   11.82121  21.0%  1569  262s
   802   895   13.66021   16  459   14.96210   11.82121  21.0%  1481  270s
   904   999   13.66584   17  458   14.96210   11.82121  21.0%  1403  275s
*  924   999              49      14.2947917   11.82121  17.3%  1396  275s
  1016  1064   14.06072   18  439   14.29479   11.82121  17.3%  1318  282s
  1129  1157   13.82601   19  574   14.29479   11.82121  17.3%  1252  288s
  1249  1242   13.93853   22  564   14.29479   11.82121  17.3%  1206  296s
  1379  1320   13.94694   23  546   14.29479   11.82121  17.3%  1168  302s
  1478  1407   14.04072   25  319   14.29479   11.82121  17.3%  1163  309s
  1584  1511     cutoff   26        14.29479   11.82121  17.3%  1167  315s
  1701  1640   14.15518   27  574   14.29479   11.82121  17.3%  1162  321s
  1833  1784   14.19074   30  471   14.29479   11.82121  17.3%  1143  327s
  1989  1878     cutoff   32        14.29479   11.82121  17.3%  1115  335s
H 1999  1878                      14.2947832   11.82121  17.3%  1114  336s
H 2039  1878                      14.2947832   11.82121  17.3%  1110  336s
  2130  1977   13.00135   17  315   14.29478   11.82121  17.3%  1093  343s
  2265  2121   13.01956   18  282   14.29478   11.82121  17.3%  1069  349s
  2447  2296   13.44843   22  225   14.29478   11.82121  17.3%  1051  356s
  2636  2488   14.02461   36  114   14.29478   11.82121  17.3%  1032  362s
  2857  2716     cutoff   49        14.29478   11.82911  17.2%  1007  370s
H 3125  2549                      14.1471604   11.82911  16.4%   967  557s
  3126  2521   13.09537   28  428   14.14716   11.82911  16.4%   967  589s
  3128  2522   12.79955   29  483   14.14716   11.82911  16.4%   966  598s
  3129  2523   12.73887   26  724   14.14716   11.82911  16.4%   966  626s
  3130  2524   13.58483   37  702   14.14716   11.82911  16.4%   966  633s
  3131  2524   12.80913   23  555   14.14716   11.82911  16.4%   965  636s
  3134  2526   13.32007   19  446   14.14716   11.82911  16.4%   964  650s
  3137  2528   13.02049   31  444   14.14716   11.82911  16.4%   963  662s
  3140  2530   12.80532   21  445   14.14716   11.82911  16.4%   963  671s
  3142  2532   13.78463   63  461   14.14716   11.82911  16.4%   962  683s
  3144  2533   12.63062   23  554   14.14716   11.82911  16.4%   961  685s
  3145  2534   13.03494   17  540   14.14716   11.82911  16.4%   961  696s
  3148  2536   13.65207   60  601   14.14716   11.82911  16.4%   960  711s
  3150  2537   13.37904   35  564   14.14716   11.82911  16.4%   959  721s
  3151  2538   13.89179   50  559   14.14716   11.82911  16.4%   959  728s
  3152  2538   14.14275   61  559   14.14716   11.82911  16.4%   959  735s
  3153  2542   12.10426   15  662   14.14716   11.82911  16.4%   988  746s
  3155  2545   12.13724   16  671   14.14716   11.82911  16.4%   989  753s
  3159  2552   12.51052   17  673   14.14716   11.82911  16.4%   992  760s
  3167  2565   13.47335   18  774   14.14716   11.82911  16.4%  1002  772s
  3183  2592   13.69407   19  688   14.14716   11.82911  16.4%  1016  787s
  3215  2613   13.92253   20  726   14.14716   11.85717  16.2%  1064  795s
  3247  2632     cutoff   20        14.14716   11.85717  16.2%  1079  805s
H 3248  2503                      14.1471604   11.85717  16.2%  1078  806s
H 3250  2382                      14.1449019   11.85717  16.2%  1079  806s
  3279  2404   13.94147   21  559   14.14490   11.85717  16.2%  1092  814s
  3311  2424   14.13798   21  742   14.14490   11.85717  16.2%  1103  825s
H 3318  2307                      14.1449019   11.85717  16.2%  1105  825s
H 3322  2197                      14.1448916   11.85717  16.2%  1108  825s
H 3332  2089                      14.1445697   11.85717  16.2%  1115  825s
H 3342  1988                      14.1432282   11.85717  16.2%  1120  825s
  3343  2019   13.98727   22  546   14.14323   11.85717  16.2%  1121  833s
  3376  2041     cutoff   22        14.14323   11.85717  16.2%  1140  840s
  3413  2060   14.03516   23  495   14.14323   11.85717  16.2%  1152  847s
  3452  2082     cutoff   23        14.14323   11.85717  16.2%  1161  854s
  3491  2106   14.03517   24  494   14.14323   11.85717  16.2%  1172  864s
  3534  2127     cutoff   25        14.14323   11.85717  16.2%  1187  871s
  3582  2145     cutoff   26        14.14323   11.85717  16.2%  1192  877s
  3622  2186     cutoff   26        14.14323   11.90113  15.9%  1191  886s
  3682  2225   12.01985   21  571   14.14323   11.90113  15.9%  1194  894s
  3746  2264   12.08126   22  457   14.14323   11.90113  15.9%  1192  901s
  3815  2295   12.12615   23  532   14.14323   11.90113  15.9%  1192  907s
  3877  2325   12.13106   24  533   14.14323   11.90113  15.9%  1192  916s
  3939  2352   12.32778   26  441   14.14323   11.90113  15.9%  1195  922s
  3998  2384   12.46823   27  410   14.14323   11.90113  15.9%  1196  928s
  4064  2407   12.57446   29  353   14.14323   11.90113  15.9%  1199  935s
H 4128  2311                      13.8673088   11.90113  14.2%  1199  994s
H 4131  2221                      13.7847295   11.90113  13.7%  1199  994s
H 4140  2134                      13.5980201   11.90113  12.5%  1202  994s
H 4141  2053                      13.5715030   11.90113  12.3%  1201  994s
H 4150  1974                      13.3786070   11.90113  11.0%  1200  994s
H 4165  1867                      13.3267041   11.90113  10.7%  1201 1143s
H 4172  1795                      13.2696558   11.90113  10.3%  1199 1143s
H 4182  1727                      13.2552716   11.90113  10.2%  1200 1143s
H 4251  1642                      13.2516604   11.90113  10.2%  1199 1143s
  4258  1696   12.66563   32  219   13.25166   11.90113  10.2%  1199 1152s
  4342  1743   13.05706   35  153   13.25166   11.90113  10.2%  1210 1161s
  4439  1805   13.16859   41  149   13.25166   11.90113  10.2%  1216 1170s
  4572  1864     cutoff   49        13.25166   11.90386  10.2%  1210 1181s
  4712  1938   12.30113   22  354   13.25166   11.90386  10.2%  1207 1194s
  4878  2009   12.34298   24  188   13.25166   11.90386  10.2%  1198 1203s
  5050  2055   12.52572   27  392   13.25166   11.90386  10.2%  1191 1215s
  5223  2095   12.47291   28  234   13.25166   11.90386  10.2%  1181 1225s
  5388  2124   12.57202   33  379   13.25166   11.90386  10.2%  1180 1279s
H 5402  2060                      13.2513160   11.90386  10.2%  1181 1279s
H 5403  2003                      13.2507885   11.90386  10.2%  1181 1279s
H 5483  1923                      13.2504677   11.90386  10.2%  1180 1279s
  5495  2026   12.59306   37  324   13.25047   11.90386  10.2%  1180 1291s
  5658  2021   12.71358   38  321   13.25047   11.90386  10.2%  1184 1302s
* 5695  1959             101      13.2297839   11.90386  10.0%  1183 1302s
* 5696  1910             101      13.2295605   11.90386  10.0%  1183 1302s
* 5700  1863             102      13.2295605   11.90386  10.0%  1182 1302s
  5826  1855   12.98161   39  322   13.22956   11.90386  10.0%  1186 1317s
  5986  1861   13.01471   41  166   13.22956   11.90386  10.0%  1190 1330s
  6145  2032   12.86245   46  176   13.22956   11.90386  10.0%  1191 1344s
  6389  2145   12.97736   48  173   13.22956   11.90386  10.0%  1184 1360s
* 6465  2145             105      13.2295404   11.90386  10.0%  1184 1360s
* 6467  2145             104      13.2295380   11.90386  10.0%  1183 1360s
* 6590  2137             104      13.2294728   11.90386  10.0%  1184 1360s
  6618  2232   13.14241   53  131   13.22947   11.96303  9.57%  1186 1375s
  6829  2325   12.13049   21  441   13.22947   11.96303  9.57%  1196 1389s
  7018  2440   12.30563   24  385   13.22947   11.96303  9.57%  1206 1407s
  7220  2547   12.66238   28  359   13.22947   11.96303  9.57%  1218 1424s
  7484  2637   12.88959   34  309   13.22947   11.96303  9.57%  1225 1439s
  7678  2770     cutoff   41        13.22947   12.07740  8.71%  1237 1457s
  7906  2960   12.84206   23  627   13.22947   12.07740  8.71%  1245 1475s
H 8201  2985                      13.2293386   12.07740  8.71%  1246 1593s
H 8205  2937                      13.2026591   12.07740  8.52%  1247 1593s
H 8219  2931                      13.1971180   12.07740  8.48%  1249 1593s
H 8246  2823                      13.1603820   12.07740  8.23%  1250 1593s
H 8278  2659                      13.1093083   12.07740  7.87%  1246 1593s
  8280  2751   13.04159   26  629   13.10931   12.07740  7.87%  1246 1611s
  8555  2853     cutoff   25        13.10931   12.08076  7.85%  1256 1631s
  8815  2940   12.43098   25  553   13.10931   12.08076  7.85%  1274 1651s
  9086  3007   12.58840   30  411   13.10931   12.08076  7.85%  1291 1673s
H 9325  3092                      13.0866927   12.08076  7.69%  1305 1695s
H 9333  3092                      13.0866114   12.15071  7.15%  1304 1695s
H 9345  3072                      13.0827331   12.15071  7.12%  1305 1695s
H 9381  3062                      13.0806151   12.15071  7.11%  1308 1695s
H 9545  3057                      13.0793020   12.15071  7.10%  1310 1695s
H 9550  3039                      13.0767950   12.15071  7.08%  1311 1695s
  9608  3146   12.43844   24  319   13.07679   12.15071  7.08%  1309 1719s
  9951  3243   13.02331   40  114   13.07679   12.22252  6.53%  1318 1741s
 10285  3414   12.58467   26  402   13.07679   12.26475  6.21%  1332 1769s
 10662  3621     cutoff   37        13.07679   12.31881  5.80%  1339 1791s
H10665  3188                      12.9930653   12.31881  5.19%  1339 1791s
 11015  3298   12.78122   25  441   12.99307   12.31881  5.19%  1347 1817s
 11366  3502     cutoff   31        12.99307   12.33492  5.07%  1345 1841s
 11850  3673     cutoff   51        12.99307   12.36151  4.86%  1349 1869s
H11865  3672                      12.9929189   12.36151  4.86%  1350 1869s
H11990  3672                      12.9929184   12.37700  4.74%  1352 1869s
H12054  3671                      12.9928944   12.37700  4.74%  1354 1869s
H12130  3671                      12.9928867   12.37700  4.74%  1356 1869s
 12262  3871   12.86686   28  384   12.99289   12.37826  4.73%  1357 1894s
 12746  4114   12.53127   32  314   12.99289   12.40054  4.56%  1361 1930s
 13289  4332     cutoff   31        12.99289   12.41178  4.47%  1366 1966s
H13320  4315                      12.9895486   12.41355  4.43%  1367 1966s
H13673  4315                      12.9895412   12.41355  4.43%  1370 1966s
 13810  4449   12.62795   22  406   12.98954   12.41355  4.43%  1372 1997s
 14270  4549   12.85533   30  340   12.98954   12.41950  4.39%  1377 2030s
H14884  4651                      12.9888006   12.43615  4.25%  1382 2065s
H14905  4631                      12.9864034   12.44237  4.19%  1383 2065s
 15440  4889     cutoff   25        12.98640   12.45657  4.08%  1394 2095s
 16078  5028     cutoff   39        12.98640   12.46723  4.00%  1399 2130s
H16080  5028                      12.9863869   12.46723  4.00%  1399 2130s
H16123  5028                      12.9863869   12.46723  4.00%  1401 2130s
H16315  5028                      12.9863868   12.46723  4.00%  1401 2130s
 16628  5219     cutoff   39        12.98639   12.47313  3.95%  1402 2164s
 17313  5414   12.74822   32  193   12.98639   12.48261  3.88%  1406 2199s
 18045  5539   12.84513   29  279   12.98639   12.49805  3.76%  1408 2235s
 18741  5721     cutoff   36        12.98639   12.50939  3.67%  1413 2272s
 19525  5946   12.96700   36  242   12.98639   12.51891  3.60%  1417 2313s
 20369  6213   12.90657   39  295   12.98639   12.53069  3.51%  1416 2356s
 21245  6355   12.89975   32  188   12.98639   12.53984  3.44%  1414 2401s
 22026  6495   12.64300   25  358   12.98639   12.54836  3.37%  1419 2451s
 22792  6660   12.95319   39  263   12.98639   12.55810  3.30%  1429 2505s
 23649  6841   12.95662   35  199   12.98639   12.56367  3.26%  1437 2552s
 24637  7043   12.66955   35  276   12.98639   12.57909  3.14%  1442 2602s
 25666  7202     cutoff   36        12.98639   12.58652  3.08%  1445 2678s
 26692  7264     cutoff   29        12.98639   12.59238  3.03%  1452 2730s
 27721  7311   12.92368   40  123   12.98639   12.60464  2.94%  1462 2783s
 28718  7507   12.68726   34  383   12.98639   12.61094  2.89%  1473 2844s
 29954  7697   12.88574   34  169   12.98639   12.62239  2.80%  1477 2929s
 31133  7974   12.92258   29  153   12.98639   12.63521  2.70%  1482 2998s
 32713  8184   12.70191   35  185   12.98639   12.64534  2.63%  1480 3056s
*33177  8091              45      12.9781141   12.64758  2.55%  1482 3056s
 33995  8220     cutoff   38        12.97811   12.65437  2.49%  1484 3129s
 35204  8273     cutoff   39        12.97811   12.66139  2.44%  1489 3258s
 36006  8444   12.82507   39  230   12.97811   12.66361  2.42%  1494 3331s
 37520  8594     cutoff   39        12.97811   12.67432  2.34%  1496 3404s
 39067  8744   12.95300   40  207   12.97811   12.68510  2.26%  1498 3481s
 40575  8832     cutoff   33        12.97811   12.69742  2.16%  1500 3558s
 42170  8964     cutoff   39        12.97811   12.70901  2.07%  1504 3650s
 44026  9041   12.77713   34  221   12.97811   12.71739  2.01%  1503 3763s
 45784  9051     cutoff   47        12.97811   12.72514  1.95%  1503 3857s
 47718  9043     cutoff   34        12.97811   12.73499  1.87%  1501 4172s
H47740  9000                      12.9751843   12.73611  1.84%  1501 4172s
H47786  8844                      12.9642194   12.73611  1.76%  1502 4172s
 47790  8825   12.85733   37  193   12.96422   12.73711  1.75%  1502 4263s
 49913  8774     cutoff   25        12.96422   12.75069  1.65%  1501 4392s
H49997  8774                      12.9642163   12.75069  1.65%  1500 4392s
H50089  8774                      12.9642163   12.75093  1.65%  1500 4392s
 51982  8675   12.84169   30  334   12.96422   12.76185  1.56%  1503 4577s
H52817  8675                      12.9642163   12.76402  1.54%  1501 4577s
 54168  8547   12.81838   40  224   12.96422   12.77164  1.49%  1501 4702s
 56422  8341     cutoff   30        12.96422   12.78335  1.40%  1501 4833s
 58774  8103   12.90163   33  330   12.96422   12.79360  1.32%  1502 4941s
H61285  7872                      12.9575557   12.80669  1.16%  1500 5249s
 61884  7287     cutoff   37        12.95756   12.80699  1.16%  1502 5370s
 64604  6633     cutoff   37        12.95756   12.82364  1.03%  1502 5484s
H64683  6618                      12.9569028   12.82389  1.03%  1502 5484s
H66772  6617                      12.9568910   12.82628  1.01%  1502 5484s
 67427  5764     cutoff   36        12.95689   12.83749  0.92%  1503 5600s
*67751  5764              63      12.9568683   12.83813  0.92%  1504 5600s
 70468  4811   12.90656   40  127   12.95687   12.85219  0.81%  1501 5730s
 73747  3535     cutoff   40        12.95687   12.86702  0.69%  1497 5859s
 76987  1856     cutoff   40        12.95687   12.88364  0.57%  1495 5982s
*78258  1832              56      12.9557565   12.88582  0.54%  1493 5982s

Cutting planes:
  Learned: 12
  Gomory: 76
  Cover: 151
  Implied bound: 1099
  Projected implied bound: 91
  Clique: 86
  MIR: 1193
  StrongCG: 10
  Flow cover: 2539
  Inf proof: 3
  Zero half: 13
  RLT: 124
  Relax-and-lift: 222
  BQP: 33
  PSD: 8

Explored 80548 nodes (119918502 simplex iterations) in 5985.10 seconds (14560.24 work units)
Thread count was 32 (of 128 available processors)

Solution count 10: 12.9558 12.9569 12.9569 ... 12.9752

Optimal solution found (tolerance 5.00e-03)
Best objective 1.295575645753e+01, best bound 1.290894452706e+01, gap 0.3613%


*********************************************
*********************************************


Set parameter LogFile to value "/work/07346/ashukla/ls6/Norta_Results/norta_sm_16_3/40M"
Gurobi Optimizer version 10.0.2 build v10.0.2rc0 (linux64)

CPU model: AMD EPYC 7763 64-Core Processor, instruction set [SSE2|AVX|AVX2]
Thread count: 128 physical cores, 128 logical processors, using up to 32 threads

Optimize a model with 211771 rows, 77908 columns and 590024 nonzeros
Model fingerprint: 0x79becec0
Variable types: 55968 continuous, 21940 integer (21578 binary)
Coefficient statistics:
  Matrix range     [1e-03, 1e+05]
  Objective range  [6e-02, 6e-02]
  Bounds range     [1e+00, 3e+00]
  RHS range        [1e-02, 4e+07]

MIP start from previous solve produced solution with objective 12.9558 (0.71s)
MIP start from previous solve produced solution with objective 12.9558 (0.72s)
Loaded MIP start from previous solve with objective 12.9558

Presolve removed 176759 rows and 50677 columns
Presolve time: 1.77s
Presolved: 35012 rows, 27231 columns, 126878 nonzeros
Variable types: 23563 continuous, 3668 integer (3603 binary)
Root barrier log...

Ordering time: 0.33s

Barrier statistics:
 Dense cols : 58
 AA' NZ     : 4.058e+05
 Factor NZ  : 3.249e+06 (roughly 50 MB of memory)
 Factor Ops : 1.427e+09 (less than 1 second per iteration)
 Threads    : 32

                  Objective                Residual
Iter       Primal          Dual         Primal    Dual     Compl     Time
   0  -6.43673151e+05 -2.87704203e+05  3.44e+04 1.68e-01  6.77e+02     3s
   1  -3.75189130e+05 -3.14430190e+05  1.97e+04 4.29e-01  3.91e+02     3s
   2  -1.17374177e+05 -3.68946987e+05  4.50e+03 2.72e-13  1.31e+02     3s
   3  -1.00060006e+04 -2.65784103e+05  5.33e+01 1.79e-13  1.43e+01     3s
   4  -1.55010147e+03 -1.26512129e+05  9.26e+00 2.61e-14  3.41e+00     3s
   5  -8.15674314e+02 -8.78366715e+04  5.40e+00 2.01e-14  2.08e+00     3s
   6  -1.79259798e+02 -7.44927192e+04  2.01e+00 1.24e-14  1.40e+00     3s
   7   1.21723012e+02 -1.18177899e+04  3.43e-01 1.24e-14  2.02e-01     3s
   8   1.32080980e+02 -3.26832152e+03  4.52e-02 1.74e-15  5.41e-02     3s
   9   7.29966000e+01 -4.24963599e+02  2.48e-04 2.22e-15  7.77e-03     3s
  10   2.27905987e+01 -1.16901566e+02  2.60e-05 6.66e-16  2.18e-03     3s
  11   1.29897247e+01 -5.32286304e+01  1.07e-05 4.44e-16  1.03e-03     3s
  12   9.86900430e+00 -2.06002943e+01  6.59e-06 4.44e-16  4.75e-04     3s
  13   7.88333131e+00 -7.34026423e+00  4.55e-06 4.44e-16  2.38e-04     3s
  14   5.91030713e+00  5.44369548e-01  2.64e-06 4.44e-16  8.37e-05     3s
  15   4.91400086e+00  1.68425632e+00  1.72e-06 4.44e-16  5.04e-05     3s
  16   4.10180824e+00  2.20880118e+00  9.49e-07 4.44e-16  2.95e-05     3s
  17   3.61662282e+00  2.53243439e+00  5.36e-07 2.22e-16  1.69e-05     3s
  18   3.47237751e+00  2.82686330e+00  4.02e-07 4.44e-16  1.01e-05     3s
  19   3.42801731e+00  2.91053595e+00  3.55e-07 2.22e-16  8.08e-06     3s
  20   3.25693865e+00  2.96661225e+00  1.77e-07 4.44e-16  4.53e-06     3s
  21   3.16907808e+00  3.01531559e+00  8.59e-08 4.44e-16  2.40e-06     4s
  22   3.12566072e+00  3.04110874e+00  4.10e-08 4.44e-16  1.32e-06     4s
  23   3.11386676e+00  3.05460067e+00  2.90e-08 4.44e-16  9.25e-07     4s
  24   3.10189910e+00  3.06732848e+00  1.69e-08 4.44e-16  5.40e-07     4s
  25   3.09706692e+00  3.07288080e+00  1.21e-08 4.44e-16  3.77e-07     4s
  26   3.09133107e+00  3.07853360e+00  6.43e-09 4.44e-16  2.00e-07     4s
  27   3.08657752e+00  3.08328810e+00  1.72e-09 4.44e-16  5.13e-08     4s
  28   3.08564396e+00  3.08392368e+00  8.87e-10 4.44e-16  2.68e-08     4s
  29   3.08522259e+00  3.08421036e+00  5.11e-10 4.44e-16  1.58e-08     4s
  30   3.08492123e+00  3.08442715e+00  3.79e-10 1.70e-14  7.71e-09     4s
  31   3.08470366e+00  3.08454058e+00  7.55e-10 9.82e-14  2.55e-09     4s
  32   3.08464287e+00  3.08461755e+00  1.15e-09 6.24e-14  3.95e-10     4s
  33   3.08463962e+00  3.08463588e+00  4.01e-10 1.69e-14  5.82e-11     4s

Barrier solved model in 33 iterations and 3.76 seconds (3.47 work units)
Optimal objective 3.08463962e+00

Extra simplex iterations after uncrush: 1

Root relaxation: objective 3.084639e+00, 4173 iterations, 2.12 seconds (2.13 work units)
Total elapsed time = 8.21s

    Nodes    |    Current Node    |     Objective Bounds      |     Work
 Expl Unexpl |  Obj  Depth IntInf | Incumbent    BestBd   Gap | It/Node Time

     0     0    3.08464    0  354   12.95576    3.08464  76.2%     -    9s
H    0     0                       8.8562495    3.82595  56.8%     -   29s
H    0     0                       7.7072575    3.82595  50.4%     -   29s
     0     0    3.82595    0  359    7.70726    3.82595  50.4%     -   29s
H    0     0                       7.6032213    3.82595  49.7%     -   31s
     0     0    3.87353    0  380    7.60322    3.87353  49.1%     -   35s
     0     0    3.87373    0  379    7.60322    3.87373  49.1%     -   36s
     0     0    3.87373    0  378    7.60322    3.87373  49.1%     -   36s
     0     0    3.95782    0  380    7.60322    3.95782  47.9%     -   40s
     0     0    3.96751    0  345    7.60322    3.96751  47.8%     -   41s
     0     0    3.96752    0  344    7.60322    3.96752  47.8%     -   42s
     0     0    3.98104    0  352    7.60322    3.98104  47.6%     -   45s
H    0     0                       6.1996841    3.98104  35.8%     -   46s
     0     0    3.98133    0  333    6.19968    3.98133  35.8%     -   47s
     0     0    3.98135    0  337    6.19968    3.98135  35.8%     -   47s
     0     0    3.98168    0  333    6.19968    3.98168  35.8%     -   48s
     0     0    3.98176    0  330    6.19968    3.98176  35.8%     -   49s
     0     0    3.98181    0  332    6.19968    3.98181  35.8%     -   50s
H    0     0                       6.0357484    3.98181  34.0%     -   52s
     0     0    3.98181    0  332    6.03575    3.98181  34.0%     -   52s
     0     0    3.98196    0  331    6.03575    3.98196  34.0%     -   52s
     0     0    3.98196    0  239    6.03575    3.98196  34.0%     -   56s
H    0     0                       5.7352605    3.98196  30.6%     -   59s
     0     2    3.98196    0  236    5.73526    3.98196  30.6%     -   61s
     3     8    4.22613    2  248    5.73526    3.98614  30.5%  2947   69s
     7    16    4.30248    3  255    5.73526    4.00543  30.2%  3653   73s
    15    32    4.34470    4  335    5.73526    4.00699  30.1%  3190   79s
    31    64    4.50958    5  357    5.73526    4.01875  29.9%  3813   87s
H   42    64                       5.7172372    4.01875  29.7%  3692   87s
H   48    64                       5.7108187    4.01918  29.6%  3553   87s
    63    96    4.51549    6  346    5.71082    4.01918  29.6%  3454  108s
    95   128    4.52374    7  327    5.71082    4.01918  29.6%  3135  115s
H  159   192                       5.7108187    4.01918  29.6%  2574  125s
H  172   192                       5.7108186    4.01918  29.6%  2499  125s
H  173   192                       5.6362011    4.01918  28.7%  2485  125s
H  175   192                       5.6037315    4.01918  28.3%  2461  125s
   235   281    4.55459   12  236    5.60373    4.01918  28.3%  2129  135s
   327   360    4.59579   13  249    5.60373    4.01918  28.3%  1886  146s
H  335   360                       5.5588025    4.01918  27.7%  1902  146s
H  352   360                       5.3196277    4.01918  24.4%  1895  146s
   359   419    4.58183   14  272    5.31963    4.01918  24.4%  1882  156s
   419   487    4.58223   15  263    5.31963    4.01918  24.4%  1766  161s
   487   568    4.59402   18  237    5.31963    4.01918  24.4%  1672  168s
   571   655    4.59427   19  232    5.31963    4.01918  24.4%  1571  175s
   766   855    4.61319   22  212    5.31963    4.01918  24.4%  1367  183s
H  865   956                       5.2363149    4.01918  23.2%  1283  255s
H  884   956                       5.2353515    4.01918  23.2%  1270  255s
H  890   956                       5.1304130    4.01918  21.7%  1265  255s
H  932   956                       5.0864451    4.01918  21.0%  1236  255s
H  960   956                       4.9760376    4.01918  19.2%  1211  255s
H  968   961                       4.7081203    4.01918  14.6%  1206  369s
H  970   961                       4.4366231    4.01918  9.41%  1210  369s
H  981   961                       4.4366231    4.01918  9.41%  1206  369s
  1023  1001     cutoff   24         4.43662    4.03413  9.07%  1195  385s
  1169  1082    4.10603    7  251    4.43662    4.03413  9.07%  1175  397s
  1278  1177    4.10641    8  201    4.43662    4.03413  9.07%  1220  408s
  1411  1245    4.13523   13  208    4.43662    4.03413  9.07%  1238  418s
  1521  1275     cutoff   18         4.43662    4.03413  9.07%  1273  430s
  1632  1348    4.18048   19  142    4.43662    4.03413  9.07%  1334  443s
  1767  1400     cutoff   24         4.43662    4.03413  9.07%  1364  457s
  1909  1423    4.18920   23  174    4.43662    4.03413  9.07%  1391  471s
  2012  1422    4.22287   27  197    4.43662    4.03413  9.07%  1465  491s
  2074  1437     cutoff   29         4.43662    4.03413  9.07%  1524  504s
  2194  1455    4.19044   17  234    4.43662    4.03413  9.07%  1573  527s
* 2310  1455              44       4.4119031    4.03413  8.56%  1632  527s
  2316  1498    4.21357   27  224    4.41190    4.03413  8.56%  1637  540s
  2448  1506     cutoff   36         4.41190    4.03413  8.56%  1676  559s
  2558  1523     cutoff   35         4.41190    4.03413  8.56%  1735  574s
  2672  1514     cutoff   34         4.41190    4.03413  8.56%  1779  587s
  2784  1527     cutoff   24         4.41190    4.08919  7.31%  1823  603s
  2902  1561    4.15066   11  224    4.41190    4.08919  7.31%  1862  616s
  3043  1551    4.37342   17  165    4.41190    4.08919  7.31%  1885  631s
  3159  1558     cutoff   20         4.41190    4.10641  6.92%  1947  648s
  3268  1567    4.40259   21  387    4.41190    4.10641  6.92%  2004  664s
  3391  1570     cutoff   22         4.41190    4.10641  6.92%  2043  685s
  3502  1603     cutoff   22         4.41190    4.10641  6.92%  2071  703s
  3659  1607    4.35836   28  234    4.41190    4.13165  6.35%  2105  747s
  3871  1625    4.26165   10  467    4.41190    4.14792  5.98%  2119  768s
  4034  1616     cutoff   12         4.41190    4.14792  5.98%  2165  786s
  4184  1601    4.30075   12  423    4.41190    4.14792  5.98%  2200  805s
  4305  1587     cutoff   14         4.41190    4.14792  5.98%  2252  823s
  4461  1575     cutoff   15         4.41190    4.17101  5.46%  2293  842s
  4614  1569    4.39497    8  112    4.41190    4.19549  4.91%  2341  866s
  4767  1542    4.27258   11  244    4.41190    4.19915  4.82%  2395  886s
  4933  1515     cutoff   14         4.41190    4.19971  4.81%  2443  906s
  5085  1478     cutoff   21         4.41190    4.21125  4.55%  2497  927s
  5251  1435     cutoff   24         4.41190    4.22060  4.34%  2539  951s
  5433  1376    4.37849   17  215    4.41190    4.22131  4.32%  2591  994s
  5628  1343    4.38386   11  408    4.41190    4.24240  3.84%  2632 1019s
  5853  1285     cutoff   12         4.41190    4.25009  3.67%  2661 1045s
  6035  1257     cutoff   13         4.41190    4.26346  3.36%  2701 1076s
  6298  1230    4.35245   13  316    4.41190    4.28282  2.93%  2707 1101s
  6559  1243     cutoff   14         4.41190    4.29704  2.60%  2710 1127s
  6897  1217    4.36246   17  272    4.41190    4.31750  2.14%  2695 1159s
  7397  1160    4.37494   15   71    4.41190    4.32907  1.88%  2628 1192s
  8007   936     cutoff   23         4.41190    4.34031  1.62%  2536 1216s
  8662   250     cutoff   15         4.41190    4.36813  0.99%  2447 1255s

Cutting planes:
  Learned: 6
  Gomory: 46
  Cover: 262
  Implied bound: 1781
  Clique: 90
  MIR: 574
  StrongCG: 3
  Flow cover: 266
  Zero half: 12
  RLT: 94
  Relax-and-lift: 153
  BQP: 7
  PSD: 8

Explored 9783 nodes (22019153 simplex iterations) in 1255.42 seconds (2827.41 work units)
Thread count was 32 (of 128 available processors)

Solution count 10: 4.4119 4.43662 4.43662 ... 5.31963

Optimal solution found (tolerance 5.00e-03)
Best objective 4.411903125001e+00, best bound 4.394389684080e+00, gap 0.3970%


*********************************************
*********************************************


Set parameter LogFile to value "/work/07346/ashukla/ls6/Norta_Results/norta_sm_16_3/60M"
Gurobi Optimizer version 10.0.2 build v10.0.2rc0 (linux64)

CPU model: AMD EPYC 7763 64-Core Processor, instruction set [SSE2|AVX|AVX2]
Thread count: 128 physical cores, 128 logical processors, using up to 32 threads

Optimize a model with 211771 rows, 77908 columns and 590024 nonzeros
Model fingerprint: 0x9ff0dbce
Variable types: 55968 continuous, 21940 integer (21578 binary)
Coefficient statistics:
  Matrix range     [1e-03, 1e+05]
  Objective range  [6e-02, 6e-02]
  Bounds range     [1e+00, 3e+00]
  RHS range        [1e-02, 6e+07]

MIP start from previous solve produced solution with objective 4.4119 (0.72s)
MIP start from previous solve produced solution with objective 4.4119 (0.73s)
Loaded MIP start from previous solve with objective 4.4119

Presolve removed 176759 rows and 50677 columns
Presolve time: 1.78s
Presolved: 35012 rows, 27231 columns, 126878 nonzeros
Variable types: 23563 continuous, 3668 integer (3603 binary)
Root barrier log...

Ordering time: 0.31s

Barrier statistics:
 Dense cols : 58
 AA' NZ     : 4.058e+05
 Factor NZ  : 3.249e+06 (roughly 50 MB of memory)
 Factor Ops : 1.427e+09 (less than 1 second per iteration)
 Threads    : 32

                  Objective                Residual
Iter       Primal          Dual         Primal    Dual     Compl     Time
   0  -1.00321056e+06 -2.87704800e+05  5.34e+04 1.68e-01  1.05e+03     3s
   1  -6.06958465e+05 -3.14440354e+05  3.16e+04 4.70e-01  6.36e+02     3s
   2  -1.99394960e+05 -4.10315235e+05  6.86e+03 2.01e-13  2.24e+02     3s
   3  -1.71264836e+04 -3.26742066e+05  9.02e+01 5.66e-13  2.31e+01     3s
   4  -4.37780610e+03 -1.62226126e+05  2.40e+01 8.27e-14  6.55e+00     3s
   5  -9.91639282e+02 -8.51008932e+04  6.29e+00 3.03e-14  2.16e+00     3s
   6  -9.37903604e+01 -4.50335815e+04  1.52e+00 1.33e-14  8.49e-01     3s
   7   1.35654425e+02 -6.65625688e+03  1.73e-01 2.32e-15  1.13e-01     3s
   8   1.06300897e+02 -7.74379950e+02  1.16e-02 1.78e-15  1.39e-02     3s
   9   3.49447040e+01 -1.38626608e+02  6.18e-04 2.89e-15  2.71e-03     3s
  10   1.26001076e+01 -5.21583300e+01  1.39e-04 1.11e-15  1.01e-03     3s
  11   5.71565438e+00 -1.90102958e+01  5.43e-05 4.44e-16  3.86e-04     3s
  12   5.61769810e+00 -1.13060318e+01  5.32e-05 4.44e-16  2.64e-04     3s
  13   3.97037907e+00 -6.58981489e+00  3.57e-05 4.44e-16  1.65e-04     3s
  14   2.46454699e+00 -2.52289395e+00  2.07e-05 4.44e-16  7.79e-05     3s
  15   1.64588792e+00 -1.34246154e+00  1.29e-05 2.22e-16  4.67e-05     3s
  16   1.13161422e+00 -2.39788190e-01  8.45e-06 4.44e-16  2.14e-05     3s
  17   6.89626774e-01  6.47306897e-02  4.33e-06 4.44e-16  9.78e-06     3s
  18   4.49150696e-01  1.57477579e-01  2.10e-06 4.44e-16  4.56e-06     3s
  19   3.59734085e-01  1.72319127e-01  1.29e-06 4.44e-16  2.93e-06     3s
  20   3.16460216e-01  1.89948979e-01  8.94e-07 4.44e-16  1.98e-06     3s
  21   2.79533868e-01  1.97718582e-01  5.56e-07 4.44e-16  1.28e-06     3s
  22   2.51758805e-01  2.04019200e-01  3.17e-07 2.22e-16  7.47e-07     3s
  23   2.44708152e-01  2.05674641e-01  2.51e-07 4.44e-16  6.11e-07     4s
  24   2.36391129e-01  2.10825902e-01  1.82e-07 4.44e-16  4.00e-07     4s
  25   2.31729082e-01  2.12506326e-01  1.35e-07 4.44e-16  3.01e-07     4s
  26   2.27040555e-01  2.14792817e-01  9.34e-08 4.44e-16  1.92e-07     4s
  27   2.22864565e-01  2.15895592e-01  5.38e-08 4.44e-16  1.09e-07     4s
  28   2.21861340e-01  2.16429006e-01  4.29e-08 2.22e-16  8.50e-08     4s
  29   2.20166559e-01  2.16569462e-01  2.45e-08 4.44e-16  5.63e-08     4s
  30   2.19391990e-01  2.17277365e-01  1.63e-08 4.44e-16  3.31e-08     4s
  31   2.18959383e-01  2.17551963e-01  1.17e-08 4.44e-16  2.20e-08     4s
  32   2.18565872e-01  2.17642627e-01  8.13e-09 3.28e-15  1.45e-08     4s
  33   2.18270776e-01  2.17736325e-01  4.81e-09 2.13e-14  8.37e-09     4s
  34   2.18121357e-01  2.17769685e-01  3.25e-09 1.00e-13  5.51e-09     4s
  35   2.17888184e-01  2.17816024e-01  6.07e-10 1.43e-13  1.13e-09     4s
  36   2.17873894e-01  2.17817446e-01  4.46e-10 1.32e-13  8.83e-10     4s
  37   2.17843405e-01  2.17828526e-01  2.91e-10 8.27e-14  2.33e-10     4s
  38   2.17839444e-01  2.17832254e-01  2.24e-10 2.90e-14  1.13e-10     4s
  39   2.17834299e-01  2.17833418e-01  9.11e-10 5.96e-15  1.38e-11     4s

Barrier solved model in 39 iterations and 3.82 seconds (3.60 work units)
Optimal objective 2.17834299e-01


Root simplex log...

Iteration    Objective       Primal Inf.    Dual Inf.      Time
    6816    2.1783522e-01   0.000000e+00   1.019378e+00      5s
    7394    2.1783402e-01   0.000000e+00   0.000000e+00      5s
    7398    2.1783402e-01   0.000000e+00   0.000000e+00      5s
Extra simplex iterations after uncrush: 4

Root relaxation: objective 2.178340e-01, 7398 iterations, 2.91 seconds (3.34 work units)

    Nodes    |    Current Node    |     Objective Bounds      |     Work
 Expl Unexpl |  Obj  Depth IntInf | Incumbent    BestBd   Gap | It/Node Time

     0     0    0.21783    0  198    4.41190    0.21783  95.1%     -    8s
H    0     0                       2.8597291    0.21783  92.4%     -   10s
H    0     0                       2.8597291    0.30259  89.4%     -   28s
H    0     0                       1.9552004    0.30259  84.5%     -   28s
     0     0    0.30259    0  260    1.95520    0.30259  84.5%     -   28s
H    0     0                       1.9548834    0.30259  84.5%     -   31s
     0     0    0.31546    0  249    1.95488    0.31546  83.9%     -   32s
H    0     0                       1.9109000    0.32358  83.1%     -   38s
     0     0    0.32358    0  246    1.91090    0.32358  83.1%     -   38s
     0     0    0.32688    0  266    1.91090    0.32688  82.9%     -   43s
     0     0    0.32844    0  260    1.91090    0.32844  82.8%     -   46s
H    0     0                       1.8530687    0.32844  82.3%     -   48s
     0     0    0.32963    0  234    1.85307    0.32963  82.2%     -   50s
     0     0    0.33000    0  275    1.85307    0.33000  82.2%     -   53s
     0     0    0.33010    0  279    1.85307    0.33010  82.2%     -   54s
     0     0    0.33013    0  251    1.85307    0.33013  82.2%     -   54s
H    0     0                       1.8264462    0.33013  81.9%     -   57s
     0     0    0.33014    0  250    1.82645    0.33014  81.9%     -   57s
     0     0    0.33024    0  243    1.82645    0.33024  81.9%     -   58s
H    0     0                       1.8259276    0.33024  81.9%     -   62s
     0     0    0.33026    0  243    1.82593    0.33026  81.9%     -   62s
     0     0    0.33040    0  228    1.82593    0.33040  81.9%     -   63s
     0     0    0.33041    0  227    1.82593    0.33041  81.9%     -   65s
     0     0    0.33042    0  236    1.82593    0.33042  81.9%     -   66s
     0     0    0.33046    0  225    1.82593    0.33046  81.9%     -   67s
     0     0    0.33052    0  223    1.82593    0.33052  81.9%     -   68s
     0     0    0.33052    0  164    1.82593    0.33052  81.9%     -   73s
     0     2    0.33052    0  164    1.82593    0.33052  81.9%     -   81s
     1     4    0.53607    1  160    1.82593    0.33052  81.9%  5868   86s
     3     8    0.62096    2  154    1.82593    0.33133  81.9%  3010   94s
     7    16    0.77018    3  172    1.82593    0.33154  81.8%  3243   98s
    15    30    1.39021    4  177    1.82593    0.33225  81.8%  3022  105s
    31    48     cutoff    5         1.82593    0.33251  81.8%  3088  117s
H   32    48                       1.7783339    0.33251  81.3%  2991  117s
    61    77    0.33299    6  191    1.77833    0.33299  81.3%  2784  126s
    93   108    0.33352    7  213    1.77833    0.33299  81.3%  2945  131s
H   95   108                       0.9271179    0.33299  64.1%  2890  131s
   125    99    0.33793    8  229    0.92712    0.33299  64.1%  2523  138s
H  157    91                       0.9271179    0.33299  64.1%  2144  147s
H  158    91                       0.9218943    0.33299  63.9%  2134  147s
H  160    91                       0.9203731    0.33299  63.8%  2122  147s
   189    87    0.33885   10  235    0.92037    0.33299  63.8%  1891  154s
H  231   111                       0.9203731    0.33299  63.8%  1763  174s
H  235   111                       0.8269026    0.33299  59.7%  1802  174s
H  236   111                       0.7452675    0.33299  55.3%  1800  174s
   263   121    0.47825   11  249    0.74527    0.33299  55.3%  1817  181s
H  310   141                       0.4914113    0.33299  32.2%  1701  300s
H  311   141                       0.4438838    0.33299  25.0%  1700  300s
H  317   141                       0.4418531    0.33299  24.6%  1677  300s
   345    56     cutoff   13         0.44185    0.33352  24.5%  1703  306s
   434    31    0.38301    8  205    0.44185    0.34394  22.2%  1433  314s
   475    30     cutoff    9         0.44185    0.34938  20.9%  1420  320s
   504    34    0.35246   18  191    0.44185    0.34979  20.8%  1385  326s
   534    46     cutoff   19         0.44185    0.35127  20.5%  1382  331s
   573    76    0.39285   21  112    0.44185    0.35438  19.8%  1384  337s
   647   110    0.39833   24  113    0.44185    0.37205  15.8%  1310  340s
   866   125    0.42527   25  107    0.44185    0.37234  15.7%  1076  349s
   966    97     cutoff   25         0.44185    0.37278  15.6%  1067  386s
* 1040    97              40       0.4380488    0.37278  14.9%  1103  386s
  1050    67     cutoff   25         0.43805    0.37278  14.9%  1097  390s
  1118    51     cutoff   32         0.43805    0.37358  14.7%  1102  397s
  1174    23    0.43573   27  237    0.43805    0.37358  14.7%  1111  402s
  1216     8    0.41211   19   92    0.43805    0.37358  14.7%  1131  405s

Cutting planes:
  Learned: 7
  Gomory: 35
  Cover: 272
  Implied bound: 1636
  Clique: 120
  MIR: 267
  Flow cover: 125
  Zero half: 2
  RLT: 38
  Relax-and-lift: 147
  BQP: 16
  PSD: 4

Explored 1251 nodes (1464882 simplex iterations) in 407.99 seconds (844.53 work units)
Thread count was 32 (of 128 available processors)

Solution count 10: 0.438049 0.441853 0.443884 ... 0.927118

Optimal solution found (tolerance 5.00e-03)
Best objective 4.380487500005e-01, best bound 4.380487500005e-01, gap 0.0000%


*********************************************
*********************************************


Set parameter LogFile to value "/work/07346/ashukla/ls6/Norta_Results/norta_sm_16_3/80M"
Gurobi Optimizer version 10.0.2 build v10.0.2rc0 (linux64)

CPU model: AMD EPYC 7763 64-Core Processor, instruction set [SSE2|AVX|AVX2]
Thread count: 128 physical cores, 128 logical processors, using up to 32 threads

Optimize a model with 211771 rows, 77908 columns and 590024 nonzeros
Model fingerprint: 0x0dc5959a
Variable types: 55968 continuous, 21940 integer (21578 binary)
Coefficient statistics:
  Matrix range     [1e-03, 1e+05]
  Objective range  [6e-02, 6e-02]
  Bounds range     [1e+00, 3e+00]
  RHS range        [1e-02, 8e+07]

MIP start from previous solve produced solution with objective 0.438049 (0.77s)
Loaded MIP start from previous solve with objective 0.438049

Presolve removed 181008 rows and 51380 columns
Presolve time: 2.04s
Presolved: 30763 rows, 26528 columns, 114801 nonzeros
Variable types: 23005 continuous, 3523 integer (3463 binary)
Root barrier log...

Ordering time: 0.27s

Barrier statistics:
 Dense cols : 43
 AA' NZ     : 3.159e+05
 Factor NZ  : 2.393e+06 (roughly 40 MB of memory)
 Factor Ops : 8.326e+08 (less than 1 second per iteration)
 Threads    : 32

                  Objective                Residual
Iter       Primal          Dual         Primal    Dual     Compl     Time
   0  -6.85943051e+04 -2.44289698e+05  3.44e+02 1.68e-01  7.38e+01     3s
   1  -2.49952850e+04 -2.08468812e+05  1.26e+02 3.60e-01  2.79e+01     3s
   2  -5.88960226e+02 -1.12656838e+05  4.06e+00 2.06e-14  2.59e+00     3s
   3  -1.59522150e+01 -3.84510683e+04  1.11e+00 8.56e-15  7.67e-01     3s
   4   1.50503837e+02 -4.17501787e+03  1.04e-01 1.98e-15  7.82e-02     3s
   5   1.04399613e+02 -1.17313928e+03  1.46e-02 1.78e-15  2.23e-02     3s
   6   5.69679019e+01 -4.80559225e+02  4.72e-03 6.31e-16  9.32e-03     3s
   7   3.03834627e+01 -1.95177026e+02  1.86e-03 6.66e-16  3.91e-03     3s
   8   1.10422739e+01 -8.24390076e+01  3.62e-04 4.44e-16  1.61e-03     3s
   9   4.43060849e+00 -2.70584644e+01  9.39e-05 4.44e-16  5.44e-04     3s
  10   7.83131007e-01 -7.60381211e+00  4.81e-06 4.44e-16  1.45e-04     4s
  11   1.08266032e-01 -8.16069461e-01  3.13e-07 4.44e-16  1.59e-05     4s
  12   1.52115236e-02 -8.33075952e-02  2.90e-08 4.44e-16  1.70e-06     4s
  13   1.86102646e-03 -1.39710266e-02  3.37e-09 4.44e-16  2.73e-07     4s
  14   1.36353599e-04 -6.49571358e-04  2.32e-10 4.44e-16  1.36e-08     4s
  15   2.43265674e-07 -1.19231373e-06  1.38e-11 4.44e-16  2.48e-11     4s
  16   9.13075837e-10 -1.19149490e-09  1.56e-10 4.44e-16  3.63e-14     4s

Barrier solved model in 16 iterations and 3.63 seconds (3.15 work units)
Optimal objective 9.13075837e-10


Root relaxation: objective 1.023182e-12, 3780 iterations, 1.62 seconds (1.53 work units)
Total elapsed time = 9.24s
Total elapsed time = 10.30s

    Nodes    |    Current Node    |     Objective Bounds      |     Work
 Expl Unexpl |  Obj  Depth IntInf | Incumbent    BestBd   Gap | It/Node Time

     0     0    0.00000    0   17    0.43805    0.00000   100%     -   11s
     0     0    0.00000    0   46    0.43805    0.00000   100%     -   12s
     0     0    0.00000    0   45    0.43805    0.00000   100%     -   14s
     0     0    0.00000    0   13    0.43805    0.00000   100%     -   17s
H    0     0                       0.1346312    0.00000   100%     -   18s
     0     0    0.00000    0   18    0.13463    0.00000   100%     -   18s
     0     0    0.00000    0    6    0.13463    0.00000   100%     -   19s
     0     0    0.00000    0    7    0.13463    0.00000   100%     -   20s
     0     0    0.00000    0    7    0.13463    0.00000   100%     -   21s
     0     2    0.00000    0    7    0.13463    0.00000   100%     -   22s
     1     3    0.00050    1   62    0.13463    0.00000   100% 11856   31s
     6    10 infeasible    3         0.13463    0.00000   100%  3022   40s
*   12    12               4       0.0000000    0.00000  0.00%  2936   49s

Cutting planes:
  Learned: 3
  Cover: 35
  Implied bound: 378
  Clique: 4
  MIR: 34
  Flow cover: 4
  RLT: 9
  Relax-and-lift: 4

Explored 22 nodes (90833 simplex iterations) in 49.23 seconds (92.35 work units)
Thread count was 32 (of 128 available processors)

Solution count 3: 5.68434e-13 0.134631 0.438049 

Optimal solution found (tolerance 5.00e-03)
Best objective 5.684341886081e-13, best bound 5.684341886081e-13, gap 0.0000%


*********************************************
*********************************************


