Set parameter TokenServer to value "license02.tacc.utexas.edu"
Set parameter LogFile to value "/work/07346/ashukla/ls6/Norta_Results/norta_sm_16_24/0M"
Set parameter MIPGap to value 0.005
Set parameter TimeLimit to value 32400
Set parameter Method to value 2
Gurobi Optimizer version 10.0.2 build v10.0.2rc0 (linux64)

CPU model: AMD EPYC 7763 64-Core Processor, instruction set [SSE2|AVX|AVX2]
Thread count: 128 physical cores, 128 logical processors, using up to 32 threads

Optimize a model with 211803 rows, 77908 columns and 590120 nonzeros
Model fingerprint: 0x690b7c75
Variable types: 55968 continuous, 21940 integer (21578 binary)
Coefficient statistics:
  Matrix range     [1e-03, 1e+05]
  Objective range  [6e-02, 6e-02]
  Bounds range     [1e+00, 3e+00]
  RHS range        [1e-02, 2e+04]
Presolve removed 210924 rows and 76728 columns
Presolve time: 1.56s
Presolved: 879 rows, 1180 columns, 4005 nonzeros
Variable types: 1032 continuous, 148 integer (148 binary)
Found heuristic solution: objective 67.6258578
Root barrier log...

Ordering time: 0.00s

Barrier statistics:
 AA' NZ     : 4.668e+03
 Factor NZ  : 2.166e+04 (roughly 1 MB of memory)
 Factor Ops : 1.097e+06 (less than 1 second per iteration)
 Threads    : 1

                  Objective                Residual
Iter       Primal          Dual         Primal    Dual     Compl     Time
   0  -1.91368036e+03 -8.14156450e+03  1.57e+02 2.05e-01  3.52e+01     2s
   1  -3.10734708e+01 -4.19038763e+03  7.06e+00 1.11e-15  3.32e+00     2s
   2   4.89519425e+01 -4.96696566e+02  6.34e-01 1.33e-15  3.26e-01     2s
   3   5.38454581e+01 -5.65441060e+00  4.97e-02 1.11e-15  3.10e-02     2s
   4   4.90864374e+01  3.30939345e+01  1.37e-03 4.44e-16  7.92e-03     2s
   5   4.64475845e+01  4.26370687e+01  2.45e-05 8.88e-16  1.88e-03     2s
   6   4.60312770e+01  4.48290721e+01  9.36e-06 2.40e-16  5.93e-04     2s
   7   4.58076354e+01  4.52710266e+01  2.07e-06 4.44e-16  2.65e-04     2s
   8   4.57856218e+01  4.55914451e+01  1.48e-06 2.22e-16  9.58e-05     2s
   9   4.57404986e+01  4.56562380e+01  1.91e-07 2.22e-16  4.16e-05     2s
  10   4.57308448e+01  4.57222561e+01  8.62e-09 2.22e-16  4.24e-06     2s
  11   4.57300308e+01  4.57299488e+01  6.15e-11 4.44e-16  4.05e-08     2s
  12   4.57300207e+01  4.57300206e+01  5.41e-10 2.22e-16  4.05e-11     2s

Barrier solved model in 12 iterations and 1.67 seconds (1.74 work units)
Optimal objective 4.57300207e+01


Root relaxation: objective 4.573002e+01, 20 iterations, 0.02 seconds (0.01 work units)

    Nodes    |    Current Node    |     Objective Bounds      |     Work
 Expl Unexpl |  Obj  Depth IntInf | Incumbent    BestBd   Gap | It/Node Time

     0     0   45.73002    0    2   67.62586   45.73002  32.4%     -    1s
H    0     0                      45.7306930   45.73002  0.00%     -    1s

Explored 1 nodes (20 simplex iterations) in 1.69 seconds (1.75 work units)
Thread count was 32 (of 128 available processors)

Solution count 2: 45.7307 67.6259 

Optimal solution found (tolerance 5.00e-03)
Best objective 4.573069304749e+01, best bound 4.573002065049e+01, gap 0.0015%


*********************************************
*********************************************


Set parameter LogFile to value "/work/07346/ashukla/ls6/Norta_Results/norta_sm_16_24/20M"
Gurobi Optimizer version 10.0.2 build v10.0.2rc0 (linux64)

CPU model: AMD EPYC 7763 64-Core Processor, instruction set [SSE2|AVX|AVX2]
Thread count: 128 physical cores, 128 logical processors, using up to 32 threads

Optimize a model with 211803 rows, 77908 columns and 590120 nonzeros
Model fingerprint: 0x5e181181
Variable types: 55968 continuous, 21940 integer (21578 binary)
Coefficient statistics:
  Matrix range     [1e-03, 1e+05]
  Objective range  [6e-02, 6e-02]
  Bounds range     [1e+00, 3e+00]
  RHS range        [1e-02, 2e+07]

MIP start from previous solve produced solution with objective 45.7307 (0.61s)
MIP start from previous solve produced solution with objective 45.7307 (0.61s)
Loaded MIP start from previous solve with objective 45.7307

Presolve removed 176320 rows and 50669 columns
Presolve time: 1.79s
Presolved: 35483 rows, 27239 columns, 128337 nonzeros
Variable types: 23562 continuous, 3677 integer (3613 binary)
Root barrier log...

Ordering time: 0.32s

Barrier statistics:
 Dense cols : 49
 AA' NZ     : 4.416e+05
 Factor NZ  : 3.757e+06 (roughly 50 MB of memory)
 Factor Ops : 1.987e+09 (less than 1 second per iteration)
 Threads    : 32

                  Objective                Residual
Iter       Primal          Dual         Primal    Dual     Compl     Time
   0  -1.02097893e+06 -2.88619263e+05  5.46e+04 1.68e-01  1.07e+03     3s
   1  -6.20557745e+05 -3.24000497e+05  3.27e+04 4.07e-01  6.44e+02     3s
   2  -1.48751628e+05 -3.93871327e+05  7.14e+03 1.10e-13  1.67e+02     3s
   3  -2.42116257e+04 -2.83080018e+05  1.06e+03 4.82e-13  2.91e+01     3s
   4  -5.80635486e+03 -1.49327676e+05  2.74e+02 5.50e-14  7.59e+00     3s
   5  -2.29769637e+03 -1.00641744e+05  9.46e+01 1.91e-14  3.49e+00     3s
   6  -8.43667155e+02 -7.51453875e+04  2.52e+01 1.26e-14  1.87e+00     3s
   7  -6.44582554e+02 -4.83876279e+04  2.09e+01 5.72e-15  1.21e+00     3s
   8  -2.41504133e+00 -1.46653252e+04  9.76e-01 1.72e-15  2.91e-01     3s
   9   1.16669108e+02 -2.70187049e+03  2.28e-01 2.22e-15  5.06e-02     3s
  10   8.74226875e+01 -3.65139757e+02  1.22e-02 1.33e-15  7.16e-03     3s
  11   5.11552379e+01 -1.54363085e+02  4.90e-03 1.73e-14  3.22e-03     3s
  12   3.33507034e+01 -7.76237181e+01  2.40e-03 9.10e-15  1.74e-03     3s
  13   2.66049874e+01 -4.52534949e+01  1.61e-03 6.44e-15  1.12e-03     3s
  14   2.17619547e+01 -2.28177786e+01  1.06e-03 4.00e-15  6.97e-04     3s
  15   1.89340587e+01 -1.31831954e+01  7.51e-04 2.44e-15  5.02e-04     3s
  16   1.52954303e+01 -7.98720078e+00  3.63e-04 2.22e-15  3.63e-04     3s
  17   1.39850867e+01  2.67932760e+00  2.41e-04 8.88e-16  1.76e-04     3s
  18   1.27236724e+01  5.44974235e+00  1.32e-04 6.66e-16  1.13e-04     3s
  19   1.23703321e+01  7.38743392e+00  1.05e-04 4.44e-16  7.77e-05     3s
  20   1.21366600e+01  8.02184762e+00  8.43e-05 4.44e-16  6.42e-05     3s
  21   1.18629845e+01  9.23736727e+00  6.30e-05 4.44e-16  4.10e-05     3s
  22   1.14452067e+01  9.96577441e+00  3.18e-05 4.44e-16  2.31e-05     3s
  23   1.12530649e+01  1.03708645e+01  1.76e-05 4.44e-16  1.38e-05     3s
  24   1.11389193e+01  1.06227133e+01  9.49e-06 4.44e-16  8.04e-06     3s
  25   1.11031344e+01  1.07384453e+01  6.98e-06 2.22e-16  5.68e-06     4s
  26   1.10665495e+01  1.08674946e+01  4.44e-06 4.44e-16  3.11e-06     4s
  27   1.10393438e+01  1.09202285e+01  2.57e-06 4.44e-16  1.86e-06     4s
  28   1.10279721e+01  1.09744393e+01  1.84e-06 4.44e-16  8.39e-07     4s
  29   1.10191348e+01  1.09820322e+01  1.23e-06 4.44e-16  5.81e-07     4s
  30   1.10109322e+01  1.09913414e+01  6.60e-07 4.44e-16  3.07e-07     4s
  31   1.10043907e+01  1.09955017e+01  2.17e-07 4.44e-16  1.39e-07     4s
  32   1.10017987e+01  1.09991160e+01  4.46e-08 5.32e-16  4.18e-08     4s
  33   1.10011708e+01  1.10005724e+01  7.89e-09 1.22e-15  9.29e-09     4s
  34   1.10010847e+01  1.10009942e+01  4.77e-09 8.52e-16  1.41e-09     4s
  35   1.10010632e+01  1.10010502e+01  3.42e-10 2.77e-15  2.01e-10     4s
  36   1.10010616e+01  1.10010613e+01  1.45e-09 6.31e-16  3.92e-12     4s

Barrier solved model in 36 iterations and 3.76 seconds (3.65 work units)
Optimal objective 1.10010616e+01


Root relaxation: objective 1.100106e+01, 6353 iterations, 2.04 seconds (2.13 work units)
Total elapsed time = 7.39s

    Nodes    |    Current Node    |     Objective Bounds      |     Work
 Expl Unexpl |  Obj  Depth IntInf | Incumbent    BestBd   Gap | It/Node Time

     0     0   11.00106    0  430   45.73069   11.00106  75.9%     -    8s
H    0     0                      22.9168940   11.00106  52.0%     -   10s
H    0     0                      17.5267569   11.96759  31.7%     -   25s
     0     0   11.96759    0  558   17.52676   11.96759  31.7%     -   25s
     0     0   12.00745    0  511   17.52676   12.00745  31.5%     -   30s
     0     0   12.00895    0  527   17.52676   12.00895  31.5%     -   31s
     0     0   12.01047    0  544   17.52676   12.01047  31.5%     -   31s
     0     0   12.01063    0  543   17.52676   12.01063  31.5%     -   31s
     0     0   12.16215    0  611   17.52676   12.16215  30.6%     -   36s
H    0     0                      17.3728400   12.16215  30.0%     -   38s
     0     0   12.16767    0  601   17.37284   12.16767  30.0%     -   39s
     0     0   12.16909    0  601   17.37284   12.16909  30.0%     -   39s
     0     0   12.16991    0  601   17.37284   12.16991  29.9%     -   39s
     0     0   12.16991    0  601   17.37284   12.16991  29.9%     -   39s
H    0     0                      16.4490952   12.16991  26.0%     -   41s
     0     0   12.22392    0  527   16.44910   12.22392  25.7%     -   43s
H    0     0                      16.3482057   12.22392  25.2%     -   46s
     0     0   12.22986    0  531   16.34821   12.22986  25.2%     -   47s
     0     0   12.23024    0  537   16.34821   12.23024  25.2%     -   47s
     0     0   12.23025    0  540   16.34821   12.23025  25.2%     -   47s
     0     0   12.23543    0  530   16.34821   12.23543  25.2%     -   49s
     0     0   12.23617    0  524   16.34821   12.23617  25.2%     -   52s
     0     0   12.23617    0  524   16.34821   12.23617  25.2%     -   52s
     0     0   12.23643    0  521   16.34821   12.23643  25.2%     -   52s
     0     0   12.23643    0  521   16.34821   12.23643  25.2%     -   55s
     0     0   12.23643    0  536   16.34821   12.23643  25.2%     -   55s
     0     0   12.24077    0  525   16.34821   12.24077  25.1%     -   56s
     0     0   12.24270    0  530   16.34821   12.24270  25.1%     -   57s
     0     0   12.24284    0  520   16.34821   12.24284  25.1%     -   58s
     0     0   12.24379    0  500   16.34821   12.24379  25.1%     -   59s
     0     0   12.24399    0  522   16.34821   12.24399  25.1%     -   59s
     0     0   12.24421    0  527   16.34821   12.24421  25.1%     -   60s
     0     0   12.24421    0  524   16.34821   12.24421  25.1%     -   63s
     0     0   12.24434    0  522   16.34821   12.24434  25.1%     -   63s
     0     0   12.24434    0  480   16.34821   12.24434  25.1%     -   66s
H    0     0                      16.3482057   12.24434  25.1%     -   71s
     0     2   12.24434    0  480   16.34821   12.24434  25.1%     -   72s
     1     4   12.80718    1  469   16.34821   12.24434  25.1%  4729   77s
     3     8   13.16445    2  437   16.34821   12.39966  24.2%  3471   83s
     7    16   13.71689    3  638   16.34821   12.41180  24.1%  3535   91s
    15    32   13.73322    4  652   16.34821   12.50231  23.5%  3061   98s
    31    64   13.86333    5  606   16.34821   12.51337  23.5%  3214  106s
    63    96   13.89844    6  555   16.34821   12.52211  23.4%  2660  129s
    95   128   13.91587    7  659   16.34821   12.52211  23.4%  2691  134s
   127   160   13.99426    8  659   16.34821   12.52211  23.4%  2564  139s
H  159   192                      16.1834485   12.52211  22.6%  2375  165s
H  169   192                      16.0998334   12.52211  22.2%  2294  165s
   240   295   14.08785   11  497   16.09983   12.52211  22.2%  1886  186s
   294   343   14.23136   12  493   16.09983   12.52211  22.2%  1745  193s
   342   378   14.27528   12  475   16.09983   12.52211  22.2%  1666  199s
H  359   378                      15.9665555   12.52211  21.6%  1661  199s
   377   419   14.46761   13  462   15.96656   12.52211  21.6%  1625  206s
   418   476   14.34264   13  483   15.96656   12.52211  21.6%  1697  214s
   475   543   14.58398   14  461   15.96656   12.52211  21.6%  1668  219s
   542   622   14.58881   15  463   15.96656   12.52211  21.6%  1571  225s
   710   801   14.70019   19  329   15.96656   12.52211  21.6%  1369  234s
   803   904   14.87419   19  416   15.96656   12.52211  21.6%  1297  240s
   912  1017   14.77705   20  372   15.96656   12.52211  21.6%  1210  247s
  1027  1120   14.74745   21  319   15.96656   12.52211  21.6%  1138  254s
  1146  1250   14.77538   23  320   15.96656   12.52211  21.6%  1083  259s
  1288  1362   14.86242   26  316   15.96656   12.52211  21.6%  1028  264s
  1427  1430   14.87847   27  432   15.96656   12.52211  21.6%   990  274s
H 1438  1430                      15.9463324   12.52211  21.5%   987  274s
H 1456  1430                      15.9362568   12.52211  21.4%   984  274s
  1528  1504   14.92627   28  330   15.93626   12.52211  21.4%   979  280s
H 1532  1504                      14.9781644   12.52211  16.4%   978  280s
  1630  1534     cutoff   29        14.97816   12.52211  16.4%   971  289s
  1730  1560     cutoff   28        14.97816   12.52211  16.4%   992  402s
H 1731  1560                      14.0461177   12.52211  10.9%   991  402s
H 1739  1560                      13.9665804   12.52211  10.3%   993  402s
H 1755  1560                      13.8160842   12.52211  9.37%  1022  402s
  1764  1559     cutoff   29        13.81608   12.52505  9.34%  1032  414s
  1857  1590   12.97224    7  511   13.81608   12.54479  9.20%  1072  422s
  1912  1617   13.11281    8  403   13.81608   12.54479  9.20%  1120  430s
  1989  1629   13.16276    9  455   13.81608   12.54479  9.20%  1158  441s
  2063  1643   13.29514   12  424   13.81608   12.54479  9.20%  1200  450s
  2141  1651   13.49005   14  531   13.81608   12.54479  9.20%  1238  460s
  2223  1650     cutoff   17        13.81608   12.54479  9.20%  1277  469s
  2300  1668     cutoff   16        13.81608   12.54479  9.20%  1320  479s
  2372  1713   13.62449   15  517   13.81608   12.54479  9.20%  1360  488s
  2467  1744   13.70133   18  416   13.81608   12.54479  9.20%  1383  497s
  2578  1779   13.76337   20  568   13.81608   12.54479  9.20%  1400  510s
  2694  1813   13.76538   20  394   13.81608   12.56678  9.04%  1416  519s
H 2825  1742                      13.8160823   12.59570  8.83%  1416  544s
  2872  1822   12.76338    7  406   13.81608   12.59570  8.83%  1430  558s
  3050  1789   13.04006    9  467   13.81608   12.59570  8.83%  1415  568s
* 3071  1789              79      13.8155722   12.59570  8.83%  1415  568s
  3210  1808   12.85190    9  311   13.81557   12.59570  8.83%  1416  578s
  3358  1791   13.05171   12  500   13.81557   12.59570  8.83%  1422  588s
  3500  1756   13.08801   13  453   13.81557   12.59570  8.83%  1435  601s
  3632  1781   13.08134   13  385   13.81557   12.59570  8.83%  1455  613s
  3781  1786   13.17765   15  486   13.81557   12.59570  8.83%  1462  626s
  3929  1732   13.23372   19  347   13.81557   12.59570  8.83%  1477  702s
H 3932  1732                      13.8155722   12.59570  8.83%  1477  702s
H 3939  1732                      13.8155697   12.59570  8.83%  1478  702s
H 3965  1732                      13.7950389   12.59570  8.69%  1478  702s
  3974  1777   13.25719   20  326   13.79504   12.59570  8.69%  1483  713s
  4140  1810   13.36381   24  265   13.79504   12.59570  8.69%  1496  727s
  4343  1828   13.52768   29  158   13.79504   12.59570  8.69%  1504  741s
  4571  1826   13.70324   33  202   13.79504   12.63078  8.44%  1499  755s
  4829  1878   13.47272    8  515   13.79504   12.64962  8.30%  1487  770s
  5063  1895   13.63229   10  411   13.79504   12.64962  8.30%  1480  850s
H 5064  1895                      13.7948968   12.64962  8.30%  1480  850s
H 5075  1895                      13.7948911   12.64962  8.30%  1480  850s
H 5076  1895                      13.7948910   12.64962  8.30%  1481  850s
H 5084  1895                      13.7948907   12.64962  8.30%  1483  850s
  5114  2005   13.66942   11  382   13.79489   12.64962  8.30%  1484  868s
  5373  2129     cutoff   11        13.79489   12.85510  6.81%  1479  883s
  5639  2273   13.19559   14  235   13.79489   12.85510  6.81%  1476  901s
  5940  2274   13.52144   12  480   13.79489   12.85510  6.81%  1464 1229s
  5942  2275   13.01262   16  447   13.79489   12.85510  6.81%  1463 1238s
  5943  2276   13.37157   12  636   13.79489   12.85510  6.81%  1463 1270s
  5944  2277   13.51852   22  499   13.79489   12.85510  6.81%  1463 1276s
  5946  2278   13.32006   13  511   13.79489   12.85510  6.81%  1462 1281s
  5947  2279   13.77481   31  475   13.79489   12.85510  6.81%  1462 1291s
  5949  2280   13.42398    8  463   13.79489   12.85510  6.81%  1462 1302s
  5951  2281   13.25094   17  467   13.79489   12.85510  6.81%  1461 1308s
  5952  2282   13.48429   29  467   13.79489   12.85510  6.81%  1461 1312s
  5953  2283   13.71002   30  467   13.79489   12.85510  6.81%  1461 1317s
  5954  2286   12.85510   13  571   13.79489   12.85510  6.81%  10.3 1324s
  5956  2290   12.85510   14  717   13.79489   12.85510  6.81%  11.7 1338s
  5960  2296   13.22700   15  716   13.79489   12.85510  6.81%  15.3 1347s
  5968  2310   13.26907   16  699   13.79489   12.85510  6.81%  21.1 1358s
  5984  2335   13.46858   17  736   13.79489   12.85510  6.81%  28.1 1369s
  6016  2354   13.47871   18  655   13.79489   12.85510  6.81%  57.0 1377s
  6048  2366   13.68982   18  706   13.79489   12.85510  6.81%  68.5 1386s
  6080  2379   13.54678   19  757   13.79489   12.85510  6.81%  84.6 1394s
H 6091  2261                      13.7948026   12.85510  6.81%  87.7 1394s
  6112  2277   13.63840   20  764   13.79480   12.85510  6.81%  96.0 1403s
  6144  2289     cutoff   20        13.79480   12.85510  6.81%   106 1414s
H 6152  2178                      13.7948026   12.85510  6.81%   108 1414s
H 6153  2074                      13.7948026   12.85510  6.81%   108 1414s
H 6170  1970                      13.7948026   12.85510  6.81%   114 1414s
  6177  1997     cutoff   21        13.79480   12.85510  6.81%   116 1425s
  6218  2004     cutoff   21        13.79480   12.85510  6.81%   127 1433s
  6254  2012   13.74422   24  253   13.79480   12.85510  6.81%   139 1442s
  6295  2020     cutoff   25        13.79480   12.85510  6.81%   149 1533s
H 6296  1926                      13.7779639   12.85510  6.70%   149 1533s
H 6301  1837                      13.7778062   12.85510  6.70%   150 1533s
H 6304  1752                      13.7778038   12.85510  6.70%   151 1533s
H 6312  1669                      13.7070665   12.85510  6.22%   153 1533s
  6331  1665     cutoff   26        13.70707   12.85510  6.22%   158 1538s
  6388  1668   12.92770   19  473   13.70707   12.85510  6.22%   169 1547s
  6436  1682   13.01106   19  318   13.70707   12.85510  6.22%   183 1555s
  6496  1679   13.17682   20  487   13.70707   12.85510  6.22%   197 1674s
H 6501  1601                      13.7070665   12.85510  6.22%   199 1674s
H 6509  1526                      13.6897426   12.85510  6.10%   200 1674s
H 6519  1454                      13.6841033   12.85510  6.06%   202 1674s
  6529  1480   13.08455   20  320   13.68410   12.85510  6.06%   206 1683s
  6607  1497   13.19978   21  463   13.68410   12.85510  6.06%   224 1695s
  6689  1519   13.21734   22  462   13.68410   12.85510  6.06%   241 1702s
  6772  1542   13.25846   24  364   13.68410   12.85510  6.06%   256 1712s
  6855  1566   13.28731   26  438   13.68410   12.85510  6.06%   269 1725s
  6941  1577   13.32896   28  368   13.68410   12.85510  6.06%   279 1733s
  7029  1598   13.31133   29  376   13.68410   12.85510  6.06%   289 1744s
  7132  1609   13.32170   32  331   13.68410   12.85510  6.06%   302 1755s
  7216  1643   13.45210   35  261   13.68410   12.85510  6.06%   318 1766s
  7324  1656   13.49928   39  130   13.68410   12.85510  6.06%   330 1776s
  7439  1659   13.64596   40  200   13.68410   12.85510  6.06%   343 1789s
  7548  1636     cutoff   41        13.68410   12.85510  6.06%   359 1880s
H 7567  1565                      13.6841033   12.85510  6.06%   362 1880s
  7592  1607   12.93076   20  420   13.68410   12.85510  6.06%   367 1891s
  7715  1627   13.13003   22  370   13.68410   12.85510  6.06%   383 1904s
  7859  1632   13.27365   24  269   13.68410   12.85510  6.06%   400 1916s
  8022  1632   13.28912   26  178   13.68410   12.85510  6.06%   413 1928s
  8184  1643     cutoff   30        13.68410   12.85510  6.06%   428 1940s
  8341  1675     cutoff   31        13.68410   12.85510  6.06%   443 1955s
  8506  1714   13.20195   25  158   13.68410   12.85510  6.06%   461 1971s
  8682  1710   13.31095   30  142   13.68410   12.85510  6.06%   478 1994s
  8853  1729   13.43777   36  133   13.68410   12.85510  6.06%   499 2010s
  9032  1735   13.63070   47   93   13.68410   12.85510  6.06%   519 2026s
  9219  1720   12.97994   19  192   13.68410   12.85510  6.06%   538 2041s
  9399  1698   13.15251   22  161   13.68410   12.85510  6.06%   557 2056s
  9581  1701   13.20109   25  361   13.68410   12.85510  6.06%   579 2076s
  9818  1775   13.42725   28  102   13.68410   12.85510  6.06%   601 2091s
 10067  1860   13.52867   32  299   13.68410   12.85510  6.06%   619 2114s
 10317  1919   13.64477   37  300   13.68410   12.88490  5.84%   640 2131s
 10571  1962   13.65035   24  403   13.68410   13.03640  4.73%   659 2151s
 10822  2033     cutoff   23        13.68410   13.04041  4.70%   683 2171s
 11063  2168   13.52346   26  256   13.68410   13.06478  4.53%   712 2192s
 11381  2258     cutoff   27        13.68410   13.07924  4.42%   732 2214s
 11702  2387   13.35658   28  344   13.68410   13.07924  4.42%   755 2233s
 12055  2576     cutoff   39        13.68410   13.11026  4.19%   773 2253s
 12456  2681   13.66364   39  319   13.68410   13.13810  3.99%   791 2277s
 12778  2810   13.61207   34   96   13.68410   13.15332  3.88%   811 2303s
 13143  2908   13.44617   33  263   13.68410   13.15332  3.88%   830 2324s
 13534  3019   13.58862   28  358   13.68410   13.15938  3.83%   849 2348s
 13895  3175   13.48830   24  401   13.68410   13.18525  3.65%   876 2371s
 14329  3292     cutoff   28        13.68410   13.18525  3.65%   899 2394s
 14786  3474     cutoff   36        13.68410   13.19703  3.56%   915 2419s
 15333  3593   13.56824   21  367   13.68410   13.20690  3.49%   928 2449s
 15853  3718   13.58565   28  373   13.68410   13.21736  3.41%   945 2477s
 16331  3821     cutoff   33        13.68410   13.22343  3.37%   967 2514s
 16872  3912     cutoff   34        13.68410   13.23042  3.32%   984 2544s
 17370  4025   13.39998   35  312   13.68410   13.24216  3.23%  1003 2575s
 17966  4137     cutoff   23        13.68410   13.25547  3.13%  1020 2623s
 18580  4153   13.34033   23  278   13.68410   13.26189  3.09%  1040 2710s
 18692  4323   13.35119   24  319   13.68410   13.26612  3.05%  1047 2746s
 19394  4458   13.58582   31  111   13.68410   13.27172  3.01%  1063 2806s
 20054  4567   13.45491   27  414   13.68410   13.28413  2.92%  1082 2839s
 20748  4576   13.59079   36   98   13.68410   13.29652  2.83%  1099 2932s
 20802  4659   13.62858   37   89   13.68410   13.29851  2.82%  1101 2968s
 21571  4706     cutoff   40        13.68410   13.30581  2.76%  1116 3065s
 22271  4796     cutoff   36        13.68410   13.31210  2.72%  1133 3105s
 23001  4856   13.55942   28  448   13.68410   13.31957  2.66%  1150 3151s
 23719  4904     cutoff   30        13.68410   13.32876  2.60%  1170 3195s
 24522  5041   13.62089   31  310   13.68410   13.33794  2.53%  1185 3253s
 25436  5162   13.64001   42   81   13.68410   13.34957  2.44%  1200 3299s
 26370  5184   13.66027   33  101   13.68410   13.35822  2.38%  1211 3361s
 27298  5237     cutoff   31        13.68410   13.36782  2.31%  1227 3440s
 28344  5262   13.61172   30  228   13.68410   13.37950  2.23%  1239 3504s
 29421  5280   13.67054   46  141   13.68410   13.38748  2.17%  1251 3554s
 30512  5323     cutoff   38        13.68410   13.39659  2.10%  1261 3629s
 31612  5242   13.55998   32  144   13.68410   13.40615  2.03%  1271 3697s
 32957  5255   13.67553   30  395   13.68410   13.41669  1.95%  1286 3769s
 34158  5182     cutoff   32        13.68410   13.43127  1.85%  1296 3826s
 35358  5123   13.56690   37  148   13.68410   13.44255  1.77%  1305 3943s
 36516  4969     cutoff   49        13.68410   13.44941  1.72%  1318 4057s
 37701  4839     cutoff   31        13.68410   13.46521  1.60%  1334 4124s
 39191  4671     cutoff   36        13.68410   13.47810  1.51%  1339 4201s
 40657  4369     cutoff   34        13.68410   13.48950  1.42%  1349 4272s
 41960  4073     cutoff   28        13.68410   13.50048  1.34%  1361 4351s
 43444  3731     cutoff   37        13.68410   13.51390  1.24%  1371 4441s
 45035  3331   13.57712   23  209   13.68410   13.52441  1.17%  1381 4525s
 46827  2784     cutoff   30        13.68410   13.54238  1.04%  1387 4609s
 48611  2103     cutoff   33        13.68410   13.55561  0.94%  1394 4727s
 50543  1129   13.65729   36   68   13.68410   13.57939  0.77%  1400 4872s
 52781    53     cutoff   43        13.68410   13.60537  0.58%  1401 4971s

Cutting planes:
  Learned: 21
  Gomory: 67
  Cover: 194
  Implied bound: 1236
  Projected implied bound: 87
  Clique: 66
  MIR: 644
  StrongCG: 2
  Flow cover: 923
  Inf proof: 1
  Zero half: 12
  RLT: 88
  Relax-and-lift: 159
  BQP: 18
  PSD: 3

Explored 54879 nodes (85053799 simplex iterations) in 4974.77 seconds (11872.39 work units)
Thread count was 32 (of 128 available processors)

Solution count 10: 13.6841 13.6897 13.7071 ... 13.7948

Optimal solution found (tolerance 5.00e-03)
Best objective 1.368410332817e+01, best bound 1.368370921150e+01, gap 0.0029%


*********************************************
*********************************************


Set parameter LogFile to value "/work/07346/ashukla/ls6/Norta_Results/norta_sm_16_24/40M"
Gurobi Optimizer version 10.0.2 build v10.0.2rc0 (linux64)

CPU model: AMD EPYC 7763 64-Core Processor, instruction set [SSE2|AVX|AVX2]
Thread count: 128 physical cores, 128 logical processors, using up to 32 threads

Optimize a model with 211803 rows, 77908 columns and 590120 nonzeros
Model fingerprint: 0x5c04e58e
Variable types: 55968 continuous, 21940 integer (21578 binary)
Coefficient statistics:
  Matrix range     [1e-03, 1e+05]
  Objective range  [6e-02, 6e-02]
  Bounds range     [1e+00, 3e+00]
  RHS range        [1e-02, 4e+07]

MIP start from previous solve produced solution with objective 13.6841 (0.69s)
MIP start from previous solve produced solution with objective 13.6841 (0.69s)
Loaded MIP start from previous solve with objective 13.6841

Presolve removed 176320 rows and 50669 columns
Presolve time: 1.74s
Presolved: 35483 rows, 27239 columns, 128337 nonzeros
Variable types: 23562 continuous, 3677 integer (3613 binary)
Root barrier log...

Ordering time: 0.37s

Barrier statistics:
 Dense cols : 49
 AA' NZ     : 4.416e+05
 Factor NZ  : 3.757e+06 (roughly 50 MB of memory)
 Factor Ops : 1.987e+09 (less than 1 second per iteration)
 Threads    : 32

                  Objective                Residual
Iter       Primal          Dual         Primal    Dual     Compl     Time
   0  -7.26144344e+05 -2.88619481e+05  3.87e+04 1.68e-01  7.62e+02     3s
   1  -4.28698499e+05 -3.15631083e+05  2.24e+04 4.89e-01  4.49e+02     3s
   2  -1.49761099e+05 -3.93129465e+05  6.18e+03 2.50e-13  1.68e+02     3s
   3  -2.07744296e+04 -3.08003898e+05  1.09e+02 5.93e-14  2.65e+01     3s
   4  -7.58375125e+03 -1.58487051e+05  4.07e+01 4.82e-14  9.34e+00     3s
   5  -2.07990253e+03 -9.73585956e+04  1.20e+01 2.12e-14  3.23e+00     3s
   6  -7.06630515e+02 -7.94400278e+04  4.78e+00 1.44e-14  1.85e+00     3s
   7  -6.23658373e+02 -1.87222123e+04  4.51e+01 7.38e-15  5.65e-01     3s
   8   1.20876781e+02 -4.02971328e+03  6.20e-01 1.33e-15  7.08e-02     3s
   9   8.73851413e+01 -4.17000992e+02  3.76e-03 2.00e-15  7.85e-03     3s
  10   3.04083238e+01 -8.91005314e+01  6.39e-04 8.88e-16  1.85e-03     3s
  11   2.12992805e+01 -4.91680991e+01  3.98e-04 4.44e-16  1.09e-03     3s
  12   1.33957705e+01 -1.66681117e+01  2.01e-04 4.44e-16  4.66e-04     3s
  13   1.01863497e+01 -7.35501409e+00  1.29e-04 4.44e-16  2.72e-04     3s
  14   7.27411728e+00 -1.08460529e+00  6.85e-05 4.44e-16  1.30e-04     3s
  15   6.22519534e+00  1.62520334e+00  4.79e-05 4.44e-16  7.14e-05     3s
  16   5.28536959e+00  2.48436829e+00  3.08e-05 4.44e-16  4.35e-05     3s
  17   4.68492187e+00  3.24141892e+00  1.87e-05 4.44e-16  2.24e-05     4s
  18   4.33629378e+00  3.42739812e+00  1.19e-05 4.44e-16  1.41e-05     4s
  19   4.21570878e+00  3.52745055e+00  9.40e-06 4.44e-16  1.07e-05     4s
  20   4.03622340e+00  3.63692199e+00  5.63e-06 4.44e-16  6.21e-06     4s
  21   3.92937717e+00  3.67365729e+00  3.40e-06 4.44e-16  3.98e-06     4s
  22   3.85665562e+00  3.68975374e+00  1.97e-06 2.22e-16  2.59e-06     4s
  23   3.82294853e+00  3.72571715e+00  1.30e-06 4.44e-16  1.51e-06     4s
  24   3.79264649e+00  3.73970629e+00  6.15e-07 4.44e-16  8.23e-07     4s
  25   3.78328452e+00  3.74632448e+00  4.07e-07 2.22e-16  5.74e-07     4s
  26   3.77805732e+00  3.75119136e+00  2.93e-07 4.44e-16  4.17e-07     4s
  27   3.77276818e+00  3.75859265e+00  1.76e-07 4.44e-16  2.20e-07     4s
  28   3.76888035e+00  3.76076359e+00  9.28e-08 4.44e-16  1.26e-07     4s
  29   3.76597420e+00  3.76257416e+00  3.10e-08 2.22e-16  5.28e-08     4s
  30   3.76451407e+00  3.76403469e+00  1.27e-09 4.44e-16  7.42e-09     4s
  31   3.76448836e+00  3.76410432e+00  8.31e-10 4.44e-16  5.94e-09     4s
  32   3.76446442e+00  3.76434316e+00  4.82e-10 2.22e-16  1.88e-09     4s
  33   3.76446374e+00  3.76441175e+00  4.21e-10 2.51e-12  8.04e-10     4s
  34   3.76446346e+00  3.76444859e+00  4.17e-10 5.41e-12  2.30e-10     4s
  35   3.76446226e+00  3.76446128e+00  1.49e-09 7.29e-13  1.51e-11     4s

Barrier solved model in 35 iterations and 3.99 seconds (3.72 work units)
Optimal objective 3.76446226e+00


Root relaxation: objective 3.764462e+00, 4808 iterations, 2.20 seconds (2.12 work units)
Total elapsed time = 8.01s

    Nodes    |    Current Node    |     Objective Bounds      |     Work
 Expl Unexpl |  Obj  Depth IntInf | Incumbent    BestBd   Gap | It/Node Time

     0     0    3.76446    0  308   13.68410    3.76446  72.5%     -    9s
H    0     0                      11.8518158    3.76446  68.2%     -   11s
H    0     0                      11.1081496    4.25182  61.7%     -   30s
H    0     0                       7.3045160    4.25182  41.8%     -   30s
     0     0    4.25182    0  417    7.30452    4.25182  41.8%     -   31s
     0     0    4.28843    0  388    7.30452    4.28843  41.3%     -   38s
H    0     0                       7.2096951    4.35233  39.6%     -   44s
     0     0    4.35233    0  425    7.20970    4.35233  39.6%     -   44s
H    0     0                       7.0581556    4.35233  38.3%     -   46s
     0     0    4.35990    0  409    7.05816    4.35990  38.2%     -   48s
     0     0    4.37357    0  428    7.05816    4.37357  38.0%     -   54s
H    0     0                       6.7616270    4.37357  35.3%     -   58s
     0     0    4.37518    0  434    6.76163    4.37518  35.3%     -   62s
     0     0    4.38257    0  460    6.76163    4.38257  35.2%     -   67s
     0     0    4.38301    0  458    6.76163    4.38301  35.2%     -   68s
     0     0    4.38313    0  457    6.76163    4.38313  35.2%     -   69s
     0     0    4.38313    0  450    6.76163    4.38313  35.2%     -   71s
     0     0    4.38399    0  482    6.76163    4.38399  35.2%     -   74s
     0     0    4.38399    0  411    6.76163    4.38399  35.2%     -   75s
     0     0    4.38400    0  405    6.76163    4.38400  35.2%     -   75s
     0     0    4.38403    0  418    6.76163    4.38403  35.2%     -   78s
     0     0    4.38464    0  484    6.76163    4.38464  35.2%     -   79s
     0     0    4.38482    0  465    6.76163    4.38482  35.2%     -   80s
     0     0    4.38500    0  438    6.76163    4.38500  35.1%     -   81s
     0     0    4.38500    0  438    6.76163    4.38500  35.1%     -   81s
     0     0    4.38500    0  440    6.76163    4.38500  35.1%     -   81s
     0     0    4.38500    0  324    6.76163    4.38500  35.1%     -   89s
     0     2    4.38500    0  324    6.76163    4.38500  35.1%     -   97s
     1     4    4.65329    1  528    6.76163    4.38500  35.1% 13195  108s
     3     8    5.68044    2  539    6.76163    4.38738  35.1%  7052  117s
     7    16    5.80092    3  541    6.76163    4.39259  35.0%  6061  122s
    15    32    5.85144    4  567    6.76163    4.39458  35.0%  4345  128s
H   31    64                       6.7616270    4.39718  35.0%  4257  159s
H   34    64                       6.7502525    4.39718  34.9%  4849  159s
H   51    64                       6.7414553    4.39992  34.7%  5541  159s
    63    96    6.05991    6  519    6.74146    4.39992  34.7%  5347  186s
    95   128    6.10725    6  497    6.74146    4.39992  34.7%  4341  194s
   127   160    6.08918    7  514    6.74146    4.39992  34.7%  3768  207s
H  159   192                       6.7236657    4.39992  34.6%  3569  235s
H  160   192                       6.6313602    4.39992  33.6%  3564  235s
H  164   192                       6.5769728    4.39992  33.1%  3556  235s
H  166   192                       6.5588381    4.39992  32.9%  3534  235s
   191   238    6.13310    8  440    6.55884    4.39992  32.9%  3482  256s
H  237   270                       5.1546084    4.39992  14.6%  3267  411s
H  238   270                       5.1148701    4.39992  14.0%  3255  411s
H  241   270                       5.0042477    4.39992  12.1%  3235  411s
H  245   270                       4.9157200    4.39992  10.5%  3231  411s
   269   244     cutoff   10         4.91572    4.39992  10.5%  3178  460s
   319   261     cutoff   10         4.91572    4.40440  10.4%  2849  476s
   380   313    4.48593    7  348    4.91572    4.42701  9.94%  2729  482s
   450   367    4.50698    9  317    4.91572    4.42701  9.94%  2615  491s
   526   407    4.52794   10  290    4.91572    4.42701  9.94%  2524  501s
   600   441    4.72819   12  279    4.91572    4.42701  9.94%  2503  515s
   676   476    4.58250   12  262    4.91572    4.42701  9.94%  2513  523s
   762   527    4.60944   13  260    4.91572    4.42701  9.94%  2494  534s
   852   602    4.61095   14  219    4.91572    4.42701  9.94%  2474  547s
   963   694    4.65537   20  145    4.91572    4.42701  9.94%  2370  556s
  1112   743    4.75276   25  141    4.91572    4.42701  9.94%  2194  569s
  1260   773    4.76026   27  131    4.91572    4.42701  9.94%  2077  584s
  1335   860    4.90102   26  108    4.91572    4.42701  9.94%  2045  591s
  1484   947    4.80718   32  111    4.91572    4.42701  9.94%  1969  598s
  1676   996    4.82302   41   91    4.91572    4.42701  9.94%  1865  607s
  1844  1072     cutoff   43         4.91572    4.42701  9.94%  1813  622s
  2005  1104    4.87752   51   64    4.91572    4.42701  9.94%  1771  630s
  2178  1146    4.90039   60   52    4.91572    4.46410  9.19%  1736  646s
  2334  1147    4.70198    9  428    4.91572    4.46410  9.19%  1736  658s
  2438  1143    4.74970   10  341    4.91572    4.46410  9.19%  1773  670s
  2519  1165    4.90329   10  395    4.91572    4.46410  9.19%  1824  679s
  2615  1168     cutoff   11         4.91572    4.46410  9.19%  1850  692s
  2747  1176    4.77468   10  415    4.91572    4.46410  9.19%  1863  704s
  2857  1162     cutoff   12         4.91572    4.46410  9.19%  1897  718s
  2972  1153    4.75935   10  391    4.91572    4.46410  9.19%  1935  731s
  3081  1126     cutoff   12         4.91572    4.46410  9.19%  1969  743s
  3182  1171     cutoff   11         4.91572    4.52679  7.91%  2006  755s
  3323  1176    4.71015   11  169    4.91572    4.52679  7.91%  2024  766s
  3478  1160     cutoff   18         4.91572    4.52679  7.91%  2038  844s
  3552  1177     cutoff   18         4.91572    4.52679  7.91%  2070  868s
  3704  1178     cutoff   19         4.91572    4.53888  7.67%  2091  884s
  3882  1202    4.58129   11  298    4.91572    4.53888  7.67%  2108  900s
  4096  1160    4.85053   14  182    4.91572    4.54940  7.45%  2111  914s
  4273  1165    4.78297   13  109    4.91572    4.58129  6.80%  2134  943s
  4489  1188    4.79461   12  183    4.91572    4.72187  3.94%  2142  960s
  4791  1148     cutoff   25         4.91572    4.73525  3.67%  2112  978s
* 4917  1148              63       4.9001050    4.73662  3.34%  2088  978s
  5106  1207     cutoff   14         4.90011    4.73729  3.32%  2085  994s
* 5320  1207              48       4.8954288    4.74241  3.13%  2052  994s
  5517  1184     cutoff   24         4.89543    4.74525  3.07%  2025 1014s
  5875  1083     cutoff   18         4.89543    4.77586  2.44%  2002 1030s
* 6172  1083              28       4.8929819    4.78788  2.15%  1976 1030s
  6281   955     cutoff   20         4.89298    4.79284  2.05%  1973 1057s
* 6420   955              41       4.8605988    4.79636  1.32%  1966 1057s
  6703   645     cutoff   15         4.86060    4.81076  1.03%  1951 1074s
  7149    62    4.84714   20    5    4.86060    4.82851  0.66%  1919 1090s

Cutting planes:
  Learned: 9
  Gomory: 37
  Cover: 211
  Implied bound: 1722
  Clique: 104
  MIR: 632
  StrongCG: 4
  Flow cover: 261
  Zero half: 2
  RLT: 114
  Relax-and-lift: 154
  BQP: 26
  PSD: 12

Explored 7765 nodes (14102297 simplex iterations) in 1090.75 seconds (2462.19 work units)
Thread count was 32 (of 128 available processors)

Solution count 10: 4.8606 4.89298 4.89543 ... 6.57697

Optimal solution found (tolerance 5.00e-03)
Best objective 4.860598750001e+00, best bound 4.852924987980e+00, gap 0.1579%


*********************************************
*********************************************


Set parameter LogFile to value "/work/07346/ashukla/ls6/Norta_Results/norta_sm_16_24/60M"
Gurobi Optimizer version 10.0.2 build v10.0.2rc0 (linux64)

CPU model: AMD EPYC 7763 64-Core Processor, instruction set [SSE2|AVX|AVX2]
Thread count: 128 physical cores, 128 logical processors, using up to 32 threads

Optimize a model with 211803 rows, 77908 columns and 590120 nonzeros
Model fingerprint: 0x26b5f78d
Variable types: 55968 continuous, 21940 integer (21578 binary)
Coefficient statistics:
  Matrix range     [1e-03, 1e+05]
  Objective range  [6e-02, 6e-02]
  Bounds range     [1e+00, 3e+00]
  RHS range        [1e-02, 6e+07]

MIP start from previous solve produced solution with objective 4.8606 (0.70s)
MIP start from previous solve produced solution with objective 4.8606 (0.70s)
Loaded MIP start from previous solve with objective 4.8606

Presolve removed 176320 rows and 50669 columns
Presolve time: 1.71s
Presolved: 35483 rows, 27239 columns, 128337 nonzeros
Variable types: 23562 continuous, 3677 integer (3613 binary)
Root barrier log...

Ordering time: 0.33s

Barrier statistics:
 Dense cols : 49
 AA' NZ     : 4.416e+05
 Factor NZ  : 3.757e+06 (roughly 50 MB of memory)
 Factor Ops : 1.987e+09 (less than 1 second per iteration)
 Threads    : 32

                  Objective                Residual
Iter       Primal          Dual         Primal    Dual     Compl     Time
   0  -7.92277178e+05 -2.88619900e+05  4.21e+04 1.68e-01  8.31e+02     3s
   1  -4.71088038e+05 -3.05198086e+05  2.43e+04 5.14e-01  4.92e+02     3s
   2  -2.80715432e+05 -3.84237493e+05  1.23e+04 1.53e-13  2.99e+02     3s
   3  -3.31588461e+04 -3.14827971e+05  1.74e+02 1.54e-13  3.84e+01     3s
   4  -4.43736702e+03 -1.62649800e+05  2.43e+01 5.15e-14  6.58e+00     3s
   5  -1.25602489e+03 -8.31928078e+04  7.69e+00 4.81e-14  2.29e+00     3s
   6   6.55503985e+01 -4.20674040e+04  6.82e-01 1.98e-14  7.16e-01     3s
   7   1.57461151e+02 -5.33284948e+03  3.84e-02 3.12e-15  8.61e-02     3s
   8   1.01103088e+02 -1.07953101e+03  4.60e-03 1.33e-15  1.83e-02     3s
   9   3.24484631e+01 -1.59739217e+02  1.57e-04 6.66e-16  2.97e-03     3s
  10   1.07893772e+01 -7.56006558e+01  4.04e-05 4.44e-16  1.34e-03     3s
  11   7.66090444e+00 -2.04022108e+01  2.63e-05 4.44e-16  4.34e-04     3s
  12   6.67839772e+00 -1.42278940e+01  2.22e-05 4.44e-16  3.24e-04     3s
  13   4.13810900e+00 -5.67488221e+00  1.26e-05 4.44e-16  1.52e-04     3s
  14   2.55863226e+00 -2.08045582e+00  7.12e-06 4.44e-16  7.18e-05     3s
  15   1.80062629e+00 -7.03251274e-01  4.57e-06 4.44e-16  3.88e-05     3s
  16   1.32625219e+00  5.16629158e-03  2.99e-06 4.44e-16  2.05e-05     3s
  17   6.83835161e-01  2.20926702e-01  9.00e-07 4.44e-16  7.17e-06     3s
  18   6.18374087e-01  3.00212185e-01  6.90e-07 4.44e-16  4.93e-06     3s
  19   5.62190010e-01  3.40408535e-01  5.14e-07 4.44e-16  3.43e-06     3s
  20   4.95571622e-01  3.57100262e-01  3.01e-07 4.44e-16  2.14e-06     3s
  21   4.82517742e-01  3.69734106e-01  2.59e-07 4.44e-16  1.75e-06     3s
  22   4.39340522e-01  3.81696755e-01  1.21e-07 4.44e-16  8.92e-07     4s
  23   4.29194588e-01  3.88432404e-01  9.34e-08 2.22e-16  6.31e-07     4s
  24   4.25978167e-01  3.90073612e-01  8.27e-08 4.44e-16  5.56e-07     4s
  25   4.17176519e-01  3.94990652e-01  5.36e-08 4.44e-16  3.44e-07     4s
  26   4.11396123e-01  3.96162687e-01  3.49e-08 2.22e-16  2.36e-07     4s
  27   4.06551343e-01  3.98041386e-01  1.87e-08 4.44e-16  1.32e-07     4s
  28   4.03449959e-01  3.99269739e-01  9.70e-09 4.44e-16  6.47e-08     4s
  29   4.02715019e-01  3.99841064e-01  7.03e-09 4.44e-16  4.45e-08     4s
  30   4.01885591e-01  4.00094904e-01  4.15e-09 2.22e-16  2.77e-08     4s
  31   4.01217856e-01  4.00507644e-01  1.74e-09 4.44e-16  1.10e-08     4s
  32   4.01093535e-01  4.00612984e-01  1.31e-09 5.34e-14  7.44e-09     4s
  33   4.00851000e-01  4.00652639e-01  4.91e-10 1.05e-13  3.07e-09     4s
  34   4.00755390e-01  4.00686323e-01  5.02e-10 7.82e-14  1.07e-09     4s
  35   4.00726171e-01  4.00702925e-01  2.22e-10 7.94e-14  3.60e-10     4s
  36   4.00713780e-01  4.00712288e-01  2.00e-10 2.65e-14  2.31e-11     4s
  37   4.00712502e-01  4.00712352e-01  1.02e-08 1.36e-14  2.32e-12     4s

Barrier solved model in 37 iterations and 3.89 seconds (3.75 work units)
Optimal objective 4.00712502e-01

Extra simplex iterations after uncrush: 4

Root relaxation: objective 4.007124e-01, 4355 iterations, 2.43 seconds (2.51 work units)
Total elapsed time = 7.99s

    Nodes    |    Current Node    |     Objective Bounds      |     Work
 Expl Unexpl |  Obj  Depth IntInf | Incumbent    BestBd   Gap | It/Node Time

     0     0    0.40071    0  188    4.86060    0.40071  91.8%     -    9s
H    0     0                       3.4142735    0.40071  88.3%     -   11s
H    0     0                       3.4142735    0.46673  86.3%     -   27s
H    0     0                       2.2018448    0.46673  78.8%     -   27s
     0     0    0.46673    0  259    2.20184    0.46673  78.8%     -   27s
H    0     0                       2.1637508    0.46673  78.4%     -   29s
     0     0    0.46736    0  311    2.16375    0.46736  78.4%     -   31s
     0     0    0.46923    0  297    2.16375    0.46923  78.3%     -   33s
H    0     0                       2.1504448    0.46923  78.2%     -   35s
H    0     0                       2.0931486    0.47253  77.4%     -   37s
     0     0    0.47253    0  274    2.09315    0.47253  77.4%     -   37s
H    0     0                       1.7906272    0.47324  73.6%     -   41s
     0     0    0.47324    0  288    1.79063    0.47324  73.6%     -   41s
     0     0    0.47330    0  287    1.79063    0.47330  73.6%     -   44s
     0     0    0.47330    0  279    1.79063    0.47330  73.6%     -   45s
     0     0    0.47374    0  280    1.79063    0.47374  73.5%     -   47s
     0     0    0.47374    0  280    1.79063    0.47374  73.5%     -   48s
     0     0    0.47374    0  280    1.79063    0.47374  73.5%     -   50s
     0     0    0.47374    0  280    1.79063    0.47374  73.5%     -   50s
     0     0    0.47374    0  217    1.79063    0.47374  73.5%     -   54s
     0     0    0.47374    0  217    1.79063    0.47374  73.5%     -   55s
     0     0    0.47374    0  216    1.79063    0.47374  73.5%     -   56s
     0     0    0.47374    0  216    1.79063    0.47374  73.5%     -   57s
     0     0    0.47374    0  216    1.79063    0.47374  73.5%     -   59s
     0     0    0.47374    0  216    1.79063    0.47374  73.5%     -   61s
     0     2    0.47374    0  216    1.79063    0.47374  73.5%     -   70s
     1     4    0.79769    1  185    1.79063    0.47374  73.5%  6604   76s
     3     8    0.81377    2  176    1.79063    0.47470  73.5%  4042   80s
     7    16    0.86196    3  183    1.79063    0.47584  73.4%  4158   89s
    15    32    1.09568    4  129    1.79063    0.47721  73.3%  3855   95s
    31    64    1.29103    5  208    1.79063    0.47996  73.2%  3802  116s
H   32    64                       1.7906272    0.47996  73.2%  3683  116s
H   37    64                       1.7906271    0.47996  73.2%  4061  116s
H   39    64                       1.2772370    0.47996  62.4%  3969  116s
H   47    64                       0.9176043    0.47996  47.7%  3689  116s
H   48    64                       0.6448090    0.49681  23.0%  3783  116s
    63    12     cutoff    6         0.64481    0.49681  23.0%  3736  128s
   123    11    0.49970    7  199    0.64481    0.49728  22.9%  1959  134s
   135    15     cutoff    8         0.64481    0.49970  22.5%  2068  139s
   146    17    0.50955    9  236    0.64481    0.50756  21.3%  2048  144s
   161    25    0.51008   10  229    0.64481    0.50955  21.0%  2042  147s
   180    33    0.59256   11  214    0.64481    0.51008  20.9%  1971  154s
   207    37     cutoff   12         0.64481    0.51036  20.9%  1926  159s
   243    54    0.51203   13  248    0.64481    0.51203  20.6%  1890  164s
*  270    54              17       0.6313994    0.51203  18.9%  1824  164s
H  284    63                       0.6313994    0.51203  18.9%  1811  170s
H  292    63                       0.6313994    0.51203  18.9%  1797  170s
H  293    63                       0.6313993    0.51203  18.9%  1799  170s
   360    82    0.51379   14  249    0.63140    0.51379  18.6%  1716  182s
H  368    82                       0.6068400    0.51379  15.3%  1743  182s
   411    48    0.52305   15  229    0.60684    0.52221  13.9%  1693  190s
   466    47     cutoff   15         0.60684    0.52277  13.9%  1645  196s
   512    42    0.54556   18  153    0.60684    0.54179  10.7%  1644  201s
   565    47     cutoff   19         0.60684    0.54385  10.4%  1632  207s
   625    40    0.58631   24  128    0.60684    0.54487  10.2%  1592  211s
   728    75    0.54895   28  159    0.60684    0.54740  9.79%  1519  219s
   807    84    0.54927   29  118    0.60684    0.54895  9.54%  1446  223s
   908    51    0.59726   32   85    0.60684    0.54895  9.54%  1345  225s
  1069    25    0.56671   38  149    0.60684    0.55751  8.13%  1238  232s
  1112    25    0.60161   39  150    0.60684    0.55751  8.13%  1214  237s
  1201     0     cutoff   52         0.60684    0.59507  1.94%  1154  240s

Cutting planes:
  Learned: 1
  Gomory: 25
  Cover: 183
  Implied bound: 1312
  Clique: 45
  MIR: 265
  StrongCG: 4
  Flow cover: 116
  Zero half: 6
  RLT: 36
  Relax-and-lift: 86
  BQP: 6
  PSD: 1

Explored 1213 nodes (1431882 simplex iterations) in 240.14 seconds (485.81 work units)
Thread count was 32 (of 128 available processors)

Solution count 10: 0.60684 0.631399 0.631399 ... 2.09315

Optimal solution found (tolerance 5.00e-03)
Best objective 6.068400000004e-01, best bound 6.068400000004e-01, gap 0.0000%


*********************************************
*********************************************


Set parameter LogFile to value "/work/07346/ashukla/ls6/Norta_Results/norta_sm_16_24/80M"
Gurobi Optimizer version 10.0.2 build v10.0.2rc0 (linux64)

CPU model: AMD EPYC 7763 64-Core Processor, instruction set [SSE2|AVX|AVX2]
Thread count: 128 physical cores, 128 logical processors, using up to 32 threads

Optimize a model with 211803 rows, 77908 columns and 590120 nonzeros
Model fingerprint: 0xe13e4f0c
Variable types: 55968 continuous, 21940 integer (21578 binary)
Coefficient statistics:
  Matrix range     [1e-03, 1e+05]
  Objective range  [6e-02, 6e-02]
  Bounds range     [1e+00, 3e+00]
  RHS range        [1e-02, 8e+07]

MIP start from previous solve produced solution with objective 0.60684 (0.75s)
MIP start from previous solve produced solution with objective 0.60684 (0.76s)
Loaded MIP start from previous solve with objective 0.60684

Presolve removed 179096 rows and 51163 columns
Presolve time: 1.96s
Presolved: 32707 rows, 26745 columns, 120404 nonzeros
Variable types: 23192 continuous, 3553 integer (3492 binary)
Root barrier log...

Ordering time: 0.30s

Barrier statistics:
 Dense cols : 44
 AA' NZ     : 3.720e+05
 Factor NZ  : 3.165e+06 (roughly 50 MB of memory)
 Factor Ops : 1.479e+09 (less than 1 second per iteration)
 Threads    : 32

                  Objective                Residual
Iter       Primal          Dual         Primal    Dual     Compl     Time
   0  -5.45322447e+04 -2.52147887e+05  2.78e+02 1.68e-01  6.06e+01     3s
   1  -1.77005468e+04 -2.03463491e+05  9.12e+01 4.24e-01  2.11e+01     3s
   2  -3.80781260e+02 -9.51725693e+04  3.07e+00 3.11e-14  2.03e+00     3s
   3   5.47580591e+01 -2.92635054e+04  7.59e-01 8.19e-15  5.44e-01     3s
   4   1.51199978e+02 -3.85766943e+03  7.20e-02 2.44e-15  6.84e-02     3s
   5   1.04052476e+02 -1.08081377e+03  9.83e-03 1.11e-15  1.97e-02     3s
   6   5.19057929e+01 -4.46114766e+02  3.34e-03 6.66e-16  8.25e-03     3s
   7   2.77383026e+01 -1.69112301e+02  1.25e-03 4.44e-16  3.26e-03     3s
   8   8.00815388e+00 -6.00521137e+01  1.06e-04 4.44e-16  1.12e-03     3s
   9   1.61759236e+00 -1.14167320e+01  5.28e-06 4.44e-16  2.15e-04     3s
  10   3.68945432e-01 -2.39657127e+00  6.37e-07 4.44e-16  4.56e-05     4s
  11   1.12755595e-01 -6.98396270e-01  1.78e-07 4.44e-16  1.34e-05     4s
  12   2.37064929e-02 -8.95740466e-02  3.04e-08 4.44e-16  1.87e-06     4s
  13   2.75608639e-03 -1.26886603e-02  3.44e-09 4.44e-16  2.55e-07     4s
  14   1.85313954e-04 -3.89398468e-04  2.17e-10 4.44e-16  9.48e-09     4s
  15   2.20107722e-07 -2.97274823e-07  1.33e-11 4.44e-16  8.54e-12     4s

Barrier solved model in 15 iterations and 3.62 seconds (3.23 work units)
Optimal objective 2.20107722e-07


Restart crossover...


Root relaxation: objective 1.023182e-12, 6047 iterations, 2.07 seconds (2.31 work units)
Total elapsed time = 11.86s

    Nodes    |    Current Node    |     Objective Bounds      |     Work
 Expl Unexpl |  Obj  Depth IntInf | Incumbent    BestBd   Gap | It/Node Time

     0     0    0.00000    0   17    0.60684    0.00000   100%     -   14s
     0     0    0.00000    0   34    0.60684    0.00000   100%     -   21s
H    0     0                       0.4343745    0.00000   100%     -   24s
     0     0    0.00000    0   29    0.43437    0.00000   100%     -   24s
     0     0    0.00000    0   11    0.43437    0.00000   100%     -   27s
H    0     0                       0.3741013    0.00000   100%     -   28s
     0     0    0.00000    0   11    0.37410    0.00000   100%     -   28s
     0     0    0.00000    0   11    0.37410    0.00000   100%     -   29s
     0     0    0.00000    0   11    0.37410    0.00000   100%     -   30s
     0     0    0.00000    0   11    0.37410    0.00000   100%     -   32s
     0     0    0.00000    0   11    0.37410    0.00000   100%     -   33s
     0     0    0.00000    0   11    0.37410    0.00000   100%     -   35s
     0     0    0.00000    0   11    0.37410    0.00000   100%     -   35s
     0     0    0.00000    0   11    0.37410    0.00000   100%     -   37s
     0     0    0.00000    0   11    0.37410    0.00000   100%     -   37s
     0     0    0.00000    0   11    0.37410    0.00000   100%     -   39s
     0     0    0.00000    0   11    0.37410    0.00000   100%     -   41s
     0     2    0.00000    0   11    0.37410    0.00000   100%     -   44s
     1     4    0.00071    1   72    0.37410    0.00000   100% 17912   58s
     3     6     cutoff    2         0.37410    0.00000   100% 15420   87s
H    7    10                       0.1964934    0.00000   100%  8565   91s
H    8    10                       0.1781770    0.00000   100%  7706   91s
H    9    10                       0.1042783    0.00000   100%  7131   91s
    13    15    0.00000    4   11    0.10428    0.00000   100%  5965   99s
    23    24    0.00002    5   31    0.10428    0.00000   100%  4905  110s
    38    37    0.00089    6   63    0.10428    0.00000   100%  3815  119s
H   40    37                       0.0436500    0.00000   100%  3727  119s
H   44    37                       0.0000000    0.00000  0.00%  3585  119s

Cutting planes:
  Cover: 33
  Implied bound: 520
  Clique: 12
  MIR: 136
  Flow cover: 11
  RLT: 6
  Relax-and-lift: 9

Explored 62 nodes (247029 simplex iterations) in 119.72 seconds (271.35 work units)
Thread count was 32 (of 128 available processors)

Solution count 8: 5.68434e-13 0.04365 0.104278 ... 0.60684

Optimal solution found (tolerance 5.00e-03)
Best objective 5.684341886081e-13, best bound 5.684341886081e-13, gap 0.0000%


*********************************************
*********************************************


